[44:44:1018/203801.635681:VERBOSE1:breakpad_linux.cc(1980)] Breakpad disabled
[44:56:1018/203802.277765:ERROR:bus.cc(395)] Failed to connect to the bus: Failed to connect to socket /var/run/dbus/system_bus_socket: No such file or directory
[44:44:1018/203802.299392:VERBOSE1:pref_proxy_config_tracker_impl.cc(154)] 0x2d4b39454580: set chrome proxy config service to 0x2d4b3952dd80
[44:44:1018/203802.317767:VERBOSE1:pulse_stubs.cc(683)] dlopen(libpulse.so.0) failed, dlerror() says:
libpulse.so.0: cannot open shared object file: No such file or directory
[44:44:1018/203802.317818:VERBOSE1:pulse_util.cc(106)] Failed on loading the Pulse library and symbols
[44:44:1018/203802.359893:VERBOSE1:mutable_profile_oauth2_token_service_delegate.cc(162)] MutablePO2TS::MutablePO2TS
[44:44:1018/203802.359990:VERBOSE1:device_event_log_impl.cc(158)] [20:38:02.359] Bluetooth: EVENT: bluetooth_api.cc:68 BluetoothAPI: 0x2d4b3955b400
[44:44:1018/203802.374974:VERBOSE1:bluetooth_low_energy_event_router.cc(248)] Initializing BluetoothLowEnergyEventRouter.
[44:44:1018/203802.438244:VERBOSE1:pref_proxy_config_tracker_impl.cc(154)] 0x2d4b396cc000: set chrome proxy config service to 0x2d4b395aa180
[44:44:1018/203802.442125:VERBOSE1:extension_service.cc(1403)] AddComponentExtension Cloud Print
[44:44:1018/203802.442140:VERBOSE1:extension_service.cc(1405)] Component extension Cloud Print (mfehgcgbbipciphmccgaenjidiccnmng) installing/upgrading from '' to 0.1
[44:44:1018/203802.442546:VERBOSE1:extension_service.cc(1403)] AddComponentExtension Web Store
[44:44:1018/203802.442559:VERBOSE1:extension_service.cc(1405)] Component extension Web Store (ahfgeienlihckogmohjhadlkjgocpleb) installing/upgrading from '' to 0.2
[44:44:1018/203802.442964:VERBOSE1:extension_service.cc(1403)] AddComponentExtension Chromium PDF Viewer
[44:44:1018/203802.442977:VERBOSE1:extension_service.cc(1405)] Component extension Chromium PDF Viewer (mhjfbmdgcfjbbpaeojofohoefgiehjai) installing/upgrading from '' to 1
[44:44:1018/203802.444450:VERBOSE1:account_reconcilor.cc(88)] AccountReconcilor::AccountReconcilor
[44:44:1018/203802.444464:VERBOSE1:account_reconcilor.cc(99)] AccountReconcilor::Initialize
[44:44:1018/203802.461782:VERBOSE1:file_type_policies_component_installer.cc(129)] Registering File Type Policies component.
[44:61:1018/203802.473729:VERBOSE1:component_installer.cc(244)] StartRegistration for Signed Tree Heads
[44:61:1018/203802.473910:VERBOSE1:component_installer.cc(244)] StartRegistration for Origin Trials
[44:61:1018/203802.474569:VERBOSE1:component_installer.cc(244)] StartRegistration for SSL Error Assistant
[44:63:1018/203802.473943:VERBOSE1:component_installer.cc(244)] StartRegistration for File Type Policies
[44:44:1018/203802.540763:WARNING:password_store_factory.cc(241)] Using basic (unencrypted) store for password storage. See https://chromium.googlesource.com/chromium/src/+/master/docs/linux_password_storage.md for more information about password storage options.
[44:44:1018/203802.616898:VERBOSE1:bluez_dbus_manager.cc(172)] Bluetooth not supported.
[44:44:1018/203802.620341:VERBOSE1:component_updater_service.cc(91)] CrxUpdateService starting up. First update attempt will take place in 360 seconds. Next update attempt will take place in 18000 seconds. 
[44:44:1018/203802.620383:VERBOSE1:component_installer.cc(378)] FinishRegistration for Signed Tree Heads
[44:44:1018/203802.620409:VERBOSE1:component_installer.cc(378)] FinishRegistration for Origin Trials
[44:44:1018/203802.620430:VERBOSE1:component_installer.cc(378)] FinishRegistration for SSL Error Assistant
[44:44:1018/203802.620446:VERBOSE1:component_installer.cc(378)] FinishRegistration for File Type Policies
[44:85:1018/203802.714545:WARNING:histograms.cc(40)] Started multiple compositor clients (Browser, Renderer) in one process. Some metrics will be disabled.
[44:74:1018/203802.820233:VERBOSE1:multi_log_ct_verifier.cc(75)] Adding CT log: Google 'Aviator' log
[44:74:1018/203802.820268:VERBOSE1:multi_log_ct_verifier.cc(75)] Adding CT log: Google 'Icarus' log
[44:74:1018/203802.820282:VERBOSE1:multi_log_ct_verifier.cc(75)] Adding CT log: Google 'Pilot' log
[44:74:1018/203802.820310:VERBOSE1:multi_log_ct_verifier.cc(75)] Adding CT log: Google 'Rocketeer' log
[44:74:1018/203802.820323:VERBOSE1:multi_log_ct_verifier.cc(75)] Adding CT log: Google 'Skydiver' log
[44:74:1018/203802.820335:VERBOSE1:multi_log_ct_verifier.cc(75)] Adding CT log: DigiCert Log Server
[44:74:1018/203802.820347:VERBOSE1:multi_log_ct_verifier.cc(75)] Adding CT log: DigiCert Log Server 2
[44:74:1018/203802.820361:VERBOSE1:multi_log_ct_verifier.cc(75)] Adding CT log: Symantec log
[44:74:1018/203802.820369:VERBOSE1:multi_log_ct_verifier.cc(75)] Adding CT log: Symantec 'Vega' log
[44:74:1018/203802.820377:VERBOSE1:multi_log_ct_verifier.cc(75)] Adding CT log: Symantec 'Sirius' log
[44:74:1018/203802.820383:VERBOSE1:multi_log_ct_verifier.cc(75)] Adding CT log: WoSign log
[44:74:1018/203802.820390:VERBOSE1:multi_log_ct_verifier.cc(75)] Adding CT log: Venafi Gen2 CT log
[44:74:1018/203802.820397:VERBOSE1:multi_log_ct_verifier.cc(75)] Adding CT log: CNNIC CT log
[44:74:1018/203802.820405:VERBOSE1:multi_log_ct_verifier.cc(75)] Adding CT log: StartCom log
[44:74:1018/203802.820412:VERBOSE1:multi_log_ct_verifier.cc(75)] Adding CT log: Comodo 'Sabre' CT log
[44:74:1018/203802.820419:VERBOSE1:multi_log_ct_verifier.cc(75)] Adding CT log: Comodo 'Mammoth' CT log
[44:74:1018/203802.820426:VERBOSE1:multi_log_ct_verifier.cc(75)] Adding CT log: Izenpe log
[44:74:1018/203802.820433:VERBOSE1:multi_log_ct_verifier.cc(75)] Adding CT log: Venafi log
[44:74:1018/203802.820440:VERBOSE1:multi_log_ct_verifier.cc(75)] Adding CT log: Certly.IO log
[44:74:1018/203802.820451:ERROR:io_thread.cc(730)] Cannot use V8 Proxy resolver in single process mode.
[44:74:1018/203802.820567:VERBOSE1:proxy_service.cc(958)] PAC support disabled because there is no system implementation
[44:74:1018/203802.824756:ERROR:io_thread.cc(730)] Cannot use V8 Proxy resolver in single process mode.
[44:74:1018/203802.824783:VERBOSE1:multi_log_ct_verifier.cc(75)] Adding CT log: Google 'Aviator' log
[44:74:1018/203802.824798:VERBOSE1:multi_log_ct_verifier.cc(75)] Adding CT log: Google 'Icarus' log
[44:74:1018/203802.824811:VERBOSE1:multi_log_ct_verifier.cc(75)] Adding CT log: Google 'Pilot' log
[44:74:1018/203802.824824:VERBOSE1:multi_log_ct_verifier.cc(75)] Adding CT log: Google 'Rocketeer' log
[44:74:1018/203802.824835:VERBOSE1:multi_log_ct_verifier.cc(75)] Adding CT log: Google 'Skydiver' log
[44:74:1018/203802.824848:VERBOSE1:multi_log_ct_verifier.cc(75)] Adding CT log: DigiCert Log Server
[44:74:1018/203802.824861:VERBOSE1:multi_log_ct_verifier.cc(75)] Adding CT log: DigiCert Log Server 2
[44:74:1018/203802.824893:VERBOSE1:multi_log_ct_verifier.cc(75)] Adding CT log: Symantec log
[44:74:1018/203802.824910:VERBOSE1:multi_log_ct_verifier.cc(75)] Adding CT log: Symantec 'Vega' log
[44:74:1018/203802.824922:VERBOSE1:multi_log_ct_verifier.cc(75)] Adding CT log: Symantec 'Sirius' log
[44:74:1018/203802.824933:VERBOSE1:multi_log_ct_verifier.cc(75)] Adding CT log: WoSign log
[44:74:1018/203802.824945:VERBOSE1:multi_log_ct_verifier.cc(75)] Adding CT log: Venafi Gen2 CT log
[44:74:1018/203802.824958:VERBOSE1:multi_log_ct_verifier.cc(75)] Adding CT log: CNNIC CT log
[44:74:1018/203802.824970:VERBOSE1:multi_log_ct_verifier.cc(75)] Adding CT log: StartCom log
[44:74:1018/203802.824981:VERBOSE1:multi_log_ct_verifier.cc(75)] Adding CT log: Comodo 'Sabre' CT log
[44:74:1018/203802.824993:VERBOSE1:multi_log_ct_verifier.cc(75)] Adding CT log: Comodo 'Mammoth' CT log
[44:74:1018/203802.825004:VERBOSE1:multi_log_ct_verifier.cc(75)] Adding CT log: Izenpe log
[44:74:1018/203802.825015:VERBOSE1:multi_log_ct_verifier.cc(75)] Adding CT log: Venafi log
[44:74:1018/203802.825027:VERBOSE1:multi_log_ct_verifier.cc(75)] Adding CT log: Certly.IO log
[44:74:1018/203802.825161:VERBOSE1:proxy_service.cc(958)] PAC support disabled because there is no system implementation
[44:74:1018/203802.835063:VERBOSE1:network_delegate.cc(30)] NetworkDelegate::NotifyBeforeURLRequest: https://www.gstatic.com/chrome/intelligence/assist/ranker/models/translate/2017/03/translate_ranker_model_20170329.pb.bin
[44:74:1018/203802.835098:VERBOSE1:network_delegate.cc(30)] NetworkDelegate::NotifyBeforeURLRequest: https://www.gstatic.com/chrome/intelligence/assist/ranker/models/translate/2017/03/translate_ranker_model_20170329.pb.bin
[44:74:1018/203802.920125:VERBOSE1:network_delegate.cc(30)] NetworkDelegate::NotifyBeforeURLRequest: chrome-extension://aapnijgdinlhnhlmodcfapnahmbfebeb/_generated_background_page.html
[44:74:1018/203802.920146:VERBOSE1:network_delegate.cc(30)] NetworkDelegate::NotifyBeforeURLRequest: chrome-extension://aapnijgdinlhnhlmodcfapnahmbfebeb/_generated_background_page.html
[44:74:1018/203802.920156:VERBOSE1:network_delegate.cc(30)] NetworkDelegate::NotifyBeforeURLRequest: chrome-extension://aapnijgdinlhnhlmodcfapnahmbfebeb/_generated_background_page.html
[44:85:1018/203802.956333:VERBOSE1:LocalWindowProxy.cpp(236)] A context is created NOT from snapshot
[44:85:1018/203802.957279:VERBOSE1:script_context.cc(111)] Created context:
  extension id:           (none)
  frame:                  0x249790181d18
  URL:                    
  context_type:           WEB_PAGE
  effective extension id: (none)
  effective context type: WEB_PAGE
[44:85:1018/203802.958714:VERBOSE1:script_context.cc(111)] Created context:
  extension id:           (none)
  frame:                  (nil)
  URL:                    
  context_type:           UNSPECIFIED
  effective extension id: (none)
  effective context type: UNSPECIFIED
[44:85:1018/203802.960386:VERBOSE1:dispatcher.cc(366)] Num tracked contexts: 1
[44:85:1018/203802.981389:VERBOSE1:LocalWindowProxy.cpp(236)] A context is created NOT from snapshot
[44:85:1018/203802.981692:VERBOSE1:script_context.cc(111)] Created context:
  extension id:           aapnijgdinlhnhlmodcfapnahmbfebeb
  frame:                  0x24979018e920
  URL:                    
  context_type:           BLESSED_EXTENSION
  effective extension id: aapnijgdinlhnhlmodcfapnahmbfebeb
  effective context type: BLESSED_EXTENSION
[44:85:1018/203802.981774:VERBOSE1:script_context.cc(111)] Created context:
  extension id:           (none)
  frame:                  (nil)
  URL:                    
  context_type:           UNSPECIFIED
  effective extension id: (none)
  effective context type: UNSPECIFIED
[44:74:1018/203802.994158:VERBOSE1:network_delegate.cc(30)] NetworkDelegate::NotifyBeforeURLRequest: chrome-extension://aapnijgdinlhnhlmodcfapnahmbfebeb/background.js
[44:74:1018/203802.994201:VERBOSE1:network_delegate.cc(30)] NetworkDelegate::NotifyBeforeURLRequest: chrome-extension://aapnijgdinlhnhlmodcfapnahmbfebeb/background.js
[44:74:1018/203802.994219:VERBOSE1:network_delegate.cc(30)] NetworkDelegate::NotifyBeforeURLRequest: chrome-extension://aapnijgdinlhnhlmodcfapnahmbfebeb/background.js
[44:85:1018/203803.024133:VERBOSE1:dispatcher.cc(366)] Num tracked contexts: 2
[44:85:1018/203803.024822:VERBOSE1:language_detection_util.cc(234)] Detected language: und
[44:85:1018/203803.535332:VERBOSE1:dispatcher.cc(498)] Num tracked contexts: 1
[44:85:1018/203803.538542:VERBOSE1:LocalWindowProxy.cpp(236)] A context is created NOT from snapshot
[44:85:1018/203803.538902:VERBOSE1:script_context.cc(111)] Created context:
  extension id:           (none)
  frame:                  0x249790181d18
  URL:                    
  context_type:           WEB_PAGE
  effective extension id: (none)
  effective context type: WEB_PAGE
[44:85:1018/203803.538999:VERBOSE1:script_context.cc(111)] Created context:
  extension id:           (none)
  frame:                  (nil)
  URL:                    
  context_type:           UNSPECIFIED
  effective extension id: (none)
  effective context type: UNSPECIFIED
[44:85:1018/203803.539820:VERBOSE1:dispatcher.cc(366)] Num tracked contexts: 2
[44:85:1018/203803.541305:VERBOSE1:script_context.cc(120)] Destroyed context for extension
  extension id: 
  effective extension id: 
[44:85:1018/203803.541340:VERBOSE1:script_context.cc(120)] Destroyed context for extension
  extension id: 
  effective extension id: 
[44:85:1018/203803.543263:VERBOSE1:language_detection_util.cc(234)] Detected language: und
