[0.767][INFO]: COMMAND InitSession {
   "desiredCapabilities": {
      "browserName": "chrome",
      "chromeOptions": {
         "args": [ "--disable-gpu", "--single-process", "--no-sandbox", "--data-path=/tmp/data-path", "--homedir=/tmp/homedir", "--disk-cache-dir=/tmp", "--disk-cache-size=1", "--media-cache-size=1", "--allow-file-access-from-files", "--enable-logging", "--v=1", "--disable-web-security", "--disable-extensions", "--ignore-certificate-errors", "--disable-ntp-most-likely-favicons-from-server", "--disable-ntp-popular-sites", "--window-size=1366,1024", "--disable-infobars", "--disable-dev-shm-usage", "..." ],
         "binary": "/tmp/chrome-lambda/chrome",
         "prefs": {
            "credentials_enable_service": false,
            "profile": {
               "password_manager_enabled": false
            }
         }
      },
      "count": 1
   }
}
[0.768][INFO]: Populating Preferences file: {
   "alternate_error_pages": {
      "enabled": false
   },
   "autofill": {
      "enabled": false
   },
   "browser": {
      "check_default_browser": false
   },
   "credentials_enable_service": false,
   "distribution": {
      "import_bookmarks": false,
      "import_history": false,
      "import_search_engine": false,
      "make_chrome_default_for_user": false,
      "show_welcome_page": false,
      "skip_first_run_ui": true
   },
   "dns_prefetching": {
      "enabled": false
   },
   "profile": {
      "password_manager_enabled": false
   },
   "safebrowsing": {
      "enabled": false
   },
   "search": {
      "suggest_enabled": false
   },
   "translate": {
      "enabled": false
   }
}
[0.768][INFO]: Populating Local State file: {
   "background_mode": {
      "enabled": false
   },
   "ssl": {
      "rev_checking": {
         "enabled": false
      }
   }
}
[0.768][INFO]: Launching chrome: /tmp/chrome-lambda/chrome --allow-file-access-from-files --data-path=/tmp/data-path --disable-background-networking --disable-browser-side-navigation --disable-client-side-phishing-detection --disable-default-apps --disable-dev-shm-usage --disable-extensions --disable-extensions-except=/tmp/.org.chromium.Chromium.4fxfb7/internal --disable-gpu --disable-hang-monitor --disable-infobars --disable-ntp-most-likely-favicons-from-server --disable-ntp-popular-sites --disable-popup-blocking --disable-prompt-on-repost --disable-sync --disable-web-resources --disable-web-security --disk-cache-dir=/tmp --disk-cache-size=1 --enable-automation --enable-logging --enable-precise-memory-info --force-fieldtrials=SiteIsolationExtensions/Control --homedir=/tmp/homedir --ignore-certificate-errors --log-level=0 --media-cache-size=1 --metrics-recording-only --no-first-run --no-sandbox --password-store=basic --remote-debugging-port=12156 --safebrowsing-disable-auto-update --single-process --test-type=webdriver --use-mock-keychain --user-data-dir=/tmp/.org.chromium.Chromium.XkEvCr --v=1 --window-size=1366,1024 data:,
[0.777][DEBUG]: DevTools request: http://localhost:12156/json/version
prctl(PR_SET_NO_NEW_PRIVS) failed
Xlib:  extension "RANDR" missing on display ":99".
[44:56:1018/203802.277765:ERROR:bus.cc(395)] Failed to connect to the bus: Failed to connect to socket /var/run/dbus/system_bus_socket: No such file or directory
Xlib:  extension "RANDR" missing on display ":99".

DevTools listening on ws://127.0.0.1:12156/devtools/browser/83f36720-073a-4c94-af9c-5cee9feeb675
[1.923][SEVERE]: CreatePlatformSocket() returned an error, errno=1: Operation not permitted (1)
[1.939][DEBUG]: DevTools response: {
   "Browser": "Chrome/63.0.3239.84",
   "Protocol-Version": "1.2",
   "User-Agent": "Mozilla/5.0 (X11; Linux x86_64) AppleWebKit/537.36 (KHTML, like Gecko) Chrome/63.0.3239.84 Safari/537.36",
   "V8-Version": "6.3.292.46",
   "WebKit-Version": "537.36 (@0f53a5abc7a405fbe9f1cfd3db38f2092c8a7816)",
   "webSocketDebuggerUrl": "ws://localhost:12156/devtools/browser/83f36720-073a-4c94-af9c-5cee9feeb675"
}

[1.945][DEBUG]: DevTools request: http://localhost:12156/json
[1.958][DEBUG]: DevTools response: [ {
   "description": "",
   "devtoolsFrontendUrl": "/devtools/inspector.html?ws=localhost:12156/devtools/page/(3543B1B5C694F499604A135A231AC6D7)",
   "id": "(3543B1B5C694F499604A135A231AC6D7)",
   "title": "",
   "type": "page",
   "url": "data:,",
   "webSocketDebuggerUrl": "ws://localhost:12156/devtools/page/(3543B1B5C694F499604A135A231AC6D7)"
} ]

[1.958][DEBUG]: DevTools request: http://localhost:12156/json
[1.959][DEBUG]: DevTools response: [ {
   "description": "",
   "devtoolsFrontendUrl": "/devtools/inspector.html?ws=localhost:12156/devtools/page/(3543B1B5C694F499604A135A231AC6D7)",
   "id": "(3543B1B5C694F499604A135A231AC6D7)",
   "title": "",
   "type": "page",
   "url": "data:,",
   "webSocketDebuggerUrl": "ws://localhost:12156/devtools/page/(3543B1B5C694F499604A135A231AC6D7)"
} ]

[1.959][INFO]: resolved localhost to ["127.0.0.1"]
[1.960][DEBUG]: DEVTOOLS COMMAND Log.enable (id=1) {

}
[1.960][DEBUG]: DEVTOOLS COMMAND DOM.getDocument (id=2) {

}
[1.960][DEBUG]: DEVTOOLS COMMAND Runtime.enable (id=3) {

}
[1.960][DEBUG]: DEVTOOLS COMMAND Page.enable (id=4) {

}
[1.960][DEBUG]: DEVTOOLS COMMAND Page.enable (id=5) {

}
[44:74:1018/203802.820451:ERROR:io_thread.cc(730)] Cannot use V8 Proxy resolver in single process mode.
[44:74:1018/203802.824756:ERROR:io_thread.cc(730)] Cannot use V8 Proxy resolver in single process mode.
[2.140][DEBUG]: DEVTOOLS RESPONSE Log.enable (id=1) {

}
[2.141][DEBUG]: DEVTOOLS RESPONSE DOM.getDocument (id=2) {
   "root": {
      "backendNodeId": 1,
      "baseURL": "about:blank",
      "childNodeCount": 1,
      "children": [ {
         "attributes": [  ],
         "backendNodeId": 2,
         "childNodeCount": 2,
         "children": [ {
            "attributes": [  ],
            "backendNodeId": 3,
            "childNodeCount": 0,
            "localName": "head",
            "nodeId": 3,
            "nodeName": "HEAD",
            "nodeType": 1,
            "nodeValue": "",
            "parentId": 2
         }, {
            "attributes": [  ],
            "backendNodeId": 4,
            "childNodeCount": 0,
            "localName": "body",
            "nodeId": 4,
            "nodeName": "BODY",
            "nodeType": 1,
            "nodeValue": "",
            "parentId": 2
         } ],
         "frameId": "(3543B1B5C694F499604A135A231AC6D7)",
         "localName": "html",
         "nodeId": 2,
         "nodeName": "HTML",
         "nodeType": 1,
         "nodeValue": "",
         "parentId": 1
      } ],
      "documentURL": "",
      "localName": "",
      "nodeId": 1,
      "nodeName": "#document",
      "nodeType": 9,
      "nodeValue": "",
      "xmlVersion": ""
   }
}
[2.141][DEBUG]: DEVTOOLS RESPONSE Runtime.enable (id=3) {

}
[2.141][DEBUG]: DEVTOOLS RESPONSE Page.enable (id=4) {

}
[2.141][DEBUG]: DEVTOOLS RESPONSE Page.enable (id=5) {

}
[2.141][DEBUG]: DEVTOOLS COMMAND Page.enable (id=6) {

}
[2.200][DEBUG]: DEVTOOLS EVENT Page.lifecycleEvent {
   "frameId": "(3543B1B5C694F499604A135A231AC6D7)",
   "name": "commit",
   "timestamp": 133.003642
}
[2.200][DEBUG]: DEVTOOLS EVENT Page.frameNavigated {
   "frame": {
      "id": "(3543B1B5C694F499604A135A231AC6D7)",
      "loaderId": "44.1",
      "mimeType": "text/plain",
      "securityOrigin": "://",
      "url": "data:,"
   }
}
[2.200][DEBUG]: DEVTOOLS EVENT DOM.documentUpdated {

}
[2.200][DEBUG]: DEVTOOLS COMMAND DOM.getDocument (id=7) {

}
[2.201][DEBUG]: DEVTOOLS EVENT Runtime.executionContextCreated {
   "context": {
      "auxData": {
         "frameId": "(3543B1B5C694F499604A135A231AC6D7)",
         "isDefault": true
      },
      "id": 1,
      "name": "",
      "origin": "://"
   }
}
[2.201][DEBUG]: DEVTOOLS RESPONSE Page.enable (id=6) {

}
[2.222][DEBUG]: DEVTOOLS EVENT Page.loadEventFired {
   "timestamp": 133.062406
}
[2.222][DEBUG]: DEVTOOLS EVENT Page.lifecycleEvent {
   "frameId": "(3543B1B5C694F499604A135A231AC6D7)",
   "name": "load",
   "timestamp": 133.062406
}
[2.222][DEBUG]: DEVTOOLS EVENT Page.frameStoppedLoading {
   "frameId": "(3543B1B5C694F499604A135A231AC6D7)"
}
[2.222][DEBUG]: DEVTOOLS EVENT Page.domContentEventFired {
   "timestamp": 133.064843
}
[2.222][DEBUG]: DEVTOOLS EVENT Page.lifecycleEvent {
   "frameId": "(3543B1B5C694F499604A135A231AC6D7)",
   "name": "DOMContentLoaded",
   "timestamp": 133.064843
}
[2.222][DEBUG]: DEVTOOLS EVENT DOM.documentUpdated {

}
[2.222][DEBUG]: DEVTOOLS COMMAND DOM.getDocument (id=8) {

}
[2.264][DEBUG]: DEVTOOLS RESPONSE DOM.getDocument (id=7) {
   "root": {
      "backendNodeId": 5,
      "baseURL": "data:,",
      "childNodeCount": 1,
      "children": [ {
         "attributes": [  ],
         "backendNodeId": 6,
         "childNodeCount": 2,
         "children": [ {
            "attributes": [  ],
            "backendNodeId": 7,
            "childNodeCount": 0,
            "localName": "head",
            "nodeId": 7,
            "nodeName": "HEAD",
            "nodeType": 1,
            "nodeValue": "",
            "parentId": 6
         }, {
            "attributes": [  ],
            "backendNodeId": 8,
            "childNodeCount": 1,
            "localName": "body",
            "nodeId": 8,
            "nodeName": "BODY",
            "nodeType": 1,
            "nodeValue": "",
            "parentId": 6
         } ],
         "frameId": "(3543B1B5C694F499604A135A231AC6D7)",
         "localName": "html",
         "nodeId": 6,
         "nodeName": "HTML",
         "nodeType": 1,
         "nodeValue": "",
         "parentId": 5
      } ],
      "documentURL": "data:,",
      "localName": "",
      "nodeId": 5,
      "nodeName": "#document",
      "nodeType": 9,
      "nodeValue": "",
      "xmlVersion": ""
   }
}
[2.264][DEBUG]: DEVTOOLS RESPONSE DOM.getDocument (id=8) {
   "root": {
      "backendNodeId": 5,
      "baseURL": "data:,",
      "childNodeCount": 1,
      "children": [ {
         "attributes": [  ],
         "backendNodeId": 6,
         "childNodeCount": 2,
         "children": [ {
            "attributes": [  ],
            "backendNodeId": 7,
            "childNodeCount": 0,
            "localName": "head",
            "nodeId": 11,
            "nodeName": "HEAD",
            "nodeType": 1,
            "nodeValue": "",
            "parentId": 10
         }, {
            "attributes": [  ],
            "backendNodeId": 8,
            "childNodeCount": 1,
            "localName": "body",
            "nodeId": 12,
            "nodeName": "BODY",
            "nodeType": 1,
            "nodeValue": "",
            "parentId": 10
         } ],
         "frameId": "(3543B1B5C694F499604A135A231AC6D7)",
         "localName": "html",
         "nodeId": 10,
         "nodeName": "HTML",
         "nodeType": 1,
         "nodeValue": "",
         "parentId": 9
      } ],
      "documentURL": "data:,",
      "localName": "",
      "nodeId": 9,
      "nodeName": "#document",
      "nodeType": 9,
      "nodeValue": "",
      "xmlVersion": ""
   }
}
[2.264][DEBUG]: DEVTOOLS COMMAND Runtime.enable (id=9) {

}
[2.278][DEBUG]: DEVTOOLS RESPONSE Runtime.enable (id=9) {

}
[2.278][DEBUG]: DEVTOOLS COMMAND Runtime.evaluate (id=10) {
   "expression": "(function() { // Copyright (c) 2012 The Chromium Authors. All rights reserved.\n// Use of this source code is governed by a BSD-style license that can be\n// found in the LICENSE file.\n\n/**\n * Enum f...",
   "returnByValue": true
}
[2.282][DEBUG]: DEVTOOLS RESPONSE Runtime.evaluate (id=10) {
   "result": {
      "type": "object",
      "value": {
         "status": 0,
         "value": 1
      }
   }
}
[2.282][INFO]: RESPONSE InitSession {
   "acceptSslCerts": true,
   "applicationCacheEnabled": false,
   "browserConnectionEnabled": false,
   "browserName": "chrome",
   "chrome": {
      "chromedriverVersion": "2.33.506092 (733a02544d189eeb751fe0d7ddca79a0ee28cce4)",
      "userDataDir": "/tmp/.org.chromium.Chromium.XkEvCr"
   },
   "cssSelectorsEnabled": true,
   "databaseEnabled": false,
   "handlesAlerts": true,
   "hasTouchScreen": false,
   "javascriptEnabled": true,
   "locationContextEnabled": true,
   "mobileEmulationEnabled": false,
   "nativeEvents": true,
   "networkConnectionEnabled": false,
   "pageLoadStrategy": "normal",
   "platform": "Linux",
   "rotatable": false,
   "setWindowRect": true,
   "takesHeapSnapshot": true,
   "~~~": "..."
}
[2.319][INFO]: COMMAND SetTimeout {
   "script": 11000
}
[2.321][INFO]: RESPONSE SetTimeout unknown error: 'ms' must be a double
  (Session info: chrome=63.0.3239.84)
[2.338][INFO]: COMMAND SetTimeout {
   "ms": 11000,
   "type": "script"
}
[2.338][INFO]: RESPONSE SetTimeout
[2.726][INFO]: COMMAND SetTimeout {
   "pageLoad": 30000
}
[2.727][INFO]: RESPONSE SetTimeout unknown error: 'ms' must be a double
  (Session info: chrome=63.0.3239.84)
[2.738][INFO]: COMMAND SetTimeout {
   "ms": 30000,
   "type": "page load"
}
[2.738][INFO]: RESPONSE SetTimeout
[2.750][INFO]: COMMAND Navigate {
   "url": "data:/,"
}
[2.750][INFO]: Waiting for pending navigations...
[2.750][DEBUG]: DEVTOOLS COMMAND Runtime.evaluate (id=11) {
   "expression": "1"
}
[2.757][DEBUG]: DEVTOOLS RESPONSE Runtime.evaluate (id=11) {
   "result": {
      "description": "1",
      "type": "number",
      "value": 1
   }
}
[2.757][INFO]: Done waiting for pending navigations. Status: ok
[2.757][DEBUG]: DEVTOOLS COMMAND Page.navigate (id=12) {
   "url": "data:/,"
}
[2.764][DEBUG]: DEVTOOLS EVENT Page.frameStartedLoading {
   "frameId": "(3543B1B5C694F499604A135A231AC6D7)"
}
[2.780][DEBUG]: DEVTOOLS EVENT Runtime.executionContextDestroyed {
   "executionContextId": 1
}
[2.780][DEBUG]: DEVTOOLS EVENT Runtime.executionContextsCleared {

}
[2.780][DEBUG]: DEVTOOLS EVENT Page.lifecycleEvent {
   "frameId": "(3543B1B5C694F499604A135A231AC6D7)",
   "name": "commit",
   "timestamp": 133.621924
}
[2.780][DEBUG]: DEVTOOLS EVENT Page.frameNavigated {
   "frame": {
      "id": "(3543B1B5C694F499604A135A231AC6D7)",
      "loaderId": "44.2",
      "mimeType": "text/plain",
      "securityOrigin": "://",
      "url": "data:/,"
   }
}
[2.780][DEBUG]: DEVTOOLS EVENT Runtime.executionContextCreated {
   "context": {
      "auxData": {
         "frameId": "(3543B1B5C694F499604A135A231AC6D7)",
         "isDefault": true
      },
      "id": 3,
      "name": "",
      "origin": "://"
   }
}
[2.780][DEBUG]: DEVTOOLS EVENT DOM.documentUpdated {

}
[2.780][DEBUG]: DEVTOOLS COMMAND DOM.getDocument (id=13) {

}
[2.780][DEBUG]: DEVTOOLS RESPONSE Page.navigate (id=12) {
   "frameId": "(3543B1B5C694F499604A135A231AC6D7)"
}
[2.783][DEBUG]: DEVTOOLS EVENT Page.loadEventFired {
   "timestamp": 133.628479
}
[2.783][DEBUG]: DEVTOOLS EVENT Page.lifecycleEvent {
   "frameId": "(3543B1B5C694F499604A135A231AC6D7)",
   "name": "load",
   "timestamp": 133.628479
}
[2.783][DEBUG]: DEVTOOLS EVENT Page.frameStoppedLoading {
   "frameId": "(3543B1B5C694F499604A135A231AC6D7)"
}
[2.783][DEBUG]: DEVTOOLS EVENT Page.domContentEventFired {
   "timestamp": 133.628914
}
[2.783][DEBUG]: DEVTOOLS EVENT Page.lifecycleEvent {
   "frameId": "(3543B1B5C694F499604A135A231AC6D7)",
   "name": "DOMContentLoaded",
   "timestamp": 133.628914
}
[2.783][DEBUG]: DEVTOOLS EVENT DOM.documentUpdated {

}
[2.783][DEBUG]: DEVTOOLS COMMAND DOM.getDocument (id=14) {

}
[2.814][DEBUG]: DEVTOOLS RESPONSE DOM.getDocument (id=13) {
   "root": {
      "backendNodeId": 10,
      "baseURL": "data:/,",
      "childNodeCount": 1,
      "children": [ {
         "attributes": [  ],
         "backendNodeId": 11,
         "childNodeCount": 2,
         "children": [ {
            "attributes": [  ],
            "backendNodeId": 12,
            "childNodeCount": 0,
            "localName": "head",
            "nodeId": 15,
            "nodeName": "HEAD",
            "nodeType": 1,
            "nodeValue": "",
            "parentId": 14
         }, {
            "attributes": [  ],
            "backendNodeId": 13,
            "childNodeCount": 1,
            "localName": "body",
            "nodeId": 16,
            "nodeName": "BODY",
            "nodeType": 1,
            "nodeValue": "",
            "parentId": 14
         } ],
         "frameId": "(3543B1B5C694F499604A135A231AC6D7)",
         "localName": "html",
         "nodeId": 14,
         "nodeName": "HTML",
         "nodeType": 1,
         "nodeValue": "",
         "parentId": 13
      } ],
      "documentURL": "data:/,",
      "localName": "",
      "nodeId": 13,
      "nodeName": "#document",
      "nodeType": 9,
      "nodeValue": "",
      "xmlVersion": ""
   }
}
[2.817][DEBUG]: DEVTOOLS RESPONSE DOM.getDocument (id=14) {
   "root": {
      "backendNodeId": 10,
      "baseURL": "data:/,",
      "childNodeCount": 1,
      "children": [ {
         "attributes": [  ],
         "backendNodeId": 11,
         "childNodeCount": 2,
         "children": [ {
            "attributes": [  ],
            "backendNodeId": 12,
            "childNodeCount": 0,
            "localName": "head",
            "nodeId": 19,
            "nodeName": "HEAD",
            "nodeType": 1,
            "nodeValue": "",
            "parentId": 18
         }, {
            "attributes": [  ],
            "backendNodeId": 13,
            "childNodeCount": 1,
            "localName": "body",
            "nodeId": 20,
            "nodeName": "BODY",
            "nodeType": 1,
            "nodeValue": "",
            "parentId": 18
         } ],
         "frameId": "(3543B1B5C694F499604A135A231AC6D7)",
         "localName": "html",
         "nodeId": 18,
         "nodeName": "HTML",
         "nodeType": 1,
         "nodeValue": "",
         "parentId": 17
      } ],
      "documentURL": "data:/,",
      "localName": "",
      "nodeId": 17,
      "nodeName": "#document",
      "nodeType": 9,
      "nodeValue": "",
      "xmlVersion": ""
   }
}
[2.817][INFO]: Waiting for pending navigations...
[2.817][DEBUG]: DEVTOOLS COMMAND Runtime.evaluate (id=15) {
   "expression": "1"
}
[2.822][DEBUG]: DEVTOOLS RESPONSE Runtime.evaluate (id=15) {
   "result": {
      "description": "1",
      "type": "number",
      "value": 1
   }
}
[2.822][INFO]: Done waiting for pending navigations. Status: ok
[2.822][INFO]: RESPONSE Navigate
[2.842][INFO]: COMMAND ExecuteScript {
   "args": [ "protractor_sync-test-area", {
      "innerHtml": "\u003Cspan   style=\"height:50px; width:30px; display:block; position: absolute; left:10px; top:10px; border:black solid 2px;\"   class=\"test-span\">test span 1\u003C/span>\u003Cspan class=\"test-span-2\">test span 2\u003C...",
      "style": {
         "boxSizing": "context-box",
         "left": "15px",
         "position": "absolute",
         "top": "15px"
      }
   } ],
   "script": "return (function (id, _options) {\n        var existing = document.querySelector('#' + id);\n        if (existing) {\n            existing.parentNode.removeChild(existing);\n        }\n        var testA..."
}
[2.842][INFO]: Waiting for pending navigations...
[2.842][DEBUG]: DEVTOOLS COMMAND Runtime.evaluate (id=16) {
   "expression": "1"
}
[2.857][DEBUG]: DEVTOOLS RESPONSE Runtime.evaluate (id=16) {
   "result": {
      "description": "1",
      "type": "number",
      "value": 1
   }
}
[2.857][INFO]: Done waiting for pending navigations. Status: ok
[2.858][DEBUG]: DEVTOOLS COMMAND Runtime.evaluate (id=17) {
   "expression": "(function() { // Copyright (c) 2012 The Chromium Authors. All rights reserved.\n// Use of this source code is governed by a BSD-style license that can be\n// found in the LICENSE file.\n\n/**\n * Enum f...",
   "returnByValue": true
}
[2.862][DEBUG]: DEVTOOLS EVENT DOM.childNodeCountUpdated {
   "childNodeCount": 2,
   "nodeId": 20
}
[2.862][DEBUG]: DEVTOOLS RESPONSE Runtime.evaluate (id=17) {
   "result": {
      "type": "object",
      "value": {
         "status": 0,
         "value": null
      }
   }
}
[2.862][INFO]: Waiting for pending navigations...
[2.862][DEBUG]: DEVTOOLS COMMAND Runtime.evaluate (id=18) {
   "expression": "1"
}
[2.880][DEBUG]: DEVTOOLS RESPONSE Runtime.evaluate (id=18) {
   "result": {
      "description": "1",
      "type": "number",
      "value": 1
   }
}
[2.880][INFO]: Done waiting for pending navigations. Status: ok
[2.880][INFO]: RESPONSE ExecuteScript null
[2.901][INFO]: COMMAND FindElements {
   "using": "css selector",
   "value": "#protractor_sync-test-area"
}
[2.901][INFO]: Waiting for pending navigations...
[2.901][DEBUG]: DEVTOOLS COMMAND Runtime.evaluate (id=19) {
   "expression": "1"
}
[2.902][DEBUG]: DEVTOOLS EVENT Page.lifecycleEvent {
   "frameId": "(3543B1B5C694F499604A135A231AC6D7)",
   "name": "firstPaint",
   "timestamp": 133.741612
}
[2.902][DEBUG]: DEVTOOLS EVENT Page.lifecycleEvent {
   "frameId": "(3543B1B5C694F499604A135A231AC6D7)",
   "name": "firstContentfulPaint",
   "timestamp": 133.741622
}
[2.902][DEBUG]: DEVTOOLS EVENT Page.lifecycleEvent {
   "frameId": "(3543B1B5C694F499604A135A231AC6D7)",
   "name": "firstTextPaint",
   "timestamp": 133.741624
}
[2.902][DEBUG]: DEVTOOLS EVENT Page.lifecycleEvent {
   "frameId": "(3543B1B5C694F499604A135A231AC6D7)",
   "name": "firstMeaningfulPaintCandidate",
   "timestamp": 133.741625
}
[2.902][DEBUG]: DEVTOOLS RESPONSE Runtime.evaluate (id=19) {
   "result": {
      "description": "1",
      "type": "number",
      "value": 1
   }
}
[2.902][INFO]: Done waiting for pending navigations. Status: ok
[2.904][DEBUG]: DEVTOOLS COMMAND Runtime.evaluate (id=20) {
   "expression": "(function() { // Copyright (c) 2012 The Chromium Authors. All rights reserved.\n// Use of this source code is governed by a BSD-style license that can be\n// found in the LICENSE file.\n\n/**\n * Enum f...",
   "returnByValue": true
}
[2.926][DEBUG]: DEVTOOLS RESPONSE Runtime.evaluate (id=20) {
   "result": {
      "type": "object",
      "value": {
         "status": 0,
         "value": [ {
            "ELEMENT": "0.16079197299978487-1"
         } ]
      }
   }
}
[2.926][INFO]: Waiting for pending navigations...
[2.926][DEBUG]: DEVTOOLS COMMAND Runtime.evaluate (id=21) {
   "expression": "1"
}
[2.926][DEBUG]: DEVTOOLS RESPONSE Runtime.evaluate (id=21) {
   "result": {
      "description": "1",
      "type": "number",
      "value": 1
   }
}
[2.926][INFO]: Done waiting for pending navigations. Status: ok
[2.926][INFO]: RESPONSE FindElements [ {
   "ELEMENT": "0.16079197299978487-1"
} ]
[2.937][INFO]: COMMAND IsElementDisplayed {
   "id": "0.16079197299978487-1"
}
[2.937][INFO]: Waiting for pending navigations...
[2.937][DEBUG]: DEVTOOLS COMMAND Runtime.evaluate (id=22) {
   "expression": "1"
}
[2.938][DEBUG]: DEVTOOLS RESPONSE Runtime.evaluate (id=22) {
   "result": {
      "description": "1",
      "type": "number",
      "value": 1
   }
}
[2.938][INFO]: Done waiting for pending navigations. Status: ok
[2.940][DEBUG]: DEVTOOLS COMMAND Runtime.evaluate (id=23) {
   "expression": "(function() { // Copyright (c) 2012 The Chromium Authors. All rights reserved.\n// Use of this source code is governed by a BSD-style license that can be\n// found in the LICENSE file.\n\n/**\n * Enum f...",
   "returnByValue": true
}
[2.958][DEBUG]: DEVTOOLS RESPONSE Runtime.evaluate (id=23) {
   "result": {
      "type": "object",
      "value": {
         "status": 0,
         "value": true
      }
   }
}
[2.958][INFO]: Waiting for pending navigations...
[2.958][DEBUG]: DEVTOOLS COMMAND Runtime.evaluate (id=24) {
   "expression": "1"
}
[2.959][DEBUG]: DEVTOOLS RESPONSE Runtime.evaluate (id=24) {
   "result": {
      "description": "1",
      "type": "number",
      "value": 1
   }
}
[2.959][INFO]: Done waiting for pending navigations. Status: ok
[2.959][INFO]: RESPONSE IsElementDisplayed true
[2.962][INFO]: COMMAND FindElements {
   "using": "css selector",
   "value": ".test-span"
}
[2.962][INFO]: Waiting for pending navigations...
[2.962][DEBUG]: DEVTOOLS COMMAND Runtime.evaluate (id=25) {
   "expression": "1"
}
[2.963][DEBUG]: DEVTOOLS RESPONSE Runtime.evaluate (id=25) {
   "result": {
      "description": "1",
      "type": "number",
      "value": 1
   }
}
[2.963][INFO]: Done waiting for pending navigations. Status: ok
[2.965][DEBUG]: DEVTOOLS COMMAND Runtime.evaluate (id=26) {
   "expression": "(function() { // Copyright (c) 2012 The Chromium Authors. All rights reserved.\n// Use of this source code is governed by a BSD-style license that can be\n// found in the LICENSE file.\n\n/**\n * Enum f...",
   "returnByValue": true
}
[2.978][DEBUG]: DEVTOOLS RESPONSE Runtime.evaluate (id=26) {
   "result": {
      "type": "object",
      "value": {
         "status": 0,
         "value": [ {
            "ELEMENT": "0.16079197299978487-2"
         } ]
      }
   }
}
[2.978][INFO]: Waiting for pending navigations...
[2.978][DEBUG]: DEVTOOLS COMMAND Runtime.evaluate (id=27) {
   "expression": "1"
}
[2.979][DEBUG]: DEVTOOLS RESPONSE Runtime.evaluate (id=27) {
   "result": {
      "description": "1",
      "type": "number",
      "value": 1
   }
}
[2.979][INFO]: Done waiting for pending navigations. Status: ok
[2.979][INFO]: RESPONSE FindElements [ {
   "ELEMENT": "0.16079197299978487-2"
} ]
[2.983][INFO]: COMMAND IsElementDisplayed {
   "id": "0.16079197299978487-2"
}
[2.983][INFO]: Waiting for pending navigations...
[2.983][DEBUG]: DEVTOOLS COMMAND Runtime.evaluate (id=28) {
   "expression": "1"
}
[2.983][DEBUG]: DEVTOOLS RESPONSE Runtime.evaluate (id=28) {
   "result": {
      "description": "1",
      "type": "number",
      "value": 1
   }
}
[2.983][INFO]: Done waiting for pending navigations. Status: ok
[2.985][DEBUG]: DEVTOOLS COMMAND Runtime.evaluate (id=29) {
   "expression": "(function() { // Copyright (c) 2012 The Chromium Authors. All rights reserved.\n// Use of this source code is governed by a BSD-style license that can be\n// found in the LICENSE file.\n\n/**\n * Enum f...",
   "returnByValue": true
}
[3.003][DEBUG]: DEVTOOLS RESPONSE Runtime.evaluate (id=29) {
   "result": {
      "type": "object",
      "value": {
         "status": 0,
         "value": true
      }
   }
}
[3.003][INFO]: Waiting for pending navigations...
[3.003][DEBUG]: DEVTOOLS COMMAND Runtime.evaluate (id=30) {
   "expression": "1"
}
[3.004][DEBUG]: DEVTOOLS RESPONSE Runtime.evaluate (id=30) {
   "result": {
      "description": "1",
      "type": "number",
      "value": 1
   }
}
[3.004][INFO]: Done waiting for pending navigations. Status: ok
[3.004][INFO]: RESPONSE IsElementDisplayed true
[3.006][INFO]: COMMAND FindElements {
   "using": "css selector",
   "value": "input"
}
[3.006][INFO]: Waiting for pending navigations...
[3.006][DEBUG]: DEVTOOLS COMMAND Runtime.evaluate (id=31) {
   "expression": "1"
}
[3.007][DEBUG]: DEVTOOLS RESPONSE Runtime.evaluate (id=31) {
   "result": {
      "description": "1",
      "type": "number",
      "value": 1
   }
}
[3.007][INFO]: Done waiting for pending navigations. Status: ok
[3.009][DEBUG]: DEVTOOLS COMMAND Runtime.evaluate (id=32) {
   "expression": "(function() { // Copyright (c) 2012 The Chromium Authors. All rights reserved.\n// Use of this source code is governed by a BSD-style license that can be\n// found in the LICENSE file.\n\n/**\n * Enum f...",
   "returnByValue": true
}
[3.025][DEBUG]: DEVTOOLS RESPONSE Runtime.evaluate (id=32) {
   "result": {
      "type": "object",
      "value": {
         "status": 0,
         "value": [ {
            "ELEMENT": "0.16079197299978487-3"
         } ]
      }
   }
}
[3.025][INFO]: Waiting for pending navigations...
[3.025][DEBUG]: DEVTOOLS COMMAND Runtime.evaluate (id=33) {
   "expression": "1"
}
[3.025][DEBUG]: DEVTOOLS RESPONSE Runtime.evaluate (id=33) {
   "result": {
      "description": "1",
      "type": "number",
      "value": 1
   }
}
[3.026][INFO]: Done waiting for pending navigations. Status: ok
[3.026][INFO]: RESPONSE FindElements [ {
   "ELEMENT": "0.16079197299978487-3"
} ]
[3.029][INFO]: COMMAND IsElementDisplayed {
   "id": "0.16079197299978487-3"
}
[3.029][INFO]: Waiting for pending navigations...
[3.029][DEBUG]: DEVTOOLS COMMAND Runtime.evaluate (id=34) {
   "expression": "1"
}
[3.029][DEBUG]: DEVTOOLS RESPONSE Runtime.evaluate (id=34) {
   "result": {
      "description": "1",
      "type": "number",
      "value": 1
   }
}
[3.029][INFO]: Done waiting for pending navigations. Status: ok
[3.031][DEBUG]: DEVTOOLS COMMAND Runtime.evaluate (id=35) {
   "expression": "(function() { // Copyright (c) 2012 The Chromium Authors. All rights reserved.\n// Use of this source code is governed by a BSD-style license that can be\n// found in the LICENSE file.\n\n/**\n * Enum f...",
   "returnByValue": true
}
[3.047][DEBUG]: DEVTOOLS RESPONSE Runtime.evaluate (id=35) {
   "result": {
      "type": "object",
      "value": {
         "status": 0,
         "value": true
      }
   }
}
[3.047][INFO]: Waiting for pending navigations...
[3.047][DEBUG]: DEVTOOLS COMMAND Runtime.evaluate (id=36) {
   "expression": "1"
}
[3.047][DEBUG]: DEVTOOLS RESPONSE Runtime.evaluate (id=36) {
   "result": {
      "description": "1",
      "type": "number",
      "value": 1
   }
}
[3.047][INFO]: Done waiting for pending navigations. Status: ok
[3.047][INFO]: RESPONSE IsElementDisplayed true
[3.057][INFO]: COMMAND FindElements {
   "using": "css selector",
   "value": "textarea"
}
[3.057][INFO]: Waiting for pending navigations...
[3.057][DEBUG]: DEVTOOLS COMMAND Runtime.evaluate (id=37) {
   "expression": "1"
}
[3.058][DEBUG]: DEVTOOLS RESPONSE Runtime.evaluate (id=37) {
   "result": {
      "description": "1",
      "type": "number",
      "value": 1
   }
}
[3.058][INFO]: Done waiting for pending navigations. Status: ok
[3.059][DEBUG]: DEVTOOLS COMMAND Runtime.evaluate (id=38) {
   "expression": "(function() { // Copyright (c) 2012 The Chromium Authors. All rights reserved.\n// Use of this source code is governed by a BSD-style license that can be\n// found in the LICENSE file.\n\n/**\n * Enum f...",
   "returnByValue": true
}
[3.069][DEBUG]: DEVTOOLS RESPONSE Runtime.evaluate (id=38) {
   "result": {
      "type": "object",
      "value": {
         "status": 0,
         "value": [ {
            "ELEMENT": "0.16079197299978487-4"
         } ]
      }
   }
}
[3.069][INFO]: Waiting for pending navigations...
[3.069][DEBUG]: DEVTOOLS COMMAND Runtime.evaluate (id=39) {
   "expression": "1"
}
[3.069][DEBUG]: DEVTOOLS RESPONSE Runtime.evaluate (id=39) {
   "result": {
      "description": "1",
      "type": "number",
      "value": 1
   }
}
[3.069][INFO]: Done waiting for pending navigations. Status: ok
[3.069][INFO]: RESPONSE FindElements [ {
   "ELEMENT": "0.16079197299978487-4"
} ]
[3.077][INFO]: COMMAND IsElementDisplayed {
   "id": "0.16079197299978487-4"
}
[3.077][INFO]: Waiting for pending navigations...
[3.077][DEBUG]: DEVTOOLS COMMAND Runtime.evaluate (id=40) {
   "expression": "1"
}
[3.077][DEBUG]: DEVTOOLS RESPONSE Runtime.evaluate (id=40) {
   "result": {
      "description": "1",
      "type": "number",
      "value": 1
   }
}
[3.077][INFO]: Done waiting for pending navigations. Status: ok
[3.079][DEBUG]: DEVTOOLS COMMAND Runtime.evaluate (id=41) {
   "expression": "(function() { // Copyright (c) 2012 The Chromium Authors. All rights reserved.\n// Use of this source code is governed by a BSD-style license that can be\n// found in the LICENSE file.\n\n/**\n * Enum f...",
   "returnByValue": true
}
[3.097][DEBUG]: DEVTOOLS RESPONSE Runtime.evaluate (id=41) {
   "result": {
      "type": "object",
      "value": {
         "status": 0,
         "value": true
      }
   }
}
[3.097][INFO]: Waiting for pending navigations...
[3.097][DEBUG]: DEVTOOLS COMMAND Runtime.evaluate (id=42) {
   "expression": "1"
}
[3.098][DEBUG]: DEVTOOLS RESPONSE Runtime.evaluate (id=42) {
   "result": {
      "description": "1",
      "type": "number",
      "value": 1
   }
}
[3.098][INFO]: Done waiting for pending navigations. Status: ok
[3.098][INFO]: RESPONSE IsElementDisplayed true
[3.108][INFO]: COMMAND ExecuteScript {
   "args": [  ],
   "script": "return (function () {\n            return !!window.jQuery;\n        }).apply(null, arguments);"
}
[3.108][INFO]: Waiting for pending navigations...
[3.108][DEBUG]: DEVTOOLS COMMAND Runtime.evaluate (id=43) {
   "expression": "1"
}
[3.108][DEBUG]: DEVTOOLS RESPONSE Runtime.evaluate (id=43) {
   "result": {
      "description": "1",
      "type": "number",
      "value": 1
   }
}
[3.108][INFO]: Done waiting for pending navigations. Status: ok
[3.109][DEBUG]: DEVTOOLS COMMAND Runtime.evaluate (id=44) {
   "expression": "(function() { // Copyright (c) 2012 The Chromium Authors. All rights reserved.\n// Use of this source code is governed by a BSD-style license that can be\n// found in the LICENSE file.\n\n/**\n * Enum f...",
   "returnByValue": true
}
[3.117][DEBUG]: DEVTOOLS RESPONSE Runtime.evaluate (id=44) {
   "result": {
      "type": "object",
      "value": {
         "status": 0,
         "value": false
      }
   }
}
[3.117][INFO]: Waiting for pending navigations...
[3.117][DEBUG]: DEVTOOLS COMMAND Runtime.evaluate (id=45) {
   "expression": "1"
}
[3.118][DEBUG]: DEVTOOLS RESPONSE Runtime.evaluate (id=45) {
   "result": {
      "description": "1",
      "type": "number",
      "value": 1
   }
}
[3.118][INFO]: Done waiting for pending navigations. Status: ok
[3.118][INFO]: RESPONSE ExecuteScript false
[3.157][INFO]: COMMAND ExecuteScript {
   "args": [ "/*!\n * jQuery JavaScript Library v3.3.1\n * https://jquery.com/\n *\n * Includes Sizzle.js\n * https://sizzlejs.com/\n *\n * Copyright JS Foundation and other contributors\n * Released under the MIT licen..." ],
   "script": "return (function (_jquerySource) {\n                /* tslint:disable-next-line:no-eval */\n                eval(_jquerySource);\n                window.$.noConflict();\n            }).apply(null, argu..."
}
[3.157][INFO]: Waiting for pending navigations...
[3.157][DEBUG]: DEVTOOLS COMMAND Runtime.evaluate (id=46) {
   "expression": "1"
}
[3.158][DEBUG]: DEVTOOLS RESPONSE Runtime.evaluate (id=46) {
   "result": {
      "description": "1",
      "type": "number",
      "value": 1
   }
}
[3.158][INFO]: Done waiting for pending navigations. Status: ok
[3.181][DEBUG]: DEVTOOLS COMMAND Runtime.evaluate (id=47) {
   "expression": "(function() { // Copyright (c) 2012 The Chromium Authors. All rights reserved.\n// Use of this source code is governed by a BSD-style license that can be\n// found in the LICENSE file.\n\n/**\n * Enum f...",
   "returnByValue": true
}
[3.238][DEBUG]: DEVTOOLS EVENT DOM.childNodeInserted {
   "node": {
      "attributes": [  ],
      "backendNodeId": 14,
      "childNodeCount": 0,
      "localName": "fieldset",
      "nodeId": 21,
      "nodeName": "FIELDSET",
      "nodeType": 1,
      "nodeValue": ""
   },
   "parentNodeId": 18,
   "previousNodeId": 20
}
[3.238][DEBUG]: DEVTOOLS EVENT DOM.attributeModified {
   "name": "id",
   "nodeId": 21,
   "value": "sizzle1539895083988"
}
[3.238][DEBUG]: DEVTOOLS EVENT DOM.childNodeRemoved {
   "nodeId": 21,
   "parentNodeId": 18
}
[3.238][DEBUG]: DEVTOOLS EVENT DOM.childNodeInserted {
   "node": {
      "attributes": [  ],
      "backendNodeId": 15,
      "childNodeCount": 0,
      "localName": "fieldset",
      "nodeId": 22,
      "nodeName": "FIELDSET",
      "nodeType": 1,
      "nodeValue": ""
   },
   "parentNodeId": 18,
   "previousNodeId": 20
}
[3.238][DEBUG]: DEVTOOLS EVENT DOM.childNodeCountUpdated {
   "childNodeCount": 1,
   "nodeId": 22
}
[3.238][DEBUG]: DEVTOOLS EVENT DOM.childNodeCountUpdated {
   "childNodeCount": 2,
   "nodeId": 22
}
[3.238][DEBUG]: DEVTOOLS EVENT DOM.childNodeRemoved {
   "nodeId": 22,
   "parentNodeId": 18
}
[3.238][DEBUG]: DEVTOOLS EVENT DOM.childNodeInserted {
   "node": {
      "attributes": [  ],
      "backendNodeId": 16,
      "childNodeCount": 3,
      "localName": "fieldset",
      "nodeId": 23,
      "nodeName": "FIELDSET",
      "nodeType": 1,
      "nodeValue": ""
   },
   "parentNodeId": 18,
   "previousNodeId": 20
}
[3.238][DEBUG]: DEVTOOLS EVENT DOM.attributeModified {
   "name": "disabled",
   "nodeId": 23,
   "value": ""
}
[3.238][DEBUG]: DEVTOOLS EVENT DOM.childNodeRemoved {
   "nodeId": 23,
   "parentNodeId": 18
}
[3.238][DEBUG]: DEVTOOLS RESPONSE Runtime.evaluate (id=47) {
   "result": {
      "type": "object",
      "value": {
         "status": 0,
         "value": null
      }
   }
}
[3.238][INFO]: Waiting for pending navigations...
[3.238][DEBUG]: DEVTOOLS COMMAND Runtime.evaluate (id=48) {
   "expression": "1"
}
[3.239][DEBUG]: DEVTOOLS RESPONSE Runtime.evaluate (id=48) {
   "result": {
      "description": "1",
      "type": "number",
      "value": 1
   }
}
[3.239][INFO]: Done waiting for pending navigations. Status: ok
[3.239][INFO]: RESPONSE ExecuteScript null
[3.243][INFO]: COMMAND ExecuteScript {
   "args": [ {
      "ELEMENT": "0.16079197299978487-2",
      "element-6066-11e4-a52e-4f735466cecf": "0.16079197299978487-2"
   }, "closest", "div" ],
   "script": "return (function (element, _method, _arg) {\n                var $ = window.jQuery;\n                if (!$) {\n                    return '!!jquery not present!!';\n                }\n                v..."
}
[3.243][INFO]: Waiting for pending navigations...
[3.243][DEBUG]: DEVTOOLS COMMAND Runtime.evaluate (id=49) {
   "expression": "1"
}
[3.243][DEBUG]: DEVTOOLS RESPONSE Runtime.evaluate (id=49) {
   "result": {
      "description": "1",
      "type": "number",
      "value": 1
   }
}
[3.243][INFO]: Done waiting for pending navigations. Status: ok
[3.243][DEBUG]: DEVTOOLS COMMAND Runtime.evaluate (id=50) {
   "expression": "(function() { // Copyright (c) 2012 The Chromium Authors. All rights reserved.\n// Use of this source code is governed by a BSD-style license that can be\n// found in the LICENSE file.\n\n/**\n * Enum f...",
   "returnByValue": true
}
[3.258][DEBUG]: DEVTOOLS RESPONSE Runtime.evaluate (id=50) {
   "result": {
      "type": "object",
      "value": {
         "status": 0,
         "value": [ {
            "ELEMENT": "0.16079197299978487-1"
         } ]
      }
   }
}
[3.258][INFO]: Waiting for pending navigations...
[3.258][DEBUG]: DEVTOOLS COMMAND Runtime.evaluate (id=51) {
   "expression": "1"
}
[3.259][DEBUG]: DEVTOOLS RESPONSE Runtime.evaluate (id=51) {
   "result": {
      "description": "1",
      "type": "number",
      "value": 1
   }
}
[3.259][INFO]: Done waiting for pending navigations. Status: ok
[3.259][INFO]: RESPONSE ExecuteScript [ {
   "ELEMENT": "0.16079197299978487-1"
} ]
[3.265][INFO]: COMMAND GetElementAttribute {
   "id": "0.16079197299978487-1",
   "name": "id"
}
[3.265][INFO]: Waiting for pending navigations...
[3.265][DEBUG]: DEVTOOLS COMMAND Runtime.evaluate (id=52) {
   "expression": "1"
}
[3.277][DEBUG]: DEVTOOLS RESPONSE Runtime.evaluate (id=52) {
   "result": {
      "description": "1",
      "type": "number",
      "value": 1
   }
}
[3.277][INFO]: Done waiting for pending navigations. Status: ok
[3.277][DEBUG]: DEVTOOLS COMMAND Runtime.evaluate (id=53) {
   "expression": "(function() { // Copyright (c) 2012 The Chromium Authors. All rights reserved.\n// Use of this source code is governed by a BSD-style license that can be\n// found in the LICENSE file.\n\n/**\n * Enum f...",
   "returnByValue": true
}
[3.280][DEBUG]: DEVTOOLS RESPONSE Runtime.evaluate (id=53) {
   "result": {
      "type": "object",
      "value": {
         "status": 0,
         "value": "protractor_sync-test-area"
      }
   }
}
[3.280][INFO]: Waiting for pending navigations...
[3.280][DEBUG]: DEVTOOLS COMMAND Runtime.evaluate (id=54) {
   "expression": "1"
}
[3.281][DEBUG]: DEVTOOLS RESPONSE Runtime.evaluate (id=54) {
   "result": {
      "description": "1",
      "type": "number",
      "value": 1
   }
}
[3.281][INFO]: Done waiting for pending navigations. Status: ok
[3.281][INFO]: RESPONSE GetElementAttribute "protractor_sync-test-area"
[3.288][INFO]: COMMAND Screenshot {

}
[3.288][INFO]: Waiting for pending navigations...
[3.288][DEBUG]: DEVTOOLS COMMAND Runtime.evaluate (id=55) {
   "expression": "1"
}
[3.289][DEBUG]: DEVTOOLS RESPONSE Runtime.evaluate (id=55) {
   "result": {
      "description": "1",
      "type": "number",
      "value": 1
   }
}
[3.289][INFO]: Done waiting for pending navigations. Status: ok
[3.289][DEBUG]: DevTools request: http://localhost:12156/json/activate/(3543B1B5C694F499604A135A231AC6D7)
[3.290][DEBUG]: DevTools response: Target activated
[3.290][DEBUG]: DEVTOOLS COMMAND Page.captureScreenshot (id=56) {

}
[3.421][DEBUG]: DEVTOOLS RESPONSE Page.captureScreenshot (id=56) {
   "data": "iVBORw0KGgoAAAANSUhEUgAABVYAAAO+CAYAAADv/k7HAAAgAElEQVR4nOzdW4yV1f3/8c8GFAFxaIlGCgWrxomapk1bbbA1QlJUhECrKUZsMB4aLghqlHAh1EOt5QLQifVnQCVVYgpMuMBEwSZakoo1qK1aL0xNapCDWCqHiUbKjLL/F/077dQT3wIzFl6vZCI+e..."
}
[3.421][INFO]: Waiting for pending navigations...
[3.421][DEBUG]: DEVTOOLS COMMAND Runtime.evaluate (id=57) {
   "expression": "1"
}
[3.426][DEBUG]: DEVTOOLS RESPONSE Runtime.evaluate (id=57) {
   "result": {
      "description": "1",
      "type": "number",
      "value": 1
   }
}
[3.426][INFO]: Done waiting for pending navigations. Status: ok
[3.426][INFO]: RESPONSE Screenshot "iVBORw0KGgoAAAANSUhEUgAABVYAAAO+CAYAAADv/k7HAAAgAElEQVR4nOzdW4yV1f3/8c8GFAFxaIlGCgWrxomapk1bbbA1QlJUhECrKUZsMB4aLghqlHAh1EOt5QLQifVnQCVVYgpMuMBEwSZakoo1qK1aL0xNapCDWCqHiUbKjLL/F/077dQT3wIzFl6vZCI+e..."
[3.511][INFO]: COMMAND Quit {

}
[3.562][INFO]: RESPONSE Quit
[3.562][DEBUG]: Log type 'driver' lost 0 entries on destruction
[3.562][DEBUG]: Log type 'browser' lost 0 entries on destruction
