[47:47:1102/212007.138212:VERBOSE1:breakpad_linux.cc(1977)] Breakpad disabled
[47:56:1102/212007.877279:ERROR:bus.cc(394)] Failed to connect to the bus: Failed to connect to socket /var/run/dbus/system_bus_socket: No such file or directory
[47:47:1102/212007.877326:VERBOSE1:webrtc_event_log_manager.cc(390)] WebRTC remote-bound event logging disabled.
[47:47:1102/212007.877430:VERBOSE1:pref_proxy_config_tracker_impl.cc(184)] 0x2eac766fd580: set chrome proxy config service to 0x2eac768a9780
[47:47:1102/212007.877536:ERROR:default_network_context_params.cc(60)] Cannot use V8 Proxy resolver in single process mode.
[47:54:1102/212007.879850:VERBOSE1:multi_log_ct_verifier.cc(75)] Adding CT log: Google 'Argon2018' log
[47:54:1102/212007.879868:VERBOSE1:multi_log_ct_verifier.cc(75)] Adding CT log: Google 'Argon2019' log
[47:54:1102/212007.879877:VERBOSE1:multi_log_ct_verifier.cc(75)] Adding CT log: Google 'Argon2020' log
[47:54:1102/212007.879886:VERBOSE1:multi_log_ct_verifier.cc(75)] Adding CT log: Google 'Argon2021' log
[47:54:1102/212007.879894:VERBOSE1:multi_log_ct_verifier.cc(75)] Adding CT log: Google 'Aviator' log
[47:54:1102/212007.879903:VERBOSE1:multi_log_ct_verifier.cc(75)] Adding CT log: Google 'Icarus' log
[47:54:1102/212007.879911:VERBOSE1:multi_log_ct_verifier.cc(75)] Adding CT log: Google 'Pilot' log
[47:54:1102/212007.879919:VERBOSE1:multi_log_ct_verifier.cc(75)] Adding CT log: Google 'Rocketeer' log
[47:54:1102/212007.879928:VERBOSE1:multi_log_ct_verifier.cc(75)] Adding CT log: Google 'Skydiver' log
[47:54:1102/212007.879936:VERBOSE1:multi_log_ct_verifier.cc(75)] Adding CT log: Cloudflare 'Nimbus2018' Log
[47:54:1102/212007.879945:VERBOSE1:multi_log_ct_verifier.cc(75)] Adding CT log: Cloudflare 'Nimbus2019' Log
[47:54:1102/212007.879954:VERBOSE1:multi_log_ct_verifier.cc(75)] Adding CT log: Cloudflare 'Nimbus2020' Log
[47:54:1102/212007.879962:VERBOSE1:multi_log_ct_verifier.cc(75)] Adding CT log: Cloudflare 'Nimbus2021' Log
[47:54:1102/212007.879970:VERBOSE1:multi_log_ct_verifier.cc(75)] Adding CT log: DigiCert Log Server
[47:54:1102/212007.879978:VERBOSE1:multi_log_ct_verifier.cc(75)] Adding CT log: DigiCert Log Server 2
[47:54:1102/212007.879986:VERBOSE1:multi_log_ct_verifier.cc(75)] Adding CT log: DigiCert Yeti2018 Log
[47:54:1102/212007.879995:VERBOSE1:multi_log_ct_verifier.cc(75)] Adding CT log: DigiCert Yeti2019 Log
[47:54:1102/212007.880003:VERBOSE1:multi_log_ct_verifier.cc(75)] Adding CT log: DigiCert Yeti2020 Log
[47:54:1102/212007.880011:VERBOSE1:multi_log_ct_verifier.cc(75)] Adding CT log: DigiCert Yeti2021 Log
[47:54:1102/212007.880019:VERBOSE1:multi_log_ct_verifier.cc(75)] Adding CT log: DigiCert Yeti2022 Log
[47:54:1102/212007.880027:VERBOSE1:multi_log_ct_verifier.cc(75)] Adding CT log: Symantec log
[47:54:1102/212007.880035:VERBOSE1:multi_log_ct_verifier.cc(75)] Adding CT log: Symantec 'Vega' log
[47:54:1102/212007.880043:VERBOSE1:multi_log_ct_verifier.cc(75)] Adding CT log: Symantec 'Sirius' log
[47:54:1102/212007.880051:VERBOSE1:multi_log_ct_verifier.cc(75)] Adding CT log: Venafi Gen2 CT log
[47:54:1102/212007.880059:VERBOSE1:multi_log_ct_verifier.cc(75)] Adding CT log: CNNIC CT log
[47:54:1102/212007.880065:VERBOSE1:multi_log_ct_verifier.cc(75)] Adding CT log: Comodo 'Sabre' CT log
[47:54:1102/212007.880074:VERBOSE1:multi_log_ct_verifier.cc(75)] Adding CT log: Comodo 'Mammoth' CT log
[47:54:1102/212007.880082:VERBOSE1:multi_log_ct_verifier.cc(75)] Adding CT log: StartCom log
[47:54:1102/212007.880090:VERBOSE1:multi_log_ct_verifier.cc(75)] Adding CT log: WoSign log
[47:54:1102/212007.880098:VERBOSE1:multi_log_ct_verifier.cc(75)] Adding CT log: Izenpe log
[47:54:1102/212007.880106:VERBOSE1:multi_log_ct_verifier.cc(75)] Adding CT log: Venafi log
[47:54:1102/212007.880114:VERBOSE1:multi_log_ct_verifier.cc(75)] Adding CT log: Certly.IO log
[47:54:1102/212007.880213:VERBOSE1:proxy_resolution_service.cc(1022)] PAC support disabled because there is no system implementation
[47:47:1102/212007.882576:ERROR:gpu_process_transport_factory.cc(1016)] Lost UI shared context.
[47:47:1102/212007.891695:VERBOSE1:pulse_stubs.cc(683)] dlopen(libpulse.so.0) failed, dlerror() says:
libpulse.so.0: cannot open shared object file: No such file or directory
[47:47:1102/212007.891737:VERBOSE1:pulse_util.cc(105)] Failed on loading the Pulse library and symbols
[47:47:1102/212007.901899:VERBOSE1:mutable_profile_oauth2_token_service_delegate.cc(347)] MutablePO2TS::MutablePO2TS
[47:47:1102/212007.901965:VERBOSE1:device_event_log_impl.cc(161)] [21:20:07.901] Bluetooth: EVENT: bluetooth_api.cc:72 BluetoothAPI: 0x2eac76815000
[47:47:1102/212007.902130:VERBOSE1:bluetooth_low_energy_event_router.cc(248)] Initializing BluetoothLowEnergyEventRouter.
[47:47:1102/212007.903142:VERBOSE1:dns_sd_registry.cc(158)] RegisterDnsSdListener: _googlecast._tcp.local, registered: 0
[47:47:1102/212007.903160:VERBOSE1:service_discovery_device_lister.cc(40)] DeviceListerStart: service_type: _googlecast._tcp.local
[47:47:1102/212007.903171:VERBOSE1:dns_sd_device_lister.cc(46)] Started device lister for service type _googlecast._tcp.local
[47:47:1102/212007.903180:VERBOSE1:service_discovery_device_lister.cc(46)] DiscoverNewDevices: service_type: _googlecast._tcp.local
[47:47:1102/212007.903189:VERBOSE1:dns_sd_device_lister.cc(50)] Discovery new devices for service type _googlecast._tcp.local
[47:47:1102/212007.903197:VERBOSE1:dns_sd_registry.cc(249)] DispatchApiEvent: service_type: _googlecast._tcp.local
[47:47:1102/212007.936990:VERBOSE1:pref_proxy_config_tracker_impl.cc(184)] 0x2eac76b8a000: set chrome proxy config service to 0x2eac769b0900
[47:47:1102/212007.937041:ERROR:default_network_context_params.cc(60)] Cannot use V8 Proxy resolver in single process mode.
[47:54:1102/212007.938019:VERBOSE1:multi_log_ct_verifier.cc(75)] Adding CT log: Google 'Argon2018' log
[47:54:1102/212007.938036:VERBOSE1:multi_log_ct_verifier.cc(75)] Adding CT log: Google 'Argon2019' log
[47:54:1102/212007.938045:VERBOSE1:multi_log_ct_verifier.cc(75)] Adding CT log: Google 'Argon2020' log
[47:54:1102/212007.938070:VERBOSE1:multi_log_ct_verifier.cc(75)] Adding CT log: Google 'Argon2021' log
[47:54:1102/212007.938079:VERBOSE1:multi_log_ct_verifier.cc(75)] Adding CT log: Google 'Aviator' log
[47:54:1102/212007.938086:VERBOSE1:multi_log_ct_verifier.cc(75)] Adding CT log: Google 'Icarus' log
[47:54:1102/212007.938094:VERBOSE1:multi_log_ct_verifier.cc(75)] Adding CT log: Google 'Pilot' log
[47:54:1102/212007.938102:VERBOSE1:multi_log_ct_verifier.cc(75)] Adding CT log: Google 'Rocketeer' log
[47:54:1102/212007.938109:VERBOSE1:multi_log_ct_verifier.cc(75)] Adding CT log: Google 'Skydiver' log
[47:54:1102/212007.938116:VERBOSE1:multi_log_ct_verifier.cc(75)] Adding CT log: Cloudflare 'Nimbus2018' Log
[47:54:1102/212007.938123:VERBOSE1:multi_log_ct_verifier.cc(75)] Adding CT log: Cloudflare 'Nimbus2019' Log
[47:54:1102/212007.938131:VERBOSE1:multi_log_ct_verifier.cc(75)] Adding CT log: Cloudflare 'Nimbus2020' Log
[47:54:1102/212007.938139:VERBOSE1:multi_log_ct_verifier.cc(75)] Adding CT log: Cloudflare 'Nimbus2021' Log
[47:54:1102/212007.938147:VERBOSE1:multi_log_ct_verifier.cc(75)] Adding CT log: DigiCert Log Server
[47:54:1102/212007.938154:VERBOSE1:multi_log_ct_verifier.cc(75)] Adding CT log: DigiCert Log Server 2
[47:54:1102/212007.938162:VERBOSE1:multi_log_ct_verifier.cc(75)] Adding CT log: DigiCert Yeti2018 Log
[47:54:1102/212007.938171:VERBOSE1:multi_log_ct_verifier.cc(75)] Adding CT log: DigiCert Yeti2019 Log
[47:54:1102/212007.938179:VERBOSE1:multi_log_ct_verifier.cc(75)] Adding CT log: DigiCert Yeti2020 Log
[47:54:1102/212007.938187:VERBOSE1:multi_log_ct_verifier.cc(75)] Adding CT log: DigiCert Yeti2021 Log
[47:54:1102/212007.938195:VERBOSE1:multi_log_ct_verifier.cc(75)] Adding CT log: DigiCert Yeti2022 Log
[47:54:1102/212007.938203:VERBOSE1:multi_log_ct_verifier.cc(75)] Adding CT log: Symantec log
[47:54:1102/212007.938211:VERBOSE1:multi_log_ct_verifier.cc(75)] Adding CT log: Symantec 'Vega' log
[47:54:1102/212007.938220:VERBOSE1:multi_log_ct_verifier.cc(75)] Adding CT log: Symantec 'Sirius' log
[47:54:1102/212007.938228:VERBOSE1:multi_log_ct_verifier.cc(75)] Adding CT log: Venafi Gen2 CT log
[47:54:1102/212007.938242:VERBOSE1:multi_log_ct_verifier.cc(75)] Adding CT log: CNNIC CT log
[47:54:1102/212007.938250:VERBOSE1:multi_log_ct_verifier.cc(75)] Adding CT log: Comodo 'Sabre' CT log
[47:54:1102/212007.938259:VERBOSE1:multi_log_ct_verifier.cc(75)] Adding CT log: Comodo 'Mammoth' CT log
[47:54:1102/212007.938267:VERBOSE1:multi_log_ct_verifier.cc(75)] Adding CT log: StartCom log
[47:54:1102/212007.938275:VERBOSE1:multi_log_ct_verifier.cc(75)] Adding CT log: WoSign log
[47:54:1102/212007.938283:VERBOSE1:multi_log_ct_verifier.cc(75)] Adding CT log: Izenpe log
[47:54:1102/212007.938291:VERBOSE1:multi_log_ct_verifier.cc(75)] Adding CT log: Venafi log
[47:54:1102/212007.938299:VERBOSE1:multi_log_ct_verifier.cc(75)] Adding CT log: Certly.IO log
[47:54:1102/212007.938321:VERBOSE1:proxy_resolution_service.cc(1022)] PAC support disabled because there is no system implementation
[47:47:1102/212007.939527:VERBOSE1:extension_service.cc(1254)] AddComponentExtension Cloud Print
[47:47:1102/212007.939545:VERBOSE1:extension_service.cc(1256)] Component extension Cloud Print (mfehgcgbbipciphmccgaenjidiccnmng) installing/upgrading from '' to 0.1
[47:47:1102/212007.939945:VERBOSE1:extension_service.cc(1254)] AddComponentExtension Web Store
[47:47:1102/212007.939955:VERBOSE1:extension_service.cc(1256)] Component extension Web Store (ahfgeienlihckogmohjhadlkjgocpleb) installing/upgrading from '' to 0.2
[47:47:1102/212007.940328:VERBOSE1:extension_service.cc(1254)] AddComponentExtension Chromium PDF Viewer
[47:47:1102/212007.940339:VERBOSE1:extension_service.cc(1256)] Component extension Chromium PDF Viewer (mhjfbmdgcfjbbpaeojofohoefgiehjai) installing/upgrading from '' to 1
[47:47:1102/212007.941701:VERBOSE1:account_reconcilor.cc(101)] AccountReconcilor::AccountReconcilor
[47:47:1102/212007.941718:VERBOSE1:account_reconcilor.cc(115)] AccountReconcilor::Initialize
[47:47:1102/212007.957611:VERBOSE1:file_type_policies_component_installer.cc(134)] Registering File Type Policies component.
[47:47:1102/212007.958225:WARNING:browser_main_loop.cc(271)] GLib-GObject: g_object_get_valist: object class 'GtkSettings' has no property named 'gtk-application-prefer-dark-theme'
[47:47:1102/212007.967211:WARNING:password_store_factory.cc(250)] Using basic (unencrypted) store for password storage. See https://chromium.googlesource.com/chromium/src/+/master/docs/linux_password_storage.md for more information about password storage options.
[47:54:1102/212007.981579:VERBOSE1:network_delegate.cc(30)] NetworkDelegate::NotifyBeforeURLRequest: data:,
[47:54:1102/212007.981642:VERBOSE1:network_delegate.cc(30)] NetworkDelegate::NotifyBeforeURLRequest: data:,
[47:54:1102/212007.981659:VERBOSE1:network_delegate.cc(30)] NetworkDelegate::NotifyBeforeURLRequest: data:,
[47:47:1102/212008.018619:VERBOSE1:bluez_dbus_manager.cc(174)] Bluetooth not supported.
[47:47:1102/212008.019817:VERBOSE1:gaia_cookie_manager_service.cc(787)] GaiaCookieManagerService::ListAccounts
[47:54:1102/212008.019972:VERBOSE1:network_delegate.cc(30)] NetworkDelegate::NotifyBeforeURLRequest: https://accounts.google.com/ListAccounts?gpsia=1&source=durations_metrics,counter:0,load_time_ms:117&json=standard
[47:54:1102/212008.019991:VERBOSE1:network_delegate.cc(30)] NetworkDelegate::NotifyBeforeURLRequest: https://accounts.google.com/ListAccounts?gpsia=1&source=durations_metrics,counter:0,load_time_ms:117&json=standard
[47:54:1102/212008.020008:VERBOSE1:network_delegate.cc(30)] NetworkDelegate::NotifyBeforeURLRequest: https://accounts.google.com/ListAccounts?gpsia=1&source=durations_metrics,counter:0,load_time_ms:117&json=standard
[47:54:1102/212008.020645:VERBOSE1:mdns_client_impl.cc(160)] Sockets ready:2
[47:82:1102/212008.037304:WARNING:histograms.cc(40)] Started multiple compositor clients (Browser, Renderer) in one process. Some metrics will be disabled.
[47:77:1102/212008.057905:ERROR:bus.cc(394)] Failed to connect to the bus: Address does not contain a colon
[47:62:1102/212008.076312:VERBOSE1:component_installer.cc(252)] StartRegistration for Subresource Filter Rules
[47:62:1102/212008.076479:VERBOSE1:component_installer.cc(252)] StartRegistration for CRLSet
[47:62:1102/212008.076603:VERBOSE1:component_installer.cc(252)] StartRegistration for Signed Tree Heads
[47:62:1102/212008.076705:VERBOSE1:component_installer.cc(252)] StartRegistration for Origin Trials
[47:62:1102/212008.076812:VERBOSE1:component_installer.cc(252)] StartRegistration for File Type Policies
[47:62:1102/212008.076917:VERBOSE1:component_installer.cc(252)] StartRegistration for SSL Error Assistant
[47:62:1102/212008.077340:VERBOSE1:component_installer.cc(252)] StartRegistration for MEI Preload
[47:54:1102/212008.077788:VERBOSE1:network_delegate.cc(30)] NetworkDelegate::NotifyBeforeURLRequest: chrome-extension://aapnijgdinlhnhlmodcfapnahmbfebeb/_generated_background_page.html
[47:54:1102/212008.077804:VERBOSE1:network_delegate.cc(30)] NetworkDelegate::NotifyBeforeURLRequest: chrome-extension://aapnijgdinlhnhlmodcfapnahmbfebeb/_generated_background_page.html
[47:54:1102/212008.077815:VERBOSE1:network_delegate.cc(30)] NetworkDelegate::NotifyBeforeURLRequest: chrome-extension://aapnijgdinlhnhlmodcfapnahmbfebeb/_generated_background_page.html
[47:47:1102/212008.096487:VERBOSE1:component_installer.cc(396)] FinishRegistration for Subresource Filter Rules
[47:47:1102/212008.096525:VERBOSE1:component_updater_service.cc(88)] CrxUpdateService starting up. First update attempt will take place in 360 seconds. Next update attempt will take place in 18000 seconds. 
[47:47:1102/212008.096549:VERBOSE1:component_installer.cc(396)] FinishRegistration for CRLSet
[47:47:1102/212008.096566:VERBOSE1:component_installer.cc(396)] FinishRegistration for Signed Tree Heads
[47:47:1102/212008.096588:VERBOSE1:component_installer.cc(396)] FinishRegistration for Origin Trials
[47:47:1102/212008.096903:VERBOSE1:component_installer.cc(396)] FinishRegistration for File Type Policies
[47:47:1102/212008.096948:VERBOSE1:component_installer.cc(396)] FinishRegistration for SSL Error Assistant
[47:47:1102/212008.096968:VERBOSE1:component_installer.cc(396)] FinishRegistration for MEI Preload
[47:80:1102/212008.115916:ERROR:gles2_command_buffer_stub.cc(129)] ContextResult::kFatalFailure: Failed to create default offscreen surface.
[47:54:1102/212008.141345:VERBOSE1:network_delegate.cc(30)] NetworkDelegate::NotifyBeforeURLRequest: https://www.gstatic.com/chrome/intelligence/assist/ranker/models/translate/translate_ranker_20180123.model
[47:54:1102/212008.141375:VERBOSE1:network_delegate.cc(30)] NetworkDelegate::NotifyBeforeURLRequest: https://www.gstatic.com/chrome/intelligence/assist/ranker/models/translate/translate_ranker_20180123.model
[47:80:1102/212008.161316:ERROR:gles2_command_buffer_stub.cc(129)] ContextResult::kFatalFailure: Failed to create default offscreen surface.
[47:54:1102/212008.178204:VERBOSE1:network_delegate.cc(30)] NetworkDelegate::NotifyBeforeURLRequest: chrome-extension://aapnijgdinlhnhlmodcfapnahmbfebeb/background.js
[47:54:1102/212008.178227:VERBOSE1:network_delegate.cc(30)] NetworkDelegate::NotifyBeforeURLRequest: chrome-extension://aapnijgdinlhnhlmodcfapnahmbfebeb/background.js
[47:54:1102/212008.178249:VERBOSE1:network_delegate.cc(30)] NetworkDelegate::NotifyBeforeURLRequest: chrome-extension://aapnijgdinlhnhlmodcfapnahmbfebeb/background.js
[47:82:1102/212008.216128:VERBOSE1:v8_context_snapshot.cc(139)] A context is created from snapshot for main world
[47:82:1102/212008.216296:VERBOSE1:script_context.cc(91)] Created context:
  extension id:           aapnijgdinlhnhlmodcfapnahmbfebeb
  frame:                  0x2cb494671408
  URL:                    
  context_type:           BLESSED_EXTENSION
  effective extension id: aapnijgdinlhnhlmodcfapnahmbfebeb
  effective context type: BLESSED_EXTENSION
[47:82:1102/212008.217279:VERBOSE1:script_context.cc(91)] Created context:
  extension id:           (none)
  frame:                  (nil)
  URL:                    
  context_type:           UNSPECIFIED
  effective extension id: (none)
  effective context type: UNSPECIFIED
[47:67:1102/212008.220983:VERBOSE1:simple_index_file.cc(586)] Simple Cache Index is being restored from disk.
[47:82:1102/212008.283393:VERBOSE1:dispatcher.cc(360)] Num tracked contexts: 1
[47:82:1102/212008.286957:VERBOSE1:language_detection_util.cc(129)] Detected language: und
[47:82:1102/212008.301486:VERBOSE1:v8_context_snapshot.cc(139)] A context is created from snapshot for main world
[47:82:1102/212008.301571:VERBOSE1:script_context.cc(91)] Created context:
  extension id:           (none)
  frame:                  0x2cb494661c28
  URL:                    
  context_type:           WEB_PAGE
  effective extension id: (none)
  effective context type: WEB_PAGE
[47:82:1102/212008.301627:VERBOSE1:script_context.cc(91)] Created context:
  extension id:           (none)
  frame:                  (nil)
  URL:                    
  context_type:           UNSPECIFIED
  effective extension id: (none)
  effective context type: UNSPECIFIED
[47:82:1102/212008.302145:VERBOSE1:dispatcher.cc(360)] Num tracked contexts: 2
[47:47:1102/212008.722925:VERBOSE1:gaia_cookie_manager_service.cc(650)] ListAccounts successful
[47:47:1102/212008.722947:VERBOSE1:gaia_cookie_manager_service.cc(796)] GaiaCookieManagerService::HandleNextRequest
[47:47:1102/212008.722957:VERBOSE1:gaia_cookie_manager_service.cc(812)] GaiaCookieManagerService::HandleNextRequest: no more
[47:82:1102/212008.906611:VERBOSE1:v8_context_snapshot.cc(139)] A context is created from snapshot for main world
[47:82:1102/212008.906691:VERBOSE1:script_context.cc(91)] Created context:
  extension id:           (none)
  frame:                  0x2cb49467c3c0
  URL:                    
  context_type:           WEB_PAGE
  effective extension id: (none)
  effective context type: WEB_PAGE
[47:82:1102/212008.906747:VERBOSE1:script_context.cc(91)] Created context:
  extension id:           (none)
  frame:                  (nil)
  URL:                    
  context_type:           UNSPECIFIED
  effective extension id: (none)
  effective context type: UNSPECIFIED
[47:82:1102/212008.907205:VERBOSE1:dispatcher.cc(360)] Num tracked contexts: 3
[47:82:1102/212008.939709:VERBOSE1:dispatcher.cc(498)] Num tracked contexts: 2
[47:82:1102/212008.940593:VERBOSE1:script_context.cc(98)] Destroyed context for extension
  extension id: 
  effective extension id: 
[47:82:1102/212008.940631:VERBOSE1:script_context.cc(98)] Destroyed context for extension
  extension id: 
  effective extension id: 
[47:54:1102/212008.955728:VERBOSE1:network_delegate.cc(30)] NetworkDelegate::NotifyBeforeURLRequest: data:/,
[47:54:1102/212008.955751:VERBOSE1:network_delegate.cc(30)] NetworkDelegate::NotifyBeforeURLRequest: data:/,
[47:54:1102/212008.955766:VERBOSE1:network_delegate.cc(30)] NetworkDelegate::NotifyBeforeURLRequest: data:/,
[47:82:1102/212008.956724:VERBOSE1:thread_state.cc(1430)] [state:0x5592d54b2ae0] CollectGarbage: time: 0.75ms stack: NoHeapPointersOnStack marking: AtomicMarking sweeping: LazySweeping reason: IdleGC
[47:82:1102/212008.958316:VERBOSE1:thread_state.cc(1024)] [state:0x5592d54b2ae0] PostSweep: collection_rate: 36%
[47:82:1102/212008.959139:VERBOSE1:dispatcher.cc(498)] Num tracked contexts: 1
[47:82:1102/212008.960941:VERBOSE1:v8_context_snapshot.cc(139)] A context is created from snapshot for main world
[47:82:1102/212008.961021:VERBOSE1:script_context.cc(91)] Created context:
  extension id:           (none)
  frame:                  0x2cb494661c28
  URL:                    
  context_type:           WEB_PAGE
  effective extension id: (none)
  effective context type: WEB_PAGE
[47:82:1102/212008.961077:VERBOSE1:script_context.cc(91)] Created context:
  extension id:           (none)
  frame:                  (nil)
  URL:                    
  context_type:           UNSPECIFIED
  effective extension id: (none)
  effective context type: UNSPECIFIED
[47:82:1102/212008.961623:VERBOSE1:dispatcher.cc(360)] Num tracked contexts: 2
[47:82:1102/212008.963820:VERBOSE1:language_detection_util.cc(129)] Detected language: und
[47:82:1102/212008.975851:VERBOSE1:script_context.cc(98)] Destroyed context for extension
  extension id: 
  effective extension id: 
[47:82:1102/212008.975883:VERBOSE1:script_context.cc(98)] Destroyed context for extension
  extension id: 
  effective extension id: 
