[1541193570.455][INFO]: COMMAND InitSession {
   "desiredCapabilities": {
      "browserName": "chrome",
      "chromeOptions": {
         "args": [ "--disable-gpu", "--single-process", "--no-sandbox", "--data-path=/tmp/data-path", "--homedir=/tmp/homedir", "--disk-cache-dir=/tmp", "--disk-cache-size=1", "--media-cache-size=1", "--allow-file-access-from-files", "--enable-logging", "--v=1", "--disable-web-security", "--disable-extensions", "--ignore-certificate-errors", "--disable-ntp-most-likely-favicons-from-server", "--disable-ntp-popular-sites", "--window-size=1366,1024", "--disable-infobars", "--disable-dev-shm-usage", "..." ],
         "binary": "/tmp/chrome-lambda/chrome",
         "prefs": {
            "credentials_enable_service": false,
            "profile": {
               "password_manager_enabled": false
            }
         }
      },
      "count": 1
   }
}
[1541193570.455][INFO]: Populating Preferences file: {
   "alternate_error_pages": {
      "enabled": false
   },
   "autofill": {
      "enabled": false
   },
   "browser": {
      "check_default_browser": false
   },
   "credentials_enable_service": false,
   "distribution": {
      "import_bookmarks": false,
      "import_history": false,
      "import_search_engine": false,
      "make_chrome_default_for_user": false,
      "skip_first_run_ui": true
   },
   "dns_prefetching": {
      "enabled": false
   },
   "profile": {
      "password_manager_enabled": false
   },
   "safebrowsing": {
      "enabled": false
   },
   "search": {
      "suggest_enabled": false
   },
   "translate": {
      "enabled": false
   }
}
[1541193570.455][INFO]: Populating Local State file: {
   "background_mode": {
      "enabled": false
   },
   "ssl": {
      "rev_checking": {
         "enabled": false
      }
   }
}
[1541193570.456][INFO]: Launching chrome: /tmp/chrome-lambda/chrome --allow-file-access-from-files --data-path=/tmp/data-path --disable-background-networking --disable-client-side-phishing-detection --disable-default-apps --disable-dev-shm-usage --disable-extensions --disable-extensions-except=/tmp/.org.chromium.Chromium.hEPzcS/internal --disable-gpu --disable-hang-monitor --disable-infobars --disable-ntp-most-likely-favicons-from-server --disable-ntp-popular-sites --disable-popup-blocking --disable-prompt-on-repost --disable-sync --disable-web-resources --disable-web-security --disk-cache-dir=/tmp --disk-cache-size=1 --enable-automation --enable-logging --enable-precise-memory-info --force-fieldtrials=SiteIsolationExtensions/Control --homedir=/tmp/homedir --ignore-certificate-errors --log-level=0 --media-cache-size=1 --metrics-recording-only --no-first-run --no-sandbox --password-store=basic --remote-debugging-port=0 --single-process --test-type=webdriver --use-mock-keychain --user-data-dir=/tmp/.org.chromium.Chromium.makTNL --v=1 --window-size=1366,1024 data:,
prctl(PR_SET_NO_NEW_PRIVS) failed
Xlib:  extension "RANDR" missing on display ":99".
Fontconfig warning: "/etc/fonts/conf.d/30-metric-aliases.conf", line 84: Having multiple <family> in <alias> isn't supported and may not work as expected
Fontconfig warning: "/etc/fonts/conf.d/30-metric-aliases.conf", line 84: Having multiple <family> in <alias> isn't supported and may not work as expected
Fontconfig warning: "/etc/fonts/conf.d/30-metric-aliases.conf", line 93: Having multiple <family> in <alias> isn't supported and may not work as expected
Fontconfig warning: "/etc/fonts/conf.d/30-metric-aliases.conf", line 93: Having multiple <family> in <alias> isn't supported and may not work as expected
Fontconfig warning: "/etc/fonts/conf.d/30-metric-aliases.conf", line 102: Having multiple <family> in <alias> isn't supported and may not work as expected
Fontconfig warning: "/etc/fonts/conf.d/30-metric-aliases.conf", line 102: Having multiple <family> in <alias> isn't supported and may not work as expected
Fontconfig warning: "/etc/fonts/conf.d/40-nonlatin.conf", line 33: Having multiple <family> in <alias> isn't supported and may not work as expected
Fontconfig warning: "/etc/fonts/conf.d/40-nonlatin.conf", line 33: Having multiple <family> in <alias> isn't supported and may not work as expected
Fontconfig warning: "/etc/fonts/conf.d/40-nonlatin.conf", line 33: Having multiple <family> in <alias> isn't supported and may not work as expected
Fontconfig warning: "/etc/fonts/conf.d/40-nonlatin.conf", line 33: Having multiple <family> in <alias> isn't supported and may not work as expected
Fontconfig warning: "/etc/fonts/conf.d/40-nonlatin.conf", line 33: Having multiple <family> in <alias> isn't supported and may not work as expected
Fontconfig warning: "/etc/fonts/conf.d/40-nonlatin.conf", line 33: Having multiple <family> in <alias> isn't supported and may not work as expected
Fontconfig warning: "/etc/fonts/conf.d/40-nonlatin.conf", line 33: Having multiple <family> in <alias> isn't supported and may not work as expected
Fontconfig warning: "/etc/fonts/conf.d/40-nonlatin.conf", line 33: Having multiple <family> in <alias> isn't supported and may not work as expected
Fontconfig warning: "/etc/fonts/conf.d/40-nonlatin.conf", line 33: Having multiple <family> in <alias> isn't supported and may not work as expected
Fontconfig warning: "/etc/fonts/conf.d/40-nonlatin.conf", line 33: Having multiple <family> in <alias> isn't supported and may not work as expected
Fontconfig warning: "/etc/fonts/conf.d/40-nonlatin.conf", line 33: Having multiple <family> in <alias> isn't supported and may not work as expected
Fontconfig warning: "/etc/fonts/conf.d/40-nonlatin.conf", line 33: Having multiple <family> in <alias> isn't supported and may not work as expected
Fontconfig warning: "/etc/fonts/conf.d/40-nonlatin.conf", line 33: Having multiple <family> in <alias> isn't supported and may not work as expected
Fontconfig warning: "/etc/fonts/conf.d/40-nonlatin.conf", line 33: Having multiple <family> in <alias> isn't supported and may not work as expected
Fontconfig warning: "/etc/fonts/conf.d/40-nonlatin.conf", line 33: Having multiple <family> in <alias> isn't supported and may not work as expected
Fontconfig warning: "/etc/fonts/conf.d/40-nonlatin.conf", line 33: Having multiple <family> in <alias> isn't supported and may not work as expected
Fontconfig warning: "/etc/fonts/conf.d/40-nonlatin.conf", line 33: Having multiple <family> in <alias> isn't supported and may not work as expected
Fontconfig warning: "/etc/fonts/conf.d/40-nonlatin.conf", line 33: Having multiple <family> in <alias> isn't supported and may not work as expected
Fontconfig warning: "/etc/fonts/conf.d/40-nonlatin.conf", line 59: Having multiple <family> in <alias> isn't supported and may not work as expected
Fontconfig warning: "/etc/fonts/conf.d/40-nonlatin.conf", line 59: Having multiple <family> in <alias> isn't supported and may not work as expected
Fontconfig warning: "/etc/fonts/conf.d/40-nonlatin.conf", line 59: Having multiple <family> in <alias> isn't supported and may not work as expected
Fontconfig warning: "/etc/fonts/conf.d/40-nonlatin.conf", line 59: Having multiple <family> in <alias> isn't supported and may not work as expected
Fontconfig warning: "/etc/fonts/conf.d/40-nonlatin.conf", line 59: Having multiple <family> in <alias> isn't supported and may not work as expected
Fontconfig warning: "/etc/fonts/conf.d/40-nonlatin.conf", line 59: Having multiple <family> in <alias> isn't supported and may not work as expected
Fontconfig warning: "/etc/fonts/conf.d/40-nonlatin.conf", line 59: Having multiple <family> in <alias> isn't supported and may not work as expected
Fontconfig warning: "/etc/fonts/conf.d/40-nonlatin.conf", line 59: Having multiple <family> in <alias> isn't supported and may not work as expected
Fontconfig warning: "/etc/fonts/conf.d/40-nonlatin.conf", line 59: Having multiple <family> in <alias> isn't supported and may not work as expected
Fontconfig warning: "/etc/fonts/conf.d/40-nonlatin.conf", line 59: Having multiple <family> in <alias> isn't supported and may not work as expected
Fontconfig warning: "/etc/fonts/conf.d/40-nonlatin.conf", line 59: Having multiple <family> in <alias> isn't supported and may not work as expected
Fontconfig warning: "/etc/fonts/conf.d/40-nonlatin.conf", line 59: Having multiple <family> in <alias> isn't supported and may not work as expected
Fontconfig warning: "/etc/fonts/conf.d/40-nonlatin.conf", line 59: Having multiple <family> in <alias> isn't supported and may not work as expected
Fontconfig warning: "/etc/fonts/conf.d/40-nonlatin.conf", line 59: Having multiple <family> in <alias> isn't supported and may not work as expected
Fontconfig warning: "/etc/fonts/conf.d/40-nonlatin.conf", line 59: Having multiple <family> in <alias> isn't supported and may not work as expected
Fontconfig warning: "/etc/fonts/conf.d/40-nonlatin.conf", line 59: Having multiple <family> in <alias> isn't supported and may not work as expected
Fontconfig warning: "/etc/fonts/conf.d/40-nonlatin.conf", line 59: Having multiple <family> in <alias> isn't supported and may not work as expected
Fontconfig warning: "/etc/fonts/conf.d/40-nonlatin.conf", line 59: Having multiple <family> in <alias> isn't supported and may not work as expected
Fontconfig warning: "/etc/fonts/conf.d/40-nonlatin.conf", line 59: Having multiple <family> in <alias> isn't supported and may not work as expected
Fontconfig warning: "/etc/fonts/conf.d/40-nonlatin.conf", line 68: Having multiple <family> in <alias> isn't supported and may not work as expected
Fontconfig warning: "/etc/fonts/conf.d/40-nonlatin.conf", line 68: Having multiple <family> in <alias> isn't supported and may not work as expected
Fontconfig warning: "/etc/fonts/conf.d/40-nonlatin.conf", line 79: Having multiple <family> in <alias> isn't supported and may not work as expected
Fontconfig warning: "/etc/fonts/conf.d/40-nonlatin.conf", line 79: Having multiple <family> in <alias> isn't supported and may not work as expected
Fontconfig warning: "/etc/fonts/conf.d/40-nonlatin.conf", line 79: Having multiple <family> in <alias> isn't supported and may not work as expected
Fontconfig warning: "/etc/fonts/conf.d/40-nonlatin.conf", line 88: Having multiple <family> in <alias> isn't supported and may not work as expected
Fontconfig warning: "/etc/fonts/conf.d/45-latin.conf", line 23: Having multiple <family> in <alias> isn't supported and may not work as expected
Fontconfig warning: "/etc/fonts/conf.d/45-latin.conf", line 23: Having multiple <family> in <alias> isn't supported and may not work as expected
Fontconfig warning: "/etc/fonts/conf.d/45-latin.conf", line 23: Having multiple <family> in <alias> isn't supported and may not work as expected
Fontconfig warning: "/etc/fonts/conf.d/45-latin.conf", line 23: Having multiple <family> in <alias> isn't supported and may not work as expected
Fontconfig warning: "/etc/fonts/conf.d/45-latin.conf", line 23: Having multiple <family> in <alias> isn't supported and may not work as expected
Fontconfig warning: "/etc/fonts/conf.d/45-latin.conf", line 23: Having multiple <family> in <alias> isn't supported and may not work as expected
Fontconfig warning: "/etc/fonts/conf.d/45-latin.conf", line 23: Having multiple <family> in <alias> isn't supported and may not work as expected
Fontconfig warning: "/etc/fonts/conf.d/45-latin.conf", line 23: Having multiple <family> in <alias> isn't supported and may not work as expected
Fontconfig warning: "/etc/fonts/conf.d/45-latin.conf", line 39: Having multiple <family> in <alias> isn't supported and may not work as expected
Fontconfig warning: "/etc/fonts/conf.d/45-latin.conf", line 39: Having multiple <family> in <alias> isn't supported and may not work as expected
Fontconfig warning: "/etc/fonts/conf.d/45-latin.conf", line 39: Having multiple <family> in <alias> isn't supported and may not work as expected
Fontconfig warning: "/etc/fonts/conf.d/45-latin.conf", line 39: Having multiple <family> in <alias> isn't supported and may not work as expected
Fontconfig warning: "/etc/fonts/conf.d/45-latin.conf", line 39: Having multiple <family> in <alias> isn't supported and may not work as expected
Fontconfig warning: "/etc/fonts/conf.d/45-latin.conf", line 39: Having multiple <family> in <alias> isn't supported and may not work as expected
Fontconfig warning: "/etc/fonts/conf.d/45-latin.conf", line 39: Having multiple <family> in <alias> isn't supported and may not work as expected
Fontconfig warning: "/etc/fonts/conf.d/45-latin.conf", line 39: Having multiple <family> in <alias> isn't supported and may not work as expected
Fontconfig warning: "/etc/fonts/conf.d/45-latin.conf", line 39: Having multiple <family> in <alias> isn't supported and may not work as expected
Fontconfig warning: "/etc/fonts/conf.d/45-latin.conf", line 56: Having multiple <family> in <alias> isn't supported and may not work as expected
Fontconfig warning: "/etc/fonts/conf.d/45-latin.conf", line 56: Having multiple <family> in <alias> isn't supported and may not work as expected
Fontconfig warning: "/etc/fonts/conf.d/45-latin.conf", line 56: Having multiple <family> in <alias> isn't supported and may not work as expected
Fontconfig warning: "/etc/fonts/conf.d/45-latin.conf", line 56: Having multiple <family> in <alias> isn't supported and may not work as expected
Fontconfig warning: "/etc/fonts/conf.d/45-latin.conf", line 56: Having multiple <family> in <alias> isn't supported and may not work as expected
Fontconfig warning: "/etc/fonts/conf.d/45-latin.conf", line 56: Having multiple <family> in <alias> isn't supported and may not work as expected
Fontconfig warning: "/etc/fonts/conf.d/45-latin.conf", line 56: Having multiple <family> in <alias> isn't supported and may not work as expected
Fontconfig warning: "/etc/fonts/conf.d/45-latin.conf", line 56: Having multiple <family> in <alias> isn't supported and may not work as expected
Fontconfig warning: "/etc/fonts/conf.d/45-latin.conf", line 56: Having multiple <family> in <alias> isn't supported and may not work as expected
Fontconfig warning: "/etc/fonts/conf.d/45-latin.conf", line 56: Having multiple <family> in <alias> isn't supported and may not work as expected
Fontconfig warning: "/etc/fonts/conf.d/45-latin.conf", line 66: Having multiple <family> in <alias> isn't supported and may not work as expected
Fontconfig warning: "/etc/fonts/conf.d/45-latin.conf", line 66: Having multiple <family> in <alias> isn't supported and may not work as expected
Fontconfig warning: "/etc/fonts/conf.d/45-latin.conf", line 66: Having multiple <family> in <alias> isn't supported and may not work as expected
Fontconfig warning: "/etc/fonts/conf.d/45-latin.conf", line 75: Having multiple <family> in <alias> isn't supported and may not work as expected
Fontconfig warning: "/etc/fonts/conf.d/45-latin.conf", line 75: Having multiple <family> in <alias> isn't supported and may not work as expected
Fontconfig warning: "/etc/fonts/fonts.conf", line 142: blank doesn't take any effect anymore. please remove it from your fonts.conf

(chrome:44): GLib-GIO-CRITICAL **: g_settings_schema_source_lookup: assertion 'source != NULL' failed

(chrome:44): GLib-GIO-CRITICAL **: g_settings_schema_source_lookup: assertion 'source != NULL' failed
[44:44:1102/211931.038573:ERROR:default_network_context_params.cc(60)] Cannot use V8 Proxy resolver in single process mode.
Xlib:  extension "RANDR" missing on display ":99".
[44:56:1102/211931.041453:ERROR:bus.cc(394)] Failed to connect to the bus: Failed to connect to socket /var/run/dbus/system_bus_socket: No such file or directory
[44:44:1102/211931.041773:ERROR:gpu_process_transport_factory.cc(1016)] Lost UI shared context.
[44:44:1102/211931.097079:ERROR:default_network_context_params.cc(60)] Cannot use V8 Proxy resolver in single process mode.

DevTools listening on ws://127.0.0.1:34653/devtools/browser/88ba0d52-3f3c-4e2c-9518-62ed1f34e601
[1541193571.152][DEBUG]: DevTools request: http://localhost:34653/json/version
[1541193571.153][SEVERE]: CreatePlatformSocket() returned an error, errno=97: Address family not supported by protocol (97)
[1541193571.160][DEBUG]: DevTools response: {
   "Browser": "Chrome/68.0.3440.75",
   "Protocol-Version": "1.3",
   "User-Agent": "Mozilla/5.0 (X11; Linux x86_64) AppleWebKit/537.36 (KHTML, like Gecko) Chrome/68.0.3440.75 Safari/537.36",
   "V8-Version": "6.8.275.24",
   "WebKit-Version": "537.36 (@cf598d63a4f1b9e7cd14f2a8433276b196e3e07d)",
   "webSocketDebuggerUrl": "ws://localhost:34653/devtools/browser/88ba0d52-3f3c-4e2c-9518-62ed1f34e601"
}

[44:77:1102/211931.173147:ERROR:bus.cc(394)] Failed to connect to the bus: Address does not contain a colon
[1541193571.178][DEBUG]: DevTools request: http://localhost:34653/json
[1541193571.197][DEBUG]: DevTools response: [ {
   "description": "",
   "devtoolsFrontendUrl": "/devtools/inspector.html?ws=localhost:34653/devtools/page/541A8C2295819FDB1ABC35AF6AF7C337",
   "id": "541A8C2295819FDB1ABC35AF6AF7C337",
   "title": "Chrome Automation Extension",
   "type": "background_page",
   "url": "chrome-extension://aapnijgdinlhnhlmodcfapnahmbfebeb/_generated_background_page.html",
   "webSocketDebuggerUrl": "ws://localhost:34653/devtools/page/541A8C2295819FDB1ABC35AF6AF7C337"
}, {
   "description": "",
   "devtoolsFrontendUrl": "/devtools/inspector.html?ws=localhost:34653/devtools/page/9FC897A2AC432F25C0A9888D8FDFD991",
   "id": "9FC897A2AC432F25C0A9888D8FDFD991",
   "title": "",
   "type": "page",
   "url": "data:,",
   "webSocketDebuggerUrl": "ws://localhost:34653/devtools/page/9FC897A2AC432F25C0A9888D8FDFD991"
} ]

[1541193571.197][DEBUG]: DevTools request: http://localhost:34653/json
[1541193571.199][DEBUG]: DevTools response: [ {
   "description": "",
   "devtoolsFrontendUrl": "/devtools/inspector.html?ws=localhost:34653/devtools/page/541A8C2295819FDB1ABC35AF6AF7C337",
   "id": "541A8C2295819FDB1ABC35AF6AF7C337",
   "title": "Chrome Automation Extension",
   "type": "background_page",
   "url": "chrome-extension://aapnijgdinlhnhlmodcfapnahmbfebeb/_generated_background_page.html",
   "webSocketDebuggerUrl": "ws://localhost:34653/devtools/page/541A8C2295819FDB1ABC35AF6AF7C337"
}, {
   "description": "",
   "devtoolsFrontendUrl": "/devtools/inspector.html?ws=localhost:34653/devtools/page/9FC897A2AC432F25C0A9888D8FDFD991",
   "id": "9FC897A2AC432F25C0A9888D8FDFD991",
   "title": "",
   "type": "page",
   "url": "data:,",
   "webSocketDebuggerUrl": "ws://localhost:34653/devtools/page/9FC897A2AC432F25C0A9888D8FDFD991"
} ]

[1541193571.199][INFO]: resolved localhost to ["127.0.0.1"]
[1541193571.200][DEBUG]: DEVTOOLS COMMAND Log.enable (id=1) {

}
[1541193571.200][DEBUG]: DEVTOOLS COMMAND DOM.getDocument (id=2) {

}
[1541193571.200][DEBUG]: DEVTOOLS COMMAND Target.setAutoAttach (id=3) {
   "autoAttach": true,
   "waitForDebuggerOnStart": false
}
[1541193571.200][DEBUG]: DEVTOOLS COMMAND Page.enable (id=4) {

}
[1541193571.200][DEBUG]: DEVTOOLS COMMAND Page.enable (id=5) {

}
[44:81:1102/211931.218393:ERROR:gles2_command_buffer_stub.cc(129)] ContextResult::kFatalFailure: Failed to create default offscreen surface.
[1541193571.232][DEBUG]: DEVTOOLS RESPONSE Log.enable (id=1) {

}
[1541193571.235][DEBUG]: DEVTOOLS RESPONSE DOM.getDocument (id=2) {
   "root": {
      "backendNodeId": 1,
      "baseURL": "about:blank",
      "childNodeCount": 1,
      "children": [ {
         "attributes": [  ],
         "backendNodeId": 2,
         "childNodeCount": 2,
         "children": [ {
            "attributes": [  ],
            "backendNodeId": 3,
            "childNodeCount": 0,
            "localName": "head",
            "nodeId": 3,
            "nodeName": "HEAD",
            "nodeType": 1,
            "nodeValue": "",
            "parentId": 2
         }, {
            "attributes": [  ],
            "backendNodeId": 4,
            "childNodeCount": 0,
            "localName": "body",
            "nodeId": 4,
            "nodeName": "BODY",
            "nodeType": 1,
            "nodeValue": "",
            "parentId": 2
         } ],
         "frameId": "9FC897A2AC432F25C0A9888D8FDFD991",
         "localName": "html",
         "nodeId": 2,
         "nodeName": "HTML",
         "nodeType": 1,
         "nodeValue": "",
         "parentId": 1
      } ],
      "documentURL": "",
      "localName": "",
      "nodeId": 1,
      "nodeName": "#document",
      "nodeType": 9,
      "nodeValue": "",
      "xmlVersion": ""
   }
}
[1541193571.235][DEBUG]: DEVTOOLS RESPONSE Target.setAutoAttach (id=3) {

}
[1541193571.235][DEBUG]: DEVTOOLS RESPONSE Page.enable (id=4) {

}
[1541193571.235][DEBUG]: DEVTOOLS RESPONSE Page.enable (id=5) {

}
[1541193571.235][DEBUG]: DEVTOOLS COMMAND Runtime.enable (id=6) {

}
[1541193571.253][DEBUG]: DEVTOOLS EVENT Page.frameNavigated {
   "frame": {
      "id": "9FC897A2AC432F25C0A9888D8FDFD991",
      "loaderId": "2688117395F06CE2319876502C1E2990",
      "mimeType": "text/plain",
      "securityOrigin": "://",
      "url": "data:,"
   }
}
[1541193571.253][DEBUG]: DEVTOOLS EVENT DOM.documentUpdated {

}
[1541193571.253][DEBUG]: DEVTOOLS COMMAND DOM.getDocument (id=7) {

}
[1541193571.253][DEBUG]: DEVTOOLS EVENT Page.loadEventFired {
   "timestamp": 713.405153
}
[1541193571.253][DEBUG]: DEVTOOLS EVENT Page.frameStoppedLoading {
   "frameId": "9FC897A2AC432F25C0A9888D8FDFD991"
}
[1541193571.253][DEBUG]: DEVTOOLS EVENT DOM.documentUpdated {

}
[1541193571.253][DEBUG]: DEVTOOLS COMMAND DOM.getDocument (id=8) {

}
[1541193571.254][DEBUG]: DEVTOOLS EVENT Page.domContentEventFired {
   "timestamp": 713.405928
}
[1541193571.316][DEBUG]: DEVTOOLS EVENT Runtime.executionContextCreated {
   "context": {
      "auxData": {
         "frameId": "9FC897A2AC432F25C0A9888D8FDFD991",
         "isDefault": true
      },
      "id": 1,
      "name": "",
      "origin": "://"
   }
}
[1541193571.316][DEBUG]: DEVTOOLS RESPONSE Runtime.enable (id=6) {

}
[1541193571.316][DEBUG]: DEVTOOLS RESPONSE DOM.getDocument (id=7) {
   "root": {
      "backendNodeId": 5,
      "baseURL": "data:,",
      "childNodeCount": 1,
      "children": [ {
         "attributes": [  ],
         "backendNodeId": 6,
         "childNodeCount": 2,
         "children": [ {
            "attributes": [  ],
            "backendNodeId": 7,
            "childNodeCount": 0,
            "localName": "head",
            "nodeId": 7,
            "nodeName": "HEAD",
            "nodeType": 1,
            "nodeValue": "",
            "parentId": 6
         }, {
            "attributes": [  ],
            "backendNodeId": 8,
            "childNodeCount": 0,
            "localName": "body",
            "nodeId": 8,
            "nodeName": "BODY",
            "nodeType": 1,
            "nodeValue": "",
            "parentId": 6
         } ],
         "frameId": "9FC897A2AC432F25C0A9888D8FDFD991",
         "localName": "html",
         "nodeId": 6,
         "nodeName": "HTML",
         "nodeType": 1,
         "nodeValue": "",
         "parentId": 5
      } ],
      "documentURL": "data:,",
      "localName": "",
      "nodeId": 5,
      "nodeName": "#document",
      "nodeType": 9,
      "nodeValue": "",
      "xmlVersion": ""
   }
}
[1541193571.316][DEBUG]: DEVTOOLS RESPONSE DOM.getDocument (id=8) {
   "root": {
      "backendNodeId": 5,
      "baseURL": "data:,",
      "childNodeCount": 1,
      "children": [ {
         "attributes": [  ],
         "backendNodeId": 6,
         "childNodeCount": 2,
         "children": [ {
            "attributes": [  ],
            "backendNodeId": 7,
            "childNodeCount": 0,
            "localName": "head",
            "nodeId": 11,
            "nodeName": "HEAD",
            "nodeType": 1,
            "nodeValue": "",
            "parentId": 10
         }, {
            "attributes": [  ],
            "backendNodeId": 8,
            "childNodeCount": 0,
            "localName": "body",
            "nodeId": 12,
            "nodeName": "BODY",
            "nodeType": 1,
            "nodeValue": "",
            "parentId": 10
         } ],
         "frameId": "9FC897A2AC432F25C0A9888D8FDFD991",
         "localName": "html",
         "nodeId": 10,
         "nodeName": "HTML",
         "nodeType": 1,
         "nodeValue": "",
         "parentId": 9
      } ],
      "documentURL": "data:,",
      "localName": "",
      "nodeId": 9,
      "nodeName": "#document",
      "nodeType": 9,
      "nodeValue": "",
      "xmlVersion": ""
   }
}
[1541193571.316][DEBUG]: DEVTOOLS COMMAND Page.enable (id=9) {

}
[1541193571.322][DEBUG]: DEVTOOLS RESPONSE Page.enable (id=9) {

}
[1541193571.322][DEBUG]: DEVTOOLS COMMAND Runtime.enable (id=10) {

}
[1541193571.323][DEBUG]: DEVTOOLS RESPONSE Runtime.enable (id=10) {

}
[1541193571.323][DEBUG]: DEVTOOLS COMMAND Runtime.evaluate (id=11) {
   "expression": "(function() { // Copyright (c) 2012 The Chromium Authors. All rights reserved.\n// Use of this source code is governed by a BSD-style license that can be\n// found in the LICENSE file.\n\n/**\n * Enum f...",
   "returnByValue": true
}
[1541193571.356][DEBUG]: DEVTOOLS RESPONSE Runtime.evaluate (id=11) {
   "result": {
      "type": "object",
      "value": {
         "status": 0,
         "value": 1
      }
   }
}
[1541193571.356][INFO]: RESPONSE InitSession {
   "acceptInsecureCerts": false,
   "acceptSslCerts": false,
   "applicationCacheEnabled": false,
   "browserConnectionEnabled": false,
   "browserName": "chrome",
   "chrome": {
      "chromedriverVersion": "2.39.562737 (dba483cee6a5f15e2e2d73df16968ab10b38a2bf)",
      "userDataDir": "/tmp/.org.chromium.Chromium.makTNL"
   },
   "cssSelectorsEnabled": true,
   "databaseEnabled": false,
   "handlesAlerts": true,
   "hasTouchScreen": false,
   "javascriptEnabled": true,
   "locationContextEnabled": true,
   "mobileEmulationEnabled": false,
   "nativeEvents": true,
   "networkConnectionEnabled": false,
   "pageLoadStrategy": "normal",
   "platform": "Linux",
   "rotatable": false,
   "setWindowRect": true,
   "~~~": "..."
}
[1541193571.394][INFO]: COMMAND SetTimeout {
   "script": 11000
}
[1541193571.395][INFO]: RESPONSE SetTimeout unknown error: 'ms' must be a double
  (Session info: chrome=68.0.3440.75)
[1541193571.415][INFO]: COMMAND SetTimeout {
   "ms": 11000,
   "type": "script"
}
[1541193571.415][INFO]: RESPONSE SetTimeout
[1541193571.893][INFO]: COMMAND SetTimeout {
   "pageLoad": 30000
}
[1541193571.894][INFO]: RESPONSE SetTimeout unknown error: 'ms' must be a double
  (Session info: chrome=68.0.3440.75)
[1541193571.914][INFO]: COMMAND SetTimeout {
   "ms": 30000,
   "type": "page load"
}
[1541193571.914][INFO]: RESPONSE SetTimeout
[1541193571.938][INFO]: COMMAND Navigate {
   "url": "data:/,"
}
[1541193571.938][INFO]: Waiting for pending navigations...
[1541193571.938][DEBUG]: DEVTOOLS COMMAND Runtime.evaluate (id=12) {
   "expression": "1"
}
[1541193571.939][DEBUG]: DEVTOOLS RESPONSE Runtime.evaluate (id=12) {
   "result": {
      "description": "1",
      "type": "number",
      "value": 1
   }
}
[1541193571.939][INFO]: Done waiting for pending navigations. Status: ok
[1541193571.939][DEBUG]: DEVTOOLS COMMAND Page.navigate (id=13) {
   "url": "data:/,"
}
[1541193571.954][DEBUG]: DEVTOOLS RESPONSE Page.navigate (id=13) {
   "frameId": "9FC897A2AC432F25C0A9888D8FDFD991",
   "loaderId": "A9F9D4D753211079F32E893CBCEB30B7"
}
[1541193571.954][DEBUG]: DEVTOOLS COMMAND Runtime.evaluate (id=14) {
   "expression": "document.URL"
}
[1541193571.956][DEBUG]: DEVTOOLS EVENT Page.frameStartedLoading {
   "frameId": "9FC897A2AC432F25C0A9888D8FDFD991"
}
[1541193571.976][DEBUG]: DEVTOOLS EVENT Runtime.executionContextDestroyed {
   "executionContextId": 1
}
[1541193571.976][DEBUG]: DEVTOOLS EVENT Runtime.executionContextsCleared {

}
[1541193571.976][DEBUG]: DEVTOOLS EVENT Page.frameNavigated {
   "frame": {
      "id": "9FC897A2AC432F25C0A9888D8FDFD991",
      "loaderId": "A9F9D4D753211079F32E893CBCEB30B7",
      "mimeType": "text/plain",
      "securityOrigin": "://",
      "url": "data:/,"
   }
}
[1541193571.976][DEBUG]: DEVTOOLS EVENT Runtime.executionContextCreated {
   "context": {
      "auxData": {
         "frameId": "9FC897A2AC432F25C0A9888D8FDFD991",
         "isDefault": true
      },
      "id": 3,
      "name": "",
      "origin": "://"
   }
}
[1541193571.976][DEBUG]: DEVTOOLS EVENT DOM.documentUpdated {

}
[1541193571.976][DEBUG]: DEVTOOLS COMMAND DOM.getDocument (id=15) {

}
[1541193571.976][DEBUG]: DEVTOOLS EVENT Page.loadEventFired {
   "timestamp": 714.126046
}
[1541193571.976][DEBUG]: DEVTOOLS EVENT Page.frameStoppedLoading {
   "frameId": "9FC897A2AC432F25C0A9888D8FDFD991"
}
[1541193571.976][DEBUG]: DEVTOOLS EVENT DOM.documentUpdated {

}
[1541193571.976][DEBUG]: DEVTOOLS COMMAND DOM.getDocument (id=16) {

}
[1541193571.976][DEBUG]: DEVTOOLS EVENT Page.domContentEventFired {
   "timestamp": 714.126369
}
[1541193571.976][DEBUG]: DEVTOOLS RESPONSE Runtime.evaluate (id=14) {
   "result": {
      "type": "string",
      "value": "data:/,"
   }
}
[1541193571.978][DEBUG]: DEVTOOLS RESPONSE DOM.getDocument (id=15) {
   "root": {
      "backendNodeId": 9,
      "baseURL": "data:/,",
      "childNodeCount": 1,
      "children": [ {
         "attributes": [  ],
         "backendNodeId": 10,
         "childNodeCount": 2,
         "children": [ {
            "attributes": [  ],
            "backendNodeId": 11,
            "childNodeCount": 0,
            "localName": "head",
            "nodeId": 15,
            "nodeName": "HEAD",
            "nodeType": 1,
            "nodeValue": "",
            "parentId": 14
         }, {
            "attributes": [  ],
            "backendNodeId": 12,
            "childNodeCount": 0,
            "localName": "body",
            "nodeId": 16,
            "nodeName": "BODY",
            "nodeType": 1,
            "nodeValue": "",
            "parentId": 14
         } ],
         "frameId": "9FC897A2AC432F25C0A9888D8FDFD991",
         "localName": "html",
         "nodeId": 14,
         "nodeName": "HTML",
         "nodeType": 1,
         "nodeValue": "",
         "parentId": 13
      } ],
      "documentURL": "data:/,",
      "localName": "",
      "nodeId": 13,
      "nodeName": "#document",
      "nodeType": 9,
      "nodeValue": "",
      "xmlVersion": ""
   }
}
[1541193571.978][DEBUG]: DEVTOOLS RESPONSE DOM.getDocument (id=16) {
   "root": {
      "backendNodeId": 9,
      "baseURL": "data:/,",
      "childNodeCount": 1,
      "children": [ {
         "attributes": [  ],
         "backendNodeId": 10,
         "childNodeCount": 2,
         "children": [ {
            "attributes": [  ],
            "backendNodeId": 11,
            "childNodeCount": 0,
            "localName": "head",
            "nodeId": 19,
            "nodeName": "HEAD",
            "nodeType": 1,
            "nodeValue": "",
            "parentId": 18
         }, {
            "attributes": [  ],
            "backendNodeId": 12,
            "childNodeCount": 0,
            "localName": "body",
            "nodeId": 20,
            "nodeName": "BODY",
            "nodeType": 1,
            "nodeValue": "",
            "parentId": 18
         } ],
         "frameId": "9FC897A2AC432F25C0A9888D8FDFD991",
         "localName": "html",
         "nodeId": 18,
         "nodeName": "HTML",
         "nodeType": 1,
         "nodeValue": "",
         "parentId": 17
      } ],
      "documentURL": "data:/,",
      "localName": "",
      "nodeId": 17,
      "nodeName": "#document",
      "nodeType": 9,
      "nodeValue": "",
      "xmlVersion": ""
   }
}
[1541193571.978][INFO]: Waiting for pending navigations...
[1541193571.978][DEBUG]: DEVTOOLS COMMAND Runtime.evaluate (id=17) {
   "expression": "1"
}
[1541193571.983][DEBUG]: DEVTOOLS RESPONSE Runtime.evaluate (id=17) {
   "result": {
      "description": "1",
      "type": "number",
      "value": 1
   }
}
[1541193571.983][INFO]: Done waiting for pending navigations. Status: ok
[1541193571.983][INFO]: RESPONSE Navigate
[1541193571.994][INFO]: COMMAND ExecuteScript {
   "args": [ "protractor_sync-test-area", {
      "innerHtml": "\u003Cspan   style=\"height:50px; width:30px; display:block; position: absolute; left:10px; top:10px; border:black solid 2px;\"   class=\"test-span\">test span 1\u003C/span>\u003Cspan class=\"test-span-2\">test span 2\u003C...",
      "style": {
         "boxSizing": "context-box",
         "left": "15px",
         "position": "absolute",
         "top": "15px"
      }
   } ],
   "script": "return (function (id, _options) {\n        var existing = document.querySelector('#' + id);\n        if (existing) {\n            existing.parentNode.removeChild(existing);\n        }\n        var testA..."
}
[1541193571.994][INFO]: Waiting for pending navigations...
[1541193571.994][DEBUG]: DEVTOOLS COMMAND Runtime.evaluate (id=18) {
   "expression": "1"
}
[1541193571.999][DEBUG]: DEVTOOLS RESPONSE Runtime.evaluate (id=18) {
   "result": {
      "description": "1",
      "type": "number",
      "value": 1
   }
}
[1541193571.999][INFO]: Done waiting for pending navigations. Status: ok
[1541193571.999][DEBUG]: DEVTOOLS COMMAND Runtime.evaluate (id=19) {
   "expression": "(function() { // Copyright (c) 2012 The Chromium Authors. All rights reserved.\n// Use of this source code is governed by a BSD-style license that can be\n// found in the LICENSE file.\n\n/**\n * Enum f...",
   "returnByValue": true
}
[1541193572.002][DEBUG]: DEVTOOLS EVENT DOM.childNodeCountUpdated {
   "childNodeCount": 1,
   "nodeId": 20
}
[1541193572.002][DEBUG]: DEVTOOLS RESPONSE Runtime.evaluate (id=19) {
   "result": {
      "type": "object",
      "value": {
         "status": 0
      }
   }
}
[1541193572.002][INFO]: Waiting for pending navigations...
[1541193572.002][DEBUG]: DEVTOOLS COMMAND Runtime.evaluate (id=20) {
   "expression": "1"
}
[1541193572.003][DEBUG]: DEVTOOLS RESPONSE Runtime.evaluate (id=20) {
   "result": {
      "description": "1",
      "type": "number",
      "value": 1
   }
}
[1541193572.003][INFO]: Done waiting for pending navigations. Status: ok
[1541193572.003][INFO]: RESPONSE ExecuteScript
[1541193572.016][INFO]: COMMAND FindElements {
   "using": "css selector",
   "value": "#protractor_sync-test-area"
}
[1541193572.016][INFO]: Waiting for pending navigations...
[1541193572.016][DEBUG]: DEVTOOLS COMMAND Runtime.evaluate (id=21) {
   "expression": "1"
}
[1541193572.019][DEBUG]: DEVTOOLS RESPONSE Runtime.evaluate (id=21) {
   "result": {
      "description": "1",
      "type": "number",
      "value": 1
   }
}
[1541193572.019][INFO]: Done waiting for pending navigations. Status: ok
[1541193572.021][DEBUG]: DEVTOOLS COMMAND Runtime.evaluate (id=22) {
   "expression": "(function() { // Copyright (c) 2012 The Chromium Authors. All rights reserved.\n// Use of this source code is governed by a BSD-style license that can be\n// found in the LICENSE file.\n\n/**\n * Enum f...",
   "returnByValue": true
}
[1541193572.052][DEBUG]: DEVTOOLS RESPONSE Runtime.evaluate (id=22) {
   "result": {
      "type": "object",
      "value": {
         "status": 0,
         "value": [ {
            "ELEMENT": "0.2963929689410827-1"
         } ]
      }
   }
}
[1541193572.053][INFO]: Waiting for pending navigations...
[1541193572.053][DEBUG]: DEVTOOLS COMMAND Runtime.evaluate (id=23) {
   "expression": "1"
}
[1541193572.054][DEBUG]: DEVTOOLS RESPONSE Runtime.evaluate (id=23) {
   "result": {
      "description": "1",
      "type": "number",
      "value": 1
   }
}
[1541193572.054][INFO]: Done waiting for pending navigations. Status: ok
[1541193572.054][INFO]: RESPONSE FindElements [ {
   "ELEMENT": "0.2963929689410827-1"
} ]
[1541193572.059][INFO]: COMMAND IsElementDisplayed {
   "id": "0.2963929689410827-1"
}
[1541193572.059][INFO]: Waiting for pending navigations...
[1541193572.059][DEBUG]: DEVTOOLS COMMAND Runtime.evaluate (id=24) {
   "expression": "1"
}
[1541193572.060][DEBUG]: DEVTOOLS RESPONSE Runtime.evaluate (id=24) {
   "result": {
      "description": "1",
      "type": "number",
      "value": 1
   }
}
[1541193572.060][INFO]: Done waiting for pending navigations. Status: ok
[1541193572.061][DEBUG]: DEVTOOLS COMMAND Runtime.evaluate (id=25) {
   "expression": "(function() { // Copyright (c) 2012 The Chromium Authors. All rights reserved.\n// Use of this source code is governed by a BSD-style license that can be\n// found in the LICENSE file.\n\n/**\n * Enum f...",
   "returnByValue": true
}
[1541193572.076][DEBUG]: DEVTOOLS RESPONSE Runtime.evaluate (id=25) {
   "result": {
      "type": "object",
      "value": {
         "status": 0,
         "value": true
      }
   }
}
[1541193572.076][INFO]: Waiting for pending navigations...
[1541193572.076][DEBUG]: DEVTOOLS COMMAND Runtime.evaluate (id=26) {
   "expression": "1"
}
[1541193572.076][DEBUG]: DEVTOOLS RESPONSE Runtime.evaluate (id=26) {
   "result": {
      "description": "1",
      "type": "number",
      "value": 1
   }
}
[1541193572.076][INFO]: Done waiting for pending navigations. Status: ok
[1541193572.076][INFO]: RESPONSE IsElementDisplayed true
[1541193572.079][INFO]: COMMAND FindElements {
   "using": "css selector",
   "value": ".test-span"
}
[1541193572.079][INFO]: Waiting for pending navigations...
[1541193572.079][DEBUG]: DEVTOOLS COMMAND Runtime.evaluate (id=27) {
   "expression": "1"
}
[1541193572.079][DEBUG]: DEVTOOLS RESPONSE Runtime.evaluate (id=27) {
   "result": {
      "description": "1",
      "type": "number",
      "value": 1
   }
}
[1541193572.079][INFO]: Done waiting for pending navigations. Status: ok
[1541193572.081][DEBUG]: DEVTOOLS COMMAND Runtime.evaluate (id=28) {
   "expression": "(function() { // Copyright (c) 2012 The Chromium Authors. All rights reserved.\n// Use of this source code is governed by a BSD-style license that can be\n// found in the LICENSE file.\n\n/**\n * Enum f...",
   "returnByValue": true
}
[1541193572.094][DEBUG]: DEVTOOLS RESPONSE Runtime.evaluate (id=28) {
   "result": {
      "type": "object",
      "value": {
         "status": 0,
         "value": [ {
            "ELEMENT": "0.2963929689410827-2"
         } ]
      }
   }
}
[1541193572.094][INFO]: Waiting for pending navigations...
[1541193572.094][DEBUG]: DEVTOOLS COMMAND Runtime.evaluate (id=29) {
   "expression": "1"
}
[1541193572.095][DEBUG]: DEVTOOLS RESPONSE Runtime.evaluate (id=29) {
   "result": {
      "description": "1",
      "type": "number",
      "value": 1
   }
}
[1541193572.095][INFO]: Done waiting for pending navigations. Status: ok
[1541193572.095][INFO]: RESPONSE FindElements [ {
   "ELEMENT": "0.2963929689410827-2"
} ]
[1541193572.098][INFO]: COMMAND IsElementDisplayed {
   "id": "0.2963929689410827-2"
}
[1541193572.098][INFO]: Waiting for pending navigations...
[1541193572.098][DEBUG]: DEVTOOLS COMMAND Runtime.evaluate (id=30) {
   "expression": "1"
}
[1541193572.099][DEBUG]: DEVTOOLS RESPONSE Runtime.evaluate (id=30) {
   "result": {
      "description": "1",
      "type": "number",
      "value": 1
   }
}
[1541193572.099][INFO]: Done waiting for pending navigations. Status: ok
[1541193572.100][DEBUG]: DEVTOOLS COMMAND Runtime.evaluate (id=31) {
   "expression": "(function() { // Copyright (c) 2012 The Chromium Authors. All rights reserved.\n// Use of this source code is governed by a BSD-style license that can be\n// found in the LICENSE file.\n\n/**\n * Enum f...",
   "returnByValue": true
}
[1541193572.114][DEBUG]: DEVTOOLS RESPONSE Runtime.evaluate (id=31) {
   "result": {
      "type": "object",
      "value": {
         "status": 0,
         "value": true
      }
   }
}
[1541193572.114][INFO]: Waiting for pending navigations...
[1541193572.114][DEBUG]: DEVTOOLS COMMAND Runtime.evaluate (id=32) {
   "expression": "1"
}
[1541193572.114][DEBUG]: DEVTOOLS RESPONSE Runtime.evaluate (id=32) {
   "result": {
      "description": "1",
      "type": "number",
      "value": 1
   }
}
[1541193572.114][INFO]: Done waiting for pending navigations. Status: ok
[1541193572.114][INFO]: RESPONSE IsElementDisplayed true
[1541193572.116][INFO]: COMMAND FindElements {
   "using": "css selector",
   "value": "input"
}
[1541193572.117][INFO]: Waiting for pending navigations...
[1541193572.117][DEBUG]: DEVTOOLS COMMAND Runtime.evaluate (id=33) {
   "expression": "1"
}
[1541193572.117][DEBUG]: DEVTOOLS RESPONSE Runtime.evaluate (id=33) {
   "result": {
      "description": "1",
      "type": "number",
      "value": 1
   }
}
[1541193572.117][INFO]: Done waiting for pending navigations. Status: ok
[1541193572.119][DEBUG]: DEVTOOLS COMMAND Runtime.evaluate (id=34) {
   "expression": "(function() { // Copyright (c) 2012 The Chromium Authors. All rights reserved.\n// Use of this source code is governed by a BSD-style license that can be\n// found in the LICENSE file.\n\n/**\n * Enum f...",
   "returnByValue": true
}
[1541193572.136][DEBUG]: DEVTOOLS RESPONSE Runtime.evaluate (id=34) {
   "result": {
      "type": "object",
      "value": {
         "status": 0,
         "value": [ {
            "ELEMENT": "0.2963929689410827-3"
         } ]
      }
   }
}
[1541193572.136][INFO]: Waiting for pending navigations...
[1541193572.136][DEBUG]: DEVTOOLS COMMAND Runtime.evaluate (id=35) {
   "expression": "1"
}
[1541193572.137][DEBUG]: DEVTOOLS RESPONSE Runtime.evaluate (id=35) {
   "result": {
      "description": "1",
      "type": "number",
      "value": 1
   }
}
[1541193572.137][INFO]: Done waiting for pending navigations. Status: ok
[1541193572.137][INFO]: RESPONSE FindElements [ {
   "ELEMENT": "0.2963929689410827-3"
} ]
[1541193572.139][INFO]: COMMAND IsElementDisplayed {
   "id": "0.2963929689410827-3"
}
[1541193572.139][INFO]: Waiting for pending navigations...
[1541193572.139][DEBUG]: DEVTOOLS COMMAND Runtime.evaluate (id=36) {
   "expression": "1"
}
[1541193572.140][DEBUG]: DEVTOOLS RESPONSE Runtime.evaluate (id=36) {
   "result": {
      "description": "1",
      "type": "number",
      "value": 1
   }
}
[1541193572.140][INFO]: Done waiting for pending navigations. Status: ok
[1541193572.142][DEBUG]: DEVTOOLS COMMAND Runtime.evaluate (id=37) {
   "expression": "(function() { // Copyright (c) 2012 The Chromium Authors. All rights reserved.\n// Use of this source code is governed by a BSD-style license that can be\n// found in the LICENSE file.\n\n/**\n * Enum f...",
   "returnByValue": true
}
[1541193572.155][DEBUG]: DEVTOOLS RESPONSE Runtime.evaluate (id=37) {
   "result": {
      "type": "object",
      "value": {
         "status": 0,
         "value": true
      }
   }
}
[1541193572.155][INFO]: Waiting for pending navigations...
[1541193572.155][DEBUG]: DEVTOOLS COMMAND Runtime.evaluate (id=38) {
   "expression": "1"
}
[1541193572.156][DEBUG]: DEVTOOLS RESPONSE Runtime.evaluate (id=38) {
   "result": {
      "description": "1",
      "type": "number",
      "value": 1
   }
}
[1541193572.156][INFO]: Done waiting for pending navigations. Status: ok
[1541193572.156][INFO]: RESPONSE IsElementDisplayed true
[1541193572.158][INFO]: COMMAND FindElements {
   "using": "css selector",
   "value": "textarea"
}
[1541193572.158][INFO]: Waiting for pending navigations...
[1541193572.158][DEBUG]: DEVTOOLS COMMAND Runtime.evaluate (id=39) {
   "expression": "1"
}
[1541193572.158][DEBUG]: DEVTOOLS RESPONSE Runtime.evaluate (id=39) {
   "result": {
      "description": "1",
      "type": "number",
      "value": 1
   }
}
[1541193572.158][INFO]: Done waiting for pending navigations. Status: ok
[1541193572.160][DEBUG]: DEVTOOLS COMMAND Runtime.evaluate (id=40) {
   "expression": "(function() { // Copyright (c) 2012 The Chromium Authors. All rights reserved.\n// Use of this source code is governed by a BSD-style license that can be\n// found in the LICENSE file.\n\n/**\n * Enum f...",
   "returnByValue": true
}
[1541193572.173][DEBUG]: DEVTOOLS RESPONSE Runtime.evaluate (id=40) {
   "result": {
      "type": "object",
      "value": {
         "status": 0,
         "value": [ {
            "ELEMENT": "0.2963929689410827-4"
         } ]
      }
   }
}
[1541193572.173][INFO]: Waiting for pending navigations...
[1541193572.173][DEBUG]: DEVTOOLS COMMAND Runtime.evaluate (id=41) {
   "expression": "1"
}
[1541193572.174][DEBUG]: DEVTOOLS RESPONSE Runtime.evaluate (id=41) {
   "result": {
      "description": "1",
      "type": "number",
      "value": 1
   }
}
[1541193572.174][INFO]: Done waiting for pending navigations. Status: ok
[1541193572.174][INFO]: RESPONSE FindElements [ {
   "ELEMENT": "0.2963929689410827-4"
} ]
[1541193572.177][INFO]: COMMAND IsElementDisplayed {
   "id": "0.2963929689410827-4"
}
[1541193572.177][INFO]: Waiting for pending navigations...
[1541193572.177][DEBUG]: DEVTOOLS COMMAND Runtime.evaluate (id=42) {
   "expression": "1"
}
[1541193572.178][DEBUG]: DEVTOOLS RESPONSE Runtime.evaluate (id=42) {
   "result": {
      "description": "1",
      "type": "number",
      "value": 1
   }
}
[1541193572.178][INFO]: Done waiting for pending navigations. Status: ok
[1541193572.180][DEBUG]: DEVTOOLS COMMAND Runtime.evaluate (id=43) {
   "expression": "(function() { // Copyright (c) 2012 The Chromium Authors. All rights reserved.\n// Use of this source code is governed by a BSD-style license that can be\n// found in the LICENSE file.\n\n/**\n * Enum f...",
   "returnByValue": true
}
[1541193572.193][DEBUG]: DEVTOOLS RESPONSE Runtime.evaluate (id=43) {
   "result": {
      "type": "object",
      "value": {
         "status": 0,
         "value": true
      }
   }
}
[1541193572.193][INFO]: Waiting for pending navigations...
[1541193572.193][DEBUG]: DEVTOOLS COMMAND Runtime.evaluate (id=44) {
   "expression": "1"
}
[1541193572.194][DEBUG]: DEVTOOLS RESPONSE Runtime.evaluate (id=44) {
   "result": {
      "description": "1",
      "type": "number",
      "value": 1
   }
}
[1541193572.194][INFO]: Done waiting for pending navigations. Status: ok
[1541193572.194][INFO]: RESPONSE IsElementDisplayed true
[1541193572.203][INFO]: COMMAND ExecuteScript {
   "args": [  ],
   "script": "return (function () {\n            return !!window.jQuery;\n        }).apply(null, arguments);"
}
[1541193572.203][INFO]: Waiting for pending navigations...
[1541193572.203][DEBUG]: DEVTOOLS COMMAND Runtime.evaluate (id=45) {
   "expression": "1"
}
[1541193572.204][DEBUG]: DEVTOOLS RESPONSE Runtime.evaluate (id=45) {
   "result": {
      "description": "1",
      "type": "number",
      "value": 1
   }
}
[1541193572.204][INFO]: Done waiting for pending navigations. Status: ok
[1541193572.204][DEBUG]: DEVTOOLS COMMAND Runtime.evaluate (id=46) {
   "expression": "(function() { // Copyright (c) 2012 The Chromium Authors. All rights reserved.\n// Use of this source code is governed by a BSD-style license that can be\n// found in the LICENSE file.\n\n/**\n * Enum f...",
   "returnByValue": true
}
[1541193572.212][DEBUG]: DEVTOOLS RESPONSE Runtime.evaluate (id=46) {
   "result": {
      "type": "object",
      "value": {
         "status": 0,
         "value": false
      }
   }
}
[1541193572.212][INFO]: Waiting for pending navigations...
[1541193572.212][DEBUG]: DEVTOOLS COMMAND Runtime.evaluate (id=47) {
   "expression": "1"
}
[1541193572.213][DEBUG]: DEVTOOLS RESPONSE Runtime.evaluate (id=47) {
   "result": {
      "description": "1",
      "type": "number",
      "value": 1
   }
}
[1541193572.213][INFO]: Done waiting for pending navigations. Status: ok
[1541193572.213][INFO]: RESPONSE ExecuteScript false
[1541193572.223][INFO]: COMMAND ExecuteScript {
   "args": [ "/*!\n * jQuery JavaScript Library v3.3.1\n * https://jquery.com/\n *\n * Includes Sizzle.js\n * https://sizzlejs.com/\n *\n * Copyright JS Foundation and other contributors\n * Released under the MIT licen..." ],
   "script": "return (function (_jquerySource) {\n                /* tslint:disable-next-line:no-eval */\n                eval(_jquerySource);\n                window.$.noConflict();\n            }).apply(null, argu..."
}
[1541193572.223][INFO]: Waiting for pending navigations...
[1541193572.223][DEBUG]: DEVTOOLS COMMAND Runtime.evaluate (id=48) {
   "expression": "1"
}
[1541193572.223][DEBUG]: DEVTOOLS RESPONSE Runtime.evaluate (id=48) {
   "result": {
      "description": "1",
      "type": "number",
      "value": 1
   }
}
[1541193572.223][INFO]: Done waiting for pending navigations. Status: ok
[1541193572.242][DEBUG]: DEVTOOLS COMMAND Runtime.evaluate (id=49) {
   "expression": "(function() { // Copyright (c) 2012 The Chromium Authors. All rights reserved.\n// Use of this source code is governed by a BSD-style license that can be\n// found in the LICENSE file.\n\n/**\n * Enum f...",
   "returnByValue": true
}
[1541193572.296][DEBUG]: DEVTOOLS EVENT DOM.childNodeInserted {
   "node": {
      "attributes": [  ],
      "backendNodeId": 13,
      "childNodeCount": 0,
      "localName": "fieldset",
      "nodeId": 21,
      "nodeName": "FIELDSET",
      "nodeType": 1,
      "nodeValue": ""
   },
   "parentNodeId": 18,
   "previousNodeId": 20
}
[1541193572.296][DEBUG]: DEVTOOLS EVENT DOM.attributeModified {
   "name": "id",
   "nodeId": 21,
   "value": "sizzle1541193572278"
}
[1541193572.296][DEBUG]: DEVTOOLS EVENT DOM.childNodeRemoved {
   "nodeId": 21,
   "parentNodeId": 18
}
[1541193572.296][DEBUG]: DEVTOOLS EVENT DOM.childNodeInserted {
   "node": {
      "attributes": [  ],
      "backendNodeId": 14,
      "childNodeCount": 0,
      "localName": "fieldset",
      "nodeId": 22,
      "nodeName": "FIELDSET",
      "nodeType": 1,
      "nodeValue": ""
   },
   "parentNodeId": 18,
   "previousNodeId": 20
}
[1541193572.296][DEBUG]: DEVTOOLS EVENT DOM.childNodeCountUpdated {
   "childNodeCount": 1,
   "nodeId": 22
}
[1541193572.296][DEBUG]: DEVTOOLS EVENT DOM.childNodeCountUpdated {
   "childNodeCount": 2,
   "nodeId": 22
}
[1541193572.296][DEBUG]: DEVTOOLS EVENT DOM.childNodeRemoved {
   "nodeId": 22,
   "parentNodeId": 18
}
[1541193572.296][DEBUG]: DEVTOOLS EVENT DOM.childNodeInserted {
   "node": {
      "attributes": [  ],
      "backendNodeId": 15,
      "childNodeCount": 3,
      "localName": "fieldset",
      "nodeId": 23,
      "nodeName": "FIELDSET",
      "nodeType": 1,
      "nodeValue": ""
   },
   "parentNodeId": 18,
   "previousNodeId": 20
}
[1541193572.296][DEBUG]: DEVTOOLS EVENT DOM.attributeModified {
   "name": "disabled",
   "nodeId": 23,
   "value": ""
}
[1541193572.296][DEBUG]: DEVTOOLS EVENT DOM.childNodeRemoved {
   "nodeId": 23,
   "parentNodeId": 18
}
[1541193572.297][DEBUG]: DEVTOOLS RESPONSE Runtime.evaluate (id=49) {
   "result": {
      "type": "object",
      "value": {
         "status": 0
      }
   }
}
[1541193572.297][INFO]: Waiting for pending navigations...
[1541193572.297][DEBUG]: DEVTOOLS COMMAND Runtime.evaluate (id=50) {
   "expression": "1"
}
[1541193572.298][DEBUG]: DEVTOOLS RESPONSE Runtime.evaluate (id=50) {
   "result": {
      "description": "1",
      "type": "number",
      "value": 1
   }
}
[1541193572.298][INFO]: Done waiting for pending navigations. Status: ok
[1541193572.298][INFO]: RESPONSE ExecuteScript
[1541193572.300][INFO]: COMMAND ExecuteScript {
   "args": [ {
      "ELEMENT": "0.2963929689410827-2",
      "element-6066-11e4-a52e-4f735466cecf": "0.2963929689410827-2"
   }, "closest", "div" ],
   "script": "return (function (element, _method, _arg) {\n                var $ = window.jQuery;\n                if (!$) {\n                    return '!!jquery not present!!';\n                }\n                v..."
}
[1541193572.300][INFO]: Waiting for pending navigations...
[1541193572.300][DEBUG]: DEVTOOLS COMMAND Runtime.evaluate (id=51) {
   "expression": "1"
}
[1541193572.301][DEBUG]: DEVTOOLS RESPONSE Runtime.evaluate (id=51) {
   "result": {
      "description": "1",
      "type": "number",
      "value": 1
   }
}
[1541193572.301][INFO]: Done waiting for pending navigations. Status: ok
[1541193572.301][DEBUG]: DEVTOOLS COMMAND Runtime.evaluate (id=52) {
   "expression": "(function() { // Copyright (c) 2012 The Chromium Authors. All rights reserved.\n// Use of this source code is governed by a BSD-style license that can be\n// found in the LICENSE file.\n\n/**\n * Enum f...",
   "returnByValue": true
}
[1541193572.303][DEBUG]: DEVTOOLS RESPONSE Runtime.evaluate (id=52) {
   "result": {
      "type": "object",
      "value": {
         "status": 0,
         "value": [ {
            "ELEMENT": "0.2963929689410827-1"
         } ]
      }
   }
}
[1541193572.303][INFO]: Waiting for pending navigations...
[1541193572.303][DEBUG]: DEVTOOLS COMMAND Runtime.evaluate (id=53) {
   "expression": "1"
}
[1541193572.304][DEBUG]: DEVTOOLS RESPONSE Runtime.evaluate (id=53) {
   "result": {
      "description": "1",
      "type": "number",
      "value": 1
   }
}
[1541193572.304][INFO]: Done waiting for pending navigations. Status: ok
[1541193572.304][INFO]: RESPONSE ExecuteScript [ {
   "ELEMENT": "0.2963929689410827-1"
} ]
[1541193572.314][INFO]: COMMAND GetElementAttribute {
   "id": "0.2963929689410827-1",
   "name": "id"
}
[1541193572.314][INFO]: Waiting for pending navigations...
[1541193572.314][DEBUG]: DEVTOOLS COMMAND Runtime.evaluate (id=54) {
   "expression": "1"
}
[1541193572.315][DEBUG]: DEVTOOLS RESPONSE Runtime.evaluate (id=54) {
   "result": {
      "description": "1",
      "type": "number",
      "value": 1
   }
}
[1541193572.315][INFO]: Done waiting for pending navigations. Status: ok
[1541193572.316][DEBUG]: DEVTOOLS COMMAND Runtime.evaluate (id=55) {
   "expression": "(function() { // Copyright (c) 2012 The Chromium Authors. All rights reserved.\n// Use of this source code is governed by a BSD-style license that can be\n// found in the LICENSE file.\n\n/**\n * Enum f...",
   "returnByValue": true
}
[1541193572.318][DEBUG]: DEVTOOLS RESPONSE Runtime.evaluate (id=55) {
   "result": {
      "type": "object",
      "value": {
         "status": 0,
         "value": "protractor_sync-test-area"
      }
   }
}
[1541193572.319][INFO]: Waiting for pending navigations...
[1541193572.319][DEBUG]: DEVTOOLS COMMAND Runtime.evaluate (id=56) {
   "expression": "1"
}
[1541193572.319][DEBUG]: DEVTOOLS RESPONSE Runtime.evaluate (id=56) {
   "result": {
      "description": "1",
      "type": "number",
      "value": 1
   }
}
[1541193572.319][INFO]: Done waiting for pending navigations. Status: ok
[1541193572.319][INFO]: RESPONSE GetElementAttribute "protractor_sync-test-area"
[1541193572.334][INFO]: COMMAND Screenshot {

}
[1541193572.334][INFO]: Waiting for pending navigations...
[1541193572.334][DEBUG]: DEVTOOLS COMMAND Runtime.evaluate (id=57) {
   "expression": "1"
}
[1541193572.334][DEBUG]: DEVTOOLS RESPONSE Runtime.evaluate (id=57) {
   "result": {
      "description": "1",
      "type": "number",
      "value": 1
   }
}
[1541193572.334][INFO]: Done waiting for pending navigations. Status: ok
[1541193572.334][DEBUG]: DevTools request: http://localhost:34653/json/activate/9FC897A2AC432F25C0A9888D8FDFD991
[1541193572.335][DEBUG]: DevTools response: Target activated
[1541193572.335][DEBUG]: DEVTOOLS COMMAND Page.captureScreenshot (id=58) {

}
[1541193572.434][DEBUG]: DEVTOOLS RESPONSE Page.captureScreenshot (id=58) {
   "data": "iVBORw0KGgoAAAANSUhEUgAABVYAAAO+CAYAAADv/k7HAAAgAElEQVR4nOzdW4yV1f3/8c8GFAFxaIlGCgWrxomapk1bbbA1QlJUhECrKUZsMB4aLghqlHAh1EOt5QLQifVnQCVVYgpMuMBEwSZakoo1qK1aL0xNapCDWCqHiUbKjLL/F/077dQT3wIzFl6vZCI+e..."
}
[1541193572.434][INFO]: Waiting for pending navigations...
[1541193572.434][DEBUG]: DEVTOOLS COMMAND Runtime.evaluate (id=59) {
   "expression": "1"
}
[1541193572.435][DEBUG]: DEVTOOLS RESPONSE Runtime.evaluate (id=59) {
   "result": {
      "description": "1",
      "type": "number",
      "value": 1
   }
}
[1541193572.435][INFO]: Done waiting for pending navigations. Status: ok
[1541193572.435][INFO]: RESPONSE Screenshot "iVBORw0KGgoAAAANSUhEUgAABVYAAAO+CAYAAADv/k7HAAAgAElEQVR4nOzdW4yV1f3/8c8GFAFxaIlGCgWrxomapk1bbbA1QlJUhECrKUZsMB4aLghqlHAh1EOt5QLQifVnQCVVYgpMuMBEwSZakoo1qK1aL0xNapCDWCqHiUbKjLL/F/077dQT3wIzFl6vZCI+e..."
[1541193572.493][INFO]: COMMAND Quit {

}
[1541193572.543][INFO]: RESPONSE Quit
[1541193572.543][DEBUG]: Log type 'driver' lost 0 entries on destruction
[1541193572.543][DEBUG]: Log type 'browser' lost 0 entries on destruction
