[2.189][INFO]: COMMAND InitSession {
   "desiredCapabilities": {
      "browserName": "chrome",
      "chromeOptions": {
         "args": [ "--disable-gpu", "--single-process", "--no-sandbox", "--data-path=/tmp/data-path", "--homedir=/tmp/homedir", "--disk-cache-dir=/tmp", "--disk-cache-size=1", "--media-cache-size=1", "--allow-file-access-from-files", "--enable-logging", "--v=1", "--disable-web-security", "--disable-extensions", "--ignore-certificate-errors", "--disable-ntp-most-likely-favicons-from-server", "--disable-ntp-popular-sites", "--window-size=1366,1024", "--disable-infobars", "--disable-dev-shm-usage", "..." ],
         "binary": "/tmp/chrome-lambda/chrome",
         "prefs": {
            "credentials_enable_service": false,
            "profile": {
               "password_manager_enabled": false
            }
         }
      },
      "count": 1
   }
}
[2.189][INFO]: Populating Preferences file: {
   "alternate_error_pages": {
      "enabled": false
   },
   "autofill": {
      "enabled": false
   },
   "browser": {
      "check_default_browser": false
   },
   "credentials_enable_service": false,
   "distribution": {
      "import_bookmarks": false,
      "import_history": false,
      "import_search_engine": false,
      "make_chrome_default_for_user": false,
      "show_welcome_page": false,
      "skip_first_run_ui": true
   },
   "dns_prefetching": {
      "enabled": false
   },
   "profile": {
      "password_manager_enabled": false
   },
   "safebrowsing": {
      "enabled": false
   },
   "search": {
      "suggest_enabled": false
   },
   "translate": {
      "enabled": false
   }
}
[2.190][INFO]: Populating Local State file: {
   "background_mode": {
      "enabled": false
   },
   "ssl": {
      "rev_checking": {
         "enabled": false
      }
   }
}
[2.190][INFO]: Launching chrome: /tmp/chrome-lambda/chrome --allow-file-access-from-files --data-path=/tmp/data-path --disable-background-networking --disable-browser-side-navigation --disable-client-side-phishing-detection --disable-default-apps --disable-dev-shm-usage --disable-extensions --disable-extensions-except=/tmp/.org.chromium.Chromium.5TjvK2/internal --disable-gpu --disable-hang-monitor --disable-infobars --disable-ntp-most-likely-favicons-from-server --disable-ntp-popular-sites --disable-popup-blocking --disable-prompt-on-repost --disable-sync --disable-web-resources --disable-web-security --disk-cache-dir=/tmp --disk-cache-size=1 --enable-automation --enable-logging --enable-precise-memory-info --force-fieldtrials=SiteIsolationExtensions/Control --homedir=/tmp/homedir --ignore-certificate-errors --log-level=0 --media-cache-size=1 --metrics-recording-only --no-first-run --no-sandbox --password-store=basic --remote-debugging-port=12410 --safebrowsing-disable-auto-update --single-process --test-type=webdriver --use-mock-keychain --user-data-dir=/tmp/.org.chromium.Chromium.zqN5Wk --v=1 --window-size=1366,1024 data:,
[2.190][DEBUG]: DevTools request: http://localhost:12410/json/version
prctl(PR_SET_NO_NEW_PRIVS) failed
Xlib:  extension "RANDR" missing on display ":99".
[47:56:1016/145157.215069:ERROR:bus.cc(395)] Failed to connect to the bus: Failed to connect to socket /var/run/dbus/system_bus_socket: No such file or directory
Xlib:  extension "RANDR" missing on display ":99".

DevTools listening on ws://127.0.0.1:12410/devtools/browser/308f313d-8594-4dd1-8c01-34c9a2805a47
[3.533][SEVERE]: CreatePlatformSocket() returned an error, errno=1: Operation not permitted (1)
[3.543][DEBUG]: DevTools response: {
   "Browser": "Chrome/63.0.3239.84",
   "Protocol-Version": "1.2",
   "User-Agent": "Mozilla/5.0 (X11; Linux x86_64) AppleWebKit/537.36 (KHTML, like Gecko) Chrome/63.0.3239.84 Safari/537.36",
   "V8-Version": "6.3.292.46",
   "WebKit-Version": "537.36 (@0f53a5abc7a405fbe9f1cfd3db38f2092c8a7816)",
   "webSocketDebuggerUrl": "ws://localhost:12410/devtools/browser/308f313d-8594-4dd1-8c01-34c9a2805a47"
}

[3.552][DEBUG]: DevTools request: http://localhost:12410/json
[3.557][DEBUG]: DevTools response: [ {
   "description": "",
   "devtoolsFrontendUrl": "/devtools/inspector.html?ws=localhost:12410/devtools/page/(855D5321045AC9BE52C52DFACD79AD6)",
   "id": "(855D5321045AC9BE52C52DFACD79AD6)",
   "title": "",
   "type": "page",
   "url": "data:,",
   "webSocketDebuggerUrl": "ws://localhost:12410/devtools/page/(855D5321045AC9BE52C52DFACD79AD6)"
} ]

[3.558][DEBUG]: DevTools request: http://localhost:12410/json
[3.558][DEBUG]: DevTools response: [ {
   "description": "",
   "devtoolsFrontendUrl": "/devtools/inspector.html?ws=localhost:12410/devtools/page/(855D5321045AC9BE52C52DFACD79AD6)",
   "id": "(855D5321045AC9BE52C52DFACD79AD6)",
   "title": "",
   "type": "page",
   "url": "data:,",
   "webSocketDebuggerUrl": "ws://localhost:12410/devtools/page/(855D5321045AC9BE52C52DFACD79AD6)"
} ]

[3.559][INFO]: resolved localhost to ["127.0.0.1"]
[3.562][DEBUG]: DEVTOOLS COMMAND Log.enable (id=1) {

}
[3.562][DEBUG]: DEVTOOLS COMMAND DOM.getDocument (id=2) {

}
[3.562][DEBUG]: DEVTOOLS COMMAND Runtime.enable (id=3) {

}
[3.563][DEBUG]: DEVTOOLS COMMAND Page.enable (id=4) {

}
[3.563][DEBUG]: DEVTOOLS COMMAND Page.enable (id=5) {

}
[47:74:1016/145157.842234:ERROR:io_thread.cc(730)] Cannot use V8 Proxy resolver in single process mode.
[47:74:1016/145157.845184:ERROR:io_thread.cc(730)] Cannot use V8 Proxy resolver in single process mode.
[3.682][DEBUG]: DEVTOOLS RESPONSE Log.enable (id=1) {

}
[3.682][DEBUG]: DEVTOOLS RESPONSE DOM.getDocument (id=2) {
   "root": {
      "backendNodeId": 1,
      "baseURL": "about:blank",
      "childNodeCount": 1,
      "children": [ {
         "attributes": [  ],
         "backendNodeId": 2,
         "childNodeCount": 2,
         "children": [ {
            "attributes": [  ],
            "backendNodeId": 3,
            "childNodeCount": 0,
            "localName": "head",
            "nodeId": 3,
            "nodeName": "HEAD",
            "nodeType": 1,
            "nodeValue": "",
            "parentId": 2
         }, {
            "attributes": [  ],
            "backendNodeId": 4,
            "childNodeCount": 0,
            "localName": "body",
            "nodeId": 4,
            "nodeName": "BODY",
            "nodeType": 1,
            "nodeValue": "",
            "parentId": 2
         } ],
         "frameId": "(855D5321045AC9BE52C52DFACD79AD6)",
         "localName": "html",
         "nodeId": 2,
         "nodeName": "HTML",
         "nodeType": 1,
         "nodeValue": "",
         "parentId": 1
      } ],
      "documentURL": "",
      "localName": "",
      "nodeId": 1,
      "nodeName": "#document",
      "nodeType": 9,
      "nodeValue": "",
      "xmlVersion": ""
   }
}
[3.682][DEBUG]: DEVTOOLS RESPONSE Runtime.enable (id=3) {

}
[3.682][DEBUG]: DEVTOOLS RESPONSE Page.enable (id=4) {

}
[3.682][DEBUG]: DEVTOOLS RESPONSE Page.enable (id=5) {

}
[3.682][DEBUG]: DEVTOOLS COMMAND Page.enable (id=6) {

}
[3.723][DEBUG]: DEVTOOLS EVENT Page.lifecycleEvent {
   "frameId": "(855D5321045AC9BE52C52DFACD79AD6)",
   "name": "commit",
   "timestamp": 133.308006
}
[3.723][DEBUG]: DEVTOOLS EVENT Page.frameNavigated {
   "frame": {
      "id": "(855D5321045AC9BE52C52DFACD79AD6)",
      "loaderId": "47.1",
      "mimeType": "text/plain",
      "securityOrigin": "://",
      "url": "data:,"
   }
}
[3.723][DEBUG]: DEVTOOLS EVENT DOM.documentUpdated {

}
[3.723][DEBUG]: DEVTOOLS COMMAND DOM.getDocument (id=7) {

}
[3.723][DEBUG]: DEVTOOLS EVENT Runtime.executionContextCreated {
   "context": {
      "auxData": {
         "frameId": "(855D5321045AC9BE52C52DFACD79AD6)",
         "isDefault": true
      },
      "id": 1,
      "name": "",
      "origin": "://"
   }
}
[3.723][DEBUG]: DEVTOOLS RESPONSE Page.enable (id=6) {

}
[3.758][DEBUG]: DEVTOOLS EVENT Page.loadEventFired {
   "timestamp": 133.367995
}
[3.758][DEBUG]: DEVTOOLS EVENT Page.lifecycleEvent {
   "frameId": "(855D5321045AC9BE52C52DFACD79AD6)",
   "name": "load",
   "timestamp": 133.367995
}
[3.758][DEBUG]: DEVTOOLS EVENT Page.frameStoppedLoading {
   "frameId": "(855D5321045AC9BE52C52DFACD79AD6)"
}
[3.758][DEBUG]: DEVTOOLS EVENT Page.domContentEventFired {
   "timestamp": 133.369737
}
[3.758][DEBUG]: DEVTOOLS EVENT Page.lifecycleEvent {
   "frameId": "(855D5321045AC9BE52C52DFACD79AD6)",
   "name": "DOMContentLoaded",
   "timestamp": 133.369737
}
[3.758][DEBUG]: DEVTOOLS EVENT DOM.documentUpdated {

}
[3.758][DEBUG]: DEVTOOLS COMMAND DOM.getDocument (id=8) {

}
[3.785][DEBUG]: DEVTOOLS RESPONSE DOM.getDocument (id=7) {
   "root": {
      "backendNodeId": 5,
      "baseURL": "data:,",
      "childNodeCount": 1,
      "children": [ {
         "attributes": [  ],
         "backendNodeId": 6,
         "childNodeCount": 2,
         "children": [ {
            "attributes": [  ],
            "backendNodeId": 7,
            "childNodeCount": 0,
            "localName": "head",
            "nodeId": 7,
            "nodeName": "HEAD",
            "nodeType": 1,
            "nodeValue": "",
            "parentId": 6
         }, {
            "attributes": [  ],
            "backendNodeId": 8,
            "childNodeCount": 1,
            "localName": "body",
            "nodeId": 8,
            "nodeName": "BODY",
            "nodeType": 1,
            "nodeValue": "",
            "parentId": 6
         } ],
         "frameId": "(855D5321045AC9BE52C52DFACD79AD6)",
         "localName": "html",
         "nodeId": 6,
         "nodeName": "HTML",
         "nodeType": 1,
         "nodeValue": "",
         "parentId": 5
      } ],
      "documentURL": "data:,",
      "localName": "",
      "nodeId": 5,
      "nodeName": "#document",
      "nodeType": 9,
      "nodeValue": "",
      "xmlVersion": ""
   }
}
[3.798][DEBUG]: DEVTOOLS RESPONSE DOM.getDocument (id=8) {
   "root": {
      "backendNodeId": 5,
      "baseURL": "data:,",
      "childNodeCount": 1,
      "children": [ {
         "attributes": [  ],
         "backendNodeId": 6,
         "childNodeCount": 2,
         "children": [ {
            "attributes": [  ],
            "backendNodeId": 7,
            "childNodeCount": 0,
            "localName": "head",
            "nodeId": 11,
            "nodeName": "HEAD",
            "nodeType": 1,
            "nodeValue": "",
            "parentId": 10
         }, {
            "attributes": [  ],
            "backendNodeId": 8,
            "childNodeCount": 1,
            "localName": "body",
            "nodeId": 12,
            "nodeName": "BODY",
            "nodeType": 1,
            "nodeValue": "",
            "parentId": 10
         } ],
         "frameId": "(855D5321045AC9BE52C52DFACD79AD6)",
         "localName": "html",
         "nodeId": 10,
         "nodeName": "HTML",
         "nodeType": 1,
         "nodeValue": "",
         "parentId": 9
      } ],
      "documentURL": "data:,",
      "localName": "",
      "nodeId": 9,
      "nodeName": "#document",
      "nodeType": 9,
      "nodeValue": "",
      "xmlVersion": ""
   }
}
[3.798][DEBUG]: DEVTOOLS COMMAND Runtime.enable (id=9) {

}
[3.798][DEBUG]: DEVTOOLS RESPONSE Runtime.enable (id=9) {

}
[3.799][DEBUG]: DEVTOOLS COMMAND Runtime.evaluate (id=10) {
   "expression": "(function() { // Copyright (c) 2012 The Chromium Authors. All rights reserved.\n// Use of this source code is governed by a BSD-style license that can be\n// found in the LICENSE file.\n\n/**\n * Enum f...",
   "returnByValue": true
}
[3.805][DEBUG]: DEVTOOLS RESPONSE Runtime.evaluate (id=10) {
   "result": {
      "type": "object",
      "value": {
         "status": 0,
         "value": 1
      }
   }
}
[3.805][INFO]: RESPONSE InitSession {
   "acceptSslCerts": true,
   "applicationCacheEnabled": false,
   "browserConnectionEnabled": false,
   "browserName": "chrome",
   "chrome": {
      "chromedriverVersion": "2.33.506092 (733a02544d189eeb751fe0d7ddca79a0ee28cce4)",
      "userDataDir": "/tmp/.org.chromium.Chromium.zqN5Wk"
   },
   "cssSelectorsEnabled": true,
   "databaseEnabled": false,
   "handlesAlerts": true,
   "hasTouchScreen": false,
   "javascriptEnabled": true,
   "locationContextEnabled": true,
   "mobileEmulationEnabled": false,
   "nativeEvents": true,
   "networkConnectionEnabled": false,
   "pageLoadStrategy": "normal",
   "platform": "Linux",
   "rotatable": false,
   "setWindowRect": true,
   "takesHeapSnapshot": true,
   "~~~": "..."
}
[3.851][INFO]: COMMAND SetTimeout {
   "script": 11000
}
[3.853][INFO]: RESPONSE SetTimeout unknown error: 'ms' must be a double
  (Session info: chrome=63.0.3239.84)
[3.879][INFO]: COMMAND SetTimeout {
   "ms": 11000,
   "type": "script"
}
[3.879][INFO]: RESPONSE SetTimeout
[4.219][INFO]: COMMAND SetTimeout {
   "pageLoad": 30000
}
[4.221][INFO]: RESPONSE SetTimeout unknown error: 'ms' must be a double
  (Session info: chrome=63.0.3239.84)
[4.225][INFO]: COMMAND SetTimeout {
   "ms": 30000,
   "type": "page load"
}
[4.225][INFO]: RESPONSE SetTimeout
[4.239][INFO]: COMMAND Navigate {
   "url": "data:/,"
}
[4.239][INFO]: Waiting for pending navigations...
[4.239][DEBUG]: DEVTOOLS COMMAND Runtime.evaluate (id=11) {
   "expression": "1"
}
[4.240][DEBUG]: DEVTOOLS RESPONSE Runtime.evaluate (id=11) {
   "result": {
      "description": "1",
      "type": "number",
      "value": 1
   }
}
[4.240][INFO]: Done waiting for pending navigations. Status: ok
[4.240][DEBUG]: DEVTOOLS COMMAND Page.navigate (id=12) {
   "url": "data:/,"
}
[4.258][DEBUG]: DEVTOOLS EVENT Page.frameStartedLoading {
   "frameId": "(855D5321045AC9BE52C52DFACD79AD6)"
}
[4.262][DEBUG]: DEVTOOLS EVENT Runtime.executionContextDestroyed {
   "executionContextId": 1
}
[4.262][DEBUG]: DEVTOOLS EVENT Runtime.executionContextsCleared {

}
[4.262][DEBUG]: DEVTOOLS EVENT Page.lifecycleEvent {
   "frameId": "(855D5321045AC9BE52C52DFACD79AD6)",
   "name": "commit",
   "timestamp": 133.884651
}
[4.262][DEBUG]: DEVTOOLS EVENT Page.frameNavigated {
   "frame": {
      "id": "(855D5321045AC9BE52C52DFACD79AD6)",
      "loaderId": "47.2",
      "mimeType": "text/plain",
      "securityOrigin": "://",
      "url": "data:/,"
   }
}
[4.262][DEBUG]: DEVTOOLS EVENT Runtime.executionContextCreated {
   "context": {
      "auxData": {
         "frameId": "(855D5321045AC9BE52C52DFACD79AD6)",
         "isDefault": true
      },
      "id": 3,
      "name": "",
      "origin": "://"
   }
}
[4.262][DEBUG]: DEVTOOLS EVENT DOM.documentUpdated {

}
[4.262][DEBUG]: DEVTOOLS COMMAND DOM.getDocument (id=13) {

}
[4.267][DEBUG]: DEVTOOLS EVENT Page.loadEventFired {
   "timestamp": 133.889165
}
[4.267][DEBUG]: DEVTOOLS EVENT Page.lifecycleEvent {
   "frameId": "(855D5321045AC9BE52C52DFACD79AD6)",
   "name": "load",
   "timestamp": 133.889165
}
[4.267][DEBUG]: DEVTOOLS EVENT Page.frameStoppedLoading {
   "frameId": "(855D5321045AC9BE52C52DFACD79AD6)"
}
[4.267][DEBUG]: DEVTOOLS EVENT Page.domContentEventFired {
   "timestamp": 133.889435
}
[4.267][DEBUG]: DEVTOOLS EVENT Page.lifecycleEvent {
   "frameId": "(855D5321045AC9BE52C52DFACD79AD6)",
   "name": "DOMContentLoaded",
   "timestamp": 133.889435
}
[4.267][DEBUG]: DEVTOOLS EVENT DOM.documentUpdated {

}
[4.267][DEBUG]: DEVTOOLS COMMAND DOM.getDocument (id=14) {

}
[4.268][DEBUG]: DEVTOOLS RESPONSE Page.navigate (id=12) {
   "frameId": "(855D5321045AC9BE52C52DFACD79AD6)"
}
[4.268][DEBUG]: DEVTOOLS COMMAND Runtime.evaluate (id=15) {
   "expression": "document.URL"
}
[4.278][DEBUG]: DEVTOOLS RESPONSE DOM.getDocument (id=13) {
   "root": {
      "backendNodeId": 10,
      "baseURL": "data:/,",
      "childNodeCount": 1,
      "children": [ {
         "attributes": [  ],
         "backendNodeId": 11,
         "childNodeCount": 2,
         "children": [ {
            "attributes": [  ],
            "backendNodeId": 12,
            "childNodeCount": 0,
            "localName": "head",
            "nodeId": 15,
            "nodeName": "HEAD",
            "nodeType": 1,
            "nodeValue": "",
            "parentId": 14
         }, {
            "attributes": [  ],
            "backendNodeId": 13,
            "childNodeCount": 1,
            "localName": "body",
            "nodeId": 16,
            "nodeName": "BODY",
            "nodeType": 1,
            "nodeValue": "",
            "parentId": 14
         } ],
         "frameId": "(855D5321045AC9BE52C52DFACD79AD6)",
         "localName": "html",
         "nodeId": 14,
         "nodeName": "HTML",
         "nodeType": 1,
         "nodeValue": "",
         "parentId": 13
      } ],
      "documentURL": "data:/,",
      "localName": "",
      "nodeId": 13,
      "nodeName": "#document",
      "nodeType": 9,
      "nodeValue": "",
      "xmlVersion": ""
   }
}
[4.278][DEBUG]: DEVTOOLS RESPONSE DOM.getDocument (id=14) {
   "root": {
      "backendNodeId": 10,
      "baseURL": "data:/,",
      "childNodeCount": 1,
      "children": [ {
         "attributes": [  ],
         "backendNodeId": 11,
         "childNodeCount": 2,
         "children": [ {
            "attributes": [  ],
            "backendNodeId": 12,
            "childNodeCount": 0,
            "localName": "head",
            "nodeId": 19,
            "nodeName": "HEAD",
            "nodeType": 1,
            "nodeValue": "",
            "parentId": 18
         }, {
            "attributes": [  ],
            "backendNodeId": 13,
            "childNodeCount": 1,
            "localName": "body",
            "nodeId": 20,
            "nodeName": "BODY",
            "nodeType": 1,
            "nodeValue": "",
            "parentId": 18
         } ],
         "frameId": "(855D5321045AC9BE52C52DFACD79AD6)",
         "localName": "html",
         "nodeId": 18,
         "nodeName": "HTML",
         "nodeType": 1,
         "nodeValue": "",
         "parentId": 17
      } ],
      "documentURL": "data:/,",
      "localName": "",
      "nodeId": 17,
      "nodeName": "#document",
      "nodeType": 9,
      "nodeValue": "",
      "xmlVersion": ""
   }
}
[4.298][DEBUG]: DEVTOOLS RESPONSE Runtime.evaluate (id=15) {
   "result": {
      "type": "string",
      "value": "data:/,"
   }
}
[4.298][INFO]: Waiting for pending navigations...
[4.298][DEBUG]: DEVTOOLS COMMAND Runtime.evaluate (id=16) {
   "expression": "1"
}
[4.318][DEBUG]: DEVTOOLS RESPONSE Runtime.evaluate (id=16) {
   "result": {
      "description": "1",
      "type": "number",
      "value": 1
   }
}
[4.318][DEBUG]: DEVTOOLS COMMAND DOM.getDocument (id=17) {

}
[4.319][DEBUG]: DEVTOOLS RESPONSE DOM.getDocument (id=17) {
   "root": {
      "backendNodeId": 10,
      "baseURL": "data:/,",
      "childNodeCount": 1,
      "children": [ {
         "attributes": [  ],
         "backendNodeId": 11,
         "childNodeCount": 2,
         "children": [ {
            "attributes": [  ],
            "backendNodeId": 12,
            "childNodeCount": 0,
            "localName": "head",
            "nodeId": 23,
            "nodeName": "HEAD",
            "nodeType": 1,
            "nodeValue": "",
            "parentId": 22
         }, {
            "attributes": [  ],
            "backendNodeId": 13,
            "childNodeCount": 1,
            "localName": "body",
            "nodeId": 24,
            "nodeName": "BODY",
            "nodeType": 1,
            "nodeValue": "",
            "parentId": 22
         } ],
         "frameId": "(855D5321045AC9BE52C52DFACD79AD6)",
         "localName": "html",
         "nodeId": 22,
         "nodeName": "HTML",
         "nodeType": 1,
         "nodeValue": "",
         "parentId": 21
      } ],
      "documentURL": "data:/,",
      "localName": "",
      "nodeId": 21,
      "nodeName": "#document",
      "nodeType": 9,
      "nodeValue": "",
      "xmlVersion": ""
   }
}
[4.319][DEBUG]: DEVTOOLS COMMAND Runtime.evaluate (id=18) {
   "expression": "var isLoaded = document.readyState == 'complete' ||    document.readyState == 'interactive';if (isLoaded) {  var frame = document.createElement('iframe');  frame.name = 'chromedriver dummy frame'; ..."
}
[4.360][DEBUG]: DEVTOOLS EVENT DOM.childNodeCountUpdated {
   "childNodeCount": 2,
   "nodeId": 24
}
[4.360][DEBUG]: DEVTOOLS EVENT Page.frameAttached {
   "frameId": "(3133D9FFBC12AD84BE97E5AC2772AF4)",
   "parentFrameId": "(855D5321045AC9BE52C52DFACD79AD6)",
   "stack": {
      "callFrames": [ {
         "columnNumber": 240,
         "functionName": "",
         "lineNumber": 0,
         "scriptId": "39",
         "url": ""
      } ]
   }
}
[4.360][DEBUG]: DEVTOOLS EVENT Page.lifecycleEvent {
   "frameId": "(3133D9FFBC12AD84BE97E5AC2772AF4)",
   "name": "DOMContentLoaded",
   "timestamp": 133.963995
}
[4.360][DEBUG]: DEVTOOLS EVENT Page.frameStartedLoading {
   "frameId": "(3133D9FFBC12AD84BE97E5AC2772AF4)"
}
[4.360][DEBUG]: DEVTOOLS EVENT Page.lifecycleEvent {
   "frameId": "(3133D9FFBC12AD84BE97E5AC2772AF4)",
   "name": "commit",
   "timestamp": 133.964651
}
[4.361][DEBUG]: DEVTOOLS EVENT Page.frameNavigated {
   "frame": {
      "id": "(3133D9FFBC12AD84BE97E5AC2772AF4)",
      "loaderId": "47.3",
      "mimeType": "text/html",
      "name": "chromedriver dummy frame",
      "parentId": "(855D5321045AC9BE52C52DFACD79AD6)",
      "securityOrigin": "://",
      "url": "about:blank"
   }
}
[4.361][DEBUG]: DEVTOOLS EVENT Runtime.executionContextCreated {
   "context": {
      "auxData": {
         "frameId": "(3133D9FFBC12AD84BE97E5AC2772AF4)",
         "isDefault": true
      },
      "id": 4,
      "name": "",
      "origin": "://"
   }
}
[4.361][DEBUG]: DEVTOOLS EVENT Page.lifecycleEvent {
   "frameId": "(3133D9FFBC12AD84BE97E5AC2772AF4)",
   "name": "load",
   "timestamp": 133.983143
}
[4.361][DEBUG]: DEVTOOLS EVENT Page.frameStoppedLoading {
   "frameId": "(3133D9FFBC12AD84BE97E5AC2772AF4)"
}
[4.361][DEBUG]: DEVTOOLS EVENT Page.lifecycleEvent {
   "frameId": "(3133D9FFBC12AD84BE97E5AC2772AF4)",
   "name": "DOMContentLoaded",
   "timestamp": 133.98384
}
[4.361][DEBUG]: DEVTOOLS RESPONSE Runtime.evaluate (id=18) {
   "result": {
      "description": "1",
      "type": "number",
      "value": 1
   }
}
[4.361][INFO]: Done waiting for pending navigations. Status: ok
[4.361][INFO]: RESPONSE Navigate
[4.401][INFO]: COMMAND ExecuteScript {
   "args": [ "protractor_sync-test-area", {
      "innerHtml": "\u003Cspan class=\"element-does-exist\">\u003C/span>"
   } ],
   "script": "return (function (id, _options) {\n        var existing = document.querySelector('#' + id);\n        if (existing) {\n            existing.parentNode.removeChild(existing);\n        }\n        var testA..."
}
[4.401][DEBUG]: DEVTOOLS EVENT Page.lifecycleEvent {
   "frameId": "(855D5321045AC9BE52C52DFACD79AD6)",
   "name": "firstPaint",
   "timestamp": 134.002162
}
[4.401][DEBUG]: DEVTOOLS EVENT Page.lifecycleEvent {
   "frameId": "(855D5321045AC9BE52C52DFACD79AD6)",
   "name": "firstMeaningfulPaintCandidate",
   "timestamp": 134.002165
}
[4.401][DEBUG]: DEVTOOLS EVENT DOM.childNodeCountUpdated {
   "childNodeCount": 1,
   "nodeId": 24
}
[4.401][DEBUG]: DEVTOOLS EVENT Runtime.executionContextDestroyed {
   "executionContextId": 4
}
[4.401][DEBUG]: DEVTOOLS EVENT Page.frameDetached {
   "frameId": "(3133D9FFBC12AD84BE97E5AC2772AF4)"
}
[4.401][INFO]: Waiting for pending navigations...
[4.401][DEBUG]: DEVTOOLS COMMAND Runtime.evaluate (id=19) {
   "expression": "1"
}
[4.402][DEBUG]: DEVTOOLS RESPONSE Runtime.evaluate (id=19) {
   "result": {
      "description": "1",
      "type": "number",
      "value": 1
   }
}
[4.402][INFO]: Done waiting for pending navigations. Status: ok
[4.402][DEBUG]: DEVTOOLS COMMAND Runtime.evaluate (id=20) {
   "expression": "(function() { // Copyright (c) 2012 The Chromium Authors. All rights reserved.\n// Use of this source code is governed by a BSD-style license that can be\n// found in the LICENSE file.\n\n/**\n * Enum f...",
   "returnByValue": true
}
[4.405][DEBUG]: DEVTOOLS EVENT DOM.childNodeCountUpdated {
   "childNodeCount": 2,
   "nodeId": 24
}
[4.405][DEBUG]: DEVTOOLS RESPONSE Runtime.evaluate (id=20) {
   "result": {
      "type": "object",
      "value": {
         "status": 0,
         "value": null
      }
   }
}
[4.405][INFO]: Waiting for pending navigations...
[4.405][DEBUG]: DEVTOOLS COMMAND Runtime.evaluate (id=21) {
   "expression": "1"
}
[4.406][DEBUG]: DEVTOOLS RESPONSE Runtime.evaluate (id=21) {
   "result": {
      "description": "1",
      "type": "number",
      "value": 1
   }
}
[4.406][INFO]: Done waiting for pending navigations. Status: ok
[4.406][INFO]: RESPONSE ExecuteScript null
[4.419][INFO]: COMMAND FindElements {
   "using": "css selector",
   "value": "#protractor_sync-test-area"
}
[4.419][INFO]: Waiting for pending navigations...
[4.419][DEBUG]: DEVTOOLS COMMAND Runtime.evaluate (id=22) {
   "expression": "1"
}
[4.420][DEBUG]: DEVTOOLS RESPONSE Runtime.evaluate (id=22) {
   "result": {
      "description": "1",
      "type": "number",
      "value": 1
   }
}
[4.420][INFO]: Done waiting for pending navigations. Status: ok
[4.422][DEBUG]: DEVTOOLS COMMAND Runtime.evaluate (id=23) {
   "expression": "(function() { // Copyright (c) 2012 The Chromium Authors. All rights reserved.\n// Use of this source code is governed by a BSD-style license that can be\n// found in the LICENSE file.\n\n/**\n * Enum f...",
   "returnByValue": true
}
[4.440][DEBUG]: DEVTOOLS RESPONSE Runtime.evaluate (id=23) {
   "result": {
      "type": "object",
      "value": {
         "status": 0,
         "value": [ {
            "ELEMENT": "0.2866973165862501-1"
         } ]
      }
   }
}
[4.440][INFO]: Waiting for pending navigations...
[4.440][DEBUG]: DEVTOOLS COMMAND Runtime.evaluate (id=24) {
   "expression": "1"
}
[4.441][DEBUG]: DEVTOOLS RESPONSE Runtime.evaluate (id=24) {
   "result": {
      "description": "1",
      "type": "number",
      "value": 1
   }
}
[4.441][INFO]: Done waiting for pending navigations. Status: ok
[4.441][INFO]: RESPONSE FindElements [ {
   "ELEMENT": "0.2866973165862501-1"
} ]
[4.458][INFO]: COMMAND FindChildElements {
   "id": "0.2866973165862501-1",
   "using": "css selector",
   "value": ".element-does-exist"
}
[4.458][INFO]: Waiting for pending navigations...
[4.458][DEBUG]: DEVTOOLS COMMAND Runtime.evaluate (id=25) {
   "expression": "1"
}
[4.458][DEBUG]: DEVTOOLS RESPONSE Runtime.evaluate (id=25) {
   "result": {
      "description": "1",
      "type": "number",
      "value": 1
   }
}
[4.458][INFO]: Done waiting for pending navigations. Status: ok
[4.460][DEBUG]: DEVTOOLS COMMAND Runtime.evaluate (id=26) {
   "expression": "(function() { // Copyright (c) 2012 The Chromium Authors. All rights reserved.\n// Use of this source code is governed by a BSD-style license that can be\n// found in the LICENSE file.\n\n/**\n * Enum f...",
   "returnByValue": true
}
[4.469][DEBUG]: DEVTOOLS RESPONSE Runtime.evaluate (id=26) {
   "result": {
      "type": "object",
      "value": {
         "status": 0,
         "value": [ {
            "ELEMENT": "0.2866973165862501-2"
         } ]
      }
   }
}
[4.469][INFO]: Waiting for pending navigations...
[4.470][DEBUG]: DEVTOOLS COMMAND Runtime.evaluate (id=27) {
   "expression": "1"
}
[4.477][DEBUG]: DEVTOOLS RESPONSE Runtime.evaluate (id=27) {
   "result": {
      "description": "1",
      "type": "number",
      "value": 1
   }
}
[4.478][INFO]: Done waiting for pending navigations. Status: ok
[4.478][INFO]: RESPONSE FindChildElements [ {
   "ELEMENT": "0.2866973165862501-2"
} ]
[4.492][INFO]: COMMAND FindChildElements {
   "id": "0.2866973165862501-1",
   "using": "css selector",
   "value": ".element-does-exist"
}
[4.492][INFO]: Waiting for pending navigations...
[4.492][DEBUG]: DEVTOOLS COMMAND Runtime.evaluate (id=28) {
   "expression": "1"
}
[4.493][DEBUG]: DEVTOOLS RESPONSE Runtime.evaluate (id=28) {
   "result": {
      "description": "1",
      "type": "number",
      "value": 1
   }
}
[4.493][INFO]: Done waiting for pending navigations. Status: ok
[4.495][DEBUG]: DEVTOOLS COMMAND Runtime.evaluate (id=29) {
   "expression": "(function() { // Copyright (c) 2012 The Chromium Authors. All rights reserved.\n// Use of this source code is governed by a BSD-style license that can be\n// found in the LICENSE file.\n\n/**\n * Enum f...",
   "returnByValue": true
}
[4.498][DEBUG]: DEVTOOLS RESPONSE Runtime.evaluate (id=29) {
   "result": {
      "type": "object",
      "value": {
         "status": 0,
         "value": [ {
            "ELEMENT": "0.2866973165862501-2"
         } ]
      }
   }
}
[4.498][INFO]: Waiting for pending navigations...
[4.498][DEBUG]: DEVTOOLS COMMAND Runtime.evaluate (id=30) {
   "expression": "1"
}
[4.499][DEBUG]: DEVTOOLS RESPONSE Runtime.evaluate (id=30) {
   "result": {
      "description": "1",
      "type": "number",
      "value": 1
   }
}
[4.499][INFO]: Done waiting for pending navigations. Status: ok
[4.499][INFO]: RESPONSE FindChildElements [ {
   "ELEMENT": "0.2866973165862501-2"
} ]
[4.512][INFO]: COMMAND FindChildElements {
   "id": "0.2866973165862501-1",
   "using": "css selector",
   "value": ".element-does-exist"
}
[4.512][INFO]: Waiting for pending navigations...
[4.512][DEBUG]: DEVTOOLS COMMAND Runtime.evaluate (id=31) {
   "expression": "1"
}
[4.512][DEBUG]: DEVTOOLS RESPONSE Runtime.evaluate (id=31) {
   "result": {
      "description": "1",
      "type": "number",
      "value": 1
   }
}
[4.512][INFO]: Done waiting for pending navigations. Status: ok
[4.514][DEBUG]: DEVTOOLS COMMAND Runtime.evaluate (id=32) {
   "expression": "(function() { // Copyright (c) 2012 The Chromium Authors. All rights reserved.\n// Use of this source code is governed by a BSD-style license that can be\n// found in the LICENSE file.\n\n/**\n * Enum f...",
   "returnByValue": true
}
[4.517][DEBUG]: DEVTOOLS RESPONSE Runtime.evaluate (id=32) {
   "result": {
      "type": "object",
      "value": {
         "status": 0,
         "value": [ {
            "ELEMENT": "0.2866973165862501-2"
         } ]
      }
   }
}
[4.517][INFO]: Waiting for pending navigations...
[4.517][DEBUG]: DEVTOOLS COMMAND Runtime.evaluate (id=33) {
   "expression": "1"
}
[4.518][DEBUG]: DEVTOOLS RESPONSE Runtime.evaluate (id=33) {
   "result": {
      "description": "1",
      "type": "number",
      "value": 1
   }
}
[4.518][INFO]: Done waiting for pending navigations. Status: ok
[4.518][INFO]: RESPONSE FindChildElements [ {
   "ELEMENT": "0.2866973165862501-2"
} ]
[4.531][INFO]: COMMAND FindChildElements {
   "id": "0.2866973165862501-1",
   "using": "css selector",
   "value": ".element-does-exist"
}
[4.531][INFO]: Waiting for pending navigations...
[4.531][DEBUG]: DEVTOOLS COMMAND Runtime.evaluate (id=34) {
   "expression": "1"
}
[4.532][DEBUG]: DEVTOOLS RESPONSE Runtime.evaluate (id=34) {
   "result": {
      "description": "1",
      "type": "number",
      "value": 1
   }
}
[4.532][INFO]: Done waiting for pending navigations. Status: ok
[4.534][DEBUG]: DEVTOOLS COMMAND Runtime.evaluate (id=35) {
   "expression": "(function() { // Copyright (c) 2012 The Chromium Authors. All rights reserved.\n// Use of this source code is governed by a BSD-style license that can be\n// found in the LICENSE file.\n\n/**\n * Enum f...",
   "returnByValue": true
}
[4.537][DEBUG]: DEVTOOLS RESPONSE Runtime.evaluate (id=35) {
   "result": {
      "type": "object",
      "value": {
         "status": 0,
         "value": [ {
            "ELEMENT": "0.2866973165862501-2"
         } ]
      }
   }
}
[4.537][INFO]: Waiting for pending navigations...
[4.537][DEBUG]: DEVTOOLS COMMAND Runtime.evaluate (id=36) {
   "expression": "1"
}
[4.537][DEBUG]: DEVTOOLS RESPONSE Runtime.evaluate (id=36) {
   "result": {
      "description": "1",
      "type": "number",
      "value": 1
   }
}
[4.537][INFO]: Done waiting for pending navigations. Status: ok
[4.537][INFO]: RESPONSE FindChildElements [ {
   "ELEMENT": "0.2866973165862501-2"
} ]
[4.551][INFO]: COMMAND FindChildElements {
   "id": "0.2866973165862501-1",
   "using": "css selector",
   "value": ".element-does-exist"
}
[4.551][INFO]: Waiting for pending navigations...
[4.551][DEBUG]: DEVTOOLS COMMAND Runtime.evaluate (id=37) {
   "expression": "1"
}
[4.551][DEBUG]: DEVTOOLS RESPONSE Runtime.evaluate (id=37) {
   "result": {
      "description": "1",
      "type": "number",
      "value": 1
   }
}
[4.551][INFO]: Done waiting for pending navigations. Status: ok
[4.553][DEBUG]: DEVTOOLS COMMAND Runtime.evaluate (id=38) {
   "expression": "(function() { // Copyright (c) 2012 The Chromium Authors. All rights reserved.\n// Use of this source code is governed by a BSD-style license that can be\n// found in the LICENSE file.\n\n/**\n * Enum f...",
   "returnByValue": true
}
[4.556][DEBUG]: DEVTOOLS RESPONSE Runtime.evaluate (id=38) {
   "result": {
      "type": "object",
      "value": {
         "status": 0,
         "value": [ {
            "ELEMENT": "0.2866973165862501-2"
         } ]
      }
   }
}
[4.556][INFO]: Waiting for pending navigations...
[4.556][DEBUG]: DEVTOOLS COMMAND Runtime.evaluate (id=39) {
   "expression": "1"
}
[4.557][DEBUG]: DEVTOOLS RESPONSE Runtime.evaluate (id=39) {
   "result": {
      "description": "1",
      "type": "number",
      "value": 1
   }
}
[4.557][INFO]: Done waiting for pending navigations. Status: ok
[4.557][INFO]: RESPONSE FindChildElements [ {
   "ELEMENT": "0.2866973165862501-2"
} ]
[4.577][INFO]: COMMAND FindChildElements {
   "id": "0.2866973165862501-1",
   "using": "css selector",
   "value": ".element-does-exist"
}
[4.577][INFO]: Waiting for pending navigations...
[4.577][DEBUG]: DEVTOOLS COMMAND Runtime.evaluate (id=40) {
   "expression": "1"
}
[4.578][DEBUG]: DEVTOOLS RESPONSE Runtime.evaluate (id=40) {
   "result": {
      "description": "1",
      "type": "number",
      "value": 1
   }
}
[4.578][INFO]: Done waiting for pending navigations. Status: ok
[4.579][DEBUG]: DEVTOOLS COMMAND Runtime.evaluate (id=41) {
   "expression": "(function() { // Copyright (c) 2012 The Chromium Authors. All rights reserved.\n// Use of this source code is governed by a BSD-style license that can be\n// found in the LICENSE file.\n\n/**\n * Enum f...",
   "returnByValue": true
}
[4.583][DEBUG]: DEVTOOLS RESPONSE Runtime.evaluate (id=41) {
   "result": {
      "type": "object",
      "value": {
         "status": 0,
         "value": [ {
            "ELEMENT": "0.2866973165862501-2"
         } ]
      }
   }
}
[4.583][INFO]: Waiting for pending navigations...
[4.583][DEBUG]: DEVTOOLS COMMAND Runtime.evaluate (id=42) {
   "expression": "1"
}
[4.583][DEBUG]: DEVTOOLS RESPONSE Runtime.evaluate (id=42) {
   "result": {
      "description": "1",
      "type": "number",
      "value": 1
   }
}
[4.583][INFO]: Done waiting for pending navigations. Status: ok
[4.583][INFO]: RESPONSE FindChildElements [ {
   "ELEMENT": "0.2866973165862501-2"
} ]
[4.598][INFO]: COMMAND FindChildElements {
   "id": "0.2866973165862501-1",
   "using": "css selector",
   "value": ".element-does-exist"
}
[4.598][INFO]: Waiting for pending navigations...
[4.598][DEBUG]: DEVTOOLS COMMAND Runtime.evaluate (id=43) {
   "expression": "1"
}
[4.598][DEBUG]: DEVTOOLS RESPONSE Runtime.evaluate (id=43) {
   "result": {
      "description": "1",
      "type": "number",
      "value": 1
   }
}
[4.598][INFO]: Done waiting for pending navigations. Status: ok
[4.600][DEBUG]: DEVTOOLS COMMAND Runtime.evaluate (id=44) {
   "expression": "(function() { // Copyright (c) 2012 The Chromium Authors. All rights reserved.\n// Use of this source code is governed by a BSD-style license that can be\n// found in the LICENSE file.\n\n/**\n * Enum f...",
   "returnByValue": true
}
[4.603][DEBUG]: DEVTOOLS RESPONSE Runtime.evaluate (id=44) {
   "result": {
      "type": "object",
      "value": {
         "status": 0,
         "value": [ {
            "ELEMENT": "0.2866973165862501-2"
         } ]
      }
   }
}
[4.603][INFO]: Waiting for pending navigations...
[4.603][DEBUG]: DEVTOOLS COMMAND Runtime.evaluate (id=45) {
   "expression": "1"
}
[4.604][DEBUG]: DEVTOOLS RESPONSE Runtime.evaluate (id=45) {
   "result": {
      "description": "1",
      "type": "number",
      "value": 1
   }
}
[4.604][INFO]: Done waiting for pending navigations. Status: ok
[4.604][INFO]: RESPONSE FindChildElements [ {
   "ELEMENT": "0.2866973165862501-2"
} ]
[4.618][INFO]: COMMAND FindChildElements {
   "id": "0.2866973165862501-1",
   "using": "css selector",
   "value": ".element-does-exist"
}
[4.618][INFO]: Waiting for pending navigations...
[4.618][DEBUG]: DEVTOOLS COMMAND Runtime.evaluate (id=46) {
   "expression": "1"
}
[4.619][DEBUG]: DEVTOOLS RESPONSE Runtime.evaluate (id=46) {
   "result": {
      "description": "1",
      "type": "number",
      "value": 1
   }
}
[4.619][INFO]: Done waiting for pending navigations. Status: ok
[4.620][DEBUG]: DEVTOOLS COMMAND Runtime.evaluate (id=47) {
   "expression": "(function() { // Copyright (c) 2012 The Chromium Authors. All rights reserved.\n// Use of this source code is governed by a BSD-style license that can be\n// found in the LICENSE file.\n\n/**\n * Enum f...",
   "returnByValue": true
}
[4.623][DEBUG]: DEVTOOLS RESPONSE Runtime.evaluate (id=47) {
   "result": {
      "type": "object",
      "value": {
         "status": 0,
         "value": [ {
            "ELEMENT": "0.2866973165862501-2"
         } ]
      }
   }
}
[4.623][INFO]: Waiting for pending navigations...
[4.623][DEBUG]: DEVTOOLS COMMAND Runtime.evaluate (id=48) {
   "expression": "1"
}
[4.624][DEBUG]: DEVTOOLS RESPONSE Runtime.evaluate (id=48) {
   "result": {
      "description": "1",
      "type": "number",
      "value": 1
   }
}
[4.624][INFO]: Done waiting for pending navigations. Status: ok
[4.624][INFO]: RESPONSE FindChildElements [ {
   "ELEMENT": "0.2866973165862501-2"
} ]
[4.638][INFO]: COMMAND FindChildElements {
   "id": "0.2866973165862501-1",
   "using": "css selector",
   "value": ".element-does-exist"
}
[4.638][INFO]: Waiting for pending navigations...
[4.638][DEBUG]: DEVTOOLS COMMAND Runtime.evaluate (id=49) {
   "expression": "1"
}
[4.642][DEBUG]: DEVTOOLS RESPONSE Runtime.evaluate (id=49) {
   "result": {
      "description": "1",
      "type": "number",
      "value": 1
   }
}
[4.642][INFO]: Done waiting for pending navigations. Status: ok
[4.644][DEBUG]: DEVTOOLS COMMAND Runtime.evaluate (id=50) {
   "expression": "(function() { // Copyright (c) 2012 The Chromium Authors. All rights reserved.\n// Use of this source code is governed by a BSD-style license that can be\n// found in the LICENSE file.\n\n/**\n * Enum f...",
   "returnByValue": true
}
[4.649][DEBUG]: DEVTOOLS RESPONSE Runtime.evaluate (id=50) {
   "result": {
      "type": "object",
      "value": {
         "status": 0,
         "value": [ {
            "ELEMENT": "0.2866973165862501-2"
         } ]
      }
   }
}
[4.649][INFO]: Waiting for pending navigations...
[4.649][DEBUG]: DEVTOOLS COMMAND Runtime.evaluate (id=51) {
   "expression": "1"
}
[4.650][DEBUG]: DEVTOOLS RESPONSE Runtime.evaluate (id=51) {
   "result": {
      "description": "1",
      "type": "number",
      "value": 1
   }
}
[4.650][INFO]: Done waiting for pending navigations. Status: ok
[4.650][INFO]: RESPONSE FindChildElements [ {
   "ELEMENT": "0.2866973165862501-2"
} ]
[4.664][INFO]: COMMAND FindChildElements {
   "id": "0.2866973165862501-1",
   "using": "css selector",
   "value": ".element-does-exist"
}
[4.664][INFO]: Waiting for pending navigations...
[4.664][DEBUG]: DEVTOOLS COMMAND Runtime.evaluate (id=52) {
   "expression": "1"
}
[4.665][DEBUG]: DEVTOOLS RESPONSE Runtime.evaluate (id=52) {
   "result": {
      "description": "1",
      "type": "number",
      "value": 1
   }
}
[4.665][INFO]: Done waiting for pending navigations. Status: ok
[4.666][DEBUG]: DEVTOOLS COMMAND Runtime.evaluate (id=53) {
   "expression": "(function() { // Copyright (c) 2012 The Chromium Authors. All rights reserved.\n// Use of this source code is governed by a BSD-style license that can be\n// found in the LICENSE file.\n\n/**\n * Enum f...",
   "returnByValue": true
}
[4.670][DEBUG]: DEVTOOLS RESPONSE Runtime.evaluate (id=53) {
   "result": {
      "type": "object",
      "value": {
         "status": 0,
         "value": [ {
            "ELEMENT": "0.2866973165862501-2"
         } ]
      }
   }
}
[4.670][INFO]: Waiting for pending navigations...
[4.670][DEBUG]: DEVTOOLS COMMAND Runtime.evaluate (id=54) {
   "expression": "1"
}
[4.670][DEBUG]: DEVTOOLS RESPONSE Runtime.evaluate (id=54) {
   "result": {
      "description": "1",
      "type": "number",
      "value": 1
   }
}
[4.670][INFO]: Done waiting for pending navigations. Status: ok
[4.670][INFO]: RESPONSE FindChildElements [ {
   "ELEMENT": "0.2866973165862501-2"
} ]
[4.684][INFO]: COMMAND FindChildElements {
   "id": "0.2866973165862501-1",
   "using": "css selector",
   "value": ".element-does-exist"
}
[4.684][INFO]: Waiting for pending navigations...
[4.684][DEBUG]: DEVTOOLS COMMAND Runtime.evaluate (id=55) {
   "expression": "1"
}
[4.685][DEBUG]: DEVTOOLS RESPONSE Runtime.evaluate (id=55) {
   "result": {
      "description": "1",
      "type": "number",
      "value": 1
   }
}
[4.685][INFO]: Done waiting for pending navigations. Status: ok
[4.687][DEBUG]: DEVTOOLS COMMAND Runtime.evaluate (id=56) {
   "expression": "(function() { // Copyright (c) 2012 The Chromium Authors. All rights reserved.\n// Use of this source code is governed by a BSD-style license that can be\n// found in the LICENSE file.\n\n/**\n * Enum f...",
   "returnByValue": true
}
[4.690][DEBUG]: DEVTOOLS RESPONSE Runtime.evaluate (id=56) {
   "result": {
      "type": "object",
      "value": {
         "status": 0,
         "value": [ {
            "ELEMENT": "0.2866973165862501-2"
         } ]
      }
   }
}
[4.690][INFO]: Waiting for pending navigations...
[4.690][DEBUG]: DEVTOOLS COMMAND Runtime.evaluate (id=57) {
   "expression": "1"
}
[4.690][DEBUG]: DEVTOOLS RESPONSE Runtime.evaluate (id=57) {
   "result": {
      "description": "1",
      "type": "number",
      "value": 1
   }
}
[4.690][INFO]: Done waiting for pending navigations. Status: ok
[4.690][INFO]: RESPONSE FindChildElements [ {
   "ELEMENT": "0.2866973165862501-2"
} ]
[4.703][INFO]: COMMAND FindChildElements {
   "id": "0.2866973165862501-1",
   "using": "css selector",
   "value": ".element-does-exist"
}
[4.704][INFO]: Waiting for pending navigations...
[4.704][DEBUG]: DEVTOOLS COMMAND Runtime.evaluate (id=58) {
   "expression": "1"
}
[4.704][DEBUG]: DEVTOOLS RESPONSE Runtime.evaluate (id=58) {
   "result": {
      "description": "1",
      "type": "number",
      "value": 1
   }
}
[4.704][INFO]: Done waiting for pending navigations. Status: ok
[4.706][DEBUG]: DEVTOOLS COMMAND Runtime.evaluate (id=59) {
   "expression": "(function() { // Copyright (c) 2012 The Chromium Authors. All rights reserved.\n// Use of this source code is governed by a BSD-style license that can be\n// found in the LICENSE file.\n\n/**\n * Enum f...",
   "returnByValue": true
}
[4.709][DEBUG]: DEVTOOLS RESPONSE Runtime.evaluate (id=59) {
   "result": {
      "type": "object",
      "value": {
         "status": 0,
         "value": [ {
            "ELEMENT": "0.2866973165862501-2"
         } ]
      }
   }
}
[4.709][INFO]: Waiting for pending navigations...
[4.709][DEBUG]: DEVTOOLS COMMAND Runtime.evaluate (id=60) {
   "expression": "1"
}
[4.710][DEBUG]: DEVTOOLS RESPONSE Runtime.evaluate (id=60) {
   "result": {
      "description": "1",
      "type": "number",
      "value": 1
   }
}
[4.710][INFO]: Done waiting for pending navigations. Status: ok
[4.710][INFO]: RESPONSE FindChildElements [ {
   "ELEMENT": "0.2866973165862501-2"
} ]
[4.726][INFO]: COMMAND FindChildElements {
   "id": "0.2866973165862501-1",
   "using": "css selector",
   "value": ".element-does-exist"
}
[4.726][INFO]: Waiting for pending navigations...
[4.726][DEBUG]: DEVTOOLS COMMAND Runtime.evaluate (id=61) {
   "expression": "1"
}
[4.727][DEBUG]: DEVTOOLS RESPONSE Runtime.evaluate (id=61) {
   "result": {
      "description": "1",
      "type": "number",
      "value": 1
   }
}
[4.727][INFO]: Done waiting for pending navigations. Status: ok
[4.729][DEBUG]: DEVTOOLS COMMAND Runtime.evaluate (id=62) {
   "expression": "(function() { // Copyright (c) 2012 The Chromium Authors. All rights reserved.\n// Use of this source code is governed by a BSD-style license that can be\n// found in the LICENSE file.\n\n/**\n * Enum f...",
   "returnByValue": true
}
[4.732][DEBUG]: DEVTOOLS RESPONSE Runtime.evaluate (id=62) {
   "result": {
      "type": "object",
      "value": {
         "status": 0,
         "value": [ {
            "ELEMENT": "0.2866973165862501-2"
         } ]
      }
   }
}
[4.732][INFO]: Waiting for pending navigations...
[4.732][DEBUG]: DEVTOOLS COMMAND Runtime.evaluate (id=63) {
   "expression": "1"
}
[4.733][DEBUG]: DEVTOOLS RESPONSE Runtime.evaluate (id=63) {
   "result": {
      "description": "1",
      "type": "number",
      "value": 1
   }
}
[4.733][INFO]: Done waiting for pending navigations. Status: ok
[4.733][INFO]: RESPONSE FindChildElements [ {
   "ELEMENT": "0.2866973165862501-2"
} ]
[4.748][INFO]: COMMAND FindChildElements {
   "id": "0.2866973165862501-1",
   "using": "css selector",
   "value": ".element-does-exist"
}
[4.748][INFO]: Waiting for pending navigations...
[4.748][DEBUG]: DEVTOOLS COMMAND Runtime.evaluate (id=64) {
   "expression": "1"
}
[4.749][DEBUG]: DEVTOOLS RESPONSE Runtime.evaluate (id=64) {
   "result": {
      "description": "1",
      "type": "number",
      "value": 1
   }
}
[4.749][INFO]: Done waiting for pending navigations. Status: ok
[4.751][DEBUG]: DEVTOOLS COMMAND Runtime.evaluate (id=65) {
   "expression": "(function() { // Copyright (c) 2012 The Chromium Authors. All rights reserved.\n// Use of this source code is governed by a BSD-style license that can be\n// found in the LICENSE file.\n\n/**\n * Enum f...",
   "returnByValue": true
}
[4.757][DEBUG]: DEVTOOLS RESPONSE Runtime.evaluate (id=65) {
   "result": {
      "type": "object",
      "value": {
         "status": 0,
         "value": [ {
            "ELEMENT": "0.2866973165862501-2"
         } ]
      }
   }
}
[4.757][INFO]: Waiting for pending navigations...
[4.757][DEBUG]: DEVTOOLS COMMAND Runtime.evaluate (id=66) {
   "expression": "1"
}
[4.758][DEBUG]: DEVTOOLS RESPONSE Runtime.evaluate (id=66) {
   "result": {
      "description": "1",
      "type": "number",
      "value": 1
   }
}
[4.758][INFO]: Done waiting for pending navigations. Status: ok
[4.758][INFO]: RESPONSE FindChildElements [ {
   "ELEMENT": "0.2866973165862501-2"
} ]
[4.771][INFO]: COMMAND FindChildElements {
   "id": "0.2866973165862501-1",
   "using": "css selector",
   "value": ".element-does-exist"
}
[4.772][INFO]: Waiting for pending navigations...
[4.772][DEBUG]: DEVTOOLS COMMAND Runtime.evaluate (id=67) {
   "expression": "1"
}
[4.772][DEBUG]: DEVTOOLS RESPONSE Runtime.evaluate (id=67) {
   "result": {
      "description": "1",
      "type": "number",
      "value": 1
   }
}
[4.772][INFO]: Done waiting for pending navigations. Status: ok
[4.774][DEBUG]: DEVTOOLS COMMAND Runtime.evaluate (id=68) {
   "expression": "(function() { // Copyright (c) 2012 The Chromium Authors. All rights reserved.\n// Use of this source code is governed by a BSD-style license that can be\n// found in the LICENSE file.\n\n/**\n * Enum f...",
   "returnByValue": true
}
[4.777][DEBUG]: DEVTOOLS RESPONSE Runtime.evaluate (id=68) {
   "result": {
      "type": "object",
      "value": {
         "status": 0,
         "value": [ {
            "ELEMENT": "0.2866973165862501-2"
         } ]
      }
   }
}
[4.777][INFO]: Waiting for pending navigations...
[4.777][DEBUG]: DEVTOOLS COMMAND Runtime.evaluate (id=69) {
   "expression": "1"
}
[4.778][DEBUG]: DEVTOOLS RESPONSE Runtime.evaluate (id=69) {
   "result": {
      "description": "1",
      "type": "number",
      "value": 1
   }
}
[4.778][INFO]: Done waiting for pending navigations. Status: ok
[4.778][INFO]: RESPONSE FindChildElements [ {
   "ELEMENT": "0.2866973165862501-2"
} ]
[4.792][INFO]: COMMAND FindChildElements {
   "id": "0.2866973165862501-1",
   "using": "css selector",
   "value": ".element-does-exist"
}
[4.792][INFO]: Waiting for pending navigations...
[4.792][DEBUG]: DEVTOOLS COMMAND Runtime.evaluate (id=70) {
   "expression": "1"
}
[4.793][DEBUG]: DEVTOOLS RESPONSE Runtime.evaluate (id=70) {
   "result": {
      "description": "1",
      "type": "number",
      "value": 1
   }
}
[4.793][INFO]: Done waiting for pending navigations. Status: ok
[4.795][DEBUG]: DEVTOOLS COMMAND Runtime.evaluate (id=71) {
   "expression": "(function() { // Copyright (c) 2012 The Chromium Authors. All rights reserved.\n// Use of this source code is governed by a BSD-style license that can be\n// found in the LICENSE file.\n\n/**\n * Enum f...",
   "returnByValue": true
}
[4.798][DEBUG]: DEVTOOLS RESPONSE Runtime.evaluate (id=71) {
   "result": {
      "type": "object",
      "value": {
         "status": 0,
         "value": [ {
            "ELEMENT": "0.2866973165862501-2"
         } ]
      }
   }
}
[4.798][INFO]: Waiting for pending navigations...
[4.798][DEBUG]: DEVTOOLS COMMAND Runtime.evaluate (id=72) {
   "expression": "1"
}
[4.798][DEBUG]: DEVTOOLS RESPONSE Runtime.evaluate (id=72) {
   "result": {
      "description": "1",
      "type": "number",
      "value": 1
   }
}
[4.799][INFO]: Done waiting for pending navigations. Status: ok
[4.799][INFO]: RESPONSE FindChildElements [ {
   "ELEMENT": "0.2866973165862501-2"
} ]
[4.813][INFO]: COMMAND FindChildElements {
   "id": "0.2866973165862501-1",
   "using": "css selector",
   "value": ".element-does-exist"
}
[4.813][INFO]: Waiting for pending navigations...
[4.813][DEBUG]: DEVTOOLS COMMAND Runtime.evaluate (id=73) {
   "expression": "1"
}
[4.817][DEBUG]: DEVTOOLS RESPONSE Runtime.evaluate (id=73) {
   "result": {
      "description": "1",
      "type": "number",
      "value": 1
   }
}
[4.817][INFO]: Done waiting for pending navigations. Status: ok
[4.818][DEBUG]: DEVTOOLS COMMAND Runtime.evaluate (id=74) {
   "expression": "(function() { // Copyright (c) 2012 The Chromium Authors. All rights reserved.\n// Use of this source code is governed by a BSD-style license that can be\n// found in the LICENSE file.\n\n/**\n * Enum f...",
   "returnByValue": true
}
[4.822][DEBUG]: DEVTOOLS RESPONSE Runtime.evaluate (id=74) {
   "result": {
      "type": "object",
      "value": {
         "status": 0,
         "value": [ {
            "ELEMENT": "0.2866973165862501-2"
         } ]
      }
   }
}
[4.822][INFO]: Waiting for pending navigations...
[4.822][DEBUG]: DEVTOOLS COMMAND Runtime.evaluate (id=75) {
   "expression": "1"
}
[4.822][DEBUG]: DEVTOOLS RESPONSE Runtime.evaluate (id=75) {
   "result": {
      "description": "1",
      "type": "number",
      "value": 1
   }
}
[4.822][INFO]: Done waiting for pending navigations. Status: ok
[4.822][INFO]: RESPONSE FindChildElements [ {
   "ELEMENT": "0.2866973165862501-2"
} ]
[4.836][INFO]: COMMAND FindChildElements {
   "id": "0.2866973165862501-1",
   "using": "css selector",
   "value": ".element-does-exist"
}
[4.836][INFO]: Waiting for pending navigations...
[4.836][DEBUG]: DEVTOOLS COMMAND Runtime.evaluate (id=76) {
   "expression": "1"
}
[4.837][DEBUG]: DEVTOOLS RESPONSE Runtime.evaluate (id=76) {
   "result": {
      "description": "1",
      "type": "number",
      "value": 1
   }
}
[4.837][INFO]: Done waiting for pending navigations. Status: ok
[4.839][DEBUG]: DEVTOOLS COMMAND Runtime.evaluate (id=77) {
   "expression": "(function() { // Copyright (c) 2012 The Chromium Authors. All rights reserved.\n// Use of this source code is governed by a BSD-style license that can be\n// found in the LICENSE file.\n\n/**\n * Enum f...",
   "returnByValue": true
}
[4.842][DEBUG]: DEVTOOLS RESPONSE Runtime.evaluate (id=77) {
   "result": {
      "type": "object",
      "value": {
         "status": 0,
         "value": [ {
            "ELEMENT": "0.2866973165862501-2"
         } ]
      }
   }
}
[4.842][INFO]: Waiting for pending navigations...
[4.842][DEBUG]: DEVTOOLS COMMAND Runtime.evaluate (id=78) {
   "expression": "1"
}
[4.843][DEBUG]: DEVTOOLS RESPONSE Runtime.evaluate (id=78) {
   "result": {
      "description": "1",
      "type": "number",
      "value": 1
   }
}
[4.843][INFO]: Done waiting for pending navigations. Status: ok
[4.843][INFO]: RESPONSE FindChildElements [ {
   "ELEMENT": "0.2866973165862501-2"
} ]
[4.856][INFO]: COMMAND FindChildElements {
   "id": "0.2866973165862501-1",
   "using": "css selector",
   "value": ".element-does-exist"
}
[4.856][INFO]: Waiting for pending navigations...
[4.856][DEBUG]: DEVTOOLS COMMAND Runtime.evaluate (id=79) {
   "expression": "1"
}
[4.857][DEBUG]: DEVTOOLS RESPONSE Runtime.evaluate (id=79) {
   "result": {
      "description": "1",
      "type": "number",
      "value": 1
   }
}
[4.857][INFO]: Done waiting for pending navigations. Status: ok
[4.858][DEBUG]: DEVTOOLS COMMAND Runtime.evaluate (id=80) {
   "expression": "(function() { // Copyright (c) 2012 The Chromium Authors. All rights reserved.\n// Use of this source code is governed by a BSD-style license that can be\n// found in the LICENSE file.\n\n/**\n * Enum f...",
   "returnByValue": true
}
[4.861][DEBUG]: DEVTOOLS RESPONSE Runtime.evaluate (id=80) {
   "result": {
      "type": "object",
      "value": {
         "status": 0,
         "value": [ {
            "ELEMENT": "0.2866973165862501-2"
         } ]
      }
   }
}
[4.862][INFO]: Waiting for pending navigations...
[4.862][DEBUG]: DEVTOOLS COMMAND Runtime.evaluate (id=81) {
   "expression": "1"
}
[4.862][DEBUG]: DEVTOOLS RESPONSE Runtime.evaluate (id=81) {
   "result": {
      "description": "1",
      "type": "number",
      "value": 1
   }
}
[4.862][INFO]: Done waiting for pending navigations. Status: ok
[4.862][INFO]: RESPONSE FindChildElements [ {
   "ELEMENT": "0.2866973165862501-2"
} ]
[4.876][INFO]: COMMAND FindChildElements {
   "id": "0.2866973165862501-1",
   "using": "css selector",
   "value": ".element-does-exist"
}
[4.876][INFO]: Waiting for pending navigations...
[4.877][DEBUG]: DEVTOOLS COMMAND Runtime.evaluate (id=82) {
   "expression": "1"
}
[4.877][DEBUG]: DEVTOOLS RESPONSE Runtime.evaluate (id=82) {
   "result": {
      "description": "1",
      "type": "number",
      "value": 1
   }
}
[4.877][INFO]: Done waiting for pending navigations. Status: ok
[4.879][DEBUG]: DEVTOOLS COMMAND Runtime.evaluate (id=83) {
   "expression": "(function() { // Copyright (c) 2012 The Chromium Authors. All rights reserved.\n// Use of this source code is governed by a BSD-style license that can be\n// found in the LICENSE file.\n\n/**\n * Enum f...",
   "returnByValue": true
}
[4.882][DEBUG]: DEVTOOLS RESPONSE Runtime.evaluate (id=83) {
   "result": {
      "type": "object",
      "value": {
         "status": 0,
         "value": [ {
            "ELEMENT": "0.2866973165862501-2"
         } ]
      }
   }
}
[4.882][INFO]: Waiting for pending navigations...
[4.882][DEBUG]: DEVTOOLS COMMAND Runtime.evaluate (id=84) {
   "expression": "1"
}
[4.883][DEBUG]: DEVTOOLS RESPONSE Runtime.evaluate (id=84) {
   "result": {
      "description": "1",
      "type": "number",
      "value": 1
   }
}
[4.883][INFO]: Done waiting for pending navigations. Status: ok
[4.883][INFO]: RESPONSE FindChildElements [ {
   "ELEMENT": "0.2866973165862501-2"
} ]
[4.896][INFO]: COMMAND FindChildElements {
   "id": "0.2866973165862501-1",
   "using": "css selector",
   "value": ".element-does-exist"
}
[4.896][INFO]: Waiting for pending navigations...
[4.896][DEBUG]: DEVTOOLS COMMAND Runtime.evaluate (id=85) {
   "expression": "1"
}
[4.896][DEBUG]: DEVTOOLS EVENT Page.lifecycleEvent {
   "frameId": "(855D5321045AC9BE52C52DFACD79AD6)",
   "name": "networkAlmostIdle",
   "timestamp": 133.889461
}
[4.896][DEBUG]: DEVTOOLS EVENT Page.lifecycleEvent {
   "frameId": "(855D5321045AC9BE52C52DFACD79AD6)",
   "name": "networkIdle",
   "timestamp": 133.889461
}
[4.896][DEBUG]: DEVTOOLS RESPONSE Runtime.evaluate (id=85) {
   "result": {
      "description": "1",
      "type": "number",
      "value": 1
   }
}
[4.896][INFO]: Done waiting for pending navigations. Status: ok
[4.898][DEBUG]: DEVTOOLS COMMAND Runtime.evaluate (id=86) {
   "expression": "(function() { // Copyright (c) 2012 The Chromium Authors. All rights reserved.\n// Use of this source code is governed by a BSD-style license that can be\n// found in the LICENSE file.\n\n/**\n * Enum f...",
   "returnByValue": true
}
[4.902][DEBUG]: DEVTOOLS RESPONSE Runtime.evaluate (id=86) {
   "result": {
      "type": "object",
      "value": {
         "status": 0,
         "value": [ {
            "ELEMENT": "0.2866973165862501-2"
         } ]
      }
   }
}
[4.902][INFO]: Waiting for pending navigations...
[4.902][DEBUG]: DEVTOOLS COMMAND Runtime.evaluate (id=87) {
   "expression": "1"
}
[4.902][DEBUG]: DEVTOOLS RESPONSE Runtime.evaluate (id=87) {
   "result": {
      "description": "1",
      "type": "number",
      "value": 1
   }
}
[4.902][INFO]: Done waiting for pending navigations. Status: ok
[4.902][INFO]: RESPONSE FindChildElements [ {
   "ELEMENT": "0.2866973165862501-2"
} ]
[4.916][INFO]: COMMAND FindChildElements {
   "id": "0.2866973165862501-1",
   "using": "css selector",
   "value": ".element-does-exist"
}
[4.916][INFO]: Waiting for pending navigations...
[4.916][DEBUG]: DEVTOOLS COMMAND Runtime.evaluate (id=88) {
   "expression": "1"
}
[4.916][DEBUG]: DEVTOOLS RESPONSE Runtime.evaluate (id=88) {
   "result": {
      "description": "1",
      "type": "number",
      "value": 1
   }
}
[4.916][INFO]: Done waiting for pending navigations. Status: ok
[4.918][DEBUG]: DEVTOOLS COMMAND Runtime.evaluate (id=89) {
   "expression": "(function() { // Copyright (c) 2012 The Chromium Authors. All rights reserved.\n// Use of this source code is governed by a BSD-style license that can be\n// found in the LICENSE file.\n\n/**\n * Enum f...",
   "returnByValue": true
}
[4.921][DEBUG]: DEVTOOLS RESPONSE Runtime.evaluate (id=89) {
   "result": {
      "type": "object",
      "value": {
         "status": 0,
         "value": [ {
            "ELEMENT": "0.2866973165862501-2"
         } ]
      }
   }
}
[4.921][INFO]: Waiting for pending navigations...
[4.921][DEBUG]: DEVTOOLS COMMAND Runtime.evaluate (id=90) {
   "expression": "1"
}
[4.922][DEBUG]: DEVTOOLS RESPONSE Runtime.evaluate (id=90) {
   "result": {
      "description": "1",
      "type": "number",
      "value": 1
   }
}
[4.922][INFO]: Done waiting for pending navigations. Status: ok
[4.922][INFO]: RESPONSE FindChildElements [ {
   "ELEMENT": "0.2866973165862501-2"
} ]
[4.937][INFO]: COMMAND FindChildElements {
   "id": "0.2866973165862501-1",
   "using": "css selector",
   "value": ".element-does-exist"
}
[4.937][INFO]: Waiting for pending navigations...
[4.937][DEBUG]: DEVTOOLS COMMAND Runtime.evaluate (id=91) {
   "expression": "1"
}
[4.937][DEBUG]: DEVTOOLS RESPONSE Runtime.evaluate (id=91) {
   "result": {
      "description": "1",
      "type": "number",
      "value": 1
   }
}
[4.937][INFO]: Done waiting for pending navigations. Status: ok
[4.939][DEBUG]: DEVTOOLS COMMAND Runtime.evaluate (id=92) {
   "expression": "(function() { // Copyright (c) 2012 The Chromium Authors. All rights reserved.\n// Use of this source code is governed by a BSD-style license that can be\n// found in the LICENSE file.\n\n/**\n * Enum f...",
   "returnByValue": true
}
[4.942][DEBUG]: DEVTOOLS RESPONSE Runtime.evaluate (id=92) {
   "result": {
      "type": "object",
      "value": {
         "status": 0,
         "value": [ {
            "ELEMENT": "0.2866973165862501-2"
         } ]
      }
   }
}
[4.942][INFO]: Waiting for pending navigations...
[4.942][DEBUG]: DEVTOOLS COMMAND Runtime.evaluate (id=93) {
   "expression": "1"
}
[4.943][DEBUG]: DEVTOOLS RESPONSE Runtime.evaluate (id=93) {
   "result": {
      "description": "1",
      "type": "number",
      "value": 1
   }
}
[4.943][INFO]: Done waiting for pending navigations. Status: ok
[4.943][INFO]: RESPONSE FindChildElements [ {
   "ELEMENT": "0.2866973165862501-2"
} ]
[4.982][INFO]: COMMAND Screenshot {

}
[4.982][INFO]: Waiting for pending navigations...
[4.982][DEBUG]: DEVTOOLS COMMAND Runtime.evaluate (id=94) {
   "expression": "1"
}
[4.983][DEBUG]: DEVTOOLS RESPONSE Runtime.evaluate (id=94) {
   "result": {
      "description": "1",
      "type": "number",
      "value": 1
   }
}
[4.983][INFO]: Done waiting for pending navigations. Status: ok
[4.983][DEBUG]: DevTools request: http://localhost:12410/json/activate/(855D5321045AC9BE52C52DFACD79AD6)
[4.984][DEBUG]: DevTools response: Target activated
[4.984][DEBUG]: DEVTOOLS COMMAND Page.captureScreenshot (id=95) {

}
[5.158][DEBUG]: DEVTOOLS RESPONSE Page.captureScreenshot (id=95) {
   "data": "iVBORw0KGgoAAAANSUhEUgAABVYAAAO+CAYAAADv/k7HAAAcJklEQVR4nOzYwQ3AIBDAsNL9dz5WIC+EZE+Qd9bMzAcAAAAAwLH/dgAAAAAAwGuMVQAAAACAyFgFAAAAAIiMVQAAAACAyFgFAAAAAIiMVQAAAACAyFgFAAAAAIiMVQAAAACAyFgFAAAAAIiMVQAAA..."
}
[5.158][INFO]: Waiting for pending navigations...
[5.158][DEBUG]: DEVTOOLS COMMAND Runtime.evaluate (id=96) {
   "expression": "1"
}
[5.164][DEBUG]: DEVTOOLS RESPONSE Runtime.evaluate (id=96) {
   "result": {
      "description": "1",
      "type": "number",
      "value": 1
   }
}
[5.164][INFO]: Done waiting for pending navigations. Status: ok
[5.164][INFO]: RESPONSE Screenshot "iVBORw0KGgoAAAANSUhEUgAABVYAAAO+CAYAAADv/k7HAAAcJklEQVR4nOzYwQ3AIBDAsNL9dz5WIC+EZE+Qd9bMzAcAAAAAwLH/dgAAAAAAwGuMVQAAAACAyFgFAAAAAIiMVQAAAACAyFgFAAAAAIiMVQAAAACAyFgFAAAAAIiMVQAAAACAyFgFAAAAAIiMVQAAA..."
[5.197][INFO]: COMMAND Quit {

}
[5.247][INFO]: RESPONSE Quit
[5.247][DEBUG]: Log type 'driver' lost 0 entries on destruction
[5.247][DEBUG]: Log type 'browser' lost 0 entries on destruction
