[44:44:0830/010352.587988:VERBOSE1:breakpad_linux.cc(1980)] Breakpad disabled
[44:49:0830/010352.723064:ERROR:bus.cc(395)] Failed to connect to the bus: Failed to connect to socket /var/run/dbus/system_bus_socket: No such file or directory
[44:44:0830/010352.742894:VERBOSE1:pref_proxy_config_tracker_impl.cc(154)] 0xf7d06056580: set chrome proxy config service to 0xf7d06137c00
[44:44:0830/010352.760782:VERBOSE1:pulse_stubs.cc(683)] dlopen(libpulse.so.0) failed, dlerror() says:
libpulse.so.0: cannot open shared object file: No such file or directory
[44:44:0830/010352.760821:VERBOSE1:pulse_util.cc(106)] Failed on loading the Pulse library and symbols
[44:44:0830/010352.818689:VERBOSE1:mutable_profile_oauth2_token_service_delegate.cc(162)] MutablePO2TS::MutablePO2TS
[44:44:0830/010352.818823:VERBOSE1:device_event_log_impl.cc(158)] [01:03:52.818] Bluetooth: EVENT: bluetooth_api.cc:68 BluetoothAPI: 0xf7d061b8400
[44:44:0830/010352.819322:VERBOSE1:bluetooth_low_energy_event_router.cc(248)] Initializing BluetoothLowEnergyEventRouter.
[44:44:0830/010352.845066:VERBOSE1:pref_proxy_config_tracker_impl.cc(154)] 0xf7d062e9000: set chrome proxy config service to 0xf7d061b3000
[44:44:0830/010352.846535:VERBOSE1:extension_service.cc(1403)] AddComponentExtension Cloud Print
[44:44:0830/010352.846551:VERBOSE1:extension_service.cc(1405)] Component extension Cloud Print (mfehgcgbbipciphmccgaenjidiccnmng) installing/upgrading from '' to 0.1
[44:44:0830/010352.846948:VERBOSE1:extension_service.cc(1403)] AddComponentExtension Web Store
[44:44:0830/010352.846962:VERBOSE1:extension_service.cc(1405)] Component extension Web Store (ahfgeienlihckogmohjhadlkjgocpleb) installing/upgrading from '' to 0.2
[44:44:0830/010352.847336:VERBOSE1:extension_service.cc(1403)] AddComponentExtension Chromium PDF Viewer
[44:44:0830/010352.847350:VERBOSE1:extension_service.cc(1405)] Component extension Chromium PDF Viewer (mhjfbmdgcfjbbpaeojofohoefgiehjai) installing/upgrading from '' to 1
[44:44:0830/010352.861810:VERBOSE1:account_reconcilor.cc(88)] AccountReconcilor::AccountReconcilor
[44:44:0830/010352.861885:VERBOSE1:account_reconcilor.cc(99)] AccountReconcilor::Initialize
[44:56:0830/010352.898361:VERBOSE1:component_installer.cc(244)] StartRegistration for Signed Tree Heads
[44:56:0830/010352.899524:VERBOSE1:component_installer.cc(244)] StartRegistration for Origin Trials
[44:44:0830/010352.899645:VERBOSE1:file_type_policies_component_installer.cc(129)] Registering File Type Policies component.
[44:56:0830/010352.899696:VERBOSE1:component_installer.cc(244)] StartRegistration for File Type Policies
[44:56:0830/010352.899825:VERBOSE1:component_installer.cc(244)] StartRegistration for SSL Error Assistant
[44:44:0830/010352.978791:WARNING:password_store_factory.cc(241)] Using basic (unencrypted) store for password storage. See https://chromium.googlesource.com/chromium/src/+/master/docs/linux_password_storage.md for more information about password storage options.
[44:44:0830/010353.078466:VERBOSE1:bluez_dbus_manager.cc(172)] Bluetooth not supported.
[44:44:0830/010353.083723:VERBOSE1:component_updater_service.cc(91)] CrxUpdateService starting up. First update attempt will take place in 360 seconds. Next update attempt will take place in 18000 seconds. 
[44:44:0830/010353.083752:VERBOSE1:component_installer.cc(378)] FinishRegistration for Signed Tree Heads
[44:44:0830/010353.083770:VERBOSE1:component_installer.cc(378)] FinishRegistration for Origin Trials
[44:44:0830/010353.083789:VERBOSE1:component_installer.cc(378)] FinishRegistration for File Type Policies
[44:44:0830/010353.083804:VERBOSE1:component_installer.cc(378)] FinishRegistration for SSL Error Assistant
[44:85:0830/010353.100330:WARNING:histograms.cc(40)] Started multiple compositor clients (Browser, Renderer) in one process. Some metrics will be disabled.
[44:67:0830/010353.318859:VERBOSE1:multi_log_ct_verifier.cc(75)] Adding CT log: Google 'Aviator' log
[44:67:0830/010353.318887:VERBOSE1:multi_log_ct_verifier.cc(75)] Adding CT log: Google 'Icarus' log
[44:67:0830/010353.318900:VERBOSE1:multi_log_ct_verifier.cc(75)] Adding CT log: Google 'Pilot' log
[44:67:0830/010353.318923:VERBOSE1:multi_log_ct_verifier.cc(75)] Adding CT log: Google 'Rocketeer' log
[44:67:0830/010353.318937:VERBOSE1:multi_log_ct_verifier.cc(75)] Adding CT log: Google 'Skydiver' log
[44:67:0830/010353.318950:VERBOSE1:multi_log_ct_verifier.cc(75)] Adding CT log: DigiCert Log Server
[44:67:0830/010353.318962:VERBOSE1:multi_log_ct_verifier.cc(75)] Adding CT log: DigiCert Log Server 2
[44:67:0830/010353.318976:VERBOSE1:multi_log_ct_verifier.cc(75)] Adding CT log: Symantec log
[44:67:0830/010353.318983:VERBOSE1:multi_log_ct_verifier.cc(75)] Adding CT log: Symantec 'Vega' log
[44:67:0830/010353.318990:VERBOSE1:multi_log_ct_verifier.cc(75)] Adding CT log: Symantec 'Sirius' log
[44:67:0830/010353.318996:VERBOSE1:multi_log_ct_verifier.cc(75)] Adding CT log: WoSign log
[44:67:0830/010353.319003:VERBOSE1:multi_log_ct_verifier.cc(75)] Adding CT log: Venafi Gen2 CT log
[44:67:0830/010353.319010:VERBOSE1:multi_log_ct_verifier.cc(75)] Adding CT log: CNNIC CT log
[44:67:0830/010353.319018:VERBOSE1:multi_log_ct_verifier.cc(75)] Adding CT log: StartCom log
[44:67:0830/010353.319024:VERBOSE1:multi_log_ct_verifier.cc(75)] Adding CT log: Comodo 'Sabre' CT log
[44:67:0830/010353.319031:VERBOSE1:multi_log_ct_verifier.cc(75)] Adding CT log: Comodo 'Mammoth' CT log
[44:67:0830/010353.319038:VERBOSE1:multi_log_ct_verifier.cc(75)] Adding CT log: Izenpe log
[44:67:0830/010353.319044:VERBOSE1:multi_log_ct_verifier.cc(75)] Adding CT log: Venafi log
[44:67:0830/010353.319051:VERBOSE1:multi_log_ct_verifier.cc(75)] Adding CT log: Certly.IO log
[44:67:0830/010353.319061:ERROR:io_thread.cc(730)] Cannot use V8 Proxy resolver in single process mode.
[44:67:0830/010353.319186:VERBOSE1:proxy_service.cc(958)] PAC support disabled because there is no system implementation
[44:67:0830/010353.322813:ERROR:io_thread.cc(730)] Cannot use V8 Proxy resolver in single process mode.
[44:67:0830/010353.322841:VERBOSE1:multi_log_ct_verifier.cc(75)] Adding CT log: Google 'Aviator' log
[44:67:0830/010353.322855:VERBOSE1:multi_log_ct_verifier.cc(75)] Adding CT log: Google 'Icarus' log
[44:67:0830/010353.322867:VERBOSE1:multi_log_ct_verifier.cc(75)] Adding CT log: Google 'Pilot' log
[44:67:0830/010353.322881:VERBOSE1:multi_log_ct_verifier.cc(75)] Adding CT log: Google 'Rocketeer' log
[44:67:0830/010353.322894:VERBOSE1:multi_log_ct_verifier.cc(75)] Adding CT log: Google 'Skydiver' log
[44:67:0830/010353.322905:VERBOSE1:multi_log_ct_verifier.cc(75)] Adding CT log: DigiCert Log Server
[44:67:0830/010353.322917:VERBOSE1:multi_log_ct_verifier.cc(75)] Adding CT log: DigiCert Log Server 2
[44:67:0830/010353.322929:VERBOSE1:multi_log_ct_verifier.cc(75)] Adding CT log: Symantec log
[44:67:0830/010353.322941:VERBOSE1:multi_log_ct_verifier.cc(75)] Adding CT log: Symantec 'Vega' log
[44:67:0830/010353.322954:VERBOSE1:multi_log_ct_verifier.cc(75)] Adding CT log: Symantec 'Sirius' log
[44:67:0830/010353.322967:VERBOSE1:multi_log_ct_verifier.cc(75)] Adding CT log: WoSign log
[44:67:0830/010353.322980:VERBOSE1:multi_log_ct_verifier.cc(75)] Adding CT log: Venafi Gen2 CT log
[44:67:0830/010353.322993:VERBOSE1:multi_log_ct_verifier.cc(75)] Adding CT log: CNNIC CT log
[44:67:0830/010353.323006:VERBOSE1:multi_log_ct_verifier.cc(75)] Adding CT log: StartCom log
[44:67:0830/010353.323019:VERBOSE1:multi_log_ct_verifier.cc(75)] Adding CT log: Comodo 'Sabre' CT log
[44:67:0830/010353.323031:VERBOSE1:multi_log_ct_verifier.cc(75)] Adding CT log: Comodo 'Mammoth' CT log
[44:67:0830/010353.323044:VERBOSE1:multi_log_ct_verifier.cc(75)] Adding CT log: Izenpe log
[44:67:0830/010353.323057:VERBOSE1:multi_log_ct_verifier.cc(75)] Adding CT log: Venafi log
[44:67:0830/010353.323071:VERBOSE1:multi_log_ct_verifier.cc(75)] Adding CT log: Certly.IO log
[44:67:0830/010353.323262:VERBOSE1:proxy_service.cc(958)] PAC support disabled because there is no system implementation
[44:67:0830/010353.324873:VERBOSE1:network_delegate.cc(30)] NetworkDelegate::NotifyBeforeURLRequest: https://www.gstatic.com/chrome/intelligence/assist/ranker/models/translate/2017/03/translate_ranker_model_20170329.pb.bin
[44:67:0830/010353.324904:VERBOSE1:network_delegate.cc(30)] NetworkDelegate::NotifyBeforeURLRequest: https://www.gstatic.com/chrome/intelligence/assist/ranker/models/translate/2017/03/translate_ranker_model_20170329.pb.bin
[44:67:0830/010353.398503:VERBOSE1:network_delegate.cc(30)] NetworkDelegate::NotifyBeforeURLRequest: chrome-extension://aapnijgdinlhnhlmodcfapnahmbfebeb/_generated_background_page.html
[44:67:0830/010353.398523:VERBOSE1:network_delegate.cc(30)] NetworkDelegate::NotifyBeforeURLRequest: chrome-extension://aapnijgdinlhnhlmodcfapnahmbfebeb/_generated_background_page.html
[44:67:0830/010353.398532:VERBOSE1:network_delegate.cc(30)] NetworkDelegate::NotifyBeforeURLRequest: chrome-extension://aapnijgdinlhnhlmodcfapnahmbfebeb/_generated_background_page.html
[44:85:0830/010353.417724:VERBOSE1:LocalWindowProxy.cpp(236)] A context is created NOT from snapshot
[44:85:0830/010353.418303:VERBOSE1:script_context.cc(111)] Created context:
  extension id:           (none)
  frame:                  0x250f2d761d18
  URL:                    
  context_type:           WEB_PAGE
  effective extension id: (none)
  effective context type: WEB_PAGE
[44:85:0830/010353.418965:VERBOSE1:script_context.cc(111)] Created context:
  extension id:           (none)
  frame:                  (nil)
  URL:                    
  context_type:           UNSPECIFIED
  effective extension id: (none)
  effective context type: UNSPECIFIED
[44:85:0830/010353.419806:VERBOSE1:dispatcher.cc(366)] Num tracked contexts: 1
[44:85:0830/010353.427897:VERBOSE1:LocalWindowProxy.cpp(236)] A context is created NOT from snapshot
[44:85:0830/010353.428142:VERBOSE1:script_context.cc(111)] Created context:
  extension id:           aapnijgdinlhnhlmodcfapnahmbfebeb
  frame:                  0x250f2d76e920
  URL:                    
  context_type:           BLESSED_EXTENSION
  effective extension id: aapnijgdinlhnhlmodcfapnahmbfebeb
  effective context type: BLESSED_EXTENSION
[44:85:0830/010353.428221:VERBOSE1:script_context.cc(111)] Created context:
  extension id:           (none)
  frame:                  (nil)
  URL:                    
  context_type:           UNSPECIFIED
  effective extension id: (none)
  effective context type: UNSPECIFIED
[44:67:0830/010353.437946:VERBOSE1:network_delegate.cc(30)] NetworkDelegate::NotifyBeforeURLRequest: chrome-extension://aapnijgdinlhnhlmodcfapnahmbfebeb/background.js
[44:67:0830/010353.437971:VERBOSE1:network_delegate.cc(30)] NetworkDelegate::NotifyBeforeURLRequest: chrome-extension://aapnijgdinlhnhlmodcfapnahmbfebeb/background.js
[44:67:0830/010353.437989:VERBOSE1:network_delegate.cc(30)] NetworkDelegate::NotifyBeforeURLRequest: chrome-extension://aapnijgdinlhnhlmodcfapnahmbfebeb/background.js
[44:85:0830/010353.479295:VERBOSE1:dispatcher.cc(366)] Num tracked contexts: 2
[44:85:0830/010353.480280:VERBOSE1:language_detection_util.cc(234)] Detected language: und
[44:85:0830/010354.017437:VERBOSE1:dispatcher.cc(498)] Num tracked contexts: 1
[44:85:0830/010354.020667:VERBOSE1:LocalWindowProxy.cpp(236)] A context is created NOT from snapshot
[44:85:0830/010354.020907:VERBOSE1:script_context.cc(111)] Created context:
  extension id:           (none)
  frame:                  0x250f2d761d18
  URL:                    
  context_type:           WEB_PAGE
  effective extension id: (none)
  effective context type: WEB_PAGE
[44:85:0830/010354.020974:VERBOSE1:script_context.cc(111)] Created context:
  extension id:           (none)
  frame:                  (nil)
  URL:                    
  context_type:           UNSPECIFIED
  effective extension id: (none)
  effective context type: UNSPECIFIED
[44:85:0830/010354.021534:VERBOSE1:dispatcher.cc(366)] Num tracked contexts: 2
[44:85:0830/010354.022361:VERBOSE1:script_context.cc(120)] Destroyed context for extension
  extension id: 
  effective extension id: 
[44:85:0830/010354.022395:VERBOSE1:script_context.cc(120)] Destroyed context for extension
  extension id: 
  effective extension id: 
[44:85:0830/010354.025490:VERBOSE1:language_detection_util.cc(234)] Detected language: und
