[2.090][INFO]: COMMAND InitSession {
   "desiredCapabilities": {
      "browserName": "chrome",
      "chromeOptions": {
         "args": [ "--disable-gpu", "--single-process", "--no-sandbox", "--data-path=/tmp/data-path", "--homedir=/tmp/homedir", "--disk-cache-dir=/tmp", "--disk-cache-size=1", "--media-cache-size=1", "--allow-file-access-from-files", "--enable-logging", "--v=1", "--disable-web-security", "--disable-extensions", "--ignore-certificate-errors", "--disable-ntp-most-likely-favicons-from-server", "--disable-ntp-popular-sites", "--window-size=1366,1024", "--disable-infobars", "--disable-dev-shm-usage", "..." ],
         "binary": "/tmp/chrome-lambda/chrome",
         "prefs": {
            "credentials_enable_service": false,
            "profile": {
               "password_manager_enabled": false
            }
         }
      },
      "count": 1
   }
}
[2.091][INFO]: Populating Preferences file: {
   "alternate_error_pages": {
      "enabled": false
   },
   "autofill": {
      "enabled": false
   },
   "browser": {
      "check_default_browser": false
   },
   "credentials_enable_service": false,
   "distribution": {
      "import_bookmarks": false,
      "import_history": false,
      "import_search_engine": false,
      "make_chrome_default_for_user": false,
      "show_welcome_page": false,
      "skip_first_run_ui": true
   },
   "dns_prefetching": {
      "enabled": false
   },
   "profile": {
      "password_manager_enabled": false
   },
   "safebrowsing": {
      "enabled": false
   },
   "search": {
      "suggest_enabled": false
   },
   "translate": {
      "enabled": false
   }
}
[2.091][INFO]: Populating Local State file: {
   "background_mode": {
      "enabled": false
   },
   "ssl": {
      "rev_checking": {
         "enabled": false
      }
   }
}
[2.091][INFO]: Launching chrome: /tmp/chrome-lambda/chrome --allow-file-access-from-files --data-path=/tmp/data-path --disable-background-networking --disable-browser-side-navigation --disable-client-side-phishing-detection --disable-default-apps --disable-dev-shm-usage --disable-extensions --disable-extensions-except=/tmp/.org.chromium.Chromium.1RYgIP/internal --disable-gpu --disable-hang-monitor --disable-infobars --disable-ntp-most-likely-favicons-from-server --disable-ntp-popular-sites --disable-popup-blocking --disable-prompt-on-repost --disable-sync --disable-web-resources --disable-web-security --disk-cache-dir=/tmp --disk-cache-size=1 --enable-automation --enable-logging --enable-precise-memory-info --force-fieldtrials=SiteIsolationExtensions/Control --homedir=/tmp/homedir --ignore-certificate-errors --log-level=0 --media-cache-size=1 --metrics-recording-only --no-first-run --no-sandbox --password-store=basic --remote-debugging-port=12765 --safebrowsing-disable-auto-update --single-process --test-type=webdriver --use-mock-keychain --user-data-dir=/tmp/.org.chromium.Chromium.QM0Fuu --v=1 --window-size=1366,1024 data:,
[2.091][DEBUG]: DevTools request: http://localhost:12765/json/version
[2.104][SEVERE]: Error initializing NSS with a persistent database (sql:/tmp/homedir/.pki/nssdb): NSS error code: -8023
[2.104][SEVERE]: Error initializing NSS without a persistent database: NSS error code: -8023
[2.107][SEVERE]: nss_error=-8023, os_error=0
#0 0x000000506057 <unknown>
#1 0x00000050d1c1 <unknown>
#2 0x00000073fc23 <unknown>
#3 0x000000677945 <unknown>
#4 0x00000059dc96 <unknown>
#5 0x00000058374c <unknown>
#6 0x00000057a327 <unknown>
#7 0x00000046cda4 <unknown>
#8 0x00000065d89a <unknown>
#9 0x00000065b87b <unknown>
#10 0x0000005473c7 <unknown>
#11 0x00000050eb24 <unknown>
#12 0x00000050f1a1 <unknown>
#13 0x000000511079 <unknown>
#14 0x00000051b9f5 <unknown>
#15 0x000000533cea <unknown>
#16 0x00000052f7b3 <unknown>
#17 0x7fe8a50aade5 start_thread
#18 0x7fe8a304c30d __clone

[2.108][SEVERE]: CreatePlatformSocket() returned an error, errno=97: Address family not supported by protocol (97)
[2.108][DEBUG]: DevTools request failed
[2.158][DEBUG]: DevTools request: http://localhost:12765/json/version
[2.158][SEVERE]: CreatePlatformSocket() returned an error, errno=97: Address family not supported by protocol (97)
[2.158][DEBUG]: DevTools request failed
[2.208][DEBUG]: DevTools request: http://localhost:12765/json/version
[2.209][SEVERE]: CreatePlatformSocket() returned an error, errno=97: Address family not supported by protocol (97)
[2.209][DEBUG]: DevTools request failed
[2.259][DEBUG]: DevTools request: http://localhost:12765/json/version
[2.259][SEVERE]: CreatePlatformSocket() returned an error, errno=97: Address family not supported by protocol (97)
[2.259][DEBUG]: DevTools request failed
[2.309][DEBUG]: DevTools request: http://localhost:12765/json/version
[2.309][SEVERE]: CreatePlatformSocket() returned an error, errno=97: Address family not supported by protocol (97)
[2.309][DEBUG]: DevTools request failed
[2.360][DEBUG]: DevTools request: http://localhost:12765/json/version
[2.360][SEVERE]: CreatePlatformSocket() returned an error, errno=97: Address family not supported by protocol (97)
[2.360][DEBUG]: DevTools request failed
[2.410][DEBUG]: DevTools request: http://localhost:12765/json/version
[2.410][SEVERE]: CreatePlatformSocket() returned an error, errno=97: Address family not supported by protocol (97)
[2.410][DEBUG]: DevTools request failed
prctl(PR_SET_NO_NEW_PRIVS) failed
Xlib:  extension "RANDR" missing on display ":99".
[2.463][DEBUG]: DevTools request: http://localhost:12765/json/version
[2.464][SEVERE]: CreatePlatformSocket() returned an error, errno=97: Address family not supported by protocol (97)
[2.464][DEBUG]: DevTools request failed
[2.514][DEBUG]: DevTools request: http://localhost:12765/json/version
[2.514][SEVERE]: CreatePlatformSocket() returned an error, errno=97: Address family not supported by protocol (97)
[2.514][DEBUG]: DevTools request failed
[44:56:1102/205532.331330:ERROR:bus.cc(395)] Failed to connect to the bus: Failed to connect to socket /var/run/dbus/system_bus_socket: No such file or directory
[2.564][DEBUG]: DevTools request: http://localhost:12765/json/version
[2.565][SEVERE]: CreatePlatformSocket() returned an error, errno=97: Address family not supported by protocol (97)
[2.565][DEBUG]: DevTools request failed
Xlib:  extension "RANDR" missing on display ":99".
[2.615][DEBUG]: DevTools request: http://localhost:12765/json/version
[2.615][SEVERE]: CreatePlatformSocket() returned an error, errno=97: Address family not supported by protocol (97)
[2.615][DEBUG]: DevTools request failed
[44:74:1102/205532.423872:ERROR:nss_util.cc(650)] Error initializing NSS with a persistent database (sql:/tmp/homedir/.pki/nssdb): NSS error code: -8023
[44:74:1102/205532.423985:ERROR:nss_util.cc(154)] Error initializing NSS without a persistent database: NSS error code: -8023
[2.665][DEBUG]: DevTools request: http://localhost:12765/json/version
[2.665][SEVERE]: CreatePlatformSocket() returned an error, errno=97: Address family not supported by protocol (97)
[2.666][DEBUG]: DevTools request failed

DevTools listening on ws://127.0.0.1:12765/devtools/browser/41719733-352d-4e0d-8dec-ed217e9d5bf7
[2.723][DEBUG]: DevTools request: http://localhost:12765/json/version
[2.724][SEVERE]: CreatePlatformSocket() returned an error, errno=97: Address family not supported by protocol (97)
[44:74:1102/205532.424000:FATAL:nss_util.cc(156)] nss_error=-8023, os_error=0
#0 0x55eeb94f3a87 base::debug::StackTrace::StackTrace()
#1 0x55eeb950a221 logging::LogMessage::~LogMessage()
#2 0x55eeb9dbfb43 base::LazyInstance<>::Get()
#3 0x55eeb9be8bb5 net::CertDatabase::GetInstance()
#4 0x55eeb9d277d8 net::ClientSocketFactory::GetDefaultFactory()
#5 0x55eeb9c40ac8 net::DnsClient::CreateClient()
#6 0x55eeb92d464a chrome_browser_net::DnsProbeService::SetSystemClientToCurrentConfig()
#7 0x55eeb92d45b2 chrome_browser_net::DnsProbeService::DnsProbeService()
#8 0x55eeb929f89d IOThread::Init()
#9 0x55eeb835d95d content::BrowserProcessSubThread::Init()
#10 0x55eeb9559c07 base::Thread::ThreadMain()
#11 0x55eeb9554ea3 base::(anonymous namespace)::ThreadFunc()
#12 0x7f17027b4de5 start_thread
#13 0x7f16fc8fa30d __clone

Received signal 6
#0 0x55eeb94f3a87 [2.828][DEBUG]: DevTools response: {
   "Browser": "Chrome/63.0.3239.84",
   "Protocol-Version": "1.2",
   "User-Agent": "Mozilla/5.0 (X11; Linux x86_64) AppleWebKit/537.36 (KHTML, like Gecko) Chrome/63.0.3239.84 Safari/537.36",
   "V8-Version": "6.3.292.46",
   "WebKit-Version": "537.36 (@0f53a5abc7a405fbe9f1cfd3db38f2092c8a7816)",
   "webSocketDebuggerUrl": "ws://localhost:12765/devtools/browser/41719733-352d-4e0d-8dec-ed217e9d5bf7"
}

base::debug::StackTrace::StackTrace()
#1 0x55eeb94f35ef base::debug::(anonymous namespace)::StackDumpSignalHandler()
#2 0x7f17027bc5a0 <unknown>
#3 0x7f16fc8371f7 __GI_raise
#4 0x7f16fc8388e8 [2.847][DEBUG]: DevTools request: http://localhost:12765/json
__GI_abort
#5 0x55eeb94f2632 [2.850][DEBUG]: DevTools response: [ {
   "description": "",
   "devtoolsFrontendUrl": "/devtools/inspector.html?ws=localhost:12765/devtools/page/(3E10A33D9A37CB93F951E381124289FF)",
   "id": "(3E10A33D9A37CB93F951E381124289FF)",
   "title": "",
   "type": "page",
   "url": "data:,",
   "webSocketDebuggerUrl": "ws://localhost:12765/devtools/page/(3E10A33D9A37CB93F951E381124289FF)"
} ]

[2.850][DEBUG]: DevTools request: http://localhost:12765/json
base::debug::BreakDebugger()
#6 0x55eeb950a60a [2.886][DEBUG]: DevTools response: [ {
   "description": "",
   "devtoolsFrontendUrl": "/devtools/inspector.html?ws=localhost:12765/devtools/page/(3E10A33D9A37CB93F951E381124289FF)",
   "id": "(3E10A33D9A37CB93F951E381124289FF)",
   "title": "",
   "type": "page",
   "url": "data:,",
   "webSocketDebuggerUrl": "ws://localhost:12765/devtools/page/(3E10A33D9A37CB93F951E381124289FF)"
} ]

[2.887][INFO]: resolved localhost to ["127.0.0.1"]
logging::LogMessage::~LogMessage()
#7 0x55eeb9dbfb43 base::LazyInstance<>::Get()
#8 0x55eeb9be8bb5 [2.889][DEBUG]: DEVTOOLS COMMAND Log.enable (id=1) {

}
[2.889][DEBUG]: DEVTOOLS COMMAND DOM.getDocument (id=2) {

}
[2.889][DEBUG]: DEVTOOLS COMMAND Runtime.enable (id=3) {

}
[2.889][DEBUG]: DEVTOOLS COMMAND Page.enable (id=4) {

}
[2.889][DEBUG]: DEVTOOLS COMMAND Page.enable (id=5) {

}
net::CertDatabase::GetInstance()
#9 0x55eeb9d277d8 net::ClientSocketFactory::GetDefaultFactory()
#10 0x55eeb9c40ac8 net::DnsClient::CreateClient()
#11 0x55eeb92d464a chrome_browser_net::DnsProbeService::SetSystemClientToCurrentConfig()
#12 0x55eeb92d45b2 chrome_browser_net::DnsProbeService::DnsProbeService()
#13 0x55eeb929f89d IOThread::Init()
#14 0x55eeb835d95d content::BrowserProcessSubThread::Init()
#15 0x55eeb9559c07 base::Thread::ThreadMain()
#16 0x55eeb9554ea3 base::(anonymous namespace)::ThreadFunc()
#17 0x7f17027b4de5 start_thread
#18 0x7f16fc8fa30d __clone
  r8: 00007f16e4f01280  r9: 0000000000000000 r10: 0000000000000008 r11: 0000000000000202
 r12: 00007f16e4f01720 r13: 000000000000004d r14: 00007f16e4f01718 r15: 00007f16e4f01710
  di: 000000000000002c  si: 000000000000004a  bp: 00007f16e4f01280  bx: 00007f16e4f01280
  dx: 0000000000000006  ax: 0000000000000000  cx: 00007f16fc8371f7  sp: 00007f16e4f010d8
  ip: 00007f16fc8371f7 efl: 0000000000000202 cgf: 002b000000000033 erf: 0000000000000000
 trp: 0000000000000000 msk: 0000000000000000 cr2: 0000000000000000
[end of stack trace]
Calling _exit(1). Core file will not be generated.
[2.983][SEVERE]: Unable to receive message from renderer
[3.036][INFO]: RESPONSE InitSession session not created exception
from disconnected: Unable to receive message from renderer
  (Session info: chrome=63.0.3239.84)
[3.036][DEBUG]: Log type 'driver' lost 1 entries on destruction
[3.036][DEBUG]: Log type 'browser' lost 0 entries on destruction
