[1541437305.244][INFO]: COMMAND InitSession {
   "desiredCapabilities": {
      "browserName": "chrome",
      "chromeOptions": {
         "args": [ "--disable-gpu", "--single-process", "--no-sandbox", "--data-path=/tmp/data-path", "--homedir=/tmp/homedir", "--disk-cache-dir=/tmp", "--disk-cache-size=1", "--media-cache-size=1", "--allow-file-access-from-files", "--enable-logging", "--v=1", "--disable-web-security", "--disable-extensions", "--ignore-certificate-errors", "--disable-ntp-most-likely-favicons-from-server", "--disable-ntp-popular-sites", "--window-size=1366,1024", "--disable-infobars", "--disable-dev-shm-usage", "..." ],
         "binary": "/tmp/chrome-lambda/chrome",
         "prefs": {
            "credentials_enable_service": false,
            "profile": {
               "password_manager_enabled": false
            }
         }
      },
      "count": 1
   }
}
[1541437305.244][INFO]: Populating Preferences file: {
   "alternate_error_pages": {
      "enabled": false
   },
   "autofill": {
      "enabled": false
   },
   "browser": {
      "check_default_browser": false
   },
   "credentials_enable_service": false,
   "distribution": {
      "import_bookmarks": false,
      "import_history": false,
      "import_search_engine": false,
      "make_chrome_default_for_user": false,
      "skip_first_run_ui": true
   },
   "dns_prefetching": {
      "enabled": false
   },
   "profile": {
      "password_manager_enabled": false
   },
   "safebrowsing": {
      "enabled": false
   },
   "search": {
      "suggest_enabled": false
   },
   "translate": {
      "enabled": false
   }
}
[1541437305.244][INFO]: Populating Local State file: {
   "background_mode": {
      "enabled": false
   },
   "ssl": {
      "rev_checking": {
         "enabled": false
      }
   }
}
[1541437305.245][INFO]: Launching chrome: /tmp/chrome-lambda/chrome --allow-file-access-from-files --data-path=/tmp/data-path --disable-background-networking --disable-client-side-phishing-detection --disable-default-apps --disable-dev-shm-usage --disable-extensions --disable-extensions-except=/tmp/.org.chromium.Chromium.t5Zc9g/internal --disable-gpu --disable-hang-monitor --disable-infobars --disable-ntp-most-likely-favicons-from-server --disable-ntp-popular-sites --disable-popup-blocking --disable-prompt-on-repost --disable-sync --disable-web-resources --disable-web-security --disk-cache-dir=/tmp --disk-cache-size=1 --enable-automation --enable-logging --enable-precise-memory-info --force-fieldtrials=SiteIsolationExtensions/Control --homedir=/tmp/homedir --ignore-certificate-errors --log-level=0 --media-cache-size=1 --metrics-recording-only --no-first-run --no-sandbox --password-store=basic --remote-debugging-port=0 --single-process --test-type=webdriver --use-mock-keychain --user-data-dir=/tmp/.org.chromium.Chromium.bPk3Km --v=1 --window-size=1366,1024 data:,
prctl(PR_SET_NO_NEW_PRIVS) failed
Xlib:  extension "RANDR" missing on display ":99".
Fontconfig warning: "/etc/fonts/conf.d/30-metric-aliases.conf", line 84: Having multiple <family> in <alias> isn't supported and may not work as expected
Fontconfig warning: "/etc/fonts/conf.d/30-metric-aliases.conf", line 84: Having multiple <family> in <alias> isn't supported and may not work as expected
Fontconfig warning: "/etc/fonts/conf.d/30-metric-aliases.conf", line 93: Having multiple <family> in <alias> isn't supported and may not work as expected
Fontconfig warning: "/etc/fonts/conf.d/30-metric-aliases.conf", line 93: Having multiple <family> in <alias> isn't supported and may not work as expected
Fontconfig warning: "/etc/fonts/conf.d/30-metric-aliases.conf", line 102: Having multiple <family> in <alias> isn't supported and may not work as expected
Fontconfig warning: "/etc/fonts/conf.d/30-metric-aliases.conf", line 102: Having multiple <family> in <alias> isn't supported and may not work as expected
Fontconfig warning: "/etc/fonts/conf.d/40-nonlatin.conf", line 33: Having multiple <family> in <alias> isn't supported and may not work as expected
Fontconfig warning: "/etc/fonts/conf.d/40-nonlatin.conf", line 33: Having multiple <family> in <alias> isn't supported and may not work as expected
Fontconfig warning: "/etc/fonts/conf.d/40-nonlatin.conf", line 33: Having multiple <family> in <alias> isn't supported and may not work as expected
Fontconfig warning: "/etc/fonts/conf.d/40-nonlatin.conf", line 33: Having multiple <family> in <alias> isn't supported and may not work as expected
Fontconfig warning: "/etc/fonts/conf.d/40-nonlatin.conf", line 33: Having multiple <family> in <alias> isn't supported and may not work as expected
Fontconfig warning: "/etc/fonts/conf.d/40-nonlatin.conf", line 33: Having multiple <family> in <alias> isn't supported and may not work as expected
Fontconfig warning: "/etc/fonts/conf.d/40-nonlatin.conf", line 33: Having multiple <family> in <alias> isn't supported and may not work as expected
Fontconfig warning: "/etc/fonts/conf.d/40-nonlatin.conf", line 33: Having multiple <family> in <alias> isn't supported and may not work as expected
Fontconfig warning: "/etc/fonts/conf.d/40-nonlatin.conf", line 33: Having multiple <family> in <alias> isn't supported and may not work as expected
Fontconfig warning: "/etc/fonts/conf.d/40-nonlatin.conf", line 33: Having multiple <family> in <alias> isn't supported and may not work as expected
Fontconfig warning: "/etc/fonts/conf.d/40-nonlatin.conf", line 33: Having multiple <family> in <alias> isn't supported and may not work as expected
Fontconfig warning: "/etc/fonts/conf.d/40-nonlatin.conf", line 33: Having multiple <family> in <alias> isn't supported and may not work as expected
Fontconfig warning: "/etc/fonts/conf.d/40-nonlatin.conf", line 33: Having multiple <family> in <alias> isn't supported and may not work as expected
Fontconfig warning: "/etc/fonts/conf.d/40-nonlatin.conf", line 33: Having multiple <family> in <alias> isn't supported and may not work as expected
Fontconfig warning: "/etc/fonts/conf.d/40-nonlatin.conf", line 33: Having multiple <family> in <alias> isn't supported and may not work as expected
Fontconfig warning: "/etc/fonts/conf.d/40-nonlatin.conf", line 33: Having multiple <family> in <alias> isn't supported and may not work as expected
Fontconfig warning: "/etc/fonts/conf.d/40-nonlatin.conf", line 33: Having multiple <family> in <alias> isn't supported and may not work as expected
Fontconfig warning: "/etc/fonts/conf.d/40-nonlatin.conf", line 33: Having multiple <family> in <alias> isn't supported and may not work as expected
Fontconfig warning: "/etc/fonts/conf.d/40-nonlatin.conf", line 59: Having multiple <family> in <alias> isn't supported and may not work as expected
Fontconfig warning: "/etc/fonts/conf.d/40-nonlatin.conf", line 59: Having multiple <family> in <alias> isn't supported and may not work as expected
Fontconfig warning: "/etc/fonts/conf.d/40-nonlatin.conf", line 59: Having multiple <family> in <alias> isn't supported and may not work as expected
Fontconfig warning: "/etc/fonts/conf.d/40-nonlatin.conf", line 59: Having multiple <family> in <alias> isn't supported and may not work as expected
Fontconfig warning: "/etc/fonts/conf.d/40-nonlatin.conf", line 59: Having multiple <family> in <alias> isn't supported and may not work as expected
Fontconfig warning: "/etc/fonts/conf.d/40-nonlatin.conf", line 59: Having multiple <family> in <alias> isn't supported and may not work as expected
Fontconfig warning: "/etc/fonts/conf.d/40-nonlatin.conf", line 59: Having multiple <family> in <alias> isn't supported and may not work as expected
Fontconfig warning: "/etc/fonts/conf.d/40-nonlatin.conf", line 59: Having multiple <family> in <alias> isn't supported and may not work as expected
Fontconfig warning: "/etc/fonts/conf.d/40-nonlatin.conf", line 59: Having multiple <family> in <alias> isn't supported and may not work as expected
Fontconfig warning: "/etc/fonts/conf.d/40-nonlatin.conf", line 59: Having multiple <family> in <alias> isn't supported and may not work as expected
Fontconfig warning: "/etc/fonts/conf.d/40-nonlatin.conf", line 59: Having multiple <family> in <alias> isn't supported and may not work as expected
Fontconfig warning: "/etc/fonts/conf.d/40-nonlatin.conf", line 59: Having multiple <family> in <alias> isn't supported and may not work as expected
Fontconfig warning: "/etc/fonts/conf.d/40-nonlatin.conf", line 59: Having multiple <family> in <alias> isn't supported and may not work as expected
Fontconfig warning: "/etc/fonts/conf.d/40-nonlatin.conf", line 59: Having multiple <family> in <alias> isn't supported and may not work as expected
Fontconfig warning: "/etc/fonts/conf.d/40-nonlatin.conf", line 59: Having multiple <family> in <alias> isn't supported and may not work as expected
Fontconfig warning: "/etc/fonts/conf.d/40-nonlatin.conf", line 59: Having multiple <family> in <alias> isn't supported and may not work as expected
Fontconfig warning: "/etc/fonts/conf.d/40-nonlatin.conf", line 59: Having multiple <family> in <alias> isn't supported and may not work as expected
Fontconfig warning: "/etc/fonts/conf.d/40-nonlatin.conf", line 59: Having multiple <family> in <alias> isn't supported and may not work as expected
Fontconfig warning: "/etc/fonts/conf.d/40-nonlatin.conf", line 59: Having multiple <family> in <alias> isn't supported and may not work as expected
Fontconfig warning: "/etc/fonts/conf.d/40-nonlatin.conf", line 68: Having multiple <family> in <alias> isn't supported and may not work as expected
Fontconfig warning: "/etc/fonts/conf.d/40-nonlatin.conf", line 68: Having multiple <family> in <alias> isn't supported and may not work as expected
Fontconfig warning: "/etc/fonts/conf.d/40-nonlatin.conf", line 79: Having multiple <family> in <alias> isn't supported and may not work as expected
Fontconfig warning: "/etc/fonts/conf.d/40-nonlatin.conf", line 79: Having multiple <family> in <alias> isn't supported and may not work as expected
Fontconfig warning: "/etc/fonts/conf.d/40-nonlatin.conf", line 79: Having multiple <family> in <alias> isn't supported and may not work as expected
Fontconfig warning: "/etc/fonts/conf.d/40-nonlatin.conf", line 88: Having multiple <family> in <alias> isn't supported and may not work as expected
Fontconfig warning: "/etc/fonts/conf.d/45-latin.conf", line 23: Having multiple <family> in <alias> isn't supported and may not work as expected
Fontconfig warning: "/etc/fonts/conf.d/45-latin.conf", line 23: Having multiple <family> in <alias> isn't supported and may not work as expected
Fontconfig warning: "/etc/fonts/conf.d/45-latin.conf", line 23: Having multiple <family> in <alias> isn't supported and may not work as expected
Fontconfig warning: "/etc/fonts/conf.d/45-latin.conf", line 23: Having multiple <family> in <alias> isn't supported and may not work as expected
Fontconfig warning: "/etc/fonts/conf.d/45-latin.conf", line 23: Having multiple <family> in <alias> isn't supported and may not work as expected
Fontconfig warning: "/etc/fonts/conf.d/45-latin.conf", line 23: Having multiple <family> in <alias> isn't supported and may not work as expected
Fontconfig warning: "/etc/fonts/conf.d/45-latin.conf", line 23: Having multiple <family> in <alias> isn't supported and may not work as expected
Fontconfig warning: "/etc/fonts/conf.d/45-latin.conf", line 23: Having multiple <family> in <alias> isn't supported and may not work as expected
Fontconfig warning: "/etc/fonts/conf.d/45-latin.conf", line 39: Having multiple <family> in <alias> isn't supported and may not work as expected
Fontconfig warning: "/etc/fonts/conf.d/45-latin.conf", line 39: Having multiple <family> in <alias> isn't supported and may not work as expected
Fontconfig warning: "/etc/fonts/conf.d/45-latin.conf", line 39: Having multiple <family> in <alias> isn't supported and may not work as expected
Fontconfig warning: "/etc/fonts/conf.d/45-latin.conf", line 39: Having multiple <family> in <alias> isn't supported and may not work as expected
Fontconfig warning: "/etc/fonts/conf.d/45-latin.conf", line 39: Having multiple <family> in <alias> isn't supported and may not work as expected
Fontconfig warning: "/etc/fonts/conf.d/45-latin.conf", line 39: Having multiple <family> in <alias> isn't supported and may not work as expected
Fontconfig warning: "/etc/fonts/conf.d/45-latin.conf", line 39: Having multiple <family> in <alias> isn't supported and may not work as expected
Fontconfig warning: "/etc/fonts/conf.d/45-latin.conf", line 39: Having multiple <family> in <alias> isn't supported and may not work as expected
Fontconfig warning: "/etc/fonts/conf.d/45-latin.conf", line 39: Having multiple <family> in <alias> isn't supported and may not work as expected
Fontconfig warning: "/etc/fonts/conf.d/45-latin.conf", line 56: Having multiple <family> in <alias> isn't supported and may not work as expected
Fontconfig warning: "/etc/fonts/conf.d/45-latin.conf", line 56: Having multiple <family> in <alias> isn't supported and may not work as expected
Fontconfig warning: "/etc/fonts/conf.d/45-latin.conf", line 56: Having multiple <family> in <alias> isn't supported and may not work as expected
Fontconfig warning: "/etc/fonts/conf.d/45-latin.conf", line 56: Having multiple <family> in <alias> isn't supported and may not work as expected
Fontconfig warning: "/etc/fonts/conf.d/45-latin.conf", line 56: Having multiple <family> in <alias> isn't supported and may not work as expected
Fontconfig warning: "/etc/fonts/conf.d/45-latin.conf", line 56: Having multiple <family> in <alias> isn't supported and may not work as expected
Fontconfig warning: "/etc/fonts/conf.d/45-latin.conf", line 56: Having multiple <family> in <alias> isn't supported and may not work as expected
Fontconfig warning: "/etc/fonts/conf.d/45-latin.conf", line 56: Having multiple <family> in <alias> isn't supported and may not work as expected
Fontconfig warning: "/etc/fonts/conf.d/45-latin.conf", line 56: Having multiple <family> in <alias> isn't supported and may not work as expected
Fontconfig warning: "/etc/fonts/conf.d/45-latin.conf", line 56: Having multiple <family> in <alias> isn't supported and may not work as expected
Fontconfig warning: "/etc/fonts/conf.d/45-latin.conf", line 66: Having multiple <family> in <alias> isn't supported and may not work as expected
Fontconfig warning: "/etc/fonts/conf.d/45-latin.conf", line 66: Having multiple <family> in <alias> isn't supported and may not work as expected
Fontconfig warning: "/etc/fonts/conf.d/45-latin.conf", line 66: Having multiple <family> in <alias> isn't supported and may not work as expected
Fontconfig warning: "/etc/fonts/conf.d/45-latin.conf", line 75: Having multiple <family> in <alias> isn't supported and may not work as expected
Fontconfig warning: "/etc/fonts/conf.d/45-latin.conf", line 75: Having multiple <family> in <alias> isn't supported and may not work as expected
Fontconfig warning: "/etc/fonts/fonts.conf", line 142: blank doesn't take any effect anymore. please remove it from your fonts.conf

(chrome:44): GLib-GIO-CRITICAL **: g_settings_schema_source_lookup: assertion 'source != NULL' failed

(chrome:44): GLib-GIO-CRITICAL **: g_settings_schema_source_lookup: assertion 'source != NULL' failed
[44:44:1105/170146.255528:ERROR:default_network_context_params.cc(60)] Cannot use V8 Proxy resolver in single process mode.
[44:56:1105/170146.256075:ERROR:bus.cc(394)] Failed to connect to the bus: Failed to connect to socket /var/run/dbus/system_bus_socket: No such file or directory
Xlib:  extension "RANDR" missing on display ":99".
[44:44:1105/170146.261944:ERROR:gpu_process_transport_factory.cc(1016)] Lost UI shared context.
[44:44:1105/170146.310061:ERROR:default_network_context_params.cc(60)] Cannot use V8 Proxy resolver in single process mode.

DevTools listening on ws://127.0.0.1:38891/devtools/browser/01ef9f96-ebe5-410f-8ac8-9c0e338f2f0e
[44:77:1105/170146.353855:ERROR:bus.cc(394)] Failed to connect to the bus: Address does not contain a colon
[1541437306.376][DEBUG]: DevTools request: http://localhost:38891/json/version
[1541437306.376][SEVERE]: CreatePlatformSocket() returned an error, errno=97: Address family not supported by protocol (97)
[1541437306.401][DEBUG]: DevTools response: {
   "Browser": "Chrome/68.0.3440.75",
   "Protocol-Version": "1.3",
   "User-Agent": "Mozilla/5.0 (X11; Linux x86_64) AppleWebKit/537.36 (KHTML, like Gecko) Chrome/68.0.3440.75 Safari/537.36",
   "V8-Version": "6.8.275.24",
   "WebKit-Version": "537.36 (@cf598d63a4f1b9e7cd14f2a8433276b196e3e07d)",
   "webSocketDebuggerUrl": "ws://localhost:38891/devtools/browser/01ef9f96-ebe5-410f-8ac8-9c0e338f2f0e"
}

[1541437306.403][DEBUG]: DevTools request: http://localhost:38891/json
[1541437306.428][DEBUG]: DevTools response: [ {
   "description": "",
   "devtoolsFrontendUrl": "/devtools/inspector.html?ws=localhost:38891/devtools/page/1BB6853BF97291C20294DA9524BE084C",
   "id": "1BB6853BF97291C20294DA9524BE084C",
   "title": "Chrome Automation Extension",
   "type": "background_page",
   "url": "chrome-extension://aapnijgdinlhnhlmodcfapnahmbfebeb/_generated_background_page.html",
   "webSocketDebuggerUrl": "ws://localhost:38891/devtools/page/1BB6853BF97291C20294DA9524BE084C"
}, {
   "description": "",
   "devtoolsFrontendUrl": "/devtools/inspector.html?ws=localhost:38891/devtools/page/B71A84E430F22C7F02C6F2F40F645DEE",
   "id": "B71A84E430F22C7F02C6F2F40F645DEE",
   "title": "",
   "type": "page",
   "url": "data:,",
   "webSocketDebuggerUrl": "ws://localhost:38891/devtools/page/B71A84E430F22C7F02C6F2F40F645DEE"
} ]

[1541437306.428][DEBUG]: DevTools request: http://localhost:38891/json
[1541437306.442][DEBUG]: DevTools response: [ {
   "description": "",
   "devtoolsFrontendUrl": "/devtools/inspector.html?ws=localhost:38891/devtools/page/1BB6853BF97291C20294DA9524BE084C",
   "id": "1BB6853BF97291C20294DA9524BE084C",
   "title": "Chrome Automation Extension",
   "type": "background_page",
   "url": "chrome-extension://aapnijgdinlhnhlmodcfapnahmbfebeb/_generated_background_page.html",
   "webSocketDebuggerUrl": "ws://localhost:38891/devtools/page/1BB6853BF97291C20294DA9524BE084C"
}, {
   "description": "",
   "devtoolsFrontendUrl": "/devtools/inspector.html?ws=localhost:38891/devtools/page/B71A84E430F22C7F02C6F2F40F645DEE",
   "id": "B71A84E430F22C7F02C6F2F40F645DEE",
   "title": "",
   "type": "page",
   "url": "data:,",
   "webSocketDebuggerUrl": "ws://localhost:38891/devtools/page/B71A84E430F22C7F02C6F2F40F645DEE"
} ]

[44:81:1105/170146.442453:ERROR:gles2_command_buffer_stub.cc(129)] ContextResult::kFatalFailure: Failed to create default offscreen surface.
[1541437306.443][INFO]: resolved localhost to ["127.0.0.1"]
[1541437306.447][DEBUG]: DEVTOOLS COMMAND Log.enable (id=1) {

}
[1541437306.447][DEBUG]: DEVTOOLS COMMAND DOM.getDocument (id=2) {

}
[1541437306.447][DEBUG]: DEVTOOLS COMMAND Target.setAutoAttach (id=3) {
   "autoAttach": true,
   "waitForDebuggerOnStart": false
}
[1541437306.447][DEBUG]: DEVTOOLS COMMAND Page.enable (id=4) {

}
[1541437306.447][DEBUG]: DEVTOOLS COMMAND Page.enable (id=5) {

}
[1541437306.487][DEBUG]: DEVTOOLS RESPONSE Log.enable (id=1) {

}
[1541437306.488][DEBUG]: DEVTOOLS RESPONSE DOM.getDocument (id=2) {
   "root": {
      "backendNodeId": 2,
      "baseURL": "data:,",
      "childNodeCount": 1,
      "children": [ {
         "attributes": [  ],
         "backendNodeId": 3,
         "childNodeCount": 2,
         "children": [ {
            "attributes": [  ],
            "backendNodeId": 4,
            "childNodeCount": 0,
            "localName": "head",
            "nodeId": 3,
            "nodeName": "HEAD",
            "nodeType": 1,
            "nodeValue": "",
            "parentId": 2
         }, {
            "attributes": [  ],
            "backendNodeId": 5,
            "childNodeCount": 0,
            "localName": "body",
            "nodeId": 4,
            "nodeName": "BODY",
            "nodeType": 1,
            "nodeValue": "",
            "parentId": 2
         } ],
         "frameId": "B71A84E430F22C7F02C6F2F40F645DEE",
         "localName": "html",
         "nodeId": 2,
         "nodeName": "HTML",
         "nodeType": 1,
         "nodeValue": "",
         "parentId": 1
      } ],
      "documentURL": "data:,",
      "localName": "",
      "nodeId": 1,
      "nodeName": "#document",
      "nodeType": 9,
      "nodeValue": "",
      "xmlVersion": ""
   }
}
[1541437306.488][DEBUG]: DEVTOOLS RESPONSE Target.setAutoAttach (id=3) {

}
[1541437306.488][DEBUG]: DEVTOOLS RESPONSE Page.enable (id=4) {

}
[1541437306.488][DEBUG]: DEVTOOLS RESPONSE Page.enable (id=5) {

}
[1541437306.488][DEBUG]: DEVTOOLS COMMAND Runtime.enable (id=6) {

}
[1541437306.577][DEBUG]: DEVTOOLS EVENT Runtime.executionContextCreated {
   "context": {
      "auxData": {
         "frameId": "B71A84E430F22C7F02C6F2F40F645DEE",
         "isDefault": true
      },
      "id": 2,
      "name": "",
      "origin": "://"
   }
}
[1541437306.577][DEBUG]: DEVTOOLS RESPONSE Runtime.enable (id=6) {

}
[1541437306.577][DEBUG]: DEVTOOLS COMMAND Page.enable (id=7) {

}
[1541437306.578][DEBUG]: DEVTOOLS RESPONSE Page.enable (id=7) {

}
[1541437306.578][DEBUG]: DEVTOOLS COMMAND Runtime.enable (id=8) {

}
[1541437306.583][DEBUG]: DEVTOOLS RESPONSE Runtime.enable (id=8) {

}
[1541437306.583][DEBUG]: DEVTOOLS COMMAND Runtime.evaluate (id=9) {
   "expression": "(function() { // Copyright (c) 2012 The Chromium Authors. All rights reserved.\n// Use of this source code is governed by a BSD-style license that can be\n// found in the LICENSE file.\n\n/**\n * Enum f...",
   "returnByValue": true
}
[1541437306.589][DEBUG]: DEVTOOLS RESPONSE Runtime.evaluate (id=9) {
   "result": {
      "type": "object",
      "value": {
         "status": 0,
         "value": 1
      }
   }
}
[1541437306.589][INFO]: RESPONSE InitSession {
   "acceptInsecureCerts": false,
   "acceptSslCerts": false,
   "applicationCacheEnabled": false,
   "browserConnectionEnabled": false,
   "browserName": "chrome",
   "chrome": {
      "chromedriverVersion": "2.39.562737 (dba483cee6a5f15e2e2d73df16968ab10b38a2bf)",
      "userDataDir": "/tmp/.org.chromium.Chromium.bPk3Km"
   },
   "cssSelectorsEnabled": true,
   "databaseEnabled": false,
   "handlesAlerts": true,
   "hasTouchScreen": false,
   "javascriptEnabled": true,
   "locationContextEnabled": true,
   "mobileEmulationEnabled": false,
   "nativeEvents": true,
   "networkConnectionEnabled": false,
   "pageLoadStrategy": "normal",
   "platform": "Linux",
   "rotatable": false,
   "setWindowRect": true,
   "~~~": "..."
}
[1541437306.640][INFO]: COMMAND SetTimeout {
   "script": 11000
}
[1541437306.641][INFO]: RESPONSE SetTimeout unknown error: 'ms' must be a double
  (Session info: chrome=68.0.3440.75)
[1541437306.683][INFO]: COMMAND SetTimeout {
   "ms": 11000,
   "type": "script"
}
[1541437306.683][INFO]: RESPONSE SetTimeout
[1541437306.984][INFO]: COMMAND SetTimeout {
   "pageLoad": 30000
}
[1541437306.985][INFO]: RESPONSE SetTimeout unknown error: 'ms' must be a double
  (Session info: chrome=68.0.3440.75)
[1541437306.990][INFO]: COMMAND SetTimeout {
   "ms": 30000,
   "type": "page load"
}
[1541437306.990][INFO]: RESPONSE SetTimeout
[1541437307.006][INFO]: COMMAND Navigate {
   "url": "data:/,"
}
[1541437307.006][INFO]: Waiting for pending navigations...
[1541437307.006][DEBUG]: DEVTOOLS COMMAND Runtime.evaluate (id=10) {
   "expression": "1"
}
[1541437307.007][DEBUG]: DEVTOOLS RESPONSE Runtime.evaluate (id=10) {
   "result": {
      "description": "1",
      "type": "number",
      "value": 1
   }
}
[1541437307.007][DEBUG]: DEVTOOLS COMMAND DOM.getDocument (id=11) {

}
[1541437307.007][DEBUG]: DEVTOOLS RESPONSE DOM.getDocument (id=11) {
   "root": {
      "backendNodeId": 2,
      "baseURL": "data:,",
      "childNodeCount": 1,
      "children": [ {
         "attributes": [  ],
         "backendNodeId": 3,
         "childNodeCount": 2,
         "children": [ {
            "attributes": [  ],
            "backendNodeId": 4,
            "childNodeCount": 0,
            "localName": "head",
            "nodeId": 7,
            "nodeName": "HEAD",
            "nodeType": 1,
            "nodeValue": "",
            "parentId": 6
         }, {
            "attributes": [  ],
            "backendNodeId": 5,
            "childNodeCount": 0,
            "localName": "body",
            "nodeId": 8,
            "nodeName": "BODY",
            "nodeType": 1,
            "nodeValue": "",
            "parentId": 6
         } ],
         "frameId": "B71A84E430F22C7F02C6F2F40F645DEE",
         "localName": "html",
         "nodeId": 6,
         "nodeName": "HTML",
         "nodeType": 1,
         "nodeValue": "",
         "parentId": 5
      } ],
      "documentURL": "data:,",
      "localName": "",
      "nodeId": 5,
      "nodeName": "#document",
      "nodeType": 9,
      "nodeValue": "",
      "xmlVersion": ""
   }
}
[1541437307.007][DEBUG]: DEVTOOLS COMMAND Runtime.evaluate (id=12) {
   "expression": "var frame = document.createElement('iframe');frame.name = 'chromedriver dummy frame';frame.src = 'about:blank';document.body.appendChild(frame);window.setTimeout(function() {  document.body.removeC..."
}
[1541437307.010][DEBUG]: DEVTOOLS EVENT DOM.childNodeCountUpdated {
   "childNodeCount": 1,
   "nodeId": 8
}
[1541437307.010][DEBUG]: DEVTOOLS EVENT Page.frameAttached {
   "frameId": "5AF074B999605A985D0DB092D027A433",
   "parentFrameId": "B71A84E430F22C7F02C6F2F40F645DEE",
   "stack": {
      "callFrames": [ {
         "columnNumber": 125,
         "functionName": "",
         "lineNumber": 0,
         "scriptId": "33",
         "url": ""
      } ]
   }
}
[1541437307.022][DEBUG]: DEVTOOLS EVENT Page.frameStartedLoading {
   "frameId": "5AF074B999605A985D0DB092D027A433"
}
[1541437307.022][DEBUG]: DEVTOOLS EVENT Page.frameNavigated {
   "frame": {
      "id": "5AF074B999605A985D0DB092D027A433",
      "loaderId": "25519A3882D86F8481427C93560F443E",
      "mimeType": "text/html",
      "name": "chromedriver dummy frame",
      "parentId": "B71A84E430F22C7F02C6F2F40F645DEE",
      "securityOrigin": "://",
      "url": "about:blank"
   }
}
[1541437307.022][DEBUG]: DEVTOOLS EVENT Runtime.executionContextCreated {
   "context": {
      "auxData": {
         "frameId": "5AF074B999605A985D0DB092D027A433",
         "isDefault": true
      },
      "id": 3,
      "name": "",
      "origin": "://"
   }
}
[1541437307.022][DEBUG]: DEVTOOLS EVENT Page.frameStoppedLoading {
   "frameId": "5AF074B999605A985D0DB092D027A433"
}
[1541437307.022][DEBUG]: DEVTOOLS RESPONSE Runtime.evaluate (id=12) {
   "result": {
      "description": "1",
      "type": "number",
      "value": 1
   }
}
[1541437307.022][INFO]: Done waiting for pending navigations. Status: ok
[1541437307.022][DEBUG]: DEVTOOLS COMMAND Page.navigate (id=13) {
   "url": "data:/,"
}
[1541437307.027][DEBUG]: DEVTOOLS EVENT DOM.childNodeCountUpdated {
   "childNodeCount": 0,
   "nodeId": 8
}
[1541437307.027][DEBUG]: DEVTOOLS EVENT Runtime.executionContextDestroyed {
   "executionContextId": 3
}
[1541437307.027][DEBUG]: DEVTOOLS EVENT Page.frameDetached {
   "frameId": "5AF074B999605A985D0DB092D027A433"
}
[1541437307.042][DEBUG]: DEVTOOLS RESPONSE Page.navigate (id=13) {
   "frameId": "B71A84E430F22C7F02C6F2F40F645DEE",
   "loaderId": "C0B260F9BA3A0D11D3A8F6822175A237"
}
[1541437307.042][DEBUG]: DEVTOOLS COMMAND Runtime.evaluate (id=14) {
   "expression": "document.URL"
}
[1541437307.046][DEBUG]: DEVTOOLS EVENT Page.frameStartedLoading {
   "frameId": "B71A84E430F22C7F02C6F2F40F645DEE"
}
[1541437307.072][DEBUG]: DEVTOOLS EVENT Runtime.executionContextDestroyed {
   "executionContextId": 2
}
[1541437307.072][DEBUG]: DEVTOOLS EVENT Runtime.executionContextsCleared {

}
[1541437307.072][DEBUG]: DEVTOOLS EVENT Page.frameNavigated {
   "frame": {
      "id": "B71A84E430F22C7F02C6F2F40F645DEE",
      "loaderId": "C0B260F9BA3A0D11D3A8F6822175A237",
      "mimeType": "text/plain",
      "securityOrigin": "://",
      "url": "data:/,"
   }
}
[1541437307.072][DEBUG]: DEVTOOLS EVENT Runtime.executionContextCreated {
   "context": {
      "auxData": {
         "frameId": "B71A84E430F22C7F02C6F2F40F645DEE",
         "isDefault": true
      },
      "id": 4,
      "name": "",
      "origin": "://"
   }
}
[1541437307.072][DEBUG]: DEVTOOLS EVENT DOM.documentUpdated {

}
[1541437307.072][DEBUG]: DEVTOOLS COMMAND DOM.getDocument (id=15) {

}
[1541437307.072][DEBUG]: DEVTOOLS EVENT Page.loadEventFired {
   "timestamp": 4460.20926
}
[1541437307.072][DEBUG]: DEVTOOLS EVENT Page.frameStoppedLoading {
   "frameId": "B71A84E430F22C7F02C6F2F40F645DEE"
}
[1541437307.072][DEBUG]: DEVTOOLS EVENT DOM.documentUpdated {

}
[1541437307.072][DEBUG]: DEVTOOLS COMMAND DOM.getDocument (id=16) {

}
[1541437307.072][DEBUG]: DEVTOOLS EVENT Page.domContentEventFired {
   "timestamp": 4460.209523
}
[1541437307.074][DEBUG]: DEVTOOLS RESPONSE Runtime.evaluate (id=14) {
   "result": {
      "type": "string",
      "value": "data:/,"
   }
}
[1541437307.078][DEBUG]: DEVTOOLS RESPONSE DOM.getDocument (id=15) {
   "root": {
      "backendNodeId": 6,
      "baseURL": "data:/,",
      "childNodeCount": 1,
      "children": [ {
         "attributes": [  ],
         "backendNodeId": 7,
         "childNodeCount": 2,
         "children": [ {
            "attributes": [  ],
            "backendNodeId": 8,
            "childNodeCount": 0,
            "localName": "head",
            "nodeId": 11,
            "nodeName": "HEAD",
            "nodeType": 1,
            "nodeValue": "",
            "parentId": 10
         }, {
            "attributes": [  ],
            "backendNodeId": 9,
            "childNodeCount": 0,
            "localName": "body",
            "nodeId": 12,
            "nodeName": "BODY",
            "nodeType": 1,
            "nodeValue": "",
            "parentId": 10
         } ],
         "frameId": "B71A84E430F22C7F02C6F2F40F645DEE",
         "localName": "html",
         "nodeId": 10,
         "nodeName": "HTML",
         "nodeType": 1,
         "nodeValue": "",
         "parentId": 9
      } ],
      "documentURL": "data:/,",
      "localName": "",
      "nodeId": 9,
      "nodeName": "#document",
      "nodeType": 9,
      "nodeValue": "",
      "xmlVersion": ""
   }
}
[1541437307.078][DEBUG]: DEVTOOLS RESPONSE DOM.getDocument (id=16) {
   "root": {
      "backendNodeId": 6,
      "baseURL": "data:/,",
      "childNodeCount": 1,
      "children": [ {
         "attributes": [  ],
         "backendNodeId": 7,
         "childNodeCount": 2,
         "children": [ {
            "attributes": [  ],
            "backendNodeId": 8,
            "childNodeCount": 0,
            "localName": "head",
            "nodeId": 15,
            "nodeName": "HEAD",
            "nodeType": 1,
            "nodeValue": "",
            "parentId": 14
         }, {
            "attributes": [  ],
            "backendNodeId": 9,
            "childNodeCount": 0,
            "localName": "body",
            "nodeId": 16,
            "nodeName": "BODY",
            "nodeType": 1,
            "nodeValue": "",
            "parentId": 14
         } ],
         "frameId": "B71A84E430F22C7F02C6F2F40F645DEE",
         "localName": "html",
         "nodeId": 14,
         "nodeName": "HTML",
         "nodeType": 1,
         "nodeValue": "",
         "parentId": 13
      } ],
      "documentURL": "data:/,",
      "localName": "",
      "nodeId": 13,
      "nodeName": "#document",
      "nodeType": 9,
      "nodeValue": "",
      "xmlVersion": ""
   }
}
[1541437307.078][INFO]: Waiting for pending navigations...
[1541437307.078][DEBUG]: DEVTOOLS COMMAND Runtime.evaluate (id=17) {
   "expression": "1"
}
[1541437307.079][DEBUG]: DEVTOOLS RESPONSE Runtime.evaluate (id=17) {
   "result": {
      "description": "1",
      "type": "number",
      "value": 1
   }
}
[1541437307.079][INFO]: Done waiting for pending navigations. Status: ok
[1541437307.079][INFO]: RESPONSE Navigate
[1541437307.093][INFO]: COMMAND ExecuteScript {
   "args": [ "protractor_sync-test-area", {
      "innerHtml": "\u003Cspan class=\"element-does-exist\">\u003C/span>"
   } ],
   "script": "return (function (id, _options) {\n        var existing = document.querySelector('#' + id);\n        if (existing) {\n            existing.parentNode.removeChild(existing);\n        }\n        var testA..."
}
[1541437307.093][INFO]: Waiting for pending navigations...
[1541437307.093][DEBUG]: DEVTOOLS COMMAND Runtime.evaluate (id=18) {
   "expression": "1"
}
[1541437307.103][DEBUG]: DEVTOOLS RESPONSE Runtime.evaluate (id=18) {
   "result": {
      "description": "1",
      "type": "number",
      "value": 1
   }
}
[1541437307.103][INFO]: Done waiting for pending navigations. Status: ok
[1541437307.103][DEBUG]: DEVTOOLS COMMAND Runtime.evaluate (id=19) {
   "expression": "(function() { // Copyright (c) 2012 The Chromium Authors. All rights reserved.\n// Use of this source code is governed by a BSD-style license that can be\n// found in the LICENSE file.\n\n/**\n * Enum f...",
   "returnByValue": true
}
[1541437307.108][DEBUG]: DEVTOOLS EVENT DOM.childNodeCountUpdated {
   "childNodeCount": 1,
   "nodeId": 16
}
[1541437307.121][DEBUG]: DEVTOOLS RESPONSE Runtime.evaluate (id=19) {
   "result": {
      "type": "object",
      "value": {
         "status": 0
      }
   }
}
[1541437307.121][INFO]: Waiting for pending navigations...
[1541437307.121][DEBUG]: DEVTOOLS COMMAND Runtime.evaluate (id=20) {
   "expression": "1"
}
[1541437307.122][DEBUG]: DEVTOOLS RESPONSE Runtime.evaluate (id=20) {
   "result": {
      "description": "1",
      "type": "number",
      "value": 1
   }
}
[1541437307.122][INFO]: Done waiting for pending navigations. Status: ok
[1541437307.122][INFO]: RESPONSE ExecuteScript
[1541437307.127][INFO]: COMMAND FindElements {
   "using": "css selector",
   "value": "#protractor_sync-test-area"
}
[1541437307.127][INFO]: Waiting for pending navigations...
[1541437307.127][DEBUG]: DEVTOOLS COMMAND Runtime.evaluate (id=21) {
   "expression": "1"
}
[1541437307.128][DEBUG]: DEVTOOLS RESPONSE Runtime.evaluate (id=21) {
   "result": {
      "description": "1",
      "type": "number",
      "value": 1
   }
}
[1541437307.128][INFO]: Done waiting for pending navigations. Status: ok
[1541437307.130][DEBUG]: DEVTOOLS COMMAND Runtime.evaluate (id=22) {
   "expression": "(function() { // Copyright (c) 2012 The Chromium Authors. All rights reserved.\n// Use of this source code is governed by a BSD-style license that can be\n// found in the LICENSE file.\n\n/**\n * Enum f...",
   "returnByValue": true
}
[1541437307.145][DEBUG]: DEVTOOLS RESPONSE Runtime.evaluate (id=22) {
   "result": {
      "type": "object",
      "value": {
         "status": 0,
         "value": [ {
            "ELEMENT": "0.4897340975748232-1"
         } ]
      }
   }
}
[1541437307.145][INFO]: Waiting for pending navigations...
[1541437307.145][DEBUG]: DEVTOOLS COMMAND Runtime.evaluate (id=23) {
   "expression": "1"
}
[1541437307.145][DEBUG]: DEVTOOLS RESPONSE Runtime.evaluate (id=23) {
   "result": {
      "description": "1",
      "type": "number",
      "value": 1
   }
}
[1541437307.145][INFO]: Done waiting for pending navigations. Status: ok
[1541437307.145][INFO]: RESPONSE FindElements [ {
   "ELEMENT": "0.4897340975748232-1"
} ]
[1541437307.162][INFO]: COMMAND FindChildElements {
   "id": "0.4897340975748232-1",
   "using": "css selector",
   "value": ".element-does-exist"
}
[1541437307.162][INFO]: Waiting for pending navigations...
[1541437307.162][DEBUG]: DEVTOOLS COMMAND Runtime.evaluate (id=24) {
   "expression": "1"
}
[1541437307.163][DEBUG]: DEVTOOLS RESPONSE Runtime.evaluate (id=24) {
   "result": {
      "description": "1",
      "type": "number",
      "value": 1
   }
}
[1541437307.163][INFO]: Done waiting for pending navigations. Status: ok
[1541437307.164][DEBUG]: DEVTOOLS COMMAND Runtime.evaluate (id=25) {
   "expression": "(function() { // Copyright (c) 2012 The Chromium Authors. All rights reserved.\n// Use of this source code is governed by a BSD-style license that can be\n// found in the LICENSE file.\n\n/**\n * Enum f...",
   "returnByValue": true
}
[1541437307.174][DEBUG]: DEVTOOLS RESPONSE Runtime.evaluate (id=25) {
   "result": {
      "type": "object",
      "value": {
         "status": 0,
         "value": [ {
            "ELEMENT": "0.4897340975748232-2"
         } ]
      }
   }
}
[1541437307.174][INFO]: Waiting for pending navigations...
[1541437307.174][DEBUG]: DEVTOOLS COMMAND Runtime.evaluate (id=26) {
   "expression": "1"
}
[1541437307.175][DEBUG]: DEVTOOLS RESPONSE Runtime.evaluate (id=26) {
   "result": {
      "description": "1",
      "type": "number",
      "value": 1
   }
}
[1541437307.175][INFO]: Done waiting for pending navigations. Status: ok
[1541437307.175][INFO]: RESPONSE FindChildElements [ {
   "ELEMENT": "0.4897340975748232-2"
} ]
[1541437307.189][INFO]: COMMAND FindChildElements {
   "id": "0.4897340975748232-1",
   "using": "css selector",
   "value": ".element-does-exist"
}
[1541437307.189][INFO]: Waiting for pending navigations...
[1541437307.189][DEBUG]: DEVTOOLS COMMAND Runtime.evaluate (id=27) {
   "expression": "1"
}
[1541437307.190][DEBUG]: DEVTOOLS RESPONSE Runtime.evaluate (id=27) {
   "result": {
      "description": "1",
      "type": "number",
      "value": 1
   }
}
[1541437307.190][INFO]: Done waiting for pending navigations. Status: ok
[1541437307.192][DEBUG]: DEVTOOLS COMMAND Runtime.evaluate (id=28) {
   "expression": "(function() { // Copyright (c) 2012 The Chromium Authors. All rights reserved.\n// Use of this source code is governed by a BSD-style license that can be\n// found in the LICENSE file.\n\n/**\n * Enum f...",
   "returnByValue": true
}
[1541437307.195][DEBUG]: DEVTOOLS RESPONSE Runtime.evaluate (id=28) {
   "result": {
      "type": "object",
      "value": {
         "status": 0,
         "value": [ {
            "ELEMENT": "0.4897340975748232-2"
         } ]
      }
   }
}
[1541437307.196][INFO]: Waiting for pending navigations...
[1541437307.196][DEBUG]: DEVTOOLS COMMAND Runtime.evaluate (id=29) {
   "expression": "1"
}
[1541437307.196][DEBUG]: DEVTOOLS RESPONSE Runtime.evaluate (id=29) {
   "result": {
      "description": "1",
      "type": "number",
      "value": 1
   }
}
[1541437307.196][INFO]: Done waiting for pending navigations. Status: ok
[1541437307.196][INFO]: RESPONSE FindChildElements [ {
   "ELEMENT": "0.4897340975748232-2"
} ]
[1541437307.209][INFO]: COMMAND FindChildElements {
   "id": "0.4897340975748232-1",
   "using": "css selector",
   "value": ".element-does-exist"
}
[1541437307.209][INFO]: Waiting for pending navigations...
[1541437307.209][DEBUG]: DEVTOOLS COMMAND Runtime.evaluate (id=30) {
   "expression": "1"
}
[1541437307.209][DEBUG]: DEVTOOLS RESPONSE Runtime.evaluate (id=30) {
   "result": {
      "description": "1",
      "type": "number",
      "value": 1
   }
}
[1541437307.209][INFO]: Done waiting for pending navigations. Status: ok
[1541437307.211][DEBUG]: DEVTOOLS COMMAND Runtime.evaluate (id=31) {
   "expression": "(function() { // Copyright (c) 2012 The Chromium Authors. All rights reserved.\n// Use of this source code is governed by a BSD-style license that can be\n// found in the LICENSE file.\n\n/**\n * Enum f...",
   "returnByValue": true
}
[1541437307.215][DEBUG]: DEVTOOLS RESPONSE Runtime.evaluate (id=31) {
   "result": {
      "type": "object",
      "value": {
         "status": 0,
         "value": [ {
            "ELEMENT": "0.4897340975748232-2"
         } ]
      }
   }
}
[1541437307.215][INFO]: Waiting for pending navigations...
[1541437307.215][DEBUG]: DEVTOOLS COMMAND Runtime.evaluate (id=32) {
   "expression": "1"
}
[1541437307.215][DEBUG]: DEVTOOLS RESPONSE Runtime.evaluate (id=32) {
   "result": {
      "description": "1",
      "type": "number",
      "value": 1
   }
}
[1541437307.215][INFO]: Done waiting for pending navigations. Status: ok
[1541437307.215][INFO]: RESPONSE FindChildElements [ {
   "ELEMENT": "0.4897340975748232-2"
} ]
[1541437307.229][INFO]: COMMAND FindChildElements {
   "id": "0.4897340975748232-1",
   "using": "css selector",
   "value": ".element-does-exist"
}
[1541437307.229][INFO]: Waiting for pending navigations...
[1541437307.229][DEBUG]: DEVTOOLS COMMAND Runtime.evaluate (id=33) {
   "expression": "1"
}
[1541437307.230][DEBUG]: DEVTOOLS RESPONSE Runtime.evaluate (id=33) {
   "result": {
      "description": "1",
      "type": "number",
      "value": 1
   }
}
[1541437307.230][INFO]: Done waiting for pending navigations. Status: ok
[1541437307.232][DEBUG]: DEVTOOLS COMMAND Runtime.evaluate (id=34) {
   "expression": "(function() { // Copyright (c) 2012 The Chromium Authors. All rights reserved.\n// Use of this source code is governed by a BSD-style license that can be\n// found in the LICENSE file.\n\n/**\n * Enum f...",
   "returnByValue": true
}
[1541437307.235][DEBUG]: DEVTOOLS RESPONSE Runtime.evaluate (id=34) {
   "result": {
      "type": "object",
      "value": {
         "status": 0,
         "value": [ {
            "ELEMENT": "0.4897340975748232-2"
         } ]
      }
   }
}
[1541437307.235][INFO]: Waiting for pending navigations...
[1541437307.235][DEBUG]: DEVTOOLS COMMAND Runtime.evaluate (id=35) {
   "expression": "1"
}
[1541437307.236][DEBUG]: DEVTOOLS RESPONSE Runtime.evaluate (id=35) {
   "result": {
      "description": "1",
      "type": "number",
      "value": 1
   }
}
[1541437307.236][INFO]: Done waiting for pending navigations. Status: ok
[1541437307.236][INFO]: RESPONSE FindChildElements [ {
   "ELEMENT": "0.4897340975748232-2"
} ]
[1541437307.249][INFO]: COMMAND FindChildElements {
   "id": "0.4897340975748232-1",
   "using": "css selector",
   "value": ".element-does-exist"
}
[1541437307.249][INFO]: Waiting for pending navigations...
[1541437307.249][DEBUG]: DEVTOOLS COMMAND Runtime.evaluate (id=36) {
   "expression": "1"
}
[1541437307.250][DEBUG]: DEVTOOLS RESPONSE Runtime.evaluate (id=36) {
   "result": {
      "description": "1",
      "type": "number",
      "value": 1
   }
}
[1541437307.250][INFO]: Done waiting for pending navigations. Status: ok
[1541437307.252][DEBUG]: DEVTOOLS COMMAND Runtime.evaluate (id=37) {
   "expression": "(function() { // Copyright (c) 2012 The Chromium Authors. All rights reserved.\n// Use of this source code is governed by a BSD-style license that can be\n// found in the LICENSE file.\n\n/**\n * Enum f...",
   "returnByValue": true
}
[1541437307.255][DEBUG]: DEVTOOLS RESPONSE Runtime.evaluate (id=37) {
   "result": {
      "type": "object",
      "value": {
         "status": 0,
         "value": [ {
            "ELEMENT": "0.4897340975748232-2"
         } ]
      }
   }
}
[1541437307.255][INFO]: Waiting for pending navigations...
[1541437307.255][DEBUG]: DEVTOOLS COMMAND Runtime.evaluate (id=38) {
   "expression": "1"
}
[1541437307.256][DEBUG]: DEVTOOLS RESPONSE Runtime.evaluate (id=38) {
   "result": {
      "description": "1",
      "type": "number",
      "value": 1
   }
}
[1541437307.256][INFO]: Done waiting for pending navigations. Status: ok
[1541437307.256][INFO]: RESPONSE FindChildElements [ {
   "ELEMENT": "0.4897340975748232-2"
} ]
[1541437307.276][INFO]: COMMAND FindChildElements {
   "id": "0.4897340975748232-1",
   "using": "css selector",
   "value": ".element-does-exist"
}
[1541437307.276][INFO]: Waiting for pending navigations...
[1541437307.276][DEBUG]: DEVTOOLS COMMAND Runtime.evaluate (id=39) {
   "expression": "1"
}
[1541437307.277][DEBUG]: DEVTOOLS RESPONSE Runtime.evaluate (id=39) {
   "result": {
      "description": "1",
      "type": "number",
      "value": 1
   }
}
[1541437307.277][INFO]: Done waiting for pending navigations. Status: ok
[1541437307.279][DEBUG]: DEVTOOLS COMMAND Runtime.evaluate (id=40) {
   "expression": "(function() { // Copyright (c) 2012 The Chromium Authors. All rights reserved.\n// Use of this source code is governed by a BSD-style license that can be\n// found in the LICENSE file.\n\n/**\n * Enum f...",
   "returnByValue": true
}
[1541437307.282][DEBUG]: DEVTOOLS RESPONSE Runtime.evaluate (id=40) {
   "result": {
      "type": "object",
      "value": {
         "status": 0,
         "value": [ {
            "ELEMENT": "0.4897340975748232-2"
         } ]
      }
   }
}
[1541437307.283][INFO]: Waiting for pending navigations...
[1541437307.283][DEBUG]: DEVTOOLS COMMAND Runtime.evaluate (id=41) {
   "expression": "1"
}
[1541437307.283][DEBUG]: DEVTOOLS RESPONSE Runtime.evaluate (id=41) {
   "result": {
      "description": "1",
      "type": "number",
      "value": 1
   }
}
[1541437307.283][INFO]: Done waiting for pending navigations. Status: ok
[1541437307.283][INFO]: RESPONSE FindChildElements [ {
   "ELEMENT": "0.4897340975748232-2"
} ]
[1541437307.297][INFO]: COMMAND FindChildElements {
   "id": "0.4897340975748232-1",
   "using": "css selector",
   "value": ".element-does-exist"
}
[1541437307.297][INFO]: Waiting for pending navigations...
[1541437307.297][DEBUG]: DEVTOOLS COMMAND Runtime.evaluate (id=42) {
   "expression": "1"
}
[1541437307.298][DEBUG]: DEVTOOLS RESPONSE Runtime.evaluate (id=42) {
   "result": {
      "description": "1",
      "type": "number",
      "value": 1
   }
}
[1541437307.298][INFO]: Done waiting for pending navigations. Status: ok
[1541437307.300][DEBUG]: DEVTOOLS COMMAND Runtime.evaluate (id=43) {
   "expression": "(function() { // Copyright (c) 2012 The Chromium Authors. All rights reserved.\n// Use of this source code is governed by a BSD-style license that can be\n// found in the LICENSE file.\n\n/**\n * Enum f...",
   "returnByValue": true
}
[1541437307.304][DEBUG]: DEVTOOLS RESPONSE Runtime.evaluate (id=43) {
   "result": {
      "type": "object",
      "value": {
         "status": 0,
         "value": [ {
            "ELEMENT": "0.4897340975748232-2"
         } ]
      }
   }
}
[1541437307.304][INFO]: Waiting for pending navigations...
[1541437307.304][DEBUG]: DEVTOOLS COMMAND Runtime.evaluate (id=44) {
   "expression": "1"
}
[1541437307.304][DEBUG]: DEVTOOLS RESPONSE Runtime.evaluate (id=44) {
   "result": {
      "description": "1",
      "type": "number",
      "value": 1
   }
}
[1541437307.304][INFO]: Done waiting for pending navigations. Status: ok
[1541437307.304][INFO]: RESPONSE FindChildElements [ {
   "ELEMENT": "0.4897340975748232-2"
} ]
[1541437307.319][INFO]: COMMAND FindChildElements {
   "id": "0.4897340975748232-1",
   "using": "css selector",
   "value": ".element-does-exist"
}
[1541437307.319][INFO]: Waiting for pending navigations...
[1541437307.319][DEBUG]: DEVTOOLS COMMAND Runtime.evaluate (id=45) {
   "expression": "1"
}
[1541437307.320][DEBUG]: DEVTOOLS RESPONSE Runtime.evaluate (id=45) {
   "result": {
      "description": "1",
      "type": "number",
      "value": 1
   }
}
[1541437307.320][INFO]: Done waiting for pending navigations. Status: ok
[1541437307.322][DEBUG]: DEVTOOLS COMMAND Runtime.evaluate (id=46) {
   "expression": "(function() { // Copyright (c) 2012 The Chromium Authors. All rights reserved.\n// Use of this source code is governed by a BSD-style license that can be\n// found in the LICENSE file.\n\n/**\n * Enum f...",
   "returnByValue": true
}
[1541437307.326][DEBUG]: DEVTOOLS RESPONSE Runtime.evaluate (id=46) {
   "result": {
      "type": "object",
      "value": {
         "status": 0,
         "value": [ {
            "ELEMENT": "0.4897340975748232-2"
         } ]
      }
   }
}
[1541437307.326][INFO]: Waiting for pending navigations...
[1541437307.326][DEBUG]: DEVTOOLS COMMAND Runtime.evaluate (id=47) {
   "expression": "1"
}
[1541437307.326][DEBUG]: DEVTOOLS RESPONSE Runtime.evaluate (id=47) {
   "result": {
      "description": "1",
      "type": "number",
      "value": 1
   }
}
[1541437307.326][INFO]: Done waiting for pending navigations. Status: ok
[1541437307.326][INFO]: RESPONSE FindChildElements [ {
   "ELEMENT": "0.4897340975748232-2"
} ]
[1541437307.340][INFO]: COMMAND FindChildElements {
   "id": "0.4897340975748232-1",
   "using": "css selector",
   "value": ".element-does-exist"
}
[1541437307.340][INFO]: Waiting for pending navigations...
[1541437307.340][DEBUG]: DEVTOOLS COMMAND Runtime.evaluate (id=48) {
   "expression": "1"
}
[1541437307.341][DEBUG]: DEVTOOLS RESPONSE Runtime.evaluate (id=48) {
   "result": {
      "description": "1",
      "type": "number",
      "value": 1
   }
}
[1541437307.341][INFO]: Done waiting for pending navigations. Status: ok
[1541437307.343][DEBUG]: DEVTOOLS COMMAND Runtime.evaluate (id=49) {
   "expression": "(function() { // Copyright (c) 2012 The Chromium Authors. All rights reserved.\n// Use of this source code is governed by a BSD-style license that can be\n// found in the LICENSE file.\n\n/**\n * Enum f...",
   "returnByValue": true
}
[1541437307.346][DEBUG]: DEVTOOLS RESPONSE Runtime.evaluate (id=49) {
   "result": {
      "type": "object",
      "value": {
         "status": 0,
         "value": [ {
            "ELEMENT": "0.4897340975748232-2"
         } ]
      }
   }
}
[1541437307.346][INFO]: Waiting for pending navigations...
[1541437307.346][DEBUG]: DEVTOOLS COMMAND Runtime.evaluate (id=50) {
   "expression": "1"
}
[1541437307.347][DEBUG]: DEVTOOLS RESPONSE Runtime.evaluate (id=50) {
   "result": {
      "description": "1",
      "type": "number",
      "value": 1
   }
}
[1541437307.347][INFO]: Done waiting for pending navigations. Status: ok
[1541437307.347][INFO]: RESPONSE FindChildElements [ {
   "ELEMENT": "0.4897340975748232-2"
} ]
[1541437307.362][INFO]: COMMAND FindChildElements {
   "id": "0.4897340975748232-1",
   "using": "css selector",
   "value": ".element-does-exist"
}
[1541437307.362][INFO]: Waiting for pending navigations...
[1541437307.362][DEBUG]: DEVTOOLS COMMAND Runtime.evaluate (id=51) {
   "expression": "1"
}
[1541437307.366][DEBUG]: DEVTOOLS RESPONSE Runtime.evaluate (id=51) {
   "result": {
      "description": "1",
      "type": "number",
      "value": 1
   }
}
[1541437307.366][INFO]: Done waiting for pending navigations. Status: ok
[1541437307.368][DEBUG]: DEVTOOLS COMMAND Runtime.evaluate (id=52) {
   "expression": "(function() { // Copyright (c) 2012 The Chromium Authors. All rights reserved.\n// Use of this source code is governed by a BSD-style license that can be\n// found in the LICENSE file.\n\n/**\n * Enum f...",
   "returnByValue": true
}
[1541437307.371][DEBUG]: DEVTOOLS RESPONSE Runtime.evaluate (id=52) {
   "result": {
      "type": "object",
      "value": {
         "status": 0,
         "value": [ {
            "ELEMENT": "0.4897340975748232-2"
         } ]
      }
   }
}
[1541437307.371][INFO]: Waiting for pending navigations...
[1541437307.371][DEBUG]: DEVTOOLS COMMAND Runtime.evaluate (id=53) {
   "expression": "1"
}
[1541437307.372][DEBUG]: DEVTOOLS RESPONSE Runtime.evaluate (id=53) {
   "result": {
      "description": "1",
      "type": "number",
      "value": 1
   }
}
[1541437307.372][INFO]: Done waiting for pending navigations. Status: ok
[1541437307.372][INFO]: RESPONSE FindChildElements [ {
   "ELEMENT": "0.4897340975748232-2"
} ]
[1541437307.387][INFO]: COMMAND FindChildElements {
   "id": "0.4897340975748232-1",
   "using": "css selector",
   "value": ".element-does-exist"
}
[1541437307.387][INFO]: Waiting for pending navigations...
[1541437307.387][DEBUG]: DEVTOOLS COMMAND Runtime.evaluate (id=54) {
   "expression": "1"
}
[1541437307.387][DEBUG]: DEVTOOLS RESPONSE Runtime.evaluate (id=54) {
   "result": {
      "description": "1",
      "type": "number",
      "value": 1
   }
}
[1541437307.387][INFO]: Done waiting for pending navigations. Status: ok
[1541437307.389][DEBUG]: DEVTOOLS COMMAND Runtime.evaluate (id=55) {
   "expression": "(function() { // Copyright (c) 2012 The Chromium Authors. All rights reserved.\n// Use of this source code is governed by a BSD-style license that can be\n// found in the LICENSE file.\n\n/**\n * Enum f...",
   "returnByValue": true
}
[1541437307.393][DEBUG]: DEVTOOLS RESPONSE Runtime.evaluate (id=55) {
   "result": {
      "type": "object",
      "value": {
         "status": 0,
         "value": [ {
            "ELEMENT": "0.4897340975748232-2"
         } ]
      }
   }
}
[1541437307.393][INFO]: Waiting for pending navigations...
[1541437307.393][DEBUG]: DEVTOOLS COMMAND Runtime.evaluate (id=56) {
   "expression": "1"
}
[1541437307.393][DEBUG]: DEVTOOLS RESPONSE Runtime.evaluate (id=56) {
   "result": {
      "description": "1",
      "type": "number",
      "value": 1
   }
}
[1541437307.393][INFO]: Done waiting for pending navigations. Status: ok
[1541437307.394][INFO]: RESPONSE FindChildElements [ {
   "ELEMENT": "0.4897340975748232-2"
} ]
[1541437307.408][INFO]: COMMAND FindChildElements {
   "id": "0.4897340975748232-1",
   "using": "css selector",
   "value": ".element-does-exist"
}
[1541437307.408][INFO]: Waiting for pending navigations...
[1541437307.408][DEBUG]: DEVTOOLS COMMAND Runtime.evaluate (id=57) {
   "expression": "1"
}
[1541437307.409][DEBUG]: DEVTOOLS RESPONSE Runtime.evaluate (id=57) {
   "result": {
      "description": "1",
      "type": "number",
      "value": 1
   }
}
[1541437307.409][INFO]: Done waiting for pending navigations. Status: ok
[1541437307.411][DEBUG]: DEVTOOLS COMMAND Runtime.evaluate (id=58) {
   "expression": "(function() { // Copyright (c) 2012 The Chromium Authors. All rights reserved.\n// Use of this source code is governed by a BSD-style license that can be\n// found in the LICENSE file.\n\n/**\n * Enum f...",
   "returnByValue": true
}
[1541437307.414][DEBUG]: DEVTOOLS RESPONSE Runtime.evaluate (id=58) {
   "result": {
      "type": "object",
      "value": {
         "status": 0,
         "value": [ {
            "ELEMENT": "0.4897340975748232-2"
         } ]
      }
   }
}
[1541437307.414][INFO]: Waiting for pending navigations...
[1541437307.414][DEBUG]: DEVTOOLS COMMAND Runtime.evaluate (id=59) {
   "expression": "1"
}
[1541437307.415][DEBUG]: DEVTOOLS RESPONSE Runtime.evaluate (id=59) {
   "result": {
      "description": "1",
      "type": "number",
      "value": 1
   }
}
[1541437307.415][INFO]: Done waiting for pending navigations. Status: ok
[1541437307.415][INFO]: RESPONSE FindChildElements [ {
   "ELEMENT": "0.4897340975748232-2"
} ]
[1541437307.429][INFO]: COMMAND FindChildElements {
   "id": "0.4897340975748232-1",
   "using": "css selector",
   "value": ".element-does-exist"
}
[1541437307.429][INFO]: Waiting for pending navigations...
[1541437307.429][DEBUG]: DEVTOOLS COMMAND Runtime.evaluate (id=60) {
   "expression": "1"
}
[1541437307.429][DEBUG]: DEVTOOLS RESPONSE Runtime.evaluate (id=60) {
   "result": {
      "description": "1",
      "type": "number",
      "value": 1
   }
}
[1541437307.429][INFO]: Done waiting for pending navigations. Status: ok
[1541437307.431][DEBUG]: DEVTOOLS COMMAND Runtime.evaluate (id=61) {
   "expression": "(function() { // Copyright (c) 2012 The Chromium Authors. All rights reserved.\n// Use of this source code is governed by a BSD-style license that can be\n// found in the LICENSE file.\n\n/**\n * Enum f...",
   "returnByValue": true
}
[1541437307.435][DEBUG]: DEVTOOLS RESPONSE Runtime.evaluate (id=61) {
   "result": {
      "type": "object",
      "value": {
         "status": 0,
         "value": [ {
            "ELEMENT": "0.4897340975748232-2"
         } ]
      }
   }
}
[1541437307.435][INFO]: Waiting for pending navigations...
[1541437307.435][DEBUG]: DEVTOOLS COMMAND Runtime.evaluate (id=62) {
   "expression": "1"
}
[1541437307.435][DEBUG]: DEVTOOLS RESPONSE Runtime.evaluate (id=62) {
   "result": {
      "description": "1",
      "type": "number",
      "value": 1
   }
}
[1541437307.435][INFO]: Done waiting for pending navigations. Status: ok
[1541437307.436][INFO]: RESPONSE FindChildElements [ {
   "ELEMENT": "0.4897340975748232-2"
} ]
[1541437307.450][INFO]: COMMAND FindChildElements {
   "id": "0.4897340975748232-1",
   "using": "css selector",
   "value": ".element-does-exist"
}
[1541437307.450][INFO]: Waiting for pending navigations...
[1541437307.450][DEBUG]: DEVTOOLS COMMAND Runtime.evaluate (id=63) {
   "expression": "1"
}
[1541437307.450][DEBUG]: DEVTOOLS RESPONSE Runtime.evaluate (id=63) {
   "result": {
      "description": "1",
      "type": "number",
      "value": 1
   }
}
[1541437307.450][INFO]: Done waiting for pending navigations. Status: ok
[1541437307.452][DEBUG]: DEVTOOLS COMMAND Runtime.evaluate (id=64) {
   "expression": "(function() { // Copyright (c) 2012 The Chromium Authors. All rights reserved.\n// Use of this source code is governed by a BSD-style license that can be\n// found in the LICENSE file.\n\n/**\n * Enum f...",
   "returnByValue": true
}
[1541437307.456][DEBUG]: DEVTOOLS RESPONSE Runtime.evaluate (id=64) {
   "result": {
      "type": "object",
      "value": {
         "status": 0,
         "value": [ {
            "ELEMENT": "0.4897340975748232-2"
         } ]
      }
   }
}
[1541437307.456][INFO]: Waiting for pending navigations...
[1541437307.456][DEBUG]: DEVTOOLS COMMAND Runtime.evaluate (id=65) {
   "expression": "1"
}
[1541437307.456][DEBUG]: DEVTOOLS RESPONSE Runtime.evaluate (id=65) {
   "result": {
      "description": "1",
      "type": "number",
      "value": 1
   }
}
[1541437307.456][INFO]: Done waiting for pending navigations. Status: ok
[1541437307.456][INFO]: RESPONSE FindChildElements [ {
   "ELEMENT": "0.4897340975748232-2"
} ]
[1541437307.471][INFO]: COMMAND FindChildElements {
   "id": "0.4897340975748232-1",
   "using": "css selector",
   "value": ".element-does-exist"
}
[1541437307.471][INFO]: Waiting for pending navigations...
[1541437307.472][DEBUG]: DEVTOOLS COMMAND Runtime.evaluate (id=66) {
   "expression": "1"
}
[1541437307.472][DEBUG]: DEVTOOLS RESPONSE Runtime.evaluate (id=66) {
   "result": {
      "description": "1",
      "type": "number",
      "value": 1
   }
}
[1541437307.472][INFO]: Done waiting for pending navigations. Status: ok
[1541437307.474][DEBUG]: DEVTOOLS COMMAND Runtime.evaluate (id=67) {
   "expression": "(function() { // Copyright (c) 2012 The Chromium Authors. All rights reserved.\n// Use of this source code is governed by a BSD-style license that can be\n// found in the LICENSE file.\n\n/**\n * Enum f...",
   "returnByValue": true
}
[1541437307.478][DEBUG]: DEVTOOLS RESPONSE Runtime.evaluate (id=67) {
   "result": {
      "type": "object",
      "value": {
         "status": 0,
         "value": [ {
            "ELEMENT": "0.4897340975748232-2"
         } ]
      }
   }
}
[1541437307.478][INFO]: Waiting for pending navigations...
[1541437307.478][DEBUG]: DEVTOOLS COMMAND Runtime.evaluate (id=68) {
   "expression": "1"
}
[1541437307.479][DEBUG]: DEVTOOLS RESPONSE Runtime.evaluate (id=68) {
   "result": {
      "description": "1",
      "type": "number",
      "value": 1
   }
}
[1541437307.479][INFO]: Done waiting for pending navigations. Status: ok
[1541437307.479][INFO]: RESPONSE FindChildElements [ {
   "ELEMENT": "0.4897340975748232-2"
} ]
[1541437307.493][INFO]: COMMAND FindChildElements {
   "id": "0.4897340975748232-1",
   "using": "css selector",
   "value": ".element-does-exist"
}
[1541437307.493][INFO]: Waiting for pending navigations...
[1541437307.493][DEBUG]: DEVTOOLS COMMAND Runtime.evaluate (id=69) {
   "expression": "1"
}
[1541437307.494][DEBUG]: DEVTOOLS RESPONSE Runtime.evaluate (id=69) {
   "result": {
      "description": "1",
      "type": "number",
      "value": 1
   }
}
[1541437307.494][INFO]: Done waiting for pending navigations. Status: ok
[1541437307.496][DEBUG]: DEVTOOLS COMMAND Runtime.evaluate (id=70) {
   "expression": "(function() { // Copyright (c) 2012 The Chromium Authors. All rights reserved.\n// Use of this source code is governed by a BSD-style license that can be\n// found in the LICENSE file.\n\n/**\n * Enum f...",
   "returnByValue": true
}
[1541437307.500][DEBUG]: DEVTOOLS RESPONSE Runtime.evaluate (id=70) {
   "result": {
      "type": "object",
      "value": {
         "status": 0,
         "value": [ {
            "ELEMENT": "0.4897340975748232-2"
         } ]
      }
   }
}
[1541437307.500][INFO]: Waiting for pending navigations...
[1541437307.500][DEBUG]: DEVTOOLS COMMAND Runtime.evaluate (id=71) {
   "expression": "1"
}
[1541437307.501][DEBUG]: DEVTOOLS RESPONSE Runtime.evaluate (id=71) {
   "result": {
      "description": "1",
      "type": "number",
      "value": 1
   }
}
[1541437307.501][INFO]: Done waiting for pending navigations. Status: ok
[1541437307.501][INFO]: RESPONSE FindChildElements [ {
   "ELEMENT": "0.4897340975748232-2"
} ]
[1541437307.514][INFO]: COMMAND FindChildElements {
   "id": "0.4897340975748232-1",
   "using": "css selector",
   "value": ".element-does-exist"
}
[1541437307.514][INFO]: Waiting for pending navigations...
[1541437307.514][DEBUG]: DEVTOOLS COMMAND Runtime.evaluate (id=72) {
   "expression": "1"
}
[1541437307.515][DEBUG]: DEVTOOLS RESPONSE Runtime.evaluate (id=72) {
   "result": {
      "description": "1",
      "type": "number",
      "value": 1
   }
}
[1541437307.515][INFO]: Done waiting for pending navigations. Status: ok
[1541437307.517][DEBUG]: DEVTOOLS COMMAND Runtime.evaluate (id=73) {
   "expression": "(function() { // Copyright (c) 2012 The Chromium Authors. All rights reserved.\n// Use of this source code is governed by a BSD-style license that can be\n// found in the LICENSE file.\n\n/**\n * Enum f...",
   "returnByValue": true
}
[1541437307.520][DEBUG]: DEVTOOLS RESPONSE Runtime.evaluate (id=73) {
   "result": {
      "type": "object",
      "value": {
         "status": 0,
         "value": [ {
            "ELEMENT": "0.4897340975748232-2"
         } ]
      }
   }
}
[1541437307.520][INFO]: Waiting for pending navigations...
[1541437307.520][DEBUG]: DEVTOOLS COMMAND Runtime.evaluate (id=74) {
   "expression": "1"
}
[1541437307.521][DEBUG]: DEVTOOLS RESPONSE Runtime.evaluate (id=74) {
   "result": {
      "description": "1",
      "type": "number",
      "value": 1
   }
}
[1541437307.521][INFO]: Done waiting for pending navigations. Status: ok
[1541437307.521][INFO]: RESPONSE FindChildElements [ {
   "ELEMENT": "0.4897340975748232-2"
} ]
[1541437307.534][INFO]: COMMAND FindChildElements {
   "id": "0.4897340975748232-1",
   "using": "css selector",
   "value": ".element-does-exist"
}
[1541437307.534][INFO]: Waiting for pending navigations...
[1541437307.534][DEBUG]: DEVTOOLS COMMAND Runtime.evaluate (id=75) {
   "expression": "1"
}
[1541437307.535][DEBUG]: DEVTOOLS RESPONSE Runtime.evaluate (id=75) {
   "result": {
      "description": "1",
      "type": "number",
      "value": 1
   }
}
[1541437307.535][INFO]: Done waiting for pending navigations. Status: ok
[1541437307.537][DEBUG]: DEVTOOLS COMMAND Runtime.evaluate (id=76) {
   "expression": "(function() { // Copyright (c) 2012 The Chromium Authors. All rights reserved.\n// Use of this source code is governed by a BSD-style license that can be\n// found in the LICENSE file.\n\n/**\n * Enum f...",
   "returnByValue": true
}
[1541437307.540][DEBUG]: DEVTOOLS RESPONSE Runtime.evaluate (id=76) {
   "result": {
      "type": "object",
      "value": {
         "status": 0,
         "value": [ {
            "ELEMENT": "0.4897340975748232-2"
         } ]
      }
   }
}
[1541437307.540][INFO]: Waiting for pending navigations...
[1541437307.540][DEBUG]: DEVTOOLS COMMAND Runtime.evaluate (id=77) {
   "expression": "1"
}
[1541437307.541][DEBUG]: DEVTOOLS RESPONSE Runtime.evaluate (id=77) {
   "result": {
      "description": "1",
      "type": "number",
      "value": 1
   }
}
[1541437307.541][INFO]: Done waiting for pending navigations. Status: ok
[1541437307.541][INFO]: RESPONSE FindChildElements [ {
   "ELEMENT": "0.4897340975748232-2"
} ]
[1541437307.554][INFO]: COMMAND FindChildElements {
   "id": "0.4897340975748232-1",
   "using": "css selector",
   "value": ".element-does-exist"
}
[1541437307.554][INFO]: Waiting for pending navigations...
[1541437307.554][DEBUG]: DEVTOOLS COMMAND Runtime.evaluate (id=78) {
   "expression": "1"
}
[1541437307.554][DEBUG]: DEVTOOLS RESPONSE Runtime.evaluate (id=78) {
   "result": {
      "description": "1",
      "type": "number",
      "value": 1
   }
}
[1541437307.554][INFO]: Done waiting for pending navigations. Status: ok
[1541437307.556][DEBUG]: DEVTOOLS COMMAND Runtime.evaluate (id=79) {
   "expression": "(function() { // Copyright (c) 2012 The Chromium Authors. All rights reserved.\n// Use of this source code is governed by a BSD-style license that can be\n// found in the LICENSE file.\n\n/**\n * Enum f...",
   "returnByValue": true
}
[1541437307.560][DEBUG]: DEVTOOLS RESPONSE Runtime.evaluate (id=79) {
   "result": {
      "type": "object",
      "value": {
         "status": 0,
         "value": [ {
            "ELEMENT": "0.4897340975748232-2"
         } ]
      }
   }
}
[1541437307.560][INFO]: Waiting for pending navigations...
[1541437307.560][DEBUG]: DEVTOOLS COMMAND Runtime.evaluate (id=80) {
   "expression": "1"
}
[1541437307.560][DEBUG]: DEVTOOLS RESPONSE Runtime.evaluate (id=80) {
   "result": {
      "description": "1",
      "type": "number",
      "value": 1
   }
}
[1541437307.560][INFO]: Done waiting for pending navigations. Status: ok
[1541437307.560][INFO]: RESPONSE FindChildElements [ {
   "ELEMENT": "0.4897340975748232-2"
} ]
[1541437307.575][INFO]: COMMAND FindChildElements {
   "id": "0.4897340975748232-1",
   "using": "css selector",
   "value": ".element-does-exist"
}
[1541437307.575][INFO]: Waiting for pending navigations...
[1541437307.575][DEBUG]: DEVTOOLS COMMAND Runtime.evaluate (id=81) {
   "expression": "1"
}
[1541437307.576][DEBUG]: DEVTOOLS RESPONSE Runtime.evaluate (id=81) {
   "result": {
      "description": "1",
      "type": "number",
      "value": 1
   }
}
[1541437307.576][INFO]: Done waiting for pending navigations. Status: ok
[1541437307.578][DEBUG]: DEVTOOLS COMMAND Runtime.evaluate (id=82) {
   "expression": "(function() { // Copyright (c) 2012 The Chromium Authors. All rights reserved.\n// Use of this source code is governed by a BSD-style license that can be\n// found in the LICENSE file.\n\n/**\n * Enum f...",
   "returnByValue": true
}
[1541437307.581][DEBUG]: DEVTOOLS RESPONSE Runtime.evaluate (id=82) {
   "result": {
      "type": "object",
      "value": {
         "status": 0,
         "value": [ {
            "ELEMENT": "0.4897340975748232-2"
         } ]
      }
   }
}
[1541437307.581][INFO]: Waiting for pending navigations...
[1541437307.581][DEBUG]: DEVTOOLS COMMAND Runtime.evaluate (id=83) {
   "expression": "1"
}
[1541437307.582][DEBUG]: DEVTOOLS RESPONSE Runtime.evaluate (id=83) {
   "result": {
      "description": "1",
      "type": "number",
      "value": 1
   }
}
[1541437307.582][INFO]: Done waiting for pending navigations. Status: ok
[1541437307.582][INFO]: RESPONSE FindChildElements [ {
   "ELEMENT": "0.4897340975748232-2"
} ]
[1541437307.594][INFO]: COMMAND FindChildElements {
   "id": "0.4897340975748232-1",
   "using": "css selector",
   "value": ".element-does-exist"
}
[1541437307.594][INFO]: Waiting for pending navigations...
[1541437307.594][DEBUG]: DEVTOOLS COMMAND Runtime.evaluate (id=84) {
   "expression": "1"
}
[1541437307.595][DEBUG]: DEVTOOLS RESPONSE Runtime.evaluate (id=84) {
   "result": {
      "description": "1",
      "type": "number",
      "value": 1
   }
}
[1541437307.595][INFO]: Done waiting for pending navigations. Status: ok
[1541437307.597][DEBUG]: DEVTOOLS COMMAND Runtime.evaluate (id=85) {
   "expression": "(function() { // Copyright (c) 2012 The Chromium Authors. All rights reserved.\n// Use of this source code is governed by a BSD-style license that can be\n// found in the LICENSE file.\n\n/**\n * Enum f...",
   "returnByValue": true
}
[1541437307.606][DEBUG]: DEVTOOLS RESPONSE Runtime.evaluate (id=85) {
   "result": {
      "type": "object",
      "value": {
         "status": 0,
         "value": [ {
            "ELEMENT": "0.4897340975748232-2"
         } ]
      }
   }
}
[1541437307.606][INFO]: Waiting for pending navigations...
[1541437307.606][DEBUG]: DEVTOOLS COMMAND Runtime.evaluate (id=86) {
   "expression": "1"
}
[1541437307.607][DEBUG]: DEVTOOLS RESPONSE Runtime.evaluate (id=86) {
   "result": {
      "description": "1",
      "type": "number",
      "value": 1
   }
}
[1541437307.607][INFO]: Done waiting for pending navigations. Status: ok
[1541437307.607][INFO]: RESPONSE FindChildElements [ {
   "ELEMENT": "0.4897340975748232-2"
} ]
[1541437307.620][INFO]: COMMAND FindChildElements {
   "id": "0.4897340975748232-1",
   "using": "css selector",
   "value": ".element-does-exist"
}
[1541437307.621][INFO]: Waiting for pending navigations...
[1541437307.621][DEBUG]: DEVTOOLS COMMAND Runtime.evaluate (id=87) {
   "expression": "1"
}
[1541437307.621][DEBUG]: DEVTOOLS RESPONSE Runtime.evaluate (id=87) {
   "result": {
      "description": "1",
      "type": "number",
      "value": 1
   }
}
[1541437307.621][INFO]: Done waiting for pending navigations. Status: ok
[1541437307.623][DEBUG]: DEVTOOLS COMMAND Runtime.evaluate (id=88) {
   "expression": "(function() { // Copyright (c) 2012 The Chromium Authors. All rights reserved.\n// Use of this source code is governed by a BSD-style license that can be\n// found in the LICENSE file.\n\n/**\n * Enum f...",
   "returnByValue": true
}
[1541437307.627][DEBUG]: DEVTOOLS RESPONSE Runtime.evaluate (id=88) {
   "result": {
      "type": "object",
      "value": {
         "status": 0,
         "value": [ {
            "ELEMENT": "0.4897340975748232-2"
         } ]
      }
   }
}
[1541437307.627][INFO]: Waiting for pending navigations...
[1541437307.627][DEBUG]: DEVTOOLS COMMAND Runtime.evaluate (id=89) {
   "expression": "1"
}
[1541437307.627][DEBUG]: DEVTOOLS RESPONSE Runtime.evaluate (id=89) {
   "result": {
      "description": "1",
      "type": "number",
      "value": 1
   }
}
[1541437307.627][INFO]: Done waiting for pending navigations. Status: ok
[1541437307.627][INFO]: RESPONSE FindChildElements [ {
   "ELEMENT": "0.4897340975748232-2"
} ]
[1541437307.642][INFO]: COMMAND FindChildElements {
   "id": "0.4897340975748232-1",
   "using": "css selector",
   "value": ".element-does-exist"
}
[1541437307.642][INFO]: Waiting for pending navigations...
[1541437307.642][DEBUG]: DEVTOOLS COMMAND Runtime.evaluate (id=90) {
   "expression": "1"
}
[1541437307.643][DEBUG]: DEVTOOLS RESPONSE Runtime.evaluate (id=90) {
   "result": {
      "description": "1",
      "type": "number",
      "value": 1
   }
}
[1541437307.643][INFO]: Done waiting for pending navigations. Status: ok
[1541437307.645][DEBUG]: DEVTOOLS COMMAND Runtime.evaluate (id=91) {
   "expression": "(function() { // Copyright (c) 2012 The Chromium Authors. All rights reserved.\n// Use of this source code is governed by a BSD-style license that can be\n// found in the LICENSE file.\n\n/**\n * Enum f...",
   "returnByValue": true
}
[1541437307.648][DEBUG]: DEVTOOLS RESPONSE Runtime.evaluate (id=91) {
   "result": {
      "type": "object",
      "value": {
         "status": 0,
         "value": [ {
            "ELEMENT": "0.4897340975748232-2"
         } ]
      }
   }
}
[1541437307.648][INFO]: Waiting for pending navigations...
[1541437307.648][DEBUG]: DEVTOOLS COMMAND Runtime.evaluate (id=92) {
   "expression": "1"
}
[1541437307.649][DEBUG]: DEVTOOLS RESPONSE Runtime.evaluate (id=92) {
   "result": {
      "description": "1",
      "type": "number",
      "value": 1
   }
}
[1541437307.649][INFO]: Done waiting for pending navigations. Status: ok
[1541437307.649][INFO]: RESPONSE FindChildElements [ {
   "ELEMENT": "0.4897340975748232-2"
} ]
[1541437307.683][INFO]: COMMAND Screenshot {

}
[1541437307.683][INFO]: Waiting for pending navigations...
[1541437307.683][DEBUG]: DEVTOOLS COMMAND Runtime.evaluate (id=93) {
   "expression": "1"
}
[1541437307.684][DEBUG]: DEVTOOLS RESPONSE Runtime.evaluate (id=93) {
   "result": {
      "description": "1",
      "type": "number",
      "value": 1
   }
}
[1541437307.684][INFO]: Done waiting for pending navigations. Status: ok
[1541437307.684][DEBUG]: DevTools request: http://localhost:38891/json/activate/B71A84E430F22C7F02C6F2F40F645DEE
[1541437307.685][DEBUG]: DevTools response: Target activated
[1541437307.685][DEBUG]: DEVTOOLS COMMAND Page.captureScreenshot (id=94) {

}
[1541437307.790][DEBUG]: DEVTOOLS RESPONSE Page.captureScreenshot (id=94) {
   "data": "iVBORw0KGgoAAAANSUhEUgAABVYAAAO+CAYAAADv/k7HAAAcJklEQVR4nOzYwQ3AIBDAsNL9dz5WIC+EZE+Qd9bMzAcAAAAAwLH/dgAAAAAAwGuMVQAAAACAyFgFAAAAAIiMVQAAAACAyFgFAAAAAIiMVQAAAACAyFgFAAAAAIiMVQAAAACAyFgFAAAAAIiMVQAAA..."
}
[1541437307.790][INFO]: Waiting for pending navigations...
[1541437307.790][DEBUG]: DEVTOOLS COMMAND Runtime.evaluate (id=95) {
   "expression": "1"
}
[1541437307.791][DEBUG]: DEVTOOLS RESPONSE Runtime.evaluate (id=95) {
   "result": {
      "description": "1",
      "type": "number",
      "value": 1
   }
}
[1541437307.791][INFO]: Done waiting for pending navigations. Status: ok
[1541437307.791][INFO]: RESPONSE Screenshot "iVBORw0KGgoAAAANSUhEUgAABVYAAAO+CAYAAADv/k7HAAAcJklEQVR4nOzYwQ3AIBDAsNL9dz5WIC+EZE+Qd9bMzAcAAAAAwLH/dgAAAAAAwGuMVQAAAACAyFgFAAAAAIiMVQAAAACAyFgFAAAAAIiMVQAAAACAyFgFAAAAAIiMVQAAAACAyFgFAAAAAIiMVQAAA..."
[1541437307.813][INFO]: COMMAND Quit {

}
[1541437307.863][INFO]: RESPONSE Quit
[1541437307.863][DEBUG]: Log type 'driver' lost 0 entries on destruction
[1541437307.863][DEBUG]: Log type 'browser' lost 0 entries on destruction
