[44:44:1102/205615.864587:VERBOSE1:breakpad_linux.cc(1980)] Breakpad disabled
[44:57:1102/205616.014990:ERROR:bus.cc(395)] Failed to connect to the bus: Failed to connect to socket /var/run/dbus/system_bus_socket: No such file or directory
[44:44:1102/205616.087135:VERBOSE1:pref_proxy_config_tracker_impl.cc(154)] 0x198e22176580: set chrome proxy config service to 0x198e2224fd80
[44:44:1102/205616.111701:VERBOSE1:pulse_stubs.cc(683)] dlopen(libpulse.so.0) failed, dlerror() says:
libpulse.so.0: cannot open shared object file: No such file or directory
[44:44:1102/205616.111754:VERBOSE1:pulse_util.cc(106)] Failed on loading the Pulse library and symbols
[44:44:1102/205616.119299:VERBOSE1:mutable_profile_oauth2_token_service_delegate.cc(162)] MutablePO2TS::MutablePO2TS
[44:44:1102/205616.119379:VERBOSE1:device_event_log_impl.cc(158)] [20:56:16.119] Bluetooth: EVENT: bluetooth_api.cc:68 BluetoothAPI: 0x198e2227f400
[44:44:1102/205616.120407:VERBOSE1:bluetooth_low_energy_event_router.cc(248)] Initializing BluetoothLowEnergyEventRouter.
[44:74:1102/205616.126656:ERROR:nss_util.cc(650)] Error initializing NSS with a persistent database (sql:/tmp/homedir/.pki/nssdb): NSS error code: -8023
[44:74:1102/205616.126680:VERBOSE1:nss_util.cc(656)] Initializing NSS without a persistent database.
[44:74:1102/205616.126776:ERROR:nss_util.cc(154)] Error initializing NSS without a persistent database: NSS error code: -8023
[44:44:1102/205616.176347:VERBOSE1:pref_proxy_config_tracker_impl.cc(154)] 0x198e223ec2c0: set chrome proxy config service to 0x198e222dd000
[44:44:1102/205616.182384:VERBOSE1:extension_service.cc(1403)] AddComponentExtension Cloud Print
[44:44:1102/205616.182402:VERBOSE1:extension_service.cc(1405)] Component extension Cloud Print (mfehgcgbbipciphmccgaenjidiccnmng) installing/upgrading from '' to 0.1
[44:44:1102/205616.184058:VERBOSE1:extension_service.cc(1403)] AddComponentExtension Web Store
[44:44:1102/205616.184074:VERBOSE1:extension_service.cc(1405)] Component extension Web Store (ahfgeienlihckogmohjhadlkjgocpleb) installing/upgrading from '' to 0.2
[44:44:1102/205616.184631:VERBOSE1:extension_service.cc(1403)] AddComponentExtension Chromium PDF Viewer
[44:44:1102/205616.184645:VERBOSE1:extension_service.cc(1405)] Component extension Chromium PDF Viewer (mhjfbmdgcfjbbpaeojofohoefgiehjai) installing/upgrading from '' to 1
[44:44:1102/205616.199910:VERBOSE1:account_reconcilor.cc(88)] AccountReconcilor::AccountReconcilor
[44:44:1102/205616.199929:VERBOSE1:account_reconcilor.cc(99)] AccountReconcilor::Initialize
[44:44:1102/205616.212005:VERBOSE1:file_type_policies_component_installer.cc(129)] Registering File Type Policies component.
[44:61:1102/205616.215968:VERBOSE1:component_installer.cc(244)] StartRegistration for Signed Tree Heads
[44:61:1102/205616.216075:VERBOSE1:component_installer.cc(244)] StartRegistration for Origin Trials
[44:61:1102/205616.216164:VERBOSE1:component_installer.cc(244)] StartRegistration for File Type Policies
[44:61:1102/205616.216244:VERBOSE1:component_installer.cc(244)] StartRegistration for SSL Error Assistant
[44:44:1102/205616.267601:WARNING:password_store_factory.cc(241)] Using basic (unencrypted) store for password storage. See https://chromium.googlesource.com/chromium/src/+/master/docs/linux_password_storage.md for more information about password storage options.
[44:74:1102/205616.126790:FATAL:nss_util.cc(156)] nss_error=-8023, os_error=0
#0 0x55906d92ea87 base::debug::StackTrace::StackTrace()
#1 0x55906d945221 logging::LogMessage::~LogMessage()
#2 0x55906e1fab43 base::LazyInstance<>::Get()
#3 0x55906e023bb5 net::CertDatabase::GetInstance()
#4 0x55906e1627d8 net::ClientSocketFactory::GetDefaultFactory()
#5 0x55906e07bac8 net::DnsClient::CreateClient()
#6 0x55906d70f64a chrome_browser_net::DnsProbeService::SetSystemClientToCurrentConfig()
#7 0x55906d70f5b2 chrome_browser_net::DnsProbeService::DnsProbeService()
#8 0x55906d6da89d IOThread::Init()
#9 0x55906c79895d content::BrowserProcessSubThread::Init()
#10 0x55906d994c07 base::Thread::ThreadMain()
#11 0x55906d98fea3 base::(anonymous namespace)::ThreadFunc()
#12 0x7f99d1e77de5 start_thread
#13 0x7f99cbfbd30d __clone

[44:44:1102/205616.326368:VERBOSE1:bluez_dbus_manager.cc(172)] Bluetooth not supported.
[44:44:1102/205616.328844:VERBOSE1:component_updater_service.cc(91)] CrxUpdateService starting up. First update attempt will take place in 360 seconds. Next update attempt will take place in 18000 seconds. 
[44:44:1102/205616.328868:VERBOSE1:component_installer.cc(378)] FinishRegistration for Signed Tree Heads
[44:44:1102/205616.328881:VERBOSE1:component_installer.cc(378)] FinishRegistration for Origin Trials
[44:44:1102/205616.328896:VERBOSE1:component_installer.cc(378)] FinishRegistration for File Type Policies
[44:44:1102/205616.328906:VERBOSE1:component_installer.cc(378)] FinishRegistration for SSL Error Assistant
[44:85:1102/205616.339035:WARNING:histograms.cc(40)] Started multiple compositor clients (Browser, Renderer) in one process. Some metrics will be disabled.
