[44:44:1016/145115.240941:VERBOSE1:breakpad_linux.cc(1980)] Breakpad disabled
[44:49:1016/145115.430687:ERROR:bus.cc(395)] Failed to connect to the bus: Failed to connect to socket /var/run/dbus/system_bus_socket: No such file or directory
[44:44:1016/145115.457733:VERBOSE1:pref_proxy_config_tracker_impl.cc(154)] 0x2f6cf6eb5580: set chrome proxy config service to 0x2f6cf6f8e000
[44:44:1016/145115.593678:VERBOSE1:pulse_stubs.cc(683)] dlopen(libpulse.so.0) failed, dlerror() says:
libpulse.so.0: cannot open shared object file: No such file or directory
[44:44:1016/145115.593713:VERBOSE1:pulse_util.cc(106)] Failed on loading the Pulse library and symbols
[44:44:1016/145115.632354:VERBOSE1:mutable_profile_oauth2_token_service_delegate.cc(162)] MutablePO2TS::MutablePO2TS
[44:44:1016/145115.632428:VERBOSE1:device_event_log_impl.cc(158)] [14:51:15.632] Bluetooth: EVENT: bluetooth_api.cc:68 BluetoothAPI: 0x2f6cf6fa7200
[44:44:1016/145115.632672:VERBOSE1:bluetooth_low_energy_event_router.cc(248)] Initializing BluetoothLowEnergyEventRouter.
[44:44:1016/145115.651461:VERBOSE1:pref_proxy_config_tracker_impl.cc(154)] 0x2f6cf7115dc0: set chrome proxy config service to 0x2f6cf7027180
[44:44:1016/145115.653549:VERBOSE1:extension_service.cc(1403)] AddComponentExtension Cloud Print
[44:44:1016/145115.653565:VERBOSE1:extension_service.cc(1405)] Component extension Cloud Print (mfehgcgbbipciphmccgaenjidiccnmng) installing/upgrading from '' to 0.1
[44:44:1016/145115.654067:VERBOSE1:extension_service.cc(1403)] AddComponentExtension Web Store
[44:44:1016/145115.654081:VERBOSE1:extension_service.cc(1405)] Component extension Web Store (ahfgeienlihckogmohjhadlkjgocpleb) installing/upgrading from '' to 0.2
[44:44:1016/145115.671529:VERBOSE1:extension_service.cc(1403)] AddComponentExtension Chromium PDF Viewer
[44:44:1016/145115.671674:VERBOSE1:extension_service.cc(1405)] Component extension Chromium PDF Viewer (mhjfbmdgcfjbbpaeojofohoefgiehjai) installing/upgrading from '' to 1
[44:44:1016/145115.691259:VERBOSE1:account_reconcilor.cc(88)] AccountReconcilor::AccountReconcilor
[44:44:1016/145115.691276:VERBOSE1:account_reconcilor.cc(99)] AccountReconcilor::Initialize
[44:55:1016/145115.695054:VERBOSE1:component_installer.cc(244)] StartRegistration for Signed Tree Heads
[44:55:1016/145115.695199:VERBOSE1:component_installer.cc(244)] StartRegistration for Origin Trials
[44:44:1016/145115.695314:VERBOSE1:file_type_policies_component_installer.cc(129)] Registering File Type Policies component.
[44:55:1016/145115.695377:VERBOSE1:component_installer.cc(244)] StartRegistration for File Type Policies
[44:55:1016/145115.695506:VERBOSE1:component_installer.cc(244)] StartRegistration for SSL Error Assistant
[44:44:1016/145115.753501:WARNING:password_store_factory.cc(241)] Using basic (unencrypted) store for password storage. See https://chromium.googlesource.com/chromium/src/+/master/docs/linux_password_storage.md for more information about password storage options.
[44:85:1016/145115.794833:WARNING:histograms.cc(40)] Started multiple compositor clients (Browser, Renderer) in one process. Some metrics will be disabled.
[44:44:1016/145115.835187:VERBOSE1:bluez_dbus_manager.cc(172)] Bluetooth not supported.
[44:44:1016/145115.838158:VERBOSE1:component_updater_service.cc(91)] CrxUpdateService starting up. First update attempt will take place in 360 seconds. Next update attempt will take place in 18000 seconds. 
[44:44:1016/145115.838189:VERBOSE1:component_installer.cc(378)] FinishRegistration for Signed Tree Heads
[44:44:1016/145115.838212:VERBOSE1:component_installer.cc(378)] FinishRegistration for Origin Trials
[44:44:1016/145115.838241:VERBOSE1:component_installer.cc(378)] FinishRegistration for File Type Policies
[44:44:1016/145115.838260:VERBOSE1:component_installer.cc(378)] FinishRegistration for SSL Error Assistant
[44:67:1016/145115.938369:VERBOSE1:multi_log_ct_verifier.cc(75)] Adding CT log: Google 'Aviator' log
[44:67:1016/145115.938391:VERBOSE1:multi_log_ct_verifier.cc(75)] Adding CT log: Google 'Icarus' log
[44:67:1016/145115.938400:VERBOSE1:multi_log_ct_verifier.cc(75)] Adding CT log: Google 'Pilot' log
[44:67:1016/145115.938414:VERBOSE1:multi_log_ct_verifier.cc(75)] Adding CT log: Google 'Rocketeer' log
[44:67:1016/145115.938422:VERBOSE1:multi_log_ct_verifier.cc(75)] Adding CT log: Google 'Skydiver' log
[44:67:1016/145115.938430:VERBOSE1:multi_log_ct_verifier.cc(75)] Adding CT log: DigiCert Log Server
[44:67:1016/145115.938439:VERBOSE1:multi_log_ct_verifier.cc(75)] Adding CT log: DigiCert Log Server 2
[44:67:1016/145115.938447:VERBOSE1:multi_log_ct_verifier.cc(75)] Adding CT log: Symantec log
[44:67:1016/145115.938454:VERBOSE1:multi_log_ct_verifier.cc(75)] Adding CT log: Symantec 'Vega' log
[44:67:1016/145115.938462:VERBOSE1:multi_log_ct_verifier.cc(75)] Adding CT log: Symantec 'Sirius' log
[44:67:1016/145115.938468:VERBOSE1:multi_log_ct_verifier.cc(75)] Adding CT log: WoSign log
[44:67:1016/145115.938473:VERBOSE1:multi_log_ct_verifier.cc(75)] Adding CT log: Venafi Gen2 CT log
[44:67:1016/145115.938477:VERBOSE1:multi_log_ct_verifier.cc(75)] Adding CT log: CNNIC CT log
[44:67:1016/145115.938482:VERBOSE1:multi_log_ct_verifier.cc(75)] Adding CT log: StartCom log
[44:67:1016/145115.938486:VERBOSE1:multi_log_ct_verifier.cc(75)] Adding CT log: Comodo 'Sabre' CT log
[44:67:1016/145115.938491:VERBOSE1:multi_log_ct_verifier.cc(75)] Adding CT log: Comodo 'Mammoth' CT log
[44:67:1016/145115.938495:VERBOSE1:multi_log_ct_verifier.cc(75)] Adding CT log: Izenpe log
[44:67:1016/145115.938499:VERBOSE1:multi_log_ct_verifier.cc(75)] Adding CT log: Venafi log
[44:67:1016/145115.938503:VERBOSE1:multi_log_ct_verifier.cc(75)] Adding CT log: Certly.IO log
[44:67:1016/145115.938511:ERROR:io_thread.cc(730)] Cannot use V8 Proxy resolver in single process mode.
[44:67:1016/145115.938610:VERBOSE1:proxy_service.cc(958)] PAC support disabled because there is no system implementation
[44:67:1016/145115.953094:ERROR:io_thread.cc(730)] Cannot use V8 Proxy resolver in single process mode.
[44:67:1016/145115.953116:VERBOSE1:multi_log_ct_verifier.cc(75)] Adding CT log: Google 'Aviator' log
[44:67:1016/145115.953125:VERBOSE1:multi_log_ct_verifier.cc(75)] Adding CT log: Google 'Icarus' log
[44:67:1016/145115.953133:VERBOSE1:multi_log_ct_verifier.cc(75)] Adding CT log: Google 'Pilot' log
[44:67:1016/145115.953140:VERBOSE1:multi_log_ct_verifier.cc(75)] Adding CT log: Google 'Rocketeer' log
[44:67:1016/145115.953148:VERBOSE1:multi_log_ct_verifier.cc(75)] Adding CT log: Google 'Skydiver' log
[44:67:1016/145115.953155:VERBOSE1:multi_log_ct_verifier.cc(75)] Adding CT log: DigiCert Log Server
[44:67:1016/145115.953162:VERBOSE1:multi_log_ct_verifier.cc(75)] Adding CT log: DigiCert Log Server 2
[44:67:1016/145115.953170:VERBOSE1:multi_log_ct_verifier.cc(75)] Adding CT log: Symantec log
[44:67:1016/145115.953176:VERBOSE1:multi_log_ct_verifier.cc(75)] Adding CT log: Symantec 'Vega' log
[44:67:1016/145115.953197:VERBOSE1:multi_log_ct_verifier.cc(75)] Adding CT log: Symantec 'Sirius' log
[44:67:1016/145115.953217:VERBOSE1:multi_log_ct_verifier.cc(75)] Adding CT log: WoSign log
[44:67:1016/145115.953225:VERBOSE1:multi_log_ct_verifier.cc(75)] Adding CT log: Venafi Gen2 CT log
[44:67:1016/145115.953232:VERBOSE1:multi_log_ct_verifier.cc(75)] Adding CT log: CNNIC CT log
[44:67:1016/145115.953240:VERBOSE1:multi_log_ct_verifier.cc(75)] Adding CT log: StartCom log
[44:67:1016/145115.953247:VERBOSE1:multi_log_ct_verifier.cc(75)] Adding CT log: Comodo 'Sabre' CT log
[44:67:1016/145115.953255:VERBOSE1:multi_log_ct_verifier.cc(75)] Adding CT log: Comodo 'Mammoth' CT log
[44:67:1016/145115.953263:VERBOSE1:multi_log_ct_verifier.cc(75)] Adding CT log: Izenpe log
[44:67:1016/145115.953270:VERBOSE1:multi_log_ct_verifier.cc(75)] Adding CT log: Venafi log
[44:67:1016/145115.953277:VERBOSE1:multi_log_ct_verifier.cc(75)] Adding CT log: Certly.IO log
[44:67:1016/145115.953466:VERBOSE1:proxy_service.cc(958)] PAC support disabled because there is no system implementation
[44:67:1016/145115.954849:VERBOSE1:network_delegate.cc(30)] NetworkDelegate::NotifyBeforeURLRequest: https://www.gstatic.com/chrome/intelligence/assist/ranker/models/translate/2017/03/translate_ranker_model_20170329.pb.bin
[44:67:1016/145115.954872:VERBOSE1:network_delegate.cc(30)] NetworkDelegate::NotifyBeforeURLRequest: https://www.gstatic.com/chrome/intelligence/assist/ranker/models/translate/2017/03/translate_ranker_model_20170329.pb.bin
[44:67:1016/145116.014499:VERBOSE1:network_delegate.cc(30)] NetworkDelegate::NotifyBeforeURLRequest: chrome-extension://aapnijgdinlhnhlmodcfapnahmbfebeb/_generated_background_page.html
[44:67:1016/145116.014517:VERBOSE1:network_delegate.cc(30)] NetworkDelegate::NotifyBeforeURLRequest: chrome-extension://aapnijgdinlhnhlmodcfapnahmbfebeb/_generated_background_page.html
[44:67:1016/145116.014528:VERBOSE1:network_delegate.cc(30)] NetworkDelegate::NotifyBeforeURLRequest: chrome-extension://aapnijgdinlhnhlmodcfapnahmbfebeb/_generated_background_page.html
[44:85:1016/145116.035109:VERBOSE1:LocalWindowProxy.cpp(236)] A context is created NOT from snapshot
[44:85:1016/145116.035826:VERBOSE1:script_context.cc(111)] Created context:
  extension id:           (none)
  frame:                  0x2a38f6721d18
  URL:                    
  context_type:           WEB_PAGE
  effective extension id: (none)
  effective context type: WEB_PAGE
[44:85:1016/145116.036658:VERBOSE1:script_context.cc(111)] Created context:
  extension id:           (none)
  frame:                  (nil)
  URL:                    
  context_type:           UNSPECIFIED
  effective extension id: (none)
  effective context type: UNSPECIFIED
[44:85:1016/145116.037392:VERBOSE1:dispatcher.cc(366)] Num tracked contexts: 1
[44:67:1016/145116.056067:VERBOSE1:network_delegate.cc(30)] NetworkDelegate::NotifyBeforeURLRequest: chrome-extension://aapnijgdinlhnhlmodcfapnahmbfebeb/background.js
[44:67:1016/145116.056085:VERBOSE1:network_delegate.cc(30)] NetworkDelegate::NotifyBeforeURLRequest: chrome-extension://aapnijgdinlhnhlmodcfapnahmbfebeb/background.js
[44:67:1016/145116.056096:VERBOSE1:network_delegate.cc(30)] NetworkDelegate::NotifyBeforeURLRequest: chrome-extension://aapnijgdinlhnhlmodcfapnahmbfebeb/background.js
[44:85:1016/145116.074686:VERBOSE1:LocalWindowProxy.cpp(236)] A context is created NOT from snapshot
[44:85:1016/145116.074944:VERBOSE1:script_context.cc(111)] Created context:
  extension id:           aapnijgdinlhnhlmodcfapnahmbfebeb
  frame:                  0x2a38f672e920
  URL:                    
  context_type:           BLESSED_EXTENSION
  effective extension id: aapnijgdinlhnhlmodcfapnahmbfebeb
  effective context type: BLESSED_EXTENSION
[44:85:1016/145116.075010:VERBOSE1:script_context.cc(111)] Created context:
  extension id:           (none)
  frame:                  (nil)
  URL:                    
  context_type:           UNSPECIFIED
  effective extension id: (none)
  effective context type: UNSPECIFIED
[44:85:1016/145116.092499:VERBOSE1:dispatcher.cc(366)] Num tracked contexts: 2
[44:85:1016/145116.093190:VERBOSE1:language_detection_util.cc(234)] Detected language: und
[44:85:1016/145116.559585:VERBOSE1:dispatcher.cc(498)] Num tracked contexts: 1
[44:85:1016/145116.573111:VERBOSE1:LocalWindowProxy.cpp(236)] A context is created NOT from snapshot
[44:85:1016/145116.573311:VERBOSE1:script_context.cc(111)] Created context:
  extension id:           (none)
  frame:                  0x2a38f6721d18
  URL:                    
  context_type:           WEB_PAGE
  effective extension id: (none)
  effective context type: WEB_PAGE
[44:85:1016/145116.573357:VERBOSE1:script_context.cc(111)] Created context:
  extension id:           (none)
  frame:                  (nil)
  URL:                    
  context_type:           UNSPECIFIED
  effective extension id: (none)
  effective context type: UNSPECIFIED
[44:85:1016/145116.573788:VERBOSE1:dispatcher.cc(366)] Num tracked contexts: 2
[44:85:1016/145116.574458:VERBOSE1:script_context.cc(120)] Destroyed context for extension
  extension id: 
  effective extension id: 
[44:85:1016/145116.574483:VERBOSE1:script_context.cc(120)] Destroyed context for extension
  extension id: 
  effective extension id: 
[44:85:1016/145116.577409:VERBOSE1:language_detection_util.cc(234)] Detected language: und
