[147:147:0830/010424.520106:VERBOSE1:breakpad_linux.cc(1980)] Breakpad disabled
[147:152:0830/010424.717529:ERROR:bus.cc(395)] Failed to connect to the bus: Failed to connect to socket /var/run/dbus/system_bus_socket: No such file or directory
[147:147:0830/010424.744918:VERBOSE1:pref_proxy_config_tracker_impl.cc(154)] 0x4a8a18f0580: set chrome proxy config service to 0x4a8a19c9c00
[147:147:0830/010424.768872:VERBOSE1:pulse_stubs.cc(683)] dlopen(libpulse.so.0) failed, dlerror() says:
libpulse.so.0: cannot open shared object file: No such file or directory
[147:147:0830/010424.768903:VERBOSE1:pulse_util.cc(106)] Failed on loading the Pulse library and symbols
[147:147:0830/010424.784784:VERBOSE1:mutable_profile_oauth2_token_service_delegate.cc(162)] MutablePO2TS::MutablePO2TS
[147:147:0830/010424.784850:VERBOSE1:device_event_log_impl.cc(158)] [01:04:24.784] Bluetooth: EVENT: bluetooth_api.cc:68 BluetoothAPI: 0x4a8a1a36000
[147:147:0830/010424.785056:VERBOSE1:bluetooth_low_energy_event_router.cc(248)] Initializing BluetoothLowEnergyEventRouter.
[147:147:0830/010424.843934:VERBOSE1:pref_proxy_config_tracker_impl.cc(154)] 0x4a8a1b66000: set chrome proxy config service to 0x4a8a1a47180
[147:147:0830/010424.845516:VERBOSE1:extension_service.cc(1403)] AddComponentExtension Cloud Print
[147:147:0830/010424.845532:VERBOSE1:extension_service.cc(1405)] Component extension Cloud Print (mfehgcgbbipciphmccgaenjidiccnmng) installing/upgrading from '' to 0.1
[147:147:0830/010424.845938:VERBOSE1:extension_service.cc(1403)] AddComponentExtension Web Store
[147:147:0830/010424.845952:VERBOSE1:extension_service.cc(1405)] Component extension Web Store (ahfgeienlihckogmohjhadlkjgocpleb) installing/upgrading from '' to 0.2
[147:147:0830/010424.846333:VERBOSE1:extension_service.cc(1403)] AddComponentExtension Chromium PDF Viewer
[147:147:0830/010424.846347:VERBOSE1:extension_service.cc(1405)] Component extension Chromium PDF Viewer (mhjfbmdgcfjbbpaeojofohoefgiehjai) installing/upgrading from '' to 1
[147:147:0830/010424.847609:VERBOSE1:account_reconcilor.cc(88)] AccountReconcilor::AccountReconcilor
[147:147:0830/010424.847623:VERBOSE1:account_reconcilor.cc(99)] AccountReconcilor::Initialize
[147:147:0830/010424.880456:VERBOSE1:file_type_policies_component_installer.cc(129)] Registering File Type Policies component.
[147:158:0830/010424.880573:VERBOSE1:component_installer.cc(244)] StartRegistration for Signed Tree Heads
[147:158:0830/010424.880760:VERBOSE1:component_installer.cc(244)] StartRegistration for Origin Trials
[147:158:0830/010424.880857:VERBOSE1:component_installer.cc(244)] StartRegistration for File Type Policies
[147:158:0830/010424.880949:VERBOSE1:component_installer.cc(244)] StartRegistration for SSL Error Assistant
[147:147:0830/010425.018518:WARNING:password_store_factory.cc(241)] Using basic (unencrypted) store for password storage. See https://chromium.googlesource.com/chromium/src/+/master/docs/linux_password_storage.md for more information about password storage options.
[147:147:0830/010425.081772:VERBOSE1:bluez_dbus_manager.cc(172)] Bluetooth not supported.
[147:147:0830/010425.119732:VERBOSE1:component_updater_service.cc(91)] CrxUpdateService starting up. First update attempt will take place in 360 seconds. Next update attempt will take place in 18000 seconds. 
[147:147:0830/010425.119778:VERBOSE1:component_installer.cc(378)] FinishRegistration for Signed Tree Heads
[147:147:0830/010425.119806:VERBOSE1:component_installer.cc(378)] FinishRegistration for Origin Trials
[147:147:0830/010425.119848:VERBOSE1:component_installer.cc(378)] FinishRegistration for File Type Policies
[147:147:0830/010425.119874:VERBOSE1:component_installer.cc(378)] FinishRegistration for SSL Error Assistant
[147:188:0830/010425.139983:WARNING:histograms.cc(40)] Started multiple compositor clients (Browser, Renderer) in one process. Some metrics will be disabled.
[147:170:0830/010425.387129:VERBOSE1:multi_log_ct_verifier.cc(75)] Adding CT log: Google 'Aviator' log
[147:170:0830/010425.387159:VERBOSE1:multi_log_ct_verifier.cc(75)] Adding CT log: Google 'Icarus' log
[147:170:0830/010425.387181:VERBOSE1:multi_log_ct_verifier.cc(75)] Adding CT log: Google 'Pilot' log
[147:170:0830/010425.387195:VERBOSE1:multi_log_ct_verifier.cc(75)] Adding CT log: Google 'Rocketeer' log
[147:170:0830/010425.387208:VERBOSE1:multi_log_ct_verifier.cc(75)] Adding CT log: Google 'Skydiver' log
[147:170:0830/010425.387224:VERBOSE1:multi_log_ct_verifier.cc(75)] Adding CT log: DigiCert Log Server
[147:170:0830/010425.387233:VERBOSE1:multi_log_ct_verifier.cc(75)] Adding CT log: DigiCert Log Server 2
[147:170:0830/010425.387240:VERBOSE1:multi_log_ct_verifier.cc(75)] Adding CT log: Symantec log
[147:170:0830/010425.387247:VERBOSE1:multi_log_ct_verifier.cc(75)] Adding CT log: Symantec 'Vega' log
[147:170:0830/010425.387254:VERBOSE1:multi_log_ct_verifier.cc(75)] Adding CT log: Symantec 'Sirius' log
[147:170:0830/010425.387261:VERBOSE1:multi_log_ct_verifier.cc(75)] Adding CT log: WoSign log
[147:170:0830/010425.387267:VERBOSE1:multi_log_ct_verifier.cc(75)] Adding CT log: Venafi Gen2 CT log
[147:170:0830/010425.387274:VERBOSE1:multi_log_ct_verifier.cc(75)] Adding CT log: CNNIC CT log
[147:170:0830/010425.387281:VERBOSE1:multi_log_ct_verifier.cc(75)] Adding CT log: StartCom log
[147:170:0830/010425.387288:VERBOSE1:multi_log_ct_verifier.cc(75)] Adding CT log: Comodo 'Sabre' CT log
[147:170:0830/010425.387295:VERBOSE1:multi_log_ct_verifier.cc(75)] Adding CT log: Comodo 'Mammoth' CT log
[147:170:0830/010425.387302:VERBOSE1:multi_log_ct_verifier.cc(75)] Adding CT log: Izenpe log
[147:170:0830/010425.387308:VERBOSE1:multi_log_ct_verifier.cc(75)] Adding CT log: Venafi log
[147:170:0830/010425.387315:VERBOSE1:multi_log_ct_verifier.cc(75)] Adding CT log: Certly.IO log
[147:170:0830/010425.387326:ERROR:io_thread.cc(730)] Cannot use V8 Proxy resolver in single process mode.
[147:170:0830/010425.387452:VERBOSE1:proxy_service.cc(958)] PAC support disabled because there is no system implementation
[147:170:0830/010425.397048:ERROR:io_thread.cc(730)] Cannot use V8 Proxy resolver in single process mode.
[147:170:0830/010425.397081:VERBOSE1:multi_log_ct_verifier.cc(75)] Adding CT log: Google 'Aviator' log
[147:170:0830/010425.397095:VERBOSE1:multi_log_ct_verifier.cc(75)] Adding CT log: Google 'Icarus' log
[147:170:0830/010425.397109:VERBOSE1:multi_log_ct_verifier.cc(75)] Adding CT log: Google 'Pilot' log
[147:170:0830/010425.397122:VERBOSE1:multi_log_ct_verifier.cc(75)] Adding CT log: Google 'Rocketeer' log
[147:170:0830/010425.397134:VERBOSE1:multi_log_ct_verifier.cc(75)] Adding CT log: Google 'Skydiver' log
[147:170:0830/010425.397146:VERBOSE1:multi_log_ct_verifier.cc(75)] Adding CT log: DigiCert Log Server
[147:170:0830/010425.397158:VERBOSE1:multi_log_ct_verifier.cc(75)] Adding CT log: DigiCert Log Server 2
[147:170:0830/010425.397170:VERBOSE1:multi_log_ct_verifier.cc(75)] Adding CT log: Symantec log
[147:170:0830/010425.397183:VERBOSE1:multi_log_ct_verifier.cc(75)] Adding CT log: Symantec 'Vega' log
[147:170:0830/010425.397198:VERBOSE1:multi_log_ct_verifier.cc(75)] Adding CT log: Symantec 'Sirius' log
[147:170:0830/010425.397212:VERBOSE1:multi_log_ct_verifier.cc(75)] Adding CT log: WoSign log
[147:170:0830/010425.397225:VERBOSE1:multi_log_ct_verifier.cc(75)] Adding CT log: Venafi Gen2 CT log
[147:170:0830/010425.397238:VERBOSE1:multi_log_ct_verifier.cc(75)] Adding CT log: CNNIC CT log
[147:170:0830/010425.397252:VERBOSE1:multi_log_ct_verifier.cc(75)] Adding CT log: StartCom log
[147:170:0830/010425.397271:VERBOSE1:multi_log_ct_verifier.cc(75)] Adding CT log: Comodo 'Sabre' CT log
[147:170:0830/010425.397284:VERBOSE1:multi_log_ct_verifier.cc(75)] Adding CT log: Comodo 'Mammoth' CT log
[147:170:0830/010425.397297:VERBOSE1:multi_log_ct_verifier.cc(75)] Adding CT log: Izenpe log
[147:170:0830/010425.397310:VERBOSE1:multi_log_ct_verifier.cc(75)] Adding CT log: Venafi log
[147:170:0830/010425.397323:VERBOSE1:multi_log_ct_verifier.cc(75)] Adding CT log: Certly.IO log
[147:170:0830/010425.397457:VERBOSE1:proxy_service.cc(958)] PAC support disabled because there is no system implementation
[147:170:0830/010425.399341:VERBOSE1:network_delegate.cc(30)] NetworkDelegate::NotifyBeforeURLRequest: https://www.gstatic.com/chrome/intelligence/assist/ranker/models/translate/2017/03/translate_ranker_model_20170329.pb.bin
[147:170:0830/010425.399375:VERBOSE1:network_delegate.cc(30)] NetworkDelegate::NotifyBeforeURLRequest: https://www.gstatic.com/chrome/intelligence/assist/ranker/models/translate/2017/03/translate_ranker_model_20170329.pb.bin
[147:170:0830/010425.477364:VERBOSE1:network_delegate.cc(30)] NetworkDelegate::NotifyBeforeURLRequest: chrome-extension://aapnijgdinlhnhlmodcfapnahmbfebeb/_generated_background_page.html
[147:170:0830/010425.477393:VERBOSE1:network_delegate.cc(30)] NetworkDelegate::NotifyBeforeURLRequest: chrome-extension://aapnijgdinlhnhlmodcfapnahmbfebeb/_generated_background_page.html
[147:170:0830/010425.477410:VERBOSE1:network_delegate.cc(30)] NetworkDelegate::NotifyBeforeURLRequest: chrome-extension://aapnijgdinlhnhlmodcfapnahmbfebeb/_generated_background_page.html
[147:188:0830/010425.484409:VERBOSE1:LocalWindowProxy.cpp(236)] A context is created NOT from snapshot
[147:188:0830/010425.485078:VERBOSE1:script_context.cc(111)] Created context:
  extension id:           (none)
  frame:                  0x27ab60341d18
  URL:                    
  context_type:           WEB_PAGE
  effective extension id: (none)
  effective context type: WEB_PAGE
[147:188:0830/010425.485723:VERBOSE1:script_context.cc(111)] Created context:
  extension id:           (none)
  frame:                  (nil)
  URL:                    
  context_type:           UNSPECIFIED
  effective extension id: (none)
  effective context type: UNSPECIFIED
[147:188:0830/010425.497699:VERBOSE1:dispatcher.cc(366)] Num tracked contexts: 1
[147:170:0830/010425.519733:VERBOSE1:network_delegate.cc(30)] NetworkDelegate::NotifyBeforeURLRequest: chrome-extension://aapnijgdinlhnhlmodcfapnahmbfebeb/background.js
[147:170:0830/010425.519765:VERBOSE1:network_delegate.cc(30)] NetworkDelegate::NotifyBeforeURLRequest: chrome-extension://aapnijgdinlhnhlmodcfapnahmbfebeb/background.js
[147:170:0830/010425.519783:VERBOSE1:network_delegate.cc(30)] NetworkDelegate::NotifyBeforeURLRequest: chrome-extension://aapnijgdinlhnhlmodcfapnahmbfebeb/background.js
[147:188:0830/010425.537083:VERBOSE1:LocalWindowProxy.cpp(236)] A context is created NOT from snapshot
[147:188:0830/010425.537799:VERBOSE1:script_context.cc(111)] Created context:
  extension id:           aapnijgdinlhnhlmodcfapnahmbfebeb
  frame:                  0x27ab6034e920
  URL:                    
  context_type:           BLESSED_EXTENSION
  effective extension id: aapnijgdinlhnhlmodcfapnahmbfebeb
  effective context type: BLESSED_EXTENSION
[147:188:0830/010425.537942:VERBOSE1:script_context.cc(111)] Created context:
  extension id:           (none)
  frame:                  (nil)
  URL:                    
  context_type:           UNSPECIFIED
  effective extension id: (none)
  effective context type: UNSPECIFIED
[147:188:0830/010425.560707:VERBOSE1:dispatcher.cc(366)] Num tracked contexts: 2
[147:188:0830/010425.564124:VERBOSE1:language_detection_util.cc(234)] Detected language: und
[147:188:0830/010425.919973:VERBOSE1:dispatcher.cc(498)] Num tracked contexts: 1
[147:188:0830/010425.922398:VERBOSE1:LocalWindowProxy.cpp(236)] A context is created NOT from snapshot
[147:188:0830/010425.922642:VERBOSE1:script_context.cc(111)] Created context:
  extension id:           (none)
  frame:                  0x27ab60341d18
  URL:                    
  context_type:           WEB_PAGE
  effective extension id: (none)
  effective context type: WEB_PAGE
[147:188:0830/010425.922709:VERBOSE1:script_context.cc(111)] Created context:
  extension id:           (none)
  frame:                  (nil)
  URL:                    
  context_type:           UNSPECIFIED
  effective extension id: (none)
  effective context type: UNSPECIFIED
[147:188:0830/010425.923236:VERBOSE1:dispatcher.cc(366)] Num tracked contexts: 2
[147:188:0830/010425.923965:VERBOSE1:script_context.cc(120)] Destroyed context for extension
  extension id: 
  effective extension id: 
[147:188:0830/010425.924009:VERBOSE1:script_context.cc(120)] Destroyed context for extension
  extension id: 
  effective extension id: 
[147:188:0830/010425.940229:VERBOSE1:language_detection_util.cc(234)] Detected language: und
[147:188:0830/010426.006070:VERBOSE1:LocalWindowProxy.cpp(236)] A context is created NOT from snapshot
[147:188:0830/010426.006313:VERBOSE1:script_context.cc(111)] Created context:
  extension id:           (none)
  frame:                  0x27ab6035a2c8
  URL:                    
  context_type:           WEB_PAGE
  effective extension id: (none)
  effective context type: WEB_PAGE
[147:188:0830/010426.006383:VERBOSE1:script_context.cc(111)] Created context:
  extension id:           (none)
  frame:                  (nil)
  URL:                    
  context_type:           UNSPECIFIED
  effective extension id: (none)
  effective context type: UNSPECIFIED
[147:188:0830/010426.016932:VERBOSE1:dispatcher.cc(366)] Num tracked contexts: 3
[147:188:0830/010426.074785:VERBOSE1:dispatcher.cc(498)] Num tracked contexts: 2
[147:188:0830/010426.078100:VERBOSE1:script_context.cc(120)] Destroyed context for extension
  extension id: 
  effective extension id: 
[147:188:0830/010426.078135:VERBOSE1:script_context.cc(120)] Destroyed context for extension
  extension id: 
  effective extension id: 
