[1.372][INFO]: COMMAND InitSession {
   "desiredCapabilities": {
      "browserName": "chrome",
      "chromeOptions": {
         "args": [ "--disable-gpu", "--single-process", "--no-sandbox", "--data-path=/tmp/data-path", "--homedir=/tmp/homedir", "--disk-cache-dir=/tmp", "--disk-cache-size=1", "--media-cache-size=1", "--allow-file-access-from-files", "--enable-logging", "--v=1", "--disable-web-security", "--disable-extensions", "--ignore-certificate-errors", "--disable-ntp-most-likely-favicons-from-server", "--disable-ntp-popular-sites", "--window-size=1366,1024", "--disable-infobars", "--disable-dev-shm-usage", "..." ],
         "binary": "/tmp/chrome-lambda/chrome",
         "prefs": {
            "credentials_enable_service": false,
            "profile": {
               "password_manager_enabled": false
            }
         }
      },
      "count": 1
   }
}
[1.372][INFO]: Populating Preferences file: {
   "alternate_error_pages": {
      "enabled": false
   },
   "autofill": {
      "enabled": false
   },
   "browser": {
      "check_default_browser": false
   },
   "credentials_enable_service": false,
   "distribution": {
      "import_bookmarks": false,
      "import_history": false,
      "import_search_engine": false,
      "make_chrome_default_for_user": false,
      "show_welcome_page": false,
      "skip_first_run_ui": true
   },
   "dns_prefetching": {
      "enabled": false
   },
   "profile": {
      "password_manager_enabled": false
   },
   "safebrowsing": {
      "enabled": false
   },
   "search": {
      "suggest_enabled": false
   },
   "translate": {
      "enabled": false
   }
}
[1.372][INFO]: Populating Local State file: {
   "background_mode": {
      "enabled": false
   },
   "ssl": {
      "rev_checking": {
         "enabled": false
      }
   }
}
[1.373][INFO]: Launching chrome: /tmp/chrome-lambda/chrome --allow-file-access-from-files --data-path=/tmp/data-path --disable-background-networking --disable-browser-side-navigation --disable-client-side-phishing-detection --disable-default-apps --disable-dev-shm-usage --disable-extensions --disable-extensions-except=/tmp/.org.chromium.Chromium.Rv2IG4/internal --disable-gpu --disable-hang-monitor --disable-infobars --disable-ntp-most-likely-favicons-from-server --disable-ntp-popular-sites --disable-popup-blocking --disable-prompt-on-repost --disable-sync --disable-web-resources --disable-web-security --disk-cache-dir=/tmp --disk-cache-size=1 --enable-automation --enable-logging --enable-precise-memory-info --force-fieldtrials=SiteIsolationExtensions/Control --homedir=/tmp/homedir --ignore-certificate-errors --log-level=0 --media-cache-size=1 --metrics-recording-only --no-first-run --no-sandbox --password-store=basic --remote-debugging-port=12810 --safebrowsing-disable-auto-update --single-process --test-type=webdriver --use-mock-keychain --user-data-dir=/tmp/.org.chromium.Chromium.cqDR1C --v=1 --window-size=1366,1024 data:,
[1.373][DEBUG]: DevTools request: http://localhost:12810/json/version
prctl(PR_SET_NO_NEW_PRIVS) failed
Xlib:  extension "RANDR" missing on display ":99".
[44:56:1018/203841.208381:ERROR:bus.cc(395)] Failed to connect to the bus: Failed to connect to socket /var/run/dbus/system_bus_socket: No such file or directory
Xlib:  extension "RANDR" missing on display ":99".

DevTools listening on ws://127.0.0.1:12810/devtools/browser/d028082b-9f2e-41b1-9a7f-0c50f6966e95
[6.988][SEVERE]: CreatePlatformSocket() returned an error, errno=1: Operation not permitted (1)
[7.008][DEBUG]: DevTools response: {
   "Browser": "Chrome/63.0.3239.84",
   "Protocol-Version": "1.2",
   "User-Agent": "Mozilla/5.0 (X11; Linux x86_64) AppleWebKit/537.36 (KHTML, like Gecko) Chrome/63.0.3239.84 Safari/537.36",
   "V8-Version": "6.3.292.46",
   "WebKit-Version": "537.36 (@0f53a5abc7a405fbe9f1cfd3db38f2092c8a7816)",
   "webSocketDebuggerUrl": "ws://localhost:12810/devtools/browser/d028082b-9f2e-41b1-9a7f-0c50f6966e95"
}

[7.021][DEBUG]: DevTools request: http://localhost:12810/json
[7.022][DEBUG]: DevTools response: [ {
   "description": "",
   "devtoolsFrontendUrl": "/devtools/inspector.html?ws=localhost:12810/devtools/page/(436DF4B939D9C8A1DFCD957653E0D44D)",
   "id": "(436DF4B939D9C8A1DFCD957653E0D44D)",
   "title": "",
   "type": "page",
   "url": "data:,",
   "webSocketDebuggerUrl": "ws://localhost:12810/devtools/page/(436DF4B939D9C8A1DFCD957653E0D44D)"
} ]

[7.022][DEBUG]: DevTools request: http://localhost:12810/json
[7.023][DEBUG]: DevTools response: [ {
   "description": "",
   "devtoolsFrontendUrl": "/devtools/inspector.html?ws=localhost:12810/devtools/page/(436DF4B939D9C8A1DFCD957653E0D44D)",
   "id": "(436DF4B939D9C8A1DFCD957653E0D44D)",
   "title": "",
   "type": "page",
   "url": "data:,",
   "webSocketDebuggerUrl": "ws://localhost:12810/devtools/page/(436DF4B939D9C8A1DFCD957653E0D44D)"
} ]

[7.025][INFO]: resolved localhost to ["127.0.0.1"]
[7.039][DEBUG]: DEVTOOLS COMMAND Log.enable (id=1) {

}
[7.039][DEBUG]: DEVTOOLS COMMAND DOM.getDocument (id=2) {

}
[7.040][DEBUG]: DEVTOOLS COMMAND Runtime.enable (id=3) {

}
[7.040][DEBUG]: DEVTOOLS COMMAND Page.enable (id=4) {

}
[7.040][DEBUG]: DEVTOOLS COMMAND Page.enable (id=5) {

}
[44:74:1018/203841.803421:ERROR:io_thread.cc(730)] Cannot use V8 Proxy resolver in single process mode.
[44:74:1018/203841.808168:ERROR:io_thread.cc(730)] Cannot use V8 Proxy resolver in single process mode.
[7.244][DEBUG]: DEVTOOLS RESPONSE Log.enable (id=1) {

}
[7.244][DEBUG]: DEVTOOLS RESPONSE DOM.getDocument (id=2) {
   "root": {
      "backendNodeId": 1,
      "baseURL": "about:blank",
      "childNodeCount": 1,
      "children": [ {
         "attributes": [  ],
         "backendNodeId": 2,
         "childNodeCount": 2,
         "children": [ {
            "attributes": [  ],
            "backendNodeId": 3,
            "childNodeCount": 0,
            "localName": "head",
            "nodeId": 3,
            "nodeName": "HEAD",
            "nodeType": 1,
            "nodeValue": "",
            "parentId": 2
         }, {
            "attributes": [  ],
            "backendNodeId": 4,
            "childNodeCount": 0,
            "localName": "body",
            "nodeId": 4,
            "nodeName": "BODY",
            "nodeType": 1,
            "nodeValue": "",
            "parentId": 2
         } ],
         "frameId": "(436DF4B939D9C8A1DFCD957653E0D44D)",
         "localName": "html",
         "nodeId": 2,
         "nodeName": "HTML",
         "nodeType": 1,
         "nodeValue": "",
         "parentId": 1
      } ],
      "documentURL": "",
      "localName": "",
      "nodeId": 1,
      "nodeName": "#document",
      "nodeType": 9,
      "nodeValue": "",
      "xmlVersion": ""
   }
}
[7.244][DEBUG]: DEVTOOLS RESPONSE Runtime.enable (id=3) {

}
[7.246][DEBUG]: DEVTOOLS RESPONSE Page.enable (id=4) {

}
[7.247][DEBUG]: DEVTOOLS RESPONSE Page.enable (id=5) {

}
[7.247][DEBUG]: DEVTOOLS COMMAND Page.enable (id=6) {

}
[7.294][DEBUG]: DEVTOOLS EVENT Page.lifecycleEvent {
   "frameId": "(436DF4B939D9C8A1DFCD957653E0D44D)",
   "name": "commit",
   "timestamp": 71.981918
}
[7.294][DEBUG]: DEVTOOLS EVENT Page.frameNavigated {
   "frame": {
      "id": "(436DF4B939D9C8A1DFCD957653E0D44D)",
      "loaderId": "44.1",
      "mimeType": "text/plain",
      "securityOrigin": "://",
      "url": "data:,"
   }
}
[7.294][DEBUG]: DEVTOOLS EVENT DOM.documentUpdated {

}
[7.294][DEBUG]: DEVTOOLS COMMAND DOM.getDocument (id=7) {

}
[7.301][DEBUG]: DEVTOOLS EVENT Runtime.executionContextCreated {
   "context": {
      "auxData": {
         "frameId": "(436DF4B939D9C8A1DFCD957653E0D44D)",
         "isDefault": true
      },
      "id": 1,
      "name": "",
      "origin": "://"
   }
}
[7.301][DEBUG]: DEVTOOLS RESPONSE Page.enable (id=6) {

}
[7.304][DEBUG]: DEVTOOLS RESPONSE DOM.getDocument (id=7) {
   "root": {
      "backendNodeId": 5,
      "baseURL": "data:,",
      "childNodeCount": 1,
      "children": [ {
         "attributes": [  ],
         "backendNodeId": 6,
         "childNodeCount": 2,
         "children": [ {
            "attributes": [  ],
            "backendNodeId": 7,
            "childNodeCount": 0,
            "localName": "head",
            "nodeId": 7,
            "nodeName": "HEAD",
            "nodeType": 1,
            "nodeValue": "",
            "parentId": 6
         }, {
            "attributes": [  ],
            "backendNodeId": 8,
            "childNodeCount": 1,
            "localName": "body",
            "nodeId": 8,
            "nodeName": "BODY",
            "nodeType": 1,
            "nodeValue": "",
            "parentId": 6
         } ],
         "frameId": "(436DF4B939D9C8A1DFCD957653E0D44D)",
         "localName": "html",
         "nodeId": 6,
         "nodeName": "HTML",
         "nodeType": 1,
         "nodeValue": "",
         "parentId": 5
      } ],
      "documentURL": "data:,",
      "localName": "",
      "nodeId": 5,
      "nodeName": "#document",
      "nodeType": 9,
      "nodeValue": "",
      "xmlVersion": ""
   }
}
[7.304][DEBUG]: DEVTOOLS COMMAND Runtime.enable (id=8) {

}
[7.312][DEBUG]: DEVTOOLS EVENT Page.loadEventFired {
   "timestamp": 72.027086
}
[7.312][DEBUG]: DEVTOOLS EVENT Page.lifecycleEvent {
   "frameId": "(436DF4B939D9C8A1DFCD957653E0D44D)",
   "name": "load",
   "timestamp": 72.027086
}
[7.312][DEBUG]: DEVTOOLS EVENT Page.frameStoppedLoading {
   "frameId": "(436DF4B939D9C8A1DFCD957653E0D44D)"
}
[7.312][DEBUG]: DEVTOOLS EVENT Page.domContentEventFired {
   "timestamp": 72.033498
}
[7.312][DEBUG]: DEVTOOLS EVENT Page.lifecycleEvent {
   "frameId": "(436DF4B939D9C8A1DFCD957653E0D44D)",
   "name": "DOMContentLoaded",
   "timestamp": 72.033498
}
[7.312][DEBUG]: DEVTOOLS EVENT DOM.documentUpdated {

}
[7.312][DEBUG]: DEVTOOLS COMMAND DOM.getDocument (id=9) {

}
[7.361][DEBUG]: DEVTOOLS RESPONSE Runtime.enable (id=8) {

}
[7.361][DEBUG]: DEVTOOLS RESPONSE DOM.getDocument (id=9) {
   "root": {
      "backendNodeId": 5,
      "baseURL": "data:,",
      "childNodeCount": 1,
      "children": [ {
         "attributes": [  ],
         "backendNodeId": 6,
         "childNodeCount": 2,
         "children": [ {
            "attributes": [  ],
            "backendNodeId": 7,
            "childNodeCount": 0,
            "localName": "head",
            "nodeId": 11,
            "nodeName": "HEAD",
            "nodeType": 1,
            "nodeValue": "",
            "parentId": 10
         }, {
            "attributes": [  ],
            "backendNodeId": 8,
            "childNodeCount": 1,
            "localName": "body",
            "nodeId": 12,
            "nodeName": "BODY",
            "nodeType": 1,
            "nodeValue": "",
            "parentId": 10
         } ],
         "frameId": "(436DF4B939D9C8A1DFCD957653E0D44D)",
         "localName": "html",
         "nodeId": 10,
         "nodeName": "HTML",
         "nodeType": 1,
         "nodeValue": "",
         "parentId": 9
      } ],
      "documentURL": "data:,",
      "localName": "",
      "nodeId": 9,
      "nodeName": "#document",
      "nodeType": 9,
      "nodeValue": "",
      "xmlVersion": ""
   }
}
[7.361][DEBUG]: DEVTOOLS COMMAND Runtime.evaluate (id=10) {
   "expression": "(function() { // Copyright (c) 2012 The Chromium Authors. All rights reserved.\n// Use of this source code is governed by a BSD-style license that can be\n// found in the LICENSE file.\n\n/**\n * Enum f...",
   "returnByValue": true
}
[7.380][DEBUG]: DEVTOOLS RESPONSE Runtime.evaluate (id=10) {
   "result": {
      "type": "object",
      "value": {
         "status": 0,
         "value": 1
      }
   }
}
[7.380][INFO]: RESPONSE InitSession {
   "acceptSslCerts": true,
   "applicationCacheEnabled": false,
   "browserConnectionEnabled": false,
   "browserName": "chrome",
   "chrome": {
      "chromedriverVersion": "2.33.506092 (733a02544d189eeb751fe0d7ddca79a0ee28cce4)",
      "userDataDir": "/tmp/.org.chromium.Chromium.cqDR1C"
   },
   "cssSelectorsEnabled": true,
   "databaseEnabled": false,
   "handlesAlerts": true,
   "hasTouchScreen": false,
   "javascriptEnabled": true,
   "locationContextEnabled": true,
   "mobileEmulationEnabled": false,
   "nativeEvents": true,
   "networkConnectionEnabled": false,
   "pageLoadStrategy": "normal",
   "platform": "Linux",
   "rotatable": false,
   "setWindowRect": true,
   "takesHeapSnapshot": true,
   "~~~": "..."
}
[7.459][INFO]: COMMAND SetTimeout {
   "script": 11000
}
[7.461][INFO]: RESPONSE SetTimeout unknown error: 'ms' must be a double
  (Session info: chrome=63.0.3239.84)
[7.510][INFO]: COMMAND SetTimeout {
   "ms": 11000,
   "type": "script"
}
[7.510][INFO]: RESPONSE SetTimeout
[7.799][INFO]: COMMAND SetTimeout {
   "pageLoad": 30000
}
[7.801][INFO]: RESPONSE SetTimeout unknown error: 'ms' must be a double
  (Session info: chrome=63.0.3239.84)
[7.818][INFO]: COMMAND SetTimeout {
   "ms": 30000,
   "type": "page load"
}
[7.818][INFO]: RESPONSE SetTimeout
[7.838][INFO]: COMMAND Navigate {
   "url": "data:/,"
}
[7.838][INFO]: Waiting for pending navigations...
[7.838][DEBUG]: DEVTOOLS COMMAND Runtime.evaluate (id=11) {
   "expression": "1"
}
[7.839][DEBUG]: DEVTOOLS RESPONSE Runtime.evaluate (id=11) {
   "result": {
      "description": "1",
      "type": "number",
      "value": 1
   }
}
[7.839][INFO]: Done waiting for pending navigations. Status: ok
[7.840][DEBUG]: DEVTOOLS COMMAND Page.navigate (id=12) {
   "url": "data:/,"
}
[7.842][DEBUG]: DEVTOOLS EVENT Page.frameStartedLoading {
   "frameId": "(436DF4B939D9C8A1DFCD957653E0D44D)"
}
[7.861][DEBUG]: DEVTOOLS EVENT Runtime.executionContextDestroyed {
   "executionContextId": 1
}
[7.861][DEBUG]: DEVTOOLS EVENT Runtime.executionContextsCleared {

}
[7.861][DEBUG]: DEVTOOLS EVENT Page.lifecycleEvent {
   "frameId": "(436DF4B939D9C8A1DFCD957653E0D44D)",
   "name": "commit",
   "timestamp": 72.563785
}
[7.861][DEBUG]: DEVTOOLS EVENT Page.frameNavigated {
   "frame": {
      "id": "(436DF4B939D9C8A1DFCD957653E0D44D)",
      "loaderId": "44.2",
      "mimeType": "text/plain",
      "securityOrigin": "://",
      "url": "data:/,"
   }
}
[7.861][DEBUG]: DEVTOOLS EVENT Runtime.executionContextCreated {
   "context": {
      "auxData": {
         "frameId": "(436DF4B939D9C8A1DFCD957653E0D44D)",
         "isDefault": true
      },
      "id": 3,
      "name": "",
      "origin": "://"
   }
}
[7.862][DEBUG]: DEVTOOLS EVENT DOM.documentUpdated {

}
[7.862][DEBUG]: DEVTOOLS COMMAND DOM.getDocument (id=13) {

}
[7.862][DEBUG]: DEVTOOLS RESPONSE Page.navigate (id=12) {
   "frameId": "(436DF4B939D9C8A1DFCD957653E0D44D)"
}
[7.865][DEBUG]: DEVTOOLS EVENT Page.loadEventFired {
   "timestamp": 72.570487
}
[7.865][DEBUG]: DEVTOOLS EVENT Page.lifecycleEvent {
   "frameId": "(436DF4B939D9C8A1DFCD957653E0D44D)",
   "name": "load",
   "timestamp": 72.570487
}
[7.865][DEBUG]: DEVTOOLS EVENT Page.frameStoppedLoading {
   "frameId": "(436DF4B939D9C8A1DFCD957653E0D44D)"
}
[7.865][DEBUG]: DEVTOOLS EVENT Page.domContentEventFired {
   "timestamp": 72.570804
}
[7.865][DEBUG]: DEVTOOLS EVENT Page.lifecycleEvent {
   "frameId": "(436DF4B939D9C8A1DFCD957653E0D44D)",
   "name": "DOMContentLoaded",
   "timestamp": 72.570804
}
[7.866][DEBUG]: DEVTOOLS EVENT DOM.documentUpdated {

}
[7.866][DEBUG]: DEVTOOLS COMMAND DOM.getDocument (id=14) {

}
[7.878][DEBUG]: DEVTOOLS RESPONSE DOM.getDocument (id=13) {
   "root": {
      "backendNodeId": 10,
      "baseURL": "data:/,",
      "childNodeCount": 1,
      "children": [ {
         "attributes": [  ],
         "backendNodeId": 11,
         "childNodeCount": 2,
         "children": [ {
            "attributes": [  ],
            "backendNodeId": 12,
            "childNodeCount": 0,
            "localName": "head",
            "nodeId": 15,
            "nodeName": "HEAD",
            "nodeType": 1,
            "nodeValue": "",
            "parentId": 14
         }, {
            "attributes": [  ],
            "backendNodeId": 13,
            "childNodeCount": 1,
            "localName": "body",
            "nodeId": 16,
            "nodeName": "BODY",
            "nodeType": 1,
            "nodeValue": "",
            "parentId": 14
         } ],
         "frameId": "(436DF4B939D9C8A1DFCD957653E0D44D)",
         "localName": "html",
         "nodeId": 14,
         "nodeName": "HTML",
         "nodeType": 1,
         "nodeValue": "",
         "parentId": 13
      } ],
      "documentURL": "data:/,",
      "localName": "",
      "nodeId": 13,
      "nodeName": "#document",
      "nodeType": 9,
      "nodeValue": "",
      "xmlVersion": ""
   }
}
[7.879][DEBUG]: DEVTOOLS RESPONSE DOM.getDocument (id=14) {
   "root": {
      "backendNodeId": 10,
      "baseURL": "data:/,",
      "childNodeCount": 1,
      "children": [ {
         "attributes": [  ],
         "backendNodeId": 11,
         "childNodeCount": 2,
         "children": [ {
            "attributes": [  ],
            "backendNodeId": 12,
            "childNodeCount": 0,
            "localName": "head",
            "nodeId": 19,
            "nodeName": "HEAD",
            "nodeType": 1,
            "nodeValue": "",
            "parentId": 18
         }, {
            "attributes": [  ],
            "backendNodeId": 13,
            "childNodeCount": 1,
            "localName": "body",
            "nodeId": 20,
            "nodeName": "BODY",
            "nodeType": 1,
            "nodeValue": "",
            "parentId": 18
         } ],
         "frameId": "(436DF4B939D9C8A1DFCD957653E0D44D)",
         "localName": "html",
         "nodeId": 18,
         "nodeName": "HTML",
         "nodeType": 1,
         "nodeValue": "",
         "parentId": 17
      } ],
      "documentURL": "data:/,",
      "localName": "",
      "nodeId": 17,
      "nodeName": "#document",
      "nodeType": 9,
      "nodeValue": "",
      "xmlVersion": ""
   }
}
[7.879][INFO]: Waiting for pending navigations...
[7.879][DEBUG]: DEVTOOLS COMMAND Runtime.evaluate (id=15) {
   "expression": "1"
}
[7.882][DEBUG]: DEVTOOLS RESPONSE Runtime.evaluate (id=15) {
   "result": {
      "description": "1",
      "type": "number",
      "value": 1
   }
}
[7.882][INFO]: Done waiting for pending navigations. Status: ok
[7.882][INFO]: RESPONSE Navigate
[7.900][INFO]: COMMAND ExecuteScript {
   "args": [ "protractor_sync-test-area", {
      "innerHtml": "\u003Cspan class=\"element-does-exist\">\u003C/span>"
   } ],
   "script": "return (function (id, _options) {\n        var existing = document.querySelector('#' + id);\n        if (existing) {\n            existing.parentNode.removeChild(existing);\n        }\n        var testA..."
}
[7.900][INFO]: Waiting for pending navigations...
[7.900][DEBUG]: DEVTOOLS COMMAND Runtime.evaluate (id=16) {
   "expression": "1"
}
[7.931][DEBUG]: DEVTOOLS RESPONSE Runtime.evaluate (id=16) {
   "result": {
      "description": "1",
      "type": "number",
      "value": 1
   }
}
[7.931][INFO]: Done waiting for pending navigations. Status: ok
[7.931][DEBUG]: DEVTOOLS COMMAND Runtime.evaluate (id=17) {
   "expression": "(function() { // Copyright (c) 2012 The Chromium Authors. All rights reserved.\n// Use of this source code is governed by a BSD-style license that can be\n// found in the LICENSE file.\n\n/**\n * Enum f...",
   "returnByValue": true
}
[7.980][DEBUG]: DEVTOOLS EVENT DOM.childNodeCountUpdated {
   "childNodeCount": 2,
   "nodeId": 20
}
[7.980][DEBUG]: DEVTOOLS RESPONSE Runtime.evaluate (id=17) {
   "result": {
      "type": "object",
      "value": {
         "status": 0,
         "value": null
      }
   }
}
[7.980][INFO]: Waiting for pending navigations...
[7.980][DEBUG]: DEVTOOLS COMMAND Runtime.evaluate (id=18) {
   "expression": "1"
}
[7.981][DEBUG]: DEVTOOLS RESPONSE Runtime.evaluate (id=18) {
   "result": {
      "description": "1",
      "type": "number",
      "value": 1
   }
}
[7.981][INFO]: Done waiting for pending navigations. Status: ok
[7.981][INFO]: RESPONSE ExecuteScript null
[7.989][INFO]: COMMAND FindElements {
   "using": "css selector",
   "value": "#protractor_sync-test-area"
}
[7.989][INFO]: Waiting for pending navigations...
[7.989][DEBUG]: DEVTOOLS COMMAND Runtime.evaluate (id=19) {
   "expression": "1"
}
[7.989][DEBUG]: DEVTOOLS RESPONSE Runtime.evaluate (id=19) {
   "result": {
      "description": "1",
      "type": "number",
      "value": 1
   }
}
[7.989][INFO]: Done waiting for pending navigations. Status: ok
[7.992][DEBUG]: DEVTOOLS COMMAND Runtime.evaluate (id=20) {
   "expression": "(function() { // Copyright (c) 2012 The Chromium Authors. All rights reserved.\n// Use of this source code is governed by a BSD-style license that can be\n// found in the LICENSE file.\n\n/**\n * Enum f...",
   "returnByValue": true
}
[8.018][DEBUG]: DEVTOOLS RESPONSE Runtime.evaluate (id=20) {
   "result": {
      "type": "object",
      "value": {
         "status": 0,
         "value": [ {
            "ELEMENT": "0.46126974641549845-1"
         } ]
      }
   }
}
[8.018][INFO]: Waiting for pending navigations...
[8.018][DEBUG]: DEVTOOLS COMMAND Runtime.evaluate (id=21) {
   "expression": "1"
}
[8.019][DEBUG]: DEVTOOLS RESPONSE Runtime.evaluate (id=21) {
   "result": {
      "description": "1",
      "type": "number",
      "value": 1
   }
}
[8.019][INFO]: Done waiting for pending navigations. Status: ok
[8.019][INFO]: RESPONSE FindElements [ {
   "ELEMENT": "0.46126974641549845-1"
} ]
[8.045][INFO]: COMMAND FindChildElements {
   "id": "0.46126974641549845-1",
   "using": "css selector",
   "value": ".element-does-exist"
}
[8.045][INFO]: Waiting for pending navigations...
[8.045][DEBUG]: DEVTOOLS COMMAND Runtime.evaluate (id=22) {
   "expression": "1"
}
[8.050][DEBUG]: DEVTOOLS RESPONSE Runtime.evaluate (id=22) {
   "result": {
      "description": "1",
      "type": "number",
      "value": 1
   }
}
[8.050][INFO]: Done waiting for pending navigations. Status: ok
[8.053][DEBUG]: DEVTOOLS COMMAND Runtime.evaluate (id=23) {
   "expression": "(function() { // Copyright (c) 2012 The Chromium Authors. All rights reserved.\n// Use of this source code is governed by a BSD-style license that can be\n// found in the LICENSE file.\n\n/**\n * Enum f...",
   "returnByValue": true
}
[8.070][DEBUG]: DEVTOOLS RESPONSE Runtime.evaluate (id=23) {
   "result": {
      "type": "object",
      "value": {
         "status": 0,
         "value": [ {
            "ELEMENT": "0.46126974641549845-2"
         } ]
      }
   }
}
[8.070][INFO]: Waiting for pending navigations...
[8.070][DEBUG]: DEVTOOLS COMMAND Runtime.evaluate (id=24) {
   "expression": "1"
}
[8.070][DEBUG]: DEVTOOLS RESPONSE Runtime.evaluate (id=24) {
   "result": {
      "description": "1",
      "type": "number",
      "value": 1
   }
}
[8.070][INFO]: Done waiting for pending navigations. Status: ok
[8.070][INFO]: RESPONSE FindChildElements [ {
   "ELEMENT": "0.46126974641549845-2"
} ]
[8.087][INFO]: COMMAND FindChildElements {
   "id": "0.46126974641549845-1",
   "using": "css selector",
   "value": ".element-does-exist"
}
[8.087][INFO]: Waiting for pending navigations...
[8.087][DEBUG]: DEVTOOLS COMMAND Runtime.evaluate (id=25) {
   "expression": "1"
}
[8.088][DEBUG]: DEVTOOLS RESPONSE Runtime.evaluate (id=25) {
   "result": {
      "description": "1",
      "type": "number",
      "value": 1
   }
}
[8.088][INFO]: Done waiting for pending navigations. Status: ok
[8.090][DEBUG]: DEVTOOLS COMMAND Runtime.evaluate (id=26) {
   "expression": "(function() { // Copyright (c) 2012 The Chromium Authors. All rights reserved.\n// Use of this source code is governed by a BSD-style license that can be\n// found in the LICENSE file.\n\n/**\n * Enum f...",
   "returnByValue": true
}
[8.093][DEBUG]: DEVTOOLS RESPONSE Runtime.evaluate (id=26) {
   "result": {
      "type": "object",
      "value": {
         "status": 0,
         "value": [ {
            "ELEMENT": "0.46126974641549845-2"
         } ]
      }
   }
}
[8.093][INFO]: Waiting for pending navigations...
[8.093][DEBUG]: DEVTOOLS COMMAND Runtime.evaluate (id=27) {
   "expression": "1"
}
[8.094][DEBUG]: DEVTOOLS RESPONSE Runtime.evaluate (id=27) {
   "result": {
      "description": "1",
      "type": "number",
      "value": 1
   }
}
[8.094][INFO]: Done waiting for pending navigations. Status: ok
[8.094][INFO]: RESPONSE FindChildElements [ {
   "ELEMENT": "0.46126974641549845-2"
} ]
[8.108][INFO]: COMMAND FindChildElements {
   "id": "0.46126974641549845-1",
   "using": "css selector",
   "value": ".element-does-exist"
}
[8.108][INFO]: Waiting for pending navigations...
[8.108][DEBUG]: DEVTOOLS COMMAND Runtime.evaluate (id=28) {
   "expression": "1"
}
[8.109][DEBUG]: DEVTOOLS RESPONSE Runtime.evaluate (id=28) {
   "result": {
      "description": "1",
      "type": "number",
      "value": 1
   }
}
[8.109][INFO]: Done waiting for pending navigations. Status: ok
[8.112][DEBUG]: DEVTOOLS COMMAND Runtime.evaluate (id=29) {
   "expression": "(function() { // Copyright (c) 2012 The Chromium Authors. All rights reserved.\n// Use of this source code is governed by a BSD-style license that can be\n// found in the LICENSE file.\n\n/**\n * Enum f...",
   "returnByValue": true
}
[8.115][DEBUG]: DEVTOOLS RESPONSE Runtime.evaluate (id=29) {
   "result": {
      "type": "object",
      "value": {
         "status": 0,
         "value": [ {
            "ELEMENT": "0.46126974641549845-2"
         } ]
      }
   }
}
[8.115][INFO]: Waiting for pending navigations...
[8.115][DEBUG]: DEVTOOLS COMMAND Runtime.evaluate (id=30) {
   "expression": "1"
}
[8.116][DEBUG]: DEVTOOLS RESPONSE Runtime.evaluate (id=30) {
   "result": {
      "description": "1",
      "type": "number",
      "value": 1
   }
}
[8.116][INFO]: Done waiting for pending navigations. Status: ok
[8.116][INFO]: RESPONSE FindChildElements [ {
   "ELEMENT": "0.46126974641549845-2"
} ]
[8.130][INFO]: COMMAND FindChildElements {
   "id": "0.46126974641549845-1",
   "using": "css selector",
   "value": ".element-does-exist"
}
[8.130][INFO]: Waiting for pending navigations...
[8.130][DEBUG]: DEVTOOLS COMMAND Runtime.evaluate (id=31) {
   "expression": "1"
}
[8.131][DEBUG]: DEVTOOLS RESPONSE Runtime.evaluate (id=31) {
   "result": {
      "description": "1",
      "type": "number",
      "value": 1
   }
}
[8.131][INFO]: Done waiting for pending navigations. Status: ok
[8.133][DEBUG]: DEVTOOLS COMMAND Runtime.evaluate (id=32) {
   "expression": "(function() { // Copyright (c) 2012 The Chromium Authors. All rights reserved.\n// Use of this source code is governed by a BSD-style license that can be\n// found in the LICENSE file.\n\n/**\n * Enum f...",
   "returnByValue": true
}
[8.137][DEBUG]: DEVTOOLS RESPONSE Runtime.evaluate (id=32) {
   "result": {
      "type": "object",
      "value": {
         "status": 0,
         "value": [ {
            "ELEMENT": "0.46126974641549845-2"
         } ]
      }
   }
}
[8.137][INFO]: Waiting for pending navigations...
[8.137][DEBUG]: DEVTOOLS COMMAND Runtime.evaluate (id=33) {
   "expression": "1"
}
[8.137][DEBUG]: DEVTOOLS RESPONSE Runtime.evaluate (id=33) {
   "result": {
      "description": "1",
      "type": "number",
      "value": 1
   }
}
[8.137][INFO]: Done waiting for pending navigations. Status: ok
[8.137][INFO]: RESPONSE FindChildElements [ {
   "ELEMENT": "0.46126974641549845-2"
} ]
[8.156][INFO]: COMMAND FindChildElements {
   "id": "0.46126974641549845-1",
   "using": "css selector",
   "value": ".element-does-exist"
}
[8.156][INFO]: Waiting for pending navigations...
[8.156][DEBUG]: DEVTOOLS COMMAND Runtime.evaluate (id=34) {
   "expression": "1"
}
[8.157][DEBUG]: DEVTOOLS RESPONSE Runtime.evaluate (id=34) {
   "result": {
      "description": "1",
      "type": "number",
      "value": 1
   }
}
[8.157][INFO]: Done waiting for pending navigations. Status: ok
[8.159][DEBUG]: DEVTOOLS COMMAND Runtime.evaluate (id=35) {
   "expression": "(function() { // Copyright (c) 2012 The Chromium Authors. All rights reserved.\n// Use of this source code is governed by a BSD-style license that can be\n// found in the LICENSE file.\n\n/**\n * Enum f...",
   "returnByValue": true
}
[8.167][DEBUG]: DEVTOOLS RESPONSE Runtime.evaluate (id=35) {
   "result": {
      "type": "object",
      "value": {
         "status": 0,
         "value": [ {
            "ELEMENT": "0.46126974641549845-2"
         } ]
      }
   }
}
[8.167][INFO]: Waiting for pending navigations...
[8.167][DEBUG]: DEVTOOLS COMMAND Runtime.evaluate (id=36) {
   "expression": "1"
}
[8.169][DEBUG]: DEVTOOLS RESPONSE Runtime.evaluate (id=36) {
   "result": {
      "description": "1",
      "type": "number",
      "value": 1
   }
}
[8.169][INFO]: Done waiting for pending navigations. Status: ok
[8.169][INFO]: RESPONSE FindChildElements [ {
   "ELEMENT": "0.46126974641549845-2"
} ]
[8.186][INFO]: COMMAND FindChildElements {
   "id": "0.46126974641549845-1",
   "using": "css selector",
   "value": ".element-does-exist"
}
[8.186][INFO]: Waiting for pending navigations...
[8.186][DEBUG]: DEVTOOLS COMMAND Runtime.evaluate (id=37) {
   "expression": "1"
}
[8.187][DEBUG]: DEVTOOLS RESPONSE Runtime.evaluate (id=37) {
   "result": {
      "description": "1",
      "type": "number",
      "value": 1
   }
}
[8.187][INFO]: Done waiting for pending navigations. Status: ok
[8.190][DEBUG]: DEVTOOLS COMMAND Runtime.evaluate (id=38) {
   "expression": "(function() { // Copyright (c) 2012 The Chromium Authors. All rights reserved.\n// Use of this source code is governed by a BSD-style license that can be\n// found in the LICENSE file.\n\n/**\n * Enum f...",
   "returnByValue": true
}
[8.193][DEBUG]: DEVTOOLS RESPONSE Runtime.evaluate (id=38) {
   "result": {
      "type": "object",
      "value": {
         "status": 0,
         "value": [ {
            "ELEMENT": "0.46126974641549845-2"
         } ]
      }
   }
}
[8.193][INFO]: Waiting for pending navigations...
[8.194][DEBUG]: DEVTOOLS COMMAND Runtime.evaluate (id=39) {
   "expression": "1"
}
[8.194][DEBUG]: DEVTOOLS RESPONSE Runtime.evaluate (id=39) {
   "result": {
      "description": "1",
      "type": "number",
      "value": 1
   }
}
[8.194][INFO]: Done waiting for pending navigations. Status: ok
[8.194][INFO]: RESPONSE FindChildElements [ {
   "ELEMENT": "0.46126974641549845-2"
} ]
[8.210][INFO]: COMMAND FindChildElements {
   "id": "0.46126974641549845-1",
   "using": "css selector",
   "value": ".element-does-exist"
}
[8.210][INFO]: Waiting for pending navigations...
[8.210][DEBUG]: DEVTOOLS COMMAND Runtime.evaluate (id=40) {
   "expression": "1"
}
[8.211][DEBUG]: DEVTOOLS RESPONSE Runtime.evaluate (id=40) {
   "result": {
      "description": "1",
      "type": "number",
      "value": 1
   }
}
[8.211][INFO]: Done waiting for pending navigations. Status: ok
[8.212][DEBUG]: DEVTOOLS COMMAND Runtime.evaluate (id=41) {
   "expression": "(function() { // Copyright (c) 2012 The Chromium Authors. All rights reserved.\n// Use of this source code is governed by a BSD-style license that can be\n// found in the LICENSE file.\n\n/**\n * Enum f...",
   "returnByValue": true
}
[8.216][DEBUG]: DEVTOOLS RESPONSE Runtime.evaluate (id=41) {
   "result": {
      "type": "object",
      "value": {
         "status": 0,
         "value": [ {
            "ELEMENT": "0.46126974641549845-2"
         } ]
      }
   }
}
[8.216][INFO]: Waiting for pending navigations...
[8.216][DEBUG]: DEVTOOLS COMMAND Runtime.evaluate (id=42) {
   "expression": "1"
}
[8.217][DEBUG]: DEVTOOLS RESPONSE Runtime.evaluate (id=42) {
   "result": {
      "description": "1",
      "type": "number",
      "value": 1
   }
}
[8.217][INFO]: Done waiting for pending navigations. Status: ok
[8.217][INFO]: RESPONSE FindChildElements [ {
   "ELEMENT": "0.46126974641549845-2"
} ]
[8.229][INFO]: COMMAND FindChildElements {
   "id": "0.46126974641549845-1",
   "using": "css selector",
   "value": ".element-does-exist"
}
[8.229][INFO]: Waiting for pending navigations...
[8.229][DEBUG]: DEVTOOLS COMMAND Runtime.evaluate (id=43) {
   "expression": "1"
}
[8.235][DEBUG]: DEVTOOLS RESPONSE Runtime.evaluate (id=43) {
   "result": {
      "description": "1",
      "type": "number",
      "value": 1
   }
}
[8.235][INFO]: Done waiting for pending navigations. Status: ok
[8.237][DEBUG]: DEVTOOLS COMMAND Runtime.evaluate (id=44) {
   "expression": "(function() { // Copyright (c) 2012 The Chromium Authors. All rights reserved.\n// Use of this source code is governed by a BSD-style license that can be\n// found in the LICENSE file.\n\n/**\n * Enum f...",
   "returnByValue": true
}
[8.242][DEBUG]: DEVTOOLS RESPONSE Runtime.evaluate (id=44) {
   "result": {
      "type": "object",
      "value": {
         "status": 0,
         "value": [ {
            "ELEMENT": "0.46126974641549845-2"
         } ]
      }
   }
}
[8.242][INFO]: Waiting for pending navigations...
[8.242][DEBUG]: DEVTOOLS COMMAND Runtime.evaluate (id=45) {
   "expression": "1"
}
[8.243][DEBUG]: DEVTOOLS RESPONSE Runtime.evaluate (id=45) {
   "result": {
      "description": "1",
      "type": "number",
      "value": 1
   }
}
[8.243][INFO]: Done waiting for pending navigations. Status: ok
[8.243][INFO]: RESPONSE FindChildElements [ {
   "ELEMENT": "0.46126974641549845-2"
} ]
[8.259][INFO]: COMMAND FindChildElements {
   "id": "0.46126974641549845-1",
   "using": "css selector",
   "value": ".element-does-exist"
}
[8.259][INFO]: Waiting for pending navigations...
[8.259][DEBUG]: DEVTOOLS COMMAND Runtime.evaluate (id=46) {
   "expression": "1"
}
[8.260][DEBUG]: DEVTOOLS RESPONSE Runtime.evaluate (id=46) {
   "result": {
      "description": "1",
      "type": "number",
      "value": 1
   }
}
[8.260][INFO]: Done waiting for pending navigations. Status: ok
[8.262][DEBUG]: DEVTOOLS COMMAND Runtime.evaluate (id=47) {
   "expression": "(function() { // Copyright (c) 2012 The Chromium Authors. All rights reserved.\n// Use of this source code is governed by a BSD-style license that can be\n// found in the LICENSE file.\n\n/**\n * Enum f...",
   "returnByValue": true
}
[8.266][DEBUG]: DEVTOOLS RESPONSE Runtime.evaluate (id=47) {
   "result": {
      "type": "object",
      "value": {
         "status": 0,
         "value": [ {
            "ELEMENT": "0.46126974641549845-2"
         } ]
      }
   }
}
[8.266][INFO]: Waiting for pending navigations...
[8.266][DEBUG]: DEVTOOLS COMMAND Runtime.evaluate (id=48) {
   "expression": "1"
}
[8.267][DEBUG]: DEVTOOLS RESPONSE Runtime.evaluate (id=48) {
   "result": {
      "description": "1",
      "type": "number",
      "value": 1
   }
}
[8.267][INFO]: Done waiting for pending navigations. Status: ok
[8.267][INFO]: RESPONSE FindChildElements [ {
   "ELEMENT": "0.46126974641549845-2"
} ]
[8.282][INFO]: COMMAND FindChildElements {
   "id": "0.46126974641549845-1",
   "using": "css selector",
   "value": ".element-does-exist"
}
[8.282][INFO]: Waiting for pending navigations...
[8.282][DEBUG]: DEVTOOLS COMMAND Runtime.evaluate (id=49) {
   "expression": "1"
}
[8.283][DEBUG]: DEVTOOLS RESPONSE Runtime.evaluate (id=49) {
   "result": {
      "description": "1",
      "type": "number",
      "value": 1
   }
}
[8.283][INFO]: Done waiting for pending navigations. Status: ok
[8.284][DEBUG]: DEVTOOLS COMMAND Runtime.evaluate (id=50) {
   "expression": "(function() { // Copyright (c) 2012 The Chromium Authors. All rights reserved.\n// Use of this source code is governed by a BSD-style license that can be\n// found in the LICENSE file.\n\n/**\n * Enum f...",
   "returnByValue": true
}
[8.292][DEBUG]: DEVTOOLS RESPONSE Runtime.evaluate (id=50) {
   "result": {
      "type": "object",
      "value": {
         "status": 0,
         "value": [ {
            "ELEMENT": "0.46126974641549845-2"
         } ]
      }
   }
}
[8.292][INFO]: Waiting for pending navigations...
[8.292][DEBUG]: DEVTOOLS COMMAND Runtime.evaluate (id=51) {
   "expression": "1"
}
[8.292][DEBUG]: DEVTOOLS RESPONSE Runtime.evaluate (id=51) {
   "result": {
      "description": "1",
      "type": "number",
      "value": 1
   }
}
[8.293][INFO]: Done waiting for pending navigations. Status: ok
[8.293][INFO]: RESPONSE FindChildElements [ {
   "ELEMENT": "0.46126974641549845-2"
} ]
[8.308][INFO]: COMMAND FindChildElements {
   "id": "0.46126974641549845-1",
   "using": "css selector",
   "value": ".element-does-exist"
}
[8.308][INFO]: Waiting for pending navigations...
[8.308][DEBUG]: DEVTOOLS COMMAND Runtime.evaluate (id=52) {
   "expression": "1"
}
[8.309][DEBUG]: DEVTOOLS RESPONSE Runtime.evaluate (id=52) {
   "result": {
      "description": "1",
      "type": "number",
      "value": 1
   }
}
[8.309][INFO]: Done waiting for pending navigations. Status: ok
[8.311][DEBUG]: DEVTOOLS COMMAND Runtime.evaluate (id=53) {
   "expression": "(function() { // Copyright (c) 2012 The Chromium Authors. All rights reserved.\n// Use of this source code is governed by a BSD-style license that can be\n// found in the LICENSE file.\n\n/**\n * Enum f...",
   "returnByValue": true
}
[8.314][DEBUG]: DEVTOOLS RESPONSE Runtime.evaluate (id=53) {
   "result": {
      "type": "object",
      "value": {
         "status": 0,
         "value": [ {
            "ELEMENT": "0.46126974641549845-2"
         } ]
      }
   }
}
[8.314][INFO]: Waiting for pending navigations...
[8.314][DEBUG]: DEVTOOLS COMMAND Runtime.evaluate (id=54) {
   "expression": "1"
}
[8.315][DEBUG]: DEVTOOLS RESPONSE Runtime.evaluate (id=54) {
   "result": {
      "description": "1",
      "type": "number",
      "value": 1
   }
}
[8.315][INFO]: Done waiting for pending navigations. Status: ok
[8.315][INFO]: RESPONSE FindChildElements [ {
   "ELEMENT": "0.46126974641549845-2"
} ]
[8.328][INFO]: COMMAND FindChildElements {
   "id": "0.46126974641549845-1",
   "using": "css selector",
   "value": ".element-does-exist"
}
[8.328][INFO]: Waiting for pending navigations...
[8.328][DEBUG]: DEVTOOLS COMMAND Runtime.evaluate (id=55) {
   "expression": "1"
}
[8.329][DEBUG]: DEVTOOLS RESPONSE Runtime.evaluate (id=55) {
   "result": {
      "description": "1",
      "type": "number",
      "value": 1
   }
}
[8.329][INFO]: Done waiting for pending navigations. Status: ok
[8.330][DEBUG]: DEVTOOLS COMMAND Runtime.evaluate (id=56) {
   "expression": "(function() { // Copyright (c) 2012 The Chromium Authors. All rights reserved.\n// Use of this source code is governed by a BSD-style license that can be\n// found in the LICENSE file.\n\n/**\n * Enum f...",
   "returnByValue": true
}
[8.334][DEBUG]: DEVTOOLS RESPONSE Runtime.evaluate (id=56) {
   "result": {
      "type": "object",
      "value": {
         "status": 0,
         "value": [ {
            "ELEMENT": "0.46126974641549845-2"
         } ]
      }
   }
}
[8.334][INFO]: Waiting for pending navigations...
[8.334][DEBUG]: DEVTOOLS COMMAND Runtime.evaluate (id=57) {
   "expression": "1"
}
[8.334][DEBUG]: DEVTOOLS RESPONSE Runtime.evaluate (id=57) {
   "result": {
      "description": "1",
      "type": "number",
      "value": 1
   }
}
[8.334][INFO]: Done waiting for pending navigations. Status: ok
[8.334][INFO]: RESPONSE FindChildElements [ {
   "ELEMENT": "0.46126974641549845-2"
} ]
[8.349][INFO]: COMMAND FindChildElements {
   "id": "0.46126974641549845-1",
   "using": "css selector",
   "value": ".element-does-exist"
}
[8.349][INFO]: Waiting for pending navigations...
[8.349][DEBUG]: DEVTOOLS COMMAND Runtime.evaluate (id=58) {
   "expression": "1"
}
[8.350][DEBUG]: DEVTOOLS RESPONSE Runtime.evaluate (id=58) {
   "result": {
      "description": "1",
      "type": "number",
      "value": 1
   }
}
[8.350][INFO]: Done waiting for pending navigations. Status: ok
[8.352][DEBUG]: DEVTOOLS COMMAND Runtime.evaluate (id=59) {
   "expression": "(function() { // Copyright (c) 2012 The Chromium Authors. All rights reserved.\n// Use of this source code is governed by a BSD-style license that can be\n// found in the LICENSE file.\n\n/**\n * Enum f...",
   "returnByValue": true
}
[8.357][DEBUG]: DEVTOOLS RESPONSE Runtime.evaluate (id=59) {
   "result": {
      "type": "object",
      "value": {
         "status": 0,
         "value": [ {
            "ELEMENT": "0.46126974641549845-2"
         } ]
      }
   }
}
[8.357][INFO]: Waiting for pending navigations...
[8.357][DEBUG]: DEVTOOLS COMMAND Runtime.evaluate (id=60) {
   "expression": "1"
}
[8.361][DEBUG]: DEVTOOLS RESPONSE Runtime.evaluate (id=60) {
   "result": {
      "description": "1",
      "type": "number",
      "value": 1
   }
}
[8.361][INFO]: Done waiting for pending navigations. Status: ok
[8.361][INFO]: RESPONSE FindChildElements [ {
   "ELEMENT": "0.46126974641549845-2"
} ]
[8.378][INFO]: COMMAND FindChildElements {
   "id": "0.46126974641549845-1",
   "using": "css selector",
   "value": ".element-does-exist"
}
[8.378][INFO]: Waiting for pending navigations...
[8.378][DEBUG]: DEVTOOLS COMMAND Runtime.evaluate (id=61) {
   "expression": "1"
}
[8.379][DEBUG]: DEVTOOLS RESPONSE Runtime.evaluate (id=61) {
   "result": {
      "description": "1",
      "type": "number",
      "value": 1
   }
}
[8.379][INFO]: Done waiting for pending navigations. Status: ok
[8.381][DEBUG]: DEVTOOLS COMMAND Runtime.evaluate (id=62) {
   "expression": "(function() { // Copyright (c) 2012 The Chromium Authors. All rights reserved.\n// Use of this source code is governed by a BSD-style license that can be\n// found in the LICENSE file.\n\n/**\n * Enum f...",
   "returnByValue": true
}
[8.386][DEBUG]: DEVTOOLS RESPONSE Runtime.evaluate (id=62) {
   "result": {
      "type": "object",
      "value": {
         "status": 0,
         "value": [ {
            "ELEMENT": "0.46126974641549845-2"
         } ]
      }
   }
}
[8.386][INFO]: Waiting for pending navigations...
[8.386][DEBUG]: DEVTOOLS COMMAND Runtime.evaluate (id=63) {
   "expression": "1"
}
[8.387][DEBUG]: DEVTOOLS RESPONSE Runtime.evaluate (id=63) {
   "result": {
      "description": "1",
      "type": "number",
      "value": 1
   }
}
[8.387][INFO]: Done waiting for pending navigations. Status: ok
[8.387][INFO]: RESPONSE FindChildElements [ {
   "ELEMENT": "0.46126974641549845-2"
} ]
[8.402][INFO]: COMMAND FindChildElements {
   "id": "0.46126974641549845-1",
   "using": "css selector",
   "value": ".element-does-exist"
}
[8.402][INFO]: Waiting for pending navigations...
[8.402][DEBUG]: DEVTOOLS COMMAND Runtime.evaluate (id=64) {
   "expression": "1"
}
[8.403][DEBUG]: DEVTOOLS RESPONSE Runtime.evaluate (id=64) {
   "result": {
      "description": "1",
      "type": "number",
      "value": 1
   }
}
[8.403][INFO]: Done waiting for pending navigations. Status: ok
[8.405][DEBUG]: DEVTOOLS COMMAND Runtime.evaluate (id=65) {
   "expression": "(function() { // Copyright (c) 2012 The Chromium Authors. All rights reserved.\n// Use of this source code is governed by a BSD-style license that can be\n// found in the LICENSE file.\n\n/**\n * Enum f...",
   "returnByValue": true
}
[8.410][DEBUG]: DEVTOOLS RESPONSE Runtime.evaluate (id=65) {
   "result": {
      "type": "object",
      "value": {
         "status": 0,
         "value": [ {
            "ELEMENT": "0.46126974641549845-2"
         } ]
      }
   }
}
[8.410][INFO]: Waiting for pending navigations...
[8.411][DEBUG]: DEVTOOLS COMMAND Runtime.evaluate (id=66) {
   "expression": "1"
}
[8.411][DEBUG]: DEVTOOLS RESPONSE Runtime.evaluate (id=66) {
   "result": {
      "description": "1",
      "type": "number",
      "value": 1
   }
}
[8.411][INFO]: Done waiting for pending navigations. Status: ok
[8.411][INFO]: RESPONSE FindChildElements [ {
   "ELEMENT": "0.46126974641549845-2"
} ]
[8.433][INFO]: COMMAND FindChildElements {
   "id": "0.46126974641549845-1",
   "using": "css selector",
   "value": ".element-does-exist"
}
[8.433][INFO]: Waiting for pending navigations...
[8.433][DEBUG]: DEVTOOLS COMMAND Runtime.evaluate (id=67) {
   "expression": "1"
}
[8.444][DEBUG]: DEVTOOLS RESPONSE Runtime.evaluate (id=67) {
   "result": {
      "description": "1",
      "type": "number",
      "value": 1
   }
}
[8.444][INFO]: Done waiting for pending navigations. Status: ok
[8.447][DEBUG]: DEVTOOLS COMMAND Runtime.evaluate (id=68) {
   "expression": "(function() { // Copyright (c) 2012 The Chromium Authors. All rights reserved.\n// Use of this source code is governed by a BSD-style license that can be\n// found in the LICENSE file.\n\n/**\n * Enum f...",
   "returnByValue": true
}
[8.462][DEBUG]: DEVTOOLS EVENT Page.lifecycleEvent {
   "frameId": "(436DF4B939D9C8A1DFCD957653E0D44D)",
   "name": "networkAlmostIdle",
   "timestamp": 72.570822
}
[8.462][DEBUG]: DEVTOOLS EVENT Page.lifecycleEvent {
   "frameId": "(436DF4B939D9C8A1DFCD957653E0D44D)",
   "name": "networkIdle",
   "timestamp": 72.570822
}
[8.462][DEBUG]: DEVTOOLS RESPONSE Runtime.evaluate (id=68) {
   "result": {
      "type": "object",
      "value": {
         "status": 0,
         "value": [ {
            "ELEMENT": "0.46126974641549845-2"
         } ]
      }
   }
}
[8.462][INFO]: Waiting for pending navigations...
[8.462][DEBUG]: DEVTOOLS COMMAND Runtime.evaluate (id=69) {
   "expression": "1"
}
[8.466][DEBUG]: DEVTOOLS RESPONSE Runtime.evaluate (id=69) {
   "result": {
      "description": "1",
      "type": "number",
      "value": 1
   }
}
[8.466][INFO]: Done waiting for pending navigations. Status: ok
[8.466][INFO]: RESPONSE FindChildElements [ {
   "ELEMENT": "0.46126974641549845-2"
} ]
[8.487][INFO]: COMMAND FindChildElements {
   "id": "0.46126974641549845-1",
   "using": "css selector",
   "value": ".element-does-exist"
}
[8.487][INFO]: Waiting for pending navigations...
[8.487][DEBUG]: DEVTOOLS COMMAND Runtime.evaluate (id=70) {
   "expression": "1"
}
[8.488][DEBUG]: DEVTOOLS RESPONSE Runtime.evaluate (id=70) {
   "result": {
      "description": "1",
      "type": "number",
      "value": 1
   }
}
[8.488][INFO]: Done waiting for pending navigations. Status: ok
[8.491][DEBUG]: DEVTOOLS COMMAND Runtime.evaluate (id=71) {
   "expression": "(function() { // Copyright (c) 2012 The Chromium Authors. All rights reserved.\n// Use of this source code is governed by a BSD-style license that can be\n// found in the LICENSE file.\n\n/**\n * Enum f...",
   "returnByValue": true
}
[8.500][DEBUG]: DEVTOOLS RESPONSE Runtime.evaluate (id=71) {
   "result": {
      "type": "object",
      "value": {
         "status": 0,
         "value": [ {
            "ELEMENT": "0.46126974641549845-2"
         } ]
      }
   }
}
[8.501][INFO]: Waiting for pending navigations...
[8.501][DEBUG]: DEVTOOLS COMMAND Runtime.evaluate (id=72) {
   "expression": "1"
}
[8.502][DEBUG]: DEVTOOLS RESPONSE Runtime.evaluate (id=72) {
   "result": {
      "description": "1",
      "type": "number",
      "value": 1
   }
}
[8.502][INFO]: Done waiting for pending navigations. Status: ok
[8.502][INFO]: RESPONSE FindChildElements [ {
   "ELEMENT": "0.46126974641549845-2"
} ]
[8.517][INFO]: COMMAND FindChildElements {
   "id": "0.46126974641549845-1",
   "using": "css selector",
   "value": ".element-does-exist"
}
[8.517][INFO]: Waiting for pending navigations...
[8.517][DEBUG]: DEVTOOLS COMMAND Runtime.evaluate (id=73) {
   "expression": "1"
}
[8.518][DEBUG]: DEVTOOLS RESPONSE Runtime.evaluate (id=73) {
   "result": {
      "description": "1",
      "type": "number",
      "value": 1
   }
}
[8.518][INFO]: Done waiting for pending navigations. Status: ok
[8.521][DEBUG]: DEVTOOLS COMMAND Runtime.evaluate (id=74) {
   "expression": "(function() { // Copyright (c) 2012 The Chromium Authors. All rights reserved.\n// Use of this source code is governed by a BSD-style license that can be\n// found in the LICENSE file.\n\n/**\n * Enum f...",
   "returnByValue": true
}
[8.526][DEBUG]: DEVTOOLS RESPONSE Runtime.evaluate (id=74) {
   "result": {
      "type": "object",
      "value": {
         "status": 0,
         "value": [ {
            "ELEMENT": "0.46126974641549845-2"
         } ]
      }
   }
}
[8.526][INFO]: Waiting for pending navigations...
[8.526][DEBUG]: DEVTOOLS COMMAND Runtime.evaluate (id=75) {
   "expression": "1"
}
[8.526][DEBUG]: DEVTOOLS RESPONSE Runtime.evaluate (id=75) {
   "result": {
      "description": "1",
      "type": "number",
      "value": 1
   }
}
[8.527][INFO]: Done waiting for pending navigations. Status: ok
[8.527][INFO]: RESPONSE FindChildElements [ {
   "ELEMENT": "0.46126974641549845-2"
} ]
[8.564][INFO]: COMMAND Screenshot {

}
[8.564][INFO]: Waiting for pending navigations...
[8.564][DEBUG]: DEVTOOLS COMMAND Runtime.evaluate (id=76) {
   "expression": "1"
}
[8.566][DEBUG]: DEVTOOLS RESPONSE Runtime.evaluate (id=76) {
   "result": {
      "description": "1",
      "type": "number",
      "value": 1
   }
}
[8.566][INFO]: Done waiting for pending navigations. Status: ok
[8.566][DEBUG]: DevTools request: http://localhost:12810/json/activate/(436DF4B939D9C8A1DFCD957653E0D44D)
[8.568][DEBUG]: DevTools response: Target activated
[8.568][DEBUG]: DEVTOOLS COMMAND Page.captureScreenshot (id=77) {

}
[8.732][DEBUG]: DEVTOOLS RESPONSE Page.captureScreenshot (id=77) {
   "data": "iVBORw0KGgoAAAANSUhEUgAABVYAAAO+CAYAAADv/k7HAAAcJklEQVR4nOzYwQ3AIBDAsNL9dz5WIC+EZE+Qd9bMzAcAAAAAwLH/dgAAAAAAwGuMVQAAAACAyFgFAAAAAIiMVQAAAACAyFgFAAAAAIiMVQAAAACAyFgFAAAAAIiMVQAAAACAyFgFAAAAAIiMVQAAA..."
}
[8.732][INFO]: Waiting for pending navigations...
[8.732][DEBUG]: DEVTOOLS COMMAND Runtime.evaluate (id=78) {
   "expression": "1"
}
[8.733][DEBUG]: DEVTOOLS RESPONSE Runtime.evaluate (id=78) {
   "result": {
      "description": "1",
      "type": "number",
      "value": 1
   }
}
[8.733][INFO]: Done waiting for pending navigations. Status: ok
[8.733][INFO]: RESPONSE Screenshot "iVBORw0KGgoAAAANSUhEUgAABVYAAAO+CAYAAADv/k7HAAAcJklEQVR4nOzYwQ3AIBDAsNL9dz5WIC+EZE+Qd9bMzAcAAAAAwLH/dgAAAAAAwGuMVQAAAACAyFgFAAAAAIiMVQAAAACAyFgFAAAAAIiMVQAAAACAyFgFAAAAAIiMVQAAAACAyFgFAAAAAIiMVQAAA..."
[8.773][INFO]: COMMAND Quit {

}
[8.823][INFO]: RESPONSE Quit
[8.823][DEBUG]: Log type 'driver' lost 0 entries on destruction
[8.823][DEBUG]: Log type 'browser' lost 0 entries on destruction
