[44:44:1018/203841.046163:VERBOSE1:breakpad_linux.cc(1980)] Breakpad disabled
[44:56:1018/203841.208381:ERROR:bus.cc(395)] Failed to connect to the bus: Failed to connect to socket /var/run/dbus/system_bus_socket: No such file or directory
[44:44:1018/203841.225964:VERBOSE1:pref_proxy_config_tracker_impl.cc(154)] 0x15a3a9861580: set chrome proxy config service to 0x15a3a993a000
[44:44:1018/203841.233626:VERBOSE1:pulse_stubs.cc(683)] dlopen(libpulse.so.0) failed, dlerror() says:
libpulse.so.0: cannot open shared object file: No such file or directory
[44:44:1018/203841.233668:VERBOSE1:pulse_util.cc(106)] Failed on loading the Pulse library and symbols
[44:44:1018/203841.266857:VERBOSE1:mutable_profile_oauth2_token_service_delegate.cc(162)] MutablePO2TS::MutablePO2TS
[44:44:1018/203841.266977:VERBOSE1:device_event_log_impl.cc(158)] [20:38:41.266] Bluetooth: EVENT: bluetooth_api.cc:68 BluetoothAPI: 0x15a3a9948400
[44:44:1018/203841.276673:VERBOSE1:bluetooth_low_energy_event_router.cc(248)] Initializing BluetoothLowEnergyEventRouter.
[44:44:1018/203841.337750:VERBOSE1:pref_proxy_config_tracker_impl.cc(154)] 0x15a3a9aae2c0: set chrome proxy config service to 0x15a3a99ee300
[44:44:1018/203841.342168:VERBOSE1:extension_service.cc(1403)] AddComponentExtension Cloud Print
[44:44:1018/203841.342189:VERBOSE1:extension_service.cc(1405)] Component extension Cloud Print (mfehgcgbbipciphmccgaenjidiccnmng) installing/upgrading from '' to 0.1
[44:44:1018/203841.354579:VERBOSE1:extension_service.cc(1403)] AddComponentExtension Web Store
[44:44:1018/203841.354599:VERBOSE1:extension_service.cc(1405)] Component extension Web Store (ahfgeienlihckogmohjhadlkjgocpleb) installing/upgrading from '' to 0.2
[44:44:1018/203841.355180:VERBOSE1:extension_service.cc(1403)] AddComponentExtension Chromium PDF Viewer
[44:44:1018/203841.355198:VERBOSE1:extension_service.cc(1405)] Component extension Chromium PDF Viewer (mhjfbmdgcfjbbpaeojofohoefgiehjai) installing/upgrading from '' to 1
[44:44:1018/203841.373522:VERBOSE1:account_reconcilor.cc(88)] AccountReconcilor::AccountReconcilor
[44:44:1018/203841.373550:VERBOSE1:account_reconcilor.cc(99)] AccountReconcilor::Initialize
[44:63:1018/203841.394991:VERBOSE1:component_installer.cc(244)] StartRegistration for Signed Tree Heads
[44:63:1018/203841.395184:VERBOSE1:component_installer.cc(244)] StartRegistration for Origin Trials
[44:44:1018/203841.395301:VERBOSE1:file_type_policies_component_installer.cc(129)] Registering File Type Policies component.
[44:63:1018/203841.395355:VERBOSE1:component_installer.cc(244)] StartRegistration for File Type Policies
[44:63:1018/203841.395495:VERBOSE1:component_installer.cc(244)] StartRegistration for SSL Error Assistant
[44:44:1018/203841.475986:WARNING:password_store_factory.cc(241)] Using basic (unencrypted) store for password storage. See https://chromium.googlesource.com/chromium/src/+/master/docs/linux_password_storage.md for more information about password storage options.
[44:44:1018/203841.540574:VERBOSE1:bluez_dbus_manager.cc(172)] Bluetooth not supported.
[44:44:1018/203841.558799:VERBOSE1:component_updater_service.cc(91)] CrxUpdateService starting up. First update attempt will take place in 360 seconds. Next update attempt will take place in 18000 seconds. 
[44:44:1018/203841.558840:VERBOSE1:component_installer.cc(378)] FinishRegistration for Signed Tree Heads
[44:44:1018/203841.558870:VERBOSE1:component_installer.cc(378)] FinishRegistration for Origin Trials
[44:44:1018/203841.558907:VERBOSE1:component_installer.cc(378)] FinishRegistration for File Type Policies
[44:44:1018/203841.558934:VERBOSE1:component_installer.cc(378)] FinishRegistration for SSL Error Assistant
[44:86:1018/203841.561889:WARNING:histograms.cc(40)] Started multiple compositor clients (Browser, Renderer) in one process. Some metrics will be disabled.
[44:74:1018/203841.803123:VERBOSE1:multi_log_ct_verifier.cc(75)] Adding CT log: Google 'Aviator' log
[44:74:1018/203841.803155:VERBOSE1:multi_log_ct_verifier.cc(75)] Adding CT log: Google 'Icarus' log
[44:74:1018/203841.803169:VERBOSE1:multi_log_ct_verifier.cc(75)] Adding CT log: Google 'Pilot' log
[44:74:1018/203841.803194:VERBOSE1:multi_log_ct_verifier.cc(75)] Adding CT log: Google 'Rocketeer' log
[44:74:1018/203841.803208:VERBOSE1:multi_log_ct_verifier.cc(75)] Adding CT log: Google 'Skydiver' log
[44:74:1018/203841.803221:VERBOSE1:multi_log_ct_verifier.cc(75)] Adding CT log: DigiCert Log Server
[44:74:1018/203841.803234:VERBOSE1:multi_log_ct_verifier.cc(75)] Adding CT log: DigiCert Log Server 2
[44:74:1018/203841.803248:VERBOSE1:multi_log_ct_verifier.cc(75)] Adding CT log: Symantec log
[44:74:1018/203841.803262:VERBOSE1:multi_log_ct_verifier.cc(75)] Adding CT log: Symantec 'Vega' log
[44:74:1018/203841.803276:VERBOSE1:multi_log_ct_verifier.cc(75)] Adding CT log: Symantec 'Sirius' log
[44:74:1018/203841.803290:VERBOSE1:multi_log_ct_verifier.cc(75)] Adding CT log: WoSign log
[44:74:1018/203841.803303:VERBOSE1:multi_log_ct_verifier.cc(75)] Adding CT log: Venafi Gen2 CT log
[44:74:1018/203841.803317:VERBOSE1:multi_log_ct_verifier.cc(75)] Adding CT log: CNNIC CT log
[44:74:1018/203841.803331:VERBOSE1:multi_log_ct_verifier.cc(75)] Adding CT log: StartCom log
[44:74:1018/203841.803347:VERBOSE1:multi_log_ct_verifier.cc(75)] Adding CT log: Comodo 'Sabre' CT log
[44:74:1018/203841.803361:VERBOSE1:multi_log_ct_verifier.cc(75)] Adding CT log: Comodo 'Mammoth' CT log
[44:74:1018/203841.803375:VERBOSE1:multi_log_ct_verifier.cc(75)] Adding CT log: Izenpe log
[44:74:1018/203841.803389:VERBOSE1:multi_log_ct_verifier.cc(75)] Adding CT log: Venafi log
[44:74:1018/203841.803402:VERBOSE1:multi_log_ct_verifier.cc(75)] Adding CT log: Certly.IO log
[44:74:1018/203841.803421:ERROR:io_thread.cc(730)] Cannot use V8 Proxy resolver in single process mode.
[44:74:1018/203841.803599:VERBOSE1:proxy_service.cc(958)] PAC support disabled because there is no system implementation
[44:74:1018/203841.808168:ERROR:io_thread.cc(730)] Cannot use V8 Proxy resolver in single process mode.
[44:74:1018/203841.808244:VERBOSE1:multi_log_ct_verifier.cc(75)] Adding CT log: Google 'Aviator' log
[44:74:1018/203841.808262:VERBOSE1:multi_log_ct_verifier.cc(75)] Adding CT log: Google 'Icarus' log
[44:74:1018/203841.808274:VERBOSE1:multi_log_ct_verifier.cc(75)] Adding CT log: Google 'Pilot' log
[44:74:1018/203841.808287:VERBOSE1:multi_log_ct_verifier.cc(75)] Adding CT log: Google 'Rocketeer' log
[44:74:1018/203841.808299:VERBOSE1:multi_log_ct_verifier.cc(75)] Adding CT log: Google 'Skydiver' log
[44:74:1018/203841.808312:VERBOSE1:multi_log_ct_verifier.cc(75)] Adding CT log: DigiCert Log Server
[44:74:1018/203841.808324:VERBOSE1:multi_log_ct_verifier.cc(75)] Adding CT log: DigiCert Log Server 2
[44:74:1018/203841.808336:VERBOSE1:multi_log_ct_verifier.cc(75)] Adding CT log: Symantec log
[44:74:1018/203841.808348:VERBOSE1:multi_log_ct_verifier.cc(75)] Adding CT log: Symantec 'Vega' log
[44:74:1018/203841.808360:VERBOSE1:multi_log_ct_verifier.cc(75)] Adding CT log: Symantec 'Sirius' log
[44:74:1018/203841.808373:VERBOSE1:multi_log_ct_verifier.cc(75)] Adding CT log: WoSign log
[44:74:1018/203841.808385:VERBOSE1:multi_log_ct_verifier.cc(75)] Adding CT log: Venafi Gen2 CT log
[44:74:1018/203841.808397:VERBOSE1:multi_log_ct_verifier.cc(75)] Adding CT log: CNNIC CT log
[44:74:1018/203841.808410:VERBOSE1:multi_log_ct_verifier.cc(75)] Adding CT log: StartCom log
[44:74:1018/203841.808422:VERBOSE1:multi_log_ct_verifier.cc(75)] Adding CT log: Comodo 'Sabre' CT log
[44:74:1018/203841.808435:VERBOSE1:multi_log_ct_verifier.cc(75)] Adding CT log: Comodo 'Mammoth' CT log
[44:74:1018/203841.808448:VERBOSE1:multi_log_ct_verifier.cc(75)] Adding CT log: Izenpe log
[44:74:1018/203841.808461:VERBOSE1:multi_log_ct_verifier.cc(75)] Adding CT log: Venafi log
[44:74:1018/203841.808474:VERBOSE1:multi_log_ct_verifier.cc(75)] Adding CT log: Certly.IO log
[44:74:1018/203841.808657:VERBOSE1:proxy_service.cc(958)] PAC support disabled because there is no system implementation
[44:74:1018/203841.816830:VERBOSE1:network_delegate.cc(30)] NetworkDelegate::NotifyBeforeURLRequest: https://www.gstatic.com/chrome/intelligence/assist/ranker/models/translate/2017/03/translate_ranker_model_20170329.pb.bin
[44:74:1018/203841.816867:VERBOSE1:network_delegate.cc(30)] NetworkDelegate::NotifyBeforeURLRequest: https://www.gstatic.com/chrome/intelligence/assist/ranker/models/translate/2017/03/translate_ranker_model_20170329.pb.bin
[44:74:1018/203841.892528:VERBOSE1:network_delegate.cc(30)] NetworkDelegate::NotifyBeforeURLRequest: chrome-extension://aapnijgdinlhnhlmodcfapnahmbfebeb/_generated_background_page.html
[44:74:1018/203841.892558:VERBOSE1:network_delegate.cc(30)] NetworkDelegate::NotifyBeforeURLRequest: chrome-extension://aapnijgdinlhnhlmodcfapnahmbfebeb/_generated_background_page.html
[44:74:1018/203841.892575:VERBOSE1:network_delegate.cc(30)] NetworkDelegate::NotifyBeforeURLRequest: chrome-extension://aapnijgdinlhnhlmodcfapnahmbfebeb/_generated_background_page.html
[44:86:1018/203841.916079:VERBOSE1:LocalWindowProxy.cpp(236)] A context is created NOT from snapshot
[44:86:1018/203841.916939:VERBOSE1:script_context.cc(111)] Created context:
  extension id:           (none)
  frame:                  0x2576f37c1d18
  URL:                    
  context_type:           WEB_PAGE
  effective extension id: (none)
  effective context type: WEB_PAGE
[44:86:1018/203841.917910:VERBOSE1:script_context.cc(111)] Created context:
  extension id:           (none)
  frame:                  (nil)
  URL:                    
  context_type:           UNSPECIFIED
  effective extension id: (none)
  effective context type: UNSPECIFIED
[44:86:1018/203841.919336:VERBOSE1:dispatcher.cc(366)] Num tracked contexts: 1
[44:74:1018/203841.952511:VERBOSE1:network_delegate.cc(30)] NetworkDelegate::NotifyBeforeURLRequest: chrome-extension://aapnijgdinlhnhlmodcfapnahmbfebeb/background.js
[44:74:1018/203841.952540:VERBOSE1:network_delegate.cc(30)] NetworkDelegate::NotifyBeforeURLRequest: chrome-extension://aapnijgdinlhnhlmodcfapnahmbfebeb/background.js
[44:74:1018/203841.952557:VERBOSE1:network_delegate.cc(30)] NetworkDelegate::NotifyBeforeURLRequest: chrome-extension://aapnijgdinlhnhlmodcfapnahmbfebeb/background.js
[44:86:1018/203841.962988:VERBOSE1:LocalWindowProxy.cpp(236)] A context is created NOT from snapshot
[44:86:1018/203841.963423:VERBOSE1:script_context.cc(111)] Created context:
  extension id:           aapnijgdinlhnhlmodcfapnahmbfebeb
  frame:                  0x2576f37ce920
  URL:                    
  context_type:           BLESSED_EXTENSION
  effective extension id: aapnijgdinlhnhlmodcfapnahmbfebeb
  effective context type: BLESSED_EXTENSION
[44:86:1018/203841.963549:VERBOSE1:script_context.cc(111)] Created context:
  extension id:           (none)
  frame:                  (nil)
  URL:                    
  context_type:           UNSPECIFIED
  effective extension id: (none)
  effective context type: UNSPECIFIED
[44:86:1018/203841.989691:VERBOSE1:dispatcher.cc(366)] Num tracked contexts: 2
[44:86:1018/203841.990219:VERBOSE1:language_detection_util.cc(234)] Detected language: und
[44:86:1018/203842.475877:VERBOSE1:dispatcher.cc(498)] Num tracked contexts: 1
[44:86:1018/203842.480024:VERBOSE1:LocalWindowProxy.cpp(236)] A context is created NOT from snapshot
[44:86:1018/203842.480440:VERBOSE1:script_context.cc(111)] Created context:
  extension id:           (none)
  frame:                  0x2576f37c1d18
  URL:                    
  context_type:           WEB_PAGE
  effective extension id: (none)
  effective context type: WEB_PAGE
[44:86:1018/203842.480557:VERBOSE1:script_context.cc(111)] Created context:
  extension id:           (none)
  frame:                  (nil)
  URL:                    
  context_type:           UNSPECIFIED
  effective extension id: (none)
  effective context type: UNSPECIFIED
[44:86:1018/203842.481491:VERBOSE1:dispatcher.cc(366)] Num tracked contexts: 2
[44:86:1018/203842.482159:VERBOSE1:script_context.cc(120)] Destroyed context for extension
  extension id: 
  effective extension id: 
[44:86:1018/203842.482187:VERBOSE1:script_context.cc(120)] Destroyed context for extension
  extension id: 
  effective extension id: 
[44:86:1018/203842.500657:VERBOSE1:language_detection_util.cc(234)] Detected language: und
