[44:44:1018/194408.323997:VERBOSE1:breakpad_linux.cc(1980)] Breakpad disabled
[44:49:1018/194408.532442:ERROR:bus.cc(395)] Failed to connect to the bus: Failed to connect to socket /var/run/dbus/system_bus_socket: No such file or directory
[44:44:1018/194408.589213:VERBOSE1:pref_proxy_config_tracker_impl.cc(154)] 0x1eef78925580: set chrome proxy config service to 0x1eef789fe000
[44:44:1018/194408.611130:VERBOSE1:pulse_stubs.cc(683)] dlopen(libpulse.so.0) failed, dlerror() says:
libpulse.so.0: cannot open shared object file: No such file or directory
[44:44:1018/194408.611204:VERBOSE1:pulse_util.cc(106)] Failed on loading the Pulse library and symbols
[44:44:1018/194408.624978:VERBOSE1:mutable_profile_oauth2_token_service_delegate.cc(162)] MutablePO2TS::MutablePO2TS
[44:44:1018/194408.625045:VERBOSE1:device_event_log_impl.cc(158)] [19:44:08.625] Bluetooth: EVENT: bluetooth_api.cc:68 BluetoothAPI: 0x1eef78a17200
[44:44:1018/194408.625353:VERBOSE1:bluetooth_low_energy_event_router.cc(248)] Initializing BluetoothLowEnergyEventRouter.
[44:44:1018/194408.684347:VERBOSE1:pref_proxy_config_tracker_impl.cc(154)] 0x1eef78ba2000: set chrome proxy config service to 0x1eef78a87300
[44:44:1018/194408.686325:VERBOSE1:extension_service.cc(1403)] AddComponentExtension Cloud Print
[44:44:1018/194408.686341:VERBOSE1:extension_service.cc(1405)] Component extension Cloud Print (mfehgcgbbipciphmccgaenjidiccnmng) installing/upgrading from '' to 0.1
[44:44:1018/194408.686851:VERBOSE1:extension_service.cc(1403)] AddComponentExtension Web Store
[44:44:1018/194408.686868:VERBOSE1:extension_service.cc(1405)] Component extension Web Store (ahfgeienlihckogmohjhadlkjgocpleb) installing/upgrading from '' to 0.2
[44:44:1018/194408.687510:VERBOSE1:extension_service.cc(1403)] AddComponentExtension Chromium PDF Viewer
[44:44:1018/194408.687525:VERBOSE1:extension_service.cc(1405)] Component extension Chromium PDF Viewer (mhjfbmdgcfjbbpaeojofohoefgiehjai) installing/upgrading from '' to 1
[44:44:1018/194408.705775:VERBOSE1:account_reconcilor.cc(88)] AccountReconcilor::AccountReconcilor
[44:44:1018/194408.705789:VERBOSE1:account_reconcilor.cc(99)] AccountReconcilor::Initialize
[44:54:1018/194408.724246:VERBOSE1:component_installer.cc(244)] StartRegistration for Signed Tree Heads
[44:54:1018/194408.724396:VERBOSE1:component_installer.cc(244)] StartRegistration for Origin Trials
[44:44:1018/194408.724534:VERBOSE1:file_type_policies_component_installer.cc(129)] Registering File Type Policies component.
[44:54:1018/194408.724575:VERBOSE1:component_installer.cc(244)] StartRegistration for File Type Policies
[44:54:1018/194408.724736:VERBOSE1:component_installer.cc(244)] StartRegistration for SSL Error Assistant
[44:44:1018/194408.768349:WARNING:password_store_factory.cc(241)] Using basic (unencrypted) store for password storage. See https://chromium.googlesource.com/chromium/src/+/master/docs/linux_password_storage.md for more information about password storage options.
[44:44:1018/194408.885713:VERBOSE1:bluez_dbus_manager.cc(172)] Bluetooth not supported.
[44:85:1018/194408.904047:WARNING:histograms.cc(40)] Started multiple compositor clients (Browser, Renderer) in one process. Some metrics will be disabled.
[44:44:1018/194408.905901:VERBOSE1:component_updater_service.cc(91)] CrxUpdateService starting up. First update attempt will take place in 360 seconds. Next update attempt will take place in 18000 seconds. 
[44:44:1018/194408.905926:VERBOSE1:component_installer.cc(378)] FinishRegistration for Signed Tree Heads
[44:44:1018/194408.907071:VERBOSE1:component_installer.cc(378)] FinishRegistration for Origin Trials
[44:44:1018/194408.907106:VERBOSE1:component_installer.cc(378)] FinishRegistration for File Type Policies
[44:44:1018/194408.907132:VERBOSE1:component_installer.cc(378)] FinishRegistration for SSL Error Assistant
[44:67:1018/194409.149576:VERBOSE1:multi_log_ct_verifier.cc(75)] Adding CT log: Google 'Aviator' log
[44:67:1018/194409.149593:VERBOSE1:multi_log_ct_verifier.cc(75)] Adding CT log: Google 'Icarus' log
[44:67:1018/194409.149603:VERBOSE1:multi_log_ct_verifier.cc(75)] Adding CT log: Google 'Pilot' log
[44:67:1018/194409.149617:VERBOSE1:multi_log_ct_verifier.cc(75)] Adding CT log: Google 'Rocketeer' log
[44:67:1018/194409.149626:VERBOSE1:multi_log_ct_verifier.cc(75)] Adding CT log: Google 'Skydiver' log
[44:67:1018/194409.149634:VERBOSE1:multi_log_ct_verifier.cc(75)] Adding CT log: DigiCert Log Server
[44:67:1018/194409.149641:VERBOSE1:multi_log_ct_verifier.cc(75)] Adding CT log: DigiCert Log Server 2
[44:67:1018/194409.149649:VERBOSE1:multi_log_ct_verifier.cc(75)] Adding CT log: Symantec log
[44:67:1018/194409.149657:VERBOSE1:multi_log_ct_verifier.cc(75)] Adding CT log: Symantec 'Vega' log
[44:67:1018/194409.149665:VERBOSE1:multi_log_ct_verifier.cc(75)] Adding CT log: Symantec 'Sirius' log
[44:67:1018/194409.149673:VERBOSE1:multi_log_ct_verifier.cc(75)] Adding CT log: WoSign log
[44:67:1018/194409.149679:VERBOSE1:multi_log_ct_verifier.cc(75)] Adding CT log: Venafi Gen2 CT log
[44:67:1018/194409.149684:VERBOSE1:multi_log_ct_verifier.cc(75)] Adding CT log: CNNIC CT log
[44:67:1018/194409.149688:VERBOSE1:multi_log_ct_verifier.cc(75)] Adding CT log: StartCom log
[44:67:1018/194409.149693:VERBOSE1:multi_log_ct_verifier.cc(75)] Adding CT log: Comodo 'Sabre' CT log
[44:67:1018/194409.149698:VERBOSE1:multi_log_ct_verifier.cc(75)] Adding CT log: Comodo 'Mammoth' CT log
[44:67:1018/194409.149702:VERBOSE1:multi_log_ct_verifier.cc(75)] Adding CT log: Izenpe log
[44:67:1018/194409.149707:VERBOSE1:multi_log_ct_verifier.cc(75)] Adding CT log: Venafi log
[44:67:1018/194409.149711:VERBOSE1:multi_log_ct_verifier.cc(75)] Adding CT log: Certly.IO log
[44:67:1018/194409.149718:ERROR:io_thread.cc(730)] Cannot use V8 Proxy resolver in single process mode.
[44:67:1018/194409.149811:VERBOSE1:proxy_service.cc(958)] PAC support disabled because there is no system implementation
[44:67:1018/194409.153127:ERROR:io_thread.cc(730)] Cannot use V8 Proxy resolver in single process mode.
[44:67:1018/194409.153148:VERBOSE1:multi_log_ct_verifier.cc(75)] Adding CT log: Google 'Aviator' log
[44:67:1018/194409.153157:VERBOSE1:multi_log_ct_verifier.cc(75)] Adding CT log: Google 'Icarus' log
[44:67:1018/194409.153165:VERBOSE1:multi_log_ct_verifier.cc(75)] Adding CT log: Google 'Pilot' log
[44:67:1018/194409.153173:VERBOSE1:multi_log_ct_verifier.cc(75)] Adding CT log: Google 'Rocketeer' log
[44:67:1018/194409.153180:VERBOSE1:multi_log_ct_verifier.cc(75)] Adding CT log: Google 'Skydiver' log
[44:67:1018/194409.153186:VERBOSE1:multi_log_ct_verifier.cc(75)] Adding CT log: DigiCert Log Server
[44:67:1018/194409.153193:VERBOSE1:multi_log_ct_verifier.cc(75)] Adding CT log: DigiCert Log Server 2
[44:67:1018/194409.153200:VERBOSE1:multi_log_ct_verifier.cc(75)] Adding CT log: Symantec log
[44:67:1018/194409.153208:VERBOSE1:multi_log_ct_verifier.cc(75)] Adding CT log: Symantec 'Vega' log
[44:67:1018/194409.153216:VERBOSE1:multi_log_ct_verifier.cc(75)] Adding CT log: Symantec 'Sirius' log
[44:67:1018/194409.153223:VERBOSE1:multi_log_ct_verifier.cc(75)] Adding CT log: WoSign log
[44:67:1018/194409.153231:VERBOSE1:multi_log_ct_verifier.cc(75)] Adding CT log: Venafi Gen2 CT log
[44:67:1018/194409.153245:VERBOSE1:multi_log_ct_verifier.cc(75)] Adding CT log: CNNIC CT log
[44:67:1018/194409.153253:VERBOSE1:multi_log_ct_verifier.cc(75)] Adding CT log: StartCom log
[44:67:1018/194409.153261:VERBOSE1:multi_log_ct_verifier.cc(75)] Adding CT log: Comodo 'Sabre' CT log
[44:67:1018/194409.153269:VERBOSE1:multi_log_ct_verifier.cc(75)] Adding CT log: Comodo 'Mammoth' CT log
[44:67:1018/194409.153277:VERBOSE1:multi_log_ct_verifier.cc(75)] Adding CT log: Izenpe log
[44:67:1018/194409.153284:VERBOSE1:multi_log_ct_verifier.cc(75)] Adding CT log: Venafi log
[44:67:1018/194409.153292:VERBOSE1:multi_log_ct_verifier.cc(75)] Adding CT log: Certly.IO log
[44:67:1018/194409.153389:VERBOSE1:proxy_service.cc(958)] PAC support disabled because there is no system implementation
[44:67:1018/194409.163058:VERBOSE1:network_delegate.cc(30)] NetworkDelegate::NotifyBeforeURLRequest: https://www.gstatic.com/chrome/intelligence/assist/ranker/models/translate/2017/03/translate_ranker_model_20170329.pb.bin
[44:67:1018/194409.163080:VERBOSE1:network_delegate.cc(30)] NetworkDelegate::NotifyBeforeURLRequest: https://www.gstatic.com/chrome/intelligence/assist/ranker/models/translate/2017/03/translate_ranker_model_20170329.pb.bin
[44:67:1018/194409.225183:VERBOSE1:network_delegate.cc(30)] NetworkDelegate::NotifyBeforeURLRequest: chrome-extension://aapnijgdinlhnhlmodcfapnahmbfebeb/_generated_background_page.html
[44:67:1018/194409.225202:VERBOSE1:network_delegate.cc(30)] NetworkDelegate::NotifyBeforeURLRequest: chrome-extension://aapnijgdinlhnhlmodcfapnahmbfebeb/_generated_background_page.html
[44:67:1018/194409.225213:VERBOSE1:network_delegate.cc(30)] NetworkDelegate::NotifyBeforeURLRequest: chrome-extension://aapnijgdinlhnhlmodcfapnahmbfebeb/_generated_background_page.html
[44:85:1018/194409.244880:VERBOSE1:LocalWindowProxy.cpp(236)] A context is created NOT from snapshot
[44:85:1018/194409.245285:VERBOSE1:script_context.cc(111)] Created context:
  extension id:           (none)
  frame:                  0x21af107c1d18
  URL:                    
  context_type:           WEB_PAGE
  effective extension id: (none)
  effective context type: WEB_PAGE
[44:85:1018/194409.245817:VERBOSE1:script_context.cc(111)] Created context:
  extension id:           (none)
  frame:                  (nil)
  URL:                    
  context_type:           UNSPECIFIED
  effective extension id: (none)
  effective context type: UNSPECIFIED
[44:85:1018/194409.246315:VERBOSE1:dispatcher.cc(366)] Num tracked contexts: 1
[44:67:1018/194409.249844:VERBOSE1:network_delegate.cc(30)] NetworkDelegate::NotifyBeforeURLRequest: chrome-extension://aapnijgdinlhnhlmodcfapnahmbfebeb/background.js
[44:67:1018/194409.249857:VERBOSE1:network_delegate.cc(30)] NetworkDelegate::NotifyBeforeURLRequest: chrome-extension://aapnijgdinlhnhlmodcfapnahmbfebeb/background.js
[44:67:1018/194409.249863:VERBOSE1:network_delegate.cc(30)] NetworkDelegate::NotifyBeforeURLRequest: chrome-extension://aapnijgdinlhnhlmodcfapnahmbfebeb/background.js
[44:85:1018/194409.265703:VERBOSE1:LocalWindowProxy.cpp(236)] A context is created NOT from snapshot
[44:85:1018/194409.266112:VERBOSE1:script_context.cc(111)] Created context:
  extension id:           aapnijgdinlhnhlmodcfapnahmbfebeb
  frame:                  0x21af107ce920
  URL:                    
  context_type:           BLESSED_EXTENSION
  effective extension id: aapnijgdinlhnhlmodcfapnahmbfebeb
  effective context type: BLESSED_EXTENSION
[44:85:1018/194409.266195:VERBOSE1:script_context.cc(111)] Created context:
  extension id:           (none)
  frame:                  (nil)
  URL:                    
  context_type:           UNSPECIFIED
  effective extension id: (none)
  effective context type: UNSPECIFIED
[44:85:1018/194409.289055:VERBOSE1:dispatcher.cc(366)] Num tracked contexts: 2
[44:85:1018/194409.291294:VERBOSE1:language_detection_util.cc(234)] Detected language: und
[44:85:1018/194409.746540:VERBOSE1:dispatcher.cc(498)] Num tracked contexts: 1
[44:85:1018/194409.749203:VERBOSE1:LocalWindowProxy.cpp(236)] A context is created NOT from snapshot
[44:85:1018/194409.749401:VERBOSE1:script_context.cc(111)] Created context:
  extension id:           (none)
  frame:                  0x21af107c1d18
  URL:                    
  context_type:           WEB_PAGE
  effective extension id: (none)
  effective context type: WEB_PAGE
[44:85:1018/194409.749451:VERBOSE1:script_context.cc(111)] Created context:
  extension id:           (none)
  frame:                  (nil)
  URL:                    
  context_type:           UNSPECIFIED
  effective extension id: (none)
  effective context type: UNSPECIFIED
[44:85:1018/194409.749798:VERBOSE1:dispatcher.cc(366)] Num tracked contexts: 2
[44:85:1018/194409.750288:VERBOSE1:script_context.cc(120)] Destroyed context for extension
  extension id: 
  effective extension id: 
[44:85:1018/194409.750308:VERBOSE1:script_context.cc(120)] Destroyed context for extension
  extension id: 
  effective extension id: 
[44:85:1018/194409.768731:VERBOSE1:language_detection_util.cc(234)] Detected language: und
