[44:44:1102/205532.215437:VERBOSE1:breakpad_linux.cc(1980)] Breakpad disabled
[44:56:1102/205532.331330:ERROR:bus.cc(395)] Failed to connect to the bus: Failed to connect to socket /var/run/dbus/system_bus_socket: No such file or directory
[44:44:1102/205532.396128:VERBOSE1:pref_proxy_config_tracker_impl.cc(154)] 0x356b7c6d9580: set chrome proxy config service to 0x356b7c7b2000
[44:44:1102/205532.423830:VERBOSE1:pulse_stubs.cc(683)] dlopen(libpulse.so.0) failed, dlerror() says:
libpulse.so.0: cannot open shared object file: No such file or directory
[44:44:1102/205532.423854:VERBOSE1:pulse_util.cc(106)] Failed on loading the Pulse library and symbols
[44:74:1102/205532.423872:ERROR:nss_util.cc(650)] Error initializing NSS with a persistent database (sql:/tmp/homedir/.pki/nssdb): NSS error code: -8023
[44:74:1102/205532.423890:VERBOSE1:nss_util.cc(656)] Initializing NSS without a persistent database.
[44:74:1102/205532.423985:ERROR:nss_util.cc(154)] Error initializing NSS without a persistent database: NSS error code: -8023
[44:44:1102/205532.431848:VERBOSE1:mutable_profile_oauth2_token_service_delegate.cc(162)] MutablePO2TS::MutablePO2TS
[44:44:1102/205532.432043:VERBOSE1:device_event_log_impl.cc(158)] [20:55:32.432] Bluetooth: EVENT: bluetooth_api.cc:68 BluetoothAPI: 0x356b7c830000
[44:44:1102/205532.432602:VERBOSE1:bluetooth_low_energy_event_router.cc(248)] Initializing BluetoothLowEnergyEventRouter.
[44:44:1102/205532.469727:VERBOSE1:pref_proxy_config_tracker_impl.cc(154)] 0x356b7c9542c0: set chrome proxy config service to 0x356b7c831300
[44:44:1102/205532.471014:VERBOSE1:extension_service.cc(1403)] AddComponentExtension Cloud Print
[44:44:1102/205532.471026:VERBOSE1:extension_service.cc(1405)] Component extension Cloud Print (mfehgcgbbipciphmccgaenjidiccnmng) installing/upgrading from '' to 0.1
[44:44:1102/205532.471349:VERBOSE1:extension_service.cc(1403)] AddComponentExtension Web Store
[44:44:1102/205532.471359:VERBOSE1:extension_service.cc(1405)] Component extension Web Store (ahfgeienlihckogmohjhadlkjgocpleb) installing/upgrading from '' to 0.2
[44:44:1102/205532.471687:VERBOSE1:extension_service.cc(1403)] AddComponentExtension Chromium PDF Viewer
[44:44:1102/205532.471697:VERBOSE1:extension_service.cc(1405)] Component extension Chromium PDF Viewer (mhjfbmdgcfjbbpaeojofohoefgiehjai) installing/upgrading from '' to 1
[44:44:1102/205532.472776:VERBOSE1:account_reconcilor.cc(88)] AccountReconcilor::AccountReconcilor
[44:44:1102/205532.472786:VERBOSE1:account_reconcilor.cc(99)] AccountReconcilor::Initialize
[44:62:1102/205532.488930:VERBOSE1:component_installer.cc(244)] StartRegistration for Signed Tree Heads
[44:62:1102/205532.489082:VERBOSE1:component_installer.cc(244)] StartRegistration for Origin Trials
[44:44:1102/205532.489181:VERBOSE1:file_type_policies_component_installer.cc(129)] Registering File Type Policies component.
[44:62:1102/205532.489217:VERBOSE1:component_installer.cc(244)] StartRegistration for File Type Policies
[44:62:1102/205532.489329:VERBOSE1:component_installer.cc(244)] StartRegistration for SSL Error Assistant
[44:44:1102/205532.531499:WARNING:password_store_factory.cc(241)] Using basic (unencrypted) store for password storage. See https://chromium.googlesource.com/chromium/src/+/master/docs/linux_password_storage.md for more information about password storage options.
[44:74:1102/205532.424000:FATAL:nss_util.cc(156)] nss_error=-8023, os_error=0
#0 0x55eeb94f3a87 base::debug::StackTrace::StackTrace()
#1 0x55eeb950a221 logging::LogMessage::~LogMessage()
#2 0x55eeb9dbfb43 base::LazyInstance<>::Get()
#3 0x55eeb9be8bb5 net::CertDatabase::GetInstance()
#4 0x55eeb9d277d8 net::ClientSocketFactory::GetDefaultFactory()
#5 0x55eeb9c40ac8 net::DnsClient::CreateClient()
#6 0x55eeb92d464a chrome_browser_net::DnsProbeService::SetSystemClientToCurrentConfig()
#7 0x55eeb92d45b2 chrome_browser_net::DnsProbeService::DnsProbeService()
#8 0x55eeb929f89d IOThread::Init()
#9 0x55eeb835d95d content::BrowserProcessSubThread::Init()
#10 0x55eeb9559c07 base::Thread::ThreadMain()
#11 0x55eeb9554ea3 base::(anonymous namespace)::ThreadFunc()
#12 0x7f17027b4de5 start_thread
#13 0x7f16fc8fa30d __clone

[44:44:1102/205532.607499:VERBOSE1:bluez_dbus_manager.cc(172)] Bluetooth not supported.
[44:44:1102/205532.609986:VERBOSE1:component_updater_service.cc(91)] CrxUpdateService starting up. First update attempt will take place in 360 seconds. Next update attempt will take place in 18000 seconds. 
[44:44:1102/205532.610028:VERBOSE1:component_installer.cc(378)] FinishRegistration for Signed Tree Heads
[44:44:1102/205532.610055:VERBOSE1:component_installer.cc(378)] FinishRegistration for Origin Trials
[44:44:1102/205532.610072:VERBOSE1:component_installer.cc(378)] FinishRegistration for File Type Policies
[44:44:1102/205532.610091:VERBOSE1:component_installer.cc(378)] FinishRegistration for SSL Error Assistant
[44:85:1102/205532.631722:WARNING:histograms.cc(40)] Started multiple compositor clients (Browser, Renderer) in one process. Some metrics will be disabled.
