[0.822][INFO]: COMMAND InitSession {
   "desiredCapabilities": {
      "browserName": "chrome",
      "chromeOptions": {
         "args": [ "--disable-gpu", "--single-process", "--no-sandbox", "--data-path=/tmp/data-path", "--homedir=/tmp/homedir", "--disk-cache-dir=/tmp", "--disk-cache-size=1", "--media-cache-size=1", "--allow-file-access-from-files", "--enable-logging", "--v=1", "--disable-web-security", "--disable-extensions", "--ignore-certificate-errors", "--disable-ntp-most-likely-favicons-from-server", "--disable-ntp-popular-sites", "--window-size=1366,1024", "--disable-infobars", "--disable-dev-shm-usage", "..." ],
         "binary": "/tmp/chrome-lambda/chrome",
         "prefs": {
            "credentials_enable_service": false,
            "profile": {
               "password_manager_enabled": false
            }
         }
      },
      "count": 1
   }
}
[0.822][INFO]: Populating Preferences file: {
   "alternate_error_pages": {
      "enabled": false
   },
   "autofill": {
      "enabled": false
   },
   "browser": {
      "check_default_browser": false
   },
   "credentials_enable_service": false,
   "distribution": {
      "import_bookmarks": false,
      "import_history": false,
      "import_search_engine": false,
      "make_chrome_default_for_user": false,
      "show_welcome_page": false,
      "skip_first_run_ui": true
   },
   "dns_prefetching": {
      "enabled": false
   },
   "profile": {
      "password_manager_enabled": false
   },
   "safebrowsing": {
      "enabled": false
   },
   "search": {
      "suggest_enabled": false
   },
   "translate": {
      "enabled": false
   }
}
[0.822][INFO]: Populating Local State file: {
   "background_mode": {
      "enabled": false
   },
   "ssl": {
      "rev_checking": {
         "enabled": false
      }
   }
}
[0.822][INFO]: Launching chrome: /tmp/chrome-lambda/chrome --allow-file-access-from-files --data-path=/tmp/data-path --disable-background-networking --disable-browser-side-navigation --disable-client-side-phishing-detection --disable-default-apps --disable-dev-shm-usage --disable-extensions --disable-extensions-except=/tmp/.org.chromium.Chromium.xhuH5f/internal --disable-gpu --disable-hang-monitor --disable-infobars --disable-ntp-most-likely-favicons-from-server --disable-ntp-popular-sites --disable-popup-blocking --disable-prompt-on-repost --disable-sync --disable-web-resources --disable-web-security --disk-cache-dir=/tmp --disk-cache-size=1 --enable-automation --enable-logging --enable-precise-memory-info --force-fieldtrials=SiteIsolationExtensions/Control --homedir=/tmp/homedir --ignore-certificate-errors --log-level=0 --media-cache-size=1 --metrics-recording-only --no-first-run --no-sandbox --password-store=basic --remote-debugging-port=12332 --safebrowsing-disable-auto-update --single-process --test-type=webdriver --use-mock-keychain --user-data-dir=/tmp/.org.chromium.Chromium.1OskMe --v=1 --window-size=1366,1024 data:,
[0.823][DEBUG]: DevTools request: http://localhost:12332/json/version
prctl(PR_SET_NO_NEW_PRIVS) failed
Xlib:  extension "RANDR" missing on display ":99".
[44:49:1016/145115.430687:ERROR:bus.cc(395)] Failed to connect to the bus: Failed to connect to socket /var/run/dbus/system_bus_socket: No such file or directory
Xlib:  extension "RANDR" missing on display ":99".
[1.375][SEVERE]: CreatePlatformSocket() returned an error, errno=1: Operation not permitted (1)
[1.376][DEBUG]: DevTools request failed
[1.432][DEBUG]: DevTools request: http://localhost:12332/json/version
[1.432][SEVERE]: CreatePlatformSocket() returned an error, errno=1: Operation not permitted (1)
[1.432][DEBUG]: DevTools request failed

DevTools listening on ws://127.0.0.1:12332/devtools/browser/9439c97a-2b81-4241-9b5b-f48e3c531066
[1.491][DEBUG]: DevTools request: http://localhost:12332/json/version
[1.491][SEVERE]: CreatePlatformSocket() returned an error, errno=1: Operation not permitted (1)
[1.599][DEBUG]: DevTools response: {
   "Browser": "Chrome/63.0.3239.84",
   "Protocol-Version": "1.2",
   "User-Agent": "Mozilla/5.0 (X11; Linux x86_64) AppleWebKit/537.36 (KHTML, like Gecko) Chrome/63.0.3239.84 Safari/537.36",
   "V8-Version": "6.3.292.46",
   "WebKit-Version": "537.36 (@0f53a5abc7a405fbe9f1cfd3db38f2092c8a7816)",
   "webSocketDebuggerUrl": "ws://localhost:12332/devtools/browser/9439c97a-2b81-4241-9b5b-f48e3c531066"
}

[1.631][DEBUG]: DevTools request: http://localhost:12332/json
[1.636][DEBUG]: DevTools response: [ {
   "description": "",
   "devtoolsFrontendUrl": "/devtools/inspector.html?ws=localhost:12332/devtools/page/(57ECD7A997749B6D558F437823BE0798)",
   "id": "(57ECD7A997749B6D558F437823BE0798)",
   "title": "",
   "type": "page",
   "url": "data:,",
   "webSocketDebuggerUrl": "ws://localhost:12332/devtools/page/(57ECD7A997749B6D558F437823BE0798)"
} ]

[1.636][DEBUG]: DevTools request: http://localhost:12332/json
[1.653][DEBUG]: DevTools response: [ {
   "description": "",
   "devtoolsFrontendUrl": "/devtools/inspector.html?ws=localhost:12332/devtools/page/(57ECD7A997749B6D558F437823BE0798)",
   "id": "(57ECD7A997749B6D558F437823BE0798)",
   "title": "",
   "type": "page",
   "url": "data:,",
   "webSocketDebuggerUrl": "ws://localhost:12332/devtools/page/(57ECD7A997749B6D558F437823BE0798)"
} ]

[1.654][INFO]: resolved localhost to ["127.0.0.1"]
[1.655][DEBUG]: DEVTOOLS COMMAND Log.enable (id=1) {

}
[1.656][DEBUG]: DEVTOOLS COMMAND DOM.getDocument (id=2) {

}
[1.656][DEBUG]: DEVTOOLS COMMAND Runtime.enable (id=3) {

}
[1.656][DEBUG]: DEVTOOLS COMMAND Page.enable (id=4) {

}
[1.656][DEBUG]: DEVTOOLS COMMAND Page.enable (id=5) {

}
[44:67:1016/145115.938511:ERROR:io_thread.cc(730)] Cannot use V8 Proxy resolver in single process mode.
[44:67:1016/145115.953094:ERROR:io_thread.cc(730)] Cannot use V8 Proxy resolver in single process mode.
[1.772][DEBUG]: DEVTOOLS RESPONSE Log.enable (id=1) {

}
[1.772][DEBUG]: DEVTOOLS RESPONSE DOM.getDocument (id=2) {
   "root": {
      "backendNodeId": 1,
      "baseURL": "about:blank",
      "childNodeCount": 1,
      "children": [ {
         "attributes": [  ],
         "backendNodeId": 2,
         "childNodeCount": 2,
         "children": [ {
            "attributes": [  ],
            "backendNodeId": 3,
            "childNodeCount": 0,
            "localName": "head",
            "nodeId": 3,
            "nodeName": "HEAD",
            "nodeType": 1,
            "nodeValue": "",
            "parentId": 2
         }, {
            "attributes": [  ],
            "backendNodeId": 4,
            "childNodeCount": 0,
            "localName": "body",
            "nodeId": 4,
            "nodeName": "BODY",
            "nodeType": 1,
            "nodeValue": "",
            "parentId": 2
         } ],
         "frameId": "(57ECD7A997749B6D558F437823BE0798)",
         "localName": "html",
         "nodeId": 2,
         "nodeName": "HTML",
         "nodeType": 1,
         "nodeValue": "",
         "parentId": 1
      } ],
      "documentURL": "",
      "localName": "",
      "nodeId": 1,
      "nodeName": "#document",
      "nodeType": 9,
      "nodeValue": "",
      "xmlVersion": ""
   }
}
[1.772][DEBUG]: DEVTOOLS RESPONSE Runtime.enable (id=3) {

}
[1.773][DEBUG]: DEVTOOLS RESPONSE Page.enable (id=4) {

}
[1.773][DEBUG]: DEVTOOLS RESPONSE Page.enable (id=5) {

}
[1.773][DEBUG]: DEVTOOLS COMMAND Page.enable (id=6) {

}
[1.799][DEBUG]: DEVTOOLS EVENT Page.lifecycleEvent {
   "frameId": "(57ECD7A997749B6D558F437823BE0798)",
   "name": "commit",
   "timestamp": 173.784663
}
[1.799][DEBUG]: DEVTOOLS EVENT Page.frameNavigated {
   "frame": {
      "id": "(57ECD7A997749B6D558F437823BE0798)",
      "loaderId": "44.1",
      "mimeType": "text/plain",
      "securityOrigin": "://",
      "url": "data:,"
   }
}
[1.799][DEBUG]: DEVTOOLS EVENT DOM.documentUpdated {

}
[1.799][DEBUG]: DEVTOOLS COMMAND DOM.getDocument (id=7) {

}
[1.811][DEBUG]: DEVTOOLS EVENT Runtime.executionContextCreated {
   "context": {
      "auxData": {
         "frameId": "(57ECD7A997749B6D558F437823BE0798)",
         "isDefault": true
      },
      "id": 1,
      "name": "",
      "origin": "://"
   }
}
[1.812][DEBUG]: DEVTOOLS RESPONSE Page.enable (id=6) {

}
[1.815][DEBUG]: DEVTOOLS RESPONSE DOM.getDocument (id=7) {
   "root": {
      "backendNodeId": 5,
      "baseURL": "data:,",
      "childNodeCount": 1,
      "children": [ {
         "attributes": [  ],
         "backendNodeId": 6,
         "childNodeCount": 2,
         "children": [ {
            "attributes": [  ],
            "backendNodeId": 7,
            "childNodeCount": 0,
            "localName": "head",
            "nodeId": 7,
            "nodeName": "HEAD",
            "nodeType": 1,
            "nodeValue": "",
            "parentId": 6
         }, {
            "attributes": [  ],
            "backendNodeId": 8,
            "childNodeCount": 1,
            "localName": "body",
            "nodeId": 8,
            "nodeName": "BODY",
            "nodeType": 1,
            "nodeValue": "",
            "parentId": 6
         } ],
         "frameId": "(57ECD7A997749B6D558F437823BE0798)",
         "localName": "html",
         "nodeId": 6,
         "nodeName": "HTML",
         "nodeType": 1,
         "nodeValue": "",
         "parentId": 5
      } ],
      "documentURL": "data:,",
      "localName": "",
      "nodeId": 5,
      "nodeName": "#document",
      "nodeType": 9,
      "nodeValue": "",
      "xmlVersion": ""
   }
}
[1.815][DEBUG]: DEVTOOLS COMMAND Runtime.enable (id=8) {

}
[1.833][DEBUG]: DEVTOOLS EVENT Page.loadEventFired {
   "timestamp": 173.824412
}
[1.834][DEBUG]: DEVTOOLS EVENT Page.lifecycleEvent {
   "frameId": "(57ECD7A997749B6D558F437823BE0798)",
   "name": "load",
   "timestamp": 173.824412
}
[1.834][DEBUG]: DEVTOOLS EVENT Page.frameStoppedLoading {
   "frameId": "(57ECD7A997749B6D558F437823BE0798)"
}
[1.834][DEBUG]: DEVTOOLS EVENT Page.domContentEventFired {
   "timestamp": 173.825049
}
[1.834][DEBUG]: DEVTOOLS EVENT Page.lifecycleEvent {
   "frameId": "(57ECD7A997749B6D558F437823BE0798)",
   "name": "DOMContentLoaded",
   "timestamp": 173.825049
}
[1.834][DEBUG]: DEVTOOLS EVENT DOM.documentUpdated {

}
[1.834][DEBUG]: DEVTOOLS COMMAND DOM.getDocument (id=9) {

}
[1.855][DEBUG]: DEVTOOLS RESPONSE Runtime.enable (id=8) {

}
[1.856][DEBUG]: DEVTOOLS RESPONSE DOM.getDocument (id=9) {
   "root": {
      "backendNodeId": 5,
      "baseURL": "data:,",
      "childNodeCount": 1,
      "children": [ {
         "attributes": [  ],
         "backendNodeId": 6,
         "childNodeCount": 2,
         "children": [ {
            "attributes": [  ],
            "backendNodeId": 7,
            "childNodeCount": 0,
            "localName": "head",
            "nodeId": 11,
            "nodeName": "HEAD",
            "nodeType": 1,
            "nodeValue": "",
            "parentId": 10
         }, {
            "attributes": [  ],
            "backendNodeId": 8,
            "childNodeCount": 1,
            "localName": "body",
            "nodeId": 12,
            "nodeName": "BODY",
            "nodeType": 1,
            "nodeValue": "",
            "parentId": 10
         } ],
         "frameId": "(57ECD7A997749B6D558F437823BE0798)",
         "localName": "html",
         "nodeId": 10,
         "nodeName": "HTML",
         "nodeType": 1,
         "nodeValue": "",
         "parentId": 9
      } ],
      "documentURL": "data:,",
      "localName": "",
      "nodeId": 9,
      "nodeName": "#document",
      "nodeType": 9,
      "nodeValue": "",
      "xmlVersion": ""
   }
}
[1.871][DEBUG]: DEVTOOLS COMMAND Runtime.evaluate (id=10) {
   "expression": "(function() { // Copyright (c) 2012 The Chromium Authors. All rights reserved.\n// Use of this source code is governed by a BSD-style license that can be\n// found in the LICENSE file.\n\n/**\n * Enum f...",
   "returnByValue": true
}
[1.875][DEBUG]: DEVTOOLS RESPONSE Runtime.evaluate (id=10) {
   "result": {
      "type": "object",
      "value": {
         "status": 0,
         "value": 1
      }
   }
}
[1.876][INFO]: RESPONSE InitSession {
   "acceptSslCerts": true,
   "applicationCacheEnabled": false,
   "browserConnectionEnabled": false,
   "browserName": "chrome",
   "chrome": {
      "chromedriverVersion": "2.33.506092 (733a02544d189eeb751fe0d7ddca79a0ee28cce4)",
      "userDataDir": "/tmp/.org.chromium.Chromium.1OskMe"
   },
   "cssSelectorsEnabled": true,
   "databaseEnabled": false,
   "handlesAlerts": true,
   "hasTouchScreen": false,
   "javascriptEnabled": true,
   "locationContextEnabled": true,
   "mobileEmulationEnabled": false,
   "nativeEvents": true,
   "networkConnectionEnabled": false,
   "pageLoadStrategy": "normal",
   "platform": "Linux",
   "rotatable": false,
   "setWindowRect": true,
   "takesHeapSnapshot": true,
   "~~~": "..."
}
[1.900][INFO]: COMMAND SetTimeout {
   "script": 11000
}
[1.901][INFO]: RESPONSE SetTimeout unknown error: 'ms' must be a double
  (Session info: chrome=63.0.3239.84)
[1.919][INFO]: COMMAND SetTimeout {
   "ms": 11000,
   "type": "script"
}
[1.919][INFO]: RESPONSE SetTimeout
[2.292][INFO]: COMMAND SetTimeout {
   "pageLoad": 30000
}
[2.294][INFO]: RESPONSE SetTimeout unknown error: 'ms' must be a double
  (Session info: chrome=63.0.3239.84)
[2.312][INFO]: COMMAND SetTimeout {
   "ms": 30000,
   "type": "page load"
}
[2.312][INFO]: RESPONSE SetTimeout
[2.318][INFO]: COMMAND Navigate {
   "url": "data:/,"
}
[2.318][INFO]: Waiting for pending navigations...
[2.318][DEBUG]: DEVTOOLS COMMAND Runtime.evaluate (id=11) {
   "expression": "1"
}
[2.319][DEBUG]: DEVTOOLS RESPONSE Runtime.evaluate (id=11) {
   "result": {
      "description": "1",
      "type": "number",
      "value": 1
   }
}
[2.319][INFO]: Done waiting for pending navigations. Status: ok
[2.319][DEBUG]: DEVTOOLS COMMAND Page.navigate (id=12) {
   "url": "data:/,"
}
[2.332][DEBUG]: DEVTOOLS EVENT Page.frameStartedLoading {
   "frameId": "(57ECD7A997749B6D558F437823BE0798)"
}
[2.351][DEBUG]: DEVTOOLS EVENT Runtime.executionContextDestroyed {
   "executionContextId": 1
}
[2.351][DEBUG]: DEVTOOLS EVENT Runtime.executionContextsCleared {

}
[2.351][DEBUG]: DEVTOOLS EVENT Page.lifecycleEvent {
   "frameId": "(57ECD7A997749B6D558F437823BE0798)",
   "name": "commit",
   "timestamp": 174.329399
}
[2.351][DEBUG]: DEVTOOLS EVENT Page.frameNavigated {
   "frame": {
      "id": "(57ECD7A997749B6D558F437823BE0798)",
      "loaderId": "44.2",
      "mimeType": "text/plain",
      "securityOrigin": "://",
      "url": "data:/,"
   }
}
[2.351][DEBUG]: DEVTOOLS EVENT Runtime.executionContextCreated {
   "context": {
      "auxData": {
         "frameId": "(57ECD7A997749B6D558F437823BE0798)",
         "isDefault": true
      },
      "id": 3,
      "name": "",
      "origin": "://"
   }
}
[2.351][DEBUG]: DEVTOOLS EVENT DOM.documentUpdated {

}
[2.351][DEBUG]: DEVTOOLS COMMAND DOM.getDocument (id=13) {

}
[2.352][DEBUG]: DEVTOOLS RESPONSE Page.navigate (id=12) {
   "frameId": "(57ECD7A997749B6D558F437823BE0798)"
}
[2.353][DEBUG]: DEVTOOLS EVENT Page.loadEventFired {
   "timestamp": 174.344653
}
[2.353][DEBUG]: DEVTOOLS EVENT Page.lifecycleEvent {
   "frameId": "(57ECD7A997749B6D558F437823BE0798)",
   "name": "load",
   "timestamp": 174.344653
}
[2.353][DEBUG]: DEVTOOLS EVENT Page.frameStoppedLoading {
   "frameId": "(57ECD7A997749B6D558F437823BE0798)"
}
[2.353][DEBUG]: DEVTOOLS EVENT Page.domContentEventFired {
   "timestamp": 174.345089
}
[2.353][DEBUG]: DEVTOOLS EVENT Page.lifecycleEvent {
   "frameId": "(57ECD7A997749B6D558F437823BE0798)",
   "name": "DOMContentLoaded",
   "timestamp": 174.345089
}
[2.353][DEBUG]: DEVTOOLS EVENT DOM.documentUpdated {

}
[2.353][DEBUG]: DEVTOOLS COMMAND DOM.getDocument (id=14) {

}
[2.374][DEBUG]: DEVTOOLS RESPONSE DOM.getDocument (id=13) {
   "root": {
      "backendNodeId": 10,
      "baseURL": "data:/,",
      "childNodeCount": 1,
      "children": [ {
         "attributes": [  ],
         "backendNodeId": 11,
         "childNodeCount": 2,
         "children": [ {
            "attributes": [  ],
            "backendNodeId": 12,
            "childNodeCount": 0,
            "localName": "head",
            "nodeId": 15,
            "nodeName": "HEAD",
            "nodeType": 1,
            "nodeValue": "",
            "parentId": 14
         }, {
            "attributes": [  ],
            "backendNodeId": 13,
            "childNodeCount": 1,
            "localName": "body",
            "nodeId": 16,
            "nodeName": "BODY",
            "nodeType": 1,
            "nodeValue": "",
            "parentId": 14
         } ],
         "frameId": "(57ECD7A997749B6D558F437823BE0798)",
         "localName": "html",
         "nodeId": 14,
         "nodeName": "HTML",
         "nodeType": 1,
         "nodeValue": "",
         "parentId": 13
      } ],
      "documentURL": "data:/,",
      "localName": "",
      "nodeId": 13,
      "nodeName": "#document",
      "nodeType": 9,
      "nodeValue": "",
      "xmlVersion": ""
   }
}
[2.391][DEBUG]: DEVTOOLS RESPONSE DOM.getDocument (id=14) {
   "root": {
      "backendNodeId": 10,
      "baseURL": "data:/,",
      "childNodeCount": 1,
      "children": [ {
         "attributes": [  ],
         "backendNodeId": 11,
         "childNodeCount": 2,
         "children": [ {
            "attributes": [  ],
            "backendNodeId": 12,
            "childNodeCount": 0,
            "localName": "head",
            "nodeId": 19,
            "nodeName": "HEAD",
            "nodeType": 1,
            "nodeValue": "",
            "parentId": 18
         }, {
            "attributes": [  ],
            "backendNodeId": 13,
            "childNodeCount": 1,
            "localName": "body",
            "nodeId": 20,
            "nodeName": "BODY",
            "nodeType": 1,
            "nodeValue": "",
            "parentId": 18
         } ],
         "frameId": "(57ECD7A997749B6D558F437823BE0798)",
         "localName": "html",
         "nodeId": 18,
         "nodeName": "HTML",
         "nodeType": 1,
         "nodeValue": "",
         "parentId": 17
      } ],
      "documentURL": "data:/,",
      "localName": "",
      "nodeId": 17,
      "nodeName": "#document",
      "nodeType": 9,
      "nodeValue": "",
      "xmlVersion": ""
   }
}
[2.391][INFO]: Waiting for pending navigations...
[2.391][DEBUG]: DEVTOOLS COMMAND Runtime.evaluate (id=15) {
   "expression": "1"
}
[2.395][DEBUG]: DEVTOOLS RESPONSE Runtime.evaluate (id=15) {
   "result": {
      "description": "1",
      "type": "number",
      "value": 1
   }
}
[2.395][INFO]: Done waiting for pending navigations. Status: ok
[2.395][INFO]: RESPONSE Navigate
[2.413][INFO]: COMMAND ExecuteScript {
   "args": [ "protractor_sync-test-area", {
      "innerHtml": "\u003Cspan   style=\"height:50px; width:30px; display:block; position: absolute; left:10px; top:10px; border:black solid 2px;\"   class=\"test-span\">test span 1\u003C/span>\u003Cspan class=\"test-span-2\">test span 2\u003C...",
      "style": {
         "boxSizing": "context-box",
         "left": "15px",
         "position": "absolute",
         "top": "15px"
      }
   } ],
   "script": "return (function (id, _options) {\n        var existing = document.querySelector('#' + id);\n        if (existing) {\n            existing.parentNode.removeChild(existing);\n        }\n        var testA..."
}
[2.413][INFO]: Waiting for pending navigations...
[2.413][DEBUG]: DEVTOOLS COMMAND Runtime.evaluate (id=16) {
   "expression": "1"
}
[2.413][DEBUG]: DEVTOOLS RESPONSE Runtime.evaluate (id=16) {
   "result": {
      "description": "1",
      "type": "number",
      "value": 1
   }
}
[2.413][INFO]: Done waiting for pending navigations. Status: ok
[2.414][DEBUG]: DEVTOOLS COMMAND Runtime.evaluate (id=17) {
   "expression": "(function() { // Copyright (c) 2012 The Chromium Authors. All rights reserved.\n// Use of this source code is governed by a BSD-style license that can be\n// found in the LICENSE file.\n\n/**\n * Enum f...",
   "returnByValue": true
}
[2.431][DEBUG]: DEVTOOLS EVENT DOM.childNodeCountUpdated {
   "childNodeCount": 2,
   "nodeId": 20
}
[2.431][DEBUG]: DEVTOOLS RESPONSE Runtime.evaluate (id=17) {
   "result": {
      "type": "object",
      "value": {
         "status": 0,
         "value": null
      }
   }
}
[2.431][INFO]: Waiting for pending navigations...
[2.431][DEBUG]: DEVTOOLS COMMAND Runtime.evaluate (id=18) {
   "expression": "1"
}
[2.453][DEBUG]: DEVTOOLS RESPONSE Runtime.evaluate (id=18) {
   "result": {
      "description": "1",
      "type": "number",
      "value": 1
   }
}
[2.453][INFO]: Done waiting for pending navigations. Status: ok
[2.453][INFO]: RESPONSE ExecuteScript null
[2.457][INFO]: COMMAND FindElements {
   "using": "css selector",
   "value": "#protractor_sync-test-area"
}
[2.458][DEBUG]: DEVTOOLS EVENT Page.lifecycleEvent {
   "frameId": "(57ECD7A997749B6D558F437823BE0798)",
   "name": "firstPaint",
   "timestamp": 174.446519
}
[2.458][DEBUG]: DEVTOOLS EVENT Page.lifecycleEvent {
   "frameId": "(57ECD7A997749B6D558F437823BE0798)",
   "name": "firstContentfulPaint",
   "timestamp": 174.446521
}
[2.458][DEBUG]: DEVTOOLS EVENT Page.lifecycleEvent {
   "frameId": "(57ECD7A997749B6D558F437823BE0798)",
   "name": "firstTextPaint",
   "timestamp": 174.446522
}
[2.458][DEBUG]: DEVTOOLS EVENT Page.lifecycleEvent {
   "frameId": "(57ECD7A997749B6D558F437823BE0798)",
   "name": "firstMeaningfulPaintCandidate",
   "timestamp": 174.446523
}
[2.458][INFO]: Waiting for pending navigations...
[2.458][DEBUG]: DEVTOOLS COMMAND Runtime.evaluate (id=19) {
   "expression": "1"
}
[2.458][DEBUG]: DEVTOOLS RESPONSE Runtime.evaluate (id=19) {
   "result": {
      "description": "1",
      "type": "number",
      "value": 1
   }
}
[2.458][INFO]: Done waiting for pending navigations. Status: ok
[2.460][DEBUG]: DEVTOOLS COMMAND Runtime.evaluate (id=20) {
   "expression": "(function() { // Copyright (c) 2012 The Chromium Authors. All rights reserved.\n// Use of this source code is governed by a BSD-style license that can be\n// found in the LICENSE file.\n\n/**\n * Enum f...",
   "returnByValue": true
}
[2.476][DEBUG]: DEVTOOLS RESPONSE Runtime.evaluate (id=20) {
   "result": {
      "type": "object",
      "value": {
         "status": 0,
         "value": [ {
            "ELEMENT": "0.85664197805204-1"
         } ]
      }
   }
}
[2.476][INFO]: Waiting for pending navigations...
[2.476][DEBUG]: DEVTOOLS COMMAND Runtime.evaluate (id=21) {
   "expression": "1"
}
[2.477][DEBUG]: DEVTOOLS RESPONSE Runtime.evaluate (id=21) {
   "result": {
      "description": "1",
      "type": "number",
      "value": 1
   }
}
[2.477][INFO]: Done waiting for pending navigations. Status: ok
[2.477][INFO]: RESPONSE FindElements [ {
   "ELEMENT": "0.85664197805204-1"
} ]
[2.492][INFO]: COMMAND IsElementDisplayed {
   "id": "0.85664197805204-1"
}
[2.492][INFO]: Waiting for pending navigations...
[2.492][DEBUG]: DEVTOOLS COMMAND Runtime.evaluate (id=22) {
   "expression": "1"
}
[2.492][DEBUG]: DEVTOOLS RESPONSE Runtime.evaluate (id=22) {
   "result": {
      "description": "1",
      "type": "number",
      "value": 1
   }
}
[2.492][INFO]: Done waiting for pending navigations. Status: ok
[2.493][DEBUG]: DEVTOOLS COMMAND Runtime.evaluate (id=23) {
   "expression": "(function() { // Copyright (c) 2012 The Chromium Authors. All rights reserved.\n// Use of this source code is governed by a BSD-style license that can be\n// found in the LICENSE file.\n\n/**\n * Enum f...",
   "returnByValue": true
}
[2.501][DEBUG]: DEVTOOLS RESPONSE Runtime.evaluate (id=23) {
   "result": {
      "type": "object",
      "value": {
         "status": 0,
         "value": true
      }
   }
}
[2.501][INFO]: Waiting for pending navigations...
[2.502][DEBUG]: DEVTOOLS COMMAND Runtime.evaluate (id=24) {
   "expression": "1"
}
[2.502][DEBUG]: DEVTOOLS RESPONSE Runtime.evaluate (id=24) {
   "result": {
      "description": "1",
      "type": "number",
      "value": 1
   }
}
[2.502][INFO]: Done waiting for pending navigations. Status: ok
[2.502][INFO]: RESPONSE IsElementDisplayed true
[2.511][INFO]: COMMAND FindElements {
   "using": "css selector",
   "value": ".test-span"
}
[2.511][INFO]: Waiting for pending navigations...
[2.511][DEBUG]: DEVTOOLS COMMAND Runtime.evaluate (id=25) {
   "expression": "1"
}
[2.511][DEBUG]: DEVTOOLS RESPONSE Runtime.evaluate (id=25) {
   "result": {
      "description": "1",
      "type": "number",
      "value": 1
   }
}
[2.511][INFO]: Done waiting for pending navigations. Status: ok
[2.513][DEBUG]: DEVTOOLS COMMAND Runtime.evaluate (id=26) {
   "expression": "(function() { // Copyright (c) 2012 The Chromium Authors. All rights reserved.\n// Use of this source code is governed by a BSD-style license that can be\n// found in the LICENSE file.\n\n/**\n * Enum f...",
   "returnByValue": true
}
[2.520][DEBUG]: DEVTOOLS RESPONSE Runtime.evaluate (id=26) {
   "result": {
      "type": "object",
      "value": {
         "status": 0,
         "value": [ {
            "ELEMENT": "0.85664197805204-2"
         } ]
      }
   }
}
[2.520][INFO]: Waiting for pending navigations...
[2.520][DEBUG]: DEVTOOLS COMMAND Runtime.evaluate (id=27) {
   "expression": "1"
}
[2.521][DEBUG]: DEVTOOLS RESPONSE Runtime.evaluate (id=27) {
   "result": {
      "description": "1",
      "type": "number",
      "value": 1
   }
}
[2.521][INFO]: Done waiting for pending navigations. Status: ok
[2.521][INFO]: RESPONSE FindElements [ {
   "ELEMENT": "0.85664197805204-2"
} ]
[2.531][INFO]: COMMAND IsElementDisplayed {
   "id": "0.85664197805204-2"
}
[2.531][INFO]: Waiting for pending navigations...
[2.531][DEBUG]: DEVTOOLS COMMAND Runtime.evaluate (id=28) {
   "expression": "1"
}
[2.531][DEBUG]: DEVTOOLS RESPONSE Runtime.evaluate (id=28) {
   "result": {
      "description": "1",
      "type": "number",
      "value": 1
   }
}
[2.532][INFO]: Done waiting for pending navigations. Status: ok
[2.533][DEBUG]: DEVTOOLS COMMAND Runtime.evaluate (id=29) {
   "expression": "(function() { // Copyright (c) 2012 The Chromium Authors. All rights reserved.\n// Use of this source code is governed by a BSD-style license that can be\n// found in the LICENSE file.\n\n/**\n * Enum f...",
   "returnByValue": true
}
[2.540][DEBUG]: DEVTOOLS RESPONSE Runtime.evaluate (id=29) {
   "result": {
      "type": "object",
      "value": {
         "status": 0,
         "value": true
      }
   }
}
[2.541][INFO]: Waiting for pending navigations...
[2.541][DEBUG]: DEVTOOLS COMMAND Runtime.evaluate (id=30) {
   "expression": "1"
}
[2.541][DEBUG]: DEVTOOLS RESPONSE Runtime.evaluate (id=30) {
   "result": {
      "description": "1",
      "type": "number",
      "value": 1
   }
}
[2.541][INFO]: Done waiting for pending navigations. Status: ok
[2.541][INFO]: RESPONSE IsElementDisplayed true
[2.542][INFO]: COMMAND FindElements {
   "using": "css selector",
   "value": "input"
}
[2.542][INFO]: Waiting for pending navigations...
[2.542][DEBUG]: DEVTOOLS COMMAND Runtime.evaluate (id=31) {
   "expression": "1"
}
[2.551][DEBUG]: DEVTOOLS RESPONSE Runtime.evaluate (id=31) {
   "result": {
      "description": "1",
      "type": "number",
      "value": 1
   }
}
[2.551][INFO]: Done waiting for pending navigations. Status: ok
[2.553][DEBUG]: DEVTOOLS COMMAND Runtime.evaluate (id=32) {
   "expression": "(function() { // Copyright (c) 2012 The Chromium Authors. All rights reserved.\n// Use of this source code is governed by a BSD-style license that can be\n// found in the LICENSE file.\n\n/**\n * Enum f...",
   "returnByValue": true
}
[2.560][DEBUG]: DEVTOOLS RESPONSE Runtime.evaluate (id=32) {
   "result": {
      "type": "object",
      "value": {
         "status": 0,
         "value": [ {
            "ELEMENT": "0.85664197805204-3"
         } ]
      }
   }
}
[2.560][INFO]: Waiting for pending navigations...
[2.560][DEBUG]: DEVTOOLS COMMAND Runtime.evaluate (id=33) {
   "expression": "1"
}
[2.561][DEBUG]: DEVTOOLS RESPONSE Runtime.evaluate (id=33) {
   "result": {
      "description": "1",
      "type": "number",
      "value": 1
   }
}
[2.561][INFO]: Done waiting for pending navigations. Status: ok
[2.561][INFO]: RESPONSE FindElements [ {
   "ELEMENT": "0.85664197805204-3"
} ]
[2.572][INFO]: COMMAND IsElementDisplayed {
   "id": "0.85664197805204-3"
}
[2.572][INFO]: Waiting for pending navigations...
[2.572][DEBUG]: DEVTOOLS COMMAND Runtime.evaluate (id=34) {
   "expression": "1"
}
[2.572][DEBUG]: DEVTOOLS RESPONSE Runtime.evaluate (id=34) {
   "result": {
      "description": "1",
      "type": "number",
      "value": 1
   }
}
[2.572][INFO]: Done waiting for pending navigations. Status: ok
[2.574][DEBUG]: DEVTOOLS COMMAND Runtime.evaluate (id=35) {
   "expression": "(function() { // Copyright (c) 2012 The Chromium Authors. All rights reserved.\n// Use of this source code is governed by a BSD-style license that can be\n// found in the LICENSE file.\n\n/**\n * Enum f...",
   "returnByValue": true
}
[2.581][DEBUG]: DEVTOOLS RESPONSE Runtime.evaluate (id=35) {
   "result": {
      "type": "object",
      "value": {
         "status": 0,
         "value": true
      }
   }
}
[2.581][INFO]: Waiting for pending navigations...
[2.581][DEBUG]: DEVTOOLS COMMAND Runtime.evaluate (id=36) {
   "expression": "1"
}
[2.582][DEBUG]: DEVTOOLS RESPONSE Runtime.evaluate (id=36) {
   "result": {
      "description": "1",
      "type": "number",
      "value": 1
   }
}
[2.582][INFO]: Done waiting for pending navigations. Status: ok
[2.582][INFO]: RESPONSE IsElementDisplayed true
[2.591][INFO]: COMMAND FindElements {
   "using": "css selector",
   "value": "textarea"
}
[2.591][INFO]: Waiting for pending navigations...
[2.591][DEBUG]: DEVTOOLS COMMAND Runtime.evaluate (id=37) {
   "expression": "1"
}
[2.592][DEBUG]: DEVTOOLS RESPONSE Runtime.evaluate (id=37) {
   "result": {
      "description": "1",
      "type": "number",
      "value": 1
   }
}
[2.592][INFO]: Done waiting for pending navigations. Status: ok
[2.593][DEBUG]: DEVTOOLS COMMAND Runtime.evaluate (id=38) {
   "expression": "(function() { // Copyright (c) 2012 The Chromium Authors. All rights reserved.\n// Use of this source code is governed by a BSD-style license that can be\n// found in the LICENSE file.\n\n/**\n * Enum f...",
   "returnByValue": true
}
[2.601][DEBUG]: DEVTOOLS RESPONSE Runtime.evaluate (id=38) {
   "result": {
      "type": "object",
      "value": {
         "status": 0,
         "value": [ {
            "ELEMENT": "0.85664197805204-4"
         } ]
      }
   }
}
[2.601][INFO]: Waiting for pending navigations...
[2.601][DEBUG]: DEVTOOLS COMMAND Runtime.evaluate (id=39) {
   "expression": "1"
}
[2.601][DEBUG]: DEVTOOLS RESPONSE Runtime.evaluate (id=39) {
   "result": {
      "description": "1",
      "type": "number",
      "value": 1
   }
}
[2.601][INFO]: Done waiting for pending navigations. Status: ok
[2.601][INFO]: RESPONSE FindElements [ {
   "ELEMENT": "0.85664197805204-4"
} ]
[2.611][INFO]: COMMAND IsElementDisplayed {
   "id": "0.85664197805204-4"
}
[2.611][INFO]: Waiting for pending navigations...
[2.611][DEBUG]: DEVTOOLS COMMAND Runtime.evaluate (id=40) {
   "expression": "1"
}
[2.612][DEBUG]: DEVTOOLS RESPONSE Runtime.evaluate (id=40) {
   "result": {
      "description": "1",
      "type": "number",
      "value": 1
   }
}
[2.612][INFO]: Done waiting for pending navigations. Status: ok
[2.613][DEBUG]: DEVTOOLS COMMAND Runtime.evaluate (id=41) {
   "expression": "(function() { // Copyright (c) 2012 The Chromium Authors. All rights reserved.\n// Use of this source code is governed by a BSD-style license that can be\n// found in the LICENSE file.\n\n/**\n * Enum f...",
   "returnByValue": true
}
[2.621][DEBUG]: DEVTOOLS RESPONSE Runtime.evaluate (id=41) {
   "result": {
      "type": "object",
      "value": {
         "status": 0,
         "value": true
      }
   }
}
[2.621][INFO]: Waiting for pending navigations...
[2.621][DEBUG]: DEVTOOLS COMMAND Runtime.evaluate (id=42) {
   "expression": "1"
}
[2.621][DEBUG]: DEVTOOLS RESPONSE Runtime.evaluate (id=42) {
   "result": {
      "description": "1",
      "type": "number",
      "value": 1
   }
}
[2.621][INFO]: Done waiting for pending navigations. Status: ok
[2.621][INFO]: RESPONSE IsElementDisplayed true
[2.636][INFO]: COMMAND ExecuteScript {
   "args": [  ],
   "script": "return (function () {\n            return !!window.jQuery;\n        }).apply(null, arguments);"
}
[2.636][INFO]: Waiting for pending navigations...
[2.636][DEBUG]: DEVTOOLS COMMAND Runtime.evaluate (id=43) {
   "expression": "1"
}
[2.637][DEBUG]: DEVTOOLS RESPONSE Runtime.evaluate (id=43) {
   "result": {
      "description": "1",
      "type": "number",
      "value": 1
   }
}
[2.637][INFO]: Done waiting for pending navigations. Status: ok
[2.637][DEBUG]: DEVTOOLS COMMAND Runtime.evaluate (id=44) {
   "expression": "(function() { // Copyright (c) 2012 The Chromium Authors. All rights reserved.\n// Use of this source code is governed by a BSD-style license that can be\n// found in the LICENSE file.\n\n/**\n * Enum f...",
   "returnByValue": true
}
[2.638][DEBUG]: DEVTOOLS RESPONSE Runtime.evaluate (id=44) {
   "result": {
      "type": "object",
      "value": {
         "status": 0,
         "value": false
      }
   }
}
[2.638][INFO]: Waiting for pending navigations...
[2.638][DEBUG]: DEVTOOLS COMMAND Runtime.evaluate (id=45) {
   "expression": "1"
}
[2.639][DEBUG]: DEVTOOLS RESPONSE Runtime.evaluate (id=45) {
   "result": {
      "description": "1",
      "type": "number",
      "value": 1
   }
}
[2.639][INFO]: Done waiting for pending navigations. Status: ok
[2.639][INFO]: RESPONSE ExecuteScript false
[2.651][INFO]: COMMAND ExecuteScript {
   "args": [ "/*!\n * jQuery JavaScript Library v3.3.1\n * https://jquery.com/\n *\n * Includes Sizzle.js\n * https://sizzlejs.com/\n *\n * Copyright JS Foundation and other contributors\n * Released under the MIT licen..." ],
   "script": "return (function (_jquerySource) {\n                /* tslint:disable-next-line:no-eval */\n                eval(_jquerySource);\n                window.$.noConflict();\n            }).apply(null, argu..."
}
[2.651][INFO]: Waiting for pending navigations...
[2.651][DEBUG]: DEVTOOLS COMMAND Runtime.evaluate (id=46) {
   "expression": "1"
}
[2.652][DEBUG]: DEVTOOLS RESPONSE Runtime.evaluate (id=46) {
   "result": {
      "description": "1",
      "type": "number",
      "value": 1
   }
}
[2.652][INFO]: Done waiting for pending navigations. Status: ok
[2.672][DEBUG]: DEVTOOLS COMMAND Runtime.evaluate (id=47) {
   "expression": "(function() { // Copyright (c) 2012 The Chromium Authors. All rights reserved.\n// Use of this source code is governed by a BSD-style license that can be\n// found in the LICENSE file.\n\n/**\n * Enum f...",
   "returnByValue": true
}
[2.715][DEBUG]: DEVTOOLS EVENT DOM.childNodeInserted {
   "node": {
      "attributes": [  ],
      "backendNodeId": 14,
      "childNodeCount": 0,
      "localName": "fieldset",
      "nodeId": 21,
      "nodeName": "FIELDSET",
      "nodeType": 1,
      "nodeValue": ""
   },
   "parentNodeId": 18,
   "previousNodeId": 20
}
[2.715][DEBUG]: DEVTOOLS EVENT DOM.attributeModified {
   "name": "id",
   "nodeId": 21,
   "value": "sizzle1539701476935"
}
[2.715][DEBUG]: DEVTOOLS EVENT DOM.childNodeRemoved {
   "nodeId": 21,
   "parentNodeId": 18
}
[2.715][DEBUG]: DEVTOOLS EVENT DOM.childNodeInserted {
   "node": {
      "attributes": [  ],
      "backendNodeId": 15,
      "childNodeCount": 0,
      "localName": "fieldset",
      "nodeId": 22,
      "nodeName": "FIELDSET",
      "nodeType": 1,
      "nodeValue": ""
   },
   "parentNodeId": 18,
   "previousNodeId": 20
}
[2.715][DEBUG]: DEVTOOLS EVENT DOM.childNodeCountUpdated {
   "childNodeCount": 1,
   "nodeId": 22
}
[2.715][DEBUG]: DEVTOOLS EVENT DOM.childNodeCountUpdated {
   "childNodeCount": 2,
   "nodeId": 22
}
[2.715][DEBUG]: DEVTOOLS EVENT DOM.childNodeRemoved {
   "nodeId": 22,
   "parentNodeId": 18
}
[2.715][DEBUG]: DEVTOOLS EVENT DOM.childNodeInserted {
   "node": {
      "attributes": [  ],
      "backendNodeId": 16,
      "childNodeCount": 3,
      "localName": "fieldset",
      "nodeId": 23,
      "nodeName": "FIELDSET",
      "nodeType": 1,
      "nodeValue": ""
   },
   "parentNodeId": 18,
   "previousNodeId": 20
}
[2.715][DEBUG]: DEVTOOLS EVENT DOM.attributeModified {
   "name": "disabled",
   "nodeId": 23,
   "value": ""
}
[2.715][DEBUG]: DEVTOOLS EVENT DOM.childNodeRemoved {
   "nodeId": 23,
   "parentNodeId": 18
}
[2.715][DEBUG]: DEVTOOLS RESPONSE Runtime.evaluate (id=47) {
   "result": {
      "type": "object",
      "value": {
         "status": 0,
         "value": null
      }
   }
}
[2.715][INFO]: Waiting for pending navigations...
[2.715][DEBUG]: DEVTOOLS COMMAND Runtime.evaluate (id=48) {
   "expression": "1"
}
[2.716][DEBUG]: DEVTOOLS RESPONSE Runtime.evaluate (id=48) {
   "result": {
      "description": "1",
      "type": "number",
      "value": 1
   }
}
[2.716][INFO]: Done waiting for pending navigations. Status: ok
[2.716][INFO]: RESPONSE ExecuteScript null
[2.718][INFO]: COMMAND ExecuteScript {
   "args": [ {
      "ELEMENT": "0.85664197805204-2",
      "element-6066-11e4-a52e-4f735466cecf": "0.85664197805204-2"
   }, "closest", "div" ],
   "script": "return (function (element, _method, _arg) {\n                var $ = window.jQuery;\n                if (!$) {\n                    return '!!jquery not present!!';\n                }\n                v..."
}
[2.718][INFO]: Waiting for pending navigations...
[2.718][DEBUG]: DEVTOOLS COMMAND Runtime.evaluate (id=49) {
   "expression": "1"
}
[2.731][DEBUG]: DEVTOOLS RESPONSE Runtime.evaluate (id=49) {
   "result": {
      "description": "1",
      "type": "number",
      "value": 1
   }
}
[2.731][INFO]: Done waiting for pending navigations. Status: ok
[2.732][DEBUG]: DEVTOOLS COMMAND Runtime.evaluate (id=50) {
   "expression": "(function() { // Copyright (c) 2012 The Chromium Authors. All rights reserved.\n// Use of this source code is governed by a BSD-style license that can be\n// found in the LICENSE file.\n\n/**\n * Enum f...",
   "returnByValue": true
}
[2.734][DEBUG]: DEVTOOLS RESPONSE Runtime.evaluate (id=50) {
   "result": {
      "type": "object",
      "value": {
         "status": 0,
         "value": [ {
            "ELEMENT": "0.85664197805204-1"
         } ]
      }
   }
}
[2.734][INFO]: Waiting for pending navigations...
[2.734][DEBUG]: DEVTOOLS COMMAND Runtime.evaluate (id=51) {
   "expression": "1"
}
[2.734][DEBUG]: DEVTOOLS RESPONSE Runtime.evaluate (id=51) {
   "result": {
      "description": "1",
      "type": "number",
      "value": 1
   }
}
[2.734][INFO]: Done waiting for pending navigations. Status: ok
[2.734][INFO]: RESPONSE ExecuteScript [ {
   "ELEMENT": "0.85664197805204-1"
} ]
[2.737][INFO]: COMMAND GetElementAttribute {
   "id": "0.85664197805204-1",
   "name": "id"
}
[2.737][INFO]: Waiting for pending navigations...
[2.737][DEBUG]: DEVTOOLS COMMAND Runtime.evaluate (id=52) {
   "expression": "1"
}
[2.738][DEBUG]: DEVTOOLS RESPONSE Runtime.evaluate (id=52) {
   "result": {
      "description": "1",
      "type": "number",
      "value": 1
   }
}
[2.738][INFO]: Done waiting for pending navigations. Status: ok
[2.738][DEBUG]: DEVTOOLS COMMAND Runtime.evaluate (id=53) {
   "expression": "(function() { // Copyright (c) 2012 The Chromium Authors. All rights reserved.\n// Use of this source code is governed by a BSD-style license that can be\n// found in the LICENSE file.\n\n/**\n * Enum f...",
   "returnByValue": true
}
[2.741][DEBUG]: DEVTOOLS RESPONSE Runtime.evaluate (id=53) {
   "result": {
      "type": "object",
      "value": {
         "status": 0,
         "value": "protractor_sync-test-area"
      }
   }
}
[2.741][INFO]: Waiting for pending navigations...
[2.741][DEBUG]: DEVTOOLS COMMAND Runtime.evaluate (id=54) {
   "expression": "1"
}
[2.741][DEBUG]: DEVTOOLS RESPONSE Runtime.evaluate (id=54) {
   "result": {
      "description": "1",
      "type": "number",
      "value": 1
   }
}
[2.741][INFO]: Done waiting for pending navigations. Status: ok
[2.741][INFO]: RESPONSE GetElementAttribute "protractor_sync-test-area"
[2.754][INFO]: COMMAND Screenshot {

}
[2.754][INFO]: Waiting for pending navigations...
[2.754][DEBUG]: DEVTOOLS COMMAND Runtime.evaluate (id=55) {
   "expression": "1"
}
[2.755][DEBUG]: DEVTOOLS RESPONSE Runtime.evaluate (id=55) {
   "result": {
      "description": "1",
      "type": "number",
      "value": 1
   }
}
[2.755][INFO]: Done waiting for pending navigations. Status: ok
[2.755][DEBUG]: DevTools request: http://localhost:12332/json/activate/(57ECD7A997749B6D558F437823BE0798)
[2.756][DEBUG]: DevTools response: Target activated
[2.756][DEBUG]: DEVTOOLS COMMAND Page.captureScreenshot (id=56) {

}
[2.875][DEBUG]: DEVTOOLS RESPONSE Page.captureScreenshot (id=56) {
   "data": "iVBORw0KGgoAAAANSUhEUgAABVYAAAO+CAYAAADv/k7HAAAgAElEQVR4nOzdW4yV1f3/8c8GFAFxaIlGCgWrxomapk1bbbA1QlJUhECrKUZsMB4aLghqlHAh1EOt5QLQifVnQCVVYgpMuMBEwSZakoo1qK1aL0xNapCDWCqHiUbKjLL/F/077dQT3wIzFl6vZCI+e..."
}
[2.875][INFO]: Waiting for pending navigations...
[2.875][DEBUG]: DEVTOOLS COMMAND Runtime.evaluate (id=57) {
   "expression": "1"
}
[2.880][DEBUG]: DEVTOOLS RESPONSE Runtime.evaluate (id=57) {
   "result": {
      "description": "1",
      "type": "number",
      "value": 1
   }
}
[2.880][INFO]: Done waiting for pending navigations. Status: ok
[2.880][INFO]: RESPONSE Screenshot "iVBORw0KGgoAAAANSUhEUgAABVYAAAO+CAYAAADv/k7HAAAgAElEQVR4nOzdW4yV1f3/8c8GFAFxaIlGCgWrxomapk1bbbA1QlJUhECrKUZsMB4aLghqlHAh1EOt5QLQifVnQCVVYgpMuMBEwSZakoo1qK1aL0xNapCDWCqHiUbKjLL/F/077dQT3wIzFl6vZCI+e..."
[2.953][INFO]: COMMAND Quit {

}
[3.003][INFO]: RESPONSE Quit
[3.003][DEBUG]: Log type 'driver' lost 0 entries on destruction
[3.003][DEBUG]: Log type 'browser' lost 0 entries on destruction
