[1541437260.090][INFO]: COMMAND InitSession {
   "desiredCapabilities": {
      "browserName": "chrome",
      "chromeOptions": {
         "args": [ "--disable-gpu", "--single-process", "--no-sandbox", "--data-path=/tmp/data-path", "--homedir=/tmp/homedir", "--disk-cache-dir=/tmp", "--disk-cache-size=1", "--media-cache-size=1", "--allow-file-access-from-files", "--enable-logging", "--v=1", "--disable-web-security", "--disable-extensions", "--ignore-certificate-errors", "--disable-ntp-most-likely-favicons-from-server", "--disable-ntp-popular-sites", "--window-size=1366,1024", "--disable-infobars", "--disable-dev-shm-usage", "..." ],
         "binary": "/tmp/chrome-lambda/chrome",
         "prefs": {
            "credentials_enable_service": false,
            "profile": {
               "password_manager_enabled": false
            }
         }
      },
      "count": 1
   }
}
[1541437260.091][INFO]: Populating Preferences file: {
   "alternate_error_pages": {
      "enabled": false
   },
   "autofill": {
      "enabled": false
   },
   "browser": {
      "check_default_browser": false
   },
   "credentials_enable_service": false,
   "distribution": {
      "import_bookmarks": false,
      "import_history": false,
      "import_search_engine": false,
      "make_chrome_default_for_user": false,
      "skip_first_run_ui": true
   },
   "dns_prefetching": {
      "enabled": false
   },
   "profile": {
      "password_manager_enabled": false
   },
   "safebrowsing": {
      "enabled": false
   },
   "search": {
      "suggest_enabled": false
   },
   "translate": {
      "enabled": false
   }
}
[1541437260.091][INFO]: Populating Local State file: {
   "background_mode": {
      "enabled": false
   },
   "ssl": {
      "rev_checking": {
         "enabled": false
      }
   }
}
[1541437260.091][INFO]: Launching chrome: /tmp/chrome-lambda/chrome --allow-file-access-from-files --data-path=/tmp/data-path --disable-background-networking --disable-client-side-phishing-detection --disable-default-apps --disable-dev-shm-usage --disable-extensions --disable-extensions-except=/tmp/.org.chromium.Chromium.ZTlN8i/internal --disable-gpu --disable-hang-monitor --disable-infobars --disable-ntp-most-likely-favicons-from-server --disable-ntp-popular-sites --disable-popup-blocking --disable-prompt-on-repost --disable-sync --disable-web-resources --disable-web-security --disk-cache-dir=/tmp --disk-cache-size=1 --enable-automation --enable-logging --enable-precise-memory-info --force-fieldtrials=SiteIsolationExtensions/Control --homedir=/tmp/homedir --ignore-certificate-errors --log-level=0 --media-cache-size=1 --metrics-recording-only --no-first-run --no-sandbox --password-store=basic --remote-debugging-port=0 --single-process --test-type=webdriver --use-mock-keychain --user-data-dir=/tmp/.org.chromium.Chromium.laVXwh --v=1 --window-size=1366,1024 data:,
prctl(PR_SET_NO_NEW_PRIVS) failed
Xlib:  extension "RANDR" missing on display ":99".
Fontconfig warning: "/etc/fonts/conf.d/30-metric-aliases.conf", line 84: Having multiple <family> in <alias> isn't supported and may not work as expected
Fontconfig warning: "/etc/fonts/conf.d/30-metric-aliases.conf", line 84: Having multiple <family> in <alias> isn't supported and may not work as expected
Fontconfig warning: "/etc/fonts/conf.d/30-metric-aliases.conf", line 93: Having multiple <family> in <alias> isn't supported and may not work as expected
Fontconfig warning: "/etc/fonts/conf.d/30-metric-aliases.conf", line 93: Having multiple <family> in <alias> isn't supported and may not work as expected
Fontconfig warning: "/etc/fonts/conf.d/30-metric-aliases.conf", line 102: Having multiple <family> in <alias> isn't supported and may not work as expected
Fontconfig warning: "/etc/fonts/conf.d/30-metric-aliases.conf", line 102: Having multiple <family> in <alias> isn't supported and may not work as expected
Fontconfig warning: "/etc/fonts/conf.d/40-nonlatin.conf", line 33: Having multiple <family> in <alias> isn't supported and may not work as expected
Fontconfig warning: "/etc/fonts/conf.d/40-nonlatin.conf", line 33: Having multiple <family> in <alias> isn't supported and may not work as expected
Fontconfig warning: "/etc/fonts/conf.d/40-nonlatin.conf", line 33: Having multiple <family> in <alias> isn't supported and may not work as expected
Fontconfig warning: "/etc/fonts/conf.d/40-nonlatin.conf", line 33: Having multiple <family> in <alias> isn't supported and may not work as expected
Fontconfig warning: "/etc/fonts/conf.d/40-nonlatin.conf", line 33: Having multiple <family> in <alias> isn't supported and may not work as expected
Fontconfig warning: "/etc/fonts/conf.d/40-nonlatin.conf", line 33: Having multiple <family> in <alias> isn't supported and may not work as expected
Fontconfig warning: "/etc/fonts/conf.d/40-nonlatin.conf", line 33: Having multiple <family> in <alias> isn't supported and may not work as expected
Fontconfig warning: "/etc/fonts/conf.d/40-nonlatin.conf", line 33: Having multiple <family> in <alias> isn't supported and may not work as expected
Fontconfig warning: "/etc/fonts/conf.d/40-nonlatin.conf", line 33: Having multiple <family> in <alias> isn't supported and may not work as expected
Fontconfig warning: "/etc/fonts/conf.d/40-nonlatin.conf", line 33: Having multiple <family> in <alias> isn't supported and may not work as expected
Fontconfig warning: "/etc/fonts/conf.d/40-nonlatin.conf", line 33: Having multiple <family> in <alias> isn't supported and may not work as expected
Fontconfig warning: "/etc/fonts/conf.d/40-nonlatin.conf", line 33: Having multiple <family> in <alias> isn't supported and may not work as expected
Fontconfig warning: "/etc/fonts/conf.d/40-nonlatin.conf", line 33: Having multiple <family> in <alias> isn't supported and may not work as expected
Fontconfig warning: "/etc/fonts/conf.d/40-nonlatin.conf", line 33: Having multiple <family> in <alias> isn't supported and may not work as expected
Fontconfig warning: "/etc/fonts/conf.d/40-nonlatin.conf", line 33: Having multiple <family> in <alias> isn't supported and may not work as expected
Fontconfig warning: "/etc/fonts/conf.d/40-nonlatin.conf", line 33: Having multiple <family> in <alias> isn't supported and may not work as expected
Fontconfig warning: "/etc/fonts/conf.d/40-nonlatin.conf", line 33: Having multiple <family> in <alias> isn't supported and may not work as expected
Fontconfig warning: "/etc/fonts/conf.d/40-nonlatin.conf", line 33: Having multiple <family> in <alias> isn't supported and may not work as expected
Fontconfig warning: "/etc/fonts/conf.d/40-nonlatin.conf", line 59: Having multiple <family> in <alias> isn't supported and may not work as expected
Fontconfig warning: "/etc/fonts/conf.d/40-nonlatin.conf", line 59: Having multiple <family> in <alias> isn't supported and may not work as expected
Fontconfig warning: "/etc/fonts/conf.d/40-nonlatin.conf", line 59: Having multiple <family> in <alias> isn't supported and may not work as expected
Fontconfig warning: "/etc/fonts/conf.d/40-nonlatin.conf", line 59: Having multiple <family> in <alias> isn't supported and may not work as expected
Fontconfig warning: "/etc/fonts/conf.d/40-nonlatin.conf", line 59: Having multiple <family> in <alias> isn't supported and may not work as expected
Fontconfig warning: "/etc/fonts/conf.d/40-nonlatin.conf", line 59: Having multiple <family> in <alias> isn't supported and may not work as expected
Fontconfig warning: "/etc/fonts/conf.d/40-nonlatin.conf", line 59: Having multiple <family> in <alias> isn't supported and may not work as expected
Fontconfig warning: "/etc/fonts/conf.d/40-nonlatin.conf", line 59: Having multiple <family> in <alias> isn't supported and may not work as expected
Fontconfig warning: "/etc/fonts/conf.d/40-nonlatin.conf", line 59: Having multiple <family> in <alias> isn't supported and may not work as expected
Fontconfig warning: "/etc/fonts/conf.d/40-nonlatin.conf", line 59: Having multiple <family> in <alias> isn't supported and may not work as expected
Fontconfig warning: "/etc/fonts/conf.d/40-nonlatin.conf", line 59: Having multiple <family> in <alias> isn't supported and may not work as expected
Fontconfig warning: "/etc/fonts/conf.d/40-nonlatin.conf", line 59: Having multiple <family> in <alias> isn't supported and may not work as expected
Fontconfig warning: "/etc/fonts/conf.d/40-nonlatin.conf", line 59: Having multiple <family> in <alias> isn't supported and may not work as expected
Fontconfig warning: "/etc/fonts/conf.d/40-nonlatin.conf", line 59: Having multiple <family> in <alias> isn't supported and may not work as expected
Fontconfig warning: "/etc/fonts/conf.d/40-nonlatin.conf", line 59: Having multiple <family> in <alias> isn't supported and may not work as expected
Fontconfig warning: "/etc/fonts/conf.d/40-nonlatin.conf", line 59: Having multiple <family> in <alias> isn't supported and may not work as expected
Fontconfig warning: "/etc/fonts/conf.d/40-nonlatin.conf", line 59: Having multiple <family> in <alias> isn't supported and may not work as expected
Fontconfig warning: "/etc/fonts/conf.d/40-nonlatin.conf", line 59: Having multiple <family> in <alias> isn't supported and may not work as expected
Fontconfig warning: "/etc/fonts/conf.d/40-nonlatin.conf", line 59: Having multiple <family> in <alias> isn't supported and may not work as expected
Fontconfig warning: "/etc/fonts/conf.d/40-nonlatin.conf", line 68: Having multiple <family> in <alias> isn't supported and may not work as expected
Fontconfig warning: "/etc/fonts/conf.d/40-nonlatin.conf", line 68: Having multiple <family> in <alias> isn't supported and may not work as expected
Fontconfig warning: "/etc/fonts/conf.d/40-nonlatin.conf", line 79: Having multiple <family> in <alias> isn't supported and may not work as expected
Fontconfig warning: "/etc/fonts/conf.d/40-nonlatin.conf", line 79: Having multiple <family> in <alias> isn't supported and may not work as expected
Fontconfig warning: "/etc/fonts/conf.d/40-nonlatin.conf", line 79: Having multiple <family> in <alias> isn't supported and may not work as expected
Fontconfig warning: "/etc/fonts/conf.d/40-nonlatin.conf", line 88: Having multiple <family> in <alias> isn't supported and may not work as expected
Fontconfig warning: "/etc/fonts/conf.d/45-latin.conf", line 23: Having multiple <family> in <alias> isn't supported and may not work as expected
Fontconfig warning: "/etc/fonts/conf.d/45-latin.conf", line 23: Having multiple <family> in <alias> isn't supported and may not work as expected
Fontconfig warning: "/etc/fonts/conf.d/45-latin.conf", line 23: Having multiple <family> in <alias> isn't supported and may not work as expected
Fontconfig warning: "/etc/fonts/conf.d/45-latin.conf", line 23: Having multiple <family> in <alias> isn't supported and may not work as expected
Fontconfig warning: "/etc/fonts/conf.d/45-latin.conf", line 23: Having multiple <family> in <alias> isn't supported and may not work as expected
Fontconfig warning: "/etc/fonts/conf.d/45-latin.conf", line 23: Having multiple <family> in <alias> isn't supported and may not work as expected
Fontconfig warning: "/etc/fonts/conf.d/45-latin.conf", line 23: Having multiple <family> in <alias> isn't supported and may not work as expected
Fontconfig warning: "/etc/fonts/conf.d/45-latin.conf", line 23: Having multiple <family> in <alias> isn't supported and may not work as expected
Fontconfig warning: "/etc/fonts/conf.d/45-latin.conf", line 39: Having multiple <family> in <alias> isn't supported and may not work as expected
Fontconfig warning: "/etc/fonts/conf.d/45-latin.conf", line 39: Having multiple <family> in <alias> isn't supported and may not work as expected
Fontconfig warning: "/etc/fonts/conf.d/45-latin.conf", line 39: Having multiple <family> in <alias> isn't supported and may not work as expected
Fontconfig warning: "/etc/fonts/conf.d/45-latin.conf", line 39: Having multiple <family> in <alias> isn't supported and may not work as expected
Fontconfig warning: "/etc/fonts/conf.d/45-latin.conf", line 39: Having multiple <family> in <alias> isn't supported and may not work as expected
Fontconfig warning: "/etc/fonts/conf.d/45-latin.conf", line 39: Having multiple <family> in <alias> isn't supported and may not work as expected
Fontconfig warning: "/etc/fonts/conf.d/45-latin.conf", line 39: Having multiple <family> in <alias> isn't supported and may not work as expected
Fontconfig warning: "/etc/fonts/conf.d/45-latin.conf", line 39: Having multiple <family> in <alias> isn't supported and may not work as expected
Fontconfig warning: "/etc/fonts/conf.d/45-latin.conf", line 39: Having multiple <family> in <alias> isn't supported and may not work as expected
Fontconfig warning: "/etc/fonts/conf.d/45-latin.conf", line 56: Having multiple <family> in <alias> isn't supported and may not work as expected
Fontconfig warning: "/etc/fonts/conf.d/45-latin.conf", line 56: Having multiple <family> in <alias> isn't supported and may not work as expected
Fontconfig warning: "/etc/fonts/conf.d/45-latin.conf", line 56: Having multiple <family> in <alias> isn't supported and may not work as expected
Fontconfig warning: "/etc/fonts/conf.d/45-latin.conf", line 56: Having multiple <family> in <alias> isn't supported and may not work as expected
Fontconfig warning: "/etc/fonts/conf.d/45-latin.conf", line 56: Having multiple <family> in <alias> isn't supported and may not work as expected
Fontconfig warning: "/etc/fonts/conf.d/45-latin.conf", line 56: Having multiple <family> in <alias> isn't supported and may not work as expected
Fontconfig warning: "/etc/fonts/conf.d/45-latin.conf", line 56: Having multiple <family> in <alias> isn't supported and may not work as expected
Fontconfig warning: "/etc/fonts/conf.d/45-latin.conf", line 56: Having multiple <family> in <alias> isn't supported and may not work as expected
Fontconfig warning: "/etc/fonts/conf.d/45-latin.conf", line 56: Having multiple <family> in <alias> isn't supported and may not work as expected
Fontconfig warning: "/etc/fonts/conf.d/45-latin.conf", line 56: Having multiple <family> in <alias> isn't supported and may not work as expected
Fontconfig warning: "/etc/fonts/conf.d/45-latin.conf", line 66: Having multiple <family> in <alias> isn't supported and may not work as expected
Fontconfig warning: "/etc/fonts/conf.d/45-latin.conf", line 66: Having multiple <family> in <alias> isn't supported and may not work as expected
Fontconfig warning: "/etc/fonts/conf.d/45-latin.conf", line 66: Having multiple <family> in <alias> isn't supported and may not work as expected
Fontconfig warning: "/etc/fonts/conf.d/45-latin.conf", line 75: Having multiple <family> in <alias> isn't supported and may not work as expected
Fontconfig warning: "/etc/fonts/conf.d/45-latin.conf", line 75: Having multiple <family> in <alias> isn't supported and may not work as expected
Fontconfig warning: "/etc/fonts/fonts.conf", line 142: blank doesn't take any effect anymore. please remove it from your fonts.conf

(chrome:44): GLib-GIO-CRITICAL **: g_settings_schema_source_lookup: assertion 'source != NULL' failed

(chrome:44): GLib-GIO-CRITICAL **: g_settings_schema_source_lookup: assertion 'source != NULL' failed
[44:56:1105/170101.144987:ERROR:bus.cc(394)] Failed to connect to the bus: Failed to connect to socket /var/run/dbus/system_bus_socket: No such file or directory
[44:44:1105/170101.145269:ERROR:default_network_context_params.cc(60)] Cannot use V8 Proxy resolver in single process mode.
Xlib:  extension "RANDR" missing on display ":99".
[44:44:1105/170101.150453:ERROR:gpu_process_transport_factory.cc(1016)] Lost UI shared context.
[44:44:1105/170101.208129:ERROR:default_network_context_params.cc(60)] Cannot use V8 Proxy resolver in single process mode.

DevTools listening on ws://127.0.0.1:37051/devtools/browser/31f36e28-1bf7-4240-8fa8-dfa6565edb33
[1541437261.243][DEBUG]: DevTools request: http://localhost:37051/json/version
[1541437261.244][SEVERE]: CreatePlatformSocket() returned an error, errno=97: Address family not supported by protocol (97)
[1541437261.345][DEBUG]: DevTools response: {
   "Browser": "Chrome/68.0.3440.75",
   "Protocol-Version": "1.3",
   "User-Agent": "Mozilla/5.0 (X11; Linux x86_64) AppleWebKit/537.36 (KHTML, like Gecko) Chrome/68.0.3440.75 Safari/537.36",
   "V8-Version": "6.8.275.24",
   "WebKit-Version": "537.36 (@cf598d63a4f1b9e7cd14f2a8433276b196e3e07d)",
   "webSocketDebuggerUrl": "ws://localhost:37051/devtools/browser/31f36e28-1bf7-4240-8fa8-dfa6565edb33"
}

[1541437261.347][DEBUG]: DevTools request: http://localhost:37051/json
[1541437261.365][DEBUG]: DevTools response: [ {
   "description": "",
   "devtoolsFrontendUrl": "/devtools/inspector.html?ws=localhost:37051/devtools/page/1FEE0933669D3EFC16F148D5A0F256D1",
   "id": "1FEE0933669D3EFC16F148D5A0F256D1",
   "title": "Chrome Automation Extension",
   "type": "background_page",
   "url": "chrome-extension://aapnijgdinlhnhlmodcfapnahmbfebeb/_generated_background_page.html",
   "webSocketDebuggerUrl": "ws://localhost:37051/devtools/page/1FEE0933669D3EFC16F148D5A0F256D1"
}, {
   "description": "",
   "devtoolsFrontendUrl": "/devtools/inspector.html?ws=localhost:37051/devtools/page/3B70BC91DEA88B341362EFC74B883005",
   "id": "3B70BC91DEA88B341362EFC74B883005",
   "title": "",
   "type": "page",
   "url": "data:,",
   "webSocketDebuggerUrl": "ws://localhost:37051/devtools/page/3B70BC91DEA88B341362EFC74B883005"
} ]

[1541437261.365][DEBUG]: DevTools request: http://localhost:37051/json
[44:81:1105/170101.370371:ERROR:gles2_command_buffer_stub.cc(129)] ContextResult::kFatalFailure: Failed to create default offscreen surface.
[44:77:1105/170101.384093:ERROR:bus.cc(394)] Failed to connect to the bus: Address does not contain a colon
[1541437261.388][DEBUG]: DevTools response: [ {
   "description": "",
   "devtoolsFrontendUrl": "/devtools/inspector.html?ws=localhost:37051/devtools/page/1FEE0933669D3EFC16F148D5A0F256D1",
   "id": "1FEE0933669D3EFC16F148D5A0F256D1",
   "title": "Chrome Automation Extension",
   "type": "background_page",
   "url": "chrome-extension://aapnijgdinlhnhlmodcfapnahmbfebeb/_generated_background_page.html",
   "webSocketDebuggerUrl": "ws://localhost:37051/devtools/page/1FEE0933669D3EFC16F148D5A0F256D1"
}, {
   "description": "",
   "devtoolsFrontendUrl": "/devtools/inspector.html?ws=localhost:37051/devtools/page/3B70BC91DEA88B341362EFC74B883005",
   "id": "3B70BC91DEA88B341362EFC74B883005",
   "title": "",
   "type": "page",
   "url": "data:,",
   "webSocketDebuggerUrl": "ws://localhost:37051/devtools/page/3B70BC91DEA88B341362EFC74B883005"
} ]

[1541437261.391][INFO]: resolved localhost to ["127.0.0.1"]
[1541437261.404][DEBUG]: DEVTOOLS COMMAND Log.enable (id=1) {

}
[1541437261.405][DEBUG]: DEVTOOLS COMMAND DOM.getDocument (id=2) {

}
[1541437261.405][DEBUG]: DEVTOOLS COMMAND Target.setAutoAttach (id=3) {
   "autoAttach": true,
   "waitForDebuggerOnStart": false
}
[1541437261.405][DEBUG]: DEVTOOLS COMMAND Page.enable (id=4) {

}
[1541437261.405][DEBUG]: DEVTOOLS COMMAND Page.enable (id=5) {

}
[1541437261.449][DEBUG]: DEVTOOLS RESPONSE Log.enable (id=1) {

}
[1541437261.449][DEBUG]: DEVTOOLS RESPONSE DOM.getDocument (id=2) {
   "root": {
      "backendNodeId": 2,
      "baseURL": "data:,",
      "childNodeCount": 1,
      "children": [ {
         "attributes": [  ],
         "backendNodeId": 3,
         "childNodeCount": 2,
         "children": [ {
            "attributes": [  ],
            "backendNodeId": 4,
            "childNodeCount": 0,
            "localName": "head",
            "nodeId": 3,
            "nodeName": "HEAD",
            "nodeType": 1,
            "nodeValue": "",
            "parentId": 2
         }, {
            "attributes": [  ],
            "backendNodeId": 5,
            "childNodeCount": 0,
            "localName": "body",
            "nodeId": 4,
            "nodeName": "BODY",
            "nodeType": 1,
            "nodeValue": "",
            "parentId": 2
         } ],
         "frameId": "3B70BC91DEA88B341362EFC74B883005",
         "localName": "html",
         "nodeId": 2,
         "nodeName": "HTML",
         "nodeType": 1,
         "nodeValue": "",
         "parentId": 1
      } ],
      "documentURL": "data:,",
      "localName": "",
      "nodeId": 1,
      "nodeName": "#document",
      "nodeType": 9,
      "nodeValue": "",
      "xmlVersion": ""
   }
}
[1541437261.449][DEBUG]: DEVTOOLS RESPONSE Target.setAutoAttach (id=3) {

}
[1541437261.449][DEBUG]: DEVTOOLS RESPONSE Page.enable (id=4) {

}
[1541437261.449][DEBUG]: DEVTOOLS RESPONSE Page.enable (id=5) {

}
[1541437261.449][DEBUG]: DEVTOOLS COMMAND Runtime.enable (id=6) {

}
[1541437261.566][DEBUG]: DEVTOOLS EVENT Runtime.executionContextCreated {
   "context": {
      "auxData": {
         "frameId": "3B70BC91DEA88B341362EFC74B883005",
         "isDefault": true
      },
      "id": 2,
      "name": "",
      "origin": "://"
   }
}
[1541437261.566][DEBUG]: DEVTOOLS RESPONSE Runtime.enable (id=6) {

}
[1541437261.566][DEBUG]: DEVTOOLS COMMAND Page.enable (id=7) {

}
[1541437261.568][DEBUG]: DEVTOOLS RESPONSE Page.enable (id=7) {

}
[1541437261.568][DEBUG]: DEVTOOLS COMMAND Runtime.enable (id=8) {

}
[1541437261.569][DEBUG]: DEVTOOLS RESPONSE Runtime.enable (id=8) {

}
[1541437261.569][DEBUG]: DEVTOOLS COMMAND Runtime.evaluate (id=9) {
   "expression": "(function() { // Copyright (c) 2012 The Chromium Authors. All rights reserved.\n// Use of this source code is governed by a BSD-style license that can be\n// found in the LICENSE file.\n\n/**\n * Enum f...",
   "returnByValue": true
}
[1541437261.604][DEBUG]: DEVTOOLS RESPONSE Runtime.evaluate (id=9) {
   "result": {
      "type": "object",
      "value": {
         "status": 0,
         "value": 1
      }
   }
}
[1541437261.605][INFO]: RESPONSE InitSession {
   "acceptInsecureCerts": false,
   "acceptSslCerts": false,
   "applicationCacheEnabled": false,
   "browserConnectionEnabled": false,
   "browserName": "chrome",
   "chrome": {
      "chromedriverVersion": "2.39.562737 (dba483cee6a5f15e2e2d73df16968ab10b38a2bf)",
      "userDataDir": "/tmp/.org.chromium.Chromium.laVXwh"
   },
   "cssSelectorsEnabled": true,
   "databaseEnabled": false,
   "handlesAlerts": true,
   "hasTouchScreen": false,
   "javascriptEnabled": true,
   "locationContextEnabled": true,
   "mobileEmulationEnabled": false,
   "nativeEvents": true,
   "networkConnectionEnabled": false,
   "pageLoadStrategy": "normal",
   "platform": "Linux",
   "rotatable": false,
   "setWindowRect": true,
   "~~~": "..."
}
[1541437261.664][INFO]: COMMAND SetTimeout {
   "script": 11000
}
[1541437261.666][INFO]: RESPONSE SetTimeout unknown error: 'ms' must be a double
  (Session info: chrome=68.0.3440.75)
[1541437261.688][INFO]: COMMAND SetTimeout {
   "ms": 11000,
   "type": "script"
}
[1541437261.688][INFO]: RESPONSE SetTimeout
[1541437262.228][INFO]: COMMAND SetTimeout {
   "pageLoad": 30000
}
[1541437262.244][INFO]: RESPONSE SetTimeout unknown error: 'ms' must be a double
  (Session info: chrome=68.0.3440.75)
[1541437262.247][INFO]: COMMAND SetTimeout {
   "ms": 30000,
   "type": "page load"
}
[1541437262.247][INFO]: RESPONSE SetTimeout
[1541437262.284][INFO]: COMMAND Navigate {
   "url": "data:/,"
}
[1541437262.284][INFO]: Waiting for pending navigations...
[1541437262.284][DEBUG]: DEVTOOLS COMMAND Runtime.evaluate (id=10) {
   "expression": "1"
}
[1541437262.285][DEBUG]: DEVTOOLS RESPONSE Runtime.evaluate (id=10) {
   "result": {
      "description": "1",
      "type": "number",
      "value": 1
   }
}
[1541437262.285][DEBUG]: DEVTOOLS COMMAND DOM.getDocument (id=11) {

}
[1541437262.286][DEBUG]: DEVTOOLS RESPONSE DOM.getDocument (id=11) {
   "root": {
      "backendNodeId": 2,
      "baseURL": "data:,",
      "childNodeCount": 1,
      "children": [ {
         "attributes": [  ],
         "backendNodeId": 3,
         "childNodeCount": 2,
         "children": [ {
            "attributes": [  ],
            "backendNodeId": 4,
            "childNodeCount": 0,
            "localName": "head",
            "nodeId": 7,
            "nodeName": "HEAD",
            "nodeType": 1,
            "nodeValue": "",
            "parentId": 6
         }, {
            "attributes": [  ],
            "backendNodeId": 5,
            "childNodeCount": 0,
            "localName": "body",
            "nodeId": 8,
            "nodeName": "BODY",
            "nodeType": 1,
            "nodeValue": "",
            "parentId": 6
         } ],
         "frameId": "3B70BC91DEA88B341362EFC74B883005",
         "localName": "html",
         "nodeId": 6,
         "nodeName": "HTML",
         "nodeType": 1,
         "nodeValue": "",
         "parentId": 5
      } ],
      "documentURL": "data:,",
      "localName": "",
      "nodeId": 5,
      "nodeName": "#document",
      "nodeType": 9,
      "nodeValue": "",
      "xmlVersion": ""
   }
}
[1541437262.286][DEBUG]: DEVTOOLS COMMAND Runtime.evaluate (id=12) {
   "expression": "var frame = document.createElement('iframe');frame.name = 'chromedriver dummy frame';frame.src = 'about:blank';document.body.appendChild(frame);window.setTimeout(function() {  document.body.removeC..."
}
[1541437262.308][DEBUG]: DEVTOOLS EVENT DOM.childNodeCountUpdated {
   "childNodeCount": 1,
   "nodeId": 8
}
[1541437262.308][DEBUG]: DEVTOOLS EVENT Page.frameAttached {
   "frameId": "ACFD7C43B6613820443089F6CB9F26E5",
   "parentFrameId": "3B70BC91DEA88B341362EFC74B883005",
   "stack": {
      "callFrames": [ {
         "columnNumber": 125,
         "functionName": "",
         "lineNumber": 0,
         "scriptId": "33",
         "url": ""
      } ]
   }
}
[1541437262.326][DEBUG]: DEVTOOLS EVENT Page.frameStartedLoading {
   "frameId": "ACFD7C43B6613820443089F6CB9F26E5"
}
[1541437262.326][DEBUG]: DEVTOOLS EVENT Page.frameNavigated {
   "frame": {
      "id": "ACFD7C43B6613820443089F6CB9F26E5",
      "loaderId": "1F6FEEFF2244EF66E6AF8DCCACD4F95A",
      "mimeType": "text/html",
      "name": "chromedriver dummy frame",
      "parentId": "3B70BC91DEA88B341362EFC74B883005",
      "securityOrigin": "://",
      "url": "about:blank"
   }
}
[1541437262.326][DEBUG]: DEVTOOLS EVENT Runtime.executionContextCreated {
   "context": {
      "auxData": {
         "frameId": "ACFD7C43B6613820443089F6CB9F26E5",
         "isDefault": true
      },
      "id": 3,
      "name": "",
      "origin": "://"
   }
}
[1541437262.326][DEBUG]: DEVTOOLS EVENT Page.frameStoppedLoading {
   "frameId": "ACFD7C43B6613820443089F6CB9F26E5"
}
[1541437262.326][DEBUG]: DEVTOOLS RESPONSE Runtime.evaluate (id=12) {
   "result": {
      "description": "1",
      "type": "number",
      "value": 1
   }
}
[1541437262.326][INFO]: Done waiting for pending navigations. Status: ok
[1541437262.326][DEBUG]: DEVTOOLS COMMAND Page.navigate (id=13) {
   "url": "data:/,"
}
[1541437262.346][DEBUG]: DEVTOOLS EVENT DOM.childNodeCountUpdated {
   "childNodeCount": 0,
   "nodeId": 8
}
[1541437262.346][DEBUG]: DEVTOOLS EVENT Runtime.executionContextDestroyed {
   "executionContextId": 3
}
[1541437262.346][DEBUG]: DEVTOOLS EVENT Page.frameDetached {
   "frameId": "ACFD7C43B6613820443089F6CB9F26E5"
}
[1541437262.351][DEBUG]: DEVTOOLS RESPONSE Page.navigate (id=13) {
   "frameId": "3B70BC91DEA88B341362EFC74B883005",
   "loaderId": "522C57F34CC95828B3BB4D8AD5DDB9DF"
}
[1541437262.351][DEBUG]: DEVTOOLS COMMAND Runtime.evaluate (id=14) {
   "expression": "document.URL"
}
[1541437262.364][DEBUG]: DEVTOOLS EVENT Page.frameStartedLoading {
   "frameId": "3B70BC91DEA88B341362EFC74B883005"
}
[1541437262.386][DEBUG]: DEVTOOLS EVENT Runtime.executionContextDestroyed {
   "executionContextId": 2
}
[1541437262.386][DEBUG]: DEVTOOLS EVENT Runtime.executionContextsCleared {

}
[1541437262.386][DEBUG]: DEVTOOLS EVENT Page.frameNavigated {
   "frame": {
      "id": "3B70BC91DEA88B341362EFC74B883005",
      "loaderId": "522C57F34CC95828B3BB4D8AD5DDB9DF",
      "mimeType": "text/plain",
      "securityOrigin": "://",
      "url": "data:/,"
   }
}
[1541437262.386][DEBUG]: DEVTOOLS EVENT Runtime.executionContextCreated {
   "context": {
      "auxData": {
         "frameId": "3B70BC91DEA88B341362EFC74B883005",
         "isDefault": true
      },
      "id": 4,
      "name": "",
      "origin": "://"
   }
}
[1541437262.386][DEBUG]: DEVTOOLS EVENT DOM.documentUpdated {

}
[1541437262.386][DEBUG]: DEVTOOLS COMMAND DOM.getDocument (id=15) {

}
[1541437262.386][DEBUG]: DEVTOOLS EVENT Page.loadEventFired {
   "timestamp": 6753.604409
}
[1541437262.386][DEBUG]: DEVTOOLS EVENT Page.frameStoppedLoading {
   "frameId": "3B70BC91DEA88B341362EFC74B883005"
}
[1541437262.386][DEBUG]: DEVTOOLS EVENT DOM.documentUpdated {

}
[1541437262.386][DEBUG]: DEVTOOLS COMMAND DOM.getDocument (id=16) {

}
[1541437262.387][DEBUG]: DEVTOOLS EVENT Page.domContentEventFired {
   "timestamp": 6753.604827
}
[1541437262.387][DEBUG]: DEVTOOLS RESPONSE Runtime.evaluate (id=14) {
   "result": {
      "type": "string",
      "value": "data:/,"
   }
}
[1541437262.391][DEBUG]: DEVTOOLS RESPONSE DOM.getDocument (id=15) {
   "root": {
      "backendNodeId": 6,
      "baseURL": "data:/,",
      "childNodeCount": 1,
      "children": [ {
         "attributes": [  ],
         "backendNodeId": 7,
         "childNodeCount": 2,
         "children": [ {
            "attributes": [  ],
            "backendNodeId": 8,
            "childNodeCount": 0,
            "localName": "head",
            "nodeId": 11,
            "nodeName": "HEAD",
            "nodeType": 1,
            "nodeValue": "",
            "parentId": 10
         }, {
            "attributes": [  ],
            "backendNodeId": 9,
            "childNodeCount": 0,
            "localName": "body",
            "nodeId": 12,
            "nodeName": "BODY",
            "nodeType": 1,
            "nodeValue": "",
            "parentId": 10
         } ],
         "frameId": "3B70BC91DEA88B341362EFC74B883005",
         "localName": "html",
         "nodeId": 10,
         "nodeName": "HTML",
         "nodeType": 1,
         "nodeValue": "",
         "parentId": 9
      } ],
      "documentURL": "data:/,",
      "localName": "",
      "nodeId": 9,
      "nodeName": "#document",
      "nodeType": 9,
      "nodeValue": "",
      "xmlVersion": ""
   }
}
[1541437262.391][DEBUG]: DEVTOOLS RESPONSE DOM.getDocument (id=16) {
   "root": {
      "backendNodeId": 6,
      "baseURL": "data:/,",
      "childNodeCount": 1,
      "children": [ {
         "attributes": [  ],
         "backendNodeId": 7,
         "childNodeCount": 2,
         "children": [ {
            "attributes": [  ],
            "backendNodeId": 8,
            "childNodeCount": 0,
            "localName": "head",
            "nodeId": 15,
            "nodeName": "HEAD",
            "nodeType": 1,
            "nodeValue": "",
            "parentId": 14
         }, {
            "attributes": [  ],
            "backendNodeId": 9,
            "childNodeCount": 0,
            "localName": "body",
            "nodeId": 16,
            "nodeName": "BODY",
            "nodeType": 1,
            "nodeValue": "",
            "parentId": 14
         } ],
         "frameId": "3B70BC91DEA88B341362EFC74B883005",
         "localName": "html",
         "nodeId": 14,
         "nodeName": "HTML",
         "nodeType": 1,
         "nodeValue": "",
         "parentId": 13
      } ],
      "documentURL": "data:/,",
      "localName": "",
      "nodeId": 13,
      "nodeName": "#document",
      "nodeType": 9,
      "nodeValue": "",
      "xmlVersion": ""
   }
}
[1541437262.391][INFO]: Waiting for pending navigations...
[1541437262.391][DEBUG]: DEVTOOLS COMMAND Runtime.evaluate (id=17) {
   "expression": "1"
}
[1541437262.392][DEBUG]: DEVTOOLS RESPONSE Runtime.evaluate (id=17) {
   "result": {
      "description": "1",
      "type": "number",
      "value": 1
   }
}
[1541437262.392][INFO]: Done waiting for pending navigations. Status: ok
[1541437262.392][INFO]: RESPONSE Navigate
[1541437262.408][INFO]: COMMAND ExecuteScript {
   "args": [ "protractor_sync-test-area", {
      "innerHtml": "\u003Cspan   style=\"height:50px; width:30px; display:block; position: absolute; left:10px; top:10px; border:black solid 2px;\"   class=\"test-span\">test span 1\u003C/span>\u003Cspan class=\"test-span-2\">test span 2\u003C...",
      "style": {
         "boxSizing": "context-box",
         "left": "15px",
         "position": "absolute",
         "top": "15px"
      }
   } ],
   "script": "return (function (id, _options) {\n        var existing = document.querySelector('#' + id);\n        if (existing) {\n            existing.parentNode.removeChild(existing);\n        }\n        var testA..."
}
[1541437262.408][INFO]: Waiting for pending navigations...
[1541437262.408][DEBUG]: DEVTOOLS COMMAND Runtime.evaluate (id=18) {
   "expression": "1"
}
[1541437262.409][DEBUG]: DEVTOOLS RESPONSE Runtime.evaluate (id=18) {
   "result": {
      "description": "1",
      "type": "number",
      "value": 1
   }
}
[1541437262.409][INFO]: Done waiting for pending navigations. Status: ok
[1541437262.410][DEBUG]: DEVTOOLS COMMAND Runtime.evaluate (id=19) {
   "expression": "(function() { // Copyright (c) 2012 The Chromium Authors. All rights reserved.\n// Use of this source code is governed by a BSD-style license that can be\n// found in the LICENSE file.\n\n/**\n * Enum f...",
   "returnByValue": true
}
[1541437262.428][DEBUG]: DEVTOOLS EVENT DOM.childNodeCountUpdated {
   "childNodeCount": 1,
   "nodeId": 16
}
[1541437262.428][DEBUG]: DEVTOOLS RESPONSE Runtime.evaluate (id=19) {
   "result": {
      "type": "object",
      "value": {
         "status": 0
      }
   }
}
[1541437262.428][INFO]: Waiting for pending navigations...
[1541437262.428][DEBUG]: DEVTOOLS COMMAND Runtime.evaluate (id=20) {
   "expression": "1"
}
[1541437262.431][DEBUG]: DEVTOOLS RESPONSE Runtime.evaluate (id=20) {
   "result": {
      "description": "1",
      "type": "number",
      "value": 1
   }
}
[1541437262.431][INFO]: Done waiting for pending navigations. Status: ok
[1541437262.431][INFO]: RESPONSE ExecuteScript
[1541437262.444][INFO]: COMMAND FindElements {
   "using": "css selector",
   "value": "#protractor_sync-test-area"
}
[1541437262.444][INFO]: Waiting for pending navigations...
[1541437262.444][DEBUG]: DEVTOOLS COMMAND Runtime.evaluate (id=21) {
   "expression": "1"
}
[1541437262.449][DEBUG]: DEVTOOLS RESPONSE Runtime.evaluate (id=21) {
   "result": {
      "description": "1",
      "type": "number",
      "value": 1
   }
}
[1541437262.449][INFO]: Done waiting for pending navigations. Status: ok
[1541437262.451][DEBUG]: DEVTOOLS COMMAND Runtime.evaluate (id=22) {
   "expression": "(function() { // Copyright (c) 2012 The Chromium Authors. All rights reserved.\n// Use of this source code is governed by a BSD-style license that can be\n// found in the LICENSE file.\n\n/**\n * Enum f...",
   "returnByValue": true
}
[1541437262.472][DEBUG]: DEVTOOLS RESPONSE Runtime.evaluate (id=22) {
   "result": {
      "type": "object",
      "value": {
         "status": 0,
         "value": [ {
            "ELEMENT": "0.9853363448371493-1"
         } ]
      }
   }
}
[1541437262.472][INFO]: Waiting for pending navigations...
[1541437262.472][DEBUG]: DEVTOOLS COMMAND Runtime.evaluate (id=23) {
   "expression": "1"
}
[1541437262.473][DEBUG]: DEVTOOLS RESPONSE Runtime.evaluate (id=23) {
   "result": {
      "description": "1",
      "type": "number",
      "value": 1
   }
}
[1541437262.473][INFO]: Done waiting for pending navigations. Status: ok
[1541437262.473][INFO]: RESPONSE FindElements [ {
   "ELEMENT": "0.9853363448371493-1"
} ]
[1541437262.484][INFO]: COMMAND IsElementDisplayed {
   "id": "0.9853363448371493-1"
}
[1541437262.484][INFO]: Waiting for pending navigations...
[1541437262.484][DEBUG]: DEVTOOLS COMMAND Runtime.evaluate (id=24) {
   "expression": "1"
}
[1541437262.485][DEBUG]: DEVTOOLS RESPONSE Runtime.evaluate (id=24) {
   "result": {
      "description": "1",
      "type": "number",
      "value": 1
   }
}
[1541437262.485][INFO]: Done waiting for pending navigations. Status: ok
[1541437262.486][DEBUG]: DEVTOOLS COMMAND Runtime.evaluate (id=25) {
   "expression": "(function() { // Copyright (c) 2012 The Chromium Authors. All rights reserved.\n// Use of this source code is governed by a BSD-style license that can be\n// found in the LICENSE file.\n\n/**\n * Enum f...",
   "returnByValue": true
}
[1541437262.494][DEBUG]: DEVTOOLS RESPONSE Runtime.evaluate (id=25) {
   "result": {
      "type": "object",
      "value": {
         "status": 0,
         "value": true
      }
   }
}
[1541437262.495][INFO]: Waiting for pending navigations...
[1541437262.495][DEBUG]: DEVTOOLS COMMAND Runtime.evaluate (id=26) {
   "expression": "1"
}
[1541437262.495][DEBUG]: DEVTOOLS RESPONSE Runtime.evaluate (id=26) {
   "result": {
      "description": "1",
      "type": "number",
      "value": 1
   }
}
[1541437262.495][INFO]: Done waiting for pending navigations. Status: ok
[1541437262.495][INFO]: RESPONSE IsElementDisplayed true
[1541437262.503][INFO]: COMMAND FindElements {
   "using": "css selector",
   "value": ".test-span"
}
[1541437262.503][INFO]: Waiting for pending navigations...
[1541437262.504][DEBUG]: DEVTOOLS COMMAND Runtime.evaluate (id=27) {
   "expression": "1"
}
[1541437262.504][DEBUG]: DEVTOOLS RESPONSE Runtime.evaluate (id=27) {
   "result": {
      "description": "1",
      "type": "number",
      "value": 1
   }
}
[1541437262.504][INFO]: Done waiting for pending navigations. Status: ok
[1541437262.506][DEBUG]: DEVTOOLS COMMAND Runtime.evaluate (id=28) {
   "expression": "(function() { // Copyright (c) 2012 The Chromium Authors. All rights reserved.\n// Use of this source code is governed by a BSD-style license that can be\n// found in the LICENSE file.\n\n/**\n * Enum f...",
   "returnByValue": true
}
[1541437262.545][DEBUG]: DEVTOOLS RESPONSE Runtime.evaluate (id=28) {
   "result": {
      "type": "object",
      "value": {
         "status": 0,
         "value": [ {
            "ELEMENT": "0.9853363448371493-2"
         } ]
      }
   }
}
[1541437262.545][INFO]: Waiting for pending navigations...
[1541437262.545][DEBUG]: DEVTOOLS COMMAND Runtime.evaluate (id=29) {
   "expression": "1"
}
[1541437262.545][DEBUG]: DEVTOOLS RESPONSE Runtime.evaluate (id=29) {
   "result": {
      "description": "1",
      "type": "number",
      "value": 1
   }
}
[1541437262.545][INFO]: Done waiting for pending navigations. Status: ok
[1541437262.545][INFO]: RESPONSE FindElements [ {
   "ELEMENT": "0.9853363448371493-2"
} ]
[1541437262.548][INFO]: COMMAND IsElementDisplayed {
   "id": "0.9853363448371493-2"
}
[1541437262.548][INFO]: Waiting for pending navigations...
[1541437262.548][DEBUG]: DEVTOOLS COMMAND Runtime.evaluate (id=30) {
   "expression": "1"
}
[1541437262.549][DEBUG]: DEVTOOLS RESPONSE Runtime.evaluate (id=30) {
   "result": {
      "description": "1",
      "type": "number",
      "value": 1
   }
}
[1541437262.549][INFO]: Done waiting for pending navigations. Status: ok
[1541437262.550][DEBUG]: DEVTOOLS COMMAND Runtime.evaluate (id=31) {
   "expression": "(function() { // Copyright (c) 2012 The Chromium Authors. All rights reserved.\n// Use of this source code is governed by a BSD-style license that can be\n// found in the LICENSE file.\n\n/**\n * Enum f...",
   "returnByValue": true
}
[1541437262.567][DEBUG]: DEVTOOLS RESPONSE Runtime.evaluate (id=31) {
   "result": {
      "type": "object",
      "value": {
         "status": 0,
         "value": true
      }
   }
}
[1541437262.567][INFO]: Waiting for pending navigations...
[1541437262.567][DEBUG]: DEVTOOLS COMMAND Runtime.evaluate (id=32) {
   "expression": "1"
}
[1541437262.567][DEBUG]: DEVTOOLS RESPONSE Runtime.evaluate (id=32) {
   "result": {
      "description": "1",
      "type": "number",
      "value": 1
   }
}
[1541437262.567][INFO]: Done waiting for pending navigations. Status: ok
[1541437262.567][INFO]: RESPONSE IsElementDisplayed true
[1541437262.568][INFO]: COMMAND FindElements {
   "using": "css selector",
   "value": "input"
}
[1541437262.568][INFO]: Waiting for pending navigations...
[1541437262.568][DEBUG]: DEVTOOLS COMMAND Runtime.evaluate (id=33) {
   "expression": "1"
}
[1541437262.569][DEBUG]: DEVTOOLS RESPONSE Runtime.evaluate (id=33) {
   "result": {
      "description": "1",
      "type": "number",
      "value": 1
   }
}
[1541437262.569][INFO]: Done waiting for pending navigations. Status: ok
[1541437262.571][DEBUG]: DEVTOOLS COMMAND Runtime.evaluate (id=34) {
   "expression": "(function() { // Copyright (c) 2012 The Chromium Authors. All rights reserved.\n// Use of this source code is governed by a BSD-style license that can be\n// found in the LICENSE file.\n\n/**\n * Enum f...",
   "returnByValue": true
}
[1541437262.586][DEBUG]: DEVTOOLS RESPONSE Runtime.evaluate (id=34) {
   "result": {
      "type": "object",
      "value": {
         "status": 0,
         "value": [ {
            "ELEMENT": "0.9853363448371493-3"
         } ]
      }
   }
}
[1541437262.586][INFO]: Waiting for pending navigations...
[1541437262.586][DEBUG]: DEVTOOLS COMMAND Runtime.evaluate (id=35) {
   "expression": "1"
}
[1541437262.587][DEBUG]: DEVTOOLS RESPONSE Runtime.evaluate (id=35) {
   "result": {
      "description": "1",
      "type": "number",
      "value": 1
   }
}
[1541437262.587][INFO]: Done waiting for pending navigations. Status: ok
[1541437262.587][INFO]: RESPONSE FindElements [ {
   "ELEMENT": "0.9853363448371493-3"
} ]
[1541437262.589][INFO]: COMMAND IsElementDisplayed {
   "id": "0.9853363448371493-3"
}
[1541437262.589][INFO]: Waiting for pending navigations...
[1541437262.589][DEBUG]: DEVTOOLS COMMAND Runtime.evaluate (id=36) {
   "expression": "1"
}
[1541437262.590][DEBUG]: DEVTOOLS RESPONSE Runtime.evaluate (id=36) {
   "result": {
      "description": "1",
      "type": "number",
      "value": 1
   }
}
[1541437262.590][INFO]: Done waiting for pending navigations. Status: ok
[1541437262.591][DEBUG]: DEVTOOLS COMMAND Runtime.evaluate (id=37) {
   "expression": "(function() { // Copyright (c) 2012 The Chromium Authors. All rights reserved.\n// Use of this source code is governed by a BSD-style license that can be\n// found in the LICENSE file.\n\n/**\n * Enum f...",
   "returnByValue": true
}
[1541437262.607][DEBUG]: DEVTOOLS RESPONSE Runtime.evaluate (id=37) {
   "result": {
      "type": "object",
      "value": {
         "status": 0,
         "value": true
      }
   }
}
[1541437262.607][INFO]: Waiting for pending navigations...
[1541437262.607][DEBUG]: DEVTOOLS COMMAND Runtime.evaluate (id=38) {
   "expression": "1"
}
[1541437262.608][DEBUG]: DEVTOOLS RESPONSE Runtime.evaluate (id=38) {
   "result": {
      "description": "1",
      "type": "number",
      "value": 1
   }
}
[1541437262.608][INFO]: Done waiting for pending navigations. Status: ok
[1541437262.608][INFO]: RESPONSE IsElementDisplayed true
[1541437262.609][INFO]: COMMAND FindElements {
   "using": "css selector",
   "value": "textarea"
}
[1541437262.609][INFO]: Waiting for pending navigations...
[1541437262.609][DEBUG]: DEVTOOLS COMMAND Runtime.evaluate (id=39) {
   "expression": "1"
}
[1541437262.609][DEBUG]: DEVTOOLS RESPONSE Runtime.evaluate (id=39) {
   "result": {
      "description": "1",
      "type": "number",
      "value": 1
   }
}
[1541437262.609][INFO]: Done waiting for pending navigations. Status: ok
[1541437262.611][DEBUG]: DEVTOOLS COMMAND Runtime.evaluate (id=40) {
   "expression": "(function() { // Copyright (c) 2012 The Chromium Authors. All rights reserved.\n// Use of this source code is governed by a BSD-style license that can be\n// found in the LICENSE file.\n\n/**\n * Enum f...",
   "returnByValue": true
}
[1541437262.627][DEBUG]: DEVTOOLS RESPONSE Runtime.evaluate (id=40) {
   "result": {
      "type": "object",
      "value": {
         "status": 0,
         "value": [ {
            "ELEMENT": "0.9853363448371493-4"
         } ]
      }
   }
}
[1541437262.627][INFO]: Waiting for pending navigations...
[1541437262.627][DEBUG]: DEVTOOLS COMMAND Runtime.evaluate (id=41) {
   "expression": "1"
}
[1541437262.627][DEBUG]: DEVTOOLS RESPONSE Runtime.evaluate (id=41) {
   "result": {
      "description": "1",
      "type": "number",
      "value": 1
   }
}
[1541437262.627][INFO]: Done waiting for pending navigations. Status: ok
[1541437262.627][INFO]: RESPONSE FindElements [ {
   "ELEMENT": "0.9853363448371493-4"
} ]
[1541437262.630][INFO]: COMMAND IsElementDisplayed {
   "id": "0.9853363448371493-4"
}
[1541437262.630][INFO]: Waiting for pending navigations...
[1541437262.630][DEBUG]: DEVTOOLS COMMAND Runtime.evaluate (id=42) {
   "expression": "1"
}
[1541437262.630][DEBUG]: DEVTOOLS RESPONSE Runtime.evaluate (id=42) {
   "result": {
      "description": "1",
      "type": "number",
      "value": 1
   }
}
[1541437262.630][INFO]: Done waiting for pending navigations. Status: ok
[1541437262.632][DEBUG]: DEVTOOLS COMMAND Runtime.evaluate (id=43) {
   "expression": "(function() { // Copyright (c) 2012 The Chromium Authors. All rights reserved.\n// Use of this source code is governed by a BSD-style license that can be\n// found in the LICENSE file.\n\n/**\n * Enum f...",
   "returnByValue": true
}
[1541437262.650][DEBUG]: DEVTOOLS RESPONSE Runtime.evaluate (id=43) {
   "result": {
      "type": "object",
      "value": {
         "status": 0,
         "value": true
      }
   }
}
[1541437262.650][INFO]: Waiting for pending navigations...
[1541437262.650][DEBUG]: DEVTOOLS COMMAND Runtime.evaluate (id=44) {
   "expression": "1"
}
[1541437262.651][DEBUG]: DEVTOOLS RESPONSE Runtime.evaluate (id=44) {
   "result": {
      "description": "1",
      "type": "number",
      "value": 1
   }
}
[1541437262.651][INFO]: Done waiting for pending navigations. Status: ok
[1541437262.651][INFO]: RESPONSE IsElementDisplayed true
[1541437262.667][INFO]: COMMAND ExecuteScript {
   "args": [  ],
   "script": "return (function () {\n            return !!window.jQuery;\n        }).apply(null, arguments);"
}
[1541437262.667][INFO]: Waiting for pending navigations...
[1541437262.667][DEBUG]: DEVTOOLS COMMAND Runtime.evaluate (id=45) {
   "expression": "1"
}
[1541437262.667][DEBUG]: DEVTOOLS RESPONSE Runtime.evaluate (id=45) {
   "result": {
      "description": "1",
      "type": "number",
      "value": 1
   }
}
[1541437262.667][INFO]: Done waiting for pending navigations. Status: ok
[1541437262.667][DEBUG]: DEVTOOLS COMMAND Runtime.evaluate (id=46) {
   "expression": "(function() { // Copyright (c) 2012 The Chromium Authors. All rights reserved.\n// Use of this source code is governed by a BSD-style license that can be\n// found in the LICENSE file.\n\n/**\n * Enum f...",
   "returnByValue": true
}
[1541437262.669][DEBUG]: DEVTOOLS RESPONSE Runtime.evaluate (id=46) {
   "result": {
      "type": "object",
      "value": {
         "status": 0,
         "value": false
      }
   }
}
[1541437262.669][INFO]: Waiting for pending navigations...
[1541437262.669][DEBUG]: DEVTOOLS COMMAND Runtime.evaluate (id=47) {
   "expression": "1"
}
[1541437262.669][DEBUG]: DEVTOOLS RESPONSE Runtime.evaluate (id=47) {
   "result": {
      "description": "1",
      "type": "number",
      "value": 1
   }
}
[1541437262.669][INFO]: Done waiting for pending navigations. Status: ok
[1541437262.669][INFO]: RESPONSE ExecuteScript false
[1541437262.688][INFO]: COMMAND ExecuteScript {
   "args": [ "/*!\n * jQuery JavaScript Library v3.3.1\n * https://jquery.com/\n *\n * Includes Sizzle.js\n * https://sizzlejs.com/\n *\n * Copyright JS Foundation and other contributors\n * Released under the MIT licen..." ],
   "script": "return (function (_jquerySource) {\n                /* tslint:disable-next-line:no-eval */\n                eval(_jquerySource);\n                window.$.noConflict();\n            }).apply(null, argu..."
}
[1541437262.688][INFO]: Waiting for pending navigations...
[1541437262.688][DEBUG]: DEVTOOLS COMMAND Runtime.evaluate (id=48) {
   "expression": "1"
}
[1541437262.688][DEBUG]: DEVTOOLS RESPONSE Runtime.evaluate (id=48) {
   "result": {
      "description": "1",
      "type": "number",
      "value": 1
   }
}
[1541437262.688][INFO]: Done waiting for pending navigations. Status: ok
[1541437262.705][DEBUG]: DEVTOOLS COMMAND Runtime.evaluate (id=49) {
   "expression": "(function() { // Copyright (c) 2012 The Chromium Authors. All rights reserved.\n// Use of this source code is governed by a BSD-style license that can be\n// found in the LICENSE file.\n\n/**\n * Enum f...",
   "returnByValue": true
}
[1541437262.755][DEBUG]: DEVTOOLS EVENT DOM.childNodeInserted {
   "node": {
      "attributes": [  ],
      "backendNodeId": 10,
      "childNodeCount": 0,
      "localName": "fieldset",
      "nodeId": 17,
      "nodeName": "FIELDSET",
      "nodeType": 1,
      "nodeValue": ""
   },
   "parentNodeId": 14,
   "previousNodeId": 16
}
[1541437262.755][DEBUG]: DEVTOOLS EVENT DOM.attributeModified {
   "name": "id",
   "nodeId": 17,
   "value": "sizzle1541437262745"
}
[1541437262.755][DEBUG]: DEVTOOLS EVENT DOM.childNodeRemoved {
   "nodeId": 17,
   "parentNodeId": 14
}
[1541437262.755][DEBUG]: DEVTOOLS EVENT DOM.childNodeInserted {
   "node": {
      "attributes": [  ],
      "backendNodeId": 11,
      "childNodeCount": 0,
      "localName": "fieldset",
      "nodeId": 18,
      "nodeName": "FIELDSET",
      "nodeType": 1,
      "nodeValue": ""
   },
   "parentNodeId": 14,
   "previousNodeId": 16
}
[1541437262.755][DEBUG]: DEVTOOLS EVENT DOM.childNodeCountUpdated {
   "childNodeCount": 1,
   "nodeId": 18
}
[1541437262.755][DEBUG]: DEVTOOLS EVENT DOM.childNodeCountUpdated {
   "childNodeCount": 2,
   "nodeId": 18
}
[1541437262.755][DEBUG]: DEVTOOLS EVENT DOM.childNodeRemoved {
   "nodeId": 18,
   "parentNodeId": 14
}
[1541437262.755][DEBUG]: DEVTOOLS EVENT DOM.childNodeInserted {
   "node": {
      "attributes": [  ],
      "backendNodeId": 12,
      "childNodeCount": 3,
      "localName": "fieldset",
      "nodeId": 19,
      "nodeName": "FIELDSET",
      "nodeType": 1,
      "nodeValue": ""
   },
   "parentNodeId": 14,
   "previousNodeId": 16
}
[1541437262.755][DEBUG]: DEVTOOLS EVENT DOM.attributeModified {
   "name": "disabled",
   "nodeId": 19,
   "value": ""
}
[1541437262.755][DEBUG]: DEVTOOLS EVENT DOM.childNodeRemoved {
   "nodeId": 19,
   "parentNodeId": 14
}
[1541437262.755][DEBUG]: DEVTOOLS RESPONSE Runtime.evaluate (id=49) {
   "result": {
      "type": "object",
      "value": {
         "status": 0
      }
   }
}
[1541437262.755][INFO]: Waiting for pending navigations...
[1541437262.755][DEBUG]: DEVTOOLS COMMAND Runtime.evaluate (id=50) {
   "expression": "1"
}
[1541437262.765][DEBUG]: DEVTOOLS RESPONSE Runtime.evaluate (id=50) {
   "result": {
      "description": "1",
      "type": "number",
      "value": 1
   }
}
[1541437262.765][INFO]: Done waiting for pending navigations. Status: ok
[1541437262.765][INFO]: RESPONSE ExecuteScript
[1541437262.767][INFO]: COMMAND ExecuteScript {
   "args": [ {
      "ELEMENT": "0.9853363448371493-2",
      "element-6066-11e4-a52e-4f735466cecf": "0.9853363448371493-2"
   }, "closest", "div" ],
   "script": "return (function (element, _method, _arg) {\n                var $ = window.jQuery;\n                if (!$) {\n                    return '!!jquery not present!!';\n                }\n                v..."
}
[1541437262.767][INFO]: Waiting for pending navigations...
[1541437262.767][DEBUG]: DEVTOOLS COMMAND Runtime.evaluate (id=51) {
   "expression": "1"
}
[1541437262.768][DEBUG]: DEVTOOLS RESPONSE Runtime.evaluate (id=51) {
   "result": {
      "description": "1",
      "type": "number",
      "value": 1
   }
}
[1541437262.768][INFO]: Done waiting for pending navigations. Status: ok
[1541437262.768][DEBUG]: DEVTOOLS COMMAND Runtime.evaluate (id=52) {
   "expression": "(function() { // Copyright (c) 2012 The Chromium Authors. All rights reserved.\n// Use of this source code is governed by a BSD-style license that can be\n// found in the LICENSE file.\n\n/**\n * Enum f...",
   "returnByValue": true
}
[1541437262.770][DEBUG]: DEVTOOLS RESPONSE Runtime.evaluate (id=52) {
   "result": {
      "type": "object",
      "value": {
         "status": 0,
         "value": [ {
            "ELEMENT": "0.9853363448371493-1"
         } ]
      }
   }
}
[1541437262.770][INFO]: Waiting for pending navigations...
[1541437262.770][DEBUG]: DEVTOOLS COMMAND Runtime.evaluate (id=53) {
   "expression": "1"
}
[1541437262.771][DEBUG]: DEVTOOLS RESPONSE Runtime.evaluate (id=53) {
   "result": {
      "description": "1",
      "type": "number",
      "value": 1
   }
}
[1541437262.771][INFO]: Done waiting for pending navigations. Status: ok
[1541437262.771][INFO]: RESPONSE ExecuteScript [ {
   "ELEMENT": "0.9853363448371493-1"
} ]
[1541437262.784][INFO]: COMMAND GetElementAttribute {
   "id": "0.9853363448371493-1",
   "name": "id"
}
[1541437262.784][INFO]: Waiting for pending navigations...
[1541437262.784][DEBUG]: DEVTOOLS COMMAND Runtime.evaluate (id=54) {
   "expression": "1"
}
[1541437262.785][DEBUG]: DEVTOOLS RESPONSE Runtime.evaluate (id=54) {
   "result": {
      "description": "1",
      "type": "number",
      "value": 1
   }
}
[1541437262.785][INFO]: Done waiting for pending navigations. Status: ok
[1541437262.785][DEBUG]: DEVTOOLS COMMAND Runtime.evaluate (id=55) {
   "expression": "(function() { // Copyright (c) 2012 The Chromium Authors. All rights reserved.\n// Use of this source code is governed by a BSD-style license that can be\n// found in the LICENSE file.\n\n/**\n * Enum f...",
   "returnByValue": true
}
[1541437262.787][DEBUG]: DEVTOOLS RESPONSE Runtime.evaluate (id=55) {
   "result": {
      "type": "object",
      "value": {
         "status": 0,
         "value": "protractor_sync-test-area"
      }
   }
}
[1541437262.787][INFO]: Waiting for pending navigations...
[1541437262.787][DEBUG]: DEVTOOLS COMMAND Runtime.evaluate (id=56) {
   "expression": "1"
}
[1541437262.788][DEBUG]: DEVTOOLS RESPONSE Runtime.evaluate (id=56) {
   "result": {
      "description": "1",
      "type": "number",
      "value": 1
   }
}
[1541437262.788][INFO]: Done waiting for pending navigations. Status: ok
[1541437262.788][INFO]: RESPONSE GetElementAttribute "protractor_sync-test-area"
[1541437262.792][INFO]: COMMAND Screenshot {

}
[1541437262.792][INFO]: Waiting for pending navigations...
[1541437262.792][DEBUG]: DEVTOOLS COMMAND Runtime.evaluate (id=57) {
   "expression": "1"
}
[1541437262.793][DEBUG]: DEVTOOLS RESPONSE Runtime.evaluate (id=57) {
   "result": {
      "description": "1",
      "type": "number",
      "value": 1
   }
}
[1541437262.793][INFO]: Done waiting for pending navigations. Status: ok
[1541437262.793][DEBUG]: DevTools request: http://localhost:37051/json/activate/3B70BC91DEA88B341362EFC74B883005
[1541437262.793][DEBUG]: DevTools response: Target activated
[1541437262.793][DEBUG]: DEVTOOLS COMMAND Page.captureScreenshot (id=58) {

}
[1541437262.915][DEBUG]: DEVTOOLS RESPONSE Page.captureScreenshot (id=58) {
   "data": "iVBORw0KGgoAAAANSUhEUgAABVYAAAO+CAYAAADv/k7HAAAgAElEQVR4nOzdW4yV1f3/8c8GFAFxaIlGCgWrxomapk1bbbA1QlJUhECrKUZsMB4aLghqlHAh1EOt5QLQifVnQCVVYgpMuMBEwSZakoo1qK1aL0xNapCDWCqHiUbKjLL/F/077dQT3wIzFl6vZCI+e..."
}
[1541437262.915][INFO]: Waiting for pending navigations...
[1541437262.915][DEBUG]: DEVTOOLS COMMAND Runtime.evaluate (id=59) {
   "expression": "1"
}
[1541437262.924][DEBUG]: DEVTOOLS RESPONSE Runtime.evaluate (id=59) {
   "result": {
      "description": "1",
      "type": "number",
      "value": 1
   }
}
[1541437262.924][INFO]: Done waiting for pending navigations. Status: ok
[1541437262.924][INFO]: RESPONSE Screenshot "iVBORw0KGgoAAAANSUhEUgAABVYAAAO+CAYAAADv/k7HAAAgAElEQVR4nOzdW4yV1f3/8c8GFAFxaIlGCgWrxomapk1bbbA1QlJUhECrKUZsMB4aLghqlHAh1EOt5QLQifVnQCVVYgpMuMBEwSZakoo1qK1aL0xNapCDWCqHiUbKjLL/F/077dQT3wIzFl6vZCI+e..."
[1541437262.986][INFO]: COMMAND Quit {

}
[1541437263.037][INFO]: RESPONSE Quit
[1541437263.037][DEBUG]: Log type 'driver' lost 0 entries on destruction
[1541437263.037][DEBUG]: Log type 'browser' lost 0 entries on destruction
