[47:47:1016/145156.585587:VERBOSE1:breakpad_linux.cc(1980)] Breakpad disabled
[47:56:1016/145157.215069:ERROR:bus.cc(395)] Failed to connect to the bus: Failed to connect to socket /var/run/dbus/system_bus_socket: No such file or directory
[47:47:1016/145157.234489:VERBOSE1:pref_proxy_config_tracker_impl.cc(154)] 0x1045faeff580: set chrome proxy config service to 0x1045fafd8000
[47:47:1016/145157.259666:VERBOSE1:pulse_stubs.cc(683)] dlopen(libpulse.so.0) failed, dlerror() says:
libpulse.so.0: cannot open shared object file: No such file or directory
[47:47:1016/145157.259704:VERBOSE1:pulse_util.cc(106)] Failed on loading the Pulse library and symbols
[47:47:1016/145157.301720:VERBOSE1:mutable_profile_oauth2_token_service_delegate.cc(162)] MutablePO2TS::MutablePO2TS
[47:47:1016/145157.301804:VERBOSE1:device_event_log_impl.cc(158)] [14:51:57.301] Bluetooth: EVENT: bluetooth_api.cc:68 BluetoothAPI: 0x1045fafe6400
[47:47:1016/145157.315088:VERBOSE1:bluetooth_low_energy_event_router.cc(248)] Initializing BluetoothLowEnergyEventRouter.
[47:47:1016/145157.371667:VERBOSE1:pref_proxy_config_tracker_impl.cc(154)] 0x1045fb185000: set chrome proxy config service to 0x1045fb086300
[47:47:1016/145157.381988:VERBOSE1:extension_service.cc(1403)] AddComponentExtension Cloud Print
[47:47:1016/145157.382010:VERBOSE1:extension_service.cc(1405)] Component extension Cloud Print (mfehgcgbbipciphmccgaenjidiccnmng) installing/upgrading from '' to 0.1
[47:47:1016/145157.392315:VERBOSE1:extension_service.cc(1403)] AddComponentExtension Web Store
[47:47:1016/145157.392339:VERBOSE1:extension_service.cc(1405)] Component extension Web Store (ahfgeienlihckogmohjhadlkjgocpleb) installing/upgrading from '' to 0.2
[47:47:1016/145157.394554:VERBOSE1:extension_service.cc(1403)] AddComponentExtension Chromium PDF Viewer
[47:47:1016/145157.394575:VERBOSE1:extension_service.cc(1405)] Component extension Chromium PDF Viewer (mhjfbmdgcfjbbpaeojofohoefgiehjai) installing/upgrading from '' to 1
[47:47:1016/145157.419842:VERBOSE1:account_reconcilor.cc(88)] AccountReconcilor::AccountReconcilor
[47:47:1016/145157.420392:VERBOSE1:account_reconcilor.cc(99)] AccountReconcilor::Initialize
[47:63:1016/145157.443362:VERBOSE1:component_installer.cc(244)] StartRegistration for Signed Tree Heads
[47:63:1016/145157.443583:VERBOSE1:component_installer.cc(244)] StartRegistration for Origin Trials
[47:47:1016/145157.443755:VERBOSE1:file_type_policies_component_installer.cc(129)] Registering File Type Policies component.
[47:63:1016/145157.443811:VERBOSE1:component_installer.cc(244)] StartRegistration for File Type Policies
[47:63:1016/145157.455522:VERBOSE1:component_installer.cc(244)] StartRegistration for SSL Error Assistant
[47:47:1016/145157.551160:WARNING:password_store_factory.cc(241)] Using basic (unencrypted) store for password storage. See https://chromium.googlesource.com/chromium/src/+/master/docs/linux_password_storage.md for more information about password storage options.
[47:47:1016/145157.593451:VERBOSE1:bluez_dbus_manager.cc(172)] Bluetooth not supported.
[47:47:1016/145157.609995:VERBOSE1:component_updater_service.cc(91)] CrxUpdateService starting up. First update attempt will take place in 360 seconds. Next update attempt will take place in 18000 seconds. 
[47:47:1016/145157.610024:VERBOSE1:component_installer.cc(378)] FinishRegistration for Signed Tree Heads
[47:47:1016/145157.613159:VERBOSE1:component_installer.cc(378)] FinishRegistration for Origin Trials
[47:47:1016/145157.615021:VERBOSE1:component_installer.cc(378)] FinishRegistration for File Type Policies
[47:47:1016/145157.615755:VERBOSE1:component_installer.cc(378)] FinishRegistration for SSL Error Assistant
[47:85:1016/145157.636915:WARNING:histograms.cc(40)] Started multiple compositor clients (Browser, Renderer) in one process. Some metrics will be disabled.
[47:74:1016/145157.841960:VERBOSE1:multi_log_ct_verifier.cc(75)] Adding CT log: Google 'Aviator' log
[47:74:1016/145157.841989:VERBOSE1:multi_log_ct_verifier.cc(75)] Adding CT log: Google 'Icarus' log
[47:74:1016/145157.842004:VERBOSE1:multi_log_ct_verifier.cc(75)] Adding CT log: Google 'Pilot' log
[47:74:1016/145157.842024:VERBOSE1:multi_log_ct_verifier.cc(75)] Adding CT log: Google 'Rocketeer' log
[47:74:1016/145157.842040:VERBOSE1:multi_log_ct_verifier.cc(75)] Adding CT log: Google 'Skydiver' log
[47:74:1016/145157.842054:VERBOSE1:multi_log_ct_verifier.cc(75)] Adding CT log: DigiCert Log Server
[47:74:1016/145157.842067:VERBOSE1:multi_log_ct_verifier.cc(75)] Adding CT log: DigiCert Log Server 2
[47:74:1016/145157.842079:VERBOSE1:multi_log_ct_verifier.cc(75)] Adding CT log: Symantec log
[47:74:1016/145157.842091:VERBOSE1:multi_log_ct_verifier.cc(75)] Adding CT log: Symantec 'Vega' log
[47:74:1016/145157.842103:VERBOSE1:multi_log_ct_verifier.cc(75)] Adding CT log: Symantec 'Sirius' log
[47:74:1016/145157.842115:VERBOSE1:multi_log_ct_verifier.cc(75)] Adding CT log: WoSign log
[47:74:1016/145157.842127:VERBOSE1:multi_log_ct_verifier.cc(75)] Adding CT log: Venafi Gen2 CT log
[47:74:1016/145157.842139:VERBOSE1:multi_log_ct_verifier.cc(75)] Adding CT log: CNNIC CT log
[47:74:1016/145157.842151:VERBOSE1:multi_log_ct_verifier.cc(75)] Adding CT log: StartCom log
[47:74:1016/145157.842164:VERBOSE1:multi_log_ct_verifier.cc(75)] Adding CT log: Comodo 'Sabre' CT log
[47:74:1016/145157.842177:VERBOSE1:multi_log_ct_verifier.cc(75)] Adding CT log: Comodo 'Mammoth' CT log
[47:74:1016/145157.842190:VERBOSE1:multi_log_ct_verifier.cc(75)] Adding CT log: Izenpe log
[47:74:1016/145157.842202:VERBOSE1:multi_log_ct_verifier.cc(75)] Adding CT log: Venafi log
[47:74:1016/145157.842216:VERBOSE1:multi_log_ct_verifier.cc(75)] Adding CT log: Certly.IO log
[47:74:1016/145157.842234:ERROR:io_thread.cc(730)] Cannot use V8 Proxy resolver in single process mode.
[47:74:1016/145157.842413:VERBOSE1:proxy_service.cc(958)] PAC support disabled because there is no system implementation
[47:74:1016/145157.845184:ERROR:io_thread.cc(730)] Cannot use V8 Proxy resolver in single process mode.
[47:74:1016/145157.845212:VERBOSE1:multi_log_ct_verifier.cc(75)] Adding CT log: Google 'Aviator' log
[47:74:1016/145157.845227:VERBOSE1:multi_log_ct_verifier.cc(75)] Adding CT log: Google 'Icarus' log
[47:74:1016/145157.845240:VERBOSE1:multi_log_ct_verifier.cc(75)] Adding CT log: Google 'Pilot' log
[47:74:1016/145157.845253:VERBOSE1:multi_log_ct_verifier.cc(75)] Adding CT log: Google 'Rocketeer' log
[47:74:1016/145157.845266:VERBOSE1:multi_log_ct_verifier.cc(75)] Adding CT log: Google 'Skydiver' log
[47:74:1016/145157.845280:VERBOSE1:multi_log_ct_verifier.cc(75)] Adding CT log: DigiCert Log Server
[47:74:1016/145157.845292:VERBOSE1:multi_log_ct_verifier.cc(75)] Adding CT log: DigiCert Log Server 2
[47:74:1016/145157.845304:VERBOSE1:multi_log_ct_verifier.cc(75)] Adding CT log: Symantec log
[47:74:1016/145157.845317:VERBOSE1:multi_log_ct_verifier.cc(75)] Adding CT log: Symantec 'Vega' log
[47:74:1016/145157.845328:VERBOSE1:multi_log_ct_verifier.cc(75)] Adding CT log: Symantec 'Sirius' log
[47:74:1016/145157.845341:VERBOSE1:multi_log_ct_verifier.cc(75)] Adding CT log: WoSign log
[47:74:1016/145157.845353:VERBOSE1:multi_log_ct_verifier.cc(75)] Adding CT log: Venafi Gen2 CT log
[47:74:1016/145157.845366:VERBOSE1:multi_log_ct_verifier.cc(75)] Adding CT log: CNNIC CT log
[47:74:1016/145157.845378:VERBOSE1:multi_log_ct_verifier.cc(75)] Adding CT log: StartCom log
[47:74:1016/145157.845391:VERBOSE1:multi_log_ct_verifier.cc(75)] Adding CT log: Comodo 'Sabre' CT log
[47:74:1016/145157.845403:VERBOSE1:multi_log_ct_verifier.cc(75)] Adding CT log: Comodo 'Mammoth' CT log
[47:74:1016/145157.845417:VERBOSE1:multi_log_ct_verifier.cc(75)] Adding CT log: Izenpe log
[47:74:1016/145157.845431:VERBOSE1:multi_log_ct_verifier.cc(75)] Adding CT log: Venafi log
[47:74:1016/145157.845445:VERBOSE1:multi_log_ct_verifier.cc(75)] Adding CT log: Certly.IO log
[47:74:1016/145157.845831:VERBOSE1:proxy_service.cc(958)] PAC support disabled because there is no system implementation
[47:74:1016/145157.855473:VERBOSE1:network_delegate.cc(30)] NetworkDelegate::NotifyBeforeURLRequest: https://www.gstatic.com/chrome/intelligence/assist/ranker/models/translate/2017/03/translate_ranker_model_20170329.pb.bin
[47:74:1016/145157.855507:VERBOSE1:network_delegate.cc(30)] NetworkDelegate::NotifyBeforeURLRequest: https://www.gstatic.com/chrome/intelligence/assist/ranker/models/translate/2017/03/translate_ranker_model_20170329.pb.bin
[47:74:1016/145157.923207:VERBOSE1:network_delegate.cc(30)] NetworkDelegate::NotifyBeforeURLRequest: chrome-extension://aapnijgdinlhnhlmodcfapnahmbfebeb/_generated_background_page.html
[47:74:1016/145157.923233:VERBOSE1:network_delegate.cc(30)] NetworkDelegate::NotifyBeforeURLRequest: chrome-extension://aapnijgdinlhnhlmodcfapnahmbfebeb/_generated_background_page.html
[47:74:1016/145157.923252:VERBOSE1:network_delegate.cc(30)] NetworkDelegate::NotifyBeforeURLRequest: chrome-extension://aapnijgdinlhnhlmodcfapnahmbfebeb/_generated_background_page.html
[47:85:1016/145157.929549:VERBOSE1:LocalWindowProxy.cpp(236)] A context is created NOT from snapshot
[47:85:1016/145157.930041:VERBOSE1:script_context.cc(111)] Created context:
  extension id:           (none)
  frame:                  0x34732b121d18
  URL:                    
  context_type:           WEB_PAGE
  effective extension id: (none)
  effective context type: WEB_PAGE
[47:85:1016/145157.930653:VERBOSE1:script_context.cc(111)] Created context:
  extension id:           (none)
  frame:                  (nil)
  URL:                    
  context_type:           UNSPECIFIED
  effective extension id: (none)
  effective context type: UNSPECIFIED
[47:85:1016/145157.935939:VERBOSE1:dispatcher.cc(366)] Num tracked contexts: 1
[47:74:1016/145157.972146:VERBOSE1:network_delegate.cc(30)] NetworkDelegate::NotifyBeforeURLRequest: chrome-extension://aapnijgdinlhnhlmodcfapnahmbfebeb/background.js
[47:74:1016/145157.972175:VERBOSE1:network_delegate.cc(30)] NetworkDelegate::NotifyBeforeURLRequest: chrome-extension://aapnijgdinlhnhlmodcfapnahmbfebeb/background.js
[47:74:1016/145157.972195:VERBOSE1:network_delegate.cc(30)] NetworkDelegate::NotifyBeforeURLRequest: chrome-extension://aapnijgdinlhnhlmodcfapnahmbfebeb/background.js
[47:85:1016/145157.976128:VERBOSE1:LocalWindowProxy.cpp(236)] A context is created NOT from snapshot
[47:85:1016/145157.976565:VERBOSE1:script_context.cc(111)] Created context:
  extension id:           aapnijgdinlhnhlmodcfapnahmbfebeb
  frame:                  0x34732b12e920
  URL:                    
  context_type:           BLESSED_EXTENSION
  effective extension id: aapnijgdinlhnhlmodcfapnahmbfebeb
  effective context type: BLESSED_EXTENSION
[47:85:1016/145157.976698:VERBOSE1:script_context.cc(111)] Created context:
  extension id:           (none)
  frame:                  (nil)
  URL:                    
  context_type:           UNSPECIFIED
  effective extension id: (none)
  effective context type: UNSPECIFIED
[47:85:1016/145158.017484:VERBOSE1:dispatcher.cc(366)] Num tracked contexts: 2
[47:85:1016/145158.018811:VERBOSE1:language_detection_util.cc(234)] Detected language: und
[47:85:1016/145158.475395:VERBOSE1:dispatcher.cc(498)] Num tracked contexts: 1
[47:85:1016/145158.477755:VERBOSE1:LocalWindowProxy.cpp(236)] A context is created NOT from snapshot
[47:85:1016/145158.477991:VERBOSE1:script_context.cc(111)] Created context:
  extension id:           (none)
  frame:                  0x34732b121d18
  URL:                    
  context_type:           WEB_PAGE
  effective extension id: (none)
  effective context type: WEB_PAGE
[47:85:1016/145158.478059:VERBOSE1:script_context.cc(111)] Created context:
  extension id:           (none)
  frame:                  (nil)
  URL:                    
  context_type:           UNSPECIFIED
  effective extension id: (none)
  effective context type: UNSPECIFIED
[47:85:1016/145158.478589:VERBOSE1:dispatcher.cc(366)] Num tracked contexts: 2
[47:85:1016/145158.479629:VERBOSE1:script_context.cc(120)] Destroyed context for extension
  extension id: 
  effective extension id: 
[47:85:1016/145158.479653:VERBOSE1:script_context.cc(120)] Destroyed context for extension
  extension id: 
  effective extension id: 
[47:85:1016/145158.496977:VERBOSE1:language_detection_util.cc(234)] Detected language: und
[47:85:1016/145158.558246:VERBOSE1:LocalWindowProxy.cpp(236)] A context is created NOT from snapshot
[47:85:1016/145158.558585:VERBOSE1:script_context.cc(111)] Created context:
  extension id:           (none)
  frame:                  0x34732b13a2c8
  URL:                    
  context_type:           WEB_PAGE
  effective extension id: (none)
  effective context type: WEB_PAGE
[47:85:1016/145158.558678:VERBOSE1:script_context.cc(111)] Created context:
  extension id:           (none)
  frame:                  (nil)
  URL:                    
  context_type:           UNSPECIFIED
  effective extension id: (none)
  effective context type: UNSPECIFIED
[47:85:1016/145158.572297:VERBOSE1:dispatcher.cc(366)] Num tracked contexts: 3
[47:85:1016/145158.597446:VERBOSE1:dispatcher.cc(498)] Num tracked contexts: 2
[47:85:1016/145158.598145:VERBOSE1:script_context.cc(120)] Destroyed context for extension
  extension id: 
  effective extension id: 
[47:85:1016/145158.598167:VERBOSE1:script_context.cc(120)] Destroyed context for extension
  extension id: 
  effective extension id: 
