[44:44:1105/170100.166333:VERBOSE1:breakpad_linux.cc(1977)] Breakpad disabled
[44:56:1105/170101.144987:ERROR:bus.cc(394)] Failed to connect to the bus: Failed to connect to socket /var/run/dbus/system_bus_socket: No such file or directory
[44:44:1105/170101.145058:VERBOSE1:webrtc_event_log_manager.cc(390)] WebRTC remote-bound event logging disabled.
[44:44:1105/170101.145164:VERBOSE1:pref_proxy_config_tracker_impl.cc(184)] 0x491cc1c5580: set chrome proxy config service to 0x491cc36a780
[44:44:1105/170101.145269:ERROR:default_network_context_params.cc(60)] Cannot use V8 Proxy resolver in single process mode.
[44:47:1105/170101.147651:VERBOSE1:multi_log_ct_verifier.cc(75)] Adding CT log: Google 'Argon2018' log
[44:47:1105/170101.147671:VERBOSE1:multi_log_ct_verifier.cc(75)] Adding CT log: Google 'Argon2019' log
[44:47:1105/170101.147681:VERBOSE1:multi_log_ct_verifier.cc(75)] Adding CT log: Google 'Argon2020' log
[44:47:1105/170101.147690:VERBOSE1:multi_log_ct_verifier.cc(75)] Adding CT log: Google 'Argon2021' log
[44:47:1105/170101.147699:VERBOSE1:multi_log_ct_verifier.cc(75)] Adding CT log: Google 'Aviator' log
[44:47:1105/170101.147708:VERBOSE1:multi_log_ct_verifier.cc(75)] Adding CT log: Google 'Icarus' log
[44:47:1105/170101.147718:VERBOSE1:multi_log_ct_verifier.cc(75)] Adding CT log: Google 'Pilot' log
[44:47:1105/170101.147727:VERBOSE1:multi_log_ct_verifier.cc(75)] Adding CT log: Google 'Rocketeer' log
[44:47:1105/170101.147736:VERBOSE1:multi_log_ct_verifier.cc(75)] Adding CT log: Google 'Skydiver' log
[44:47:1105/170101.147745:VERBOSE1:multi_log_ct_verifier.cc(75)] Adding CT log: Cloudflare 'Nimbus2018' Log
[44:47:1105/170101.147755:VERBOSE1:multi_log_ct_verifier.cc(75)] Adding CT log: Cloudflare 'Nimbus2019' Log
[44:47:1105/170101.147764:VERBOSE1:multi_log_ct_verifier.cc(75)] Adding CT log: Cloudflare 'Nimbus2020' Log
[44:47:1105/170101.147773:VERBOSE1:multi_log_ct_verifier.cc(75)] Adding CT log: Cloudflare 'Nimbus2021' Log
[44:47:1105/170101.147781:VERBOSE1:multi_log_ct_verifier.cc(75)] Adding CT log: DigiCert Log Server
[44:47:1105/170101.147790:VERBOSE1:multi_log_ct_verifier.cc(75)] Adding CT log: DigiCert Log Server 2
[44:47:1105/170101.147799:VERBOSE1:multi_log_ct_verifier.cc(75)] Adding CT log: DigiCert Yeti2018 Log
[44:47:1105/170101.147808:VERBOSE1:multi_log_ct_verifier.cc(75)] Adding CT log: DigiCert Yeti2019 Log
[44:47:1105/170101.147817:VERBOSE1:multi_log_ct_verifier.cc(75)] Adding CT log: DigiCert Yeti2020 Log
[44:47:1105/170101.147825:VERBOSE1:multi_log_ct_verifier.cc(75)] Adding CT log: DigiCert Yeti2021 Log
[44:47:1105/170101.147833:VERBOSE1:multi_log_ct_verifier.cc(75)] Adding CT log: DigiCert Yeti2022 Log
[44:47:1105/170101.147842:VERBOSE1:multi_log_ct_verifier.cc(75)] Adding CT log: Symantec log
[44:47:1105/170101.147851:VERBOSE1:multi_log_ct_verifier.cc(75)] Adding CT log: Symantec 'Vega' log
[44:47:1105/170101.147860:VERBOSE1:multi_log_ct_verifier.cc(75)] Adding CT log: Symantec 'Sirius' log
[44:47:1105/170101.147870:VERBOSE1:multi_log_ct_verifier.cc(75)] Adding CT log: Venafi Gen2 CT log
[44:47:1105/170101.147879:VERBOSE1:multi_log_ct_verifier.cc(75)] Adding CT log: CNNIC CT log
[44:47:1105/170101.147888:VERBOSE1:multi_log_ct_verifier.cc(75)] Adding CT log: Comodo 'Sabre' CT log
[44:47:1105/170101.147897:VERBOSE1:multi_log_ct_verifier.cc(75)] Adding CT log: Comodo 'Mammoth' CT log
[44:47:1105/170101.147906:VERBOSE1:multi_log_ct_verifier.cc(75)] Adding CT log: StartCom log
[44:47:1105/170101.147915:VERBOSE1:multi_log_ct_verifier.cc(75)] Adding CT log: WoSign log
[44:47:1105/170101.147924:VERBOSE1:multi_log_ct_verifier.cc(75)] Adding CT log: Izenpe log
[44:47:1105/170101.147933:VERBOSE1:multi_log_ct_verifier.cc(75)] Adding CT log: Venafi log
[44:47:1105/170101.147941:VERBOSE1:multi_log_ct_verifier.cc(75)] Adding CT log: Certly.IO log
[44:47:1105/170101.148044:VERBOSE1:proxy_resolution_service.cc(1022)] PAC support disabled because there is no system implementation
[44:44:1105/170101.150453:ERROR:gpu_process_transport_factory.cc(1016)] Lost UI shared context.
[44:44:1105/170101.167539:VERBOSE1:pulse_stubs.cc(683)] dlopen(libpulse.so.0) failed, dlerror() says:
libpulse.so.0: cannot open shared object file: No such file or directory
[44:44:1105/170101.167634:VERBOSE1:pulse_util.cc(105)] Failed on loading the Pulse library and symbols
[44:44:1105/170101.175930:VERBOSE1:mutable_profile_oauth2_token_service_delegate.cc(347)] MutablePO2TS::MutablePO2TS
[44:44:1105/170101.176014:VERBOSE1:device_event_log_impl.cc(161)] [17:01:01.175] Bluetooth: EVENT: bluetooth_api.cc:72 BluetoothAPI: 0x491cc2d7000
[44:44:1105/170101.176260:VERBOSE1:bluetooth_low_energy_event_router.cc(248)] Initializing BluetoothLowEnergyEventRouter.
[44:44:1105/170101.185473:VERBOSE1:dns_sd_registry.cc(158)] RegisterDnsSdListener: _googlecast._tcp.local, registered: 0
[44:44:1105/170101.185495:VERBOSE1:service_discovery_device_lister.cc(40)] DeviceListerStart: service_type: _googlecast._tcp.local
[44:44:1105/170101.185507:VERBOSE1:dns_sd_device_lister.cc(46)] Started device lister for service type _googlecast._tcp.local
[44:44:1105/170101.185515:VERBOSE1:service_discovery_device_lister.cc(46)] DiscoverNewDevices: service_type: _googlecast._tcp.local
[44:44:1105/170101.185524:VERBOSE1:dns_sd_device_lister.cc(50)] Discovery new devices for service type _googlecast._tcp.local
[44:44:1105/170101.185533:VERBOSE1:dns_sd_registry.cc(249)] DispatchApiEvent: service_type: _googlecast._tcp.local
[44:44:1105/170101.208080:VERBOSE1:pref_proxy_config_tracker_impl.cc(184)] 0x491cc64a000: set chrome proxy config service to 0x491cc4fb480
[44:44:1105/170101.208129:ERROR:default_network_context_params.cc(60)] Cannot use V8 Proxy resolver in single process mode.
[44:44:1105/170101.210267:VERBOSE1:extension_service.cc(1254)] AddComponentExtension Cloud Print
[44:44:1105/170101.210281:VERBOSE1:extension_service.cc(1256)] Component extension Cloud Print (mfehgcgbbipciphmccgaenjidiccnmng) installing/upgrading from '' to 0.1
[44:44:1105/170101.210623:VERBOSE1:extension_service.cc(1254)] AddComponentExtension Web Store
[44:44:1105/170101.210636:VERBOSE1:extension_service.cc(1256)] Component extension Web Store (ahfgeienlihckogmohjhadlkjgocpleb) installing/upgrading from '' to 0.2
[44:44:1105/170101.210952:VERBOSE1:extension_service.cc(1254)] AddComponentExtension Chromium PDF Viewer
[44:44:1105/170101.210965:VERBOSE1:extension_service.cc(1256)] Component extension Chromium PDF Viewer (mhjfbmdgcfjbbpaeojofohoefgiehjai) installing/upgrading from '' to 1
[44:44:1105/170101.212188:VERBOSE1:account_reconcilor.cc(101)] AccountReconcilor::AccountReconcilor
[44:44:1105/170101.212203:VERBOSE1:account_reconcilor.cc(115)] AccountReconcilor::Initialize
[44:47:1105/170101.223950:VERBOSE1:multi_log_ct_verifier.cc(75)] Adding CT log: Google 'Argon2018' log
[44:47:1105/170101.223971:VERBOSE1:multi_log_ct_verifier.cc(75)] Adding CT log: Google 'Argon2019' log
[44:47:1105/170101.223986:VERBOSE1:multi_log_ct_verifier.cc(75)] Adding CT log: Google 'Argon2020' log
[44:47:1105/170101.223996:VERBOSE1:multi_log_ct_verifier.cc(75)] Adding CT log: Google 'Argon2021' log
[44:47:1105/170101.224004:VERBOSE1:multi_log_ct_verifier.cc(75)] Adding CT log: Google 'Aviator' log
[44:47:1105/170101.224013:VERBOSE1:multi_log_ct_verifier.cc(75)] Adding CT log: Google 'Icarus' log
[44:47:1105/170101.224022:VERBOSE1:multi_log_ct_verifier.cc(75)] Adding CT log: Google 'Pilot' log
[44:47:1105/170101.224031:VERBOSE1:multi_log_ct_verifier.cc(75)] Adding CT log: Google 'Rocketeer' log
[44:47:1105/170101.224040:VERBOSE1:multi_log_ct_verifier.cc(75)] Adding CT log: Google 'Skydiver' log
[44:47:1105/170101.224049:VERBOSE1:multi_log_ct_verifier.cc(75)] Adding CT log: Cloudflare 'Nimbus2018' Log
[44:47:1105/170101.224058:VERBOSE1:multi_log_ct_verifier.cc(75)] Adding CT log: Cloudflare 'Nimbus2019' Log
[44:47:1105/170101.224068:VERBOSE1:multi_log_ct_verifier.cc(75)] Adding CT log: Cloudflare 'Nimbus2020' Log
[44:47:1105/170101.224076:VERBOSE1:multi_log_ct_verifier.cc(75)] Adding CT log: Cloudflare 'Nimbus2021' Log
[44:47:1105/170101.224085:VERBOSE1:multi_log_ct_verifier.cc(75)] Adding CT log: DigiCert Log Server
[44:47:1105/170101.224094:VERBOSE1:multi_log_ct_verifier.cc(75)] Adding CT log: DigiCert Log Server 2
[44:47:1105/170101.224112:VERBOSE1:multi_log_ct_verifier.cc(75)] Adding CT log: DigiCert Yeti2018 Log
[44:47:1105/170101.224121:VERBOSE1:multi_log_ct_verifier.cc(75)] Adding CT log: DigiCert Yeti2019 Log
[44:47:1105/170101.224130:VERBOSE1:multi_log_ct_verifier.cc(75)] Adding CT log: DigiCert Yeti2020 Log
[44:47:1105/170101.224139:VERBOSE1:multi_log_ct_verifier.cc(75)] Adding CT log: DigiCert Yeti2021 Log
[44:47:1105/170101.224148:VERBOSE1:multi_log_ct_verifier.cc(75)] Adding CT log: DigiCert Yeti2022 Log
[44:47:1105/170101.224157:VERBOSE1:multi_log_ct_verifier.cc(75)] Adding CT log: Symantec log
[44:47:1105/170101.224165:VERBOSE1:multi_log_ct_verifier.cc(75)] Adding CT log: Symantec 'Vega' log
[44:47:1105/170101.224174:VERBOSE1:multi_log_ct_verifier.cc(75)] Adding CT log: Symantec 'Sirius' log
[44:47:1105/170101.224183:VERBOSE1:multi_log_ct_verifier.cc(75)] Adding CT log: Venafi Gen2 CT log
[44:47:1105/170101.224192:VERBOSE1:multi_log_ct_verifier.cc(75)] Adding CT log: CNNIC CT log
[44:47:1105/170101.224201:VERBOSE1:multi_log_ct_verifier.cc(75)] Adding CT log: Comodo 'Sabre' CT log
[44:47:1105/170101.224210:VERBOSE1:multi_log_ct_verifier.cc(75)] Adding CT log: Comodo 'Mammoth' CT log
[44:47:1105/170101.224219:VERBOSE1:multi_log_ct_verifier.cc(75)] Adding CT log: StartCom log
[44:47:1105/170101.224228:VERBOSE1:multi_log_ct_verifier.cc(75)] Adding CT log: WoSign log
[44:47:1105/170101.224236:VERBOSE1:multi_log_ct_verifier.cc(75)] Adding CT log: Izenpe log
[44:47:1105/170101.224245:VERBOSE1:multi_log_ct_verifier.cc(75)] Adding CT log: Venafi log
[44:47:1105/170101.224254:VERBOSE1:multi_log_ct_verifier.cc(75)] Adding CT log: Certly.IO log
[44:47:1105/170101.224283:VERBOSE1:proxy_resolution_service.cc(1022)] PAC support disabled because there is no system implementation
[44:44:1105/170101.226643:VERBOSE1:file_type_policies_component_installer.cc(134)] Registering File Type Policies component.
[44:44:1105/170101.227175:WARNING:browser_main_loop.cc(271)] GLib-GObject: g_object_get_valist: object class 'GtkSettings' has no property named 'gtk-application-prefer-dark-theme'
[44:44:1105/170101.246726:WARNING:password_store_factory.cc(250)] Using basic (unencrypted) store for password storage. See https://chromium.googlesource.com/chromium/src/+/master/docs/linux_password_storage.md for more information about password storage options.
[44:47:1105/170101.272930:VERBOSE1:network_delegate.cc(30)] NetworkDelegate::NotifyBeforeURLRequest: data:,
[44:47:1105/170101.272951:VERBOSE1:network_delegate.cc(30)] NetworkDelegate::NotifyBeforeURLRequest: data:,
[44:47:1105/170101.272967:VERBOSE1:network_delegate.cc(30)] NetworkDelegate::NotifyBeforeURLRequest: data:,
[44:83:1105/170101.303233:WARNING:histograms.cc(40)] Started multiple compositor clients (Browser, Renderer) in one process. Some metrics will be disabled.
[44:44:1105/170101.306284:VERBOSE1:bluez_dbus_manager.cc(174)] Bluetooth not supported.
[44:44:1105/170101.307322:VERBOSE1:gaia_cookie_manager_service.cc(787)] GaiaCookieManagerService::ListAccounts
[44:47:1105/170101.307466:VERBOSE1:network_delegate.cc(30)] NetworkDelegate::NotifyBeforeURLRequest: https://accounts.google.com/ListAccounts?gpsia=1&source=durations_metrics,counter:0,load_time_ms:131&json=standard
[44:47:1105/170101.307483:VERBOSE1:network_delegate.cc(30)] NetworkDelegate::NotifyBeforeURLRequest: https://accounts.google.com/ListAccounts?gpsia=1&source=durations_metrics,counter:0,load_time_ms:131&json=standard
[44:47:1105/170101.307496:VERBOSE1:network_delegate.cc(30)] NetworkDelegate::NotifyBeforeURLRequest: https://accounts.google.com/ListAccounts?gpsia=1&source=durations_metrics,counter:0,load_time_ms:131&json=standard
[44:47:1105/170101.309069:VERBOSE1:mdns_client_impl.cc(160)] Sockets ready:2
[44:47:1105/170101.349357:VERBOSE1:network_delegate.cc(30)] NetworkDelegate::NotifyBeforeURLRequest: chrome-extension://aapnijgdinlhnhlmodcfapnahmbfebeb/_generated_background_page.html
[44:47:1105/170101.349376:VERBOSE1:network_delegate.cc(30)] NetworkDelegate::NotifyBeforeURLRequest: chrome-extension://aapnijgdinlhnhlmodcfapnahmbfebeb/_generated_background_page.html
[44:47:1105/170101.349395:VERBOSE1:network_delegate.cc(30)] NetworkDelegate::NotifyBeforeURLRequest: chrome-extension://aapnijgdinlhnhlmodcfapnahmbfebeb/_generated_background_page.html
[44:81:1105/170101.370371:ERROR:gles2_command_buffer_stub.cc(129)] ContextResult::kFatalFailure: Failed to create default offscreen surface.
[44:77:1105/170101.384093:ERROR:bus.cc(394)] Failed to connect to the bus: Address does not contain a colon
[44:61:1105/170101.390686:VERBOSE1:component_installer.cc(252)] StartRegistration for Subresource Filter Rules
[44:61:1105/170101.390872:VERBOSE1:component_installer.cc(252)] StartRegistration for CRLSet
[44:61:1105/170101.390981:VERBOSE1:component_installer.cc(252)] StartRegistration for Signed Tree Heads
[44:61:1105/170101.391167:VERBOSE1:component_installer.cc(252)] StartRegistration for Origin Trials
[44:61:1105/170101.391305:VERBOSE1:component_installer.cc(252)] StartRegistration for File Type Policies
[44:61:1105/170101.391439:VERBOSE1:component_installer.cc(252)] StartRegistration for SSL Error Assistant
[44:44:1105/170101.391452:VERBOSE1:component_installer.cc(396)] FinishRegistration for Subresource Filter Rules
[44:44:1105/170101.391481:VERBOSE1:component_updater_service.cc(88)] CrxUpdateService starting up. First update attempt will take place in 360 seconds. Next update attempt will take place in 18000 seconds. 
[44:44:1105/170101.391501:VERBOSE1:component_installer.cc(396)] FinishRegistration for CRLSet
[44:44:1105/170101.391538:VERBOSE1:component_installer.cc(396)] FinishRegistration for Signed Tree Heads
[44:61:1105/170101.391550:VERBOSE1:component_installer.cc(252)] StartRegistration for MEI Preload
[44:44:1105/170101.391558:VERBOSE1:component_installer.cc(396)] FinishRegistration for Origin Trials
[44:44:1105/170101.392315:VERBOSE1:component_installer.cc(396)] FinishRegistration for File Type Policies
[44:44:1105/170101.392353:VERBOSE1:component_installer.cc(396)] FinishRegistration for SSL Error Assistant
[44:44:1105/170101.392376:VERBOSE1:component_installer.cc(396)] FinishRegistration for MEI Preload
[44:83:1105/170101.412530:VERBOSE1:language_detection_util.cc(129)] Detected language: und
[44:47:1105/170101.426069:VERBOSE1:network_delegate.cc(30)] NetworkDelegate::NotifyBeforeURLRequest: chrome-extension://aapnijgdinlhnhlmodcfapnahmbfebeb/background.js
[44:47:1105/170101.426087:VERBOSE1:network_delegate.cc(30)] NetworkDelegate::NotifyBeforeURLRequest: chrome-extension://aapnijgdinlhnhlmodcfapnahmbfebeb/background.js
[44:47:1105/170101.426099:VERBOSE1:network_delegate.cc(30)] NetworkDelegate::NotifyBeforeURLRequest: chrome-extension://aapnijgdinlhnhlmodcfapnahmbfebeb/background.js
[44:83:1105/170101.446577:VERBOSE1:v8_context_snapshot.cc(139)] A context is created from snapshot for main world
[44:83:1105/170101.446790:VERBOSE1:script_context.cc(91)] Created context:
  extension id:           aapnijgdinlhnhlmodcfapnahmbfebeb
  frame:                  0x3b9f3f31408
  URL:                    
  context_type:           BLESSED_EXTENSION
  effective extension id: aapnijgdinlhnhlmodcfapnahmbfebeb
  effective context type: BLESSED_EXTENSION
[44:83:1105/170101.447685:VERBOSE1:script_context.cc(91)] Created context:
  extension id:           (none)
  frame:                  (nil)
  URL:                    
  context_type:           UNSPECIFIED
  effective extension id: (none)
  effective context type: UNSPECIFIED
[44:47:1105/170101.470146:VERBOSE1:network_delegate.cc(30)] NetworkDelegate::NotifyBeforeURLRequest: https://www.gstatic.com/chrome/intelligence/assist/ranker/models/translate/translate_ranker_20180123.model
[44:47:1105/170101.470170:VERBOSE1:network_delegate.cc(30)] NetworkDelegate::NotifyBeforeURLRequest: https://www.gstatic.com/chrome/intelligence/assist/ranker/models/translate/translate_ranker_20180123.model
[44:83:1105/170101.510874:VERBOSE1:dispatcher.cc(360)] Num tracked contexts: 1
[44:83:1105/170101.549645:VERBOSE1:v8_context_snapshot.cc(139)] A context is created from snapshot for main world
[44:83:1105/170101.549758:VERBOSE1:script_context.cc(91)] Created context:
  extension id:           (none)
  frame:                  0x3b9f3f21c28
  URL:                    
  context_type:           WEB_PAGE
  effective extension id: (none)
  effective context type: WEB_PAGE
[44:83:1105/170101.549870:VERBOSE1:script_context.cc(91)] Created context:
  extension id:           (none)
  frame:                  (nil)
  URL:                    
  context_type:           UNSPECIFIED
  effective extension id: (none)
  effective context type: UNSPECIFIED
[44:83:1105/170101.565325:VERBOSE1:dispatcher.cc(360)] Num tracked contexts: 2
[44:65:1105/170101.604402:VERBOSE1:simple_index_file.cc(586)] Simple Cache Index is being restored from disk.
[44:83:1105/170102.289964:VERBOSE1:v8_context_snapshot.cc(139)] A context is created from snapshot for main world
[44:83:1105/170102.290039:VERBOSE1:script_context.cc(91)] Created context:
  extension id:           (none)
  frame:                  0x3b9f3f3c3c0
  URL:                    
  context_type:           WEB_PAGE
  effective extension id: (none)
  effective context type: WEB_PAGE
[44:83:1105/170102.290091:VERBOSE1:script_context.cc(91)] Created context:
  extension id:           (none)
  frame:                  (nil)
  URL:                    
  context_type:           UNSPECIFIED
  effective extension id: (none)
  effective context type: UNSPECIFIED
[44:83:1105/170102.290495:VERBOSE1:dispatcher.cc(360)] Num tracked contexts: 3
[44:83:1105/170102.324560:VERBOSE1:dispatcher.cc(498)] Num tracked contexts: 2
[44:83:1105/170102.330630:VERBOSE1:script_context.cc(98)] Destroyed context for extension
  extension id: 
  effective extension id: 
[44:83:1105/170102.330661:VERBOSE1:script_context.cc(98)] Destroyed context for extension
  extension id: 
  effective extension id: 
[44:44:1105/170102.345583:VERBOSE1:gaia_cookie_manager_service.cc(650)] ListAccounts successful
[44:44:1105/170102.345599:VERBOSE1:gaia_cookie_manager_service.cc(796)] GaiaCookieManagerService::HandleNextRequest
[44:44:1105/170102.345622:VERBOSE1:gaia_cookie_manager_service.cc(812)] GaiaCookieManagerService::HandleNextRequest: no more
[44:83:1105/170102.346712:VERBOSE1:thread_state.cc(1430)] [state:0x5624c02efae0] CollectGarbage: time: 0.68ms stack: NoHeapPointersOnStack marking: AtomicMarking sweeping: LazySweeping reason: IdleGC
[44:47:1105/170102.347075:VERBOSE1:network_delegate.cc(30)] NetworkDelegate::NotifyBeforeURLRequest: data:/,
[44:47:1105/170102.347168:VERBOSE1:network_delegate.cc(30)] NetworkDelegate::NotifyBeforeURLRequest: data:/,
[44:47:1105/170102.347188:VERBOSE1:network_delegate.cc(30)] NetworkDelegate::NotifyBeforeURLRequest: data:/,
[44:83:1105/170102.351971:VERBOSE1:thread_state.cc(1024)] [state:0x5624c02efae0] PostSweep: collection_rate: 36%
[44:83:1105/170102.352391:VERBOSE1:dispatcher.cc(498)] Num tracked contexts: 1
[44:83:1105/170102.365142:VERBOSE1:v8_context_snapshot.cc(139)] A context is created from snapshot for main world
[44:83:1105/170102.365235:VERBOSE1:script_context.cc(91)] Created context:
  extension id:           (none)
  frame:                  0x3b9f3f21c28
  URL:                    
  context_type:           WEB_PAGE
  effective extension id: (none)
  effective context type: WEB_PAGE
[44:83:1105/170102.365316:VERBOSE1:script_context.cc(91)] Created context:
  extension id:           (none)
  frame:                  (nil)
  URL:                    
  context_type:           UNSPECIFIED
  effective extension id: (none)
  effective context type: UNSPECIFIED
[44:83:1105/170102.366021:VERBOSE1:dispatcher.cc(360)] Num tracked contexts: 2
[44:83:1105/170102.368189:VERBOSE1:script_context.cc(98)] Destroyed context for extension
  extension id: 
  effective extension id: 
[44:83:1105/170102.368215:VERBOSE1:script_context.cc(98)] Destroyed context for extension
  extension id: 
  effective extension id: 
[44:83:1105/170102.368564:VERBOSE1:language_detection_util.cc(129)] Detected language: und
