[44:44:1105/170144.334199:VERBOSE1:breakpad_linux.cc(1977)] Breakpad disabled
[44:56:1105/170145.652435:ERROR:bus.cc(394)] Failed to connect to the bus: Failed to connect to socket /var/run/dbus/system_bus_socket: No such file or directory
[44:44:1105/170145.652510:VERBOSE1:webrtc_event_log_manager.cc(390)] WebRTC remote-bound event logging disabled.
[44:44:1105/170145.652638:VERBOSE1:pref_proxy_config_tracker_impl.cc(184)] 0xf20c63df580: set chrome proxy config service to 0xf20c658b780
[44:44:1105/170145.652773:ERROR:default_network_context_params.cc(60)] Cannot use V8 Proxy resolver in single process mode.
[44:54:1105/170145.655329:VERBOSE1:multi_log_ct_verifier.cc(75)] Adding CT log: Google 'Argon2018' log
[44:54:1105/170145.655346:VERBOSE1:multi_log_ct_verifier.cc(75)] Adding CT log: Google 'Argon2019' log
[44:54:1105/170145.655355:VERBOSE1:multi_log_ct_verifier.cc(75)] Adding CT log: Google 'Argon2020' log
[44:54:1105/170145.655363:VERBOSE1:multi_log_ct_verifier.cc(75)] Adding CT log: Google 'Argon2021' log
[44:54:1105/170145.655372:VERBOSE1:multi_log_ct_verifier.cc(75)] Adding CT log: Google 'Aviator' log
[44:54:1105/170145.655381:VERBOSE1:multi_log_ct_verifier.cc(75)] Adding CT log: Google 'Icarus' log
[44:54:1105/170145.655390:VERBOSE1:multi_log_ct_verifier.cc(75)] Adding CT log: Google 'Pilot' log
[44:54:1105/170145.655398:VERBOSE1:multi_log_ct_verifier.cc(75)] Adding CT log: Google 'Rocketeer' log
[44:54:1105/170145.655407:VERBOSE1:multi_log_ct_verifier.cc(75)] Adding CT log: Google 'Skydiver' log
[44:54:1105/170145.655415:VERBOSE1:multi_log_ct_verifier.cc(75)] Adding CT log: Cloudflare 'Nimbus2018' Log
[44:54:1105/170145.655424:VERBOSE1:multi_log_ct_verifier.cc(75)] Adding CT log: Cloudflare 'Nimbus2019' Log
[44:54:1105/170145.655432:VERBOSE1:multi_log_ct_verifier.cc(75)] Adding CT log: Cloudflare 'Nimbus2020' Log
[44:54:1105/170145.655440:VERBOSE1:multi_log_ct_verifier.cc(75)] Adding CT log: Cloudflare 'Nimbus2021' Log
[44:54:1105/170145.655448:VERBOSE1:multi_log_ct_verifier.cc(75)] Adding CT log: DigiCert Log Server
[44:54:1105/170145.655456:VERBOSE1:multi_log_ct_verifier.cc(75)] Adding CT log: DigiCert Log Server 2
[44:54:1105/170145.655465:VERBOSE1:multi_log_ct_verifier.cc(75)] Adding CT log: DigiCert Yeti2018 Log
[44:54:1105/170145.655473:VERBOSE1:multi_log_ct_verifier.cc(75)] Adding CT log: DigiCert Yeti2019 Log
[44:54:1105/170145.655481:VERBOSE1:multi_log_ct_verifier.cc(75)] Adding CT log: DigiCert Yeti2020 Log
[44:54:1105/170145.655490:VERBOSE1:multi_log_ct_verifier.cc(75)] Adding CT log: DigiCert Yeti2021 Log
[44:54:1105/170145.655498:VERBOSE1:multi_log_ct_verifier.cc(75)] Adding CT log: DigiCert Yeti2022 Log
[44:54:1105/170145.655507:VERBOSE1:multi_log_ct_verifier.cc(75)] Adding CT log: Symantec log
[44:54:1105/170145.655514:VERBOSE1:multi_log_ct_verifier.cc(75)] Adding CT log: Symantec 'Vega' log
[44:54:1105/170145.655523:VERBOSE1:multi_log_ct_verifier.cc(75)] Adding CT log: Symantec 'Sirius' log
[44:54:1105/170145.655532:VERBOSE1:multi_log_ct_verifier.cc(75)] Adding CT log: Venafi Gen2 CT log
[44:54:1105/170145.655540:VERBOSE1:multi_log_ct_verifier.cc(75)] Adding CT log: CNNIC CT log
[44:54:1105/170145.655548:VERBOSE1:multi_log_ct_verifier.cc(75)] Adding CT log: Comodo 'Sabre' CT log
[44:54:1105/170145.655556:VERBOSE1:multi_log_ct_verifier.cc(75)] Adding CT log: Comodo 'Mammoth' CT log
[44:54:1105/170145.655564:VERBOSE1:multi_log_ct_verifier.cc(75)] Adding CT log: StartCom log
[44:54:1105/170145.655572:VERBOSE1:multi_log_ct_verifier.cc(75)] Adding CT log: WoSign log
[44:54:1105/170145.655580:VERBOSE1:multi_log_ct_verifier.cc(75)] Adding CT log: Izenpe log
[44:54:1105/170145.655587:VERBOSE1:multi_log_ct_verifier.cc(75)] Adding CT log: Venafi log
[44:54:1105/170145.655594:VERBOSE1:multi_log_ct_verifier.cc(75)] Adding CT log: Certly.IO log
[44:54:1105/170145.655716:VERBOSE1:proxy_resolution_service.cc(1022)] PAC support disabled because there is no system implementation
[44:44:1105/170145.663003:ERROR:gpu_process_transport_factory.cc(1016)] Lost UI shared context.
[44:44:1105/170145.676632:VERBOSE1:pulse_stubs.cc(683)] dlopen(libpulse.so.0) failed, dlerror() says:
libpulse.so.0: cannot open shared object file: No such file or directory
[44:44:1105/170145.676668:VERBOSE1:pulse_util.cc(105)] Failed on loading the Pulse library and symbols
[44:44:1105/170145.686867:VERBOSE1:mutable_profile_oauth2_token_service_delegate.cc(347)] MutablePO2TS::MutablePO2TS
[44:44:1105/170145.686953:VERBOSE1:device_event_log_impl.cc(161)] [17:01:45.686] Bluetooth: EVENT: bluetooth_api.cc:72 BluetoothAPI: 0xf20c64f7000
[44:44:1105/170145.687180:VERBOSE1:bluetooth_low_energy_event_router.cc(248)] Initializing BluetoothLowEnergyEventRouter.
[44:44:1105/170145.692341:VERBOSE1:dns_sd_registry.cc(158)] RegisterDnsSdListener: _googlecast._tcp.local, registered: 0
[44:44:1105/170145.692360:VERBOSE1:service_discovery_device_lister.cc(40)] DeviceListerStart: service_type: _googlecast._tcp.local
[44:44:1105/170145.692373:VERBOSE1:dns_sd_device_lister.cc(46)] Started device lister for service type _googlecast._tcp.local
[44:44:1105/170145.692382:VERBOSE1:service_discovery_device_lister.cc(46)] DiscoverNewDevices: service_type: _googlecast._tcp.local
[44:44:1105/170145.692391:VERBOSE1:dns_sd_device_lister.cc(50)] Discovery new devices for service type _googlecast._tcp.local
[44:44:1105/170145.692401:VERBOSE1:dns_sd_registry.cc(249)] DispatchApiEvent: service_type: _googlecast._tcp.local
[44:44:1105/170145.725127:VERBOSE1:pref_proxy_config_tracker_impl.cc(184)] 0xf20c67ceb00: set chrome proxy config service to 0xf20c6704480
[44:44:1105/170145.725170:ERROR:default_network_context_params.cc(60)] Cannot use V8 Proxy resolver in single process mode.
[44:44:1105/170145.727181:VERBOSE1:extension_service.cc(1254)] AddComponentExtension Cloud Print
[44:44:1105/170145.727193:VERBOSE1:extension_service.cc(1256)] Component extension Cloud Print (mfehgcgbbipciphmccgaenjidiccnmng) installing/upgrading from '' to 0.1
[44:44:1105/170145.727523:VERBOSE1:extension_service.cc(1254)] AddComponentExtension Web Store
[44:44:1105/170145.727533:VERBOSE1:extension_service.cc(1256)] Component extension Web Store (ahfgeienlihckogmohjhadlkjgocpleb) installing/upgrading from '' to 0.2
[44:44:1105/170145.727818:VERBOSE1:extension_service.cc(1254)] AddComponentExtension Chromium PDF Viewer
[44:44:1105/170145.727828:VERBOSE1:extension_service.cc(1256)] Component extension Chromium PDF Viewer (mhjfbmdgcfjbbpaeojofohoefgiehjai) installing/upgrading from '' to 1
[44:54:1105/170145.732684:VERBOSE1:multi_log_ct_verifier.cc(75)] Adding CT log: Google 'Argon2018' log
[44:54:1105/170145.732701:VERBOSE1:multi_log_ct_verifier.cc(75)] Adding CT log: Google 'Argon2019' log
[44:54:1105/170145.732711:VERBOSE1:multi_log_ct_verifier.cc(75)] Adding CT log: Google 'Argon2020' log
[44:54:1105/170145.732719:VERBOSE1:multi_log_ct_verifier.cc(75)] Adding CT log: Google 'Argon2021' log
[44:54:1105/170145.732728:VERBOSE1:multi_log_ct_verifier.cc(75)] Adding CT log: Google 'Aviator' log
[44:54:1105/170145.732737:VERBOSE1:multi_log_ct_verifier.cc(75)] Adding CT log: Google 'Icarus' log
[44:54:1105/170145.732745:VERBOSE1:multi_log_ct_verifier.cc(75)] Adding CT log: Google 'Pilot' log
[44:54:1105/170145.732754:VERBOSE1:multi_log_ct_verifier.cc(75)] Adding CT log: Google 'Rocketeer' log
[44:54:1105/170145.732762:VERBOSE1:multi_log_ct_verifier.cc(75)] Adding CT log: Google 'Skydiver' log
[44:54:1105/170145.732771:VERBOSE1:multi_log_ct_verifier.cc(75)] Adding CT log: Cloudflare 'Nimbus2018' Log
[44:54:1105/170145.732779:VERBOSE1:multi_log_ct_verifier.cc(75)] Adding CT log: Cloudflare 'Nimbus2019' Log
[44:54:1105/170145.732787:VERBOSE1:multi_log_ct_verifier.cc(75)] Adding CT log: Cloudflare 'Nimbus2020' Log
[44:54:1105/170145.732796:VERBOSE1:multi_log_ct_verifier.cc(75)] Adding CT log: Cloudflare 'Nimbus2021' Log
[44:54:1105/170145.732805:VERBOSE1:multi_log_ct_verifier.cc(75)] Adding CT log: DigiCert Log Server
[44:54:1105/170145.732813:VERBOSE1:multi_log_ct_verifier.cc(75)] Adding CT log: DigiCert Log Server 2
[44:54:1105/170145.732821:VERBOSE1:multi_log_ct_verifier.cc(75)] Adding CT log: DigiCert Yeti2018 Log
[44:54:1105/170145.732829:VERBOSE1:multi_log_ct_verifier.cc(75)] Adding CT log: DigiCert Yeti2019 Log
[44:54:1105/170145.732844:VERBOSE1:multi_log_ct_verifier.cc(75)] Adding CT log: DigiCert Yeti2020 Log
[44:54:1105/170145.732853:VERBOSE1:multi_log_ct_verifier.cc(75)] Adding CT log: DigiCert Yeti2021 Log
[44:54:1105/170145.732862:VERBOSE1:multi_log_ct_verifier.cc(75)] Adding CT log: DigiCert Yeti2022 Log
[44:54:1105/170145.732870:VERBOSE1:multi_log_ct_verifier.cc(75)] Adding CT log: Symantec log
[44:54:1105/170145.732878:VERBOSE1:multi_log_ct_verifier.cc(75)] Adding CT log: Symantec 'Vega' log
[44:54:1105/170145.732886:VERBOSE1:multi_log_ct_verifier.cc(75)] Adding CT log: Symantec 'Sirius' log
[44:54:1105/170145.732893:VERBOSE1:multi_log_ct_verifier.cc(75)] Adding CT log: Venafi Gen2 CT log
[44:54:1105/170145.732901:VERBOSE1:multi_log_ct_verifier.cc(75)] Adding CT log: CNNIC CT log
[44:54:1105/170145.732908:VERBOSE1:multi_log_ct_verifier.cc(75)] Adding CT log: Comodo 'Sabre' CT log
[44:54:1105/170145.732916:VERBOSE1:multi_log_ct_verifier.cc(75)] Adding CT log: Comodo 'Mammoth' CT log
[44:54:1105/170145.732924:VERBOSE1:multi_log_ct_verifier.cc(75)] Adding CT log: StartCom log
[44:54:1105/170145.732932:VERBOSE1:multi_log_ct_verifier.cc(75)] Adding CT log: WoSign log
[44:54:1105/170145.732939:VERBOSE1:multi_log_ct_verifier.cc(75)] Adding CT log: Izenpe log
[44:54:1105/170145.732947:VERBOSE1:multi_log_ct_verifier.cc(75)] Adding CT log: Venafi log
[44:54:1105/170145.732956:VERBOSE1:multi_log_ct_verifier.cc(75)] Adding CT log: Certly.IO log
[44:54:1105/170145.732977:VERBOSE1:proxy_resolution_service.cc(1022)] PAC support disabled because there is no system implementation
[44:44:1105/170145.735132:VERBOSE1:account_reconcilor.cc(101)] AccountReconcilor::AccountReconcilor
[44:44:1105/170145.735148:VERBOSE1:account_reconcilor.cc(115)] AccountReconcilor::Initialize
[44:44:1105/170145.740465:VERBOSE1:file_type_policies_component_installer.cc(134)] Registering File Type Policies component.
[44:44:1105/170145.741234:WARNING:browser_main_loop.cc(271)] GLib-GObject: g_object_get_valist: object class 'GtkSettings' has no property named 'gtk-application-prefer-dark-theme'
[44:44:1105/170145.761544:WARNING:password_store_factory.cc(250)] Using basic (unencrypted) store for password storage. See https://chromium.googlesource.com/chromium/src/+/master/docs/linux_password_storage.md for more information about password storage options.
[44:54:1105/170145.799072:VERBOSE1:network_delegate.cc(30)] NetworkDelegate::NotifyBeforeURLRequest: data:,
[44:54:1105/170145.799093:VERBOSE1:network_delegate.cc(30)] NetworkDelegate::NotifyBeforeURLRequest: data:,
[44:54:1105/170145.799108:VERBOSE1:network_delegate.cc(30)] NetworkDelegate::NotifyBeforeURLRequest: data:,
[44:44:1105/170145.807251:VERBOSE1:bluez_dbus_manager.cc(174)] Bluetooth not supported.
[44:44:1105/170145.807816:VERBOSE1:gaia_cookie_manager_service.cc(787)] GaiaCookieManagerService::ListAccounts
[44:54:1105/170145.807834:VERBOSE1:mdns_client_impl.cc(160)] Sockets ready:2
[44:54:1105/170145.807875:VERBOSE1:network_delegate.cc(30)] NetworkDelegate::NotifyBeforeURLRequest: https://accounts.google.com/ListAccounts?gpsia=1&source=durations_metrics,counter:0,load_time_ms:120&json=standard
[44:54:1105/170145.807894:VERBOSE1:network_delegate.cc(30)] NetworkDelegate::NotifyBeforeURLRequest: https://accounts.google.com/ListAccounts?gpsia=1&source=durations_metrics,counter:0,load_time_ms:120&json=standard
[44:54:1105/170145.807906:VERBOSE1:network_delegate.cc(30)] NetworkDelegate::NotifyBeforeURLRequest: https://accounts.google.com/ListAccounts?gpsia=1&source=durations_metrics,counter:0,load_time_ms:120&json=standard
[44:54:1105/170145.815545:VERBOSE1:network_delegate.cc(30)] NetworkDelegate::NotifyBeforeURLRequest: chrome-extension://aapnijgdinlhnhlmodcfapnahmbfebeb/_generated_background_page.html
[44:54:1105/170145.815562:VERBOSE1:network_delegate.cc(30)] NetworkDelegate::NotifyBeforeURLRequest: chrome-extension://aapnijgdinlhnhlmodcfapnahmbfebeb/_generated_background_page.html
[44:54:1105/170145.815572:VERBOSE1:network_delegate.cc(30)] NetworkDelegate::NotifyBeforeURLRequest: chrome-extension://aapnijgdinlhnhlmodcfapnahmbfebeb/_generated_background_page.html
[44:81:1105/170145.909757:WARNING:histograms.cc(40)] Started multiple compositor clients (Browser, Renderer) in one process. Some metrics will be disabled.
[44:81:1105/170145.974675:VERBOSE1:language_detection_util.cc(129)] Detected language: und
[44:81:1105/170145.980011:VERBOSE1:v8_context_snapshot.cc(139)] A context is created from snapshot for main world
[44:81:1105/170145.980107:VERBOSE1:script_context.cc(91)] Created context:
  extension id:           (none)
  frame:                  0x16c7ec6a1c28
  URL:                    
  context_type:           WEB_PAGE
  effective extension id: (none)
  effective context type: WEB_PAGE
[44:81:1105/170145.985947:VERBOSE1:script_context.cc(91)] Created context:
  extension id:           (none)
  frame:                  (nil)
  URL:                    
  context_type:           UNSPECIFIED
  effective extension id: (none)
  effective context type: UNSPECIFIED
[44:81:1105/170145.993505:VERBOSE1:dispatcher.cc(360)] Num tracked contexts: 1
[44:54:1105/170145.996880:VERBOSE1:network_delegate.cc(30)] NetworkDelegate::NotifyBeforeURLRequest: chrome-extension://aapnijgdinlhnhlmodcfapnahmbfebeb/background.js
[44:54:1105/170145.996899:VERBOSE1:network_delegate.cc(30)] NetworkDelegate::NotifyBeforeURLRequest: chrome-extension://aapnijgdinlhnhlmodcfapnahmbfebeb/background.js
[44:54:1105/170145.996910:VERBOSE1:network_delegate.cc(30)] NetworkDelegate::NotifyBeforeURLRequest: chrome-extension://aapnijgdinlhnhlmodcfapnahmbfebeb/background.js
[44:81:1105/170145.999564:VERBOSE1:v8_context_snapshot.cc(139)] A context is created from snapshot for main world
[44:81:1105/170145.999657:VERBOSE1:script_context.cc(91)] Created context:
  extension id:           aapnijgdinlhnhlmodcfapnahmbfebeb
  frame:                  0x16c7ec6b1408
  URL:                    
  context_type:           BLESSED_EXTENSION
  effective extension id: aapnijgdinlhnhlmodcfapnahmbfebeb
  effective context type: BLESSED_EXTENSION
[44:81:1105/170145.999742:VERBOSE1:script_context.cc(91)] Created context:
  extension id:           (none)
  frame:                  (nil)
  URL:                    
  context_type:           UNSPECIFIED
  effective extension id: (none)
  effective context type: UNSPECIFIED
[44:81:1105/170146.038100:VERBOSE1:dispatcher.cc(360)] Num tracked contexts: 2
[44:54:1105/170146.434662:VERBOSE1:network_delegate.cc(30)] NetworkDelegate::NotifyBeforeURLRequest: data:/,
[44:54:1105/170146.434687:VERBOSE1:network_delegate.cc(30)] NetworkDelegate::NotifyBeforeURLRequest: data:/,
[44:54:1105/170146.434701:VERBOSE1:network_delegate.cc(30)] NetworkDelegate::NotifyBeforeURLRequest: data:/,
[44:81:1105/170146.437998:VERBOSE1:dispatcher.cc(498)] Num tracked contexts: 1
[44:81:1105/170146.440867:VERBOSE1:v8_context_snapshot.cc(139)] A context is created from snapshot for main world
[44:81:1105/170146.440961:VERBOSE1:script_context.cc(91)] Created context:
  extension id:           (none)
  frame:                  0x16c7ec6a1c28
  URL:                    
  context_type:           WEB_PAGE
  effective extension id: (none)
  effective context type: WEB_PAGE
[44:81:1105/170146.441032:VERBOSE1:script_context.cc(91)] Created context:
  extension id:           (none)
  frame:                  (nil)
  URL:                    
  context_type:           UNSPECIFIED
  effective extension id: (none)
  effective context type: UNSPECIFIED
[44:81:1105/170146.441744:VERBOSE1:dispatcher.cc(360)] Num tracked contexts: 2
[44:81:1105/170146.457015:VERBOSE1:script_context.cc(98)] Destroyed context for extension
  extension id: 
  effective extension id: 
[44:81:1105/170146.457054:VERBOSE1:script_context.cc(98)] Destroyed context for extension
  extension id: 
  effective extension id: 
[44:81:1105/170146.457662:VERBOSE1:language_detection_util.cc(129)] Detected language: und
[44:81:1105/170146.530879:VERBOSE1:thread_state.cc(1430)] [state:0x5591f8a58ae0] CollectGarbage: time: 0.64ms stack: NoHeapPointersOnStack marking: AtomicMarking sweeping: LazySweeping reason: IdleGC
[44:81:1105/170146.540406:VERBOSE1:thread_state.cc(1024)] [state:0x5591f8a58ae0] PostSweep: collection_rate: 33%
[44:77:1105/170146.554712:ERROR:bus.cc(394)] Failed to connect to the bus: Address does not contain a colon
[44:62:1105/170146.568531:VERBOSE1:component_installer.cc(252)] StartRegistration for Subresource Filter Rules
[44:62:1105/170146.568642:VERBOSE1:component_installer.cc(252)] StartRegistration for CRLSet
[44:62:1105/170146.568698:VERBOSE1:component_installer.cc(252)] StartRegistration for Signed Tree Heads
[44:62:1105/170146.568766:VERBOSE1:component_installer.cc(252)] StartRegistration for Origin Trials
[44:62:1105/170146.568868:VERBOSE1:component_installer.cc(252)] StartRegistration for File Type Policies
[44:62:1105/170146.568949:VERBOSE1:component_installer.cc(252)] StartRegistration for SSL Error Assistant
[44:62:1105/170146.569008:VERBOSE1:component_installer.cc(252)] StartRegistration for MEI Preload
[44:44:1105/170146.573464:VERBOSE1:component_installer.cc(396)] FinishRegistration for Subresource Filter Rules
[44:44:1105/170146.573499:VERBOSE1:component_updater_service.cc(88)] CrxUpdateService starting up. First update attempt will take place in 360 seconds. Next update attempt will take place in 18000 seconds. 
[44:44:1105/170146.573526:VERBOSE1:component_installer.cc(396)] FinishRegistration for CRLSet
[44:44:1105/170146.573545:VERBOSE1:component_installer.cc(396)] FinishRegistration for Signed Tree Heads
[44:44:1105/170146.573567:VERBOSE1:component_installer.cc(396)] FinishRegistration for Origin Trials
[44:44:1105/170146.573585:VERBOSE1:component_installer.cc(396)] FinishRegistration for File Type Policies
[44:44:1105/170146.573606:VERBOSE1:component_installer.cc(396)] FinishRegistration for SSL Error Assistant
[44:44:1105/170146.573622:VERBOSE1:component_installer.cc(396)] FinishRegistration for MEI Preload
[44:54:1105/170146.595654:VERBOSE1:network_delegate.cc(30)] NetworkDelegate::NotifyBeforeURLRequest: https://www.gstatic.com/chrome/intelligence/assist/ranker/models/translate/translate_ranker_20180123.model
[44:54:1105/170146.595688:VERBOSE1:network_delegate.cc(30)] NetworkDelegate::NotifyBeforeURLRequest: https://www.gstatic.com/chrome/intelligence/assist/ranker/models/translate/translate_ranker_20180123.model
[44:68:1105/170146.696918:VERBOSE1:simple_index_file.cc(586)] Simple Cache Index is being restored from disk.
