[3.979][INFO]: COMMAND InitSession {
   "desiredCapabilities": {
      "browserName": "chrome",
      "chromeOptions": {
         "args": [ "--disable-gpu", "--single-process", "--no-sandbox", "--data-path=/tmp/data-path", "--homedir=/tmp/homedir", "--disk-cache-dir=/tmp", "--disk-cache-size=1", "--media-cache-size=1", "--allow-file-access-from-files", "--enable-logging", "--v=1", "--disable-web-security", "--disable-extensions", "--ignore-certificate-errors", "--disable-ntp-most-likely-favicons-from-server", "--disable-ntp-popular-sites", "--window-size=1366,1024", "--disable-infobars", "--disable-dev-shm-usage", "..." ],
         "binary": "/tmp/chrome-lambda/chrome",
         "prefs": {
            "credentials_enable_service": false,
            "profile": {
               "password_manager_enabled": false
            }
         }
      },
      "count": 1
   }
}
[3.979][INFO]: Populating Preferences file: {
   "alternate_error_pages": {
      "enabled": false
   },
   "autofill": {
      "enabled": false
   },
   "browser": {
      "check_default_browser": false
   },
   "credentials_enable_service": false,
   "distribution": {
      "import_bookmarks": false,
      "import_history": false,
      "import_search_engine": false,
      "make_chrome_default_for_user": false,
      "show_welcome_page": false,
      "skip_first_run_ui": true
   },
   "dns_prefetching": {
      "enabled": false
   },
   "profile": {
      "password_manager_enabled": false
   },
   "safebrowsing": {
      "enabled": false
   },
   "search": {
      "suggest_enabled": false
   },
   "translate": {
      "enabled": false
   }
}
[3.979][INFO]: Populating Local State file: {
   "background_mode": {
      "enabled": false
   },
   "ssl": {
      "rev_checking": {
         "enabled": false
      }
   }
}
[3.982][INFO]: Launching chrome: /tmp/chrome-lambda/chrome --allow-file-access-from-files --data-path=/tmp/data-path --disable-background-networking --disable-browser-side-navigation --disable-client-side-phishing-detection --disable-default-apps --disable-dev-shm-usage --disable-extensions --disable-extensions-except=/tmp/.org.chromium.Chromium.myDAQU/internal --disable-gpu --disable-hang-monitor --disable-infobars --disable-ntp-most-likely-favicons-from-server --disable-ntp-popular-sites --disable-popup-blocking --disable-prompt-on-repost --disable-sync --disable-web-resources --disable-web-security --disk-cache-dir=/tmp --disk-cache-size=1 --enable-automation --enable-logging --enable-precise-memory-info --force-fieldtrials=SiteIsolationExtensions/Control --homedir=/tmp/homedir --ignore-certificate-errors --log-level=0 --media-cache-size=1 --metrics-recording-only --no-first-run --no-sandbox --password-store=basic --remote-debugging-port=12141 --safebrowsing-disable-auto-update --single-process --test-type=webdriver --use-mock-keychain --user-data-dir=/tmp/.org.chromium.Chromium.qjka2s --v=1 --window-size=1366,1024 data:,
[3.982][DEBUG]: DevTools request: http://localhost:12141/json/version
[4.014][SEVERE]: Error initializing NSS with a persistent database (sql:/tmp/homedir/.pki/nssdb): NSS error code: -8023
[4.015][SEVERE]: Error initializing NSS without a persistent database: NSS error code: -8023
[4.032][SEVERE]: nss_error=-8023, os_error=0
#0 0x000000506057 <unknown>
#1 0x00000050d1c1 <unknown>
#2 0x00000073fc23 <unknown>
#3 0x000000677945 <unknown>
#4 0x00000059dc96 <unknown>
#5 0x00000058374c <unknown>
#6 0x00000057a327 <unknown>
#7 0x00000046cda4 <unknown>
#8 0x00000065d89a <unknown>
#9 0x00000065b87b <unknown>
#10 0x0000005473c7 <unknown>
#11 0x00000050eb24 <unknown>
#12 0x00000050f1a1 <unknown>
#13 0x000000511079 <unknown>
#14 0x00000051b9f5 <unknown>
#15 0x000000533cea <unknown>
#16 0x00000052f7b3 <unknown>
#17 0x7f9bfe922de5 start_thread
#18 0x7f9bfc8c430d __clone

[4.033][SEVERE]: CreatePlatformSocket() returned an error, errno=97: Address family not supported by protocol (97)
[4.035][DEBUG]: DevTools request failed
[4.085][DEBUG]: DevTools request: http://localhost:12141/json/version
[4.091][SEVERE]: CreatePlatformSocket() returned an error, errno=97: Address family not supported by protocol (97)
[4.091][DEBUG]: DevTools request failed
prctl(PR_SET_NO_NEW_PRIVS) failed
[4.142][DEBUG]: DevTools request: http://localhost:12141/json/version
[4.142][SEVERE]: CreatePlatformSocket() returned an error, errno=97: Address family not supported by protocol (97)
[4.145][DEBUG]: DevTools request failed
Xlib:  extension "RANDR" missing on display ":99".
[4.195][DEBUG]: DevTools request: http://localhost:12141/json/version
[4.195][SEVERE]: CreatePlatformSocket() returned an error, errno=97: Address family not supported by protocol (97)
[4.196][DEBUG]: DevTools request failed
[4.246][DEBUG]: DevTools request: http://localhost:12141/json/version
[4.246][SEVERE]: CreatePlatformSocket() returned an error, errno=97: Address family not supported by protocol (97)
[4.246][DEBUG]: DevTools request failed
[44:57:1102/205616.014731:ERROR:bus.cc(395)] Failed to connect to the bus: Failed to connect to socket /var/run/dbus/system_bus_socket: No such file or directory
[4.296][DEBUG]: DevTools request: http://localhost:12141/json/version
[4.296][SEVERE]: CreatePlatformSocket() returned an error, errno=97: Address family not supported by protocol (97)
[4.297][DEBUG]: DevTools request failed
Xlib:  extension "RANDR" missing on display ":99".
[4.347][DEBUG]: DevTools request: http://localhost:12141/json/version
[4.351][SEVERE]: CreatePlatformSocket() returned an error, errno=97: Address family not supported by protocol (97)
[4.351][DEBUG]: DevTools request failed
[44:74:1102/205616.133606:ERROR:nss_util.cc(650)] Error initializing NSS with a persistent database (sql:/tmp/homedir/.pki/nssdb): NSS error code: -8023
[44:74:1102/205616.133701:ERROR:nss_util.cc(154)] Error initializing NSS without a persistent database: NSS error code: -8023
[4.416][DEBUG]: DevTools request: http://localhost:12141/json/version
[4.417][SEVERE]: CreatePlatformSocket() returned an error, errno=97: Address family not supported by protocol (97)
[4.417][DEBUG]: DevTools request failed

DevTools listening on ws://127.0.0.1:12141/devtools/browser/42a04a44-81ad-417d-ad55-a52a5342c026
[4.468][DEBUG]: DevTools request: http://localhost:12141/json/version
[4.475][SEVERE]: CreatePlatformSocket() returned an error, errno=97: Address family not supported by protocol (97)
[4.572][DEBUG]: DevTools response: {
   "Browser": "Chrome/63.0.3239.84",
   "Protocol-Version": "1.2",
   "User-Agent": "Mozilla/5.0 (X11; Linux x86_64) AppleWebKit/537.36 (KHTML, like Gecko) Chrome/63.0.3239.84 Safari/537.36",
   "V8-Version": "6.3.292.46",
   "WebKit-Version": "537.36 (@0f53a5abc7a405fbe9f1cfd3db38f2092c8a7816)",
   "webSocketDebuggerUrl": "ws://localhost:12141/devtools/browser/42a04a44-81ad-417d-ad55-a52a5342c026"
}

[4.575][DEBUG]: DevTools request: http://localhost:12141/json
[4.596][DEBUG]: DevTools response: [ {
   "description": "",
   "devtoolsFrontendUrl": "/devtools/inspector.html?ws=localhost:12141/devtools/page/(78AF8654CAA28A0494FB7597B90BF703)",
   "id": "(78AF8654CAA28A0494FB7597B90BF703)",
   "title": "",
   "type": "page",
   "url": "data:,",
   "webSocketDebuggerUrl": "ws://localhost:12141/devtools/page/(78AF8654CAA28A0494FB7597B90BF703)"
} ]

[4.596][DEBUG]: DevTools request: http://localhost:12141/json
[4.598][DEBUG]: DevTools response: [ {
   "description": "",
   "devtoolsFrontendUrl": "/devtools/inspector.html?ws=localhost:12141/devtools/page/(78AF8654CAA28A0494FB7597B90BF703)",
   "id": "(78AF8654CAA28A0494FB7597B90BF703)",
   "title": "",
   "type": "page",
   "url": "data:,",
   "webSocketDebuggerUrl": "ws://localhost:12141/devtools/page/(78AF8654CAA28A0494FB7597B90BF703)"
} ]

[4.599][INFO]: resolved localhost to ["127.0.0.1"]
[4.611][DEBUG]: DEVTOOLS COMMAND Log.enable (id=1) {

}
[4.611][DEBUG]: DEVTOOLS COMMAND DOM.getDocument (id=2) {

}
[4.611][DEBUG]: DEVTOOLS COMMAND Runtime.enable (id=3) {

}
[4.611][DEBUG]: DEVTOOLS COMMAND Page.enable (id=4) {

}
[4.611][DEBUG]: DEVTOOLS COMMAND Page.enable (id=5) {

}
[44:74:1102/205616.133710:FATAL:nss_util.cc(156)] nss_error=-8023, os_error=0
#0 0x559d4b32ea87 base::debug::StackTrace::StackTrace()
#1 0x559d4b345221 logging::LogMessage::~LogMessage()
#2 0x559d4bbfab43 base::LazyInstance<>::Get()
#3 0x559d4ba23bb5 net::CertDatabase::GetInstance()
#4 0x559d4bb627d8 net::ClientSocketFactory::GetDefaultFactory()
#5 0x559d4ba7bac8 net::DnsClient::CreateClient()
#6 0x559d4b10f64a chrome_browser_net::DnsProbeService::SetSystemClientToCurrentConfig()
#7 0x559d4b10f5b2 chrome_browser_net::DnsProbeService::DnsProbeService()
#8 0x559d4b0da89d IOThread::Init()
#9 0x559d4a19895d content::BrowserProcessSubThread::Init()
#10 0x559d4b394c07 base::Thread::ThreadMain()
#11 0x559d4b38fea3 base::(anonymous namespace)::ThreadFunc()
#12 0x7f2e8e8a6de5 start_thread
#13 0x7f2e889ec30d __clone

Received signal 6
#0 0x559d4b32ea87 base::debug::StackTrace::StackTrace()
#1 0x559d4b32e5ef base::debug::(anonymous namespace)::StackDumpSignalHandler()
#2 0x7f2e8e8ae5a0 <unknown>
#3 0x7f2e889291f7 __GI_raise
#4 0x7f2e8892a8e8 __GI_abort
#5 0x559d4b32d632 base::debug::BreakDebugger()
#6 0x559d4b34560a logging::LogMessage::~LogMessage()
#7 0x559d4bbfab43 base::LazyInstance<>::Get()
#8 0x559d4ba23bb5 net::CertDatabase::GetInstance()
#9 0x559d4bb627d8 net::ClientSocketFactory::GetDefaultFactory()
#10 0x559d4ba7bac8 net::DnsClient::CreateClient()
#11 0x559d4b10f64a chrome_browser_net::DnsProbeService::SetSystemClientToCurrentConfig()
#12 0x559d4b10f5b2 chrome_browser_net::DnsProbeService::DnsProbeService()
#13 0x559d4b0da89d IOThread::Init()
#14 0x559d4a19895d content::BrowserProcessSubThread::Init()
#15 0x559d4b394c07 base::Thread::ThreadMain()
#16 0x559d4b38fea3 base::(anonymous namespace)::ThreadFunc()
#17 0x7f2e8e8a6de5 start_thread
#18 0x7f2e889ec30d __clone
  r8: 00007f2e70ff35a3  r9: 313a34373a34345b r10: 0000000000000008 r11: 0000000000000202
 r12: 00007f2e70ff3720 r13: 000000000000004d r14: 00007f2e70ff3718 r15: 00007f2e70ff3710
  di: 000000000000002c  si: 000000000000004a  bp: 00007f2e70ff3280  bx: 00007f2e70ff3280
  dx: 0000000000000006  ax: 0000000000000000  cx: 00007f2e889291f7  sp: 00007f2e70ff30d8
  ip: 00007f2e889291f7 efl: 0000000000000202 cgf: 002b000000000033 erf: 0000000000000000
 trp: 0000000000000000 msk: 0000000000000000 cr2: 0000000000000000
[end of stack trace]
Calling _exit(1). Core file will not be generated.
[4.779][SEVERE]: Unable to receive message from renderer
[4.832][INFO]: RESPONSE InitSession session not created exception
from disconnected: Unable to receive message from renderer
  (Session info: chrome=63.0.3239.84)
[4.832][DEBUG]: Log type 'driver' lost 1 entries on destruction
[4.832][DEBUG]: Log type 'browser' lost 0 entries on destruction
