[51:51:1102/210841.642025:VERBOSE1:breakpad_linux.cc(1977)] Breakpad disabled
[51:51:1102/210842.837789:VERBOSE1:webrtc_event_log_manager.cc(390)] WebRTC remote-bound event logging disabled.
[51:51:1102/210842.837941:VERBOSE1:pref_proxy_config_tracker_impl.cc(184)] 0x1f47ad81e580: set chrome proxy config service to 0x1f47ad9ca780
[51:51:1102/210842.838117:ERROR:default_network_context_params.cc(60)] Cannot use V8 Proxy resolver in single process mode.
[51:56:1102/210842.838660:ERROR:bus.cc(394)] Failed to connect to the bus: Failed to connect to socket /var/run/dbus/system_bus_socket: No such file or directory
[51:51:1102/210842.845507:ERROR:gpu_process_transport_factory.cc(1016)] Lost UI shared context.
[51:51:1102/210842.845796:VERBOSE1:pulse_stubs.cc(683)] dlopen(libpulse.so.0) failed, dlerror() says:
libpulse.so.0: cannot open shared object file: No such file or directory
[51:51:1102/210842.845835:VERBOSE1:pulse_util.cc(105)] Failed on loading the Pulse library and symbols
[51:54:1102/210842.852431:VERBOSE1:multi_log_ct_verifier.cc(75)] Adding CT log: Google 'Argon2018' log
[51:54:1102/210842.852455:VERBOSE1:multi_log_ct_verifier.cc(75)] Adding CT log: Google 'Argon2019' log
[51:54:1102/210842.852475:VERBOSE1:multi_log_ct_verifier.cc(75)] Adding CT log: Google 'Argon2020' log
[51:54:1102/210842.852488:VERBOSE1:multi_log_ct_verifier.cc(75)] Adding CT log: Google 'Argon2021' log
[51:54:1102/210842.852501:VERBOSE1:multi_log_ct_verifier.cc(75)] Adding CT log: Google 'Aviator' log
[51:54:1102/210842.852513:VERBOSE1:multi_log_ct_verifier.cc(75)] Adding CT log: Google 'Icarus' log
[51:54:1102/210842.852526:VERBOSE1:multi_log_ct_verifier.cc(75)] Adding CT log: Google 'Pilot' log
[51:54:1102/210842.852538:VERBOSE1:multi_log_ct_verifier.cc(75)] Adding CT log: Google 'Rocketeer' log
[51:54:1102/210842.852550:VERBOSE1:multi_log_ct_verifier.cc(75)] Adding CT log: Google 'Skydiver' log
[51:54:1102/210842.852563:VERBOSE1:multi_log_ct_verifier.cc(75)] Adding CT log: Cloudflare 'Nimbus2018' Log
[51:54:1102/210842.852575:VERBOSE1:multi_log_ct_verifier.cc(75)] Adding CT log: Cloudflare 'Nimbus2019' Log
[51:54:1102/210842.852588:VERBOSE1:multi_log_ct_verifier.cc(75)] Adding CT log: Cloudflare 'Nimbus2020' Log
[51:54:1102/210842.852601:VERBOSE1:multi_log_ct_verifier.cc(75)] Adding CT log: Cloudflare 'Nimbus2021' Log
[51:54:1102/210842.852614:VERBOSE1:multi_log_ct_verifier.cc(75)] Adding CT log: DigiCert Log Server
[51:54:1102/210842.852627:VERBOSE1:multi_log_ct_verifier.cc(75)] Adding CT log: DigiCert Log Server 2
[51:54:1102/210842.852640:VERBOSE1:multi_log_ct_verifier.cc(75)] Adding CT log: DigiCert Yeti2018 Log
[51:54:1102/210842.852653:VERBOSE1:multi_log_ct_verifier.cc(75)] Adding CT log: DigiCert Yeti2019 Log
[51:54:1102/210842.852666:VERBOSE1:multi_log_ct_verifier.cc(75)] Adding CT log: DigiCert Yeti2020 Log
[51:54:1102/210842.852678:VERBOSE1:multi_log_ct_verifier.cc(75)] Adding CT log: DigiCert Yeti2021 Log
[51:54:1102/210842.852691:VERBOSE1:multi_log_ct_verifier.cc(75)] Adding CT log: DigiCert Yeti2022 Log
[51:54:1102/210842.852704:VERBOSE1:multi_log_ct_verifier.cc(75)] Adding CT log: Symantec log
[51:54:1102/210842.852728:VERBOSE1:multi_log_ct_verifier.cc(75)] Adding CT log: Symantec 'Vega' log
[51:54:1102/210842.852742:VERBOSE1:multi_log_ct_verifier.cc(75)] Adding CT log: Symantec 'Sirius' log
[51:54:1102/210842.852755:VERBOSE1:multi_log_ct_verifier.cc(75)] Adding CT log: Venafi Gen2 CT log
[51:54:1102/210842.852767:VERBOSE1:multi_log_ct_verifier.cc(75)] Adding CT log: CNNIC CT log
[51:54:1102/210842.852779:VERBOSE1:multi_log_ct_verifier.cc(75)] Adding CT log: Comodo 'Sabre' CT log
[51:54:1102/210842.852791:VERBOSE1:multi_log_ct_verifier.cc(75)] Adding CT log: Comodo 'Mammoth' CT log
[51:54:1102/210842.852803:VERBOSE1:multi_log_ct_verifier.cc(75)] Adding CT log: StartCom log
[51:54:1102/210842.852815:VERBOSE1:multi_log_ct_verifier.cc(75)] Adding CT log: WoSign log
[51:54:1102/210842.852827:VERBOSE1:multi_log_ct_verifier.cc(75)] Adding CT log: Izenpe log
[51:54:1102/210842.852840:VERBOSE1:multi_log_ct_verifier.cc(75)] Adding CT log: Venafi log
[51:54:1102/210842.852862:VERBOSE1:multi_log_ct_verifier.cc(75)] Adding CT log: Certly.IO log
[51:54:1102/210842.852945:VERBOSE1:proxy_resolution_service.cc(1022)] PAC support disabled because there is no system implementation
[51:51:1102/210842.872511:VERBOSE1:mutable_profile_oauth2_token_service_delegate.cc(347)] MutablePO2TS::MutablePO2TS
[51:51:1102/210842.872600:VERBOSE1:device_event_log_impl.cc(161)] [21:08:42.872] Bluetooth: EVENT: bluetooth_api.cc:72 BluetoothAPI: 0x1f47ad936500
[51:51:1102/210842.872943:VERBOSE1:bluetooth_low_energy_event_router.cc(248)] Initializing BluetoothLowEnergyEventRouter.
[51:51:1102/210842.874369:VERBOSE1:dns_sd_registry.cc(158)] RegisterDnsSdListener: _googlecast._tcp.local, registered: 0
[51:51:1102/210842.874395:VERBOSE1:service_discovery_device_lister.cc(40)] DeviceListerStart: service_type: _googlecast._tcp.local
[51:51:1102/210842.874411:VERBOSE1:dns_sd_device_lister.cc(46)] Started device lister for service type _googlecast._tcp.local
[51:51:1102/210842.874430:VERBOSE1:service_discovery_device_lister.cc(46)] DiscoverNewDevices: service_type: _googlecast._tcp.local
[51:51:1102/210842.874444:VERBOSE1:dns_sd_device_lister.cc(50)] Discovery new devices for service type _googlecast._tcp.local
[51:51:1102/210842.874457:VERBOSE1:dns_sd_registry.cc(249)] DispatchApiEvent: service_type: _googlecast._tcp.local
[51:51:1102/210842.918695:VERBOSE1:pref_proxy_config_tracker_impl.cc(184)] 0x1f47ada6d840: set chrome proxy config service to 0x1f47adb34480
[51:51:1102/210842.918754:ERROR:default_network_context_params.cc(60)] Cannot use V8 Proxy resolver in single process mode.
[51:54:1102/210842.920671:VERBOSE1:multi_log_ct_verifier.cc(75)] Adding CT log: Google 'Argon2018' log
[51:54:1102/210842.920693:VERBOSE1:multi_log_ct_verifier.cc(75)] Adding CT log: Google 'Argon2019' log
[51:54:1102/210842.920708:VERBOSE1:multi_log_ct_verifier.cc(75)] Adding CT log: Google 'Argon2020' log
[51:54:1102/210842.920722:VERBOSE1:multi_log_ct_verifier.cc(75)] Adding CT log: Google 'Argon2021' log
[51:54:1102/210842.920735:VERBOSE1:multi_log_ct_verifier.cc(75)] Adding CT log: Google 'Aviator' log
[51:54:1102/210842.920747:VERBOSE1:multi_log_ct_verifier.cc(75)] Adding CT log: Google 'Icarus' log
[51:54:1102/210842.920760:VERBOSE1:multi_log_ct_verifier.cc(75)] Adding CT log: Google 'Pilot' log
[51:54:1102/210842.920773:VERBOSE1:multi_log_ct_verifier.cc(75)] Adding CT log: Google 'Rocketeer' log
[51:54:1102/210842.920786:VERBOSE1:multi_log_ct_verifier.cc(75)] Adding CT log: Google 'Skydiver' log
[51:54:1102/210842.920798:VERBOSE1:multi_log_ct_verifier.cc(75)] Adding CT log: Cloudflare 'Nimbus2018' Log
[51:54:1102/210842.920810:VERBOSE1:multi_log_ct_verifier.cc(75)] Adding CT log: Cloudflare 'Nimbus2019' Log
[51:54:1102/210842.920822:VERBOSE1:multi_log_ct_verifier.cc(75)] Adding CT log: Cloudflare 'Nimbus2020' Log
[51:54:1102/210842.920835:VERBOSE1:multi_log_ct_verifier.cc(75)] Adding CT log: Cloudflare 'Nimbus2021' Log
[51:54:1102/210842.920847:VERBOSE1:multi_log_ct_verifier.cc(75)] Adding CT log: DigiCert Log Server
[51:54:1102/210842.920860:VERBOSE1:multi_log_ct_verifier.cc(75)] Adding CT log: DigiCert Log Server 2
[51:54:1102/210842.920872:VERBOSE1:multi_log_ct_verifier.cc(75)] Adding CT log: DigiCert Yeti2018 Log
[51:54:1102/210842.920885:VERBOSE1:multi_log_ct_verifier.cc(75)] Adding CT log: DigiCert Yeti2019 Log
[51:54:1102/210842.920897:VERBOSE1:multi_log_ct_verifier.cc(75)] Adding CT log: DigiCert Yeti2020 Log
[51:54:1102/210842.920909:VERBOSE1:multi_log_ct_verifier.cc(75)] Adding CT log: DigiCert Yeti2021 Log
[51:54:1102/210842.920922:VERBOSE1:multi_log_ct_verifier.cc(75)] Adding CT log: DigiCert Yeti2022 Log
[51:54:1102/210842.920935:VERBOSE1:multi_log_ct_verifier.cc(75)] Adding CT log: Symantec log
[51:54:1102/210842.920947:VERBOSE1:multi_log_ct_verifier.cc(75)] Adding CT log: Symantec 'Vega' log
[51:54:1102/210842.920959:VERBOSE1:multi_log_ct_verifier.cc(75)] Adding CT log: Symantec 'Sirius' log
[51:54:1102/210842.920971:VERBOSE1:multi_log_ct_verifier.cc(75)] Adding CT log: Venafi Gen2 CT log
[51:54:1102/210842.920994:VERBOSE1:multi_log_ct_verifier.cc(75)] Adding CT log: CNNIC CT log
[51:54:1102/210842.921007:VERBOSE1:multi_log_ct_verifier.cc(75)] Adding CT log: Comodo 'Sabre' CT log
[51:54:1102/210842.921019:VERBOSE1:multi_log_ct_verifier.cc(75)] Adding CT log: Comodo 'Mammoth' CT log
[51:54:1102/210842.921032:VERBOSE1:multi_log_ct_verifier.cc(75)] Adding CT log: StartCom log
[51:54:1102/210842.921045:VERBOSE1:multi_log_ct_verifier.cc(75)] Adding CT log: WoSign log
[51:54:1102/210842.921057:VERBOSE1:multi_log_ct_verifier.cc(75)] Adding CT log: Izenpe log
[51:54:1102/210842.921069:VERBOSE1:multi_log_ct_verifier.cc(75)] Adding CT log: Venafi log
[51:54:1102/210842.921081:VERBOSE1:multi_log_ct_verifier.cc(75)] Adding CT log: Certly.IO log
[51:54:1102/210842.921111:VERBOSE1:proxy_resolution_service.cc(1022)] PAC support disabled because there is no system implementation
[51:51:1102/210842.922350:VERBOSE1:extension_service.cc(1254)] AddComponentExtension Cloud Print
[51:51:1102/210842.922371:VERBOSE1:extension_service.cc(1256)] Component extension Cloud Print (mfehgcgbbipciphmccgaenjidiccnmng) installing/upgrading from '' to 0.1
[51:51:1102/210842.922987:VERBOSE1:extension_service.cc(1254)] AddComponentExtension Web Store
[51:51:1102/210842.923005:VERBOSE1:extension_service.cc(1256)] Component extension Web Store (ahfgeienlihckogmohjhadlkjgocpleb) installing/upgrading from '' to 0.2
[51:51:1102/210842.923567:VERBOSE1:extension_service.cc(1254)] AddComponentExtension Chromium PDF Viewer
[51:51:1102/210842.923585:VERBOSE1:extension_service.cc(1256)] Component extension Chromium PDF Viewer (mhjfbmdgcfjbbpaeojofohoefgiehjai) installing/upgrading from '' to 1
[51:51:1102/210842.925464:VERBOSE1:account_reconcilor.cc(101)] AccountReconcilor::AccountReconcilor
[51:51:1102/210842.925483:VERBOSE1:account_reconcilor.cc(115)] AccountReconcilor::Initialize
[51:51:1102/210842.929002:VERBOSE1:file_type_policies_component_installer.cc(134)] Registering File Type Policies component.
[51:51:1102/210842.929686:WARNING:browser_main_loop.cc(271)] GLib-GObject: g_object_get_valist: object class 'GtkSettings' has no property named 'gtk-application-prefer-dark-theme'
[51:51:1102/210842.950722:WARNING:password_store_factory.cc(250)] Using basic (unencrypted) store for password storage. See https://chromium.googlesource.com/chromium/src/+/master/docs/linux_password_storage.md for more information about password storage options.
[51:54:1102/210842.974303:VERBOSE1:network_delegate.cc(30)] NetworkDelegate::NotifyBeforeURLRequest: data:,
[51:54:1102/210842.974332:VERBOSE1:network_delegate.cc(30)] NetworkDelegate::NotifyBeforeURLRequest: data:,
[51:54:1102/210842.974362:VERBOSE1:network_delegate.cc(30)] NetworkDelegate::NotifyBeforeURLRequest: data:,
[51:51:1102/210842.987017:VERBOSE1:bluez_dbus_manager.cc(174)] Bluetooth not supported.
[51:51:1102/210842.987619:VERBOSE1:gaia_cookie_manager_service.cc(787)] GaiaCookieManagerService::ListAccounts
[51:54:1102/210842.987731:VERBOSE1:network_delegate.cc(30)] NetworkDelegate::NotifyBeforeURLRequest: https://accounts.google.com/ListAccounts?gpsia=1&source=durations_metrics,counter:0,load_time_ms:115&json=standard
[51:54:1102/210842.987753:VERBOSE1:network_delegate.cc(30)] NetworkDelegate::NotifyBeforeURLRequest: https://accounts.google.com/ListAccounts?gpsia=1&source=durations_metrics,counter:0,load_time_ms:115&json=standard
[51:54:1102/210842.987773:VERBOSE1:network_delegate.cc(30)] NetworkDelegate::NotifyBeforeURLRequest: https://accounts.google.com/ListAccounts?gpsia=1&source=durations_metrics,counter:0,load_time_ms:115&json=standard
[51:54:1102/210842.988403:VERBOSE1:mdns_client_impl.cc(160)] Sockets ready:2
[51:54:1102/210842.998692:VERBOSE1:network_delegate.cc(30)] NetworkDelegate::NotifyBeforeURLRequest: chrome-extension://aapnijgdinlhnhlmodcfapnahmbfebeb/_generated_background_page.html
[51:54:1102/210842.998715:VERBOSE1:network_delegate.cc(30)] NetworkDelegate::NotifyBeforeURLRequest: chrome-extension://aapnijgdinlhnhlmodcfapnahmbfebeb/_generated_background_page.html
[51:54:1102/210842.998732:VERBOSE1:network_delegate.cc(30)] NetworkDelegate::NotifyBeforeURLRequest: chrome-extension://aapnijgdinlhnhlmodcfapnahmbfebeb/_generated_background_page.html
[51:82:1102/210843.346553:WARNING:histograms.cc(40)] Started multiple compositor clients (Browser, Renderer) in one process. Some metrics will be disabled.
[51:82:1102/210843.498241:VERBOSE1:v8_context_snapshot.cc(139)] A context is created from snapshot for main world
[51:82:1102/210843.498395:VERBOSE1:script_context.cc(91)] Created context:
  extension id:           (none)
  frame:                  0x1b9dbe4c1c28
  URL:                    
  context_type:           WEB_PAGE
  effective extension id: (none)
  effective context type: WEB_PAGE
[51:82:1102/210843.499104:VERBOSE1:script_context.cc(91)] Created context:
  extension id:           (none)
  frame:                  (nil)
  URL:                    
  context_type:           UNSPECIFIED
  effective extension id: (none)
  effective context type: UNSPECIFIED
[51:82:1102/210843.499904:VERBOSE1:dispatcher.cc(360)] Num tracked contexts: 1
[51:82:1102/210843.502608:VERBOSE1:language_detection_util.cc(129)] Detected language: und
[51:54:1102/210843.508410:VERBOSE1:network_delegate.cc(30)] NetworkDelegate::NotifyBeforeURLRequest: chrome-extension://aapnijgdinlhnhlmodcfapnahmbfebeb/background.js
[51:54:1102/210843.508435:VERBOSE1:network_delegate.cc(30)] NetworkDelegate::NotifyBeforeURLRequest: chrome-extension://aapnijgdinlhnhlmodcfapnahmbfebeb/background.js
[51:54:1102/210843.508455:VERBOSE1:network_delegate.cc(30)] NetworkDelegate::NotifyBeforeURLRequest: chrome-extension://aapnijgdinlhnhlmodcfapnahmbfebeb/background.js
[51:82:1102/210843.512185:VERBOSE1:v8_context_snapshot.cc(139)] A context is created from snapshot for main world
[51:82:1102/210843.512287:VERBOSE1:script_context.cc(91)] Created context:
  extension id:           aapnijgdinlhnhlmodcfapnahmbfebeb
  frame:                  0x1b9dbe4d1408
  URL:                    
  context_type:           BLESSED_EXTENSION
  effective extension id: aapnijgdinlhnhlmodcfapnahmbfebeb
  effective context type: BLESSED_EXTENSION
[51:82:1102/210843.512369:VERBOSE1:script_context.cc(91)] Created context:
  extension id:           (none)
  frame:                  (nil)
  URL:                    
  context_type:           UNSPECIFIED
  effective extension id: (none)
  effective context type: UNSPECIFIED
[51:82:1102/210843.543360:VERBOSE1:dispatcher.cc(360)] Num tracked contexts: 2
[51:78:1102/210843.681450:ERROR:bus.cc(394)] Failed to connect to the bus: Address does not contain a colon
[51:61:1102/210843.703442:VERBOSE1:component_installer.cc(252)] StartRegistration for Subresource Filter Rules
[51:61:1102/210843.703619:VERBOSE1:component_installer.cc(252)] StartRegistration for CRLSet
[51:51:1102/210843.703840:VERBOSE1:component_installer.cc(396)] FinishRegistration for Subresource Filter Rules
[51:51:1102/210843.703884:VERBOSE1:component_updater_service.cc(88)] CrxUpdateService starting up. First update attempt will take place in 360 seconds. Next update attempt will take place in 18000 seconds. 
[51:61:1102/210843.704060:VERBOSE1:component_installer.cc(252)] StartRegistration for Signed Tree Heads
[51:51:1102/210843.704147:VERBOSE1:component_installer.cc(396)] FinishRegistration for CRLSet
[51:61:1102/210843.704301:VERBOSE1:component_installer.cc(252)] StartRegistration for Origin Trials
[51:61:1102/210843.704415:VERBOSE1:component_installer.cc(252)] StartRegistration for File Type Policies
[51:61:1102/210843.704526:VERBOSE1:component_installer.cc(252)] StartRegistration for SSL Error Assistant
[51:61:1102/210843.704637:VERBOSE1:component_installer.cc(252)] StartRegistration for MEI Preload
[51:51:1102/210843.704846:VERBOSE1:component_installer.cc(396)] FinishRegistration for Signed Tree Heads
[51:51:1102/210843.704881:VERBOSE1:component_installer.cc(396)] FinishRegistration for Origin Trials
[51:51:1102/210843.704920:VERBOSE1:component_installer.cc(396)] FinishRegistration for File Type Policies
[51:51:1102/210843.704948:VERBOSE1:component_installer.cc(396)] FinishRegistration for SSL Error Assistant
[51:51:1102/210843.705021:VERBOSE1:component_installer.cc(396)] FinishRegistration for MEI Preload
[51:54:1102/210843.738060:VERBOSE1:network_delegate.cc(30)] NetworkDelegate::NotifyBeforeURLRequest: https://www.gstatic.com/chrome/intelligence/assist/ranker/models/translate/translate_ranker_20180123.model
[51:54:1102/210843.738178:VERBOSE1:network_delegate.cc(30)] NetworkDelegate::NotifyBeforeURLRequest: https://www.gstatic.com/chrome/intelligence/assist/ranker/models/translate/translate_ranker_20180123.model
[51:73:1102/210843.845556:VERBOSE1:simple_index_file.cc(586)] Simple Cache Index is being restored from disk.
[51:54:1102/210844.246740:VERBOSE1:network_delegate.cc(30)] NetworkDelegate::NotifyBeforeURLRequest: data:/,
[51:54:1102/210844.246768:VERBOSE1:network_delegate.cc(30)] NetworkDelegate::NotifyBeforeURLRequest: data:/,
[51:54:1102/210844.246786:VERBOSE1:network_delegate.cc(30)] NetworkDelegate::NotifyBeforeURLRequest: data:/,
[51:82:1102/210844.259866:VERBOSE1:dispatcher.cc(498)] Num tracked contexts: 1
[51:82:1102/210844.264169:VERBOSE1:v8_context_snapshot.cc(139)] A context is created from snapshot for main world
[51:82:1102/210844.264288:VERBOSE1:script_context.cc(91)] Created context:
  extension id:           (none)
  frame:                  0x1b9dbe4c1c28
  URL:                    
  context_type:           WEB_PAGE
  effective extension id: (none)
  effective context type: WEB_PAGE
[51:82:1102/210844.264395:VERBOSE1:script_context.cc(91)] Created context:
  extension id:           (none)
  frame:                  (nil)
  URL:                    
  context_type:           UNSPECIFIED
  effective extension id: (none)
  effective context type: UNSPECIFIED
[51:82:1102/210844.265503:VERBOSE1:dispatcher.cc(360)] Num tracked contexts: 2
[51:82:1102/210844.280239:VERBOSE1:script_context.cc(98)] Destroyed context for extension
  extension id: 
  effective extension id: 
[51:82:1102/210844.280276:VERBOSE1:script_context.cc(98)] Destroyed context for extension
  extension id: 
  effective extension id: 
[51:82:1102/210844.288461:VERBOSE1:language_detection_util.cc(129)] Detected language: und
[51:82:1102/210844.442740:VERBOSE1:thread_state.cc(1430)] [state:0x55908e26dae0] CollectGarbage: time: 1ms stack: NoHeapPointersOnStack marking: AtomicMarking sweeping: LazySweeping reason: IdleGC
[51:82:1102/210844.477716:VERBOSE1:thread_state.cc(1024)] [state:0x55908e26dae0] PostSweep: collection_rate: 33%
[51:51:1102/210844.483281:VERBOSE1:gaia_cookie_manager_service.cc(650)] ListAccounts successful
[51:51:1102/210844.483308:VERBOSE1:gaia_cookie_manager_service.cc(796)] GaiaCookieManagerService::HandleNextRequest
[51:51:1102/210844.483337:VERBOSE1:gaia_cookie_manager_service.cc(812)] GaiaCookieManagerService::HandleNextRequest: no more
