[44:44:1102/212005.661827:VERBOSE1:breakpad_linux.cc(1977)] Breakpad disabled
[44:44:1102/212006.247664:VERBOSE1:webrtc_event_log_manager.cc(390)] WebRTC remote-bound event logging disabled.
[44:44:1102/212006.247797:VERBOSE1:pref_proxy_config_tracker_impl.cc(184)] 0x3977ec485580: set chrome proxy config service to 0x3977ec631780
[44:44:1102/212006.247928:ERROR:default_network_context_params.cc(60)] Cannot use V8 Proxy resolver in single process mode.
[44:56:1102/212006.248364:ERROR:bus.cc(394)] Failed to connect to the bus: Failed to connect to socket /var/run/dbus/system_bus_socket: No such file or directory
[44:47:1102/212006.250508:VERBOSE1:multi_log_ct_verifier.cc(75)] Adding CT log: Google 'Argon2018' log
[44:47:1102/212006.250522:VERBOSE1:multi_log_ct_verifier.cc(75)] Adding CT log: Google 'Argon2019' log
[44:47:1102/212006.250528:VERBOSE1:multi_log_ct_verifier.cc(75)] Adding CT log: Google 'Argon2020' log
[44:47:1102/212006.250534:VERBOSE1:multi_log_ct_verifier.cc(75)] Adding CT log: Google 'Argon2021' log
[44:47:1102/212006.250539:VERBOSE1:multi_log_ct_verifier.cc(75)] Adding CT log: Google 'Aviator' log
[44:47:1102/212006.250545:VERBOSE1:multi_log_ct_verifier.cc(75)] Adding CT log: Google 'Icarus' log
[44:47:1102/212006.250550:VERBOSE1:multi_log_ct_verifier.cc(75)] Adding CT log: Google 'Pilot' log
[44:47:1102/212006.250556:VERBOSE1:multi_log_ct_verifier.cc(75)] Adding CT log: Google 'Rocketeer' log
[44:47:1102/212006.250565:VERBOSE1:multi_log_ct_verifier.cc(75)] Adding CT log: Google 'Skydiver' log
[44:47:1102/212006.250571:VERBOSE1:multi_log_ct_verifier.cc(75)] Adding CT log: Cloudflare 'Nimbus2018' Log
[44:47:1102/212006.250576:VERBOSE1:multi_log_ct_verifier.cc(75)] Adding CT log: Cloudflare 'Nimbus2019' Log
[44:47:1102/212006.250582:VERBOSE1:multi_log_ct_verifier.cc(75)] Adding CT log: Cloudflare 'Nimbus2020' Log
[44:47:1102/212006.250588:VERBOSE1:multi_log_ct_verifier.cc(75)] Adding CT log: Cloudflare 'Nimbus2021' Log
[44:47:1102/212006.250593:VERBOSE1:multi_log_ct_verifier.cc(75)] Adding CT log: DigiCert Log Server
[44:47:1102/212006.250598:VERBOSE1:multi_log_ct_verifier.cc(75)] Adding CT log: DigiCert Log Server 2
[44:47:1102/212006.250604:VERBOSE1:multi_log_ct_verifier.cc(75)] Adding CT log: DigiCert Yeti2018 Log
[44:47:1102/212006.250609:VERBOSE1:multi_log_ct_verifier.cc(75)] Adding CT log: DigiCert Yeti2019 Log
[44:47:1102/212006.250614:VERBOSE1:multi_log_ct_verifier.cc(75)] Adding CT log: DigiCert Yeti2020 Log
[44:47:1102/212006.250620:VERBOSE1:multi_log_ct_verifier.cc(75)] Adding CT log: DigiCert Yeti2021 Log
[44:47:1102/212006.250625:VERBOSE1:multi_log_ct_verifier.cc(75)] Adding CT log: DigiCert Yeti2022 Log
[44:47:1102/212006.250630:VERBOSE1:multi_log_ct_verifier.cc(75)] Adding CT log: Symantec log
[44:47:1102/212006.250635:VERBOSE1:multi_log_ct_verifier.cc(75)] Adding CT log: Symantec 'Vega' log
[44:47:1102/212006.250640:VERBOSE1:multi_log_ct_verifier.cc(75)] Adding CT log: Symantec 'Sirius' log
[44:47:1102/212006.250646:VERBOSE1:multi_log_ct_verifier.cc(75)] Adding CT log: Venafi Gen2 CT log
[44:47:1102/212006.250651:VERBOSE1:multi_log_ct_verifier.cc(75)] Adding CT log: CNNIC CT log
[44:47:1102/212006.250656:VERBOSE1:multi_log_ct_verifier.cc(75)] Adding CT log: Comodo 'Sabre' CT log
[44:47:1102/212006.250662:VERBOSE1:multi_log_ct_verifier.cc(75)] Adding CT log: Comodo 'Mammoth' CT log
[44:47:1102/212006.250667:VERBOSE1:multi_log_ct_verifier.cc(75)] Adding CT log: StartCom log
[44:47:1102/212006.250672:VERBOSE1:multi_log_ct_verifier.cc(75)] Adding CT log: WoSign log
[44:47:1102/212006.250677:VERBOSE1:multi_log_ct_verifier.cc(75)] Adding CT log: Izenpe log
[44:47:1102/212006.250683:VERBOSE1:multi_log_ct_verifier.cc(75)] Adding CT log: Venafi log
[44:47:1102/212006.250688:VERBOSE1:multi_log_ct_verifier.cc(75)] Adding CT log: Certly.IO log
[44:47:1102/212006.250751:VERBOSE1:proxy_resolution_service.cc(1022)] PAC support disabled because there is no system implementation
[44:44:1102/212006.255019:ERROR:gpu_process_transport_factory.cc(1016)] Lost UI shared context.
[44:44:1102/212006.255224:VERBOSE1:pulse_stubs.cc(683)] dlopen(libpulse.so.0) failed, dlerror() says:
libpulse.so.0: cannot open shared object file: No such file or directory
[44:44:1102/212006.255262:VERBOSE1:pulse_util.cc(105)] Failed on loading the Pulse library and symbols
[44:44:1102/212006.281553:VERBOSE1:mutable_profile_oauth2_token_service_delegate.cc(347)] MutablePO2TS::MutablePO2TS
[44:44:1102/212006.281622:VERBOSE1:device_event_log_impl.cc(161)] [21:20:06.281] Bluetooth: EVENT: bluetooth_api.cc:72 BluetoothAPI: 0x3977ec59d000
[44:44:1102/212006.281827:VERBOSE1:bluetooth_low_energy_event_router.cc(248)] Initializing BluetoothLowEnergyEventRouter.
[44:44:1102/212006.283284:VERBOSE1:dns_sd_registry.cc(158)] RegisterDnsSdListener: _googlecast._tcp.local, registered: 0
[44:44:1102/212006.283300:VERBOSE1:service_discovery_device_lister.cc(40)] DeviceListerStart: service_type: _googlecast._tcp.local
[44:44:1102/212006.283308:VERBOSE1:dns_sd_device_lister.cc(46)] Started device lister for service type _googlecast._tcp.local
[44:44:1102/212006.283314:VERBOSE1:service_discovery_device_lister.cc(46)] DiscoverNewDevices: service_type: _googlecast._tcp.local
[44:44:1102/212006.283320:VERBOSE1:dns_sd_device_lister.cc(50)] Discovery new devices for service type _googlecast._tcp.local
[44:44:1102/212006.283326:VERBOSE1:dns_sd_registry.cc(249)] DispatchApiEvent: service_type: _googlecast._tcp.local
[44:44:1102/212006.306895:VERBOSE1:pref_proxy_config_tracker_impl.cc(184)] 0x3977ec7bb080: set chrome proxy config service to 0x3977ec7aca80
[44:44:1102/212006.306974:ERROR:default_network_context_params.cc(60)] Cannot use V8 Proxy resolver in single process mode.
[44:47:1102/212006.313534:VERBOSE1:multi_log_ct_verifier.cc(75)] Adding CT log: Google 'Argon2018' log
[44:47:1102/212006.313551:VERBOSE1:multi_log_ct_verifier.cc(75)] Adding CT log: Google 'Argon2019' log
[44:47:1102/212006.313557:VERBOSE1:multi_log_ct_verifier.cc(75)] Adding CT log: Google 'Argon2020' log
[44:47:1102/212006.313562:VERBOSE1:multi_log_ct_verifier.cc(75)] Adding CT log: Google 'Argon2021' log
[44:47:1102/212006.313568:VERBOSE1:multi_log_ct_verifier.cc(75)] Adding CT log: Google 'Aviator' log
[44:47:1102/212006.313573:VERBOSE1:multi_log_ct_verifier.cc(75)] Adding CT log: Google 'Icarus' log
[44:47:1102/212006.313579:VERBOSE1:multi_log_ct_verifier.cc(75)] Adding CT log: Google 'Pilot' log
[44:47:1102/212006.313584:VERBOSE1:multi_log_ct_verifier.cc(75)] Adding CT log: Google 'Rocketeer' log
[44:47:1102/212006.313589:VERBOSE1:multi_log_ct_verifier.cc(75)] Adding CT log: Google 'Skydiver' log
[44:47:1102/212006.313597:VERBOSE1:multi_log_ct_verifier.cc(75)] Adding CT log: Cloudflare 'Nimbus2018' Log
[44:47:1102/212006.313603:VERBOSE1:multi_log_ct_verifier.cc(75)] Adding CT log: Cloudflare 'Nimbus2019' Log
[44:47:1102/212006.313608:VERBOSE1:multi_log_ct_verifier.cc(75)] Adding CT log: Cloudflare 'Nimbus2020' Log
[44:47:1102/212006.313613:VERBOSE1:multi_log_ct_verifier.cc(75)] Adding CT log: Cloudflare 'Nimbus2021' Log
[44:47:1102/212006.313619:VERBOSE1:multi_log_ct_verifier.cc(75)] Adding CT log: DigiCert Log Server
[44:47:1102/212006.313624:VERBOSE1:multi_log_ct_verifier.cc(75)] Adding CT log: DigiCert Log Server 2
[44:47:1102/212006.313630:VERBOSE1:multi_log_ct_verifier.cc(75)] Adding CT log: DigiCert Yeti2018 Log
[44:47:1102/212006.313638:VERBOSE1:multi_log_ct_verifier.cc(75)] Adding CT log: DigiCert Yeti2019 Log
[44:47:1102/212006.313643:VERBOSE1:multi_log_ct_verifier.cc(75)] Adding CT log: DigiCert Yeti2020 Log
[44:47:1102/212006.313648:VERBOSE1:multi_log_ct_verifier.cc(75)] Adding CT log: DigiCert Yeti2021 Log
[44:47:1102/212006.313654:VERBOSE1:multi_log_ct_verifier.cc(75)] Adding CT log: DigiCert Yeti2022 Log
[44:47:1102/212006.313659:VERBOSE1:multi_log_ct_verifier.cc(75)] Adding CT log: Symantec log
[44:47:1102/212006.313665:VERBOSE1:multi_log_ct_verifier.cc(75)] Adding CT log: Symantec 'Vega' log
[44:47:1102/212006.313670:VERBOSE1:multi_log_ct_verifier.cc(75)] Adding CT log: Symantec 'Sirius' log
[44:47:1102/212006.313675:VERBOSE1:multi_log_ct_verifier.cc(75)] Adding CT log: Venafi Gen2 CT log
[44:47:1102/212006.313685:VERBOSE1:multi_log_ct_verifier.cc(75)] Adding CT log: CNNIC CT log
[44:47:1102/212006.313705:VERBOSE1:multi_log_ct_verifier.cc(75)] Adding CT log: Comodo 'Sabre' CT log
[44:47:1102/212006.313711:VERBOSE1:multi_log_ct_verifier.cc(75)] Adding CT log: Comodo 'Mammoth' CT log
[44:47:1102/212006.313716:VERBOSE1:multi_log_ct_verifier.cc(75)] Adding CT log: StartCom log
[44:47:1102/212006.313721:VERBOSE1:multi_log_ct_verifier.cc(75)] Adding CT log: WoSign log
[44:47:1102/212006.313726:VERBOSE1:multi_log_ct_verifier.cc(75)] Adding CT log: Izenpe log
[44:47:1102/212006.313732:VERBOSE1:multi_log_ct_verifier.cc(75)] Adding CT log: Venafi log
[44:47:1102/212006.313737:VERBOSE1:multi_log_ct_verifier.cc(75)] Adding CT log: Certly.IO log
[44:47:1102/212006.313753:VERBOSE1:proxy_resolution_service.cc(1022)] PAC support disabled because there is no system implementation
[44:44:1102/212006.316199:VERBOSE1:extension_service.cc(1254)] AddComponentExtension Cloud Print
[44:44:1102/212006.316215:VERBOSE1:extension_service.cc(1256)] Component extension Cloud Print (mfehgcgbbipciphmccgaenjidiccnmng) installing/upgrading from '' to 0.1
[44:44:1102/212006.316702:VERBOSE1:extension_service.cc(1254)] AddComponentExtension Web Store
[44:44:1102/212006.316716:VERBOSE1:extension_service.cc(1256)] Component extension Web Store (ahfgeienlihckogmohjhadlkjgocpleb) installing/upgrading from '' to 0.2
[44:44:1102/212006.317149:VERBOSE1:extension_service.cc(1254)] AddComponentExtension Chromium PDF Viewer
[44:44:1102/212006.317162:VERBOSE1:extension_service.cc(1256)] Component extension Chromium PDF Viewer (mhjfbmdgcfjbbpaeojofohoefgiehjai) installing/upgrading from '' to 1
[44:44:1102/212006.318913:VERBOSE1:account_reconcilor.cc(101)] AccountReconcilor::AccountReconcilor
[44:44:1102/212006.318928:VERBOSE1:account_reconcilor.cc(115)] AccountReconcilor::Initialize
[44:44:1102/212006.323119:VERBOSE1:file_type_policies_component_installer.cc(134)] Registering File Type Policies component.
[44:44:1102/212006.324061:WARNING:browser_main_loop.cc(271)] GLib-GObject: g_object_get_valist: object class 'GtkSettings' has no property named 'gtk-application-prefer-dark-theme'
[44:44:1102/212006.338177:WARNING:password_store_factory.cc(250)] Using basic (unencrypted) store for password storage. See https://chromium.googlesource.com/chromium/src/+/master/docs/linux_password_storage.md for more information about password storage options.
[44:47:1102/212006.352746:VERBOSE1:network_delegate.cc(30)] NetworkDelegate::NotifyBeforeURLRequest: data:,
[44:47:1102/212006.352770:VERBOSE1:network_delegate.cc(30)] NetworkDelegate::NotifyBeforeURLRequest: data:,
[44:47:1102/212006.352783:VERBOSE1:network_delegate.cc(30)] NetworkDelegate::NotifyBeforeURLRequest: data:,
[44:82:1102/212006.365601:WARNING:histograms.cc(40)] Started multiple compositor clients (Browser, Renderer) in one process. Some metrics will be disabled.
[44:80:1102/212006.390331:ERROR:gles2_command_buffer_stub.cc(129)] ContextResult::kFatalFailure: Failed to create default offscreen surface.
[44:77:1102/212006.392864:ERROR:bus.cc(394)] Failed to connect to the bus: Address does not contain a colon
[44:80:1102/212006.395829:ERROR:gles2_command_buffer_stub.cc(129)] ContextResult::kFatalFailure: Failed to create default offscreen surface.
[44:80:1102/212006.396547:ERROR:gles2_command_buffer_stub.cc(129)] ContextResult::kFatalFailure: Failed to create default offscreen surface.
[44:80:1102/212006.396989:ERROR:gles2_command_buffer_stub.cc(129)] ContextResult::kFatalFailure: Failed to create default offscreen surface.
[44:80:1102/212006.397655:ERROR:gles2_command_buffer_stub.cc(129)] ContextResult::kFatalFailure: Failed to create default offscreen surface.
[44:80:1102/212006.398026:ERROR:gles2_command_buffer_stub.cc(129)] ContextResult::kFatalFailure: Failed to create default offscreen surface.
[44:80:1102/212006.398370:ERROR:gles2_command_buffer_stub.cc(129)] ContextResult::kFatalFailure: Failed to create default offscreen surface.
[44:80:1102/212006.398753:ERROR:gles2_command_buffer_stub.cc(129)] ContextResult::kFatalFailure: Failed to create default offscreen surface.
[44:80:1102/212006.399105:ERROR:gles2_command_buffer_stub.cc(129)] ContextResult::kFatalFailure: Failed to create default offscreen surface.
[44:80:1102/212006.399471:ERROR:gles2_command_buffer_stub.cc(129)] ContextResult::kFatalFailure: Failed to create default offscreen surface.
[44:80:1102/212006.402066:ERROR:gles2_command_buffer_stub.cc(129)] ContextResult::kFatalFailure: Failed to create default offscreen surface.
[44:80:1102/212006.402438:ERROR:gles2_command_buffer_stub.cc(129)] ContextResult::kFatalFailure: Failed to create default offscreen surface.
[44:80:1102/212006.403029:ERROR:gles2_command_buffer_stub.cc(129)] ContextResult::kFatalFailure: Failed to create default offscreen surface.
[44:80:1102/212006.403399:ERROR:gles2_command_buffer_stub.cc(129)] ContextResult::kFatalFailure: Failed to create default offscreen surface.
[44:80:1102/212006.403766:ERROR:gles2_command_buffer_stub.cc(129)] ContextResult::kFatalFailure: Failed to create default offscreen surface.
[44:80:1102/212006.412990:ERROR:gles2_command_buffer_stub.cc(129)] ContextResult::kFatalFailure: Failed to create default offscreen surface.
[44:80:1102/212006.413495:ERROR:gles2_command_buffer_stub.cc(129)] ContextResult::kFatalFailure: Failed to create default offscreen surface.
[44:80:1102/212006.413915:ERROR:gles2_command_buffer_stub.cc(129)] ContextResult::kFatalFailure: Failed to create default offscreen surface.
[44:80:1102/212006.414265:ERROR:gles2_command_buffer_stub.cc(129)] ContextResult::kFatalFailure: Failed to create default offscreen surface.
[44:80:1102/212006.414654:ERROR:gles2_command_buffer_stub.cc(129)] ContextResult::kFatalFailure: Failed to create default offscreen surface.
[44:80:1102/212006.414997:ERROR:gles2_command_buffer_stub.cc(129)] ContextResult::kFatalFailure: Failed to create default offscreen surface.
[44:60:1102/212006.422847:VERBOSE1:component_installer.cc(252)] StartRegistration for Subresource Filter Rules
[44:60:1102/212006.422974:VERBOSE1:component_installer.cc(252)] StartRegistration for CRLSet
[44:60:1102/212006.423038:VERBOSE1:component_installer.cc(252)] StartRegistration for Signed Tree Heads
[44:60:1102/212006.423103:VERBOSE1:component_installer.cc(252)] StartRegistration for Origin Trials
[44:60:1102/212006.423167:VERBOSE1:component_installer.cc(252)] StartRegistration for File Type Policies
[44:60:1102/212006.423229:VERBOSE1:component_installer.cc(252)] StartRegistration for SSL Error Assistant
[44:60:1102/212006.423291:VERBOSE1:component_installer.cc(252)] StartRegistration for MEI Preload
[44:44:1102/212006.424924:VERBOSE1:bluez_dbus_manager.cc(174)] Bluetooth not supported.
[44:44:1102/212006.425660:VERBOSE1:gaia_cookie_manager_service.cc(787)] GaiaCookieManagerService::ListAccounts
[44:47:1102/212006.427865:VERBOSE1:network_delegate.cc(30)] NetworkDelegate::NotifyBeforeURLRequest: https://accounts.google.com/ListAccounts?gpsia=1&source=durations_metrics,counter:0,load_time_ms:144&json=standard
[44:47:1102/212006.427882:VERBOSE1:network_delegate.cc(30)] NetworkDelegate::NotifyBeforeURLRequest: https://accounts.google.com/ListAccounts?gpsia=1&source=durations_metrics,counter:0,load_time_ms:144&json=standard
[44:47:1102/212006.427894:VERBOSE1:network_delegate.cc(30)] NetworkDelegate::NotifyBeforeURLRequest: https://accounts.google.com/ListAccounts?gpsia=1&source=durations_metrics,counter:0,load_time_ms:144&json=standard
[44:47:1102/212006.428487:VERBOSE1:mdns_client_impl.cc(160)] Sockets ready:2
[44:80:1102/212006.428660:ERROR:gles2_command_buffer_stub.cc(129)] ContextResult::kFatalFailure: Failed to create default offscreen surface.
[44:44:1102/212006.440392:VERBOSE1:component_installer.cc(396)] FinishRegistration for Subresource Filter Rules
[44:44:1102/212006.440425:VERBOSE1:component_updater_service.cc(88)] CrxUpdateService starting up. First update attempt will take place in 360 seconds. Next update attempt will take place in 18000 seconds. 
[44:44:1102/212006.440443:VERBOSE1:component_installer.cc(396)] FinishRegistration for CRLSet
[44:44:1102/212006.440463:VERBOSE1:component_installer.cc(396)] FinishRegistration for Signed Tree Heads
[44:44:1102/212006.440483:VERBOSE1:component_installer.cc(396)] FinishRegistration for Origin Trials
[44:44:1102/212006.440495:VERBOSE1:component_installer.cc(396)] FinishRegistration for File Type Policies
[44:44:1102/212006.440509:VERBOSE1:component_installer.cc(396)] FinishRegistration for SSL Error Assistant
[44:44:1102/212006.440521:VERBOSE1:component_installer.cc(396)] FinishRegistration for MEI Preload
[44:80:1102/212006.443074:ERROR:gles2_command_buffer_stub.cc(129)] ContextResult::kFatalFailure: Failed to create default offscreen surface.
[44:47:1102/212006.445511:VERBOSE1:network_delegate.cc(30)] NetworkDelegate::NotifyBeforeURLRequest: chrome-extension://aapnijgdinlhnhlmodcfapnahmbfebeb/_generated_background_page.html
[44:47:1102/212006.445527:VERBOSE1:network_delegate.cc(30)] NetworkDelegate::NotifyBeforeURLRequest: chrome-extension://aapnijgdinlhnhlmodcfapnahmbfebeb/_generated_background_page.html
[44:47:1102/212006.445536:VERBOSE1:network_delegate.cc(30)] NetworkDelegate::NotifyBeforeURLRequest: chrome-extension://aapnijgdinlhnhlmodcfapnahmbfebeb/_generated_background_page.html
[44:80:1102/212006.448558:ERROR:gles2_command_buffer_stub.cc(129)] ContextResult::kFatalFailure: Failed to create default offscreen surface.
[44:47:1102/212006.488751:VERBOSE1:network_delegate.cc(30)] NetworkDelegate::NotifyBeforeURLRequest: chrome-extension://aapnijgdinlhnhlmodcfapnahmbfebeb/background.js
[44:47:1102/212006.488775:VERBOSE1:network_delegate.cc(30)] NetworkDelegate::NotifyBeforeURLRequest: chrome-extension://aapnijgdinlhnhlmodcfapnahmbfebeb/background.js
[44:47:1102/212006.488784:VERBOSE1:network_delegate.cc(30)] NetworkDelegate::NotifyBeforeURLRequest: chrome-extension://aapnijgdinlhnhlmodcfapnahmbfebeb/background.js
[44:82:1102/212006.500488:VERBOSE1:v8_context_snapshot.cc(139)] A context is created from snapshot for main world
[44:82:1102/212006.500686:VERBOSE1:script_context.cc(91)] Created context:
  extension id:           aapnijgdinlhnhlmodcfapnahmbfebeb
  frame:                  0x1e33b2312d38
  URL:                    
  context_type:           BLESSED_EXTENSION
  effective extension id: aapnijgdinlhnhlmodcfapnahmbfebeb
  effective context type: BLESSED_EXTENSION
[44:82:1102/212006.501515:VERBOSE1:script_context.cc(91)] Created context:
  extension id:           (none)
  frame:                  (nil)
  URL:                    
  context_type:           UNSPECIFIED
  effective extension id: (none)
  effective context type: UNSPECIFIED
[44:47:1102/212006.502487:VERBOSE1:network_delegate.cc(30)] NetworkDelegate::NotifyBeforeURLRequest: https://www.gstatic.com/chrome/intelligence/assist/ranker/models/translate/translate_ranker_20180123.model
[44:47:1102/212006.502507:VERBOSE1:network_delegate.cc(30)] NetworkDelegate::NotifyBeforeURLRequest: https://www.gstatic.com/chrome/intelligence/assist/ranker/models/translate/translate_ranker_20180123.model
[44:82:1102/212006.529611:VERBOSE1:dispatcher.cc(360)] Num tracked contexts: 1
[44:82:1102/212006.535919:VERBOSE1:language_detection_util.cc(129)] Detected language: und
[44:82:1102/212006.573043:VERBOSE1:v8_context_snapshot.cc(139)] A context is created from snapshot for main world
[44:82:1102/212006.573185:VERBOSE1:script_context.cc(91)] Created context:
  extension id:           (none)
  frame:                  0x1e33b2301c28
  URL:                    
  context_type:           WEB_PAGE
  effective extension id: (none)
  effective context type: WEB_PAGE
[44:65:1102/212006.573285:VERBOSE1:simple_index_file.cc(586)] Simple Cache Index is being restored from disk.
[44:82:1102/212006.573612:VERBOSE1:script_context.cc(91)] Created context:
  extension id:           (none)
  frame:                  (nil)
  URL:                    
  context_type:           UNSPECIFIED
  effective extension id: (none)
  effective context type: UNSPECIFIED
[44:82:1102/212006.574647:VERBOSE1:dispatcher.cc(360)] Num tracked contexts: 2
[44:82:1102/212007.057184:VERBOSE1:v8_context_snapshot.cc(139)] A context is created from snapshot for main world
[44:82:1102/212007.057332:VERBOSE1:script_context.cc(91)] Created context:
  extension id:           (none)
  frame:                  0x1e33b231c3c0
  URL:                    
  context_type:           WEB_PAGE
  effective extension id: (none)
  effective context type: WEB_PAGE
[44:82:1102/212007.057395:VERBOSE1:script_context.cc(91)] Created context:
  extension id:           (none)
  frame:                  (nil)
  URL:                    
  context_type:           UNSPECIFIED
  effective extension id: (none)
  effective context type: UNSPECIFIED
[44:82:1102/212007.058049:VERBOSE1:dispatcher.cc(360)] Num tracked contexts: 3
[44:82:1102/212007.080914:VERBOSE1:dispatcher.cc(498)] Num tracked contexts: 2
[44:82:1102/212007.094307:VERBOSE1:script_context.cc(98)] Destroyed context for extension
  extension id: 
  effective extension id: 
[44:82:1102/212007.094357:VERBOSE1:script_context.cc(98)] Destroyed context for extension
  extension id: 
  effective extension id: 
[44:47:1102/212007.102432:VERBOSE1:network_delegate.cc(30)] NetworkDelegate::NotifyBeforeURLRequest: data:/,
[44:47:1102/212007.102456:VERBOSE1:network_delegate.cc(30)] NetworkDelegate::NotifyBeforeURLRequest: data:/,
[44:47:1102/212007.102474:VERBOSE1:network_delegate.cc(30)] NetworkDelegate::NotifyBeforeURLRequest: data:/,
[44:82:1102/212007.126094:VERBOSE1:dispatcher.cc(498)] Num tracked contexts: 1
[44:82:1102/212007.135570:VERBOSE1:v8_context_snapshot.cc(139)] A context is created from snapshot for main world
[44:82:1102/212007.135688:VERBOSE1:script_context.cc(91)] Created context:
  extension id:           (none)
  frame:                  0x1e33b2301c28
  URL:                    
  context_type:           WEB_PAGE
  effective extension id: (none)
  effective context type: WEB_PAGE
[44:82:1102/212007.135757:VERBOSE1:script_context.cc(91)] Created context:
  extension id:           (none)
  frame:                  (nil)
  URL:                    
  context_type:           UNSPECIFIED
  effective extension id: (none)
  effective context type: UNSPECIFIED
[44:82:1102/212007.138028:VERBOSE1:dispatcher.cc(360)] Num tracked contexts: 2
[44:82:1102/212007.144755:VERBOSE1:script_context.cc(98)] Destroyed context for extension
  extension id: 
  effective extension id: 
[44:82:1102/212007.144796:VERBOSE1:script_context.cc(98)] Destroyed context for extension
  extension id: 
  effective extension id: 
[44:82:1102/212007.166836:VERBOSE1:language_detection_util.cc(129)] Detected language: und
[44:82:1102/212007.212434:VERBOSE1:thread_state.cc(1430)] [state:0x55ca174f8ae0] CollectGarbage: time: 1.3ms stack: NoHeapPointersOnStack marking: AtomicMarking sweeping: LazySweeping reason: IdleGC
[44:82:1102/212007.219530:VERBOSE1:thread_state.cc(1024)] [state:0x55ca174f8ae0] PostSweep: collection_rate: 37%
[44:44:1102/212007.282461:VERBOSE1:gaia_cookie_manager_service.cc(650)] ListAccounts successful
[44:44:1102/212007.282487:VERBOSE1:gaia_cookie_manager_service.cc(796)] GaiaCookieManagerService::HandleNextRequest
[44:44:1102/212007.282500:VERBOSE1:gaia_cookie_manager_service.cc(812)] GaiaCookieManagerService::HandleNextRequest: no more
