[44:44:1016/145154.116742:VERBOSE1:breakpad_linux.cc(1980)] Breakpad disabled
[44:49:1016/145154.193715:ERROR:bus.cc(395)] Failed to connect to the bus: Failed to connect to socket /var/run/dbus/system_bus_socket: No such file or directory
[44:44:1016/145155.628833:VERBOSE1:pref_proxy_config_tracker_impl.cc(154)] 0x53c027c5580: set chrome proxy config service to 0x53c0289e000
[44:44:1016/145155.646493:VERBOSE1:pulse_stubs.cc(683)] dlopen(libpulse.so.0) failed, dlerror() says:
libpulse.so.0: cannot open shared object file: No such file or directory
[44:44:1016/145155.646537:VERBOSE1:pulse_util.cc(106)] Failed on loading the Pulse library and symbols
[44:44:1016/145155.668461:VERBOSE1:mutable_profile_oauth2_token_service_delegate.cc(162)] MutablePO2TS::MutablePO2TS
[44:44:1016/145155.668542:VERBOSE1:device_event_log_impl.cc(158)] [14:51:55.668] Bluetooth: EVENT: bluetooth_api.cc:68 BluetoothAPI: 0x53c02923000
[44:44:1016/145155.669740:VERBOSE1:bluetooth_low_energy_event_router.cc(248)] Initializing BluetoothLowEnergyEventRouter.
[44:44:1016/145155.702737:VERBOSE1:pref_proxy_config_tracker_impl.cc(154)] 0x53c02a3b2c0: set chrome proxy config service to 0x53c02922180
[44:44:1016/145155.704985:VERBOSE1:extension_service.cc(1403)] AddComponentExtension Cloud Print
[44:44:1016/145155.705018:VERBOSE1:extension_service.cc(1405)] Component extension Cloud Print (mfehgcgbbipciphmccgaenjidiccnmng) installing/upgrading from '' to 0.1
[44:44:1016/145155.705426:VERBOSE1:extension_service.cc(1403)] AddComponentExtension Web Store
[44:44:1016/145155.705436:VERBOSE1:extension_service.cc(1405)] Component extension Web Store (ahfgeienlihckogmohjhadlkjgocpleb) installing/upgrading from '' to 0.2
[44:44:1016/145155.705782:VERBOSE1:extension_service.cc(1403)] AddComponentExtension Chromium PDF Viewer
[44:44:1016/145155.705794:VERBOSE1:extension_service.cc(1405)] Component extension Chromium PDF Viewer (mhjfbmdgcfjbbpaeojofohoefgiehjai) installing/upgrading from '' to 1
[44:44:1016/145155.715817:VERBOSE1:account_reconcilor.cc(88)] AccountReconcilor::AccountReconcilor
[44:44:1016/145155.715834:VERBOSE1:account_reconcilor.cc(99)] AccountReconcilor::Initialize
[44:44:1016/145155.726727:VERBOSE1:file_type_policies_component_installer.cc(129)] Registering File Type Policies component.
[44:61:1016/145155.733950:VERBOSE1:component_installer.cc(244)] StartRegistration for Signed Tree Heads
[44:61:1016/145155.735211:VERBOSE1:component_installer.cc(244)] StartRegistration for File Type Policies
[44:61:1016/145155.735307:VERBOSE1:component_installer.cc(244)] StartRegistration for SSL Error Assistant
[44:62:1016/145155.733979:VERBOSE1:component_installer.cc(244)] StartRegistration for Origin Trials
[44:44:1016/145155.805060:WARNING:password_store_factory.cc(241)] Using basic (unencrypted) store for password storage. See https://chromium.googlesource.com/chromium/src/+/master/docs/linux_password_storage.md for more information about password storage options.
[44:44:1016/145155.854041:VERBOSE1:bluez_dbus_manager.cc(172)] Bluetooth not supported.
[44:44:1016/145155.856657:VERBOSE1:component_updater_service.cc(91)] CrxUpdateService starting up. First update attempt will take place in 360 seconds. Next update attempt will take place in 18000 seconds. 
[44:44:1016/145155.856685:VERBOSE1:component_installer.cc(378)] FinishRegistration for Signed Tree Heads
[44:44:1016/145155.856704:VERBOSE1:component_installer.cc(378)] FinishRegistration for File Type Policies
[44:44:1016/145155.856717:VERBOSE1:component_installer.cc(378)] FinishRegistration for SSL Error Assistant
[44:44:1016/145155.856733:VERBOSE1:component_installer.cc(378)] FinishRegistration for Origin Trials
[44:85:1016/145155.918500:WARNING:histograms.cc(40)] Started multiple compositor clients (Browser, Renderer) in one process. Some metrics will be disabled.
[44:74:1016/145156.014154:VERBOSE1:multi_log_ct_verifier.cc(75)] Adding CT log: Google 'Aviator' log
[44:74:1016/145156.014176:VERBOSE1:multi_log_ct_verifier.cc(75)] Adding CT log: Google 'Icarus' log
[44:74:1016/145156.014188:VERBOSE1:multi_log_ct_verifier.cc(75)] Adding CT log: Google 'Pilot' log
[44:74:1016/145156.014207:VERBOSE1:multi_log_ct_verifier.cc(75)] Adding CT log: Google 'Rocketeer' log
[44:74:1016/145156.014213:VERBOSE1:multi_log_ct_verifier.cc(75)] Adding CT log: Google 'Skydiver' log
[44:74:1016/145156.014219:VERBOSE1:multi_log_ct_verifier.cc(75)] Adding CT log: DigiCert Log Server
[44:74:1016/145156.014224:VERBOSE1:multi_log_ct_verifier.cc(75)] Adding CT log: DigiCert Log Server 2
[44:74:1016/145156.014230:VERBOSE1:multi_log_ct_verifier.cc(75)] Adding CT log: Symantec log
[44:74:1016/145156.014235:VERBOSE1:multi_log_ct_verifier.cc(75)] Adding CT log: Symantec 'Vega' log
[44:74:1016/145156.014241:VERBOSE1:multi_log_ct_verifier.cc(75)] Adding CT log: Symantec 'Sirius' log
[44:74:1016/145156.014246:VERBOSE1:multi_log_ct_verifier.cc(75)] Adding CT log: WoSign log
[44:74:1016/145156.014252:VERBOSE1:multi_log_ct_verifier.cc(75)] Adding CT log: Venafi Gen2 CT log
[44:74:1016/145156.014257:VERBOSE1:multi_log_ct_verifier.cc(75)] Adding CT log: CNNIC CT log
[44:74:1016/145156.014263:VERBOSE1:multi_log_ct_verifier.cc(75)] Adding CT log: StartCom log
[44:74:1016/145156.014268:VERBOSE1:multi_log_ct_verifier.cc(75)] Adding CT log: Comodo 'Sabre' CT log
[44:74:1016/145156.014273:VERBOSE1:multi_log_ct_verifier.cc(75)] Adding CT log: Comodo 'Mammoth' CT log
[44:74:1016/145156.014279:VERBOSE1:multi_log_ct_verifier.cc(75)] Adding CT log: Izenpe log
[44:74:1016/145156.014284:VERBOSE1:multi_log_ct_verifier.cc(75)] Adding CT log: Venafi log
[44:74:1016/145156.014289:VERBOSE1:multi_log_ct_verifier.cc(75)] Adding CT log: Certly.IO log
[44:74:1016/145156.014298:ERROR:io_thread.cc(730)] Cannot use V8 Proxy resolver in single process mode.
[44:74:1016/145156.014449:VERBOSE1:proxy_service.cc(958)] PAC support disabled because there is no system implementation
[44:74:1016/145156.025760:ERROR:io_thread.cc(730)] Cannot use V8 Proxy resolver in single process mode.
[44:74:1016/145156.026136:VERBOSE1:multi_log_ct_verifier.cc(75)] Adding CT log: Google 'Aviator' log
[44:74:1016/145156.026145:VERBOSE1:multi_log_ct_verifier.cc(75)] Adding CT log: Google 'Icarus' log
[44:74:1016/145156.026151:VERBOSE1:multi_log_ct_verifier.cc(75)] Adding CT log: Google 'Pilot' log
[44:74:1016/145156.026156:VERBOSE1:multi_log_ct_verifier.cc(75)] Adding CT log: Google 'Rocketeer' log
[44:74:1016/145156.026162:VERBOSE1:multi_log_ct_verifier.cc(75)] Adding CT log: Google 'Skydiver' log
[44:74:1016/145156.026169:VERBOSE1:multi_log_ct_verifier.cc(75)] Adding CT log: DigiCert Log Server
[44:74:1016/145156.026174:VERBOSE1:multi_log_ct_verifier.cc(75)] Adding CT log: DigiCert Log Server 2
[44:74:1016/145156.026180:VERBOSE1:multi_log_ct_verifier.cc(75)] Adding CT log: Symantec log
[44:74:1016/145156.026185:VERBOSE1:multi_log_ct_verifier.cc(75)] Adding CT log: Symantec 'Vega' log
[44:74:1016/145156.026190:VERBOSE1:multi_log_ct_verifier.cc(75)] Adding CT log: Symantec 'Sirius' log
[44:74:1016/145156.026196:VERBOSE1:multi_log_ct_verifier.cc(75)] Adding CT log: WoSign log
[44:74:1016/145156.026201:VERBOSE1:multi_log_ct_verifier.cc(75)] Adding CT log: Venafi Gen2 CT log
[44:74:1016/145156.026206:VERBOSE1:multi_log_ct_verifier.cc(75)] Adding CT log: CNNIC CT log
[44:74:1016/145156.026212:VERBOSE1:multi_log_ct_verifier.cc(75)] Adding CT log: StartCom log
[44:74:1016/145156.026217:VERBOSE1:multi_log_ct_verifier.cc(75)] Adding CT log: Comodo 'Sabre' CT log
[44:74:1016/145156.026222:VERBOSE1:multi_log_ct_verifier.cc(75)] Adding CT log: Comodo 'Mammoth' CT log
[44:74:1016/145156.026228:VERBOSE1:multi_log_ct_verifier.cc(75)] Adding CT log: Izenpe log
[44:74:1016/145156.026233:VERBOSE1:multi_log_ct_verifier.cc(75)] Adding CT log: Venafi log
[44:74:1016/145156.026238:VERBOSE1:multi_log_ct_verifier.cc(75)] Adding CT log: Certly.IO log
[44:74:1016/145156.026539:VERBOSE1:proxy_service.cc(958)] PAC support disabled because there is no system implementation
[44:74:1016/145156.034000:VERBOSE1:network_delegate.cc(30)] NetworkDelegate::NotifyBeforeURLRequest: https://www.gstatic.com/chrome/intelligence/assist/ranker/models/translate/2017/03/translate_ranker_model_20170329.pb.bin
[44:74:1016/145156.034028:VERBOSE1:network_delegate.cc(30)] NetworkDelegate::NotifyBeforeURLRequest: https://www.gstatic.com/chrome/intelligence/assist/ranker/models/translate/2017/03/translate_ranker_model_20170329.pb.bin
[44:74:1016/145156.075560:VERBOSE1:network_delegate.cc(30)] NetworkDelegate::NotifyBeforeURLRequest: chrome-extension://aapnijgdinlhnhlmodcfapnahmbfebeb/_generated_background_page.html
[44:74:1016/145156.075581:VERBOSE1:network_delegate.cc(30)] NetworkDelegate::NotifyBeforeURLRequest: chrome-extension://aapnijgdinlhnhlmodcfapnahmbfebeb/_generated_background_page.html
[44:74:1016/145156.075774:VERBOSE1:network_delegate.cc(30)] NetworkDelegate::NotifyBeforeURLRequest: chrome-extension://aapnijgdinlhnhlmodcfapnahmbfebeb/_generated_background_page.html
[44:85:1016/145156.089255:VERBOSE1:LocalWindowProxy.cpp(236)] A context is created NOT from snapshot
[44:85:1016/145156.097886:VERBOSE1:script_context.cc(111)] Created context:
  extension id:           (none)
  frame:                  0xdb9c6881d18
  URL:                    
  context_type:           WEB_PAGE
  effective extension id: (none)
  effective context type: WEB_PAGE
[44:85:1016/145156.098610:VERBOSE1:script_context.cc(111)] Created context:
  extension id:           (none)
  frame:                  (nil)
  URL:                    
  context_type:           UNSPECIFIED
  effective extension id: (none)
  effective context type: UNSPECIFIED
[44:85:1016/145156.100310:VERBOSE1:dispatcher.cc(366)] Num tracked contexts: 1
[44:74:1016/145156.108035:VERBOSE1:network_delegate.cc(30)] NetworkDelegate::NotifyBeforeURLRequest: chrome-extension://aapnijgdinlhnhlmodcfapnahmbfebeb/background.js
[44:74:1016/145156.108052:VERBOSE1:network_delegate.cc(30)] NetworkDelegate::NotifyBeforeURLRequest: chrome-extension://aapnijgdinlhnhlmodcfapnahmbfebeb/background.js
[44:74:1016/145156.108061:VERBOSE1:network_delegate.cc(30)] NetworkDelegate::NotifyBeforeURLRequest: chrome-extension://aapnijgdinlhnhlmodcfapnahmbfebeb/background.js
[44:85:1016/145156.114720:VERBOSE1:LocalWindowProxy.cpp(236)] A context is created NOT from snapshot
[44:85:1016/145156.114975:VERBOSE1:script_context.cc(111)] Created context:
  extension id:           aapnijgdinlhnhlmodcfapnahmbfebeb
  frame:                  0xdb9c688e920
  URL:                    
  context_type:           BLESSED_EXTENSION
  effective extension id: aapnijgdinlhnhlmodcfapnahmbfebeb
  effective context type: BLESSED_EXTENSION
[44:85:1016/145156.115045:VERBOSE1:script_context.cc(111)] Created context:
  extension id:           (none)
  frame:                  (nil)
  URL:                    
  context_type:           UNSPECIFIED
  effective extension id: (none)
  effective context type: UNSPECIFIED
[44:85:1016/145156.126306:VERBOSE1:dispatcher.cc(366)] Num tracked contexts: 2
[44:85:1016/145156.130468:VERBOSE1:language_detection_util.cc(234)] Detected language: und
[44:85:1016/145156.407283:VERBOSE1:dispatcher.cc(498)] Num tracked contexts: 1
[44:85:1016/145156.415086:VERBOSE1:LocalWindowProxy.cpp(236)] A context is created NOT from snapshot
[44:85:1016/145156.415326:VERBOSE1:script_context.cc(111)] Created context:
  extension id:           (none)
  frame:                  0xdb9c6881d18
  URL:                    
  context_type:           WEB_PAGE
  effective extension id: (none)
  effective context type: WEB_PAGE
[44:85:1016/145156.415384:VERBOSE1:script_context.cc(111)] Created context:
  extension id:           (none)
  frame:                  (nil)
  URL:                    
  context_type:           UNSPECIFIED
  effective extension id: (none)
  effective context type: UNSPECIFIED
[44:85:1016/145156.415952:VERBOSE1:dispatcher.cc(366)] Num tracked contexts: 2
[44:85:1016/145156.416884:VERBOSE1:script_context.cc(120)] Destroyed context for extension
  extension id: 
  effective extension id: 
[44:85:1016/145156.416910:VERBOSE1:script_context.cc(120)] Destroyed context for extension
  extension id: 
  effective extension id: 
[44:85:1016/145156.439318:VERBOSE1:language_detection_util.cc(234)] Detected language: und
