[1.622][INFO]: COMMAND InitSession {
   "desiredCapabilities": {
      "browserName": "chrome",
      "chromeOptions": {
         "args": [ "--disable-gpu", "--single-process", "--no-sandbox", "--data-path=/tmp/data-path", "--homedir=/tmp/homedir", "--disk-cache-dir=/tmp", "--disk-cache-size=1", "--media-cache-size=1", "--allow-file-access-from-files", "--enable-logging", "--v=1", "--disable-web-security", "--disable-extensions", "--ignore-certificate-errors", "--disable-ntp-most-likely-favicons-from-server", "--disable-ntp-popular-sites", "--window-size=1366,1024", "--disable-infobars", "--disable-dev-shm-usage", "..." ],
         "binary": "/tmp/chrome-lambda/chrome",
         "prefs": {
            "credentials_enable_service": false,
            "profile": {
               "password_manager_enabled": false
            }
         }
      },
      "count": 1
   }
}
[1.623][INFO]: Populating Preferences file: {
   "alternate_error_pages": {
      "enabled": false
   },
   "autofill": {
      "enabled": false
   },
   "browser": {
      "check_default_browser": false
   },
   "credentials_enable_service": false,
   "distribution": {
      "import_bookmarks": false,
      "import_history": false,
      "import_search_engine": false,
      "make_chrome_default_for_user": false,
      "show_welcome_page": false,
      "skip_first_run_ui": true
   },
   "dns_prefetching": {
      "enabled": false
   },
   "profile": {
      "password_manager_enabled": false
   },
   "safebrowsing": {
      "enabled": false
   },
   "search": {
      "suggest_enabled": false
   },
   "translate": {
      "enabled": false
   }
}
[1.623][INFO]: Populating Local State file: {
   "background_mode": {
      "enabled": false
   },
   "ssl": {
      "rev_checking": {
         "enabled": false
      }
   }
}
[1.624][INFO]: Launching chrome: /tmp/chrome-lambda/chrome --allow-file-access-from-files --data-path=/tmp/data-path --disable-background-networking --disable-browser-side-navigation --disable-client-side-phishing-detection --disable-default-apps --disable-dev-shm-usage --disable-extensions --disable-extensions-except=/tmp/.org.chromium.Chromium.N1btYy/internal --disable-gpu --disable-hang-monitor --disable-infobars --disable-ntp-most-likely-favicons-from-server --disable-ntp-popular-sites --disable-popup-blocking --disable-prompt-on-repost --disable-sync --disable-web-resources --disable-web-security --disk-cache-dir=/tmp --disk-cache-size=1 --enable-automation --enable-logging --enable-precise-memory-info --force-fieldtrials=SiteIsolationExtensions/Control --homedir=/tmp/homedir --ignore-certificate-errors --log-level=0 --media-cache-size=1 --metrics-recording-only --no-first-run --no-sandbox --password-store=basic --remote-debugging-port=12201 --safebrowsing-disable-auto-update --single-process --test-type=webdriver --use-mock-keychain --user-data-dir=/tmp/.org.chromium.Chromium.A8Kv4H --v=1 --window-size=1366,1024 data:,
[1.624][DEBUG]: DevTools request: http://localhost:12201/json/version
prctl(PR_SET_NO_NEW_PRIVS) failed
Xlib:  extension "RANDR" missing on display ":99".
[50:56:1018/203843.119952:ERROR:bus.cc(395)] Failed to connect to the bus: Failed to connect to socket /var/run/dbus/system_bus_socket: No such file or directory
Xlib:  extension "RANDR" missing on display ":99".

DevTools listening on ws://127.0.0.1:12201/devtools/browser/ad391989-cb1b-4b04-8492-0d99ac2d4728
[2.763][SEVERE]: CreatePlatformSocket() returned an error, errno=1: Operation not permitted (1)
[2.777][DEBUG]: DevTools response: {
   "Browser": "Chrome/63.0.3239.84",
   "Protocol-Version": "1.2",
   "User-Agent": "Mozilla/5.0 (X11; Linux x86_64) AppleWebKit/537.36 (KHTML, like Gecko) Chrome/63.0.3239.84 Safari/537.36",
   "V8-Version": "6.3.292.46",
   "WebKit-Version": "537.36 (@0f53a5abc7a405fbe9f1cfd3db38f2092c8a7816)",
   "webSocketDebuggerUrl": "ws://localhost:12201/devtools/browser/ad391989-cb1b-4b04-8492-0d99ac2d4728"
}

[2.780][DEBUG]: DevTools request: http://localhost:12201/json
[2.781][DEBUG]: DevTools response: [ {
   "description": "",
   "devtoolsFrontendUrl": "/devtools/inspector.html?ws=localhost:12201/devtools/page/(525C848FCD40DC98F766C7E5DFBF9611)",
   "id": "(525C848FCD40DC98F766C7E5DFBF9611)",
   "title": "",
   "type": "page",
   "url": "data:,",
   "webSocketDebuggerUrl": "ws://localhost:12201/devtools/page/(525C848FCD40DC98F766C7E5DFBF9611)"
} ]

[2.781][DEBUG]: DevTools request: http://localhost:12201/json
[2.782][DEBUG]: DevTools response: [ {
   "description": "",
   "devtoolsFrontendUrl": "/devtools/inspector.html?ws=localhost:12201/devtools/page/(525C848FCD40DC98F766C7E5DFBF9611)",
   "id": "(525C848FCD40DC98F766C7E5DFBF9611)",
   "title": "",
   "type": "page",
   "url": "data:,",
   "webSocketDebuggerUrl": "ws://localhost:12201/devtools/page/(525C848FCD40DC98F766C7E5DFBF9611)"
} ]

[2.782][INFO]: resolved localhost to ["127.0.0.1"]
[2.783][DEBUG]: DEVTOOLS COMMAND Log.enable (id=1) {

}
[2.783][DEBUG]: DEVTOOLS COMMAND DOM.getDocument (id=2) {

}
[2.783][DEBUG]: DEVTOOLS COMMAND Runtime.enable (id=3) {

}
[2.783][DEBUG]: DEVTOOLS COMMAND Page.enable (id=4) {

}
[2.784][DEBUG]: DEVTOOLS COMMAND Page.enable (id=5) {

}
[50:74:1018/203843.797608:ERROR:io_thread.cc(730)] Cannot use V8 Proxy resolver in single process mode.
[50:74:1018/203843.803038:ERROR:io_thread.cc(730)] Cannot use V8 Proxy resolver in single process mode.
[2.879][DEBUG]: DEVTOOLS RESPONSE Log.enable (id=1) {

}
[2.880][DEBUG]: DEVTOOLS RESPONSE DOM.getDocument (id=2) {
   "root": {
      "backendNodeId": 1,
      "baseURL": "about:blank",
      "childNodeCount": 1,
      "children": [ {
         "attributes": [  ],
         "backendNodeId": 2,
         "childNodeCount": 2,
         "children": [ {
            "attributes": [  ],
            "backendNodeId": 3,
            "childNodeCount": 0,
            "localName": "head",
            "nodeId": 3,
            "nodeName": "HEAD",
            "nodeType": 1,
            "nodeValue": "",
            "parentId": 2
         }, {
            "attributes": [  ],
            "backendNodeId": 4,
            "childNodeCount": 0,
            "localName": "body",
            "nodeId": 4,
            "nodeName": "BODY",
            "nodeType": 1,
            "nodeValue": "",
            "parentId": 2
         } ],
         "frameId": "(525C848FCD40DC98F766C7E5DFBF9611)",
         "localName": "html",
         "nodeId": 2,
         "nodeName": "HTML",
         "nodeType": 1,
         "nodeValue": "",
         "parentId": 1
      } ],
      "documentURL": "",
      "localName": "",
      "nodeId": 1,
      "nodeName": "#document",
      "nodeType": 9,
      "nodeValue": "",
      "xmlVersion": ""
   }
}
[2.880][DEBUG]: DEVTOOLS RESPONSE Runtime.enable (id=3) {

}
[2.880][DEBUG]: DEVTOOLS RESPONSE Page.enable (id=4) {

}
[2.880][DEBUG]: DEVTOOLS RESPONSE Page.enable (id=5) {

}
[2.880][DEBUG]: DEVTOOLS COMMAND Page.enable (id=6) {

}
[2.929][DEBUG]: DEVTOOLS EVENT Page.lifecycleEvent {
   "frameId": "(525C848FCD40DC98F766C7E5DFBF9611)",
   "name": "commit",
   "timestamp": 114.806988
}
[2.929][DEBUG]: DEVTOOLS EVENT Page.frameNavigated {
   "frame": {
      "id": "(525C848FCD40DC98F766C7E5DFBF9611)",
      "loaderId": "50.1",
      "mimeType": "text/plain",
      "securityOrigin": "://",
      "url": "data:,"
   }
}
[2.930][DEBUG]: DEVTOOLS EVENT DOM.documentUpdated {

}
[2.930][DEBUG]: DEVTOOLS COMMAND DOM.getDocument (id=7) {

}
[2.930][DEBUG]: DEVTOOLS EVENT Runtime.executionContextCreated {
   "context": {
      "auxData": {
         "frameId": "(525C848FCD40DC98F766C7E5DFBF9611)",
         "isDefault": true
      },
      "id": 1,
      "name": "",
      "origin": "://"
   }
}
[2.930][DEBUG]: DEVTOOLS RESPONSE Page.enable (id=6) {

}
[2.978][DEBUG]: DEVTOOLS EVENT Page.loadEventFired {
   "timestamp": 114.861132
}
[2.978][DEBUG]: DEVTOOLS EVENT Page.lifecycleEvent {
   "frameId": "(525C848FCD40DC98F766C7E5DFBF9611)",
   "name": "load",
   "timestamp": 114.861132
}
[2.978][DEBUG]: DEVTOOLS EVENT Page.frameStoppedLoading {
   "frameId": "(525C848FCD40DC98F766C7E5DFBF9611)"
}
[2.978][DEBUG]: DEVTOOLS EVENT Page.domContentEventFired {
   "timestamp": 114.861741
}
[2.978][DEBUG]: DEVTOOLS EVENT Page.lifecycleEvent {
   "frameId": "(525C848FCD40DC98F766C7E5DFBF9611)",
   "name": "DOMContentLoaded",
   "timestamp": 114.861741
}
[2.978][DEBUG]: DEVTOOLS EVENT DOM.documentUpdated {

}
[2.978][DEBUG]: DEVTOOLS COMMAND DOM.getDocument (id=8) {

}
[2.978][DEBUG]: DEVTOOLS RESPONSE DOM.getDocument (id=7) {
   "root": {
      "backendNodeId": 5,
      "baseURL": "data:,",
      "childNodeCount": 1,
      "children": [ {
         "attributes": [  ],
         "backendNodeId": 6,
         "childNodeCount": 2,
         "children": [ {
            "attributes": [  ],
            "backendNodeId": 7,
            "childNodeCount": 0,
            "localName": "head",
            "nodeId": 7,
            "nodeName": "HEAD",
            "nodeType": 1,
            "nodeValue": "",
            "parentId": 6
         }, {
            "attributes": [  ],
            "backendNodeId": 8,
            "childNodeCount": 1,
            "localName": "body",
            "nodeId": 8,
            "nodeName": "BODY",
            "nodeType": 1,
            "nodeValue": "",
            "parentId": 6
         } ],
         "frameId": "(525C848FCD40DC98F766C7E5DFBF9611)",
         "localName": "html",
         "nodeId": 6,
         "nodeName": "HTML",
         "nodeType": 1,
         "nodeValue": "",
         "parentId": 5
      } ],
      "documentURL": "data:,",
      "localName": "",
      "nodeId": 5,
      "nodeName": "#document",
      "nodeType": 9,
      "nodeValue": "",
      "xmlVersion": ""
   }
}
[3.002][DEBUG]: DEVTOOLS RESPONSE DOM.getDocument (id=8) {
   "root": {
      "backendNodeId": 5,
      "baseURL": "data:,",
      "childNodeCount": 1,
      "children": [ {
         "attributes": [  ],
         "backendNodeId": 6,
         "childNodeCount": 2,
         "children": [ {
            "attributes": [  ],
            "backendNodeId": 7,
            "childNodeCount": 0,
            "localName": "head",
            "nodeId": 11,
            "nodeName": "HEAD",
            "nodeType": 1,
            "nodeValue": "",
            "parentId": 10
         }, {
            "attributes": [  ],
            "backendNodeId": 8,
            "childNodeCount": 1,
            "localName": "body",
            "nodeId": 12,
            "nodeName": "BODY",
            "nodeType": 1,
            "nodeValue": "",
            "parentId": 10
         } ],
         "frameId": "(525C848FCD40DC98F766C7E5DFBF9611)",
         "localName": "html",
         "nodeId": 10,
         "nodeName": "HTML",
         "nodeType": 1,
         "nodeValue": "",
         "parentId": 9
      } ],
      "documentURL": "data:,",
      "localName": "",
      "nodeId": 9,
      "nodeName": "#document",
      "nodeType": 9,
      "nodeValue": "",
      "xmlVersion": ""
   }
}
[3.002][DEBUG]: DEVTOOLS COMMAND Runtime.enable (id=9) {

}
[3.005][DEBUG]: DEVTOOLS RESPONSE Runtime.enable (id=9) {

}
[3.005][DEBUG]: DEVTOOLS COMMAND Runtime.evaluate (id=10) {
   "expression": "(function() { // Copyright (c) 2012 The Chromium Authors. All rights reserved.\n// Use of this source code is governed by a BSD-style license that can be\n// found in the LICENSE file.\n\n/**\n * Enum f...",
   "returnByValue": true
}
[3.021][DEBUG]: DEVTOOLS RESPONSE Runtime.evaluate (id=10) {
   "result": {
      "type": "object",
      "value": {
         "status": 0,
         "value": 1
      }
   }
}
[3.021][INFO]: RESPONSE InitSession {
   "acceptSslCerts": true,
   "applicationCacheEnabled": false,
   "browserConnectionEnabled": false,
   "browserName": "chrome",
   "chrome": {
      "chromedriverVersion": "2.33.506092 (733a02544d189eeb751fe0d7ddca79a0ee28cce4)",
      "userDataDir": "/tmp/.org.chromium.Chromium.A8Kv4H"
   },
   "cssSelectorsEnabled": true,
   "databaseEnabled": false,
   "handlesAlerts": true,
   "hasTouchScreen": false,
   "javascriptEnabled": true,
   "locationContextEnabled": true,
   "mobileEmulationEnabled": false,
   "nativeEvents": true,
   "networkConnectionEnabled": false,
   "pageLoadStrategy": "normal",
   "platform": "Linux",
   "rotatable": false,
   "setWindowRect": true,
   "takesHeapSnapshot": true,
   "~~~": "..."
}
[3.062][INFO]: COMMAND SetTimeout {
   "script": 11000
}
[3.064][INFO]: RESPONSE SetTimeout unknown error: 'ms' must be a double
  (Session info: chrome=63.0.3239.84)
[3.098][INFO]: COMMAND SetTimeout {
   "ms": 11000,
   "type": "script"
}
[3.098][INFO]: RESPONSE SetTimeout
[3.427][INFO]: COMMAND SetTimeout {
   "pageLoad": 30000
}
[3.430][INFO]: RESPONSE SetTimeout unknown error: 'ms' must be a double
  (Session info: chrome=63.0.3239.84)
[3.441][INFO]: COMMAND SetTimeout {
   "ms": 30000,
   "type": "page load"
}
[3.441][INFO]: RESPONSE SetTimeout
[3.463][INFO]: COMMAND Navigate {
   "url": "data:/,"
}
[3.463][INFO]: Waiting for pending navigations...
[3.463][DEBUG]: DEVTOOLS COMMAND Runtime.evaluate (id=11) {
   "expression": "1"
}
[3.465][DEBUG]: DEVTOOLS RESPONSE Runtime.evaluate (id=11) {
   "result": {
      "description": "1",
      "type": "number",
      "value": 1
   }
}
[3.465][INFO]: Done waiting for pending navigations. Status: ok
[3.465][DEBUG]: DEVTOOLS COMMAND Page.navigate (id=12) {
   "url": "data:/,"
}
[3.482][DEBUG]: DEVTOOLS EVENT Page.frameStartedLoading {
   "frameId": "(525C848FCD40DC98F766C7E5DFBF9611)"
}
[3.482][DEBUG]: DEVTOOLS RESPONSE Page.navigate (id=12) {
   "frameId": "(525C848FCD40DC98F766C7E5DFBF9611)"
}
[3.482][INFO]: Waiting for pending navigations...
[3.482][DEBUG]: DEVTOOLS COMMAND Runtime.evaluate (id=13) {
   "expression": "1"
}
[3.510][DEBUG]: DEVTOOLS EVENT Runtime.executionContextDestroyed {
   "executionContextId": 1
}
[3.510][DEBUG]: DEVTOOLS EVENT Runtime.executionContextsCleared {

}
[3.510][DEBUG]: DEVTOOLS EVENT Page.lifecycleEvent {
   "frameId": "(525C848FCD40DC98F766C7E5DFBF9611)",
   "name": "commit",
   "timestamp": 115.39267
}
[3.510][DEBUG]: DEVTOOLS EVENT Page.frameNavigated {
   "frame": {
      "id": "(525C848FCD40DC98F766C7E5DFBF9611)",
      "loaderId": "50.2",
      "mimeType": "text/plain",
      "securityOrigin": "://",
      "url": "data:/,"
   }
}
[3.510][DEBUG]: DEVTOOLS EVENT Runtime.executionContextCreated {
   "context": {
      "auxData": {
         "frameId": "(525C848FCD40DC98F766C7E5DFBF9611)",
         "isDefault": true
      },
      "id": 3,
      "name": "",
      "origin": "://"
   }
}
[3.510][DEBUG]: DEVTOOLS EVENT DOM.documentUpdated {

}
[3.510][DEBUG]: DEVTOOLS COMMAND DOM.getDocument (id=14) {

}
[3.517][DEBUG]: DEVTOOLS RESPONSE Runtime.evaluate (id=13) {
   "result": {
      "description": "1",
      "type": "number",
      "value": 1
   }
}
[3.537][DEBUG]: DEVTOOLS EVENT Page.loadEventFired {
   "timestamp": 115.424488
}
[3.537][DEBUG]: DEVTOOLS EVENT Page.lifecycleEvent {
   "frameId": "(525C848FCD40DC98F766C7E5DFBF9611)",
   "name": "load",
   "timestamp": 115.424488
}
[3.537][DEBUG]: DEVTOOLS EVENT Page.frameStoppedLoading {
   "frameId": "(525C848FCD40DC98F766C7E5DFBF9611)"
}
[3.537][DEBUG]: DEVTOOLS EVENT Page.domContentEventFired {
   "timestamp": 115.424867
}
[3.537][DEBUG]: DEVTOOLS EVENT Page.lifecycleEvent {
   "frameId": "(525C848FCD40DC98F766C7E5DFBF9611)",
   "name": "DOMContentLoaded",
   "timestamp": 115.424867
}
[3.537][DEBUG]: DEVTOOLS EVENT DOM.documentUpdated {

}
[3.537][DEBUG]: DEVTOOLS COMMAND DOM.getDocument (id=15) {

}
[3.584][DEBUG]: DEVTOOLS RESPONSE DOM.getDocument (id=14) {
   "root": {
      "backendNodeId": 10,
      "baseURL": "data:/,",
      "childNodeCount": 1,
      "children": [ {
         "attributes": [  ],
         "backendNodeId": 11,
         "childNodeCount": 2,
         "children": [ {
            "attributes": [  ],
            "backendNodeId": 12,
            "childNodeCount": 0,
            "localName": "head",
            "nodeId": 15,
            "nodeName": "HEAD",
            "nodeType": 1,
            "nodeValue": "",
            "parentId": 14
         }, {
            "attributes": [  ],
            "backendNodeId": 13,
            "childNodeCount": 1,
            "localName": "body",
            "nodeId": 16,
            "nodeName": "BODY",
            "nodeType": 1,
            "nodeValue": "",
            "parentId": 14
         } ],
         "frameId": "(525C848FCD40DC98F766C7E5DFBF9611)",
         "localName": "html",
         "nodeId": 14,
         "nodeName": "HTML",
         "nodeType": 1,
         "nodeValue": "",
         "parentId": 13
      } ],
      "documentURL": "data:/,",
      "localName": "",
      "nodeId": 13,
      "nodeName": "#document",
      "nodeType": 9,
      "nodeValue": "",
      "xmlVersion": ""
   }
}
[3.584][DEBUG]: DEVTOOLS RESPONSE DOM.getDocument (id=15) {
   "root": {
      "backendNodeId": 10,
      "baseURL": "data:/,",
      "childNodeCount": 1,
      "children": [ {
         "attributes": [  ],
         "backendNodeId": 11,
         "childNodeCount": 2,
         "children": [ {
            "attributes": [  ],
            "backendNodeId": 12,
            "childNodeCount": 0,
            "localName": "head",
            "nodeId": 19,
            "nodeName": "HEAD",
            "nodeType": 1,
            "nodeValue": "",
            "parentId": 18
         }, {
            "attributes": [  ],
            "backendNodeId": 13,
            "childNodeCount": 1,
            "localName": "body",
            "nodeId": 20,
            "nodeName": "BODY",
            "nodeType": 1,
            "nodeValue": "",
            "parentId": 18
         } ],
         "frameId": "(525C848FCD40DC98F766C7E5DFBF9611)",
         "localName": "html",
         "nodeId": 18,
         "nodeName": "HTML",
         "nodeType": 1,
         "nodeValue": "",
         "parentId": 17
      } ],
      "documentURL": "data:/,",
      "localName": "",
      "nodeId": 17,
      "nodeName": "#document",
      "nodeType": 9,
      "nodeValue": "",
      "xmlVersion": ""
   }
}
[3.584][INFO]: Done waiting for pending navigations. Status: ok
[3.584][INFO]: RESPONSE Navigate
[3.603][INFO]: COMMAND ExecuteScript {
   "args": [ "protractor_sync-test-area", {
      "innerHtml": "\u003Cspan class=\"element-does-exist\">\u003C/span>"
   } ],
   "script": "return (function (id, _options) {\n        var existing = document.querySelector('#' + id);\n        if (existing) {\n            existing.parentNode.removeChild(existing);\n        }\n        var testA..."
}
[3.603][INFO]: Waiting for pending navigations...
[3.603][DEBUG]: DEVTOOLS COMMAND Runtime.evaluate (id=16) {
   "expression": "1"
}
[3.625][DEBUG]: DEVTOOLS RESPONSE Runtime.evaluate (id=16) {
   "result": {
      "description": "1",
      "type": "number",
      "value": 1
   }
}
[3.625][INFO]: Done waiting for pending navigations. Status: ok
[3.626][DEBUG]: DEVTOOLS COMMAND Runtime.evaluate (id=17) {
   "expression": "(function() { // Copyright (c) 2012 The Chromium Authors. All rights reserved.\n// Use of this source code is governed by a BSD-style license that can be\n// found in the LICENSE file.\n\n/**\n * Enum f...",
   "returnByValue": true
}
[3.642][DEBUG]: DEVTOOLS EVENT DOM.childNodeCountUpdated {
   "childNodeCount": 2,
   "nodeId": 20
}
[3.642][DEBUG]: DEVTOOLS RESPONSE Runtime.evaluate (id=17) {
   "result": {
      "type": "object",
      "value": {
         "status": 0,
         "value": null
      }
   }
}
[3.642][INFO]: Waiting for pending navigations...
[3.642][DEBUG]: DEVTOOLS COMMAND Runtime.evaluate (id=18) {
   "expression": "1"
}
[3.644][DEBUG]: DEVTOOLS RESPONSE Runtime.evaluate (id=18) {
   "result": {
      "description": "1",
      "type": "number",
      "value": 1
   }
}
[3.644][INFO]: Done waiting for pending navigations. Status: ok
[3.644][INFO]: RESPONSE ExecuteScript null
[3.658][INFO]: COMMAND FindElements {
   "using": "css selector",
   "value": "#protractor_sync-test-area"
}
[3.658][INFO]: Waiting for pending navigations...
[3.658][DEBUG]: DEVTOOLS COMMAND Runtime.evaluate (id=19) {
   "expression": "1"
}
[3.677][DEBUG]: DEVTOOLS RESPONSE Runtime.evaluate (id=19) {
   "result": {
      "description": "1",
      "type": "number",
      "value": 1
   }
}
[3.677][INFO]: Done waiting for pending navigations. Status: ok
[3.682][DEBUG]: DEVTOOLS COMMAND Runtime.evaluate (id=20) {
   "expression": "(function() { // Copyright (c) 2012 The Chromium Authors. All rights reserved.\n// Use of this source code is governed by a BSD-style license that can be\n// found in the LICENSE file.\n\n/**\n * Enum f...",
   "returnByValue": true
}
[3.701][DEBUG]: DEVTOOLS RESPONSE Runtime.evaluate (id=20) {
   "result": {
      "type": "object",
      "value": {
         "status": 0,
         "value": [ {
            "ELEMENT": "0.42887886597763014-1"
         } ]
      }
   }
}
[3.702][INFO]: Waiting for pending navigations...
[3.702][DEBUG]: DEVTOOLS COMMAND Runtime.evaluate (id=21) {
   "expression": "1"
}
[3.702][DEBUG]: DEVTOOLS RESPONSE Runtime.evaluate (id=21) {
   "result": {
      "description": "1",
      "type": "number",
      "value": 1
   }
}
[3.702][INFO]: Done waiting for pending navigations. Status: ok
[3.702][INFO]: RESPONSE FindElements [ {
   "ELEMENT": "0.42887886597763014-1"
} ]
[3.737][INFO]: COMMAND FindChildElements {
   "id": "0.42887886597763014-1",
   "using": "css selector",
   "value": ".does-not-exist"
}
[3.737][INFO]: Waiting for pending navigations...
[3.737][DEBUG]: DEVTOOLS COMMAND Runtime.evaluate (id=22) {
   "expression": "1"
}
[3.739][DEBUG]: DEVTOOLS RESPONSE Runtime.evaluate (id=22) {
   "result": {
      "description": "1",
      "type": "number",
      "value": 1
   }
}
[3.739][INFO]: Done waiting for pending navigations. Status: ok
[3.741][DEBUG]: DEVTOOLS COMMAND Runtime.evaluate (id=23) {
   "expression": "(function() { // Copyright (c) 2012 The Chromium Authors. All rights reserved.\n// Use of this source code is governed by a BSD-style license that can be\n// found in the LICENSE file.\n\n/**\n * Enum f...",
   "returnByValue": true
}
[3.770][DEBUG]: DEVTOOLS RESPONSE Runtime.evaluate (id=23) {
   "result": {
      "type": "object",
      "value": {
         "status": 0,
         "value": [  ]
      }
   }
}
[3.771][INFO]: Waiting for pending navigations...
[3.771][DEBUG]: DEVTOOLS COMMAND Runtime.evaluate (id=24) {
   "expression": "1"
}
[3.771][DEBUG]: DEVTOOLS RESPONSE Runtime.evaluate (id=24) {
   "result": {
      "description": "1",
      "type": "number",
      "value": 1
   }
}
[3.771][INFO]: Done waiting for pending navigations. Status: ok
[3.771][INFO]: RESPONSE FindChildElements [  ]
[3.781][INFO]: COMMAND Screenshot {

}
[3.781][INFO]: Waiting for pending navigations...
[3.781][DEBUG]: DEVTOOLS COMMAND Runtime.evaluate (id=25) {
   "expression": "1"
}
[3.783][DEBUG]: DEVTOOLS RESPONSE Runtime.evaluate (id=25) {
   "result": {
      "description": "1",
      "type": "number",
      "value": 1
   }
}
[3.783][INFO]: Done waiting for pending navigations. Status: ok
[3.784][DEBUG]: DevTools request: http://localhost:12201/json/activate/(525C848FCD40DC98F766C7E5DFBF9611)
[3.785][DEBUG]: DevTools response: Target activated
[3.785][DEBUG]: DEVTOOLS COMMAND Page.captureScreenshot (id=26) {

}
[3.962][DEBUG]: DEVTOOLS RESPONSE Page.captureScreenshot (id=26) {
   "data": "iVBORw0KGgoAAAANSUhEUgAABVYAAAO+CAYAAADv/k7HAAAcJklEQVR4nOzYwQ3AIBDAsNL9dz5WIC+EZE+Qd9bMzAcAAAAAwLH/dgAAAAAAwGuMVQAAAACAyFgFAAAAAIiMVQAAAACAyFgFAAAAAIiMVQAAAACAyFgFAAAAAIiMVQAAAACAyFgFAAAAAIiMVQAAA..."
}
[3.962][INFO]: Waiting for pending navigations...
[3.962][DEBUG]: DEVTOOLS COMMAND Runtime.evaluate (id=27) {
   "expression": "1"
}
[3.964][DEBUG]: DEVTOOLS RESPONSE Runtime.evaluate (id=27) {
   "result": {
      "description": "1",
      "type": "number",
      "value": 1
   }
}
[3.964][INFO]: Done waiting for pending navigations. Status: ok
[3.964][INFO]: RESPONSE Screenshot "iVBORw0KGgoAAAANSUhEUgAABVYAAAO+CAYAAADv/k7HAAAcJklEQVR4nOzYwQ3AIBDAsNL9dz5WIC+EZE+Qd9bMzAcAAAAAwLH/dgAAAAAAwGuMVQAAAACAyFgFAAAAAIiMVQAAAACAyFgFAAAAAIiMVQAAAACAyFgFAAAAAIiMVQAAAACAyFgFAAAAAIiMVQAAA..."
[4.001][INFO]: COMMAND Quit {

}
[4.052][INFO]: RESPONSE Quit
[4.052][DEBUG]: Log type 'driver' lost 0 entries on destruction
[4.052][DEBUG]: Log type 'browser' lost 0 entries on destruction
