[1.540][INFO]: COMMAND InitSession {
   "desiredCapabilities": {
      "browserName": "chrome",
      "chromeOptions": {
         "args": [ "--disable-gpu", "--single-process", "--no-sandbox", "--data-path=/tmp/data-path", "--homedir=/tmp/homedir", "--disk-cache-dir=/tmp", "--disk-cache-size=1", "--media-cache-size=1", "--allow-file-access-from-files", "--enable-logging", "--v=1", "--disable-web-security", "--disable-extensions", "--ignore-certificate-errors", "--disable-ntp-most-likely-favicons-from-server", "--disable-ntp-popular-sites", "--window-size=1366,1024", "--disable-infobars", "--disable-dev-shm-usage", "..." ],
         "binary": "/tmp/chrome-lambda/chrome",
         "prefs": {
            "credentials_enable_service": false,
            "profile": {
               "password_manager_enabled": false
            }
         }
      },
      "count": 1
   }
}
[1.540][INFO]: Populating Preferences file: {
   "alternate_error_pages": {
      "enabled": false
   },
   "autofill": {
      "enabled": false
   },
   "browser": {
      "check_default_browser": false
   },
   "credentials_enable_service": false,
   "distribution": {
      "import_bookmarks": false,
      "import_history": false,
      "import_search_engine": false,
      "make_chrome_default_for_user": false,
      "show_welcome_page": false,
      "skip_first_run_ui": true
   },
   "dns_prefetching": {
      "enabled": false
   },
   "profile": {
      "password_manager_enabled": false
   },
   "safebrowsing": {
      "enabled": false
   },
   "search": {
      "suggest_enabled": false
   },
   "translate": {
      "enabled": false
   }
}
[1.540][INFO]: Populating Local State file: {
   "background_mode": {
      "enabled": false
   },
   "ssl": {
      "rev_checking": {
         "enabled": false
      }
   }
}
[1.541][INFO]: Launching chrome: /tmp/chrome-lambda/chrome --allow-file-access-from-files --data-path=/tmp/data-path --disable-background-networking --disable-browser-side-navigation --disable-client-side-phishing-detection --disable-default-apps --disable-dev-shm-usage --disable-extensions --disable-extensions-except=/tmp/.org.chromium.Chromium.2JgCoZ/internal --disable-gpu --disable-hang-monitor --disable-infobars --disable-ntp-most-likely-favicons-from-server --disable-ntp-popular-sites --disable-popup-blocking --disable-prompt-on-repost --disable-sync --disable-web-resources --disable-web-security --disk-cache-dir=/tmp --disk-cache-size=1 --enable-automation --enable-logging --enable-precise-memory-info --force-fieldtrials=SiteIsolationExtensions/Control --homedir=/tmp/homedir --ignore-certificate-errors --log-level=0 --media-cache-size=1 --metrics-recording-only --no-first-run --no-sandbox --password-store=basic --remote-debugging-port=12562 --safebrowsing-disable-auto-update --single-process --test-type=webdriver --use-mock-keychain --user-data-dir=/tmp/.org.chromium.Chromium.loAB4B --v=1 --window-size=1366,1024 data:,
[1.541][DEBUG]: DevTools request: http://localhost:12562/json/version
prctl(PR_SET_NO_NEW_PRIVS) failed
Xlib:  extension "RANDR" missing on display ":99".
[51:56:1018/194448.029928:ERROR:bus.cc(395)] Failed to connect to the bus: Failed to connect to socket /var/run/dbus/system_bus_socket: No such file or directory
Xlib:  extension "RANDR" missing on display ":99".

DevTools listening on ws://127.0.0.1:12562/devtools/browser/717cfb21-6652-4756-ae8f-3ddde86b0e05
[5.920][SEVERE]: CreatePlatformSocket() returned an error, errno=1: Operation not permitted (1)
[5.945][DEBUG]: DevTools response: {
   "Browser": "Chrome/63.0.3239.84",
   "Protocol-Version": "1.2",
   "User-Agent": "Mozilla/5.0 (X11; Linux x86_64) AppleWebKit/537.36 (KHTML, like Gecko) Chrome/63.0.3239.84 Safari/537.36",
   "V8-Version": "6.3.292.46",
   "WebKit-Version": "537.36 (@0f53a5abc7a405fbe9f1cfd3db38f2092c8a7816)",
   "webSocketDebuggerUrl": "ws://localhost:12562/devtools/browser/717cfb21-6652-4756-ae8f-3ddde86b0e05"
}

[5.959][DEBUG]: DevTools request: http://localhost:12562/json
[5.961][DEBUG]: DevTools response: [ {
   "description": "",
   "devtoolsFrontendUrl": "/devtools/inspector.html?ws=localhost:12562/devtools/page/(7A981D95CDBADE0FFB2A2EE7D7510836)",
   "id": "(7A981D95CDBADE0FFB2A2EE7D7510836)",
   "title": "",
   "type": "page",
   "url": "data:,",
   "webSocketDebuggerUrl": "ws://localhost:12562/devtools/page/(7A981D95CDBADE0FFB2A2EE7D7510836)"
} ]

[5.961][DEBUG]: DevTools request: http://localhost:12562/json
[5.962][DEBUG]: DevTools response: [ {
   "description": "",
   "devtoolsFrontendUrl": "/devtools/inspector.html?ws=localhost:12562/devtools/page/(7A981D95CDBADE0FFB2A2EE7D7510836)",
   "id": "(7A981D95CDBADE0FFB2A2EE7D7510836)",
   "title": "",
   "type": "page",
   "url": "data:,",
   "webSocketDebuggerUrl": "ws://localhost:12562/devtools/page/(7A981D95CDBADE0FFB2A2EE7D7510836)"
} ]

[5.962][INFO]: resolved localhost to ["127.0.0.1"]
[5.997][DEBUG]: DEVTOOLS COMMAND Log.enable (id=1) {

}
[5.997][DEBUG]: DEVTOOLS COMMAND DOM.getDocument (id=2) {

}
[5.997][DEBUG]: DEVTOOLS COMMAND Runtime.enable (id=3) {

}
[5.998][DEBUG]: DEVTOOLS COMMAND Page.enable (id=4) {

}
[5.998][DEBUG]: DEVTOOLS COMMAND Page.enable (id=5) {

}
[51:74:1018/194448.640345:ERROR:io_thread.cc(730)] Cannot use V8 Proxy resolver in single process mode.
[51:74:1018/194449.421471:ERROR:io_thread.cc(730)] Cannot use V8 Proxy resolver in single process mode.
[6.987][DEBUG]: DEVTOOLS RESPONSE Log.enable (id=1) {

}
[6.988][DEBUG]: DEVTOOLS RESPONSE DOM.getDocument (id=2) {
   "root": {
      "backendNodeId": 1,
      "baseURL": "about:blank",
      "childNodeCount": 1,
      "children": [ {
         "attributes": [  ],
         "backendNodeId": 2,
         "childNodeCount": 2,
         "children": [ {
            "attributes": [  ],
            "backendNodeId": 3,
            "childNodeCount": 0,
            "localName": "head",
            "nodeId": 3,
            "nodeName": "HEAD",
            "nodeType": 1,
            "nodeValue": "",
            "parentId": 2
         }, {
            "attributes": [  ],
            "backendNodeId": 4,
            "childNodeCount": 0,
            "localName": "body",
            "nodeId": 4,
            "nodeName": "BODY",
            "nodeType": 1,
            "nodeValue": "",
            "parentId": 2
         } ],
         "frameId": "(7A981D95CDBADE0FFB2A2EE7D7510836)",
         "localName": "html",
         "nodeId": 2,
         "nodeName": "HTML",
         "nodeType": 1,
         "nodeValue": "",
         "parentId": 1
      } ],
      "documentURL": "",
      "localName": "",
      "nodeId": 1,
      "nodeName": "#document",
      "nodeType": 9,
      "nodeValue": "",
      "xmlVersion": ""
   }
}
[6.988][DEBUG]: DEVTOOLS RESPONSE Runtime.enable (id=3) {

}
[6.988][DEBUG]: DEVTOOLS RESPONSE Page.enable (id=4) {

}
[6.988][DEBUG]: DEVTOOLS RESPONSE Page.enable (id=5) {

}
[6.988][DEBUG]: DEVTOOLS COMMAND Page.enable (id=6) {

}
[7.023][DEBUG]: DEVTOOLS EVENT Page.lifecycleEvent {
   "frameId": "(7A981D95CDBADE0FFB2A2EE7D7510836)",
   "name": "commit",
   "timestamp": 211.316184
}
[7.024][DEBUG]: DEVTOOLS EVENT Page.frameNavigated {
   "frame": {
      "id": "(7A981D95CDBADE0FFB2A2EE7D7510836)",
      "loaderId": "51.1",
      "mimeType": "text/plain",
      "securityOrigin": "://",
      "url": "data:,"
   }
}
[7.024][DEBUG]: DEVTOOLS EVENT DOM.documentUpdated {

}
[7.024][DEBUG]: DEVTOOLS COMMAND DOM.getDocument (id=7) {

}
[7.024][DEBUG]: DEVTOOLS EVENT Runtime.executionContextCreated {
   "context": {
      "auxData": {
         "frameId": "(7A981D95CDBADE0FFB2A2EE7D7510836)",
         "isDefault": true
      },
      "id": 1,
      "name": "",
      "origin": "://"
   }
}
[7.024][DEBUG]: DEVTOOLS RESPONSE Page.enable (id=6) {

}
[7.039][DEBUG]: DEVTOOLS EVENT Page.loadEventFired {
   "timestamp": 211.344723
}
[7.039][DEBUG]: DEVTOOLS EVENT Page.lifecycleEvent {
   "frameId": "(7A981D95CDBADE0FFB2A2EE7D7510836)",
   "name": "load",
   "timestamp": 211.344723
}
[7.039][DEBUG]: DEVTOOLS EVENT Page.frameStoppedLoading {
   "frameId": "(7A981D95CDBADE0FFB2A2EE7D7510836)"
}
[7.039][DEBUG]: DEVTOOLS EVENT Page.domContentEventFired {
   "timestamp": 211.34558
}
[7.040][DEBUG]: DEVTOOLS EVENT Page.lifecycleEvent {
   "frameId": "(7A981D95CDBADE0FFB2A2EE7D7510836)",
   "name": "DOMContentLoaded",
   "timestamp": 211.34558
}
[7.040][DEBUG]: DEVTOOLS EVENT DOM.documentUpdated {

}
[7.040][DEBUG]: DEVTOOLS COMMAND DOM.getDocument (id=8) {

}
[7.088][DEBUG]: DEVTOOLS RESPONSE DOM.getDocument (id=7) {
   "root": {
      "backendNodeId": 5,
      "baseURL": "data:,",
      "childNodeCount": 1,
      "children": [ {
         "attributes": [  ],
         "backendNodeId": 6,
         "childNodeCount": 2,
         "children": [ {
            "attributes": [  ],
            "backendNodeId": 7,
            "childNodeCount": 0,
            "localName": "head",
            "nodeId": 7,
            "nodeName": "HEAD",
            "nodeType": 1,
            "nodeValue": "",
            "parentId": 6
         }, {
            "attributes": [  ],
            "backendNodeId": 8,
            "childNodeCount": 1,
            "localName": "body",
            "nodeId": 8,
            "nodeName": "BODY",
            "nodeType": 1,
            "nodeValue": "",
            "parentId": 6
         } ],
         "frameId": "(7A981D95CDBADE0FFB2A2EE7D7510836)",
         "localName": "html",
         "nodeId": 6,
         "nodeName": "HTML",
         "nodeType": 1,
         "nodeValue": "",
         "parentId": 5
      } ],
      "documentURL": "data:,",
      "localName": "",
      "nodeId": 5,
      "nodeName": "#document",
      "nodeType": 9,
      "nodeValue": "",
      "xmlVersion": ""
   }
}
[7.088][DEBUG]: DEVTOOLS RESPONSE DOM.getDocument (id=8) {
   "root": {
      "backendNodeId": 5,
      "baseURL": "data:,",
      "childNodeCount": 1,
      "children": [ {
         "attributes": [  ],
         "backendNodeId": 6,
         "childNodeCount": 2,
         "children": [ {
            "attributes": [  ],
            "backendNodeId": 7,
            "childNodeCount": 0,
            "localName": "head",
            "nodeId": 11,
            "nodeName": "HEAD",
            "nodeType": 1,
            "nodeValue": "",
            "parentId": 10
         }, {
            "attributes": [  ],
            "backendNodeId": 8,
            "childNodeCount": 1,
            "localName": "body",
            "nodeId": 12,
            "nodeName": "BODY",
            "nodeType": 1,
            "nodeValue": "",
            "parentId": 10
         } ],
         "frameId": "(7A981D95CDBADE0FFB2A2EE7D7510836)",
         "localName": "html",
         "nodeId": 10,
         "nodeName": "HTML",
         "nodeType": 1,
         "nodeValue": "",
         "parentId": 9
      } ],
      "documentURL": "data:,",
      "localName": "",
      "nodeId": 9,
      "nodeName": "#document",
      "nodeType": 9,
      "nodeValue": "",
      "xmlVersion": ""
   }
}
[7.088][DEBUG]: DEVTOOLS COMMAND Runtime.enable (id=9) {

}
[7.096][DEBUG]: DEVTOOLS RESPONSE Runtime.enable (id=9) {

}
[7.097][DEBUG]: DEVTOOLS COMMAND Runtime.evaluate (id=10) {
   "expression": "(function() { // Copyright (c) 2012 The Chromium Authors. All rights reserved.\n// Use of this source code is governed by a BSD-style license that can be\n// found in the LICENSE file.\n\n/**\n * Enum f...",
   "returnByValue": true
}
[7.104][DEBUG]: DEVTOOLS RESPONSE Runtime.evaluate (id=10) {
   "result": {
      "type": "object",
      "value": {
         "status": 0,
         "value": 1
      }
   }
}
[7.104][INFO]: RESPONSE InitSession {
   "acceptSslCerts": true,
   "applicationCacheEnabled": false,
   "browserConnectionEnabled": false,
   "browserName": "chrome",
   "chrome": {
      "chromedriverVersion": "2.33.506092 (733a02544d189eeb751fe0d7ddca79a0ee28cce4)",
      "userDataDir": "/tmp/.org.chromium.Chromium.loAB4B"
   },
   "cssSelectorsEnabled": true,
   "databaseEnabled": false,
   "handlesAlerts": true,
   "hasTouchScreen": false,
   "javascriptEnabled": true,
   "locationContextEnabled": true,
   "mobileEmulationEnabled": false,
   "nativeEvents": true,
   "networkConnectionEnabled": false,
   "pageLoadStrategy": "normal",
   "platform": "Linux",
   "rotatable": false,
   "setWindowRect": true,
   "takesHeapSnapshot": true,
   "~~~": "..."
}
[7.176][INFO]: COMMAND SetTimeout {
   "script": 11000
}
[7.177][INFO]: RESPONSE SetTimeout unknown error: 'ms' must be a double
  (Session info: chrome=63.0.3239.84)
[7.216][INFO]: COMMAND SetTimeout {
   "ms": 11000,
   "type": "script"
}
[7.216][INFO]: RESPONSE SetTimeout
[7.547][INFO]: COMMAND SetTimeout {
   "pageLoad": 30000
}
[7.548][INFO]: RESPONSE SetTimeout unknown error: 'ms' must be a double
  (Session info: chrome=63.0.3239.84)
[7.561][INFO]: COMMAND SetTimeout {
   "ms": 30000,
   "type": "page load"
}
[7.561][INFO]: RESPONSE SetTimeout
[7.584][INFO]: COMMAND Navigate {
   "url": "data:/,"
}
[7.584][INFO]: Waiting for pending navigations...
[7.584][DEBUG]: DEVTOOLS COMMAND Runtime.evaluate (id=11) {
   "expression": "1"
}
[7.585][DEBUG]: DEVTOOLS RESPONSE Runtime.evaluate (id=11) {
   "result": {
      "description": "1",
      "type": "number",
      "value": 1
   }
}
[7.585][INFO]: Done waiting for pending navigations. Status: ok
[7.585][DEBUG]: DEVTOOLS COMMAND Page.navigate (id=12) {
   "url": "data:/,"
}
[7.588][DEBUG]: DEVTOOLS EVENT Page.frameStartedLoading {
   "frameId": "(7A981D95CDBADE0FFB2A2EE7D7510836)"
}
[7.604][DEBUG]: DEVTOOLS EVENT Runtime.executionContextDestroyed {
   "executionContextId": 1
}
[7.604][DEBUG]: DEVTOOLS EVENT Runtime.executionContextsCleared {

}
[7.604][DEBUG]: DEVTOOLS EVENT Page.lifecycleEvent {
   "frameId": "(7A981D95CDBADE0FFB2A2EE7D7510836)",
   "name": "commit",
   "timestamp": 211.912573
}
[7.604][DEBUG]: DEVTOOLS EVENT Page.frameNavigated {
   "frame": {
      "id": "(7A981D95CDBADE0FFB2A2EE7D7510836)",
      "loaderId": "51.2",
      "mimeType": "text/plain",
      "securityOrigin": "://",
      "url": "data:/,"
   }
}
[7.604][DEBUG]: DEVTOOLS EVENT Runtime.executionContextCreated {
   "context": {
      "auxData": {
         "frameId": "(7A981D95CDBADE0FFB2A2EE7D7510836)",
         "isDefault": true
      },
      "id": 3,
      "name": "",
      "origin": "://"
   }
}
[7.604][DEBUG]: DEVTOOLS EVENT DOM.documentUpdated {

}
[7.604][DEBUG]: DEVTOOLS COMMAND DOM.getDocument (id=13) {

}
[7.605][DEBUG]: DEVTOOLS RESPONSE Page.navigate (id=12) {
   "frameId": "(7A981D95CDBADE0FFB2A2EE7D7510836)"
}
[7.606][DEBUG]: DEVTOOLS EVENT Page.loadEventFired {
   "timestamp": 211.918356
}
[7.606][DEBUG]: DEVTOOLS EVENT Page.lifecycleEvent {
   "frameId": "(7A981D95CDBADE0FFB2A2EE7D7510836)",
   "name": "load",
   "timestamp": 211.918356
}
[7.606][DEBUG]: DEVTOOLS EVENT Page.frameStoppedLoading {
   "frameId": "(7A981D95CDBADE0FFB2A2EE7D7510836)"
}
[7.607][DEBUG]: DEVTOOLS EVENT Page.domContentEventFired {
   "timestamp": 211.918613
}
[7.607][DEBUG]: DEVTOOLS EVENT Page.lifecycleEvent {
   "frameId": "(7A981D95CDBADE0FFB2A2EE7D7510836)",
   "name": "DOMContentLoaded",
   "timestamp": 211.918613
}
[7.607][DEBUG]: DEVTOOLS EVENT DOM.documentUpdated {

}
[7.607][DEBUG]: DEVTOOLS COMMAND DOM.getDocument (id=14) {

}
[7.631][DEBUG]: DEVTOOLS RESPONSE DOM.getDocument (id=13) {
   "root": {
      "backendNodeId": 9,
      "baseURL": "data:/,",
      "childNodeCount": 1,
      "children": [ {
         "attributes": [  ],
         "backendNodeId": 10,
         "childNodeCount": 2,
         "children": [ {
            "attributes": [  ],
            "backendNodeId": 11,
            "childNodeCount": 0,
            "localName": "head",
            "nodeId": 15,
            "nodeName": "HEAD",
            "nodeType": 1,
            "nodeValue": "",
            "parentId": 14
         }, {
            "attributes": [  ],
            "backendNodeId": 12,
            "childNodeCount": 1,
            "localName": "body",
            "nodeId": 16,
            "nodeName": "BODY",
            "nodeType": 1,
            "nodeValue": "",
            "parentId": 14
         } ],
         "frameId": "(7A981D95CDBADE0FFB2A2EE7D7510836)",
         "localName": "html",
         "nodeId": 14,
         "nodeName": "HTML",
         "nodeType": 1,
         "nodeValue": "",
         "parentId": 13
      } ],
      "documentURL": "data:/,",
      "localName": "",
      "nodeId": 13,
      "nodeName": "#document",
      "nodeType": 9,
      "nodeValue": "",
      "xmlVersion": ""
   }
}
[7.631][DEBUG]: DEVTOOLS RESPONSE DOM.getDocument (id=14) {
   "root": {
      "backendNodeId": 9,
      "baseURL": "data:/,",
      "childNodeCount": 1,
      "children": [ {
         "attributes": [  ],
         "backendNodeId": 10,
         "childNodeCount": 2,
         "children": [ {
            "attributes": [  ],
            "backendNodeId": 11,
            "childNodeCount": 0,
            "localName": "head",
            "nodeId": 19,
            "nodeName": "HEAD",
            "nodeType": 1,
            "nodeValue": "",
            "parentId": 18
         }, {
            "attributes": [  ],
            "backendNodeId": 12,
            "childNodeCount": 1,
            "localName": "body",
            "nodeId": 20,
            "nodeName": "BODY",
            "nodeType": 1,
            "nodeValue": "",
            "parentId": 18
         } ],
         "frameId": "(7A981D95CDBADE0FFB2A2EE7D7510836)",
         "localName": "html",
         "nodeId": 18,
         "nodeName": "HTML",
         "nodeType": 1,
         "nodeValue": "",
         "parentId": 17
      } ],
      "documentURL": "data:/,",
      "localName": "",
      "nodeId": 17,
      "nodeName": "#document",
      "nodeType": 9,
      "nodeValue": "",
      "xmlVersion": ""
   }
}
[7.631][INFO]: Waiting for pending navigations...
[7.631][DEBUG]: DEVTOOLS COMMAND Runtime.evaluate (id=15) {
   "expression": "1"
}
[7.659][DEBUG]: DEVTOOLS RESPONSE Runtime.evaluate (id=15) {
   "result": {
      "description": "1",
      "type": "number",
      "value": 1
   }
}
[7.659][INFO]: Done waiting for pending navigations. Status: ok
[7.659][INFO]: RESPONSE Navigate
[7.695][INFO]: COMMAND ExecuteScript {
   "args": [ "protractor_sync-test-area", {
      "innerHtml": "\u003Cspan class=\"element-does-exist\">\u003C/span>"
   } ],
   "script": "return (function (id, _options) {\n        var existing = document.querySelector('#' + id);\n        if (existing) {\n            existing.parentNode.removeChild(existing);\n        }\n        var testA..."
}
[7.695][INFO]: Waiting for pending navigations...
[7.695][DEBUG]: DEVTOOLS COMMAND Runtime.evaluate (id=16) {
   "expression": "1"
}
[7.696][DEBUG]: DEVTOOLS RESPONSE Runtime.evaluate (id=16) {
   "result": {
      "description": "1",
      "type": "number",
      "value": 1
   }
}
[7.696][INFO]: Done waiting for pending navigations. Status: ok
[7.697][DEBUG]: DEVTOOLS COMMAND Runtime.evaluate (id=17) {
   "expression": "(function() { // Copyright (c) 2012 The Chromium Authors. All rights reserved.\n// Use of this source code is governed by a BSD-style license that can be\n// found in the LICENSE file.\n\n/**\n * Enum f...",
   "returnByValue": true
}
[7.700][DEBUG]: DEVTOOLS EVENT DOM.childNodeCountUpdated {
   "childNodeCount": 2,
   "nodeId": 20
}
[7.716][DEBUG]: DEVTOOLS RESPONSE Runtime.evaluate (id=17) {
   "result": {
      "type": "object",
      "value": {
         "status": 0,
         "value": null
      }
   }
}
[7.716][INFO]: Waiting for pending navigations...
[7.716][DEBUG]: DEVTOOLS COMMAND Runtime.evaluate (id=18) {
   "expression": "1"
}
[7.716][DEBUG]: DEVTOOLS RESPONSE Runtime.evaluate (id=18) {
   "result": {
      "description": "1",
      "type": "number",
      "value": 1
   }
}
[7.716][INFO]: Done waiting for pending navigations. Status: ok
[7.716][INFO]: RESPONSE ExecuteScript null
[7.724][INFO]: COMMAND FindElements {
   "using": "css selector",
   "value": "#protractor_sync-test-area"
}
[7.724][INFO]: Waiting for pending navigations...
[7.724][DEBUG]: DEVTOOLS COMMAND Runtime.evaluate (id=19) {
   "expression": "1"
}
[7.725][DEBUG]: DEVTOOLS RESPONSE Runtime.evaluate (id=19) {
   "result": {
      "description": "1",
      "type": "number",
      "value": 1
   }
}
[7.725][INFO]: Done waiting for pending navigations. Status: ok
[7.728][DEBUG]: DEVTOOLS COMMAND Runtime.evaluate (id=20) {
   "expression": "(function() { // Copyright (c) 2012 The Chromium Authors. All rights reserved.\n// Use of this source code is governed by a BSD-style license that can be\n// found in the LICENSE file.\n\n/**\n * Enum f...",
   "returnByValue": true
}
[7.746][DEBUG]: DEVTOOLS RESPONSE Runtime.evaluate (id=20) {
   "result": {
      "type": "object",
      "value": {
         "status": 0,
         "value": [ {
            "ELEMENT": "0.038717342549961176-1"
         } ]
      }
   }
}
[7.746][INFO]: Waiting for pending navigations...
[7.746][DEBUG]: DEVTOOLS COMMAND Runtime.evaluate (id=21) {
   "expression": "1"
}
[7.747][DEBUG]: DEVTOOLS RESPONSE Runtime.evaluate (id=21) {
   "result": {
      "description": "1",
      "type": "number",
      "value": 1
   }
}
[7.747][INFO]: Done waiting for pending navigations. Status: ok
[7.747][INFO]: RESPONSE FindElements [ {
   "ELEMENT": "0.038717342549961176-1"
} ]
[7.776][INFO]: COMMAND FindChildElements {
   "id": "0.038717342549961176-1",
   "using": "css selector",
   "value": ".does-not-exist"
}
[7.776][INFO]: Waiting for pending navigations...
[7.776][DEBUG]: DEVTOOLS COMMAND Runtime.evaluate (id=22) {
   "expression": "1"
}
[7.777][DEBUG]: DEVTOOLS RESPONSE Runtime.evaluate (id=22) {
   "result": {
      "description": "1",
      "type": "number",
      "value": 1
   }
}
[7.777][INFO]: Done waiting for pending navigations. Status: ok
[7.778][DEBUG]: DEVTOOLS COMMAND Runtime.evaluate (id=23) {
   "expression": "(function() { // Copyright (c) 2012 The Chromium Authors. All rights reserved.\n// Use of this source code is governed by a BSD-style license that can be\n// found in the LICENSE file.\n\n/**\n * Enum f...",
   "returnByValue": true
}
[7.796][DEBUG]: DEVTOOLS RESPONSE Runtime.evaluate (id=23) {
   "result": {
      "type": "object",
      "value": {
         "status": 0,
         "value": [  ]
      }
   }
}
[7.797][INFO]: Waiting for pending navigations...
[7.797][DEBUG]: DEVTOOLS COMMAND Runtime.evaluate (id=24) {
   "expression": "1"
}
[7.797][DEBUG]: DEVTOOLS RESPONSE Runtime.evaluate (id=24) {
   "result": {
      "description": "1",
      "type": "number",
      "value": 1
   }
}
[7.797][INFO]: Done waiting for pending navigations. Status: ok
[7.797][INFO]: RESPONSE FindChildElements [  ]
[7.803][INFO]: COMMAND Screenshot {

}
[7.803][INFO]: Waiting for pending navigations...
[7.803][DEBUG]: DEVTOOLS COMMAND Runtime.evaluate (id=25) {
   "expression": "1"
}
[7.804][DEBUG]: DEVTOOLS RESPONSE Runtime.evaluate (id=25) {
   "result": {
      "description": "1",
      "type": "number",
      "value": 1
   }
}
[7.804][INFO]: Done waiting for pending navigations. Status: ok
[7.804][DEBUG]: DevTools request: http://localhost:12562/json/activate/(7A981D95CDBADE0FFB2A2EE7D7510836)
[7.804][DEBUG]: DevTools response: Target activated
[7.804][DEBUG]: DEVTOOLS COMMAND Page.captureScreenshot (id=26) {

}
[7.937][DEBUG]: DEVTOOLS RESPONSE Page.captureScreenshot (id=26) {
   "data": "iVBORw0KGgoAAAANSUhEUgAABVYAAAO+CAYAAADv/k7HAAAcJklEQVR4nOzYwQ3AIBDAsNL9dz5WIC+EZE+Qd9bMzAcAAAAAwLH/dgAAAAAAwGuMVQAAAACAyFgFAAAAAIiMVQAAAACAyFgFAAAAAIiMVQAAAACAyFgFAAAAAIiMVQAAAACAyFgFAAAAAIiMVQAAA..."
}
[7.937][INFO]: Waiting for pending navigations...
[7.937][DEBUG]: DEVTOOLS COMMAND Runtime.evaluate (id=27) {
   "expression": "1"
}
[7.942][DEBUG]: DEVTOOLS RESPONSE Runtime.evaluate (id=27) {
   "result": {
      "description": "1",
      "type": "number",
      "value": 1
   }
}
[7.942][INFO]: Done waiting for pending navigations. Status: ok
[7.942][INFO]: RESPONSE Screenshot "iVBORw0KGgoAAAANSUhEUgAABVYAAAO+CAYAAADv/k7HAAAcJklEQVR4nOzYwQ3AIBDAsNL9dz5WIC+EZE+Qd9bMzAcAAAAAwLH/dgAAAAAAwGuMVQAAAACAyFgFAAAAAIiMVQAAAACAyFgFAAAAAIiMVQAAAACAyFgFAAAAAIiMVQAAAACAyFgFAAAAAIiMVQAAA..."
[8.103][INFO]: COMMAND Quit {

}
[8.404][INFO]: RESPONSE Quit
[8.404][DEBUG]: Log type 'driver' lost 0 entries on destruction
[8.404][DEBUG]: Log type 'browser' lost 0 entries on destruction
