[50:50:1018/203842.739273:VERBOSE1:breakpad_linux.cc(1980)] Breakpad disabled
[50:56:1018/203843.119952:ERROR:bus.cc(395)] Failed to connect to the bus: Failed to connect to socket /var/run/dbus/system_bus_socket: No such file or directory
[50:50:1018/203843.155258:VERBOSE1:pref_proxy_config_tracker_impl.cc(154)] 0x2dfe9b6c0580: set chrome proxy config service to 0x2dfe9b799c00
[50:50:1018/203843.161724:VERBOSE1:pulse_stubs.cc(683)] dlopen(libpulse.so.0) failed, dlerror() says:
libpulse.so.0: cannot open shared object file: No such file or directory
[50:50:1018/203843.161758:VERBOSE1:pulse_util.cc(106)] Failed on loading the Pulse library and symbols
[50:50:1018/203843.205063:VERBOSE1:mutable_profile_oauth2_token_service_delegate.cc(162)] MutablePO2TS::MutablePO2TS
[50:50:1018/203843.205157:VERBOSE1:device_event_log_impl.cc(158)] [20:38:43.205] Bluetooth: EVENT: bluetooth_api.cc:68 BluetoothAPI: 0x2dfe9b7c5400
[50:50:1018/203843.214781:VERBOSE1:bluetooth_low_energy_event_router.cc(248)] Initializing BluetoothLowEnergyEventRouter.
[50:50:1018/203843.278445:VERBOSE1:pref_proxy_config_tracker_impl.cc(154)] 0x2dfe9b93a000: set chrome proxy config service to 0x2dfe9b85d180
[50:50:1018/203843.286046:VERBOSE1:extension_service.cc(1403)] AddComponentExtension Cloud Print
[50:50:1018/203843.286070:VERBOSE1:extension_service.cc(1405)] Component extension Cloud Print (mfehgcgbbipciphmccgaenjidiccnmng) installing/upgrading from '' to 0.1
[50:50:1018/203843.295740:VERBOSE1:extension_service.cc(1403)] AddComponentExtension Web Store
[50:50:1018/203843.295771:VERBOSE1:extension_service.cc(1405)] Component extension Web Store (ahfgeienlihckogmohjhadlkjgocpleb) installing/upgrading from '' to 0.2
[50:50:1018/203843.296436:VERBOSE1:extension_service.cc(1403)] AddComponentExtension Chromium PDF Viewer
[50:50:1018/203843.296457:VERBOSE1:extension_service.cc(1405)] Component extension Chromium PDF Viewer (mhjfbmdgcfjbbpaeojofohoefgiehjai) installing/upgrading from '' to 1
[50:50:1018/203843.309350:VERBOSE1:account_reconcilor.cc(88)] AccountReconcilor::AccountReconcilor
[50:50:1018/203843.309374:VERBOSE1:account_reconcilor.cc(99)] AccountReconcilor::Initialize
[50:62:1018/203843.335482:VERBOSE1:component_installer.cc(244)] StartRegistration for Signed Tree Heads
[50:62:1018/203843.335650:VERBOSE1:component_installer.cc(244)] StartRegistration for Origin Trials
[50:50:1018/203843.335781:VERBOSE1:file_type_policies_component_installer.cc(129)] Registering File Type Policies component.
[50:62:1018/203843.335840:VERBOSE1:component_installer.cc(244)] StartRegistration for File Type Policies
[50:62:1018/203843.336006:VERBOSE1:component_installer.cc(244)] StartRegistration for SSL Error Assistant
[50:50:1018/203843.389481:WARNING:password_store_factory.cc(241)] Using basic (unencrypted) store for password storage. See https://chromium.googlesource.com/chromium/src/+/master/docs/linux_password_storage.md for more information about password storage options.
[50:85:1018/203843.482348:WARNING:histograms.cc(40)] Started multiple compositor clients (Browser, Renderer) in one process. Some metrics will be disabled.
[50:50:1018/203843.520014:VERBOSE1:bluez_dbus_manager.cc(172)] Bluetooth not supported.
[50:50:1018/203843.537400:VERBOSE1:component_updater_service.cc(91)] CrxUpdateService starting up. First update attempt will take place in 360 seconds. Next update attempt will take place in 18000 seconds. 
[50:50:1018/203843.537446:VERBOSE1:component_installer.cc(378)] FinishRegistration for Signed Tree Heads
[50:50:1018/203843.537480:VERBOSE1:component_installer.cc(378)] FinishRegistration for Origin Trials
[50:50:1018/203843.537517:VERBOSE1:component_installer.cc(378)] FinishRegistration for File Type Policies
[50:50:1018/203843.537544:VERBOSE1:component_installer.cc(378)] FinishRegistration for SSL Error Assistant
[50:74:1018/203843.797315:VERBOSE1:multi_log_ct_verifier.cc(75)] Adding CT log: Google 'Aviator' log
[50:74:1018/203843.797349:VERBOSE1:multi_log_ct_verifier.cc(75)] Adding CT log: Google 'Icarus' log
[50:74:1018/203843.797365:VERBOSE1:multi_log_ct_verifier.cc(75)] Adding CT log: Google 'Pilot' log
[50:74:1018/203843.797395:VERBOSE1:multi_log_ct_verifier.cc(75)] Adding CT log: Google 'Rocketeer' log
[50:74:1018/203843.797409:VERBOSE1:multi_log_ct_verifier.cc(75)] Adding CT log: Google 'Skydiver' log
[50:74:1018/203843.797420:VERBOSE1:multi_log_ct_verifier.cc(75)] Adding CT log: DigiCert Log Server
[50:74:1018/203843.797431:VERBOSE1:multi_log_ct_verifier.cc(75)] Adding CT log: DigiCert Log Server 2
[50:74:1018/203843.797443:VERBOSE1:multi_log_ct_verifier.cc(75)] Adding CT log: Symantec log
[50:74:1018/203843.797455:VERBOSE1:multi_log_ct_verifier.cc(75)] Adding CT log: Symantec 'Vega' log
[50:74:1018/203843.797467:VERBOSE1:multi_log_ct_verifier.cc(75)] Adding CT log: Symantec 'Sirius' log
[50:74:1018/203843.797481:VERBOSE1:multi_log_ct_verifier.cc(75)] Adding CT log: WoSign log
[50:74:1018/203843.797494:VERBOSE1:multi_log_ct_verifier.cc(75)] Adding CT log: Venafi Gen2 CT log
[50:74:1018/203843.797509:VERBOSE1:multi_log_ct_verifier.cc(75)] Adding CT log: CNNIC CT log
[50:74:1018/203843.797524:VERBOSE1:multi_log_ct_verifier.cc(75)] Adding CT log: StartCom log
[50:74:1018/203843.797537:VERBOSE1:multi_log_ct_verifier.cc(75)] Adding CT log: Comodo 'Sabre' CT log
[50:74:1018/203843.797550:VERBOSE1:multi_log_ct_verifier.cc(75)] Adding CT log: Comodo 'Mammoth' CT log
[50:74:1018/203843.797563:VERBOSE1:multi_log_ct_verifier.cc(75)] Adding CT log: Izenpe log
[50:74:1018/203843.797576:VERBOSE1:multi_log_ct_verifier.cc(75)] Adding CT log: Venafi log
[50:74:1018/203843.797589:VERBOSE1:multi_log_ct_verifier.cc(75)] Adding CT log: Certly.IO log
[50:74:1018/203843.797608:ERROR:io_thread.cc(730)] Cannot use V8 Proxy resolver in single process mode.
[50:74:1018/203843.797752:VERBOSE1:proxy_service.cc(958)] PAC support disabled because there is no system implementation
[50:74:1018/203843.803038:ERROR:io_thread.cc(730)] Cannot use V8 Proxy resolver in single process mode.
[50:74:1018/203843.803068:VERBOSE1:multi_log_ct_verifier.cc(75)] Adding CT log: Google 'Aviator' log
[50:74:1018/203843.803085:VERBOSE1:multi_log_ct_verifier.cc(75)] Adding CT log: Google 'Icarus' log
[50:74:1018/203843.803099:VERBOSE1:multi_log_ct_verifier.cc(75)] Adding CT log: Google 'Pilot' log
[50:74:1018/203843.803113:VERBOSE1:multi_log_ct_verifier.cc(75)] Adding CT log: Google 'Rocketeer' log
[50:74:1018/203843.803128:VERBOSE1:multi_log_ct_verifier.cc(75)] Adding CT log: Google 'Skydiver' log
[50:74:1018/203843.803171:VERBOSE1:multi_log_ct_verifier.cc(75)] Adding CT log: DigiCert Log Server
[50:74:1018/203843.803190:VERBOSE1:multi_log_ct_verifier.cc(75)] Adding CT log: DigiCert Log Server 2
[50:74:1018/203843.803205:VERBOSE1:multi_log_ct_verifier.cc(75)] Adding CT log: Symantec log
[50:74:1018/203843.803217:VERBOSE1:multi_log_ct_verifier.cc(75)] Adding CT log: Symantec 'Vega' log
[50:74:1018/203843.803230:VERBOSE1:multi_log_ct_verifier.cc(75)] Adding CT log: Symantec 'Sirius' log
[50:74:1018/203843.803244:VERBOSE1:multi_log_ct_verifier.cc(75)] Adding CT log: WoSign log
[50:74:1018/203843.803259:VERBOSE1:multi_log_ct_verifier.cc(75)] Adding CT log: Venafi Gen2 CT log
[50:74:1018/203843.803273:VERBOSE1:multi_log_ct_verifier.cc(75)] Adding CT log: CNNIC CT log
[50:74:1018/203843.803286:VERBOSE1:multi_log_ct_verifier.cc(75)] Adding CT log: StartCom log
[50:74:1018/203843.803324:VERBOSE1:multi_log_ct_verifier.cc(75)] Adding CT log: Comodo 'Sabre' CT log
[50:74:1018/203843.803345:VERBOSE1:multi_log_ct_verifier.cc(75)] Adding CT log: Comodo 'Mammoth' CT log
[50:74:1018/203843.803360:VERBOSE1:multi_log_ct_verifier.cc(75)] Adding CT log: Izenpe log
[50:74:1018/203843.803615:VERBOSE1:multi_log_ct_verifier.cc(75)] Adding CT log: Venafi log
[50:74:1018/203843.803630:VERBOSE1:multi_log_ct_verifier.cc(75)] Adding CT log: Certly.IO log
[50:74:1018/203843.803786:VERBOSE1:proxy_service.cc(958)] PAC support disabled because there is no system implementation
[50:74:1018/203843.807474:VERBOSE1:network_delegate.cc(30)] NetworkDelegate::NotifyBeforeURLRequest: https://www.gstatic.com/chrome/intelligence/assist/ranker/models/translate/2017/03/translate_ranker_model_20170329.pb.bin
[50:74:1018/203843.807512:VERBOSE1:network_delegate.cc(30)] NetworkDelegate::NotifyBeforeURLRequest: https://www.gstatic.com/chrome/intelligence/assist/ranker/models/translate/2017/03/translate_ranker_model_20170329.pb.bin
[50:74:1018/203843.884769:VERBOSE1:network_delegate.cc(30)] NetworkDelegate::NotifyBeforeURLRequest: chrome-extension://aapnijgdinlhnhlmodcfapnahmbfebeb/_generated_background_page.html
[50:74:1018/203843.884800:VERBOSE1:network_delegate.cc(30)] NetworkDelegate::NotifyBeforeURLRequest: chrome-extension://aapnijgdinlhnhlmodcfapnahmbfebeb/_generated_background_page.html
[50:74:1018/203843.884819:VERBOSE1:network_delegate.cc(30)] NetworkDelegate::NotifyBeforeURLRequest: chrome-extension://aapnijgdinlhnhlmodcfapnahmbfebeb/_generated_background_page.html
[50:85:1018/203843.905066:VERBOSE1:LocalWindowProxy.cpp(236)] A context is created NOT from snapshot
[50:85:1018/203843.919319:VERBOSE1:script_context.cc(111)] Created context:
  extension id:           (none)
  frame:                  0x153d81a01d18
  URL:                    
  context_type:           WEB_PAGE
  effective extension id: (none)
  effective context type: WEB_PAGE
[50:85:1018/203843.920646:VERBOSE1:script_context.cc(111)] Created context:
  extension id:           (none)
  frame:                  (nil)
  URL:                    
  context_type:           UNSPECIFIED
  effective extension id: (none)
  effective context type: UNSPECIFIED
[50:85:1018/203843.924176:VERBOSE1:dispatcher.cc(366)] Num tracked contexts: 1
[50:74:1018/203843.937211:VERBOSE1:network_delegate.cc(30)] NetworkDelegate::NotifyBeforeURLRequest: chrome-extension://aapnijgdinlhnhlmodcfapnahmbfebeb/background.js
[50:74:1018/203843.937238:VERBOSE1:network_delegate.cc(30)] NetworkDelegate::NotifyBeforeURLRequest: chrome-extension://aapnijgdinlhnhlmodcfapnahmbfebeb/background.js
[50:74:1018/203843.937296:VERBOSE1:network_delegate.cc(30)] NetworkDelegate::NotifyBeforeURLRequest: chrome-extension://aapnijgdinlhnhlmodcfapnahmbfebeb/background.js
[50:85:1018/203843.942490:VERBOSE1:LocalWindowProxy.cpp(236)] A context is created NOT from snapshot
[50:85:1018/203843.942973:VERBOSE1:script_context.cc(111)] Created context:
  extension id:           aapnijgdinlhnhlmodcfapnahmbfebeb
  frame:                  0x153d81a0e920
  URL:                    
  context_type:           BLESSED_EXTENSION
  effective extension id: aapnijgdinlhnhlmodcfapnahmbfebeb
  effective context type: BLESSED_EXTENSION
[50:85:1018/203843.943110:VERBOSE1:script_context.cc(111)] Created context:
  extension id:           (none)
  frame:                  (nil)
  URL:                    
  context_type:           UNSPECIFIED
  effective extension id: (none)
  effective context type: UNSPECIFIED
[50:85:1018/203843.977365:VERBOSE1:dispatcher.cc(366)] Num tracked contexts: 2
[50:85:1018/203843.978306:VERBOSE1:language_detection_util.cc(234)] Detected language: und
[50:85:1018/203844.467020:VERBOSE1:dispatcher.cc(498)] Num tracked contexts: 1
[50:85:1018/203844.483690:VERBOSE1:LocalWindowProxy.cpp(236)] A context is created NOT from snapshot
[50:85:1018/203844.484158:VERBOSE1:script_context.cc(111)] Created context:
  extension id:           (none)
  frame:                  0x153d81a01d18
  URL:                    
  context_type:           WEB_PAGE
  effective extension id: (none)
  effective context type: WEB_PAGE
[50:85:1018/203844.484285:VERBOSE1:script_context.cc(111)] Created context:
  extension id:           (none)
  frame:                  (nil)
  URL:                    
  context_type:           UNSPECIFIED
  effective extension id: (none)
  effective context type: UNSPECIFIED
[50:85:1018/203844.485239:VERBOSE1:dispatcher.cc(366)] Num tracked contexts: 2
[50:85:1018/203844.486633:VERBOSE1:script_context.cc(120)] Destroyed context for extension
  extension id: 
  effective extension id: 
[50:85:1018/203844.486674:VERBOSE1:script_context.cc(120)] Destroyed context for extension
  extension id: 
  effective extension id: 
[50:85:1018/203844.510781:VERBOSE1:language_detection_util.cc(234)] Detected language: und
