[51:51:1018/194447.864658:VERBOSE1:breakpad_linux.cc(1980)] Breakpad disabled
[51:56:1018/194448.029928:ERROR:bus.cc(395)] Failed to connect to the bus: Failed to connect to socket /var/run/dbus/system_bus_socket: No such file or directory
[51:51:1018/194448.048939:VERBOSE1:pref_proxy_config_tracker_impl.cc(154)] 0x2f6f81381580: set chrome proxy config service to 0x2f6f8145a000
[51:51:1018/194448.068936:VERBOSE1:pulse_stubs.cc(683)] dlopen(libpulse.so.0) failed, dlerror() says:
libpulse.so.0: cannot open shared object file: No such file or directory
[51:51:1018/194448.068984:VERBOSE1:pulse_util.cc(106)] Failed on loading the Pulse library and symbols
[51:51:1018/194448.107331:VERBOSE1:mutable_profile_oauth2_token_service_delegate.cc(162)] MutablePO2TS::MutablePO2TS
[51:51:1018/194448.107420:VERBOSE1:device_event_log_impl.cc(158)] [19:44:48.107] Bluetooth: EVENT: bluetooth_api.cc:68 BluetoothAPI: 0x2f6f814f6000
[51:51:1018/194448.107697:VERBOSE1:bluetooth_low_energy_event_router.cc(248)] Initializing BluetoothLowEnergyEventRouter.
[51:51:1018/194448.171292:VERBOSE1:pref_proxy_config_tracker_impl.cc(154)] 0x2f6f81601000: set chrome proxy config service to 0x2f6f814e7300
[51:51:1018/194448.180573:VERBOSE1:extension_service.cc(1403)] AddComponentExtension Cloud Print
[51:51:1018/194448.180593:VERBOSE1:extension_service.cc(1405)] Component extension Cloud Print (mfehgcgbbipciphmccgaenjidiccnmng) installing/upgrading from '' to 0.1
[51:51:1018/194448.197509:VERBOSE1:extension_service.cc(1403)] AddComponentExtension Web Store
[51:51:1018/194448.197528:VERBOSE1:extension_service.cc(1405)] Component extension Web Store (ahfgeienlihckogmohjhadlkjgocpleb) installing/upgrading from '' to 0.2
[51:51:1018/194448.198217:VERBOSE1:extension_service.cc(1403)] AddComponentExtension Chromium PDF Viewer
[51:51:1018/194448.198237:VERBOSE1:extension_service.cc(1405)] Component extension Chromium PDF Viewer (mhjfbmdgcfjbbpaeojofohoefgiehjai) installing/upgrading from '' to 1
[51:51:1018/194448.200446:VERBOSE1:account_reconcilor.cc(88)] AccountReconcilor::AccountReconcilor
[51:51:1018/194448.200466:VERBOSE1:account_reconcilor.cc(99)] AccountReconcilor::Initialize
[51:61:1018/194448.225267:VERBOSE1:component_installer.cc(244)] StartRegistration for Signed Tree Heads
[51:61:1018/194448.225418:VERBOSE1:component_installer.cc(244)] StartRegistration for Origin Trials
[51:51:1018/194448.225529:VERBOSE1:file_type_policies_component_installer.cc(129)] Registering File Type Policies component.
[51:61:1018/194448.225585:VERBOSE1:component_installer.cc(244)] StartRegistration for File Type Policies
[51:61:1018/194448.225816:VERBOSE1:component_installer.cc(244)] StartRegistration for SSL Error Assistant
[51:51:1018/194448.361580:WARNING:password_store_factory.cc(241)] Using basic (unencrypted) store for password storage. See https://chromium.googlesource.com/chromium/src/+/master/docs/linux_password_storage.md for more information about password storage options.
[51:51:1018/194448.439145:VERBOSE1:bluez_dbus_manager.cc(172)] Bluetooth not supported.
[51:51:1018/194448.441933:VERBOSE1:component_updater_service.cc(91)] CrxUpdateService starting up. First update attempt will take place in 360 seconds. Next update attempt will take place in 18000 seconds. 
[51:51:1018/194448.441954:VERBOSE1:component_installer.cc(378)] FinishRegistration for Signed Tree Heads
[51:51:1018/194448.441977:VERBOSE1:component_installer.cc(378)] FinishRegistration for Origin Trials
[51:51:1018/194448.441992:VERBOSE1:component_installer.cc(378)] FinishRegistration for File Type Policies
[51:51:1018/194448.442013:VERBOSE1:component_installer.cc(378)] FinishRegistration for SSL Error Assistant
[51:85:1018/194448.460281:WARNING:histograms.cc(40)] Started multiple compositor clients (Browser, Renderer) in one process. Some metrics will be disabled.
[51:74:1018/194448.640091:VERBOSE1:multi_log_ct_verifier.cc(75)] Adding CT log: Google 'Aviator' log
[51:74:1018/194448.640121:VERBOSE1:multi_log_ct_verifier.cc(75)] Adding CT log: Google 'Icarus' log
[51:74:1018/194448.640134:VERBOSE1:multi_log_ct_verifier.cc(75)] Adding CT log: Google 'Pilot' log
[51:74:1018/194448.640153:VERBOSE1:multi_log_ct_verifier.cc(75)] Adding CT log: Google 'Rocketeer' log
[51:74:1018/194448.640165:VERBOSE1:multi_log_ct_verifier.cc(75)] Adding CT log: Google 'Skydiver' log
[51:74:1018/194448.640176:VERBOSE1:multi_log_ct_verifier.cc(75)] Adding CT log: DigiCert Log Server
[51:74:1018/194448.640190:VERBOSE1:multi_log_ct_verifier.cc(75)] Adding CT log: DigiCert Log Server 2
[51:74:1018/194448.640201:VERBOSE1:multi_log_ct_verifier.cc(75)] Adding CT log: Symantec log
[51:74:1018/194448.640212:VERBOSE1:multi_log_ct_verifier.cc(75)] Adding CT log: Symantec 'Vega' log
[51:74:1018/194448.640224:VERBOSE1:multi_log_ct_verifier.cc(75)] Adding CT log: Symantec 'Sirius' log
[51:74:1018/194448.640235:VERBOSE1:multi_log_ct_verifier.cc(75)] Adding CT log: WoSign log
[51:74:1018/194448.640247:VERBOSE1:multi_log_ct_verifier.cc(75)] Adding CT log: Venafi Gen2 CT log
[51:74:1018/194448.640258:VERBOSE1:multi_log_ct_verifier.cc(75)] Adding CT log: CNNIC CT log
[51:74:1018/194448.640269:VERBOSE1:multi_log_ct_verifier.cc(75)] Adding CT log: StartCom log
[51:74:1018/194448.640280:VERBOSE1:multi_log_ct_verifier.cc(75)] Adding CT log: Comodo 'Sabre' CT log
[51:74:1018/194448.640292:VERBOSE1:multi_log_ct_verifier.cc(75)] Adding CT log: Comodo 'Mammoth' CT log
[51:74:1018/194448.640304:VERBOSE1:multi_log_ct_verifier.cc(75)] Adding CT log: Izenpe log
[51:74:1018/194448.640317:VERBOSE1:multi_log_ct_verifier.cc(75)] Adding CT log: Venafi log
[51:74:1018/194448.640329:VERBOSE1:multi_log_ct_verifier.cc(75)] Adding CT log: Certly.IO log
[51:74:1018/194448.640345:ERROR:io_thread.cc(730)] Cannot use V8 Proxy resolver in single process mode.
[51:74:1018/194448.640509:VERBOSE1:proxy_service.cc(958)] PAC support disabled because there is no system implementation
[51:74:1018/194449.421471:ERROR:io_thread.cc(730)] Cannot use V8 Proxy resolver in single process mode.
[51:74:1018/194449.421519:VERBOSE1:multi_log_ct_verifier.cc(75)] Adding CT log: Google 'Aviator' log
[51:74:1018/194449.421537:VERBOSE1:multi_log_ct_verifier.cc(75)] Adding CT log: Google 'Icarus' log
[51:74:1018/194449.421553:VERBOSE1:multi_log_ct_verifier.cc(75)] Adding CT log: Google 'Pilot' log
[51:74:1018/194449.421568:VERBOSE1:multi_log_ct_verifier.cc(75)] Adding CT log: Google 'Rocketeer' log
[51:74:1018/194449.421581:VERBOSE1:multi_log_ct_verifier.cc(75)] Adding CT log: Google 'Skydiver' log
[51:74:1018/194449.421595:VERBOSE1:multi_log_ct_verifier.cc(75)] Adding CT log: DigiCert Log Server
[51:74:1018/194449.421609:VERBOSE1:multi_log_ct_verifier.cc(75)] Adding CT log: DigiCert Log Server 2
[51:74:1018/194449.421623:VERBOSE1:multi_log_ct_verifier.cc(75)] Adding CT log: Symantec log
[51:74:1018/194449.421644:VERBOSE1:multi_log_ct_verifier.cc(75)] Adding CT log: Symantec 'Vega' log
[51:74:1018/194449.421659:VERBOSE1:multi_log_ct_verifier.cc(75)] Adding CT log: Symantec 'Sirius' log
[51:74:1018/194449.421673:VERBOSE1:multi_log_ct_verifier.cc(75)] Adding CT log: WoSign log
[51:74:1018/194449.421686:VERBOSE1:multi_log_ct_verifier.cc(75)] Adding CT log: Venafi Gen2 CT log
[51:74:1018/194449.421699:VERBOSE1:multi_log_ct_verifier.cc(75)] Adding CT log: CNNIC CT log
[51:74:1018/194449.421713:VERBOSE1:multi_log_ct_verifier.cc(75)] Adding CT log: StartCom log
[51:74:1018/194449.421726:VERBOSE1:multi_log_ct_verifier.cc(75)] Adding CT log: Comodo 'Sabre' CT log
[51:74:1018/194449.421741:VERBOSE1:multi_log_ct_verifier.cc(75)] Adding CT log: Comodo 'Mammoth' CT log
[51:74:1018/194449.421755:VERBOSE1:multi_log_ct_verifier.cc(75)] Adding CT log: Izenpe log
[51:74:1018/194449.421766:VERBOSE1:multi_log_ct_verifier.cc(75)] Adding CT log: Venafi log
[51:74:1018/194449.421779:VERBOSE1:multi_log_ct_verifier.cc(75)] Adding CT log: Certly.IO log
[51:74:1018/194449.421956:VERBOSE1:proxy_service.cc(958)] PAC support disabled because there is no system implementation
[51:74:1018/194449.423413:VERBOSE1:network_delegate.cc(30)] NetworkDelegate::NotifyBeforeURLRequest: https://www.gstatic.com/chrome/intelligence/assist/ranker/models/translate/2017/03/translate_ranker_model_20170329.pb.bin
[51:74:1018/194449.423452:VERBOSE1:network_delegate.cc(30)] NetworkDelegate::NotifyBeforeURLRequest: https://www.gstatic.com/chrome/intelligence/assist/ranker/models/translate/2017/03/translate_ranker_model_20170329.pb.bin
[51:74:1018/194449.490949:VERBOSE1:network_delegate.cc(30)] NetworkDelegate::NotifyBeforeURLRequest: chrome-extension://aapnijgdinlhnhlmodcfapnahmbfebeb/_generated_background_page.html
[51:74:1018/194449.490977:VERBOSE1:network_delegate.cc(30)] NetworkDelegate::NotifyBeforeURLRequest: chrome-extension://aapnijgdinlhnhlmodcfapnahmbfebeb/_generated_background_page.html
[51:74:1018/194449.490993:VERBOSE1:network_delegate.cc(30)] NetworkDelegate::NotifyBeforeURLRequest: chrome-extension://aapnijgdinlhnhlmodcfapnahmbfebeb/_generated_background_page.html
[51:85:1018/194449.506973:VERBOSE1:LocalWindowProxy.cpp(236)] A context is created NOT from snapshot
[51:85:1018/194449.507824:VERBOSE1:script_context.cc(111)] Created context:
  extension id:           (none)
  frame:                  0xf5ada181d18
  URL:                    
  context_type:           WEB_PAGE
  effective extension id: (none)
  effective context type: WEB_PAGE
[51:85:1018/194449.508905:VERBOSE1:script_context.cc(111)] Created context:
  extension id:           (none)
  frame:                  (nil)
  URL:                    
  context_type:           UNSPECIFIED
  effective extension id: (none)
  effective context type: UNSPECIFIED
[51:85:1018/194449.510009:VERBOSE1:dispatcher.cc(366)] Num tracked contexts: 1
[51:74:1018/194449.523526:VERBOSE1:network_delegate.cc(30)] NetworkDelegate::NotifyBeforeURLRequest: chrome-extension://aapnijgdinlhnhlmodcfapnahmbfebeb/background.js
[51:74:1018/194449.523552:VERBOSE1:network_delegate.cc(30)] NetworkDelegate::NotifyBeforeURLRequest: chrome-extension://aapnijgdinlhnhlmodcfapnahmbfebeb/background.js
[51:74:1018/194449.523573:VERBOSE1:network_delegate.cc(30)] NetworkDelegate::NotifyBeforeURLRequest: chrome-extension://aapnijgdinlhnhlmodcfapnahmbfebeb/background.js
[51:85:1018/194449.527176:VERBOSE1:LocalWindowProxy.cpp(236)] A context is created NOT from snapshot
[51:85:1018/194449.544340:VERBOSE1:script_context.cc(111)] Created context:
  extension id:           aapnijgdinlhnhlmodcfapnahmbfebeb
  frame:                  0xf5ada18e920
  URL:                    
  context_type:           BLESSED_EXTENSION
  effective extension id: aapnijgdinlhnhlmodcfapnahmbfebeb
  effective context type: BLESSED_EXTENSION
[51:85:1018/194449.544490:VERBOSE1:script_context.cc(111)] Created context:
  extension id:           (none)
  frame:                  (nil)
  URL:                    
  context_type:           UNSPECIFIED
  effective extension id: (none)
  effective context type: UNSPECIFIED
[51:85:1018/194449.586578:VERBOSE1:dispatcher.cc(366)] Num tracked contexts: 2
[51:85:1018/194449.587665:VERBOSE1:language_detection_util.cc(234)] Detected language: und
[51:85:1018/194450.089163:VERBOSE1:dispatcher.cc(498)] Num tracked contexts: 1
[51:85:1018/194450.092282:VERBOSE1:LocalWindowProxy.cpp(236)] A context is created NOT from snapshot
[51:85:1018/194450.092521:VERBOSE1:script_context.cc(111)] Created context:
  extension id:           (none)
  frame:                  0xf5ada181d18
  URL:                    
  context_type:           WEB_PAGE
  effective extension id: (none)
  effective context type: WEB_PAGE
[51:85:1018/194450.092587:VERBOSE1:script_context.cc(111)] Created context:
  extension id:           (none)
  frame:                  (nil)
  URL:                    
  context_type:           UNSPECIFIED
  effective extension id: (none)
  effective context type: UNSPECIFIED
[51:85:1018/194450.093343:VERBOSE1:dispatcher.cc(366)] Num tracked contexts: 2
[51:85:1018/194450.094649:VERBOSE1:script_context.cc(120)] Destroyed context for extension
  extension id: 
  effective extension id: 
[51:85:1018/194450.094672:VERBOSE1:script_context.cc(120)] Destroyed context for extension
  extension id: 
  effective extension id: 
[51:85:1018/194450.102501:VERBOSE1:language_detection_util.cc(234)] Detected language: und
