[44:44:1102/205615.878710:VERBOSE1:breakpad_linux.cc(1980)] Breakpad disabled
[44:57:1102/205616.014731:ERROR:bus.cc(395)] Failed to connect to the bus: Failed to connect to socket /var/run/dbus/system_bus_socket: No such file or directory
[44:44:1102/205616.087135:VERBOSE1:pref_proxy_config_tracker_impl.cc(154)] 0x3d411868b580: set chrome proxy config service to 0x3d4118764c00
[44:44:1102/205616.120615:VERBOSE1:pulse_stubs.cc(683)] dlopen(libpulse.so.0) failed, dlerror() says:
libpulse.so.0: cannot open shared object file: No such file or directory
[44:44:1102/205616.120654:VERBOSE1:pulse_util.cc(106)] Failed on loading the Pulse library and symbols
[44:74:1102/205616.133606:ERROR:nss_util.cc(650)] Error initializing NSS with a persistent database (sql:/tmp/homedir/.pki/nssdb): NSS error code: -8023
[44:74:1102/205616.133633:VERBOSE1:nss_util.cc(656)] Initializing NSS without a persistent database.
[44:74:1102/205616.133701:ERROR:nss_util.cc(154)] Error initializing NSS without a persistent database: NSS error code: -8023
[44:44:1102/205616.143394:VERBOSE1:mutable_profile_oauth2_token_service_delegate.cc(162)] MutablePO2TS::MutablePO2TS
[44:44:1102/205616.143500:VERBOSE1:device_event_log_impl.cc(158)] [20:56:16.143] Bluetooth: EVENT: bluetooth_api.cc:68 BluetoothAPI: 0x3d4118791800
[44:44:1102/205616.143734:VERBOSE1:bluetooth_low_energy_event_router.cc(248)] Initializing BluetoothLowEnergyEventRouter.
[44:44:1102/205616.158847:VERBOSE1:pref_proxy_config_tracker_impl.cc(154)] 0x3d41189042c0: set chrome proxy config service to 0x3d41187ee000
[44:44:1102/205616.162561:VERBOSE1:extension_service.cc(1403)] AddComponentExtension Cloud Print
[44:44:1102/205616.162579:VERBOSE1:extension_service.cc(1405)] Component extension Cloud Print (mfehgcgbbipciphmccgaenjidiccnmng) installing/upgrading from '' to 0.1
[44:44:1102/205616.163102:VERBOSE1:extension_service.cc(1403)] AddComponentExtension Web Store
[44:44:1102/205616.163115:VERBOSE1:extension_service.cc(1405)] Component extension Web Store (ahfgeienlihckogmohjhadlkjgocpleb) installing/upgrading from '' to 0.2
[44:44:1102/205616.163660:VERBOSE1:extension_service.cc(1403)] AddComponentExtension Chromium PDF Viewer
[44:44:1102/205616.163676:VERBOSE1:extension_service.cc(1405)] Component extension Chromium PDF Viewer (mhjfbmdgcfjbbpaeojofohoefgiehjai) installing/upgrading from '' to 1
[44:44:1102/205616.166644:VERBOSE1:account_reconcilor.cc(88)] AccountReconcilor::AccountReconcilor
[44:44:1102/205616.166657:VERBOSE1:account_reconcilor.cc(99)] AccountReconcilor::Initialize
[44:44:1102/205616.179681:VERBOSE1:file_type_policies_component_installer.cc(129)] Registering File Type Policies component.
[44:61:1102/205616.181004:VERBOSE1:component_installer.cc(244)] StartRegistration for Signed Tree Heads
[44:61:1102/205616.181093:VERBOSE1:component_installer.cc(244)] StartRegistration for Origin Trials
[44:61:1102/205616.181170:VERBOSE1:component_installer.cc(244)] StartRegistration for File Type Policies
[44:61:1102/205616.181266:VERBOSE1:component_installer.cc(244)] StartRegistration for SSL Error Assistant
[44:44:1102/205616.245978:WARNING:password_store_factory.cc(241)] Using basic (unencrypted) store for password storage. See https://chromium.googlesource.com/chromium/src/+/master/docs/linux_password_storage.md for more information about password storage options.
[44:44:1102/205616.307771:VERBOSE1:bluez_dbus_manager.cc(172)] Bluetooth not supported.
[44:44:1102/205616.310466:VERBOSE1:component_updater_service.cc(91)] CrxUpdateService starting up. First update attempt will take place in 360 seconds. Next update attempt will take place in 18000 seconds. 
[44:44:1102/205616.310494:VERBOSE1:component_installer.cc(378)] FinishRegistration for Signed Tree Heads
[44:44:1102/205616.310518:VERBOSE1:component_installer.cc(378)] FinishRegistration for Origin Trials
[44:44:1102/205616.310534:VERBOSE1:component_installer.cc(378)] FinishRegistration for File Type Policies
[44:44:1102/205616.310553:VERBOSE1:component_installer.cc(378)] FinishRegistration for SSL Error Assistant
[44:85:1102/205616.318263:WARNING:histograms.cc(40)] Started multiple compositor clients (Browser, Renderer) in one process. Some metrics will be disabled.
[44:74:1102/205616.133710:FATAL:nss_util.cc(156)] nss_error=-8023, os_error=0
#0 0x559d4b32ea87 base::debug::StackTrace::StackTrace()
#1 0x559d4b345221 logging::LogMessage::~LogMessage()
#2 0x559d4bbfab43 base::LazyInstance<>::Get()
#3 0x559d4ba23bb5 net::CertDatabase::GetInstance()
#4 0x559d4bb627d8 net::ClientSocketFactory::GetDefaultFactory()
#5 0x559d4ba7bac8 net::DnsClient::CreateClient()
#6 0x559d4b10f64a chrome_browser_net::DnsProbeService::SetSystemClientToCurrentConfig()
#7 0x559d4b10f5b2 chrome_browser_net::DnsProbeService::DnsProbeService()
#8 0x559d4b0da89d IOThread::Init()
#9 0x559d4a19895d content::BrowserProcessSubThread::Init()
#10 0x559d4b394c07 base::Thread::ThreadMain()
#11 0x559d4b38fea3 base::(anonymous namespace)::ThreadFunc()
#12 0x7f2e8e8a6de5 start_thread
#13 0x7f2e889ec30d __clone

