[44:44:0830/010428.563799:VERBOSE1:breakpad_linux.cc(1980)] Breakpad disabled
[44:56:0830/010428.727166:ERROR:bus.cc(395)] Failed to connect to the bus: Failed to connect to socket /var/run/dbus/system_bus_socket: No such file or directory
[44:44:0830/010428.742625:VERBOSE1:pref_proxy_config_tracker_impl.cc(154)] 0x25d669637580: set chrome proxy config service to 0x25d669710c00
[44:44:0830/010428.819445:VERBOSE1:pulse_stubs.cc(683)] dlopen(libpulse.so.0) failed, dlerror() says:
libpulse.so.0: cannot open shared object file: No such file or directory
[44:44:0830/010428.819466:VERBOSE1:pulse_util.cc(106)] Failed on loading the Pulse library and symbols
[44:44:0830/010428.829307:VERBOSE1:mutable_profile_oauth2_token_service_delegate.cc(162)] MutablePO2TS::MutablePO2TS
[44:44:0830/010428.829380:VERBOSE1:device_event_log_impl.cc(158)] [01:04:28.829] Bluetooth: EVENT: bluetooth_api.cc:68 BluetoothAPI: 0x25d66977d000
[44:44:0830/010428.844250:VERBOSE1:bluetooth_low_energy_event_router.cc(248)] Initializing BluetoothLowEnergyEventRouter.
[44:44:0830/010428.884906:VERBOSE1:pref_proxy_config_tracker_impl.cc(154)] 0x25d6698b2000: set chrome proxy config service to 0x25d6697ba180
[44:44:0830/010428.887179:VERBOSE1:extension_service.cc(1403)] AddComponentExtension Cloud Print
[44:44:0830/010428.887196:VERBOSE1:extension_service.cc(1405)] Component extension Cloud Print (mfehgcgbbipciphmccgaenjidiccnmng) installing/upgrading from '' to 0.1
[44:44:0830/010428.887754:VERBOSE1:extension_service.cc(1403)] AddComponentExtension Web Store
[44:44:0830/010428.887770:VERBOSE1:extension_service.cc(1405)] Component extension Web Store (ahfgeienlihckogmohjhadlkjgocpleb) installing/upgrading from '' to 0.2
[44:44:0830/010428.888288:VERBOSE1:extension_service.cc(1403)] AddComponentExtension Chromium PDF Viewer
[44:44:0830/010428.888304:VERBOSE1:extension_service.cc(1405)] Component extension Chromium PDF Viewer (mhjfbmdgcfjbbpaeojofohoefgiehjai) installing/upgrading from '' to 1
[44:44:0830/010428.906481:VERBOSE1:account_reconcilor.cc(88)] AccountReconcilor::AccountReconcilor
[44:44:0830/010428.906499:VERBOSE1:account_reconcilor.cc(99)] AccountReconcilor::Initialize
[44:63:0830/010428.928373:VERBOSE1:component_installer.cc(244)] StartRegistration for Signed Tree Heads
[44:63:0830/010428.928515:VERBOSE1:component_installer.cc(244)] StartRegistration for Origin Trials
[44:44:0830/010428.928604:VERBOSE1:file_type_policies_component_installer.cc(129)] Registering File Type Policies component.
[44:63:0830/010428.928645:VERBOSE1:component_installer.cc(244)] StartRegistration for File Type Policies
[44:63:0830/010428.928755:VERBOSE1:component_installer.cc(244)] StartRegistration for SSL Error Assistant
[44:44:0830/010429.025153:WARNING:password_store_factory.cc(241)] Using basic (unencrypted) store for password storage. See https://chromium.googlesource.com/chromium/src/+/master/docs/linux_password_storage.md for more information about password storage options.
[44:44:0830/010429.066326:VERBOSE1:bluez_dbus_manager.cc(172)] Bluetooth not supported.
[44:44:0830/010429.087321:VERBOSE1:component_updater_service.cc(91)] CrxUpdateService starting up. First update attempt will take place in 360 seconds. Next update attempt will take place in 18000 seconds. 
[44:44:0830/010429.087347:VERBOSE1:component_installer.cc(378)] FinishRegistration for Signed Tree Heads
[44:44:0830/010429.087437:VERBOSE1:component_installer.cc(378)] FinishRegistration for Origin Trials
[44:44:0830/010429.087460:VERBOSE1:component_installer.cc(378)] FinishRegistration for File Type Policies
[44:44:0830/010429.087520:VERBOSE1:component_installer.cc(378)] FinishRegistration for SSL Error Assistant
[44:85:0830/010429.105086:WARNING:histograms.cc(40)] Started multiple compositor clients (Browser, Renderer) in one process. Some metrics will be disabled.
[44:74:0830/010429.185679:VERBOSE1:multi_log_ct_verifier.cc(75)] Adding CT log: Google 'Aviator' log
[44:74:0830/010429.185699:VERBOSE1:multi_log_ct_verifier.cc(75)] Adding CT log: Google 'Icarus' log
[44:74:0830/010429.185707:VERBOSE1:multi_log_ct_verifier.cc(75)] Adding CT log: Google 'Pilot' log
[44:74:0830/010429.185727:VERBOSE1:multi_log_ct_verifier.cc(75)] Adding CT log: Google 'Rocketeer' log
[44:74:0830/010429.185736:VERBOSE1:multi_log_ct_verifier.cc(75)] Adding CT log: Google 'Skydiver' log
[44:74:0830/010429.185744:VERBOSE1:multi_log_ct_verifier.cc(75)] Adding CT log: DigiCert Log Server
[44:74:0830/010429.185751:VERBOSE1:multi_log_ct_verifier.cc(75)] Adding CT log: DigiCert Log Server 2
[44:74:0830/010429.185761:VERBOSE1:multi_log_ct_verifier.cc(75)] Adding CT log: Symantec log
[44:74:0830/010429.185768:VERBOSE1:multi_log_ct_verifier.cc(75)] Adding CT log: Symantec 'Vega' log
[44:74:0830/010429.185774:VERBOSE1:multi_log_ct_verifier.cc(75)] Adding CT log: Symantec 'Sirius' log
[44:74:0830/010429.185779:VERBOSE1:multi_log_ct_verifier.cc(75)] Adding CT log: WoSign log
[44:74:0830/010429.185783:VERBOSE1:multi_log_ct_verifier.cc(75)] Adding CT log: Venafi Gen2 CT log
[44:74:0830/010429.185788:VERBOSE1:multi_log_ct_verifier.cc(75)] Adding CT log: CNNIC CT log
[44:74:0830/010429.185793:VERBOSE1:multi_log_ct_verifier.cc(75)] Adding CT log: StartCom log
[44:74:0830/010429.185797:VERBOSE1:multi_log_ct_verifier.cc(75)] Adding CT log: Comodo 'Sabre' CT log
[44:74:0830/010429.185802:VERBOSE1:multi_log_ct_verifier.cc(75)] Adding CT log: Comodo 'Mammoth' CT log
[44:74:0830/010429.185807:VERBOSE1:multi_log_ct_verifier.cc(75)] Adding CT log: Izenpe log
[44:74:0830/010429.185811:VERBOSE1:multi_log_ct_verifier.cc(75)] Adding CT log: Venafi log
[44:74:0830/010429.185816:VERBOSE1:multi_log_ct_verifier.cc(75)] Adding CT log: Certly.IO log
[44:74:0830/010429.185823:ERROR:io_thread.cc(730)] Cannot use V8 Proxy resolver in single process mode.
[44:74:0830/010429.185922:VERBOSE1:proxy_service.cc(958)] PAC support disabled because there is no system implementation
[44:74:0830/010429.189390:ERROR:io_thread.cc(730)] Cannot use V8 Proxy resolver in single process mode.
[44:74:0830/010429.189414:VERBOSE1:multi_log_ct_verifier.cc(75)] Adding CT log: Google 'Aviator' log
[44:74:0830/010429.189423:VERBOSE1:multi_log_ct_verifier.cc(75)] Adding CT log: Google 'Icarus' log
[44:74:0830/010429.189432:VERBOSE1:multi_log_ct_verifier.cc(75)] Adding CT log: Google 'Pilot' log
[44:74:0830/010429.189440:VERBOSE1:multi_log_ct_verifier.cc(75)] Adding CT log: Google 'Rocketeer' log
[44:74:0830/010429.189447:VERBOSE1:multi_log_ct_verifier.cc(75)] Adding CT log: Google 'Skydiver' log
[44:74:0830/010429.189455:VERBOSE1:multi_log_ct_verifier.cc(75)] Adding CT log: DigiCert Log Server
[44:74:0830/010429.189462:VERBOSE1:multi_log_ct_verifier.cc(75)] Adding CT log: DigiCert Log Server 2
[44:74:0830/010429.189471:VERBOSE1:multi_log_ct_verifier.cc(75)] Adding CT log: Symantec log
[44:74:0830/010429.189478:VERBOSE1:multi_log_ct_verifier.cc(75)] Adding CT log: Symantec 'Vega' log
[44:74:0830/010429.189486:VERBOSE1:multi_log_ct_verifier.cc(75)] Adding CT log: Symantec 'Sirius' log
[44:74:0830/010429.189493:VERBOSE1:multi_log_ct_verifier.cc(75)] Adding CT log: WoSign log
[44:74:0830/010429.189501:VERBOSE1:multi_log_ct_verifier.cc(75)] Adding CT log: Venafi Gen2 CT log
[44:74:0830/010429.189508:VERBOSE1:multi_log_ct_verifier.cc(75)] Adding CT log: CNNIC CT log
[44:74:0830/010429.189515:VERBOSE1:multi_log_ct_verifier.cc(75)] Adding CT log: StartCom log
[44:74:0830/010429.189522:VERBOSE1:multi_log_ct_verifier.cc(75)] Adding CT log: Comodo 'Sabre' CT log
[44:74:0830/010429.189543:VERBOSE1:multi_log_ct_verifier.cc(75)] Adding CT log: Comodo 'Mammoth' CT log
[44:74:0830/010429.189554:VERBOSE1:multi_log_ct_verifier.cc(75)] Adding CT log: Izenpe log
[44:74:0830/010429.189561:VERBOSE1:multi_log_ct_verifier.cc(75)] Adding CT log: Venafi log
[44:74:0830/010429.189569:VERBOSE1:multi_log_ct_verifier.cc(75)] Adding CT log: Certly.IO log
[44:74:0830/010429.189722:VERBOSE1:proxy_service.cc(958)] PAC support disabled because there is no system implementation
[44:74:0830/010429.190947:VERBOSE1:network_delegate.cc(30)] NetworkDelegate::NotifyBeforeURLRequest: https://www.gstatic.com/chrome/intelligence/assist/ranker/models/translate/2017/03/translate_ranker_model_20170329.pb.bin
[44:74:0830/010429.190971:VERBOSE1:network_delegate.cc(30)] NetworkDelegate::NotifyBeforeURLRequest: https://www.gstatic.com/chrome/intelligence/assist/ranker/models/translate/2017/03/translate_ranker_model_20170329.pb.bin
[44:74:0830/010429.247791:VERBOSE1:network_delegate.cc(30)] NetworkDelegate::NotifyBeforeURLRequest: chrome-extension://aapnijgdinlhnhlmodcfapnahmbfebeb/_generated_background_page.html
[44:74:0830/010429.247812:VERBOSE1:network_delegate.cc(30)] NetworkDelegate::NotifyBeforeURLRequest: chrome-extension://aapnijgdinlhnhlmodcfapnahmbfebeb/_generated_background_page.html
[44:74:0830/010429.247821:VERBOSE1:network_delegate.cc(30)] NetworkDelegate::NotifyBeforeURLRequest: chrome-extension://aapnijgdinlhnhlmodcfapnahmbfebeb/_generated_background_page.html
[44:85:0830/010429.268923:VERBOSE1:LocalWindowProxy.cpp(236)] A context is created NOT from snapshot
[44:85:0830/010429.283823:VERBOSE1:script_context.cc(111)] Created context:
  extension id:           (none)
  frame:                  0x1b249c841d18
  URL:                    
  context_type:           WEB_PAGE
  effective extension id: (none)
  effective context type: WEB_PAGE
[44:85:0830/010429.284600:VERBOSE1:script_context.cc(111)] Created context:
  extension id:           (none)
  frame:                  (nil)
  URL:                    
  context_type:           UNSPECIFIED
  effective extension id: (none)
  effective context type: UNSPECIFIED
[44:85:0830/010429.285150:VERBOSE1:dispatcher.cc(366)] Num tracked contexts: 1
[44:74:0830/010429.304951:VERBOSE1:network_delegate.cc(30)] NetworkDelegate::NotifyBeforeURLRequest: chrome-extension://aapnijgdinlhnhlmodcfapnahmbfebeb/background.js
[44:74:0830/010429.304969:VERBOSE1:network_delegate.cc(30)] NetworkDelegate::NotifyBeforeURLRequest: chrome-extension://aapnijgdinlhnhlmodcfapnahmbfebeb/background.js
[44:74:0830/010429.304979:VERBOSE1:network_delegate.cc(30)] NetworkDelegate::NotifyBeforeURLRequest: chrome-extension://aapnijgdinlhnhlmodcfapnahmbfebeb/background.js
[44:85:0830/010429.307814:VERBOSE1:LocalWindowProxy.cpp(236)] A context is created NOT from snapshot
[44:85:0830/010429.308507:VERBOSE1:script_context.cc(111)] Created context:
  extension id:           aapnijgdinlhnhlmodcfapnahmbfebeb
  frame:                  0x1b249c84e920
  URL:                    
  context_type:           BLESSED_EXTENSION
  effective extension id: aapnijgdinlhnhlmodcfapnahmbfebeb
  effective context type: BLESSED_EXTENSION
[44:85:0830/010429.308584:VERBOSE1:script_context.cc(111)] Created context:
  extension id:           (none)
  frame:                  (nil)
  URL:                    
  context_type:           UNSPECIFIED
  effective extension id: (none)
  effective context type: UNSPECIFIED
[44:85:0830/010429.344090:VERBOSE1:dispatcher.cc(366)] Num tracked contexts: 2
[44:85:0830/010429.344473:VERBOSE1:language_detection_util.cc(234)] Detected language: und
[44:85:0830/010429.685587:VERBOSE1:dispatcher.cc(498)] Num tracked contexts: 1
[44:85:0830/010429.688295:VERBOSE1:LocalWindowProxy.cpp(236)] A context is created NOT from snapshot
[44:85:0830/010429.688491:VERBOSE1:script_context.cc(111)] Created context:
  extension id:           (none)
  frame:                  0x1b249c841d18
  URL:                    
  context_type:           WEB_PAGE
  effective extension id: (none)
  effective context type: WEB_PAGE
[44:85:0830/010429.688537:VERBOSE1:script_context.cc(111)] Created context:
  extension id:           (none)
  frame:                  (nil)
  URL:                    
  context_type:           UNSPECIFIED
  effective extension id: (none)
  effective context type: UNSPECIFIED
[44:85:0830/010429.688914:VERBOSE1:dispatcher.cc(366)] Num tracked contexts: 2
[44:85:0830/010429.689429:VERBOSE1:script_context.cc(120)] Destroyed context for extension
  extension id: 
  effective extension id: 
[44:85:0830/010429.689456:VERBOSE1:script_context.cc(120)] Destroyed context for extension
  extension id: 
  effective extension id: 
[44:85:0830/010429.715316:VERBOSE1:language_detection_util.cc(234)] Detected language: und
