[44:44:1018/194507.575857:VERBOSE1:breakpad_linux.cc(1980)] Breakpad disabled
[44:56:1018/194508.125530:ERROR:bus.cc(395)] Failed to connect to the bus: Failed to connect to socket /var/run/dbus/system_bus_socket: No such file or directory
[44:44:1018/194508.700771:VERBOSE1:pref_proxy_config_tracker_impl.cc(154)] 0x2c00f7feb580: set chrome proxy config service to 0x2c00f80cc000
[44:44:1018/194508.723040:VERBOSE1:pulse_stubs.cc(683)] dlopen(libpulse.so.0) failed, dlerror() says:
libpulse.so.0: cannot open shared object file: No such file or directory
[44:44:1018/194508.723090:VERBOSE1:pulse_util.cc(106)] Failed on loading the Pulse library and symbols
[44:44:1018/194508.730055:VERBOSE1:mutable_profile_oauth2_token_service_delegate.cc(162)] MutablePO2TS::MutablePO2TS
[44:44:1018/194508.730123:VERBOSE1:device_event_log_impl.cc(158)] [19:45:08.730] Bluetooth: EVENT: bluetooth_api.cc:68 BluetoothAPI: 0x2c00f8154000
[44:44:1018/194508.730332:VERBOSE1:bluetooth_low_energy_event_router.cc(248)] Initializing BluetoothLowEnergyEventRouter.
[44:44:1018/194508.753799:VERBOSE1:pref_proxy_config_tracker_impl.cc(154)] 0x2c00f82672c0: set chrome proxy config service to 0x2c00f816b180
[44:44:1018/194508.755706:VERBOSE1:extension_service.cc(1403)] AddComponentExtension Cloud Print
[44:44:1018/194508.755720:VERBOSE1:extension_service.cc(1405)] Component extension Cloud Print (mfehgcgbbipciphmccgaenjidiccnmng) installing/upgrading from '' to 0.1
[44:44:1018/194508.756113:VERBOSE1:extension_service.cc(1403)] AddComponentExtension Web Store
[44:44:1018/194508.756130:VERBOSE1:extension_service.cc(1405)] Component extension Web Store (ahfgeienlihckogmohjhadlkjgocpleb) installing/upgrading from '' to 0.2
[44:44:1018/194508.756477:VERBOSE1:extension_service.cc(1403)] AddComponentExtension Chromium PDF Viewer
[44:44:1018/194508.756489:VERBOSE1:extension_service.cc(1405)] Component extension Chromium PDF Viewer (mhjfbmdgcfjbbpaeojofohoefgiehjai) installing/upgrading from '' to 1
[44:44:1018/194508.766905:VERBOSE1:account_reconcilor.cc(88)] AccountReconcilor::AccountReconcilor
[44:44:1018/194508.766922:VERBOSE1:account_reconcilor.cc(99)] AccountReconcilor::Initialize
[44:44:1018/194508.769650:VERBOSE1:file_type_policies_component_installer.cc(129)] Registering File Type Policies component.
[44:61:1018/194508.769721:VERBOSE1:component_installer.cc(244)] StartRegistration for Signed Tree Heads
[44:61:1018/194508.769835:VERBOSE1:component_installer.cc(244)] StartRegistration for Origin Trials
[44:61:1018/194508.769921:VERBOSE1:component_installer.cc(244)] StartRegistration for File Type Policies
[44:61:1018/194508.770010:VERBOSE1:component_installer.cc(244)] StartRegistration for SSL Error Assistant
[44:44:1018/194508.796941:WARNING:password_store_factory.cc(241)] Using basic (unencrypted) store for password storage. See https://chromium.googlesource.com/chromium/src/+/master/docs/linux_password_storage.md for more information about password storage options.
[44:44:1018/194508.810388:VERBOSE1:bluez_dbus_manager.cc(172)] Bluetooth not supported.
[44:85:1018/194508.812241:WARNING:histograms.cc(40)] Started multiple compositor clients (Browser, Renderer) in one process. Some metrics will be disabled.
[44:44:1018/194508.812332:VERBOSE1:component_updater_service.cc(91)] CrxUpdateService starting up. First update attempt will take place in 360 seconds. Next update attempt will take place in 18000 seconds. 
[44:44:1018/194508.812357:VERBOSE1:component_installer.cc(378)] FinishRegistration for Signed Tree Heads
[44:44:1018/194508.812378:VERBOSE1:component_installer.cc(378)] FinishRegistration for Origin Trials
[44:44:1018/194508.812396:VERBOSE1:component_installer.cc(378)] FinishRegistration for File Type Policies
[44:44:1018/194508.812408:VERBOSE1:component_installer.cc(378)] FinishRegistration for SSL Error Assistant
[44:74:1018/194509.178093:VERBOSE1:multi_log_ct_verifier.cc(75)] Adding CT log: Google 'Aviator' log
[44:74:1018/194509.178118:VERBOSE1:multi_log_ct_verifier.cc(75)] Adding CT log: Google 'Icarus' log
[44:74:1018/194509.178124:VERBOSE1:multi_log_ct_verifier.cc(75)] Adding CT log: Google 'Pilot' log
[44:74:1018/194509.178138:VERBOSE1:multi_log_ct_verifier.cc(75)] Adding CT log: Google 'Rocketeer' log
[44:74:1018/194509.178143:VERBOSE1:multi_log_ct_verifier.cc(75)] Adding CT log: Google 'Skydiver' log
[44:74:1018/194509.178149:VERBOSE1:multi_log_ct_verifier.cc(75)] Adding CT log: DigiCert Log Server
[44:74:1018/194509.178155:VERBOSE1:multi_log_ct_verifier.cc(75)] Adding CT log: DigiCert Log Server 2
[44:74:1018/194509.178160:VERBOSE1:multi_log_ct_verifier.cc(75)] Adding CT log: Symantec log
[44:74:1018/194509.178165:VERBOSE1:multi_log_ct_verifier.cc(75)] Adding CT log: Symantec 'Vega' log
[44:74:1018/194509.178171:VERBOSE1:multi_log_ct_verifier.cc(75)] Adding CT log: Symantec 'Sirius' log
[44:74:1018/194509.178176:VERBOSE1:multi_log_ct_verifier.cc(75)] Adding CT log: WoSign log
[44:74:1018/194509.178182:VERBOSE1:multi_log_ct_verifier.cc(75)] Adding CT log: Venafi Gen2 CT log
[44:74:1018/194509.178187:VERBOSE1:multi_log_ct_verifier.cc(75)] Adding CT log: CNNIC CT log
[44:74:1018/194509.178192:VERBOSE1:multi_log_ct_verifier.cc(75)] Adding CT log: StartCom log
[44:74:1018/194509.178197:VERBOSE1:multi_log_ct_verifier.cc(75)] Adding CT log: Comodo 'Sabre' CT log
[44:74:1018/194509.178202:VERBOSE1:multi_log_ct_verifier.cc(75)] Adding CT log: Comodo 'Mammoth' CT log
[44:74:1018/194509.178208:VERBOSE1:multi_log_ct_verifier.cc(75)] Adding CT log: Izenpe log
[44:74:1018/194509.178213:VERBOSE1:multi_log_ct_verifier.cc(75)] Adding CT log: Venafi log
[44:74:1018/194509.178218:VERBOSE1:multi_log_ct_verifier.cc(75)] Adding CT log: Certly.IO log
[44:74:1018/194509.178227:ERROR:io_thread.cc(730)] Cannot use V8 Proxy resolver in single process mode.
[44:74:1018/194509.178366:VERBOSE1:proxy_service.cc(958)] PAC support disabled because there is no system implementation
[44:74:1018/194509.188262:ERROR:io_thread.cc(730)] Cannot use V8 Proxy resolver in single process mode.
[44:74:1018/194509.188288:VERBOSE1:multi_log_ct_verifier.cc(75)] Adding CT log: Google 'Aviator' log
[44:74:1018/194509.188294:VERBOSE1:multi_log_ct_verifier.cc(75)] Adding CT log: Google 'Icarus' log
[44:74:1018/194509.188300:VERBOSE1:multi_log_ct_verifier.cc(75)] Adding CT log: Google 'Pilot' log
[44:74:1018/194509.188305:VERBOSE1:multi_log_ct_verifier.cc(75)] Adding CT log: Google 'Rocketeer' log
[44:74:1018/194509.188311:VERBOSE1:multi_log_ct_verifier.cc(75)] Adding CT log: Google 'Skydiver' log
[44:74:1018/194509.188316:VERBOSE1:multi_log_ct_verifier.cc(75)] Adding CT log: DigiCert Log Server
[44:74:1018/194509.188321:VERBOSE1:multi_log_ct_verifier.cc(75)] Adding CT log: DigiCert Log Server 2
[44:74:1018/194509.188327:VERBOSE1:multi_log_ct_verifier.cc(75)] Adding CT log: Symantec log
[44:74:1018/194509.188336:VERBOSE1:multi_log_ct_verifier.cc(75)] Adding CT log: Symantec 'Vega' log
[44:74:1018/194509.188342:VERBOSE1:multi_log_ct_verifier.cc(75)] Adding CT log: Symantec 'Sirius' log
[44:74:1018/194509.188347:VERBOSE1:multi_log_ct_verifier.cc(75)] Adding CT log: WoSign log
[44:74:1018/194509.188353:VERBOSE1:multi_log_ct_verifier.cc(75)] Adding CT log: Venafi Gen2 CT log
[44:74:1018/194509.188358:VERBOSE1:multi_log_ct_verifier.cc(75)] Adding CT log: CNNIC CT log
[44:74:1018/194509.188364:VERBOSE1:multi_log_ct_verifier.cc(75)] Adding CT log: StartCom log
[44:74:1018/194509.188369:VERBOSE1:multi_log_ct_verifier.cc(75)] Adding CT log: Comodo 'Sabre' CT log
[44:74:1018/194509.188374:VERBOSE1:multi_log_ct_verifier.cc(75)] Adding CT log: Comodo 'Mammoth' CT log
[44:74:1018/194509.188379:VERBOSE1:multi_log_ct_verifier.cc(75)] Adding CT log: Izenpe log
[44:74:1018/194509.188384:VERBOSE1:multi_log_ct_verifier.cc(75)] Adding CT log: Venafi log
[44:74:1018/194509.188389:VERBOSE1:multi_log_ct_verifier.cc(75)] Adding CT log: Certly.IO log
[44:74:1018/194509.188534:VERBOSE1:proxy_service.cc(958)] PAC support disabled because there is no system implementation
[44:74:1018/194509.190950:VERBOSE1:network_delegate.cc(30)] NetworkDelegate::NotifyBeforeURLRequest: https://www.gstatic.com/chrome/intelligence/assist/ranker/models/translate/2017/03/translate_ranker_model_20170329.pb.bin
[44:74:1018/194509.190975:VERBOSE1:network_delegate.cc(30)] NetworkDelegate::NotifyBeforeURLRequest: https://www.gstatic.com/chrome/intelligence/assist/ranker/models/translate/2017/03/translate_ranker_model_20170329.pb.bin
[44:74:1018/194509.233339:VERBOSE1:network_delegate.cc(30)] NetworkDelegate::NotifyBeforeURLRequest: chrome-extension://aapnijgdinlhnhlmodcfapnahmbfebeb/_generated_background_page.html
[44:74:1018/194509.233358:VERBOSE1:network_delegate.cc(30)] NetworkDelegate::NotifyBeforeURLRequest: chrome-extension://aapnijgdinlhnhlmodcfapnahmbfebeb/_generated_background_page.html
[44:74:1018/194509.233366:VERBOSE1:network_delegate.cc(30)] NetworkDelegate::NotifyBeforeURLRequest: chrome-extension://aapnijgdinlhnhlmodcfapnahmbfebeb/_generated_background_page.html
[44:85:1018/194509.248364:VERBOSE1:LocalWindowProxy.cpp(236)] A context is created NOT from snapshot
[44:85:1018/194509.252475:VERBOSE1:script_context.cc(111)] Created context:
  extension id:           (none)
  frame:                  0x2a47f7a01d18
  URL:                    
  context_type:           WEB_PAGE
  effective extension id: (none)
  effective context type: WEB_PAGE
[44:85:1018/194509.254072:VERBOSE1:script_context.cc(111)] Created context:
  extension id:           (none)
  frame:                  (nil)
  URL:                    
  context_type:           UNSPECIFIED
  effective extension id: (none)
  effective context type: UNSPECIFIED
[44:85:1018/194509.255475:VERBOSE1:dispatcher.cc(366)] Num tracked contexts: 1
[44:85:1018/194509.268157:VERBOSE1:LocalWindowProxy.cpp(236)] A context is created NOT from snapshot
[44:85:1018/194509.268469:VERBOSE1:script_context.cc(111)] Created context:
  extension id:           aapnijgdinlhnhlmodcfapnahmbfebeb
  frame:                  0x2a47f7a0e920
  URL:                    
  context_type:           BLESSED_EXTENSION
  effective extension id: aapnijgdinlhnhlmodcfapnahmbfebeb
  effective context type: BLESSED_EXTENSION
[44:74:1018/194509.268166:VERBOSE1:network_delegate.cc(30)] NetworkDelegate::NotifyBeforeURLRequest: chrome-extension://aapnijgdinlhnhlmodcfapnahmbfebeb/background.js
[44:74:1018/194509.268706:VERBOSE1:network_delegate.cc(30)] NetworkDelegate::NotifyBeforeURLRequest: chrome-extension://aapnijgdinlhnhlmodcfapnahmbfebeb/background.js
[44:74:1018/194509.268721:VERBOSE1:network_delegate.cc(30)] NetworkDelegate::NotifyBeforeURLRequest: chrome-extension://aapnijgdinlhnhlmodcfapnahmbfebeb/background.js
[44:85:1018/194509.268887:VERBOSE1:script_context.cc(111)] Created context:
  extension id:           (none)
  frame:                  (nil)
  URL:                    
  context_type:           UNSPECIFIED
  effective extension id: (none)
  effective context type: UNSPECIFIED
[44:85:1018/194509.289786:VERBOSE1:dispatcher.cc(366)] Num tracked contexts: 2
[44:85:1018/194509.290428:VERBOSE1:language_detection_util.cc(234)] Detected language: und
[44:85:1018/194509.568430:VERBOSE1:dispatcher.cc(498)] Num tracked contexts: 1
[44:85:1018/194509.573980:VERBOSE1:LocalWindowProxy.cpp(236)] A context is created NOT from snapshot
[44:85:1018/194509.574236:VERBOSE1:script_context.cc(111)] Created context:
  extension id:           (none)
  frame:                  0x2a47f7a01d18
  URL:                    
  context_type:           WEB_PAGE
  effective extension id: (none)
  effective context type: WEB_PAGE
[44:85:1018/194509.574298:VERBOSE1:script_context.cc(111)] Created context:
  extension id:           (none)
  frame:                  (nil)
  URL:                    
  context_type:           UNSPECIFIED
  effective extension id: (none)
  effective context type: UNSPECIFIED
[44:85:1018/194509.574795:VERBOSE1:dispatcher.cc(366)] Num tracked contexts: 2
[44:85:1018/194509.580003:VERBOSE1:script_context.cc(120)] Destroyed context for extension
  extension id: 
  effective extension id: 
[44:85:1018/194509.580035:VERBOSE1:script_context.cc(120)] Destroyed context for extension
  extension id: 
  effective extension id: 
[44:85:1018/194509.591624:VERBOSE1:language_detection_util.cc(234)] Detected language: und
