[44:44:1105/170144.338771:VERBOSE1:breakpad_linux.cc(1977)] Breakpad disabled
[44:44:1105/170145.653022:VERBOSE1:webrtc_event_log_manager.cc(390)] WebRTC remote-bound event logging disabled.
[44:44:1105/170145.653146:VERBOSE1:pref_proxy_config_tracker_impl.cc(184)] 0xa0dedffe580: set chrome proxy config service to 0xa0dee1ab780
[44:44:1105/170145.653281:ERROR:default_network_context_params.cc(60)] Cannot use V8 Proxy resolver in single process mode.
[44:56:1105/170145.653922:ERROR:bus.cc(394)] Failed to connect to the bus: Failed to connect to socket /var/run/dbus/system_bus_socket: No such file or directory
[44:54:1105/170145.660828:VERBOSE1:multi_log_ct_verifier.cc(75)] Adding CT log: Google 'Argon2018' log
[44:54:1105/170145.660841:VERBOSE1:multi_log_ct_verifier.cc(75)] Adding CT log: Google 'Argon2019' log
[44:54:1105/170145.660846:VERBOSE1:multi_log_ct_verifier.cc(75)] Adding CT log: Google 'Argon2020' log
[44:54:1105/170145.660851:VERBOSE1:multi_log_ct_verifier.cc(75)] Adding CT log: Google 'Argon2021' log
[44:54:1105/170145.660856:VERBOSE1:multi_log_ct_verifier.cc(75)] Adding CT log: Google 'Aviator' log
[44:54:1105/170145.660861:VERBOSE1:multi_log_ct_verifier.cc(75)] Adding CT log: Google 'Icarus' log
[44:54:1105/170145.660867:VERBOSE1:multi_log_ct_verifier.cc(75)] Adding CT log: Google 'Pilot' log
[44:54:1105/170145.660872:VERBOSE1:multi_log_ct_verifier.cc(75)] Adding CT log: Google 'Rocketeer' log
[44:54:1105/170145.660877:VERBOSE1:multi_log_ct_verifier.cc(75)] Adding CT log: Google 'Skydiver' log
[44:54:1105/170145.660882:VERBOSE1:multi_log_ct_verifier.cc(75)] Adding CT log: Cloudflare 'Nimbus2018' Log
[44:54:1105/170145.660887:VERBOSE1:multi_log_ct_verifier.cc(75)] Adding CT log: Cloudflare 'Nimbus2019' Log
[44:54:1105/170145.660892:VERBOSE1:multi_log_ct_verifier.cc(75)] Adding CT log: Cloudflare 'Nimbus2020' Log
[44:54:1105/170145.660897:VERBOSE1:multi_log_ct_verifier.cc(75)] Adding CT log: Cloudflare 'Nimbus2021' Log
[44:54:1105/170145.660902:VERBOSE1:multi_log_ct_verifier.cc(75)] Adding CT log: DigiCert Log Server
[44:54:1105/170145.660907:VERBOSE1:multi_log_ct_verifier.cc(75)] Adding CT log: DigiCert Log Server 2
[44:54:1105/170145.660912:VERBOSE1:multi_log_ct_verifier.cc(75)] Adding CT log: DigiCert Yeti2018 Log
[44:54:1105/170145.660917:VERBOSE1:multi_log_ct_verifier.cc(75)] Adding CT log: DigiCert Yeti2019 Log
[44:54:1105/170145.660923:VERBOSE1:multi_log_ct_verifier.cc(75)] Adding CT log: DigiCert Yeti2020 Log
[44:54:1105/170145.660928:VERBOSE1:multi_log_ct_verifier.cc(75)] Adding CT log: DigiCert Yeti2021 Log
[44:54:1105/170145.660933:VERBOSE1:multi_log_ct_verifier.cc(75)] Adding CT log: DigiCert Yeti2022 Log
[44:54:1105/170145.660938:VERBOSE1:multi_log_ct_verifier.cc(75)] Adding CT log: Symantec log
[44:54:1105/170145.660945:VERBOSE1:multi_log_ct_verifier.cc(75)] Adding CT log: Symantec 'Vega' log
[44:54:1105/170145.660950:VERBOSE1:multi_log_ct_verifier.cc(75)] Adding CT log: Symantec 'Sirius' log
[44:54:1105/170145.660956:VERBOSE1:multi_log_ct_verifier.cc(75)] Adding CT log: Venafi Gen2 CT log
[44:54:1105/170145.660961:VERBOSE1:multi_log_ct_verifier.cc(75)] Adding CT log: CNNIC CT log
[44:54:1105/170145.660966:VERBOSE1:multi_log_ct_verifier.cc(75)] Adding CT log: Comodo 'Sabre' CT log
[44:54:1105/170145.660970:VERBOSE1:multi_log_ct_verifier.cc(75)] Adding CT log: Comodo 'Mammoth' CT log
[44:54:1105/170145.660975:VERBOSE1:multi_log_ct_verifier.cc(75)] Adding CT log: StartCom log
[44:54:1105/170145.660980:VERBOSE1:multi_log_ct_verifier.cc(75)] Adding CT log: WoSign log
[44:54:1105/170145.660985:VERBOSE1:multi_log_ct_verifier.cc(75)] Adding CT log: Izenpe log
[44:54:1105/170145.660990:VERBOSE1:multi_log_ct_verifier.cc(75)] Adding CT log: Venafi log
[44:54:1105/170145.660995:VERBOSE1:multi_log_ct_verifier.cc(75)] Adding CT log: Certly.IO log
[44:54:1105/170145.661042:VERBOSE1:proxy_resolution_service.cc(1022)] PAC support disabled because there is no system implementation
[44:44:1105/170145.662968:ERROR:gpu_process_transport_factory.cc(1016)] Lost UI shared context.
[44:44:1105/170145.676864:VERBOSE1:pulse_stubs.cc(683)] dlopen(libpulse.so.0) failed, dlerror() says:
libpulse.so.0: cannot open shared object file: No such file or directory
[44:44:1105/170145.676907:VERBOSE1:pulse_util.cc(105)] Failed on loading the Pulse library and symbols
[44:44:1105/170145.685887:VERBOSE1:mutable_profile_oauth2_token_service_delegate.cc(347)] MutablePO2TS::MutablePO2TS
[44:44:1105/170145.685959:VERBOSE1:device_event_log_impl.cc(161)] [17:01:45.685] Bluetooth: EVENT: bluetooth_api.cc:72 BluetoothAPI: 0xa0dee118000
[44:44:1105/170145.686179:VERBOSE1:bluetooth_low_energy_event_router.cc(248)] Initializing BluetoothLowEnergyEventRouter.
[44:44:1105/170145.687383:VERBOSE1:dns_sd_registry.cc(158)] RegisterDnsSdListener: _googlecast._tcp.local, registered: 0
[44:44:1105/170145.687401:VERBOSE1:service_discovery_device_lister.cc(40)] DeviceListerStart: service_type: _googlecast._tcp.local
[44:44:1105/170145.687416:VERBOSE1:dns_sd_device_lister.cc(46)] Started device lister for service type _googlecast._tcp.local
[44:44:1105/170145.687426:VERBOSE1:service_discovery_device_lister.cc(46)] DiscoverNewDevices: service_type: _googlecast._tcp.local
[44:44:1105/170145.687435:VERBOSE1:dns_sd_device_lister.cc(50)] Discovery new devices for service type _googlecast._tcp.local
[44:44:1105/170145.687443:VERBOSE1:dns_sd_registry.cc(249)] DispatchApiEvent: service_type: _googlecast._tcp.local
[44:44:1105/170145.717843:VERBOSE1:pref_proxy_config_tracker_impl.cc(184)] 0xa0dee313340: set chrome proxy config service to 0xa0dee283480
[44:44:1105/170145.717893:ERROR:default_network_context_params.cc(60)] Cannot use V8 Proxy resolver in single process mode.
[44:54:1105/170145.718646:VERBOSE1:multi_log_ct_verifier.cc(75)] Adding CT log: Google 'Argon2018' log
[44:54:1105/170145.718663:VERBOSE1:multi_log_ct_verifier.cc(75)] Adding CT log: Google 'Argon2019' log
[44:54:1105/170145.718672:VERBOSE1:multi_log_ct_verifier.cc(75)] Adding CT log: Google 'Argon2020' log
[44:54:1105/170145.718680:VERBOSE1:multi_log_ct_verifier.cc(75)] Adding CT log: Google 'Argon2021' log
[44:54:1105/170145.718689:VERBOSE1:multi_log_ct_verifier.cc(75)] Adding CT log: Google 'Aviator' log
[44:54:1105/170145.718703:VERBOSE1:multi_log_ct_verifier.cc(75)] Adding CT log: Google 'Icarus' log
[44:54:1105/170145.718711:VERBOSE1:multi_log_ct_verifier.cc(75)] Adding CT log: Google 'Pilot' log
[44:54:1105/170145.718719:VERBOSE1:multi_log_ct_verifier.cc(75)] Adding CT log: Google 'Rocketeer' log
[44:54:1105/170145.718727:VERBOSE1:multi_log_ct_verifier.cc(75)] Adding CT log: Google 'Skydiver' log
[44:54:1105/170145.718736:VERBOSE1:multi_log_ct_verifier.cc(75)] Adding CT log: Cloudflare 'Nimbus2018' Log
[44:54:1105/170145.718744:VERBOSE1:multi_log_ct_verifier.cc(75)] Adding CT log: Cloudflare 'Nimbus2019' Log
[44:54:1105/170145.718752:VERBOSE1:multi_log_ct_verifier.cc(75)] Adding CT log: Cloudflare 'Nimbus2020' Log
[44:54:1105/170145.718761:VERBOSE1:multi_log_ct_verifier.cc(75)] Adding CT log: Cloudflare 'Nimbus2021' Log
[44:54:1105/170145.718768:VERBOSE1:multi_log_ct_verifier.cc(75)] Adding CT log: DigiCert Log Server
[44:54:1105/170145.718776:VERBOSE1:multi_log_ct_verifier.cc(75)] Adding CT log: DigiCert Log Server 2
[44:54:1105/170145.718784:VERBOSE1:multi_log_ct_verifier.cc(75)] Adding CT log: DigiCert Yeti2018 Log
[44:54:1105/170145.718793:VERBOSE1:multi_log_ct_verifier.cc(75)] Adding CT log: DigiCert Yeti2019 Log
[44:54:1105/170145.718802:VERBOSE1:multi_log_ct_verifier.cc(75)] Adding CT log: DigiCert Yeti2020 Log
[44:54:1105/170145.718810:VERBOSE1:multi_log_ct_verifier.cc(75)] Adding CT log: DigiCert Yeti2021 Log
[44:54:1105/170145.718818:VERBOSE1:multi_log_ct_verifier.cc(75)] Adding CT log: DigiCert Yeti2022 Log
[44:54:1105/170145.718827:VERBOSE1:multi_log_ct_verifier.cc(75)] Adding CT log: Symantec log
[44:54:1105/170145.718835:VERBOSE1:multi_log_ct_verifier.cc(75)] Adding CT log: Symantec 'Vega' log
[44:54:1105/170145.718844:VERBOSE1:multi_log_ct_verifier.cc(75)] Adding CT log: Symantec 'Sirius' log
[44:54:1105/170145.718852:VERBOSE1:multi_log_ct_verifier.cc(75)] Adding CT log: Venafi Gen2 CT log
[44:54:1105/170145.718860:VERBOSE1:multi_log_ct_verifier.cc(75)] Adding CT log: CNNIC CT log
[44:54:1105/170145.718873:VERBOSE1:multi_log_ct_verifier.cc(75)] Adding CT log: Comodo 'Sabre' CT log
[44:54:1105/170145.718881:VERBOSE1:multi_log_ct_verifier.cc(75)] Adding CT log: Comodo 'Mammoth' CT log
[44:54:1105/170145.718889:VERBOSE1:multi_log_ct_verifier.cc(75)] Adding CT log: StartCom log
[44:54:1105/170145.718897:VERBOSE1:multi_log_ct_verifier.cc(75)] Adding CT log: WoSign log
[44:54:1105/170145.718906:VERBOSE1:multi_log_ct_verifier.cc(75)] Adding CT log: Izenpe log
[44:54:1105/170145.718914:VERBOSE1:multi_log_ct_verifier.cc(75)] Adding CT log: Venafi log
[44:54:1105/170145.718922:VERBOSE1:multi_log_ct_verifier.cc(75)] Adding CT log: Certly.IO log
[44:54:1105/170145.718942:VERBOSE1:proxy_resolution_service.cc(1022)] PAC support disabled because there is no system implementation
[44:44:1105/170145.721204:VERBOSE1:extension_service.cc(1254)] AddComponentExtension Cloud Print
[44:44:1105/170145.721219:VERBOSE1:extension_service.cc(1256)] Component extension Cloud Print (mfehgcgbbipciphmccgaenjidiccnmng) installing/upgrading from '' to 0.1
[44:44:1105/170145.721756:VERBOSE1:extension_service.cc(1254)] AddComponentExtension Web Store
[44:44:1105/170145.721770:VERBOSE1:extension_service.cc(1256)] Component extension Web Store (ahfgeienlihckogmohjhadlkjgocpleb) installing/upgrading from '' to 0.2
[44:44:1105/170145.732635:VERBOSE1:extension_service.cc(1254)] AddComponentExtension Chromium PDF Viewer
[44:44:1105/170145.732653:VERBOSE1:extension_service.cc(1256)] Component extension Chromium PDF Viewer (mhjfbmdgcfjbbpaeojofohoefgiehjai) installing/upgrading from '' to 1
[44:44:1105/170145.734373:VERBOSE1:account_reconcilor.cc(101)] AccountReconcilor::AccountReconcilor
[44:44:1105/170145.734389:VERBOSE1:account_reconcilor.cc(115)] AccountReconcilor::Initialize
[44:44:1105/170145.739215:VERBOSE1:file_type_policies_component_installer.cc(134)] Registering File Type Policies component.
[44:44:1105/170145.740008:WARNING:browser_main_loop.cc(271)] GLib-GObject: g_object_get_valist: object class 'GtkSettings' has no property named 'gtk-application-prefer-dark-theme'
[44:44:1105/170145.755180:WARNING:password_store_factory.cc(250)] Using basic (unencrypted) store for password storage. See https://chromium.googlesource.com/chromium/src/+/master/docs/linux_password_storage.md for more information about password storage options.
[44:54:1105/170145.777412:VERBOSE1:network_delegate.cc(30)] NetworkDelegate::NotifyBeforeURLRequest: data:,
[44:54:1105/170145.777433:VERBOSE1:network_delegate.cc(30)] NetworkDelegate::NotifyBeforeURLRequest: data:,
[44:54:1105/170145.777448:VERBOSE1:network_delegate.cc(30)] NetworkDelegate::NotifyBeforeURLRequest: data:,
[44:44:1105/170145.792766:VERBOSE1:bluez_dbus_manager.cc(174)] Bluetooth not supported.
[44:54:1105/170145.793326:VERBOSE1:mdns_client_impl.cc(160)] Sockets ready:2
[44:44:1105/170145.793349:VERBOSE1:gaia_cookie_manager_service.cc(787)] GaiaCookieManagerService::ListAccounts
[44:54:1105/170145.793420:VERBOSE1:network_delegate.cc(30)] NetworkDelegate::NotifyBeforeURLRequest: https://accounts.google.com/ListAccounts?gpsia=1&source=durations_metrics,counter:0,load_time_ms:107&json=standard
[44:54:1105/170145.793436:VERBOSE1:network_delegate.cc(30)] NetworkDelegate::NotifyBeforeURLRequest: https://accounts.google.com/ListAccounts?gpsia=1&source=durations_metrics,counter:0,load_time_ms:107&json=standard
[44:54:1105/170145.793449:VERBOSE1:network_delegate.cc(30)] NetworkDelegate::NotifyBeforeURLRequest: https://accounts.google.com/ListAccounts?gpsia=1&source=durations_metrics,counter:0,load_time_ms:107&json=standard
[44:54:1105/170145.799437:VERBOSE1:network_delegate.cc(30)] NetworkDelegate::NotifyBeforeURLRequest: chrome-extension://aapnijgdinlhnhlmodcfapnahmbfebeb/_generated_background_page.html
[44:54:1105/170145.799459:VERBOSE1:network_delegate.cc(30)] NetworkDelegate::NotifyBeforeURLRequest: chrome-extension://aapnijgdinlhnhlmodcfapnahmbfebeb/_generated_background_page.html
[44:54:1105/170145.799469:VERBOSE1:network_delegate.cc(30)] NetworkDelegate::NotifyBeforeURLRequest: chrome-extension://aapnijgdinlhnhlmodcfapnahmbfebeb/_generated_background_page.html
[44:82:1105/170145.912836:WARNING:histograms.cc(40)] Started multiple compositor clients (Browser, Renderer) in one process. Some metrics will be disabled.
[44:82:1105/170145.958781:VERBOSE1:language_detection_util.cc(129)] Detected language: und
[44:54:1105/170145.975202:VERBOSE1:network_delegate.cc(30)] NetworkDelegate::NotifyBeforeURLRequest: chrome-extension://aapnijgdinlhnhlmodcfapnahmbfebeb/background.js
[44:54:1105/170145.975222:VERBOSE1:network_delegate.cc(30)] NetworkDelegate::NotifyBeforeURLRequest: chrome-extension://aapnijgdinlhnhlmodcfapnahmbfebeb/background.js
[44:54:1105/170145.975236:VERBOSE1:network_delegate.cc(30)] NetworkDelegate::NotifyBeforeURLRequest: chrome-extension://aapnijgdinlhnhlmodcfapnahmbfebeb/background.js
[44:82:1105/170145.977761:VERBOSE1:v8_context_snapshot.cc(139)] A context is created from snapshot for main world
[44:82:1105/170145.977865:VERBOSE1:script_context.cc(91)] Created context:
  extension id:           aapnijgdinlhnhlmodcfapnahmbfebeb
  frame:                  0x38e4a991408
  URL:                    
  context_type:           BLESSED_EXTENSION
  effective extension id: aapnijgdinlhnhlmodcfapnahmbfebeb
  effective context type: BLESSED_EXTENSION
[44:82:1105/170145.978620:VERBOSE1:script_context.cc(91)] Created context:
  extension id:           (none)
  frame:                  (nil)
  URL:                    
  context_type:           UNSPECIFIED
  effective extension id: (none)
  effective context type: UNSPECIFIED
[44:82:1105/170145.994864:VERBOSE1:dispatcher.cc(360)] Num tracked contexts: 1
[44:82:1105/170146.000442:VERBOSE1:v8_context_snapshot.cc(139)] A context is created from snapshot for main world
[44:82:1105/170146.000525:VERBOSE1:script_context.cc(91)] Created context:
  extension id:           (none)
  frame:                  0x38e4a981c28
  URL:                    
  context_type:           WEB_PAGE
  effective extension id: (none)
  effective context type: WEB_PAGE
[44:82:1105/170146.000596:VERBOSE1:script_context.cc(91)] Created context:
  extension id:           (none)
  frame:                  (nil)
  URL:                    
  context_type:           UNSPECIFIED
  effective extension id: (none)
  effective context type: UNSPECIFIED
[44:82:1105/170146.001395:VERBOSE1:dispatcher.cc(360)] Num tracked contexts: 2
[44:54:1105/170146.444410:VERBOSE1:network_delegate.cc(30)] NetworkDelegate::NotifyBeforeURLRequest: data:/,
[44:54:1105/170146.444434:VERBOSE1:network_delegate.cc(30)] NetworkDelegate::NotifyBeforeURLRequest: data:/,
[44:54:1105/170146.444449:VERBOSE1:network_delegate.cc(30)] NetworkDelegate::NotifyBeforeURLRequest: data:/,
[44:82:1105/170146.453361:VERBOSE1:dispatcher.cc(498)] Num tracked contexts: 1
[44:82:1105/170146.458768:VERBOSE1:v8_context_snapshot.cc(139)] A context is created from snapshot for main world
[44:82:1105/170146.458886:VERBOSE1:script_context.cc(91)] Created context:
  extension id:           (none)
  frame:                  0x38e4a981c28
  URL:                    
  context_type:           WEB_PAGE
  effective extension id: (none)
  effective context type: WEB_PAGE
[44:82:1105/170146.458967:VERBOSE1:script_context.cc(91)] Created context:
  extension id:           (none)
  frame:                  (nil)
  URL:                    
  context_type:           UNSPECIFIED
  effective extension id: (none)
  effective context type: UNSPECIFIED
[44:82:1105/170146.459727:VERBOSE1:dispatcher.cc(360)] Num tracked contexts: 2
[44:82:1105/170146.463248:VERBOSE1:script_context.cc(98)] Destroyed context for extension
  extension id: 
  effective extension id: 
[44:82:1105/170146.463275:VERBOSE1:script_context.cc(98)] Destroyed context for extension
  extension id: 
  effective extension id: 
[44:82:1105/170146.463764:VERBOSE1:language_detection_util.cc(129)] Detected language: und
[44:82:1105/170146.544799:VERBOSE1:thread_state.cc(1430)] [state:0x55fb0cff0ae0] CollectGarbage: time: 1.1ms stack: NoHeapPointersOnStack marking: AtomicMarking sweeping: LazySweeping reason: IdleGC
[44:76:1105/170146.556771:ERROR:bus.cc(394)] Failed to connect to the bus: Address does not contain a colon
[44:82:1105/170146.559225:VERBOSE1:thread_state.cc(1024)] [state:0x55fb0cff0ae0] PostSweep: collection_rate: 33%
[44:61:1105/170146.584603:VERBOSE1:component_installer.cc(252)] StartRegistration for Subresource Filter Rules
[44:44:1105/170146.584785:VERBOSE1:component_installer.cc(396)] FinishRegistration for Subresource Filter Rules
[44:44:1105/170146.584819:VERBOSE1:component_updater_service.cc(88)] CrxUpdateService starting up. First update attempt will take place in 360 seconds. Next update attempt will take place in 18000 seconds. 
[44:61:1105/170146.585363:VERBOSE1:component_installer.cc(252)] StartRegistration for CRLSet
[44:61:1105/170146.585462:VERBOSE1:component_installer.cc(252)] StartRegistration for Signed Tree Heads
[44:61:1105/170146.585551:VERBOSE1:component_installer.cc(252)] StartRegistration for Origin Trials
[44:61:1105/170146.585639:VERBOSE1:component_installer.cc(252)] StartRegistration for File Type Policies
[44:61:1105/170146.585731:VERBOSE1:component_installer.cc(252)] StartRegistration for SSL Error Assistant
[44:44:1105/170146.585846:VERBOSE1:component_installer.cc(396)] FinishRegistration for CRLSet
[44:44:1105/170146.585869:VERBOSE1:component_installer.cc(396)] FinishRegistration for Signed Tree Heads
[44:44:1105/170146.585903:VERBOSE1:component_installer.cc(396)] FinishRegistration for Origin Trials
[44:44:1105/170146.585921:VERBOSE1:component_installer.cc(396)] FinishRegistration for File Type Policies
[44:61:1105/170146.587289:VERBOSE1:component_installer.cc(252)] StartRegistration for MEI Preload
[44:44:1105/170146.592266:VERBOSE1:component_installer.cc(396)] FinishRegistration for SSL Error Assistant
[44:44:1105/170146.592293:VERBOSE1:component_installer.cc(396)] FinishRegistration for MEI Preload
[44:54:1105/170146.602233:VERBOSE1:network_delegate.cc(30)] NetworkDelegate::NotifyBeforeURLRequest: https://www.gstatic.com/chrome/intelligence/assist/ranker/models/translate/translate_ranker_20180123.model
[44:54:1105/170146.602298:VERBOSE1:network_delegate.cc(30)] NetworkDelegate::NotifyBeforeURLRequest: https://www.gstatic.com/chrome/intelligence/assist/ranker/models/translate/translate_ranker_20180123.model
[44:64:1105/170146.699152:VERBOSE1:simple_index_file.cc(586)] Simple Cache Index is being restored from disk.
