[51:51:1018/203842.739272:VERBOSE1:breakpad_linux.cc(1980)] Breakpad disabled
[51:56:1018/203843.118462:ERROR:bus.cc(395)] Failed to connect to the bus: Failed to connect to socket /var/run/dbus/system_bus_socket: No such file or directory
[51:51:1018/203843.147850:VERBOSE1:pref_proxy_config_tracker_impl.cc(154)] 0x16048433c580: set chrome proxy config service to 0x160484415d80
[51:51:1018/203843.155188:VERBOSE1:pulse_stubs.cc(683)] dlopen(libpulse.so.0) failed, dlerror() says:
libpulse.so.0: cannot open shared object file: No such file or directory
[51:51:1018/203843.155240:VERBOSE1:pulse_util.cc(106)] Failed on loading the Pulse library and symbols
[51:51:1018/203843.188963:VERBOSE1:mutable_profile_oauth2_token_service_delegate.cc(162)] MutablePO2TS::MutablePO2TS
[51:51:1018/203843.189077:VERBOSE1:device_event_log_impl.cc(158)] [20:38:43.189] Bluetooth: EVENT: bluetooth_api.cc:68 BluetoothAPI: 0x160484448200
[51:51:1018/203843.189408:VERBOSE1:bluetooth_low_energy_event_router.cc(248)] Initializing BluetoothLowEnergyEventRouter.
[51:51:1018/203843.271974:VERBOSE1:pref_proxy_config_tracker_impl.cc(154)] 0x1604845b12c0: set chrome proxy config service to 0x1604844c4000
[51:51:1018/203843.281880:VERBOSE1:extension_service.cc(1403)] AddComponentExtension Cloud Print
[51:51:1018/203843.281904:VERBOSE1:extension_service.cc(1405)] Component extension Cloud Print (mfehgcgbbipciphmccgaenjidiccnmng) installing/upgrading from '' to 0.1
[51:51:1018/203843.297436:VERBOSE1:extension_service.cc(1403)] AddComponentExtension Web Store
[51:51:1018/203843.297459:VERBOSE1:extension_service.cc(1405)] Component extension Web Store (ahfgeienlihckogmohjhadlkjgocpleb) installing/upgrading from '' to 0.2
[51:51:1018/203843.298085:VERBOSE1:extension_service.cc(1403)] AddComponentExtension Chromium PDF Viewer
[51:51:1018/203843.298107:VERBOSE1:extension_service.cc(1405)] Component extension Chromium PDF Viewer (mhjfbmdgcfjbbpaeojofohoefgiehjai) installing/upgrading from '' to 1
[51:51:1018/203843.315056:VERBOSE1:account_reconcilor.cc(88)] AccountReconcilor::AccountReconcilor
[51:51:1018/203843.315082:VERBOSE1:account_reconcilor.cc(99)] AccountReconcilor::Initialize
[51:63:1018/203843.334917:VERBOSE1:component_installer.cc(244)] StartRegistration for Signed Tree Heads
[51:63:1018/203843.335116:VERBOSE1:component_installer.cc(244)] StartRegistration for Origin Trials
[51:51:1018/203843.335239:VERBOSE1:file_type_policies_component_installer.cc(129)] Registering File Type Policies component.
[51:63:1018/203843.335293:VERBOSE1:component_installer.cc(244)] StartRegistration for File Type Policies
[51:63:1018/203843.335476:VERBOSE1:component_installer.cc(244)] StartRegistration for SSL Error Assistant
[51:51:1018/203843.395894:WARNING:password_store_factory.cc(241)] Using basic (unencrypted) store for password storage. See https://chromium.googlesource.com/chromium/src/+/master/docs/linux_password_storage.md for more information about password storage options.
[51:51:1018/203843.497687:VERBOSE1:bluez_dbus_manager.cc(172)] Bluetooth not supported.
[51:85:1018/203843.506885:WARNING:histograms.cc(40)] Started multiple compositor clients (Browser, Renderer) in one process. Some metrics will be disabled.
[51:51:1018/203843.527314:VERBOSE1:component_updater_service.cc(91)] CrxUpdateService starting up. First update attempt will take place in 360 seconds. Next update attempt will take place in 18000 seconds. 
[51:51:1018/203843.527364:VERBOSE1:component_installer.cc(378)] FinishRegistration for Signed Tree Heads
[51:51:1018/203843.527401:VERBOSE1:component_installer.cc(378)] FinishRegistration for Origin Trials
[51:51:1018/203843.527440:VERBOSE1:component_installer.cc(378)] FinishRegistration for File Type Policies
[51:51:1018/203843.527470:VERBOSE1:component_installer.cc(378)] FinishRegistration for SSL Error Assistant
[51:74:1018/203843.770320:VERBOSE1:multi_log_ct_verifier.cc(75)] Adding CT log: Google 'Aviator' log
[51:74:1018/203843.770354:VERBOSE1:multi_log_ct_verifier.cc(75)] Adding CT log: Google 'Icarus' log
[51:74:1018/203843.770368:VERBOSE1:multi_log_ct_verifier.cc(75)] Adding CT log: Google 'Pilot' log
[51:74:1018/203843.770399:VERBOSE1:multi_log_ct_verifier.cc(75)] Adding CT log: Google 'Rocketeer' log
[51:74:1018/203843.770414:VERBOSE1:multi_log_ct_verifier.cc(75)] Adding CT log: Google 'Skydiver' log
[51:74:1018/203843.770427:VERBOSE1:multi_log_ct_verifier.cc(75)] Adding CT log: DigiCert Log Server
[51:74:1018/203843.770439:VERBOSE1:multi_log_ct_verifier.cc(75)] Adding CT log: DigiCert Log Server 2
[51:74:1018/203843.770451:VERBOSE1:multi_log_ct_verifier.cc(75)] Adding CT log: Symantec log
[51:74:1018/203843.770463:VERBOSE1:multi_log_ct_verifier.cc(75)] Adding CT log: Symantec 'Vega' log
[51:74:1018/203843.770500:VERBOSE1:multi_log_ct_verifier.cc(75)] Adding CT log: Symantec 'Sirius' log
[51:74:1018/203843.770604:VERBOSE1:multi_log_ct_verifier.cc(75)] Adding CT log: WoSign log
[51:74:1018/203843.770619:VERBOSE1:multi_log_ct_verifier.cc(75)] Adding CT log: Venafi Gen2 CT log
[51:74:1018/203843.770632:VERBOSE1:multi_log_ct_verifier.cc(75)] Adding CT log: CNNIC CT log
[51:74:1018/203843.770645:VERBOSE1:multi_log_ct_verifier.cc(75)] Adding CT log: StartCom log
[51:74:1018/203843.770659:VERBOSE1:multi_log_ct_verifier.cc(75)] Adding CT log: Comodo 'Sabre' CT log
[51:74:1018/203843.770672:VERBOSE1:multi_log_ct_verifier.cc(75)] Adding CT log: Comodo 'Mammoth' CT log
[51:74:1018/203843.770685:VERBOSE1:multi_log_ct_verifier.cc(75)] Adding CT log: Izenpe log
[51:74:1018/203843.770698:VERBOSE1:multi_log_ct_verifier.cc(75)] Adding CT log: Venafi log
[51:74:1018/203843.770713:VERBOSE1:multi_log_ct_verifier.cc(75)] Adding CT log: Certly.IO log
[51:74:1018/203843.770732:ERROR:io_thread.cc(730)] Cannot use V8 Proxy resolver in single process mode.
[51:74:1018/203843.770938:VERBOSE1:proxy_service.cc(958)] PAC support disabled because there is no system implementation
[51:74:1018/203843.777104:ERROR:io_thread.cc(730)] Cannot use V8 Proxy resolver in single process mode.
[51:74:1018/203843.777134:VERBOSE1:multi_log_ct_verifier.cc(75)] Adding CT log: Google 'Aviator' log
[51:74:1018/203843.777147:VERBOSE1:multi_log_ct_verifier.cc(75)] Adding CT log: Google 'Icarus' log
[51:74:1018/203843.777165:VERBOSE1:multi_log_ct_verifier.cc(75)] Adding CT log: Google 'Pilot' log
[51:74:1018/203843.777177:VERBOSE1:multi_log_ct_verifier.cc(75)] Adding CT log: Google 'Rocketeer' log
[51:74:1018/203843.777189:VERBOSE1:multi_log_ct_verifier.cc(75)] Adding CT log: Google 'Skydiver' log
[51:74:1018/203843.777201:VERBOSE1:multi_log_ct_verifier.cc(75)] Adding CT log: DigiCert Log Server
[51:74:1018/203843.777213:VERBOSE1:multi_log_ct_verifier.cc(75)] Adding CT log: DigiCert Log Server 2
[51:74:1018/203843.777224:VERBOSE1:multi_log_ct_verifier.cc(75)] Adding CT log: Symantec log
[51:74:1018/203843.777236:VERBOSE1:multi_log_ct_verifier.cc(75)] Adding CT log: Symantec 'Vega' log
[51:74:1018/203843.777249:VERBOSE1:multi_log_ct_verifier.cc(75)] Adding CT log: Symantec 'Sirius' log
[51:74:1018/203843.777261:VERBOSE1:multi_log_ct_verifier.cc(75)] Adding CT log: WoSign log
[51:74:1018/203843.777273:VERBOSE1:multi_log_ct_verifier.cc(75)] Adding CT log: Venafi Gen2 CT log
[51:74:1018/203843.777284:VERBOSE1:multi_log_ct_verifier.cc(75)] Adding CT log: CNNIC CT log
[51:74:1018/203843.777296:VERBOSE1:multi_log_ct_verifier.cc(75)] Adding CT log: StartCom log
[51:74:1018/203843.777307:VERBOSE1:multi_log_ct_verifier.cc(75)] Adding CT log: Comodo 'Sabre' CT log
[51:74:1018/203843.777319:VERBOSE1:multi_log_ct_verifier.cc(75)] Adding CT log: Comodo 'Mammoth' CT log
[51:74:1018/203843.777331:VERBOSE1:multi_log_ct_verifier.cc(75)] Adding CT log: Izenpe log
[51:74:1018/203843.777343:VERBOSE1:multi_log_ct_verifier.cc(75)] Adding CT log: Venafi log
[51:74:1018/203843.777354:VERBOSE1:multi_log_ct_verifier.cc(75)] Adding CT log: Certly.IO log
[51:74:1018/203843.777496:VERBOSE1:proxy_service.cc(958)] PAC support disabled because there is no system implementation
[51:74:1018/203843.784210:VERBOSE1:network_delegate.cc(30)] NetworkDelegate::NotifyBeforeURLRequest: https://www.gstatic.com/chrome/intelligence/assist/ranker/models/translate/2017/03/translate_ranker_model_20170329.pb.bin
[51:74:1018/203843.784244:VERBOSE1:network_delegate.cc(30)] NetworkDelegate::NotifyBeforeURLRequest: https://www.gstatic.com/chrome/intelligence/assist/ranker/models/translate/2017/03/translate_ranker_model_20170329.pb.bin
[51:74:1018/203843.856296:VERBOSE1:network_delegate.cc(30)] NetworkDelegate::NotifyBeforeURLRequest: chrome-extension://aapnijgdinlhnhlmodcfapnahmbfebeb/_generated_background_page.html
[51:74:1018/203843.856331:VERBOSE1:network_delegate.cc(30)] NetworkDelegate::NotifyBeforeURLRequest: chrome-extension://aapnijgdinlhnhlmodcfapnahmbfebeb/_generated_background_page.html
[51:74:1018/203843.856352:VERBOSE1:network_delegate.cc(30)] NetworkDelegate::NotifyBeforeURLRequest: chrome-extension://aapnijgdinlhnhlmodcfapnahmbfebeb/_generated_background_page.html
[51:85:1018/203843.871072:VERBOSE1:LocalWindowProxy.cpp(236)] A context is created NOT from snapshot
[51:85:1018/203843.871618:VERBOSE1:script_context.cc(111)] Created context:
  extension id:           (none)
  frame:                  0x10a0640e1d18
  URL:                    
  context_type:           WEB_PAGE
  effective extension id: (none)
  effective context type: WEB_PAGE
[51:85:1018/203843.872242:VERBOSE1:script_context.cc(111)] Created context:
  extension id:           (none)
  frame:                  (nil)
  URL:                    
  context_type:           UNSPECIFIED
  effective extension id: (none)
  effective context type: UNSPECIFIED
[51:85:1018/203843.872835:VERBOSE1:dispatcher.cc(366)] Num tracked contexts: 1
[51:85:1018/203843.890862:VERBOSE1:LocalWindowProxy.cpp(236)] A context is created NOT from snapshot
[51:85:1018/203843.891153:VERBOSE1:script_context.cc(111)] Created context:
  extension id:           aapnijgdinlhnhlmodcfapnahmbfebeb
  frame:                  0x10a0640ee920
  URL:                    
  context_type:           BLESSED_EXTENSION
  effective extension id: aapnijgdinlhnhlmodcfapnahmbfebeb
  effective context type: BLESSED_EXTENSION
[51:85:1018/203843.891285:VERBOSE1:script_context.cc(111)] Created context:
  extension id:           (none)
  frame:                  (nil)
  URL:                    
  context_type:           UNSPECIFIED
  effective extension id: (none)
  effective context type: UNSPECIFIED
[51:74:1018/203843.898995:VERBOSE1:network_delegate.cc(30)] NetworkDelegate::NotifyBeforeURLRequest: chrome-extension://aapnijgdinlhnhlmodcfapnahmbfebeb/background.js
[51:74:1018/203843.899023:VERBOSE1:network_delegate.cc(30)] NetworkDelegate::NotifyBeforeURLRequest: chrome-extension://aapnijgdinlhnhlmodcfapnahmbfebeb/background.js
[51:74:1018/203843.899041:VERBOSE1:network_delegate.cc(30)] NetworkDelegate::NotifyBeforeURLRequest: chrome-extension://aapnijgdinlhnhlmodcfapnahmbfebeb/background.js
[51:85:1018/203843.918701:VERBOSE1:dispatcher.cc(366)] Num tracked contexts: 2
[51:85:1018/203843.921786:VERBOSE1:language_detection_util.cc(234)] Detected language: und
[51:85:1018/203844.416768:VERBOSE1:dispatcher.cc(498)] Num tracked contexts: 1
[51:85:1018/203844.425143:VERBOSE1:LocalWindowProxy.cpp(236)] A context is created NOT from snapshot
[51:85:1018/203844.425549:VERBOSE1:script_context.cc(111)] Created context:
  extension id:           (none)
  frame:                  0x10a0640e1d18
  URL:                    
  context_type:           WEB_PAGE
  effective extension id: (none)
  effective context type: WEB_PAGE
[51:85:1018/203844.425660:VERBOSE1:script_context.cc(111)] Created context:
  extension id:           (none)
  frame:                  (nil)
  URL:                    
  context_type:           UNSPECIFIED
  effective extension id: (none)
  effective context type: UNSPECIFIED
[51:85:1018/203844.426689:VERBOSE1:dispatcher.cc(366)] Num tracked contexts: 2
[51:85:1018/203844.458692:VERBOSE1:script_context.cc(120)] Destroyed context for extension
  extension id: 
  effective extension id: 
[51:85:1018/203844.458750:VERBOSE1:script_context.cc(120)] Destroyed context for extension
  extension id: 
  effective extension id: 
[51:85:1018/203844.502668:VERBOSE1:language_detection_util.cc(234)] Detected language: und
