[50:50:1102/210841.642029:VERBOSE1:breakpad_linux.cc(1977)] Breakpad disabled
[50:50:1102/210842.837782:VERBOSE1:webrtc_event_log_manager.cc(390)] WebRTC remote-bound event logging disabled.
[50:50:1102/210842.837932:VERBOSE1:pref_proxy_config_tracker_impl.cc(184)] 0x371c48fe4580: set chrome proxy config service to 0x371c49198780
[50:50:1102/210842.838111:ERROR:default_network_context_params.cc(60)] Cannot use V8 Proxy resolver in single process mode.
[50:56:1102/210842.838867:ERROR:bus.cc(394)] Failed to connect to the bus: Failed to connect to socket /var/run/dbus/system_bus_socket: No such file or directory
[50:54:1102/210842.845565:VERBOSE1:multi_log_ct_verifier.cc(75)] Adding CT log: Google 'Argon2018' log
[50:54:1102/210842.845613:VERBOSE1:multi_log_ct_verifier.cc(75)] Adding CT log: Google 'Argon2019' log
[50:54:1102/210842.845628:VERBOSE1:multi_log_ct_verifier.cc(75)] Adding CT log: Google 'Argon2020' log
[50:54:1102/210842.845640:VERBOSE1:multi_log_ct_verifier.cc(75)] Adding CT log: Google 'Argon2021' log
[50:54:1102/210842.845654:VERBOSE1:multi_log_ct_verifier.cc(75)] Adding CT log: Google 'Aviator' log
[50:54:1102/210842.845667:VERBOSE1:multi_log_ct_verifier.cc(75)] Adding CT log: Google 'Icarus' log
[50:54:1102/210842.845680:VERBOSE1:multi_log_ct_verifier.cc(75)] Adding CT log: Google 'Pilot' log
[50:54:1102/210842.845693:VERBOSE1:multi_log_ct_verifier.cc(75)] Adding CT log: Google 'Rocketeer' log
[50:54:1102/210842.845706:VERBOSE1:multi_log_ct_verifier.cc(75)] Adding CT log: Google 'Skydiver' log
[50:54:1102/210842.845718:VERBOSE1:multi_log_ct_verifier.cc(75)] Adding CT log: Cloudflare 'Nimbus2018' Log
[50:54:1102/210842.845731:VERBOSE1:multi_log_ct_verifier.cc(75)] Adding CT log: Cloudflare 'Nimbus2019' Log
[50:54:1102/210842.845743:VERBOSE1:multi_log_ct_verifier.cc(75)] Adding CT log: Cloudflare 'Nimbus2020' Log
[50:54:1102/210842.845756:VERBOSE1:multi_log_ct_verifier.cc(75)] Adding CT log: Cloudflare 'Nimbus2021' Log
[50:54:1102/210842.845769:VERBOSE1:multi_log_ct_verifier.cc(75)] Adding CT log: DigiCert Log Server
[50:54:1102/210842.845782:VERBOSE1:multi_log_ct_verifier.cc(75)] Adding CT log: DigiCert Log Server 2
[50:54:1102/210842.845794:VERBOSE1:multi_log_ct_verifier.cc(75)] Adding CT log: DigiCert Yeti2018 Log
[50:54:1102/210842.845808:VERBOSE1:multi_log_ct_verifier.cc(75)] Adding CT log: DigiCert Yeti2019 Log
[50:54:1102/210842.845821:VERBOSE1:multi_log_ct_verifier.cc(75)] Adding CT log: DigiCert Yeti2020 Log
[50:54:1102/210842.845834:VERBOSE1:multi_log_ct_verifier.cc(75)] Adding CT log: DigiCert Yeti2021 Log
[50:54:1102/210842.845847:VERBOSE1:multi_log_ct_verifier.cc(75)] Adding CT log: DigiCert Yeti2022 Log
[50:54:1102/210842.845860:VERBOSE1:multi_log_ct_verifier.cc(75)] Adding CT log: Symantec log
[50:54:1102/210842.845874:VERBOSE1:multi_log_ct_verifier.cc(75)] Adding CT log: Symantec 'Vega' log
[50:54:1102/210842.845890:VERBOSE1:multi_log_ct_verifier.cc(75)] Adding CT log: Symantec 'Sirius' log
[50:54:1102/210842.845904:VERBOSE1:multi_log_ct_verifier.cc(75)] Adding CT log: Venafi Gen2 CT log
[50:54:1102/210842.845917:VERBOSE1:multi_log_ct_verifier.cc(75)] Adding CT log: CNNIC CT log
[50:54:1102/210842.845930:VERBOSE1:multi_log_ct_verifier.cc(75)] Adding CT log: Comodo 'Sabre' CT log
[50:54:1102/210842.845942:VERBOSE1:multi_log_ct_verifier.cc(75)] Adding CT log: Comodo 'Mammoth' CT log
[50:54:1102/210842.845956:VERBOSE1:multi_log_ct_verifier.cc(75)] Adding CT log: StartCom log
[50:54:1102/210842.845968:VERBOSE1:multi_log_ct_verifier.cc(75)] Adding CT log: WoSign log
[50:54:1102/210842.845981:VERBOSE1:multi_log_ct_verifier.cc(75)] Adding CT log: Izenpe log
[50:54:1102/210842.845994:VERBOSE1:multi_log_ct_verifier.cc(75)] Adding CT log: Venafi log
[50:54:1102/210842.846009:VERBOSE1:multi_log_ct_verifier.cc(75)] Adding CT log: Certly.IO log
[50:54:1102/210842.846108:VERBOSE1:proxy_resolution_service.cc(1022)] PAC support disabled because there is no system implementation
[50:50:1102/210842.850035:ERROR:gpu_process_transport_factory.cc(1016)] Lost UI shared context.
[50:50:1102/210842.869782:VERBOSE1:pulse_stubs.cc(683)] dlopen(libpulse.so.0) failed, dlerror() says:
libpulse.so.0: cannot open shared object file: No such file or directory
[50:50:1102/210842.869844:VERBOSE1:pulse_util.cc(105)] Failed on loading the Pulse library and symbols
[50:50:1102/210842.894463:VERBOSE1:mutable_profile_oauth2_token_service_delegate.cc(347)] MutablePO2TS::MutablePO2TS
[50:50:1102/210842.894566:VERBOSE1:device_event_log_impl.cc(161)] [21:08:42.894] Bluetooth: EVENT: bluetooth_api.cc:72 BluetoothAPI: 0x371c49104000
[50:50:1102/210842.897521:VERBOSE1:bluetooth_low_energy_event_router.cc(248)] Initializing BluetoothLowEnergyEventRouter.
[50:50:1102/210842.899264:VERBOSE1:dns_sd_registry.cc(158)] RegisterDnsSdListener: _googlecast._tcp.local, registered: 0
[50:50:1102/210842.899287:VERBOSE1:service_discovery_device_lister.cc(40)] DeviceListerStart: service_type: _googlecast._tcp.local
[50:50:1102/210842.899303:VERBOSE1:dns_sd_device_lister.cc(46)] Started device lister for service type _googlecast._tcp.local
[50:50:1102/210842.899315:VERBOSE1:service_discovery_device_lister.cc(46)] DiscoverNewDevices: service_type: _googlecast._tcp.local
[50:50:1102/210842.899327:VERBOSE1:dns_sd_device_lister.cc(50)] Discovery new devices for service type _googlecast._tcp.local
[50:50:1102/210842.899339:VERBOSE1:dns_sd_registry.cc(249)] DispatchApiEvent: service_type: _googlecast._tcp.local
[50:50:1102/210842.934304:VERBOSE1:pref_proxy_config_tracker_impl.cc(184)] 0x371c49396000: set chrome proxy config service to 0x371c492bc900
[50:50:1102/210842.934368:ERROR:default_network_context_params.cc(60)] Cannot use V8 Proxy resolver in single process mode.
[50:54:1102/210842.935331:VERBOSE1:multi_log_ct_verifier.cc(75)] Adding CT log: Google 'Argon2018' log
[50:54:1102/210842.935383:VERBOSE1:multi_log_ct_verifier.cc(75)] Adding CT log: Google 'Argon2019' log
[50:54:1102/210842.935398:VERBOSE1:multi_log_ct_verifier.cc(75)] Adding CT log: Google 'Argon2020' log
[50:54:1102/210842.935412:VERBOSE1:multi_log_ct_verifier.cc(75)] Adding CT log: Google 'Argon2021' log
[50:54:1102/210842.935426:VERBOSE1:multi_log_ct_verifier.cc(75)] Adding CT log: Google 'Aviator' log
[50:54:1102/210842.935441:VERBOSE1:multi_log_ct_verifier.cc(75)] Adding CT log: Google 'Icarus' log
[50:54:1102/210842.935455:VERBOSE1:multi_log_ct_verifier.cc(75)] Adding CT log: Google 'Pilot' log
[50:54:1102/210842.935469:VERBOSE1:multi_log_ct_verifier.cc(75)] Adding CT log: Google 'Rocketeer' log
[50:54:1102/210842.935482:VERBOSE1:multi_log_ct_verifier.cc(75)] Adding CT log: Google 'Skydiver' log
[50:54:1102/210842.935496:VERBOSE1:multi_log_ct_verifier.cc(75)] Adding CT log: Cloudflare 'Nimbus2018' Log
[50:54:1102/210842.935509:VERBOSE1:multi_log_ct_verifier.cc(75)] Adding CT log: Cloudflare 'Nimbus2019' Log
[50:54:1102/210842.935523:VERBOSE1:multi_log_ct_verifier.cc(75)] Adding CT log: Cloudflare 'Nimbus2020' Log
[50:54:1102/210842.935537:VERBOSE1:multi_log_ct_verifier.cc(75)] Adding CT log: Cloudflare 'Nimbus2021' Log
[50:54:1102/210842.935551:VERBOSE1:multi_log_ct_verifier.cc(75)] Adding CT log: DigiCert Log Server
[50:54:1102/210842.935564:VERBOSE1:multi_log_ct_verifier.cc(75)] Adding CT log: DigiCert Log Server 2
[50:54:1102/210842.935577:VERBOSE1:multi_log_ct_verifier.cc(75)] Adding CT log: DigiCert Yeti2018 Log
[50:54:1102/210842.935589:VERBOSE1:multi_log_ct_verifier.cc(75)] Adding CT log: DigiCert Yeti2019 Log
[50:54:1102/210842.935602:VERBOSE1:multi_log_ct_verifier.cc(75)] Adding CT log: DigiCert Yeti2020 Log
[50:54:1102/210842.935615:VERBOSE1:multi_log_ct_verifier.cc(75)] Adding CT log: DigiCert Yeti2021 Log
[50:54:1102/210842.935629:VERBOSE1:multi_log_ct_verifier.cc(75)] Adding CT log: DigiCert Yeti2022 Log
[50:54:1102/210842.935642:VERBOSE1:multi_log_ct_verifier.cc(75)] Adding CT log: Symantec log
[50:54:1102/210842.935657:VERBOSE1:multi_log_ct_verifier.cc(75)] Adding CT log: Symantec 'Vega' log
[50:54:1102/210842.935671:VERBOSE1:multi_log_ct_verifier.cc(75)] Adding CT log: Symantec 'Sirius' log
[50:54:1102/210842.935685:VERBOSE1:multi_log_ct_verifier.cc(75)] Adding CT log: Venafi Gen2 CT log
[50:54:1102/210842.935722:VERBOSE1:multi_log_ct_verifier.cc(75)] Adding CT log: CNNIC CT log
[50:54:1102/210842.935739:VERBOSE1:multi_log_ct_verifier.cc(75)] Adding CT log: Comodo 'Sabre' CT log
[50:54:1102/210842.935752:VERBOSE1:multi_log_ct_verifier.cc(75)] Adding CT log: Comodo 'Mammoth' CT log
[50:54:1102/210842.935766:VERBOSE1:multi_log_ct_verifier.cc(75)] Adding CT log: StartCom log
[50:54:1102/210842.935780:VERBOSE1:multi_log_ct_verifier.cc(75)] Adding CT log: WoSign log
[50:54:1102/210842.935793:VERBOSE1:multi_log_ct_verifier.cc(75)] Adding CT log: Izenpe log
[50:54:1102/210842.935806:VERBOSE1:multi_log_ct_verifier.cc(75)] Adding CT log: Venafi log
[50:54:1102/210842.935819:VERBOSE1:multi_log_ct_verifier.cc(75)] Adding CT log: Certly.IO log
[50:54:1102/210842.935857:VERBOSE1:proxy_resolution_service.cc(1022)] PAC support disabled because there is no system implementation
[50:50:1102/210842.938879:VERBOSE1:extension_service.cc(1254)] AddComponentExtension Cloud Print
[50:50:1102/210842.938900:VERBOSE1:extension_service.cc(1256)] Component extension Cloud Print (mfehgcgbbipciphmccgaenjidiccnmng) installing/upgrading from '' to 0.1
[50:50:1102/210842.939572:VERBOSE1:extension_service.cc(1254)] AddComponentExtension Web Store
[50:50:1102/210842.939594:VERBOSE1:extension_service.cc(1256)] Component extension Web Store (ahfgeienlihckogmohjhadlkjgocpleb) installing/upgrading from '' to 0.2
[50:50:1102/210842.940311:VERBOSE1:extension_service.cc(1254)] AddComponentExtension Chromium PDF Viewer
[50:50:1102/210842.940340:VERBOSE1:extension_service.cc(1256)] Component extension Chromium PDF Viewer (mhjfbmdgcfjbbpaeojofohoefgiehjai) installing/upgrading from '' to 1
[50:50:1102/210842.943576:VERBOSE1:account_reconcilor.cc(101)] AccountReconcilor::AccountReconcilor
[50:50:1102/210842.943596:VERBOSE1:account_reconcilor.cc(115)] AccountReconcilor::Initialize
[50:50:1102/210842.960805:VERBOSE1:file_type_policies_component_installer.cc(134)] Registering File Type Policies component.
[50:50:1102/210842.961646:WARNING:browser_main_loop.cc(271)] GLib-GObject: g_object_get_valist: object class 'GtkSettings' has no property named 'gtk-application-prefer-dark-theme'
[50:50:1102/210842.972402:WARNING:password_store_factory.cc(250)] Using basic (unencrypted) store for password storage. See https://chromium.googlesource.com/chromium/src/+/master/docs/linux_password_storage.md for more information about password storage options.
[50:54:1102/210843.039251:VERBOSE1:network_delegate.cc(30)] NetworkDelegate::NotifyBeforeURLRequest: data:,
[50:54:1102/210843.039279:VERBOSE1:network_delegate.cc(30)] NetworkDelegate::NotifyBeforeURLRequest: data:,
[50:54:1102/210843.039301:VERBOSE1:network_delegate.cc(30)] NetworkDelegate::NotifyBeforeURLRequest: data:,
[50:50:1102/210843.056697:VERBOSE1:bluez_dbus_manager.cc(174)] Bluetooth not supported.
[50:50:1102/210843.057232:VERBOSE1:gaia_cookie_manager_service.cc(787)] GaiaCookieManagerService::ListAccounts
[50:54:1102/210843.057324:VERBOSE1:network_delegate.cc(30)] NetworkDelegate::NotifyBeforeURLRequest: https://accounts.google.com/ListAccounts?gpsia=1&source=durations_metrics,counter:0,load_time_ms:162&json=standard
[50:54:1102/210843.057346:VERBOSE1:network_delegate.cc(30)] NetworkDelegate::NotifyBeforeURLRequest: https://accounts.google.com/ListAccounts?gpsia=1&source=durations_metrics,counter:0,load_time_ms:162&json=standard
[50:54:1102/210843.057367:VERBOSE1:network_delegate.cc(30)] NetworkDelegate::NotifyBeforeURLRequest: https://accounts.google.com/ListAccounts?gpsia=1&source=durations_metrics,counter:0,load_time_ms:162&json=standard
[50:54:1102/210843.058036:VERBOSE1:mdns_client_impl.cc(160)] Sockets ready:2
[50:54:1102/210843.075164:VERBOSE1:network_delegate.cc(30)] NetworkDelegate::NotifyBeforeURLRequest: chrome-extension://aapnijgdinlhnhlmodcfapnahmbfebeb/_generated_background_page.html
[50:54:1102/210843.075188:VERBOSE1:network_delegate.cc(30)] NetworkDelegate::NotifyBeforeURLRequest: chrome-extension://aapnijgdinlhnhlmodcfapnahmbfebeb/_generated_background_page.html
[50:54:1102/210843.075206:VERBOSE1:network_delegate.cc(30)] NetworkDelegate::NotifyBeforeURLRequest: chrome-extension://aapnijgdinlhnhlmodcfapnahmbfebeb/_generated_background_page.html
[50:82:1102/210843.345411:WARNING:histograms.cc(40)] Started multiple compositor clients (Browser, Renderer) in one process. Some metrics will be disabled.
[50:82:1102/210843.479851:VERBOSE1:v8_context_snapshot.cc(139)] A context is created from snapshot for main world
[50:82:1102/210843.480008:VERBOSE1:script_context.cc(91)] Created context:
  extension id:           (none)
  frame:                  0xad6a9e1c28
  URL:                    
  context_type:           WEB_PAGE
  effective extension id: (none)
  effective context type: WEB_PAGE
[50:82:1102/210843.481016:VERBOSE1:script_context.cc(91)] Created context:
  extension id:           (none)
  frame:                  (nil)
  URL:                    
  context_type:           UNSPECIFIED
  effective extension id: (none)
  effective context type: UNSPECIFIED
[50:82:1102/210843.483941:VERBOSE1:dispatcher.cc(360)] Num tracked contexts: 1
[50:82:1102/210843.486181:VERBOSE1:language_detection_util.cc(129)] Detected language: und
[50:54:1102/210843.497923:VERBOSE1:network_delegate.cc(30)] NetworkDelegate::NotifyBeforeURLRequest: chrome-extension://aapnijgdinlhnhlmodcfapnahmbfebeb/background.js
[50:54:1102/210843.497952:VERBOSE1:network_delegate.cc(30)] NetworkDelegate::NotifyBeforeURLRequest: chrome-extension://aapnijgdinlhnhlmodcfapnahmbfebeb/background.js
[50:54:1102/210843.497969:VERBOSE1:network_delegate.cc(30)] NetworkDelegate::NotifyBeforeURLRequest: chrome-extension://aapnijgdinlhnhlmodcfapnahmbfebeb/background.js
[50:82:1102/210843.505035:VERBOSE1:v8_context_snapshot.cc(139)] A context is created from snapshot for main world
[50:82:1102/210843.505142:VERBOSE1:script_context.cc(91)] Created context:
  extension id:           aapnijgdinlhnhlmodcfapnahmbfebeb
  frame:                  0xad6a9f1408
  URL:                    
  context_type:           BLESSED_EXTENSION
  effective extension id: aapnijgdinlhnhlmodcfapnahmbfebeb
  effective context type: BLESSED_EXTENSION
[50:82:1102/210843.505228:VERBOSE1:script_context.cc(91)] Created context:
  extension id:           (none)
  frame:                  (nil)
  URL:                    
  context_type:           UNSPECIFIED
  effective extension id: (none)
  effective context type: UNSPECIFIED
[50:82:1102/210843.544216:VERBOSE1:dispatcher.cc(360)] Num tracked contexts: 2
[50:77:1102/210843.684041:ERROR:bus.cc(394)] Failed to connect to the bus: Address does not contain a colon
[50:62:1102/210843.700487:VERBOSE1:component_installer.cc(252)] StartRegistration for Subresource Filter Rules
[50:62:1102/210843.700679:VERBOSE1:component_installer.cc(252)] StartRegistration for CRLSet
[50:50:1102/210843.700679:VERBOSE1:component_installer.cc(396)] FinishRegistration for Subresource Filter Rules
[50:50:1102/210843.700749:VERBOSE1:component_updater_service.cc(88)] CrxUpdateService starting up. First update attempt will take place in 360 seconds. Next update attempt will take place in 18000 seconds. 
[50:62:1102/210843.700897:VERBOSE1:component_installer.cc(252)] StartRegistration for Signed Tree Heads
[50:50:1102/210843.700908:VERBOSE1:component_installer.cc(396)] FinishRegistration for CRLSet
[50:62:1102/210843.701027:VERBOSE1:component_installer.cc(252)] StartRegistration for Origin Trials
[50:50:1102/210843.701037:VERBOSE1:component_installer.cc(396)] FinishRegistration for Signed Tree Heads
[50:62:1102/210843.701153:VERBOSE1:component_installer.cc(252)] StartRegistration for File Type Policies
[50:50:1102/210843.701163:VERBOSE1:component_installer.cc(396)] FinishRegistration for Origin Trials
[50:62:1102/210843.701293:VERBOSE1:component_installer.cc(252)] StartRegistration for SSL Error Assistant
[50:50:1102/210843.701304:VERBOSE1:component_installer.cc(396)] FinishRegistration for File Type Policies
[50:62:1102/210843.701417:VERBOSE1:component_installer.cc(252)] StartRegistration for MEI Preload
[50:50:1102/210843.701427:VERBOSE1:component_installer.cc(396)] FinishRegistration for SSL Error Assistant
[50:50:1102/210843.701553:VERBOSE1:component_installer.cc(396)] FinishRegistration for MEI Preload
[50:54:1102/210843.736444:VERBOSE1:network_delegate.cc(30)] NetworkDelegate::NotifyBeforeURLRequest: https://www.gstatic.com/chrome/intelligence/assist/ranker/models/translate/translate_ranker_20180123.model
[50:54:1102/210843.736557:VERBOSE1:network_delegate.cc(30)] NetworkDelegate::NotifyBeforeURLRequest: https://www.gstatic.com/chrome/intelligence/assist/ranker/models/translate/translate_ranker_20180123.model
[50:65:1102/210843.818138:VERBOSE1:simple_index_file.cc(586)] Simple Cache Index is being restored from disk.
[50:54:1102/210844.279242:VERBOSE1:network_delegate.cc(30)] NetworkDelegate::NotifyBeforeURLRequest: data:/,
[50:54:1102/210844.279272:VERBOSE1:network_delegate.cc(30)] NetworkDelegate::NotifyBeforeURLRequest: data:/,
[50:54:1102/210844.279289:VERBOSE1:network_delegate.cc(30)] NetworkDelegate::NotifyBeforeURLRequest: data:/,
[50:82:1102/210844.303587:VERBOSE1:dispatcher.cc(498)] Num tracked contexts: 1
[50:82:1102/210844.306504:VERBOSE1:v8_context_snapshot.cc(139)] A context is created from snapshot for main world
[50:82:1102/210844.306637:VERBOSE1:script_context.cc(91)] Created context:
  extension id:           (none)
  frame:                  0xad6a9e1c28
  URL:                    
  context_type:           WEB_PAGE
  effective extension id: (none)
  effective context type: WEB_PAGE
[50:82:1102/210844.306760:VERBOSE1:script_context.cc(91)] Created context:
  extension id:           (none)
  frame:                  (nil)
  URL:                    
  context_type:           UNSPECIFIED
  effective extension id: (none)
  effective context type: UNSPECIFIED
[50:82:1102/210844.307473:VERBOSE1:dispatcher.cc(360)] Num tracked contexts: 2
[50:82:1102/210844.308912:VERBOSE1:script_context.cc(98)] Destroyed context for extension
  extension id: 
  effective extension id: 
[50:82:1102/210844.308936:VERBOSE1:script_context.cc(98)] Destroyed context for extension
  extension id: 
  effective extension id: 
[50:82:1102/210844.335995:VERBOSE1:language_detection_util.cc(129)] Detected language: und
[50:82:1102/210844.416000:VERBOSE1:thread_state.cc(1430)] [state:0x5611db380ae0] CollectGarbage: time: 0.99ms stack: NoHeapPointersOnStack marking: AtomicMarking sweeping: LazySweeping reason: IdleGC
[50:82:1102/210844.435390:VERBOSE1:thread_state.cc(1024)] [state:0x5611db380ae0] PostSweep: collection_rate: 33%
[50:50:1102/210844.481688:VERBOSE1:gaia_cookie_manager_service.cc(650)] ListAccounts successful
[50:50:1102/210844.481718:VERBOSE1:gaia_cookie_manager_service.cc(796)] GaiaCookieManagerService::HandleNextRequest
[50:50:1102/210844.483795:VERBOSE1:gaia_cookie_manager_service.cc(812)] GaiaCookieManagerService::HandleNextRequest: no more
