[44:44:1102/212006.592421:VERBOSE1:breakpad_linux.cc(1977)] Breakpad disabled
[44:56:1102/212007.365380:ERROR:bus.cc(394)] Failed to connect to the bus: Failed to connect to socket /var/run/dbus/system_bus_socket: No such file or directory
[44:44:1102/212007.365438:VERBOSE1:webrtc_event_log_manager.cc(390)] WebRTC remote-bound event logging disabled.
[44:44:1102/212007.365547:VERBOSE1:pref_proxy_config_tracker_impl.cc(184)] 0x130e4f4c580: set chrome proxy config service to 0x130e50f8780
[44:44:1102/212007.365663:ERROR:default_network_context_params.cc(60)] Cannot use V8 Proxy resolver in single process mode.
[44:47:1102/212007.368449:VERBOSE1:multi_log_ct_verifier.cc(75)] Adding CT log: Google 'Argon2018' log
[44:47:1102/212007.368469:VERBOSE1:multi_log_ct_verifier.cc(75)] Adding CT log: Google 'Argon2019' log
[44:47:1102/212007.368482:VERBOSE1:multi_log_ct_verifier.cc(75)] Adding CT log: Google 'Argon2020' log
[44:47:1102/212007.368494:VERBOSE1:multi_log_ct_verifier.cc(75)] Adding CT log: Google 'Argon2021' log
[44:47:1102/212007.368506:VERBOSE1:multi_log_ct_verifier.cc(75)] Adding CT log: Google 'Aviator' log
[44:47:1102/212007.368518:VERBOSE1:multi_log_ct_verifier.cc(75)] Adding CT log: Google 'Icarus' log
[44:47:1102/212007.368531:VERBOSE1:multi_log_ct_verifier.cc(75)] Adding CT log: Google 'Pilot' log
[44:47:1102/212007.368543:VERBOSE1:multi_log_ct_verifier.cc(75)] Adding CT log: Google 'Rocketeer' log
[44:47:1102/212007.368555:VERBOSE1:multi_log_ct_verifier.cc(75)] Adding CT log: Google 'Skydiver' log
[44:47:1102/212007.368567:VERBOSE1:multi_log_ct_verifier.cc(75)] Adding CT log: Cloudflare 'Nimbus2018' Log
[44:47:1102/212007.368580:VERBOSE1:multi_log_ct_verifier.cc(75)] Adding CT log: Cloudflare 'Nimbus2019' Log
[44:47:1102/212007.368593:VERBOSE1:multi_log_ct_verifier.cc(75)] Adding CT log: Cloudflare 'Nimbus2020' Log
[44:47:1102/212007.368605:VERBOSE1:multi_log_ct_verifier.cc(75)] Adding CT log: Cloudflare 'Nimbus2021' Log
[44:47:1102/212007.368618:VERBOSE1:multi_log_ct_verifier.cc(75)] Adding CT log: DigiCert Log Server
[44:47:1102/212007.368630:VERBOSE1:multi_log_ct_verifier.cc(75)] Adding CT log: DigiCert Log Server 2
[44:47:1102/212007.368643:VERBOSE1:multi_log_ct_verifier.cc(75)] Adding CT log: DigiCert Yeti2018 Log
[44:47:1102/212007.368656:VERBOSE1:multi_log_ct_verifier.cc(75)] Adding CT log: DigiCert Yeti2019 Log
[44:47:1102/212007.368668:VERBOSE1:multi_log_ct_verifier.cc(75)] Adding CT log: DigiCert Yeti2020 Log
[44:47:1102/212007.368680:VERBOSE1:multi_log_ct_verifier.cc(75)] Adding CT log: DigiCert Yeti2021 Log
[44:47:1102/212007.368692:VERBOSE1:multi_log_ct_verifier.cc(75)] Adding CT log: DigiCert Yeti2022 Log
[44:47:1102/212007.368705:VERBOSE1:multi_log_ct_verifier.cc(75)] Adding CT log: Symantec log
[44:47:1102/212007.368718:VERBOSE1:multi_log_ct_verifier.cc(75)] Adding CT log: Symantec 'Vega' log
[44:47:1102/212007.368731:VERBOSE1:multi_log_ct_verifier.cc(75)] Adding CT log: Symantec 'Sirius' log
[44:47:1102/212007.368755:VERBOSE1:multi_log_ct_verifier.cc(75)] Adding CT log: Venafi Gen2 CT log
[44:47:1102/212007.368769:VERBOSE1:multi_log_ct_verifier.cc(75)] Adding CT log: CNNIC CT log
[44:47:1102/212007.368782:VERBOSE1:multi_log_ct_verifier.cc(75)] Adding CT log: Comodo 'Sabre' CT log
[44:47:1102/212007.368795:VERBOSE1:multi_log_ct_verifier.cc(75)] Adding CT log: Comodo 'Mammoth' CT log
[44:47:1102/212007.368809:VERBOSE1:multi_log_ct_verifier.cc(75)] Adding CT log: StartCom log
[44:47:1102/212007.368822:VERBOSE1:multi_log_ct_verifier.cc(75)] Adding CT log: WoSign log
[44:47:1102/212007.368833:VERBOSE1:multi_log_ct_verifier.cc(75)] Adding CT log: Izenpe log
[44:47:1102/212007.368845:VERBOSE1:multi_log_ct_verifier.cc(75)] Adding CT log: Venafi log
[44:47:1102/212007.368858:VERBOSE1:multi_log_ct_verifier.cc(75)] Adding CT log: Certly.IO log
[44:47:1102/212007.368963:VERBOSE1:proxy_resolution_service.cc(1022)] PAC support disabled because there is no system implementation
[44:44:1102/212007.371196:ERROR:gpu_process_transport_factory.cc(1016)] Lost UI shared context.
[44:44:1102/212007.383404:VERBOSE1:pulse_stubs.cc(683)] dlopen(libpulse.so.0) failed, dlerror() says:
libpulse.so.0: cannot open shared object file: No such file or directory
[44:44:1102/212007.383436:VERBOSE1:pulse_util.cc(105)] Failed on loading the Pulse library and symbols
[44:44:1102/212007.391398:VERBOSE1:mutable_profile_oauth2_token_service_delegate.cc(347)] MutablePO2TS::MutablePO2TS
[44:44:1102/212007.391494:VERBOSE1:device_event_log_impl.cc(161)] [21:20:07.391] Bluetooth: EVENT: bluetooth_api.cc:72 BluetoothAPI: 0x130e5064000
[44:44:1102/212007.391804:VERBOSE1:bluetooth_low_energy_event_router.cc(248)] Initializing BluetoothLowEnergyEventRouter.
[44:44:1102/212007.394760:VERBOSE1:dns_sd_registry.cc(158)] RegisterDnsSdListener: _googlecast._tcp.local, registered: 0
[44:44:1102/212007.394782:VERBOSE1:service_discovery_device_lister.cc(40)] DeviceListerStart: service_type: _googlecast._tcp.local
[44:44:1102/212007.394800:VERBOSE1:dns_sd_device_lister.cc(46)] Started device lister for service type _googlecast._tcp.local
[44:44:1102/212007.394814:VERBOSE1:service_discovery_device_lister.cc(46)] DiscoverNewDevices: service_type: _googlecast._tcp.local
[44:44:1102/212007.394827:VERBOSE1:dns_sd_device_lister.cc(50)] Discovery new devices for service type _googlecast._tcp.local
[44:44:1102/212007.394840:VERBOSE1:dns_sd_registry.cc(249)] DispatchApiEvent: service_type: _googlecast._tcp.local
[44:44:1102/212007.414409:VERBOSE1:pref_proxy_config_tracker_impl.cc(184)] 0x130e5191b80: set chrome proxy config service to 0x130e51b8a80
[44:44:1102/212007.414468:ERROR:default_network_context_params.cc(60)] Cannot use V8 Proxy resolver in single process mode.
[44:47:1102/212007.427490:VERBOSE1:multi_log_ct_verifier.cc(75)] Adding CT log: Google 'Argon2018' log
[44:47:1102/212007.427511:VERBOSE1:multi_log_ct_verifier.cc(75)] Adding CT log: Google 'Argon2019' log
[44:47:1102/212007.427525:VERBOSE1:multi_log_ct_verifier.cc(75)] Adding CT log: Google 'Argon2020' log
[44:47:1102/212007.427538:VERBOSE1:multi_log_ct_verifier.cc(75)] Adding CT log: Google 'Argon2021' log
[44:47:1102/212007.427549:VERBOSE1:multi_log_ct_verifier.cc(75)] Adding CT log: Google 'Aviator' log
[44:47:1102/212007.427561:VERBOSE1:multi_log_ct_verifier.cc(75)] Adding CT log: Google 'Icarus' log
[44:47:1102/212007.427573:VERBOSE1:multi_log_ct_verifier.cc(75)] Adding CT log: Google 'Pilot' log
[44:47:1102/212007.427584:VERBOSE1:multi_log_ct_verifier.cc(75)] Adding CT log: Google 'Rocketeer' log
[44:47:1102/212007.427595:VERBOSE1:multi_log_ct_verifier.cc(75)] Adding CT log: Google 'Skydiver' log
[44:47:1102/212007.427606:VERBOSE1:multi_log_ct_verifier.cc(75)] Adding CT log: Cloudflare 'Nimbus2018' Log
[44:47:1102/212007.427619:VERBOSE1:multi_log_ct_verifier.cc(75)] Adding CT log: Cloudflare 'Nimbus2019' Log
[44:47:1102/212007.427631:VERBOSE1:multi_log_ct_verifier.cc(75)] Adding CT log: Cloudflare 'Nimbus2020' Log
[44:47:1102/212007.427642:VERBOSE1:multi_log_ct_verifier.cc(75)] Adding CT log: Cloudflare 'Nimbus2021' Log
[44:47:1102/212007.427653:VERBOSE1:multi_log_ct_verifier.cc(75)] Adding CT log: DigiCert Log Server
[44:47:1102/212007.427665:VERBOSE1:multi_log_ct_verifier.cc(75)] Adding CT log: DigiCert Log Server 2
[44:47:1102/212007.427676:VERBOSE1:multi_log_ct_verifier.cc(75)] Adding CT log: DigiCert Yeti2018 Log
[44:47:1102/212007.427687:VERBOSE1:multi_log_ct_verifier.cc(75)] Adding CT log: DigiCert Yeti2019 Log
[44:47:1102/212007.427698:VERBOSE1:multi_log_ct_verifier.cc(75)] Adding CT log: DigiCert Yeti2020 Log
[44:47:1102/212007.427711:VERBOSE1:multi_log_ct_verifier.cc(75)] Adding CT log: DigiCert Yeti2021 Log
[44:47:1102/212007.427722:VERBOSE1:multi_log_ct_verifier.cc(75)] Adding CT log: DigiCert Yeti2022 Log
[44:47:1102/212007.427733:VERBOSE1:multi_log_ct_verifier.cc(75)] Adding CT log: Symantec log
[44:47:1102/212007.427746:VERBOSE1:multi_log_ct_verifier.cc(75)] Adding CT log: Symantec 'Vega' log
[44:47:1102/212007.427757:VERBOSE1:multi_log_ct_verifier.cc(75)] Adding CT log: Symantec 'Sirius' log
[44:47:1102/212007.427774:VERBOSE1:multi_log_ct_verifier.cc(75)] Adding CT log: Venafi Gen2 CT log
[44:47:1102/212007.427785:VERBOSE1:multi_log_ct_verifier.cc(75)] Adding CT log: CNNIC CT log
[44:47:1102/212007.427803:VERBOSE1:multi_log_ct_verifier.cc(75)] Adding CT log: Comodo 'Sabre' CT log
[44:47:1102/212007.427815:VERBOSE1:multi_log_ct_verifier.cc(75)] Adding CT log: Comodo 'Mammoth' CT log
[44:47:1102/212007.427826:VERBOSE1:multi_log_ct_verifier.cc(75)] Adding CT log: StartCom log
[44:47:1102/212007.427838:VERBOSE1:multi_log_ct_verifier.cc(75)] Adding CT log: WoSign log
[44:47:1102/212007.427849:VERBOSE1:multi_log_ct_verifier.cc(75)] Adding CT log: Izenpe log
[44:47:1102/212007.427861:VERBOSE1:multi_log_ct_verifier.cc(75)] Adding CT log: Venafi log
[44:47:1102/212007.427871:VERBOSE1:multi_log_ct_verifier.cc(75)] Adding CT log: Certly.IO log
[44:47:1102/212007.427903:VERBOSE1:proxy_resolution_service.cc(1022)] PAC support disabled because there is no system implementation
[44:44:1102/212007.430269:VERBOSE1:extension_service.cc(1254)] AddComponentExtension Cloud Print
[44:44:1102/212007.430284:VERBOSE1:extension_service.cc(1256)] Component extension Cloud Print (mfehgcgbbipciphmccgaenjidiccnmng) installing/upgrading from '' to 0.1
[44:44:1102/212007.430753:VERBOSE1:extension_service.cc(1254)] AddComponentExtension Web Store
[44:44:1102/212007.430767:VERBOSE1:extension_service.cc(1256)] Component extension Web Store (ahfgeienlihckogmohjhadlkjgocpleb) installing/upgrading from '' to 0.2
[44:44:1102/212007.431201:VERBOSE1:extension_service.cc(1254)] AddComponentExtension Chromium PDF Viewer
[44:44:1102/212007.431215:VERBOSE1:extension_service.cc(1256)] Component extension Chromium PDF Viewer (mhjfbmdgcfjbbpaeojofohoefgiehjai) installing/upgrading from '' to 1
[44:44:1102/212007.432851:VERBOSE1:account_reconcilor.cc(101)] AccountReconcilor::AccountReconcilor
[44:44:1102/212007.432871:VERBOSE1:account_reconcilor.cc(115)] AccountReconcilor::Initialize
[44:44:1102/212007.436381:VERBOSE1:file_type_policies_component_installer.cc(134)] Registering File Type Policies component.
[44:44:1102/212007.437030:WARNING:browser_main_loop.cc(271)] GLib-GObject: g_object_get_valist: object class 'GtkSettings' has no property named 'gtk-application-prefer-dark-theme'
[44:44:1102/212007.456369:WARNING:password_store_factory.cc(250)] Using basic (unencrypted) store for password storage. See https://chromium.googlesource.com/chromium/src/+/master/docs/linux_password_storage.md for more information about password storage options.
[44:47:1102/212007.474158:VERBOSE1:network_delegate.cc(30)] NetworkDelegate::NotifyBeforeURLRequest: data:,
[44:47:1102/212007.474180:VERBOSE1:network_delegate.cc(30)] NetworkDelegate::NotifyBeforeURLRequest: data:,
[44:47:1102/212007.474201:VERBOSE1:network_delegate.cc(30)] NetworkDelegate::NotifyBeforeURLRequest: data:,
[44:44:1102/212007.493035:VERBOSE1:bluez_dbus_manager.cc(174)] Bluetooth not supported.
[44:44:1102/212007.493619:VERBOSE1:gaia_cookie_manager_service.cc(787)] GaiaCookieManagerService::ListAccounts
[44:47:1102/212007.493700:VERBOSE1:network_delegate.cc(30)] NetworkDelegate::NotifyBeforeURLRequest: https://accounts.google.com/ListAccounts?gpsia=1&source=durations_metrics,counter:0,load_time_ms:102&json=standard
[44:47:1102/212007.493727:VERBOSE1:network_delegate.cc(30)] NetworkDelegate::NotifyBeforeURLRequest: https://accounts.google.com/ListAccounts?gpsia=1&source=durations_metrics,counter:0,load_time_ms:102&json=standard
[44:47:1102/212007.493748:VERBOSE1:network_delegate.cc(30)] NetworkDelegate::NotifyBeforeURLRequest: https://accounts.google.com/ListAccounts?gpsia=1&source=durations_metrics,counter:0,load_time_ms:102&json=standard
[44:47:1102/212007.494321:VERBOSE1:mdns_client_impl.cc(160)] Sockets ready:2
[44:82:1102/212007.513859:WARNING:histograms.cc(40)] Started multiple compositor clients (Browser, Renderer) in one process. Some metrics will be disabled.
[44:47:1102/212007.530289:VERBOSE1:network_delegate.cc(30)] NetworkDelegate::NotifyBeforeURLRequest: chrome-extension://aapnijgdinlhnhlmodcfapnahmbfebeb/_generated_background_page.html
[44:47:1102/212007.531486:VERBOSE1:network_delegate.cc(30)] NetworkDelegate::NotifyBeforeURLRequest: chrome-extension://aapnijgdinlhnhlmodcfapnahmbfebeb/_generated_background_page.html
[44:47:1102/212007.531517:VERBOSE1:network_delegate.cc(30)] NetworkDelegate::NotifyBeforeURLRequest: chrome-extension://aapnijgdinlhnhlmodcfapnahmbfebeb/_generated_background_page.html
[44:77:1102/212007.569943:ERROR:bus.cc(394)] Failed to connect to the bus: Address does not contain a colon
[44:62:1102/212007.587889:VERBOSE1:component_installer.cc(252)] StartRegistration for Subresource Filter Rules
[44:62:1102/212007.588078:VERBOSE1:component_installer.cc(252)] StartRegistration for CRLSet
[44:62:1102/212007.588207:VERBOSE1:component_installer.cc(252)] StartRegistration for Signed Tree Heads
[44:62:1102/212007.588422:VERBOSE1:component_installer.cc(252)] StartRegistration for Origin Trials
[44:62:1102/212007.588567:VERBOSE1:component_installer.cc(252)] StartRegistration for File Type Policies
[44:62:1102/212007.588726:VERBOSE1:component_installer.cc(252)] StartRegistration for SSL Error Assistant
[44:62:1102/212007.588958:VERBOSE1:component_installer.cc(252)] StartRegistration for MEI Preload
[44:44:1102/212007.591647:VERBOSE1:component_installer.cc(396)] FinishRegistration for Subresource Filter Rules
[44:44:1102/212007.591687:VERBOSE1:component_updater_service.cc(88)] CrxUpdateService starting up. First update attempt will take place in 360 seconds. Next update attempt will take place in 18000 seconds. 
[44:44:1102/212007.591725:VERBOSE1:component_installer.cc(396)] FinishRegistration for CRLSet
[44:44:1102/212007.591754:VERBOSE1:component_installer.cc(396)] FinishRegistration for Signed Tree Heads
[44:44:1102/212007.591791:VERBOSE1:component_installer.cc(396)] FinishRegistration for Origin Trials
[44:44:1102/212007.591819:VERBOSE1:component_installer.cc(396)] FinishRegistration for File Type Policies
[44:44:1102/212007.591855:VERBOSE1:component_installer.cc(396)] FinishRegistration for SSL Error Assistant
[44:44:1102/212007.591883:VERBOSE1:component_installer.cc(396)] FinishRegistration for MEI Preload
[44:80:1102/212007.608107:ERROR:gles2_command_buffer_stub.cc(129)] ContextResult::kFatalFailure: Failed to create default offscreen surface.
[44:47:1102/212007.651861:VERBOSE1:network_delegate.cc(30)] NetworkDelegate::NotifyBeforeURLRequest: chrome-extension://aapnijgdinlhnhlmodcfapnahmbfebeb/background.js
[44:47:1102/212007.651965:VERBOSE1:network_delegate.cc(30)] NetworkDelegate::NotifyBeforeURLRequest: chrome-extension://aapnijgdinlhnhlmodcfapnahmbfebeb/background.js
[44:47:1102/212007.651988:VERBOSE1:network_delegate.cc(30)] NetworkDelegate::NotifyBeforeURLRequest: chrome-extension://aapnijgdinlhnhlmodcfapnahmbfebeb/background.js
[44:82:1102/212007.657381:VERBOSE1:v8_context_snapshot.cc(139)] A context is created from snapshot for main world
[44:82:1102/212007.667350:VERBOSE1:script_context.cc(91)] Created context:
  extension id:           aapnijgdinlhnhlmodcfapnahmbfebeb
  frame:                  0x32114f831408
  URL:                    
  context_type:           BLESSED_EXTENSION
  effective extension id: aapnijgdinlhnhlmodcfapnahmbfebeb
  effective context type: BLESSED_EXTENSION
[44:82:1102/212007.668690:VERBOSE1:script_context.cc(91)] Created context:
  extension id:           (none)
  frame:                  (nil)
  URL:                    
  context_type:           UNSPECIFIED
  effective extension id: (none)
  effective context type: UNSPECIFIED
[44:47:1102/212007.671803:VERBOSE1:network_delegate.cc(30)] NetworkDelegate::NotifyBeforeURLRequest: https://www.gstatic.com/chrome/intelligence/assist/ranker/models/translate/translate_ranker_20180123.model
[44:47:1102/212007.671829:VERBOSE1:network_delegate.cc(30)] NetworkDelegate::NotifyBeforeURLRequest: https://www.gstatic.com/chrome/intelligence/assist/ranker/models/translate/translate_ranker_20180123.model
[44:68:1102/212007.709129:VERBOSE1:simple_index_file.cc(586)] Simple Cache Index is being restored from disk.
[44:82:1102/212007.712017:VERBOSE1:dispatcher.cc(360)] Num tracked contexts: 1
[44:82:1102/212007.748066:VERBOSE1:v8_context_snapshot.cc(139)] A context is created from snapshot for main world
[44:82:1102/212007.748193:VERBOSE1:script_context.cc(91)] Created context:
  extension id:           (none)
  frame:                  0x32114f821c28
  URL:                    
  context_type:           WEB_PAGE
  effective extension id: (none)
  effective context type: WEB_PAGE
[44:82:1102/212007.748296:VERBOSE1:script_context.cc(91)] Created context:
  extension id:           (none)
  frame:                  (nil)
  URL:                    
  context_type:           UNSPECIFIED
  effective extension id: (none)
  effective context type: UNSPECIFIED
[44:82:1102/212007.749367:VERBOSE1:dispatcher.cc(360)] Num tracked contexts: 2
[44:82:1102/212007.752201:VERBOSE1:language_detection_util.cc(129)] Detected language: und
[44:82:1102/212008.235150:VERBOSE1:v8_context_snapshot.cc(139)] A context is created from snapshot for main world
[44:82:1102/212008.235267:VERBOSE1:script_context.cc(91)] Created context:
  extension id:           (none)
  frame:                  0x32114f83c3c0
  URL:                    
  context_type:           WEB_PAGE
  effective extension id: (none)
  effective context type: WEB_PAGE
[44:82:1102/212008.235341:VERBOSE1:script_context.cc(91)] Created context:
  extension id:           (none)
  frame:                  (nil)
  URL:                    
  context_type:           UNSPECIFIED
  effective extension id: (none)
  effective context type: UNSPECIFIED
[44:82:1102/212008.235921:VERBOSE1:dispatcher.cc(360)] Num tracked contexts: 3
[44:82:1102/212008.252352:VERBOSE1:dispatcher.cc(498)] Num tracked contexts: 2
[44:82:1102/212008.253235:VERBOSE1:script_context.cc(98)] Destroyed context for extension
  extension id: 
  effective extension id: 
[44:82:1102/212008.253265:VERBOSE1:script_context.cc(98)] Destroyed context for extension
  extension id: 
  effective extension id: 
[44:82:1102/212008.267506:VERBOSE1:thread_state.cc(1430)] [state:0x562c570b4ae0] CollectGarbage: time: 14ms stack: NoHeapPointersOnStack marking: AtomicMarking sweeping: LazySweeping reason: IdleGC
[44:47:1102/212008.268239:VERBOSE1:network_delegate.cc(30)] NetworkDelegate::NotifyBeforeURLRequest: data:/,
[44:47:1102/212008.268261:VERBOSE1:network_delegate.cc(30)] NetworkDelegate::NotifyBeforeURLRequest: data:/,
[44:47:1102/212008.268282:VERBOSE1:network_delegate.cc(30)] NetworkDelegate::NotifyBeforeURLRequest: data:/,
[44:82:1102/212008.272689:VERBOSE1:thread_state.cc(1024)] [state:0x562c570b4ae0] PostSweep: collection_rate: 36%
[44:82:1102/212008.275688:VERBOSE1:dispatcher.cc(498)] Num tracked contexts: 1
[44:82:1102/212008.278044:VERBOSE1:v8_context_snapshot.cc(139)] A context is created from snapshot for main world
[44:82:1102/212008.278136:VERBOSE1:script_context.cc(91)] Created context:
  extension id:           (none)
  frame:                  0x32114f821c28
  URL:                    
  context_type:           WEB_PAGE
  effective extension id: (none)
  effective context type: WEB_PAGE
[44:82:1102/212008.278210:VERBOSE1:script_context.cc(91)] Created context:
  extension id:           (none)
  frame:                  (nil)
  URL:                    
  context_type:           UNSPECIFIED
  effective extension id: (none)
  effective context type: UNSPECIFIED
[44:82:1102/212008.278809:VERBOSE1:dispatcher.cc(360)] Num tracked contexts: 2
[44:82:1102/212008.290026:VERBOSE1:script_context.cc(98)] Destroyed context for extension
  extension id: 
  effective extension id: 
[44:82:1102/212008.290061:VERBOSE1:script_context.cc(98)] Destroyed context for extension
  extension id: 
  effective extension id: 
[44:82:1102/212008.293770:VERBOSE1:language_detection_util.cc(129)] Detected language: und
[44:44:1102/212008.755613:VERBOSE1:gaia_cookie_manager_service.cc(650)] ListAccounts successful
[44:44:1102/212008.755636:VERBOSE1:gaia_cookie_manager_service.cc(796)] GaiaCookieManagerService::HandleNextRequest
[44:44:1102/212008.755661:VERBOSE1:gaia_cookie_manager_service.cc(812)] GaiaCookieManagerService::HandleNextRequest: no more
