[2.090][INFO]: COMMAND InitSession {
   "desiredCapabilities": {
      "browserName": "chrome",
      "chromeOptions": {
         "args": [ "--disable-gpu", "--single-process", "--no-sandbox", "--data-path=/tmp/data-path", "--homedir=/tmp/homedir", "--disk-cache-dir=/tmp", "--disk-cache-size=1", "--media-cache-size=1", "--allow-file-access-from-files", "--enable-logging", "--v=1", "--disable-web-security", "--disable-extensions", "--ignore-certificate-errors", "--disable-ntp-most-likely-favicons-from-server", "--disable-ntp-popular-sites", "--window-size=1366,1024", "--disable-infobars", "--disable-dev-shm-usage", "..." ],
         "binary": "/tmp/chrome-lambda/chrome",
         "prefs": {
            "credentials_enable_service": false,
            "profile": {
               "password_manager_enabled": false
            }
         }
      },
      "count": 1
   }
}
[2.090][INFO]: Populating Preferences file: {
   "alternate_error_pages": {
      "enabled": false
   },
   "autofill": {
      "enabled": false
   },
   "browser": {
      "check_default_browser": false
   },
   "credentials_enable_service": false,
   "distribution": {
      "import_bookmarks": false,
      "import_history": false,
      "import_search_engine": false,
      "make_chrome_default_for_user": false,
      "show_welcome_page": false,
      "skip_first_run_ui": true
   },
   "dns_prefetching": {
      "enabled": false
   },
   "profile": {
      "password_manager_enabled": false
   },
   "safebrowsing": {
      "enabled": false
   },
   "search": {
      "suggest_enabled": false
   },
   "translate": {
      "enabled": false
   }
}
[2.090][INFO]: Populating Local State file: {
   "background_mode": {
      "enabled": false
   },
   "ssl": {
      "rev_checking": {
         "enabled": false
      }
   }
}
[2.091][INFO]: Launching chrome: /tmp/chrome-lambda/chrome --allow-file-access-from-files --data-path=/tmp/data-path --disable-background-networking --disable-browser-side-navigation --disable-client-side-phishing-detection --disable-default-apps --disable-dev-shm-usage --disable-extensions --disable-extensions-except=/tmp/.org.chromium.Chromium.Uf2zfQ/internal --disable-gpu --disable-hang-monitor --disable-infobars --disable-ntp-most-likely-favicons-from-server --disable-ntp-popular-sites --disable-popup-blocking --disable-prompt-on-repost --disable-sync --disable-web-resources --disable-web-security --disk-cache-dir=/tmp --disk-cache-size=1 --enable-automation --enable-logging --enable-precise-memory-info --force-fieldtrials=SiteIsolationExtensions/Control --homedir=/tmp/homedir --ignore-certificate-errors --log-level=0 --media-cache-size=1 --metrics-recording-only --no-first-run --no-sandbox --password-store=basic --remote-debugging-port=12802 --safebrowsing-disable-auto-update --single-process --test-type=webdriver --use-mock-keychain --user-data-dir=/tmp/.org.chromium.Chromium.Ef5f9P --v=1 --window-size=1366,1024 data:,
[2.091][DEBUG]: DevTools request: http://localhost:12802/json/version
prctl(PR_SET_NO_NEW_PRIVS) failed
Xlib:  extension "RANDR" missing on display ":99".
[44:56:0830/010435.480351:ERROR:bus.cc(395)] Failed to connect to the bus: Failed to connect to socket /var/run/dbus/system_bus_socket: No such file or directory
Xlib:  extension "RANDR" missing on display ":99".

DevTools listening on ws://127.0.0.1:12802/devtools/browser/47f5a33b-7d1a-4a71-82a5-9cc815b13d45
[3.498][SEVERE]: CreatePlatformSocket() returned an error, errno=1: Operation not permitted (1)
[3.510][DEBUG]: DevTools response: {
   "Browser": "Chrome/63.0.3239.84",
   "Protocol-Version": "1.2",
   "User-Agent": "Mozilla/5.0 (X11; Linux x86_64) AppleWebKit/537.36 (KHTML, like Gecko) Chrome/63.0.3239.84 Safari/537.36",
   "V8-Version": "6.3.292.46",
   "WebKit-Version": "537.36 (@0f53a5abc7a405fbe9f1cfd3db38f2092c8a7816)",
   "webSocketDebuggerUrl": "ws://localhost:12802/devtools/browser/47f5a33b-7d1a-4a71-82a5-9cc815b13d45"
}

[3.518][DEBUG]: DevTools request: http://localhost:12802/json
[3.519][DEBUG]: DevTools response: [ {
   "description": "",
   "devtoolsFrontendUrl": "/devtools/inspector.html?ws=localhost:12802/devtools/page/(5487481561E41E7CBC3DB32BF0197218)",
   "id": "(5487481561E41E7CBC3DB32BF0197218)",
   "title": "",
   "type": "page",
   "url": "data:,",
   "webSocketDebuggerUrl": "ws://localhost:12802/devtools/page/(5487481561E41E7CBC3DB32BF0197218)"
} ]

[3.519][DEBUG]: DevTools request: http://localhost:12802/json
[3.519][DEBUG]: DevTools response: [ {
   "description": "",
   "devtoolsFrontendUrl": "/devtools/inspector.html?ws=localhost:12802/devtools/page/(5487481561E41E7CBC3DB32BF0197218)",
   "id": "(5487481561E41E7CBC3DB32BF0197218)",
   "title": "",
   "type": "page",
   "url": "data:,",
   "webSocketDebuggerUrl": "ws://localhost:12802/devtools/page/(5487481561E41E7CBC3DB32BF0197218)"
} ]

[3.519][INFO]: resolved localhost to ["127.0.0.1"]
[3.530][DEBUG]: DEVTOOLS COMMAND Log.enable (id=1) {

}
[3.531][DEBUG]: DEVTOOLS COMMAND DOM.getDocument (id=2) {

}
[3.531][DEBUG]: DEVTOOLS COMMAND Runtime.enable (id=3) {

}
[3.531][DEBUG]: DEVTOOLS COMMAND Page.enable (id=4) {

}
[3.531][DEBUG]: DEVTOOLS COMMAND Page.enable (id=5) {

}
[44:74:0830/010436.052828:ERROR:io_thread.cc(730)] Cannot use V8 Proxy resolver in single process mode.
[44:74:0830/010436.063681:ERROR:io_thread.cc(730)] Cannot use V8 Proxy resolver in single process mode.
[3.635][DEBUG]: DEVTOOLS RESPONSE Log.enable (id=1) {

}
[3.636][DEBUG]: DEVTOOLS RESPONSE DOM.getDocument (id=2) {
   "root": {
      "backendNodeId": 1,
      "baseURL": "about:blank",
      "childNodeCount": 1,
      "children": [ {
         "attributes": [  ],
         "backendNodeId": 2,
         "childNodeCount": 2,
         "children": [ {
            "attributes": [  ],
            "backendNodeId": 3,
            "childNodeCount": 0,
            "localName": "head",
            "nodeId": 3,
            "nodeName": "HEAD",
            "nodeType": 1,
            "nodeValue": "",
            "parentId": 2
         }, {
            "attributes": [  ],
            "backendNodeId": 4,
            "childNodeCount": 0,
            "localName": "body",
            "nodeId": 4,
            "nodeName": "BODY",
            "nodeType": 1,
            "nodeValue": "",
            "parentId": 2
         } ],
         "frameId": "(5487481561E41E7CBC3DB32BF0197218)",
         "localName": "html",
         "nodeId": 2,
         "nodeName": "HTML",
         "nodeType": 1,
         "nodeValue": "",
         "parentId": 1
      } ],
      "documentURL": "",
      "localName": "",
      "nodeId": 1,
      "nodeName": "#document",
      "nodeType": 9,
      "nodeValue": "",
      "xmlVersion": ""
   }
}
[3.636][DEBUG]: DEVTOOLS RESPONSE Runtime.enable (id=3) {

}
[3.636][DEBUG]: DEVTOOLS RESPONSE Page.enable (id=4) {

}
[3.636][DEBUG]: DEVTOOLS RESPONSE Page.enable (id=5) {

}
[3.636][DEBUG]: DEVTOOLS COMMAND Page.enable (id=6) {

}
[3.680][DEBUG]: DEVTOOLS EVENT Page.lifecycleEvent {
   "frameId": "(5487481561E41E7CBC3DB32BF0197218)",
   "name": "commit",
   "timestamp": 3786.442003
}
[3.680][DEBUG]: DEVTOOLS EVENT Page.frameNavigated {
   "frame": {
      "id": "(5487481561E41E7CBC3DB32BF0197218)",
      "loaderId": "44.1",
      "mimeType": "text/plain",
      "securityOrigin": "://",
      "url": "data:,"
   }
}
[3.680][DEBUG]: DEVTOOLS EVENT DOM.documentUpdated {

}
[3.680][DEBUG]: DEVTOOLS COMMAND DOM.getDocument (id=7) {

}
[3.680][DEBUG]: DEVTOOLS EVENT Runtime.executionContextCreated {
   "context": {
      "auxData": {
         "frameId": "(5487481561E41E7CBC3DB32BF0197218)",
         "isDefault": true
      },
      "id": 1,
      "name": "",
      "origin": "://"
   }
}
[3.680][DEBUG]: DEVTOOLS RESPONSE Page.enable (id=6) {

}
[3.739][DEBUG]: DEVTOOLS EVENT Page.loadEventFired {
   "timestamp": 3786.48175
}
[3.739][DEBUG]: DEVTOOLS EVENT Page.lifecycleEvent {
   "frameId": "(5487481561E41E7CBC3DB32BF0197218)",
   "name": "load",
   "timestamp": 3786.48175
}
[3.739][DEBUG]: DEVTOOLS EVENT Page.frameStoppedLoading {
   "frameId": "(5487481561E41E7CBC3DB32BF0197218)"
}
[3.739][DEBUG]: DEVTOOLS EVENT Page.domContentEventFired {
   "timestamp": 3786.482199
}
[3.739][DEBUG]: DEVTOOLS EVENT Page.lifecycleEvent {
   "frameId": "(5487481561E41E7CBC3DB32BF0197218)",
   "name": "DOMContentLoaded",
   "timestamp": 3786.482199
}
[3.739][DEBUG]: DEVTOOLS EVENT DOM.documentUpdated {

}
[3.739][DEBUG]: DEVTOOLS COMMAND DOM.getDocument (id=8) {

}
[3.741][DEBUG]: DEVTOOLS RESPONSE DOM.getDocument (id=7) {
   "root": {
      "backendNodeId": 5,
      "baseURL": "data:,",
      "childNodeCount": 1,
      "children": [ {
         "attributes": [  ],
         "backendNodeId": 6,
         "childNodeCount": 2,
         "children": [ {
            "attributes": [  ],
            "backendNodeId": 7,
            "childNodeCount": 0,
            "localName": "head",
            "nodeId": 7,
            "nodeName": "HEAD",
            "nodeType": 1,
            "nodeValue": "",
            "parentId": 6
         }, {
            "attributes": [  ],
            "backendNodeId": 8,
            "childNodeCount": 1,
            "localName": "body",
            "nodeId": 8,
            "nodeName": "BODY",
            "nodeType": 1,
            "nodeValue": "",
            "parentId": 6
         } ],
         "frameId": "(5487481561E41E7CBC3DB32BF0197218)",
         "localName": "html",
         "nodeId": 6,
         "nodeName": "HTML",
         "nodeType": 1,
         "nodeValue": "",
         "parentId": 5
      } ],
      "documentURL": "data:,",
      "localName": "",
      "nodeId": 5,
      "nodeName": "#document",
      "nodeType": 9,
      "nodeValue": "",
      "xmlVersion": ""
   }
}
[3.741][DEBUG]: DEVTOOLS RESPONSE DOM.getDocument (id=8) {
   "root": {
      "backendNodeId": 5,
      "baseURL": "data:,",
      "childNodeCount": 1,
      "children": [ {
         "attributes": [  ],
         "backendNodeId": 6,
         "childNodeCount": 2,
         "children": [ {
            "attributes": [  ],
            "backendNodeId": 7,
            "childNodeCount": 0,
            "localName": "head",
            "nodeId": 11,
            "nodeName": "HEAD",
            "nodeType": 1,
            "nodeValue": "",
            "parentId": 10
         }, {
            "attributes": [  ],
            "backendNodeId": 8,
            "childNodeCount": 1,
            "localName": "body",
            "nodeId": 12,
            "nodeName": "BODY",
            "nodeType": 1,
            "nodeValue": "",
            "parentId": 10
         } ],
         "frameId": "(5487481561E41E7CBC3DB32BF0197218)",
         "localName": "html",
         "nodeId": 10,
         "nodeName": "HTML",
         "nodeType": 1,
         "nodeValue": "",
         "parentId": 9
      } ],
      "documentURL": "data:,",
      "localName": "",
      "nodeId": 9,
      "nodeName": "#document",
      "nodeType": 9,
      "nodeValue": "",
      "xmlVersion": ""
   }
}
[3.741][DEBUG]: DEVTOOLS COMMAND Runtime.enable (id=9) {

}
[3.753][DEBUG]: DEVTOOLS RESPONSE Runtime.enable (id=9) {

}
[3.754][DEBUG]: DEVTOOLS COMMAND Runtime.evaluate (id=10) {
   "expression": "(function() { // Copyright (c) 2012 The Chromium Authors. All rights reserved.\n// Use of this source code is governed by a BSD-style license that can be\n// found in the LICENSE file.\n\n/**\n * Enum f...",
   "returnByValue": true
}
[3.763][DEBUG]: DEVTOOLS RESPONSE Runtime.evaluate (id=10) {
   "result": {
      "type": "object",
      "value": {
         "status": 0,
         "value": 1
      }
   }
}
[3.763][INFO]: RESPONSE InitSession {
   "acceptSslCerts": true,
   "applicationCacheEnabled": false,
   "browserConnectionEnabled": false,
   "browserName": "chrome",
   "chrome": {
      "chromedriverVersion": "2.33.506092 (733a02544d189eeb751fe0d7ddca79a0ee28cce4)",
      "userDataDir": "/tmp/.org.chromium.Chromium.Ef5f9P"
   },
   "cssSelectorsEnabled": true,
   "databaseEnabled": false,
   "handlesAlerts": true,
   "hasTouchScreen": false,
   "javascriptEnabled": true,
   "locationContextEnabled": true,
   "mobileEmulationEnabled": false,
   "nativeEvents": true,
   "networkConnectionEnabled": false,
   "pageLoadStrategy": "normal",
   "platform": "Linux",
   "rotatable": false,
   "setWindowRect": true,
   "takesHeapSnapshot": true,
   "~~~": "..."
}
[3.789][INFO]: COMMAND SetTimeout {
   "script": 11000
}
[3.791][INFO]: RESPONSE SetTimeout unknown error: 'ms' must be a double
  (Session info: chrome=63.0.3239.84)
[3.814][INFO]: COMMAND SetTimeout {
   "ms": 11000,
   "type": "script"
}
[3.814][INFO]: RESPONSE SetTimeout
[4.109][INFO]: COMMAND SetTimeout {
   "pageLoad": 30000
}
[4.112][INFO]: RESPONSE SetTimeout unknown error: 'ms' must be a double
  (Session info: chrome=63.0.3239.84)
[4.117][INFO]: COMMAND SetTimeout {
   "ms": 30000,
   "type": "page load"
}
[4.117][INFO]: RESPONSE SetTimeout
[4.138][INFO]: COMMAND Navigate {
   "url": "data:/,"
}
[4.138][INFO]: Waiting for pending navigations...
[4.138][DEBUG]: DEVTOOLS COMMAND Runtime.evaluate (id=11) {
   "expression": "1"
}
[4.139][DEBUG]: DEVTOOLS RESPONSE Runtime.evaluate (id=11) {
   "result": {
      "description": "1",
      "type": "number",
      "value": 1
   }
}
[4.139][INFO]: Done waiting for pending navigations. Status: ok
[4.139][DEBUG]: DEVTOOLS COMMAND Page.navigate (id=12) {
   "url": "data:/,"
}
[4.157][DEBUG]: DEVTOOLS EVENT Page.frameStartedLoading {
   "frameId": "(5487481561E41E7CBC3DB32BF0197218)"
}
[4.159][DEBUG]: DEVTOOLS EVENT Runtime.executionContextDestroyed {
   "executionContextId": 1
}
[4.159][DEBUG]: DEVTOOLS EVENT Runtime.executionContextsCleared {

}
[4.159][DEBUG]: DEVTOOLS EVENT Page.lifecycleEvent {
   "frameId": "(5487481561E41E7CBC3DB32BF0197218)",
   "name": "commit",
   "timestamp": 3786.93101
}
[4.159][DEBUG]: DEVTOOLS EVENT Page.frameNavigated {
   "frame": {
      "id": "(5487481561E41E7CBC3DB32BF0197218)",
      "loaderId": "44.2",
      "mimeType": "text/plain",
      "securityOrigin": "://",
      "url": "data:/,"
   }
}
[4.159][DEBUG]: DEVTOOLS EVENT Runtime.executionContextCreated {
   "context": {
      "auxData": {
         "frameId": "(5487481561E41E7CBC3DB32BF0197218)",
         "isDefault": true
      },
      "id": 3,
      "name": "",
      "origin": "://"
   }
}
[4.159][DEBUG]: DEVTOOLS EVENT DOM.documentUpdated {

}
[4.159][DEBUG]: DEVTOOLS COMMAND DOM.getDocument (id=13) {

}
[4.217][DEBUG]: DEVTOOLS EVENT Page.loadEventFired {
   "timestamp": 3786.945792
}
[4.217][DEBUG]: DEVTOOLS EVENT Page.lifecycleEvent {
   "frameId": "(5487481561E41E7CBC3DB32BF0197218)",
   "name": "load",
   "timestamp": 3786.945792
}
[4.217][DEBUG]: DEVTOOLS EVENT Page.frameStoppedLoading {
   "frameId": "(5487481561E41E7CBC3DB32BF0197218)"
}
[4.217][DEBUG]: DEVTOOLS EVENT Page.domContentEventFired {
   "timestamp": 3786.946281
}
[4.217][DEBUG]: DEVTOOLS EVENT Page.lifecycleEvent {
   "frameId": "(5487481561E41E7CBC3DB32BF0197218)",
   "name": "DOMContentLoaded",
   "timestamp": 3786.946281
}
[4.217][DEBUG]: DEVTOOLS EVENT DOM.documentUpdated {

}
[4.217][DEBUG]: DEVTOOLS COMMAND DOM.getDocument (id=14) {

}
[4.218][DEBUG]: DEVTOOLS RESPONSE Page.navigate (id=12) {
   "frameId": "(5487481561E41E7CBC3DB32BF0197218)"
}
[4.218][DEBUG]: DEVTOOLS COMMAND Runtime.evaluate (id=15) {
   "expression": "document.URL"
}
[4.218][DEBUG]: DEVTOOLS RESPONSE DOM.getDocument (id=13) {
   "root": {
      "backendNodeId": 10,
      "baseURL": "data:/,",
      "childNodeCount": 1,
      "children": [ {
         "attributes": [  ],
         "backendNodeId": 11,
         "childNodeCount": 2,
         "children": [ {
            "attributes": [  ],
            "backendNodeId": 12,
            "childNodeCount": 0,
            "localName": "head",
            "nodeId": 15,
            "nodeName": "HEAD",
            "nodeType": 1,
            "nodeValue": "",
            "parentId": 14
         }, {
            "attributes": [  ],
            "backendNodeId": 13,
            "childNodeCount": 1,
            "localName": "body",
            "nodeId": 16,
            "nodeName": "BODY",
            "nodeType": 1,
            "nodeValue": "",
            "parentId": 14
         } ],
         "frameId": "(5487481561E41E7CBC3DB32BF0197218)",
         "localName": "html",
         "nodeId": 14,
         "nodeName": "HTML",
         "nodeType": 1,
         "nodeValue": "",
         "parentId": 13
      } ],
      "documentURL": "data:/,",
      "localName": "",
      "nodeId": 13,
      "nodeName": "#document",
      "nodeType": 9,
      "nodeValue": "",
      "xmlVersion": ""
   }
}
[4.219][DEBUG]: DEVTOOLS RESPONSE DOM.getDocument (id=14) {
   "root": {
      "backendNodeId": 10,
      "baseURL": "data:/,",
      "childNodeCount": 1,
      "children": [ {
         "attributes": [  ],
         "backendNodeId": 11,
         "childNodeCount": 2,
         "children": [ {
            "attributes": [  ],
            "backendNodeId": 12,
            "childNodeCount": 0,
            "localName": "head",
            "nodeId": 19,
            "nodeName": "HEAD",
            "nodeType": 1,
            "nodeValue": "",
            "parentId": 18
         }, {
            "attributes": [  ],
            "backendNodeId": 13,
            "childNodeCount": 1,
            "localName": "body",
            "nodeId": 20,
            "nodeName": "BODY",
            "nodeType": 1,
            "nodeValue": "",
            "parentId": 18
         } ],
         "frameId": "(5487481561E41E7CBC3DB32BF0197218)",
         "localName": "html",
         "nodeId": 18,
         "nodeName": "HTML",
         "nodeType": 1,
         "nodeValue": "",
         "parentId": 17
      } ],
      "documentURL": "data:/,",
      "localName": "",
      "nodeId": 17,
      "nodeName": "#document",
      "nodeType": 9,
      "nodeValue": "",
      "xmlVersion": ""
   }
}
[4.240][DEBUG]: DEVTOOLS RESPONSE Runtime.evaluate (id=15) {
   "result": {
      "type": "string",
      "value": "data:/,"
   }
}
[4.240][INFO]: Waiting for pending navigations...
[4.240][DEBUG]: DEVTOOLS COMMAND Runtime.evaluate (id=16) {
   "expression": "1"
}
[4.261][DEBUG]: DEVTOOLS RESPONSE Runtime.evaluate (id=16) {
   "result": {
      "description": "1",
      "type": "number",
      "value": 1
   }
}
[4.261][DEBUG]: DEVTOOLS COMMAND DOM.getDocument (id=17) {

}
[4.274][DEBUG]: DEVTOOLS RESPONSE DOM.getDocument (id=17) {
   "root": {
      "backendNodeId": 10,
      "baseURL": "data:/,",
      "childNodeCount": 1,
      "children": [ {
         "attributes": [  ],
         "backendNodeId": 11,
         "childNodeCount": 2,
         "children": [ {
            "attributes": [  ],
            "backendNodeId": 12,
            "childNodeCount": 0,
            "localName": "head",
            "nodeId": 23,
            "nodeName": "HEAD",
            "nodeType": 1,
            "nodeValue": "",
            "parentId": 22
         }, {
            "attributes": [  ],
            "backendNodeId": 13,
            "childNodeCount": 1,
            "localName": "body",
            "nodeId": 24,
            "nodeName": "BODY",
            "nodeType": 1,
            "nodeValue": "",
            "parentId": 22
         } ],
         "frameId": "(5487481561E41E7CBC3DB32BF0197218)",
         "localName": "html",
         "nodeId": 22,
         "nodeName": "HTML",
         "nodeType": 1,
         "nodeValue": "",
         "parentId": 21
      } ],
      "documentURL": "data:/,",
      "localName": "",
      "nodeId": 21,
      "nodeName": "#document",
      "nodeType": 9,
      "nodeValue": "",
      "xmlVersion": ""
   }
}
[4.274][DEBUG]: DEVTOOLS COMMAND Runtime.evaluate (id=18) {
   "expression": "var isLoaded = document.readyState == 'complete' ||    document.readyState == 'interactive';if (isLoaded) {  var frame = document.createElement('iframe');  frame.name = 'chromedriver dummy frame'; ..."
}
[4.310][DEBUG]: DEVTOOLS EVENT DOM.childNodeCountUpdated {
   "childNodeCount": 2,
   "nodeId": 24
}
[4.310][DEBUG]: DEVTOOLS EVENT Page.frameAttached {
   "frameId": "(D31B1AD99365792B82E78D8BA22B5D6C)",
   "parentFrameId": "(5487481561E41E7CBC3DB32BF0197218)",
   "stack": {
      "callFrames": [ {
         "columnNumber": 240,
         "functionName": "",
         "lineNumber": 0,
         "scriptId": "39",
         "url": ""
      } ]
   }
}
[4.310][DEBUG]: DEVTOOLS EVENT Page.lifecycleEvent {
   "frameId": "(D31B1AD99365792B82E78D8BA22B5D6C)",
   "name": "DOMContentLoaded",
   "timestamp": 3787.066423
}
[4.310][DEBUG]: DEVTOOLS EVENT Page.frameStartedLoading {
   "frameId": "(D31B1AD99365792B82E78D8BA22B5D6C)"
}
[4.310][DEBUG]: DEVTOOLS EVENT Page.lifecycleEvent {
   "frameId": "(D31B1AD99365792B82E78D8BA22B5D6C)",
   "name": "commit",
   "timestamp": 3787.066682
}
[4.310][DEBUG]: DEVTOOLS EVENT Page.frameNavigated {
   "frame": {
      "id": "(D31B1AD99365792B82E78D8BA22B5D6C)",
      "loaderId": "44.3",
      "mimeType": "text/html",
      "name": "chromedriver dummy frame",
      "parentId": "(5487481561E41E7CBC3DB32BF0197218)",
      "securityOrigin": "://",
      "url": "about:blank"
   }
}
[4.310][DEBUG]: DEVTOOLS EVENT Runtime.executionContextCreated {
   "context": {
      "auxData": {
         "frameId": "(D31B1AD99365792B82E78D8BA22B5D6C)",
         "isDefault": true
      },
      "id": 4,
      "name": "",
      "origin": "://"
   }
}
[4.310][DEBUG]: DEVTOOLS EVENT Page.lifecycleEvent {
   "frameId": "(D31B1AD99365792B82E78D8BA22B5D6C)",
   "name": "load",
   "timestamp": 3787.071271
}
[4.310][DEBUG]: DEVTOOLS EVENT Page.frameStoppedLoading {
   "frameId": "(D31B1AD99365792B82E78D8BA22B5D6C)"
}
[4.310][DEBUG]: DEVTOOLS EVENT Page.lifecycleEvent {
   "frameId": "(D31B1AD99365792B82E78D8BA22B5D6C)",
   "name": "DOMContentLoaded",
   "timestamp": 3787.071352
}
[4.310][DEBUG]: DEVTOOLS RESPONSE Runtime.evaluate (id=18) {
   "result": {
      "description": "1",
      "type": "number",
      "value": 1
   }
}
[4.310][INFO]: Done waiting for pending navigations. Status: ok
[4.310][INFO]: RESPONSE Navigate
[4.335][INFO]: COMMAND ExecuteScript {
   "args": [ "protractor_sync-test-area", {
      "innerHtml": "\u003Cspan class=\"element-does-exist\">\u003C/span>"
   } ],
   "script": "return (function (id, _options) {\n        var existing = document.querySelector('#' + id);\n        if (existing) {\n            existing.parentNode.removeChild(existing);\n        }\n        var testA..."
}
[4.335][DEBUG]: DEVTOOLS EVENT Page.lifecycleEvent {
   "frameId": "(5487481561E41E7CBC3DB32BF0197218)",
   "name": "firstPaint",
   "timestamp": 3787.081773
}
[4.335][DEBUG]: DEVTOOLS EVENT Page.lifecycleEvent {
   "frameId": "(5487481561E41E7CBC3DB32BF0197218)",
   "name": "firstMeaningfulPaintCandidate",
   "timestamp": 3787.081776
}
[4.335][DEBUG]: DEVTOOLS EVENT DOM.childNodeCountUpdated {
   "childNodeCount": 1,
   "nodeId": 24
}
[4.335][DEBUG]: DEVTOOLS EVENT Runtime.executionContextDestroyed {
   "executionContextId": 4
}
[4.335][DEBUG]: DEVTOOLS EVENT Page.frameDetached {
   "frameId": "(D31B1AD99365792B82E78D8BA22B5D6C)"
}
[4.335][INFO]: Waiting for pending navigations...
[4.335][DEBUG]: DEVTOOLS COMMAND Runtime.evaluate (id=19) {
   "expression": "1"
}
[4.336][DEBUG]: DEVTOOLS RESPONSE Runtime.evaluate (id=19) {
   "result": {
      "description": "1",
      "type": "number",
      "value": 1
   }
}
[4.336][INFO]: Done waiting for pending navigations. Status: ok
[4.337][DEBUG]: DEVTOOLS COMMAND Runtime.evaluate (id=20) {
   "expression": "(function() { // Copyright (c) 2012 The Chromium Authors. All rights reserved.\n// Use of this source code is governed by a BSD-style license that can be\n// found in the LICENSE file.\n\n/**\n * Enum f...",
   "returnByValue": true
}
[4.339][DEBUG]: DEVTOOLS EVENT DOM.childNodeCountUpdated {
   "childNodeCount": 2,
   "nodeId": 24
}
[4.339][DEBUG]: DEVTOOLS RESPONSE Runtime.evaluate (id=20) {
   "result": {
      "type": "object",
      "value": {
         "status": 0,
         "value": null
      }
   }
}
[4.339][INFO]: Waiting for pending navigations...
[4.339][DEBUG]: DEVTOOLS COMMAND Runtime.evaluate (id=21) {
   "expression": "1"
}
[4.340][DEBUG]: DEVTOOLS RESPONSE Runtime.evaluate (id=21) {
   "result": {
      "description": "1",
      "type": "number",
      "value": 1
   }
}
[4.340][INFO]: Done waiting for pending navigations. Status: ok
[4.340][INFO]: RESPONSE ExecuteScript null
[4.359][INFO]: COMMAND FindElements {
   "using": "css selector",
   "value": "#protractor_sync-test-area"
}
[4.359][INFO]: Waiting for pending navigations...
[4.359][DEBUG]: DEVTOOLS COMMAND Runtime.evaluate (id=22) {
   "expression": "1"
}
[4.360][DEBUG]: DEVTOOLS RESPONSE Runtime.evaluate (id=22) {
   "result": {
      "description": "1",
      "type": "number",
      "value": 1
   }
}
[4.360][INFO]: Done waiting for pending navigations. Status: ok
[4.362][DEBUG]: DEVTOOLS COMMAND Runtime.evaluate (id=23) {
   "expression": "(function() { // Copyright (c) 2012 The Chromium Authors. All rights reserved.\n// Use of this source code is governed by a BSD-style license that can be\n// found in the LICENSE file.\n\n/**\n * Enum f...",
   "returnByValue": true
}
[4.372][DEBUG]: DEVTOOLS RESPONSE Runtime.evaluate (id=23) {
   "result": {
      "type": "object",
      "value": {
         "status": 0,
         "value": [ {
            "ELEMENT": "0.3008876655328716-1"
         } ]
      }
   }
}
[4.372][INFO]: Waiting for pending navigations...
[4.372][DEBUG]: DEVTOOLS COMMAND Runtime.evaluate (id=24) {
   "expression": "1"
}
[4.372][DEBUG]: DEVTOOLS RESPONSE Runtime.evaluate (id=24) {
   "result": {
      "description": "1",
      "type": "number",
      "value": 1
   }
}
[4.372][INFO]: Done waiting for pending navigations. Status: ok
[4.372][INFO]: RESPONSE FindElements [ {
   "ELEMENT": "0.3008876655328716-1"
} ]
[4.410][INFO]: COMMAND Screenshot {

}
[4.410][INFO]: Waiting for pending navigations...
[4.410][DEBUG]: DEVTOOLS COMMAND Runtime.evaluate (id=25) {
   "expression": "1"
}
[4.411][DEBUG]: DEVTOOLS RESPONSE Runtime.evaluate (id=25) {
   "result": {
      "description": "1",
      "type": "number",
      "value": 1
   }
}
[4.411][INFO]: Done waiting for pending navigations. Status: ok
[4.411][DEBUG]: DevTools request: http://localhost:12802/json/activate/(5487481561E41E7CBC3DB32BF0197218)
[4.411][DEBUG]: DevTools response: Target activated
[4.411][DEBUG]: DEVTOOLS COMMAND Page.captureScreenshot (id=26) {

}
[4.535][DEBUG]: DEVTOOLS RESPONSE Page.captureScreenshot (id=26) {
   "data": "iVBORw0KGgoAAAANSUhEUgAABVYAAAO+CAYAAADv/k7HAAAcJklEQVR4nOzYwQ3AIBDAsNL9dz5WIC+EZE+Qd9bMzAcAAAAAwLH/dgAAAAAAwGuMVQAAAACAyFgFAAAAAIiMVQAAAACAyFgFAAAAAIiMVQAAAACAyFgFAAAAAIiMVQAAAACAyFgFAAAAAIiMVQAAA..."
}
[4.535][INFO]: Waiting for pending navigations...
[4.535][DEBUG]: DEVTOOLS COMMAND Runtime.evaluate (id=27) {
   "expression": "1"
}
[4.540][DEBUG]: DEVTOOLS RESPONSE Runtime.evaluate (id=27) {
   "result": {
      "description": "1",
      "type": "number",
      "value": 1
   }
}
[4.540][INFO]: Done waiting for pending navigations. Status: ok
[4.540][INFO]: RESPONSE Screenshot "iVBORw0KGgoAAAANSUhEUgAABVYAAAO+CAYAAADv/k7HAAAcJklEQVR4nOzYwQ3AIBDAsNL9dz5WIC+EZE+Qd9bMzAcAAAAAwLH/dgAAAAAAwGuMVQAAAACAyFgFAAAAAIiMVQAAAACAyFgFAAAAAIiMVQAAAACAyFgFAAAAAIiMVQAAAACAyFgFAAAAAIiMVQAAA..."
[4.559][INFO]: COMMAND Quit {

}
[4.609][INFO]: RESPONSE Quit
[4.609][DEBUG]: Log type 'driver' lost 0 entries on destruction
[4.609][DEBUG]: Log type 'browser' lost 0 entries on destruction
