[51:51:1102/205612.871158:VERBOSE1:breakpad_linux.cc(1980)] Breakpad disabled
[51:56:1102/205612.932285:ERROR:bus.cc(395)] Failed to connect to the bus: Failed to connect to socket /var/run/dbus/system_bus_socket: No such file or directory
[51:51:1102/205614.025023:VERBOSE1:pref_proxy_config_tracker_impl.cc(154)] 0x1e87fcff0580: set chrome proxy config service to 0x1e87fd0d1c00
[51:51:1102/205614.053391:VERBOSE1:pulse_stubs.cc(683)] dlopen(libpulse.so.0) failed, dlerror() says:
libpulse.so.0: cannot open shared object file: No such file or directory
[51:51:1102/205614.058165:VERBOSE1:pulse_util.cc(106)] Failed on loading the Pulse library and symbols
[51:74:1102/205614.071981:ERROR:nss_util.cc(650)] Error initializing NSS with a persistent database (sql:/tmp/homedir/.pki/nssdb): NSS error code: -8023
[51:74:1102/205614.072021:VERBOSE1:nss_util.cc(656)] Initializing NSS without a persistent database.
[51:74:1102/205614.072118:ERROR:nss_util.cc(154)] Error initializing NSS without a persistent database: NSS error code: -8023
[51:51:1102/205614.097775:VERBOSE1:mutable_profile_oauth2_token_service_delegate.cc(162)] MutablePO2TS::MutablePO2TS
[51:51:1102/205614.097869:VERBOSE1:device_event_log_impl.cc(158)] [20:56:14.097] Bluetooth: EVENT: bluetooth_api.cc:68 BluetoothAPI: 0x1e87fd158400
[51:51:1102/205614.098124:VERBOSE1:bluetooth_low_energy_event_router.cc(248)] Initializing BluetoothLowEnergyEventRouter.
[51:51:1102/205614.146129:VERBOSE1:pref_proxy_config_tracker_impl.cc(154)] 0x1e87fd24f000: set chrome proxy config service to 0x1e87fd157180
[51:51:1102/205614.161377:VERBOSE1:extension_service.cc(1403)] AddComponentExtension Cloud Print
[51:51:1102/205614.161394:VERBOSE1:extension_service.cc(1405)] Component extension Cloud Print (mfehgcgbbipciphmccgaenjidiccnmng) installing/upgrading from '' to 0.1
[51:51:1102/205614.161877:VERBOSE1:extension_service.cc(1403)] AddComponentExtension Web Store
[51:51:1102/205614.161889:VERBOSE1:extension_service.cc(1405)] Component extension Web Store (ahfgeienlihckogmohjhadlkjgocpleb) installing/upgrading from '' to 0.2
[51:51:1102/205614.162239:VERBOSE1:extension_service.cc(1403)] AddComponentExtension Chromium PDF Viewer
[51:51:1102/205614.162250:VERBOSE1:extension_service.cc(1405)] Component extension Chromium PDF Viewer (mhjfbmdgcfjbbpaeojofohoefgiehjai) installing/upgrading from '' to 1
[51:51:1102/205614.163592:VERBOSE1:account_reconcilor.cc(88)] AccountReconcilor::AccountReconcilor
[51:51:1102/205614.163603:VERBOSE1:account_reconcilor.cc(99)] AccountReconcilor::Initialize
[51:61:1102/205614.171665:VERBOSE1:component_installer.cc(244)] StartRegistration for Signed Tree Heads
[51:61:1102/205614.171800:VERBOSE1:component_installer.cc(244)] StartRegistration for Origin Trials
[51:51:1102/205614.171889:VERBOSE1:file_type_policies_component_installer.cc(129)] Registering File Type Policies component.
[51:61:1102/205614.171928:VERBOSE1:component_installer.cc(244)] StartRegistration for File Type Policies
[51:61:1102/205614.184291:VERBOSE1:component_installer.cc(244)] StartRegistration for SSL Error Assistant
[51:74:1102/205614.072132:FATAL:nss_util.cc(156)] nss_error=-8023, os_error=0
#0 0x5628ff6d4a87 base::debug::StackTrace::StackTrace()
#1 0x5628ff6eb221 logging::LogMessage::~LogMessage()
#2 0x5628fffa0b43 base::LazyInstance<>::Get()
#3 0x5628ffdc9bb5 net::CertDatabase::GetInstance()
#4 0x5628fff087d8 net::ClientSocketFactory::GetDefaultFactory()
#5 0x5628ffe21ac8 net::DnsClient::CreateClient()
#6 0x5628ff4b564a chrome_browser_net::DnsProbeService::SetSystemClientToCurrentConfig()
#7 0x5628ff4b55b2 chrome_browser_net::DnsProbeService::DnsProbeService()
#8 0x5628ff48089d IOThread::Init()
#9 0x5628fe53e95d content::BrowserProcessSubThread::Init()
#10 0x5628ff73ac07 base::Thread::ThreadMain()
#11 0x5628ff735ea3 base::(anonymous namespace)::ThreadFunc()
#12 0x7f9e9f3ebde5 start_thread
#13 0x7f9e9953130d __clone

