[44:44:0830/010435.126359:VERBOSE1:breakpad_linux.cc(1980)] Breakpad disabled
[44:56:0830/010435.480351:ERROR:bus.cc(395)] Failed to connect to the bus: Failed to connect to socket /var/run/dbus/system_bus_socket: No such file or directory
[44:44:0830/010435.505224:VERBOSE1:pref_proxy_config_tracker_impl.cc(154)] 0x17c64a782580: set chrome proxy config service to 0x17c64a85bc00
[44:44:0830/010435.531687:VERBOSE1:pulse_stubs.cc(683)] dlopen(libpulse.so.0) failed, dlerror() says:
libpulse.so.0: cannot open shared object file: No such file or directory
[44:44:0830/010435.531715:VERBOSE1:pulse_util.cc(106)] Failed on loading the Pulse library and symbols
[44:44:0830/010435.543537:VERBOSE1:mutable_profile_oauth2_token_service_delegate.cc(162)] MutablePO2TS::MutablePO2TS
[44:44:0830/010435.543644:VERBOSE1:device_event_log_impl.cc(158)] [01:04:35.543] Bluetooth: EVENT: bluetooth_api.cc:68 BluetoothAPI: 0x17c64a8c9200
[44:44:0830/010435.550423:VERBOSE1:bluetooth_low_energy_event_router.cc(248)] Initializing BluetoothLowEnergyEventRouter.
[44:44:0830/010435.600426:VERBOSE1:pref_proxy_config_tracker_impl.cc(154)] 0x17c64a9f6000: set chrome proxy config service to 0x17c64a904180
[44:44:0830/010435.614498:VERBOSE1:extension_service.cc(1403)] AddComponentExtension Cloud Print
[44:44:0830/010435.614516:VERBOSE1:extension_service.cc(1405)] Component extension Cloud Print (mfehgcgbbipciphmccgaenjidiccnmng) installing/upgrading from '' to 0.1
[44:44:0830/010435.616619:VERBOSE1:extension_service.cc(1403)] AddComponentExtension Web Store
[44:44:0830/010435.616636:VERBOSE1:extension_service.cc(1405)] Component extension Web Store (ahfgeienlihckogmohjhadlkjgocpleb) installing/upgrading from '' to 0.2
[44:44:0830/010435.617117:VERBOSE1:extension_service.cc(1403)] AddComponentExtension Chromium PDF Viewer
[44:44:0830/010435.617132:VERBOSE1:extension_service.cc(1405)] Component extension Chromium PDF Viewer (mhjfbmdgcfjbbpaeojofohoefgiehjai) installing/upgrading from '' to 1
[44:44:0830/010435.630661:VERBOSE1:account_reconcilor.cc(88)] AccountReconcilor::AccountReconcilor
[44:44:0830/010435.630677:VERBOSE1:account_reconcilor.cc(99)] AccountReconcilor::Initialize
[44:44:0830/010435.637746:VERBOSE1:file_type_policies_component_installer.cc(129)] Registering File Type Policies component.
[44:61:0830/010435.650062:VERBOSE1:component_installer.cc(244)] StartRegistration for Signed Tree Heads
[44:61:0830/010435.650188:VERBOSE1:component_installer.cc(244)] StartRegistration for Origin Trials
[44:61:0830/010435.650269:VERBOSE1:component_installer.cc(244)] StartRegistration for File Type Policies
[44:61:0830/010435.650348:VERBOSE1:component_installer.cc(244)] StartRegistration for SSL Error Assistant
[44:44:0830/010435.698697:WARNING:password_store_factory.cc(241)] Using basic (unencrypted) store for password storage. See https://chromium.googlesource.com/chromium/src/+/master/docs/linux_password_storage.md for more information about password storage options.
[44:44:0830/010435.773421:VERBOSE1:bluez_dbus_manager.cc(172)] Bluetooth not supported.
[44:44:0830/010435.784720:VERBOSE1:component_updater_service.cc(91)] CrxUpdateService starting up. First update attempt will take place in 360 seconds. Next update attempt will take place in 18000 seconds. 
[44:44:0830/010435.784748:VERBOSE1:component_installer.cc(378)] FinishRegistration for Signed Tree Heads
[44:44:0830/010435.784760:VERBOSE1:component_installer.cc(378)] FinishRegistration for Origin Trials
[44:44:0830/010435.784772:VERBOSE1:component_installer.cc(378)] FinishRegistration for File Type Policies
[44:44:0830/010435.784783:VERBOSE1:component_installer.cc(378)] FinishRegistration for SSL Error Assistant
[44:85:0830/010435.797632:WARNING:histograms.cc(40)] Started multiple compositor clients (Browser, Renderer) in one process. Some metrics will be disabled.
[44:74:0830/010436.052654:VERBOSE1:multi_log_ct_verifier.cc(75)] Adding CT log: Google 'Aviator' log
[44:74:0830/010436.052679:VERBOSE1:multi_log_ct_verifier.cc(75)] Adding CT log: Google 'Icarus' log
[44:74:0830/010436.052688:VERBOSE1:multi_log_ct_verifier.cc(75)] Adding CT log: Google 'Pilot' log
[44:74:0830/010436.052706:VERBOSE1:multi_log_ct_verifier.cc(75)] Adding CT log: Google 'Rocketeer' log
[44:74:0830/010436.052713:VERBOSE1:multi_log_ct_verifier.cc(75)] Adding CT log: Google 'Skydiver' log
[44:74:0830/010436.052721:VERBOSE1:multi_log_ct_verifier.cc(75)] Adding CT log: DigiCert Log Server
[44:74:0830/010436.052728:VERBOSE1:multi_log_ct_verifier.cc(75)] Adding CT log: DigiCert Log Server 2
[44:74:0830/010436.052736:VERBOSE1:multi_log_ct_verifier.cc(75)] Adding CT log: Symantec log
[44:74:0830/010436.052743:VERBOSE1:multi_log_ct_verifier.cc(75)] Adding CT log: Symantec 'Vega' log
[44:74:0830/010436.052750:VERBOSE1:multi_log_ct_verifier.cc(75)] Adding CT log: Symantec 'Sirius' log
[44:74:0830/010436.052757:VERBOSE1:multi_log_ct_verifier.cc(75)] Adding CT log: WoSign log
[44:74:0830/010436.052766:VERBOSE1:multi_log_ct_verifier.cc(75)] Adding CT log: Venafi Gen2 CT log
[44:74:0830/010436.052774:VERBOSE1:multi_log_ct_verifier.cc(75)] Adding CT log: CNNIC CT log
[44:74:0830/010436.052781:VERBOSE1:multi_log_ct_verifier.cc(75)] Adding CT log: StartCom log
[44:74:0830/010436.052788:VERBOSE1:multi_log_ct_verifier.cc(75)] Adding CT log: Comodo 'Sabre' CT log
[44:74:0830/010436.052796:VERBOSE1:multi_log_ct_verifier.cc(75)] Adding CT log: Comodo 'Mammoth' CT log
[44:74:0830/010436.052804:VERBOSE1:multi_log_ct_verifier.cc(75)] Adding CT log: Izenpe log
[44:74:0830/010436.052810:VERBOSE1:multi_log_ct_verifier.cc(75)] Adding CT log: Venafi log
[44:74:0830/010436.052817:VERBOSE1:multi_log_ct_verifier.cc(75)] Adding CT log: Certly.IO log
[44:74:0830/010436.052828:ERROR:io_thread.cc(730)] Cannot use V8 Proxy resolver in single process mode.
[44:74:0830/010436.052969:VERBOSE1:proxy_service.cc(958)] PAC support disabled because there is no system implementation
[44:74:0830/010436.063681:ERROR:io_thread.cc(730)] Cannot use V8 Proxy resolver in single process mode.
[44:74:0830/010436.063712:VERBOSE1:multi_log_ct_verifier.cc(75)] Adding CT log: Google 'Aviator' log
[44:74:0830/010436.063721:VERBOSE1:multi_log_ct_verifier.cc(75)] Adding CT log: Google 'Icarus' log
[44:74:0830/010436.063728:VERBOSE1:multi_log_ct_verifier.cc(75)] Adding CT log: Google 'Pilot' log
[44:74:0830/010436.063735:VERBOSE1:multi_log_ct_verifier.cc(75)] Adding CT log: Google 'Rocketeer' log
[44:74:0830/010436.063756:VERBOSE1:multi_log_ct_verifier.cc(75)] Adding CT log: Google 'Skydiver' log
[44:74:0830/010436.063768:VERBOSE1:multi_log_ct_verifier.cc(75)] Adding CT log: DigiCert Log Server
[44:74:0830/010436.063775:VERBOSE1:multi_log_ct_verifier.cc(75)] Adding CT log: DigiCert Log Server 2
[44:74:0830/010436.063782:VERBOSE1:multi_log_ct_verifier.cc(75)] Adding CT log: Symantec log
[44:74:0830/010436.063788:VERBOSE1:multi_log_ct_verifier.cc(75)] Adding CT log: Symantec 'Vega' log
[44:74:0830/010436.063795:VERBOSE1:multi_log_ct_verifier.cc(75)] Adding CT log: Symantec 'Sirius' log
[44:74:0830/010436.063802:VERBOSE1:multi_log_ct_verifier.cc(75)] Adding CT log: WoSign log
[44:74:0830/010436.063810:VERBOSE1:multi_log_ct_verifier.cc(75)] Adding CT log: Venafi Gen2 CT log
[44:74:0830/010436.063817:VERBOSE1:multi_log_ct_verifier.cc(75)] Adding CT log: CNNIC CT log
[44:74:0830/010436.063825:VERBOSE1:multi_log_ct_verifier.cc(75)] Adding CT log: StartCom log
[44:74:0830/010436.063831:VERBOSE1:multi_log_ct_verifier.cc(75)] Adding CT log: Comodo 'Sabre' CT log
[44:74:0830/010436.063838:VERBOSE1:multi_log_ct_verifier.cc(75)] Adding CT log: Comodo 'Mammoth' CT log
[44:74:0830/010436.063846:VERBOSE1:multi_log_ct_verifier.cc(75)] Adding CT log: Izenpe log
[44:74:0830/010436.063857:VERBOSE1:multi_log_ct_verifier.cc(75)] Adding CT log: Venafi log
[44:74:0830/010436.063864:VERBOSE1:multi_log_ct_verifier.cc(75)] Adding CT log: Certly.IO log
[44:74:0830/010436.063993:VERBOSE1:proxy_service.cc(958)] PAC support disabled because there is no system implementation
[44:74:0830/010436.065852:VERBOSE1:network_delegate.cc(30)] NetworkDelegate::NotifyBeforeURLRequest: https://www.gstatic.com/chrome/intelligence/assist/ranker/models/translate/2017/03/translate_ranker_model_20170329.pb.bin
[44:74:0830/010436.065872:VERBOSE1:network_delegate.cc(30)] NetworkDelegate::NotifyBeforeURLRequest: https://www.gstatic.com/chrome/intelligence/assist/ranker/models/translate/2017/03/translate_ranker_model_20170329.pb.bin
[44:74:0830/010436.137361:VERBOSE1:network_delegate.cc(30)] NetworkDelegate::NotifyBeforeURLRequest: chrome-extension://aapnijgdinlhnhlmodcfapnahmbfebeb/_generated_background_page.html
[44:74:0830/010436.137384:VERBOSE1:network_delegate.cc(30)] NetworkDelegate::NotifyBeforeURLRequest: chrome-extension://aapnijgdinlhnhlmodcfapnahmbfebeb/_generated_background_page.html
[44:74:0830/010436.137396:VERBOSE1:network_delegate.cc(30)] NetworkDelegate::NotifyBeforeURLRequest: chrome-extension://aapnijgdinlhnhlmodcfapnahmbfebeb/_generated_background_page.html
[44:85:0830/010436.153934:VERBOSE1:LocalWindowProxy.cpp(236)] A context is created NOT from snapshot
[44:85:0830/010436.155099:VERBOSE1:script_context.cc(111)] Created context:
  extension id:           (none)
  frame:                  0x32ac6cf41d18
  URL:                    
  context_type:           WEB_PAGE
  effective extension id: (none)
  effective context type: WEB_PAGE
[44:85:0830/010436.155845:VERBOSE1:script_context.cc(111)] Created context:
  extension id:           (none)
  frame:                  (nil)
  URL:                    
  context_type:           UNSPECIFIED
  effective extension id: (none)
  effective context type: UNSPECIFIED
[44:85:0830/010436.157492:VERBOSE1:dispatcher.cc(366)] Num tracked contexts: 1
[44:74:0830/010436.172926:VERBOSE1:network_delegate.cc(30)] NetworkDelegate::NotifyBeforeURLRequest: chrome-extension://aapnijgdinlhnhlmodcfapnahmbfebeb/background.js
[44:74:0830/010436.172949:VERBOSE1:network_delegate.cc(30)] NetworkDelegate::NotifyBeforeURLRequest: chrome-extension://aapnijgdinlhnhlmodcfapnahmbfebeb/background.js
[44:74:0830/010436.172961:VERBOSE1:network_delegate.cc(30)] NetworkDelegate::NotifyBeforeURLRequest: chrome-extension://aapnijgdinlhnhlmodcfapnahmbfebeb/background.js
[44:85:0830/010436.176303:VERBOSE1:LocalWindowProxy.cpp(236)] A context is created NOT from snapshot
[44:85:0830/010436.176658:VERBOSE1:script_context.cc(111)] Created context:
  extension id:           aapnijgdinlhnhlmodcfapnahmbfebeb
  frame:                  0x32ac6cf4e920
  URL:                    
  context_type:           BLESSED_EXTENSION
  effective extension id: aapnijgdinlhnhlmodcfapnahmbfebeb
  effective context type: BLESSED_EXTENSION
[44:85:0830/010436.176762:VERBOSE1:script_context.cc(111)] Created context:
  extension id:           (none)
  frame:                  (nil)
  URL:                    
  context_type:           UNSPECIFIED
  effective extension id: (none)
  effective context type: UNSPECIFIED
[44:85:0830/010436.203418:VERBOSE1:dispatcher.cc(366)] Num tracked contexts: 2
[44:85:0830/010436.204004:VERBOSE1:language_detection_util.cc(234)] Detected language: und
[44:85:0830/010436.620802:VERBOSE1:dispatcher.cc(498)] Num tracked contexts: 1
[44:85:0830/010436.632322:VERBOSE1:LocalWindowProxy.cpp(236)] A context is created NOT from snapshot
[44:85:0830/010436.632661:VERBOSE1:script_context.cc(111)] Created context:
  extension id:           (none)
  frame:                  0x32ac6cf41d18
  URL:                    
  context_type:           WEB_PAGE
  effective extension id: (none)
  effective context type: WEB_PAGE
[44:85:0830/010436.632742:VERBOSE1:script_context.cc(111)] Created context:
  extension id:           (none)
  frame:                  (nil)
  URL:                    
  context_type:           UNSPECIFIED
  effective extension id: (none)
  effective context type: UNSPECIFIED
[44:85:0830/010436.633399:VERBOSE1:dispatcher.cc(366)] Num tracked contexts: 2
[44:85:0830/010436.635122:VERBOSE1:script_context.cc(120)] Destroyed context for extension
  extension id: 
  effective extension id: 
[44:85:0830/010436.635155:VERBOSE1:script_context.cc(120)] Destroyed context for extension
  extension id: 
  effective extension id: 
[44:85:0830/010436.644817:VERBOSE1:language_detection_util.cc(234)] Detected language: und
[44:85:0830/010436.759921:VERBOSE1:LocalWindowProxy.cpp(236)] A context is created NOT from snapshot
[44:85:0830/010436.760290:VERBOSE1:script_context.cc(111)] Created context:
  extension id:           (none)
  frame:                  0x32ac6cf5a2c8
  URL:                    
  context_type:           WEB_PAGE
  effective extension id: (none)
  effective context type: WEB_PAGE
[44:85:0830/010436.760343:VERBOSE1:script_context.cc(111)] Created context:
  extension id:           (none)
  frame:                  (nil)
  URL:                    
  context_type:           UNSPECIFIED
  effective extension id: (none)
  effective context type: UNSPECIFIED
[44:85:0830/010436.760806:VERBOSE1:dispatcher.cc(366)] Num tracked contexts: 3
[44:85:0830/010436.778492:VERBOSE1:dispatcher.cc(498)] Num tracked contexts: 2
[44:85:0830/010436.779522:VERBOSE1:script_context.cc(120)] Destroyed context for extension
  extension id: 
  effective extension id: 
[44:85:0830/010436.779551:VERBOSE1:script_context.cc(120)] Destroyed context for extension
  extension id: 
  effective extension id: 
