[1541193606.529][INFO]: COMMAND InitSession {
   "desiredCapabilities": {
      "browserName": "chrome",
      "chromeOptions": {
         "args": [ "--disable-gpu", "--single-process", "--no-sandbox", "--data-path=/tmp/data-path", "--homedir=/tmp/homedir", "--disk-cache-dir=/tmp", "--disk-cache-size=1", "--media-cache-size=1", "--allow-file-access-from-files", "--enable-logging", "--v=1", "--disable-web-security", "--disable-extensions", "--ignore-certificate-errors", "--disable-ntp-most-likely-favicons-from-server", "--disable-ntp-popular-sites", "--window-size=1366,1024", "--disable-infobars", "--disable-dev-shm-usage", "..." ],
         "binary": "/tmp/chrome-lambda/chrome",
         "prefs": {
            "credentials_enable_service": false,
            "profile": {
               "password_manager_enabled": false
            }
         }
      },
      "count": 1
   }
}
[1541193606.530][INFO]: Populating Preferences file: {
   "alternate_error_pages": {
      "enabled": false
   },
   "autofill": {
      "enabled": false
   },
   "browser": {
      "check_default_browser": false
   },
   "credentials_enable_service": false,
   "distribution": {
      "import_bookmarks": false,
      "import_history": false,
      "import_search_engine": false,
      "make_chrome_default_for_user": false,
      "skip_first_run_ui": true
   },
   "dns_prefetching": {
      "enabled": false
   },
   "profile": {
      "password_manager_enabled": false
   },
   "safebrowsing": {
      "enabled": false
   },
   "search": {
      "suggest_enabled": false
   },
   "translate": {
      "enabled": false
   }
}
[1541193606.530][INFO]: Populating Local State file: {
   "background_mode": {
      "enabled": false
   },
   "ssl": {
      "rev_checking": {
         "enabled": false
      }
   }
}
[1541193606.530][INFO]: Launching chrome: /tmp/chrome-lambda/chrome --allow-file-access-from-files --data-path=/tmp/data-path --disable-background-networking --disable-client-side-phishing-detection --disable-default-apps --disable-dev-shm-usage --disable-extensions --disable-extensions-except=/tmp/.org.chromium.Chromium.ktEPdv/internal --disable-gpu --disable-hang-monitor --disable-infobars --disable-ntp-most-likely-favicons-from-server --disable-ntp-popular-sites --disable-popup-blocking --disable-prompt-on-repost --disable-sync --disable-web-resources --disable-web-security --disk-cache-dir=/tmp --disk-cache-size=1 --enable-automation --enable-logging --enable-precise-memory-info --force-fieldtrials=SiteIsolationExtensions/Control --homedir=/tmp/homedir --ignore-certificate-errors --log-level=0 --media-cache-size=1 --metrics-recording-only --no-first-run --no-sandbox --password-store=basic --remote-debugging-port=0 --single-process --test-type=webdriver --use-mock-keychain --user-data-dir=/tmp/.org.chromium.Chromium.rRKNaE --v=1 --window-size=1366,1024 data:,
prctl(PR_SET_NO_NEW_PRIVS) failed
Xlib:  extension "RANDR" missing on display ":99".
Fontconfig warning: "/etc/fonts/conf.d/30-metric-aliases.conf", line 84: Having multiple <family> in <alias> isn't supported and may not work as expected
Fontconfig warning: "/etc/fonts/conf.d/30-metric-aliases.conf", line 84: Having multiple <family> in <alias> isn't supported and may not work as expected
Fontconfig warning: "/etc/fonts/conf.d/30-metric-aliases.conf", line 93: Having multiple <family> in <alias> isn't supported and may not work as expected
Fontconfig warning: "/etc/fonts/conf.d/30-metric-aliases.conf", line 93: Having multiple <family> in <alias> isn't supported and may not work as expected
Fontconfig warning: "/etc/fonts/conf.d/30-metric-aliases.conf", line 102: Having multiple <family> in <alias> isn't supported and may not work as expected
Fontconfig warning: "/etc/fonts/conf.d/30-metric-aliases.conf", line 102: Having multiple <family> in <alias> isn't supported and may not work as expected
Fontconfig warning: "/etc/fonts/conf.d/40-nonlatin.conf", line 33: Having multiple <family> in <alias> isn't supported and may not work as expected
Fontconfig warning: "/etc/fonts/conf.d/40-nonlatin.conf", line 33: Having multiple <family> in <alias> isn't supported and may not work as expected
Fontconfig warning: "/etc/fonts/conf.d/40-nonlatin.conf", line 33: Having multiple <family> in <alias> isn't supported and may not work as expected
Fontconfig warning: "/etc/fonts/conf.d/40-nonlatin.conf", line 33: Having multiple <family> in <alias> isn't supported and may not work as expected
Fontconfig warning: "/etc/fonts/conf.d/40-nonlatin.conf", line 33: Having multiple <family> in <alias> isn't supported and may not work as expected
Fontconfig warning: "/etc/fonts/conf.d/40-nonlatin.conf", line 33: Having multiple <family> in <alias> isn't supported and may not work as expected
Fontconfig warning: "/etc/fonts/conf.d/40-nonlatin.conf", line 33: Having multiple <family> in <alias> isn't supported and may not work as expected
Fontconfig warning: "/etc/fonts/conf.d/40-nonlatin.conf", line 33: Having multiple <family> in <alias> isn't supported and may not work as expected
Fontconfig warning: "/etc/fonts/conf.d/40-nonlatin.conf", line 33: Having multiple <family> in <alias> isn't supported and may not work as expected
Fontconfig warning: "/etc/fonts/conf.d/40-nonlatin.conf", line 33: Having multiple <family> in <alias> isn't supported and may not work as expected
Fontconfig warning: "/etc/fonts/conf.d/40-nonlatin.conf", line 33: Having multiple <family> in <alias> isn't supported and may not work as expected
Fontconfig warning: "/etc/fonts/conf.d/40-nonlatin.conf", line 33: Having multiple <family> in <alias> isn't supported and may not work as expected
Fontconfig warning: "/etc/fonts/conf.d/40-nonlatin.conf", line 33: Having multiple <family> in <alias> isn't supported and may not work as expected
Fontconfig warning: "/etc/fonts/conf.d/40-nonlatin.conf", line 33: Having multiple <family> in <alias> isn't supported and may not work as expected
Fontconfig warning: "/etc/fonts/conf.d/40-nonlatin.conf", line 33: Having multiple <family> in <alias> isn't supported and may not work as expected
Fontconfig warning: "/etc/fonts/conf.d/40-nonlatin.conf", line 33: Having multiple <family> in <alias> isn't supported and may not work as expected
Fontconfig warning: "/etc/fonts/conf.d/40-nonlatin.conf", line 33: Having multiple <family> in <alias> isn't supported and may not work as expected
Fontconfig warning: "/etc/fonts/conf.d/40-nonlatin.conf", line 33: Having multiple <family> in <alias> isn't supported and may not work as expected
Fontconfig warning: "/etc/fonts/conf.d/40-nonlatin.conf", line 59: Having multiple <family> in <alias> isn't supported and may not work as expected
Fontconfig warning: "/etc/fonts/conf.d/40-nonlatin.conf", line 59: Having multiple <family> in <alias> isn't supported and may not work as expected
Fontconfig warning: "/etc/fonts/conf.d/40-nonlatin.conf", line 59: Having multiple <family> in <alias> isn't supported and may not work as expected
Fontconfig warning: "/etc/fonts/conf.d/40-nonlatin.conf", line 59: Having multiple <family> in <alias> isn't supported and may not work as expected
Fontconfig warning: "/etc/fonts/conf.d/40-nonlatin.conf", line 59: Having multiple <family> in <alias> isn't supported and may not work as expected
Fontconfig warning: "/etc/fonts/conf.d/40-nonlatin.conf", line 59: Having multiple <family> in <alias> isn't supported and may not work as expected
Fontconfig warning: "/etc/fonts/conf.d/40-nonlatin.conf", line 59: Having multiple <family> in <alias> isn't supported and may not work as expected
Fontconfig warning: "/etc/fonts/conf.d/40-nonlatin.conf", line 59: Having multiple <family> in <alias> isn't supported and may not work as expected
Fontconfig warning: "/etc/fonts/conf.d/40-nonlatin.conf", line 59: Having multiple <family> in <alias> isn't supported and may not work as expected
Fontconfig warning: "/etc/fonts/conf.d/40-nonlatin.conf", line 59: Having multiple <family> in <alias> isn't supported and may not work as expected
Fontconfig warning: "/etc/fonts/conf.d/40-nonlatin.conf", line 59: Having multiple <family> in <alias> isn't supported and may not work as expected
Fontconfig warning: "/etc/fonts/conf.d/40-nonlatin.conf", line 59: Having multiple <family> in <alias> isn't supported and may not work as expected
Fontconfig warning: "/etc/fonts/conf.d/40-nonlatin.conf", line 59: Having multiple <family> in <alias> isn't supported and may not work as expected
Fontconfig warning: "/etc/fonts/conf.d/40-nonlatin.conf", line 59: Having multiple <family> in <alias> isn't supported and may not work as expected
Fontconfig warning: "/etc/fonts/conf.d/40-nonlatin.conf", line 59: Having multiple <family> in <alias> isn't supported and may not work as expected
Fontconfig warning: "/etc/fonts/conf.d/40-nonlatin.conf", line 59: Having multiple <family> in <alias> isn't supported and may not work as expected
Fontconfig warning: "/etc/fonts/conf.d/40-nonlatin.conf", line 59: Having multiple <family> in <alias> isn't supported and may not work as expected
Fontconfig warning: "/etc/fonts/conf.d/40-nonlatin.conf", line 59: Having multiple <family> in <alias> isn't supported and may not work as expected
Fontconfig warning: "/etc/fonts/conf.d/40-nonlatin.conf", line 59: Having multiple <family> in <alias> isn't supported and may not work as expected
Fontconfig warning: "/etc/fonts/conf.d/40-nonlatin.conf", line 68: Having multiple <family> in <alias> isn't supported and may not work as expected
Fontconfig warning: "/etc/fonts/conf.d/40-nonlatin.conf", line 68: Having multiple <family> in <alias> isn't supported and may not work as expected
Fontconfig warning: "/etc/fonts/conf.d/40-nonlatin.conf", line 79: Having multiple <family> in <alias> isn't supported and may not work as expected
Fontconfig warning: "/etc/fonts/conf.d/40-nonlatin.conf", line 79: Having multiple <family> in <alias> isn't supported and may not work as expected
Fontconfig warning: "/etc/fonts/conf.d/40-nonlatin.conf", line 79: Having multiple <family> in <alias> isn't supported and may not work as expected
Fontconfig warning: "/etc/fonts/conf.d/40-nonlatin.conf", line 88: Having multiple <family> in <alias> isn't supported and may not work as expected
Fontconfig warning: "/etc/fonts/conf.d/45-latin.conf", line 23: Having multiple <family> in <alias> isn't supported and may not work as expected
Fontconfig warning: "/etc/fonts/conf.d/45-latin.conf", line 23: Having multiple <family> in <alias> isn't supported and may not work as expected
Fontconfig warning: "/etc/fonts/conf.d/45-latin.conf", line 23: Having multiple <family> in <alias> isn't supported and may not work as expected
Fontconfig warning: "/etc/fonts/conf.d/45-latin.conf", line 23: Having multiple <family> in <alias> isn't supported and may not work as expected
Fontconfig warning: "/etc/fonts/conf.d/45-latin.conf", line 23: Having multiple <family> in <alias> isn't supported and may not work as expected
Fontconfig warning: "/etc/fonts/conf.d/45-latin.conf", line 23: Having multiple <family> in <alias> isn't supported and may not work as expected
Fontconfig warning: "/etc/fonts/conf.d/45-latin.conf", line 23: Having multiple <family> in <alias> isn't supported and may not work as expected
Fontconfig warning: "/etc/fonts/conf.d/45-latin.conf", line 23: Having multiple <family> in <alias> isn't supported and may not work as expected
Fontconfig warning: "/etc/fonts/conf.d/45-latin.conf", line 39: Having multiple <family> in <alias> isn't supported and may not work as expected
Fontconfig warning: "/etc/fonts/conf.d/45-latin.conf", line 39: Having multiple <family> in <alias> isn't supported and may not work as expected
Fontconfig warning: "/etc/fonts/conf.d/45-latin.conf", line 39: Having multiple <family> in <alias> isn't supported and may not work as expected
Fontconfig warning: "/etc/fonts/conf.d/45-latin.conf", line 39: Having multiple <family> in <alias> isn't supported and may not work as expected
Fontconfig warning: "/etc/fonts/conf.d/45-latin.conf", line 39: Having multiple <family> in <alias> isn't supported and may not work as expected
Fontconfig warning: "/etc/fonts/conf.d/45-latin.conf", line 39: Having multiple <family> in <alias> isn't supported and may not work as expected
Fontconfig warning: "/etc/fonts/conf.d/45-latin.conf", line 39: Having multiple <family> in <alias> isn't supported and may not work as expected
Fontconfig warning: "/etc/fonts/conf.d/45-latin.conf", line 39: Having multiple <family> in <alias> isn't supported and may not work as expected
Fontconfig warning: "/etc/fonts/conf.d/45-latin.conf", line 39: Having multiple <family> in <alias> isn't supported and may not work as expected
Fontconfig warning: "/etc/fonts/conf.d/45-latin.conf", line 56: Having multiple <family> in <alias> isn't supported and may not work as expected
Fontconfig warning: "/etc/fonts/conf.d/45-latin.conf", line 56: Having multiple <family> in <alias> isn't supported and may not work as expected
Fontconfig warning: "/etc/fonts/conf.d/45-latin.conf", line 56: Having multiple <family> in <alias> isn't supported and may not work as expected
Fontconfig warning: "/etc/fonts/conf.d/45-latin.conf", line 56: Having multiple <family> in <alias> isn't supported and may not work as expected
Fontconfig warning: "/etc/fonts/conf.d/45-latin.conf", line 56: Having multiple <family> in <alias> isn't supported and may not work as expected
Fontconfig warning: "/etc/fonts/conf.d/45-latin.conf", line 56: Having multiple <family> in <alias> isn't supported and may not work as expected
Fontconfig warning: "/etc/fonts/conf.d/45-latin.conf", line 56: Having multiple <family> in <alias> isn't supported and may not work as expected
Fontconfig warning: "/etc/fonts/conf.d/45-latin.conf", line 56: Having multiple <family> in <alias> isn't supported and may not work as expected
Fontconfig warning: "/etc/fonts/conf.d/45-latin.conf", line 56: Having multiple <family> in <alias> isn't supported and may not work as expected
Fontconfig warning: "/etc/fonts/conf.d/45-latin.conf", line 56: Having multiple <family> in <alias> isn't supported and may not work as expected
Fontconfig warning: "/etc/fonts/conf.d/45-latin.conf", line 66: Having multiple <family> in <alias> isn't supported and may not work as expected
Fontconfig warning: "/etc/fonts/conf.d/45-latin.conf", line 66: Having multiple <family> in <alias> isn't supported and may not work as expected
Fontconfig warning: "/etc/fonts/conf.d/45-latin.conf", line 66: Having multiple <family> in <alias> isn't supported and may not work as expected
Fontconfig warning: "/etc/fonts/conf.d/45-latin.conf", line 75: Having multiple <family> in <alias> isn't supported and may not work as expected
Fontconfig warning: "/etc/fonts/conf.d/45-latin.conf", line 75: Having multiple <family> in <alias> isn't supported and may not work as expected
Fontconfig warning: "/etc/fonts/fonts.conf", line 142: blank doesn't take any effect anymore. please remove it from your fonts.conf

(chrome:44): GLib-GIO-CRITICAL **: g_settings_schema_source_lookup: assertion 'source != NULL' failed

(chrome:44): GLib-GIO-CRITICAL **: g_settings_schema_source_lookup: assertion 'source != NULL' failed
[44:56:1102/212007.365380:ERROR:bus.cc(394)] Failed to connect to the bus: Failed to connect to socket /var/run/dbus/system_bus_socket: No such file or directory
[44:44:1102/212007.365663:ERROR:default_network_context_params.cc(60)] Cannot use V8 Proxy resolver in single process mode.
Xlib:  extension "RANDR" missing on display ":99".
[44:44:1102/212007.371196:ERROR:gpu_process_transport_factory.cc(1016)] Lost UI shared context.
[44:44:1102/212007.414468:ERROR:default_network_context_params.cc(60)] Cannot use V8 Proxy resolver in single process mode.

DevTools listening on ws://127.0.0.1:38955/devtools/browser/6b56bad0-7f76-494b-a0da-5a4de5d79213
[1541193607.490][DEBUG]: DevTools request: http://localhost:38955/json/version
[1541193607.491][SEVERE]: CreatePlatformSocket() returned an error, errno=97: Address family not supported by protocol (97)
[1541193607.512][DEBUG]: DevTools response: {
   "Browser": "Chrome/68.0.3440.75",
   "Protocol-Version": "1.3",
   "User-Agent": "Mozilla/5.0 (X11; Linux x86_64) AppleWebKit/537.36 (KHTML, like Gecko) Chrome/68.0.3440.75 Safari/537.36",
   "V8-Version": "6.8.275.24",
   "WebKit-Version": "537.36 (@cf598d63a4f1b9e7cd14f2a8433276b196e3e07d)",
   "webSocketDebuggerUrl": "ws://localhost:38955/devtools/browser/6b56bad0-7f76-494b-a0da-5a4de5d79213"
}

[1541193607.515][DEBUG]: DevTools request: http://localhost:38955/json
[1541193607.533][DEBUG]: DevTools response: [ {
   "description": "",
   "devtoolsFrontendUrl": "/devtools/inspector.html?ws=localhost:38955/devtools/page/221DC7145EFFB754531A4C5866CCF6A5",
   "id": "221DC7145EFFB754531A4C5866CCF6A5",
   "title": "Chrome Automation Extension",
   "type": "background_page",
   "url": "chrome-extension://aapnijgdinlhnhlmodcfapnahmbfebeb/_generated_background_page.html",
   "webSocketDebuggerUrl": "ws://localhost:38955/devtools/page/221DC7145EFFB754531A4C5866CCF6A5"
}, {
   "description": "",
   "devtoolsFrontendUrl": "/devtools/inspector.html?ws=localhost:38955/devtools/page/482861D0A8F6BF92DC0037BAF384C003",
   "id": "482861D0A8F6BF92DC0037BAF384C003",
   "title": "",
   "type": "page",
   "url": "data:,",
   "webSocketDebuggerUrl": "ws://localhost:38955/devtools/page/482861D0A8F6BF92DC0037BAF384C003"
} ]

[1541193607.533][DEBUG]: DevTools request: http://localhost:38955/json
[44:77:1102/212007.569943:ERROR:bus.cc(394)] Failed to connect to the bus: Address does not contain a colon
[1541193607.575][DEBUG]: DevTools response: [ {
   "description": "",
   "devtoolsFrontendUrl": "/devtools/inspector.html?ws=localhost:38955/devtools/page/221DC7145EFFB754531A4C5866CCF6A5",
   "id": "221DC7145EFFB754531A4C5866CCF6A5",
   "title": "Chrome Automation Extension",
   "type": "background_page",
   "url": "chrome-extension://aapnijgdinlhnhlmodcfapnahmbfebeb/_generated_background_page.html",
   "webSocketDebuggerUrl": "ws://localhost:38955/devtools/page/221DC7145EFFB754531A4C5866CCF6A5"
}, {
   "description": "",
   "devtoolsFrontendUrl": "/devtools/inspector.html?ws=localhost:38955/devtools/page/482861D0A8F6BF92DC0037BAF384C003",
   "id": "482861D0A8F6BF92DC0037BAF384C003",
   "title": "",
   "type": "page",
   "url": "data:,",
   "webSocketDebuggerUrl": "ws://localhost:38955/devtools/page/482861D0A8F6BF92DC0037BAF384C003"
} ]

[1541193607.576][INFO]: resolved localhost to ["127.0.0.1"]
[1541193607.592][DEBUG]: DEVTOOLS COMMAND Log.enable (id=1) {

}
[1541193607.592][DEBUG]: DEVTOOLS COMMAND DOM.getDocument (id=2) {

}
[1541193607.592][DEBUG]: DEVTOOLS COMMAND Target.setAutoAttach (id=3) {
   "autoAttach": true,
   "waitForDebuggerOnStart": false
}
[1541193607.592][DEBUG]: DEVTOOLS COMMAND Page.enable (id=4) {

}
[1541193607.592][DEBUG]: DEVTOOLS COMMAND Page.enable (id=5) {

}
[44:80:1102/212007.608107:ERROR:gles2_command_buffer_stub.cc(129)] ContextResult::kFatalFailure: Failed to create default offscreen surface.
[1541193607.673][DEBUG]: DEVTOOLS RESPONSE Log.enable (id=1) {

}
[1541193607.674][DEBUG]: DEVTOOLS RESPONSE DOM.getDocument (id=2) {
   "root": {
      "backendNodeId": 2,
      "baseURL": "data:,",
      "childNodeCount": 1,
      "children": [ {
         "attributes": [  ],
         "backendNodeId": 3,
         "childNodeCount": 2,
         "children": [ {
            "attributes": [  ],
            "backendNodeId": 4,
            "childNodeCount": 0,
            "localName": "head",
            "nodeId": 3,
            "nodeName": "HEAD",
            "nodeType": 1,
            "nodeValue": "",
            "parentId": 2
         }, {
            "attributes": [  ],
            "backendNodeId": 5,
            "childNodeCount": 0,
            "localName": "body",
            "nodeId": 4,
            "nodeName": "BODY",
            "nodeType": 1,
            "nodeValue": "",
            "parentId": 2
         } ],
         "frameId": "482861D0A8F6BF92DC0037BAF384C003",
         "localName": "html",
         "nodeId": 2,
         "nodeName": "HTML",
         "nodeType": 1,
         "nodeValue": "",
         "parentId": 1
      } ],
      "documentURL": "data:,",
      "localName": "",
      "nodeId": 1,
      "nodeName": "#document",
      "nodeType": 9,
      "nodeValue": "",
      "xmlVersion": ""
   }
}
[1541193607.674][DEBUG]: DEVTOOLS RESPONSE Target.setAutoAttach (id=3) {

}
[1541193607.674][DEBUG]: DEVTOOLS RESPONSE Page.enable (id=4) {

}
[1541193607.674][DEBUG]: DEVTOOLS RESPONSE Page.enable (id=5) {

}
[1541193607.674][DEBUG]: DEVTOOLS COMMAND Runtime.enable (id=6) {

}
[1541193607.751][DEBUG]: DEVTOOLS EVENT Runtime.executionContextCreated {
   "context": {
      "auxData": {
         "frameId": "482861D0A8F6BF92DC0037BAF384C003",
         "isDefault": true
      },
      "id": 2,
      "name": "",
      "origin": "://"
   }
}
[1541193607.751][DEBUG]: DEVTOOLS RESPONSE Runtime.enable (id=6) {

}
[1541193607.751][DEBUG]: DEVTOOLS COMMAND Page.enable (id=7) {

}
[1541193607.773][DEBUG]: DEVTOOLS RESPONSE Page.enable (id=7) {

}
[1541193607.773][DEBUG]: DEVTOOLS COMMAND Runtime.enable (id=8) {

}
[1541193607.774][DEBUG]: DEVTOOLS RESPONSE Runtime.enable (id=8) {

}
[1541193607.774][DEBUG]: DEVTOOLS COMMAND Runtime.evaluate (id=9) {
   "expression": "(function() { // Copyright (c) 2012 The Chromium Authors. All rights reserved.\n// Use of this source code is governed by a BSD-style license that can be\n// found in the LICENSE file.\n\n/**\n * Enum f...",
   "returnByValue": true
}
[1541193607.808][DEBUG]: DEVTOOLS RESPONSE Runtime.evaluate (id=9) {
   "result": {
      "type": "object",
      "value": {
         "status": 0,
         "value": 1
      }
   }
}
[1541193607.808][INFO]: RESPONSE InitSession {
   "acceptInsecureCerts": false,
   "acceptSslCerts": false,
   "applicationCacheEnabled": false,
   "browserConnectionEnabled": false,
   "browserName": "chrome",
   "chrome": {
      "chromedriverVersion": "2.39.562737 (dba483cee6a5f15e2e2d73df16968ab10b38a2bf)",
      "userDataDir": "/tmp/.org.chromium.Chromium.rRKNaE"
   },
   "cssSelectorsEnabled": true,
   "databaseEnabled": false,
   "handlesAlerts": true,
   "hasTouchScreen": false,
   "javascriptEnabled": true,
   "locationContextEnabled": true,
   "mobileEmulationEnabled": false,
   "nativeEvents": true,
   "networkConnectionEnabled": false,
   "pageLoadStrategy": "normal",
   "platform": "Linux",
   "rotatable": false,
   "setWindowRect": true,
   "~~~": "..."
}
[1541193607.868][INFO]: COMMAND SetTimeout {
   "script": 11000
}
[1541193607.870][INFO]: RESPONSE SetTimeout unknown error: 'ms' must be a double
  (Session info: chrome=68.0.3440.75)
[1541193607.911][INFO]: COMMAND SetTimeout {
   "ms": 11000,
   "type": "script"
}
[1541193607.911][INFO]: RESPONSE SetTimeout
[1541193608.207][INFO]: COMMAND SetTimeout {
   "pageLoad": 30000
}
[1541193608.209][INFO]: RESPONSE SetTimeout unknown error: 'ms' must be a double
  (Session info: chrome=68.0.3440.75)
[1541193608.213][INFO]: COMMAND SetTimeout {
   "ms": 30000,
   "type": "page load"
}
[1541193608.213][INFO]: RESPONSE SetTimeout
[1541193608.228][INFO]: COMMAND Navigate {
   "url": "data:/,"
}
[1541193608.228][INFO]: Waiting for pending navigations...
[1541193608.228][DEBUG]: DEVTOOLS COMMAND Runtime.evaluate (id=10) {
   "expression": "1"
}
[1541193608.229][DEBUG]: DEVTOOLS RESPONSE Runtime.evaluate (id=10) {
   "result": {
      "description": "1",
      "type": "number",
      "value": 1
   }
}
[1541193608.229][DEBUG]: DEVTOOLS COMMAND DOM.getDocument (id=11) {

}
[1541193608.229][DEBUG]: DEVTOOLS RESPONSE DOM.getDocument (id=11) {
   "root": {
      "backendNodeId": 2,
      "baseURL": "data:,",
      "childNodeCount": 1,
      "children": [ {
         "attributes": [  ],
         "backendNodeId": 3,
         "childNodeCount": 2,
         "children": [ {
            "attributes": [  ],
            "backendNodeId": 4,
            "childNodeCount": 0,
            "localName": "head",
            "nodeId": 7,
            "nodeName": "HEAD",
            "nodeType": 1,
            "nodeValue": "",
            "parentId": 6
         }, {
            "attributes": [  ],
            "backendNodeId": 5,
            "childNodeCount": 0,
            "localName": "body",
            "nodeId": 8,
            "nodeName": "BODY",
            "nodeType": 1,
            "nodeValue": "",
            "parentId": 6
         } ],
         "frameId": "482861D0A8F6BF92DC0037BAF384C003",
         "localName": "html",
         "nodeId": 6,
         "nodeName": "HTML",
         "nodeType": 1,
         "nodeValue": "",
         "parentId": 5
      } ],
      "documentURL": "data:,",
      "localName": "",
      "nodeId": 5,
      "nodeName": "#document",
      "nodeType": 9,
      "nodeValue": "",
      "xmlVersion": ""
   }
}
[1541193608.229][DEBUG]: DEVTOOLS COMMAND Runtime.evaluate (id=12) {
   "expression": "var frame = document.createElement('iframe');frame.name = 'chromedriver dummy frame';frame.src = 'about:blank';document.body.appendChild(frame);window.setTimeout(function() {  document.body.removeC..."
}
[1541193608.233][DEBUG]: DEVTOOLS EVENT DOM.childNodeCountUpdated {
   "childNodeCount": 1,
   "nodeId": 8
}
[1541193608.233][DEBUG]: DEVTOOLS EVENT Page.frameAttached {
   "frameId": "9B91D075C47CD5B426A401DC208F1F41",
   "parentFrameId": "482861D0A8F6BF92DC0037BAF384C003",
   "stack": {
      "callFrames": [ {
         "columnNumber": 125,
         "functionName": "",
         "lineNumber": 0,
         "scriptId": "33",
         "url": ""
      } ]
   }
}
[1541193608.249][DEBUG]: DEVTOOLS EVENT Page.frameStartedLoading {
   "frameId": "9B91D075C47CD5B426A401DC208F1F41"
}
[1541193608.249][DEBUG]: DEVTOOLS EVENT Page.frameNavigated {
   "frame": {
      "id": "9B91D075C47CD5B426A401DC208F1F41",
      "loaderId": "FA0FC573E44DFBDE28CD7E1EE163DDD5",
      "mimeType": "text/html",
      "name": "chromedriver dummy frame",
      "parentId": "482861D0A8F6BF92DC0037BAF384C003",
      "securityOrigin": "://",
      "url": "about:blank"
   }
}
[1541193608.249][DEBUG]: DEVTOOLS EVENT Runtime.executionContextCreated {
   "context": {
      "auxData": {
         "frameId": "9B91D075C47CD5B426A401DC208F1F41",
         "isDefault": true
      },
      "id": 3,
      "name": "",
      "origin": "://"
   }
}
[1541193608.249][DEBUG]: DEVTOOLS EVENT Page.frameStoppedLoading {
   "frameId": "9B91D075C47CD5B426A401DC208F1F41"
}
[1541193608.249][DEBUG]: DEVTOOLS RESPONSE Runtime.evaluate (id=12) {
   "result": {
      "description": "1",
      "type": "number",
      "value": 1
   }
}
[1541193608.249][INFO]: Done waiting for pending navigations. Status: ok
[1541193608.249][DEBUG]: DEVTOOLS COMMAND Page.navigate (id=13) {
   "url": "data:/,"
}
[1541193608.268][DEBUG]: DEVTOOLS EVENT DOM.childNodeCountUpdated {
   "childNodeCount": 0,
   "nodeId": 8
}
[1541193608.268][DEBUG]: DEVTOOLS EVENT Runtime.executionContextDestroyed {
   "executionContextId": 3
}
[1541193608.268][DEBUG]: DEVTOOLS EVENT Page.frameDetached {
   "frameId": "9B91D075C47CD5B426A401DC208F1F41"
}
[1541193608.272][DEBUG]: DEVTOOLS RESPONSE Page.navigate (id=13) {
   "frameId": "482861D0A8F6BF92DC0037BAF384C003",
   "loaderId": "E519F8F207AF4A3672CF6B0B132FFD2F"
}
[1541193608.272][DEBUG]: DEVTOOLS COMMAND Runtime.evaluate (id=14) {
   "expression": "document.URL"
}
[1541193608.291][DEBUG]: DEVTOOLS EVENT Page.frameStartedLoading {
   "frameId": "482861D0A8F6BF92DC0037BAF384C003"
}
[1541193608.312][DEBUG]: DEVTOOLS EVENT Runtime.executionContextDestroyed {
   "executionContextId": 2
}
[1541193608.312][DEBUG]: DEVTOOLS EVENT Runtime.executionContextsCleared {

}
[1541193608.312][DEBUG]: DEVTOOLS EVENT Page.frameNavigated {
   "frame": {
      "id": "482861D0A8F6BF92DC0037BAF384C003",
      "loaderId": "E519F8F207AF4A3672CF6B0B132FFD2F",
      "mimeType": "text/plain",
      "securityOrigin": "://",
      "url": "data:/,"
   }
}
[1541193608.312][DEBUG]: DEVTOOLS EVENT Runtime.executionContextCreated {
   "context": {
      "auxData": {
         "frameId": "482861D0A8F6BF92DC0037BAF384C003",
         "isDefault": true
      },
      "id": 4,
      "name": "",
      "origin": "://"
   }
}
[1541193608.312][DEBUG]: DEVTOOLS EVENT DOM.documentUpdated {

}
[1541193608.312][DEBUG]: DEVTOOLS COMMAND DOM.getDocument (id=15) {

}
[1541193608.312][DEBUG]: DEVTOOLS EVENT Page.loadEventFired {
   "timestamp": 55.701874
}
[1541193608.312][DEBUG]: DEVTOOLS EVENT Page.frameStoppedLoading {
   "frameId": "482861D0A8F6BF92DC0037BAF384C003"
}
[1541193608.312][DEBUG]: DEVTOOLS EVENT DOM.documentUpdated {

}
[1541193608.312][DEBUG]: DEVTOOLS COMMAND DOM.getDocument (id=16) {

}
[1541193608.312][DEBUG]: DEVTOOLS EVENT Page.domContentEventFired {
   "timestamp": 55.702623
}
[1541193608.314][DEBUG]: DEVTOOLS RESPONSE Runtime.evaluate (id=14) {
   "result": {
      "type": "string",
      "value": "data:/,"
   }
}
[1541193608.328][DEBUG]: DEVTOOLS RESPONSE DOM.getDocument (id=15) {
   "root": {
      "backendNodeId": 6,
      "baseURL": "data:/,",
      "childNodeCount": 1,
      "children": [ {
         "attributes": [  ],
         "backendNodeId": 7,
         "childNodeCount": 2,
         "children": [ {
            "attributes": [  ],
            "backendNodeId": 8,
            "childNodeCount": 0,
            "localName": "head",
            "nodeId": 11,
            "nodeName": "HEAD",
            "nodeType": 1,
            "nodeValue": "",
            "parentId": 10
         }, {
            "attributes": [  ],
            "backendNodeId": 9,
            "childNodeCount": 0,
            "localName": "body",
            "nodeId": 12,
            "nodeName": "BODY",
            "nodeType": 1,
            "nodeValue": "",
            "parentId": 10
         } ],
         "frameId": "482861D0A8F6BF92DC0037BAF384C003",
         "localName": "html",
         "nodeId": 10,
         "nodeName": "HTML",
         "nodeType": 1,
         "nodeValue": "",
         "parentId": 9
      } ],
      "documentURL": "data:/,",
      "localName": "",
      "nodeId": 9,
      "nodeName": "#document",
      "nodeType": 9,
      "nodeValue": "",
      "xmlVersion": ""
   }
}
[1541193608.328][DEBUG]: DEVTOOLS RESPONSE DOM.getDocument (id=16) {
   "root": {
      "backendNodeId": 6,
      "baseURL": "data:/,",
      "childNodeCount": 1,
      "children": [ {
         "attributes": [  ],
         "backendNodeId": 7,
         "childNodeCount": 2,
         "children": [ {
            "attributes": [  ],
            "backendNodeId": 8,
            "childNodeCount": 0,
            "localName": "head",
            "nodeId": 15,
            "nodeName": "HEAD",
            "nodeType": 1,
            "nodeValue": "",
            "parentId": 14
         }, {
            "attributes": [  ],
            "backendNodeId": 9,
            "childNodeCount": 0,
            "localName": "body",
            "nodeId": 16,
            "nodeName": "BODY",
            "nodeType": 1,
            "nodeValue": "",
            "parentId": 14
         } ],
         "frameId": "482861D0A8F6BF92DC0037BAF384C003",
         "localName": "html",
         "nodeId": 14,
         "nodeName": "HTML",
         "nodeType": 1,
         "nodeValue": "",
         "parentId": 13
      } ],
      "documentURL": "data:/,",
      "localName": "",
      "nodeId": 13,
      "nodeName": "#document",
      "nodeType": 9,
      "nodeValue": "",
      "xmlVersion": ""
   }
}
[1541193608.328][INFO]: Waiting for pending navigations...
[1541193608.328][DEBUG]: DEVTOOLS COMMAND Runtime.evaluate (id=17) {
   "expression": "1"
}
[1541193608.333][DEBUG]: DEVTOOLS RESPONSE Runtime.evaluate (id=17) {
   "result": {
      "description": "1",
      "type": "number",
      "value": 1
   }
}
[1541193608.333][INFO]: Done waiting for pending navigations. Status: ok
[1541193608.333][INFO]: RESPONSE Navigate
[1541193608.350][INFO]: COMMAND ExecuteScript {
   "args": [ "protractor_sync-test-area", {
      "innerHtml": "\u003Cspan class=\"element-does-exist\">\u003C/span>"
   } ],
   "script": "return (function (id, _options) {\n        var existing = document.querySelector('#' + id);\n        if (existing) {\n            existing.parentNode.removeChild(existing);\n        }\n        var testA..."
}
[1541193608.350][INFO]: Waiting for pending navigations...
[1541193608.350][DEBUG]: DEVTOOLS COMMAND Runtime.evaluate (id=18) {
   "expression": "1"
}
[1541193608.368][DEBUG]: DEVTOOLS RESPONSE Runtime.evaluate (id=18) {
   "result": {
      "description": "1",
      "type": "number",
      "value": 1
   }
}
[1541193608.368][INFO]: Done waiting for pending navigations. Status: ok
[1541193608.368][DEBUG]: DEVTOOLS COMMAND Runtime.evaluate (id=19) {
   "expression": "(function() { // Copyright (c) 2012 The Chromium Authors. All rights reserved.\n// Use of this source code is governed by a BSD-style license that can be\n// found in the LICENSE file.\n\n/**\n * Enum f...",
   "returnByValue": true
}
[1541193608.387][DEBUG]: DEVTOOLS EVENT DOM.childNodeCountUpdated {
   "childNodeCount": 1,
   "nodeId": 16
}
[1541193608.387][DEBUG]: DEVTOOLS RESPONSE Runtime.evaluate (id=19) {
   "result": {
      "type": "object",
      "value": {
         "status": 0
      }
   }
}
[1541193608.387][INFO]: Waiting for pending navigations...
[1541193608.387][DEBUG]: DEVTOOLS COMMAND Runtime.evaluate (id=20) {
   "expression": "1"
}
[1541193608.390][DEBUG]: DEVTOOLS RESPONSE Runtime.evaluate (id=20) {
   "result": {
      "description": "1",
      "type": "number",
      "value": 1
   }
}
[1541193608.390][INFO]: Done waiting for pending navigations. Status: ok
[1541193608.390][INFO]: RESPONSE ExecuteScript
[1541193608.409][INFO]: COMMAND FindElements {
   "using": "css selector",
   "value": "#protractor_sync-test-area"
}
[1541193608.409][INFO]: Waiting for pending navigations...
[1541193608.409][DEBUG]: DEVTOOLS COMMAND Runtime.evaluate (id=21) {
   "expression": "1"
}
[1541193608.409][DEBUG]: DEVTOOLS RESPONSE Runtime.evaluate (id=21) {
   "result": {
      "description": "1",
      "type": "number",
      "value": 1
   }
}
[1541193608.409][INFO]: Done waiting for pending navigations. Status: ok
[1541193608.412][DEBUG]: DEVTOOLS COMMAND Runtime.evaluate (id=22) {
   "expression": "(function() { // Copyright (c) 2012 The Chromium Authors. All rights reserved.\n// Use of this source code is governed by a BSD-style license that can be\n// found in the LICENSE file.\n\n/**\n * Enum f...",
   "returnByValue": true
}
[1541193608.469][DEBUG]: DEVTOOLS RESPONSE Runtime.evaluate (id=22) {
   "result": {
      "type": "object",
      "value": {
         "status": 0,
         "value": [ {
            "ELEMENT": "0.43465613403742087-1"
         } ]
      }
   }
}
[1541193608.470][INFO]: Waiting for pending navigations...
[1541193608.470][DEBUG]: DEVTOOLS COMMAND Runtime.evaluate (id=23) {
   "expression": "1"
}
[1541193608.470][DEBUG]: DEVTOOLS RESPONSE Runtime.evaluate (id=23) {
   "result": {
      "description": "1",
      "type": "number",
      "value": 1
   }
}
[1541193608.470][INFO]: Done waiting for pending navigations. Status: ok
[1541193608.470][INFO]: RESPONSE FindElements [ {
   "ELEMENT": "0.43465613403742087-1"
} ]
[1541193608.529][INFO]: COMMAND Screenshot {

}
[1541193608.529][INFO]: Waiting for pending navigations...
[1541193608.529][DEBUG]: DEVTOOLS COMMAND Runtime.evaluate (id=24) {
   "expression": "1"
}
[1541193608.530][DEBUG]: DEVTOOLS RESPONSE Runtime.evaluate (id=24) {
   "result": {
      "description": "1",
      "type": "number",
      "value": 1
   }
}
[1541193608.530][INFO]: Done waiting for pending navigations. Status: ok
[1541193608.530][DEBUG]: DevTools request: http://localhost:38955/json/activate/482861D0A8F6BF92DC0037BAF384C003
[1541193608.531][DEBUG]: DevTools response: Target activated
[1541193608.531][DEBUG]: DEVTOOLS COMMAND Page.captureScreenshot (id=25) {

}
[1541193608.754][DEBUG]: DEVTOOLS RESPONSE Page.captureScreenshot (id=25) {
   "data": "iVBORw0KGgoAAAANSUhEUgAABVYAAAO+CAYAAADv/k7HAAAcJklEQVR4nOzYwQ3AIBDAsNL9dz5WIC+EZE+Qd9bMzAcAAAAAwLH/dgAAAAAAwGuMVQAAAACAyFgFAAAAAIiMVQAAAACAyFgFAAAAAIiMVQAAAACAyFgFAAAAAIiMVQAAAACAyFgFAAAAAIiMVQAAA..."
}
[1541193608.754][INFO]: Waiting for pending navigations...
[1541193608.754][DEBUG]: DEVTOOLS COMMAND Runtime.evaluate (id=26) {
   "expression": "1"
}
[1541193608.756][DEBUG]: DEVTOOLS RESPONSE Runtime.evaluate (id=26) {
   "result": {
      "description": "1",
      "type": "number",
      "value": 1
   }
}
[1541193608.756][INFO]: Done waiting for pending navigations. Status: ok
[1541193608.756][INFO]: RESPONSE Screenshot "iVBORw0KGgoAAAANSUhEUgAABVYAAAO+CAYAAADv/k7HAAAcJklEQVR4nOzYwQ3AIBDAsNL9dz5WIC+EZE+Qd9bMzAcAAAAAwLH/dgAAAAAAwGuMVQAAAACAyFgFAAAAAIiMVQAAAACAyFgFAAAAAIiMVQAAAACAyFgFAAAAAIiMVQAAAACAyFgFAAAAAIiMVQAAA..."
[1541193608.779][INFO]: COMMAND Quit {

}
[1541193608.829][INFO]: RESPONSE Quit
[1541193608.829][DEBUG]: Log type 'driver' lost 0 entries on destruction
[1541193608.829][DEBUG]: Log type 'browser' lost 0 entries on destruction
