[2.819][INFO]: COMMAND InitSession {
   "desiredCapabilities": {
      "browserName": "chrome",
      "chromeOptions": {
         "args": [ "--disable-gpu", "--single-process", "--no-sandbox", "--data-path=/tmp/data-path", "--homedir=/tmp/homedir", "--disk-cache-dir=/tmp", "--disk-cache-size=1", "--media-cache-size=1", "--allow-file-access-from-files", "--enable-logging", "--v=1", "--disable-web-security", "--disable-extensions", "--ignore-certificate-errors", "--disable-ntp-most-likely-favicons-from-server", "--disable-ntp-popular-sites", "--window-size=1366,1024", "--disable-infobars", "--disable-dev-shm-usage", "..." ],
         "binary": "/tmp/chrome-lambda/chrome",
         "prefs": {
            "credentials_enable_service": false,
            "profile": {
               "password_manager_enabled": false
            }
         }
      },
      "count": 1
   }
}
[2.820][INFO]: Populating Preferences file: {
   "alternate_error_pages": {
      "enabled": false
   },
   "autofill": {
      "enabled": false
   },
   "browser": {
      "check_default_browser": false
   },
   "credentials_enable_service": false,
   "distribution": {
      "import_bookmarks": false,
      "import_history": false,
      "import_search_engine": false,
      "make_chrome_default_for_user": false,
      "show_welcome_page": false,
      "skip_first_run_ui": true
   },
   "dns_prefetching": {
      "enabled": false
   },
   "profile": {
      "password_manager_enabled": false
   },
   "safebrowsing": {
      "enabled": false
   },
   "search": {
      "suggest_enabled": false
   },
   "translate": {
      "enabled": false
   }
}
[2.820][INFO]: Populating Local State file: {
   "background_mode": {
      "enabled": false
   },
   "ssl": {
      "rev_checking": {
         "enabled": false
      }
   }
}
[2.820][INFO]: Launching chrome: /tmp/chrome-lambda/chrome --allow-file-access-from-files --data-path=/tmp/data-path --disable-background-networking --disable-browser-side-navigation --disable-client-side-phishing-detection --disable-default-apps --disable-dev-shm-usage --disable-extensions --disable-extensions-except=/tmp/.org.chromium.Chromium.Oqw48m/internal --disable-gpu --disable-hang-monitor --disable-infobars --disable-ntp-most-likely-favicons-from-server --disable-ntp-popular-sites --disable-popup-blocking --disable-prompt-on-repost --disable-sync --disable-web-resources --disable-web-security --disk-cache-dir=/tmp --disk-cache-size=1 --enable-automation --enable-logging --enable-precise-memory-info --force-fieldtrials=SiteIsolationExtensions/Control --homedir=/tmp/homedir --ignore-certificate-errors --log-level=0 --media-cache-size=1 --metrics-recording-only --no-first-run --no-sandbox --password-store=basic --remote-debugging-port=12093 --safebrowsing-disable-auto-update --single-process --test-type=webdriver --use-mock-keychain --user-data-dir=/tmp/.org.chromium.Chromium.sTzMpq --v=1 --window-size=1366,1024 data:,
[2.821][DEBUG]: DevTools request: http://localhost:12093/json/version
prctl(PR_SET_NO_NEW_PRIVS) failed
Xlib:  extension "RANDR" missing on display ":99".
[51:56:1016/145153.603827:ERROR:bus.cc(395)] Failed to connect to the bus: Failed to connect to socket /var/run/dbus/system_bus_socket: No such file or directory
Xlib:  extension "RANDR" missing on display ":99".

DevTools listening on ws://127.0.0.1:12093/devtools/browser/fde648d5-b66a-4699-ad54-210d3b61c167
[4.572][SEVERE]: CreatePlatformSocket() returned an error, errno=1: Operation not permitted (1)
[51:74:1016/145155.043466:ERROR:io_thread.cc(730)] Cannot use V8 Proxy resolver in single process mode.
[4.573][DEBUG]: DevTools response: {
   "Browser": "Chrome/63.0.3239.84",
   "Protocol-Version": "1.2",
   "User-Agent": "Mozilla/5.0 (X11; Linux x86_64) AppleWebKit/537.36 (KHTML, like Gecko) Chrome/63.0.3239.84 Safari/537.36",
   "V8-Version": "6.3.292.46",
   "WebKit-Version": "537.36 (@0f53a5abc7a405fbe9f1cfd3db38f2092c8a7816)",
   "webSocketDebuggerUrl": "ws://localhost:12093/devtools/browser/fde648d5-b66a-4699-ad54-210d3b61c167"
}

[5.101][DEBUG]: DevTools request: http://localhost:12093/json
[51:74:1016/145155.573248:ERROR:io_thread.cc(730)] Cannot use V8 Proxy resolver in single process mode.
[5.103][DEBUG]: DevTools response: [ {
   "description": "",
   "devtoolsFrontendUrl": "/devtools/inspector.html?ws=localhost:12093/devtools/page/(F02E639D53ED7C8C4FA826D5C698814C)",
   "id": "(F02E639D53ED7C8C4FA826D5C698814C)",
   "title": "",
   "type": "page",
   "url": "data:,",
   "webSocketDebuggerUrl": "ws://localhost:12093/devtools/page/(F02E639D53ED7C8C4FA826D5C698814C)"
} ]

[5.103][DEBUG]: DevTools request: http://localhost:12093/json
[5.104][DEBUG]: DevTools response: [ {
   "description": "",
   "devtoolsFrontendUrl": "/devtools/inspector.html?ws=localhost:12093/devtools/page/(4F84ADAC225F60DDF2F2ABE9063DD679)",
   "id": "(4F84ADAC225F60DDF2F2ABE9063DD679)",
   "title": "Chrome Automation Extension",
   "type": "background_page",
   "url": "chrome-extension://aapnijgdinlhnhlmodcfapnahmbfebeb/_generated_background_page.html",
   "webSocketDebuggerUrl": "ws://localhost:12093/devtools/page/(4F84ADAC225F60DDF2F2ABE9063DD679)"
}, {
   "description": "",
   "devtoolsFrontendUrl": "/devtools/inspector.html?ws=localhost:12093/devtools/page/(F02E639D53ED7C8C4FA826D5C698814C)",
   "id": "(F02E639D53ED7C8C4FA826D5C698814C)",
   "title": "",
   "type": "page",
   "url": "data:,",
   "webSocketDebuggerUrl": "ws://localhost:12093/devtools/page/(F02E639D53ED7C8C4FA826D5C698814C)"
} ]

[5.104][INFO]: resolved localhost to ["127.0.0.1"]
[5.105][DEBUG]: DEVTOOLS COMMAND Log.enable (id=1) {

}
[5.105][DEBUG]: DEVTOOLS COMMAND DOM.getDocument (id=2) {

}
[5.105][DEBUG]: DEVTOOLS COMMAND Runtime.enable (id=3) {

}
[5.105][DEBUG]: DEVTOOLS COMMAND Page.enable (id=4) {

}
[5.105][DEBUG]: DEVTOOLS COMMAND Page.enable (id=5) {

}
[5.151][DEBUG]: DEVTOOLS RESPONSE Log.enable (id=1) {

}
[5.151][DEBUG]: DEVTOOLS RESPONSE DOM.getDocument (id=2) {
   "root": {
      "backendNodeId": 1,
      "baseURL": "about:blank",
      "childNodeCount": 1,
      "children": [ {
         "attributes": [  ],
         "backendNodeId": 2,
         "childNodeCount": 2,
         "children": [ {
            "attributes": [  ],
            "backendNodeId": 3,
            "childNodeCount": 0,
            "localName": "head",
            "nodeId": 3,
            "nodeName": "HEAD",
            "nodeType": 1,
            "nodeValue": "",
            "parentId": 2
         }, {
            "attributes": [  ],
            "backendNodeId": 4,
            "childNodeCount": 0,
            "localName": "body",
            "nodeId": 4,
            "nodeName": "BODY",
            "nodeType": 1,
            "nodeValue": "",
            "parentId": 2
         } ],
         "frameId": "(F02E639D53ED7C8C4FA826D5C698814C)",
         "localName": "html",
         "nodeId": 2,
         "nodeName": "HTML",
         "nodeType": 1,
         "nodeValue": "",
         "parentId": 1
      } ],
      "documentURL": "",
      "localName": "",
      "nodeId": 1,
      "nodeName": "#document",
      "nodeType": 9,
      "nodeValue": "",
      "xmlVersion": ""
   }
}
[5.151][DEBUG]: DEVTOOLS RESPONSE Runtime.enable (id=3) {

}
[5.151][DEBUG]: DEVTOOLS RESPONSE Page.enable (id=4) {

}
[5.151][DEBUG]: DEVTOOLS RESPONSE Page.enable (id=5) {

}
[5.151][DEBUG]: DEVTOOLS COMMAND Page.enable (id=6) {

}
[5.186][DEBUG]: DEVTOOLS EVENT Page.lifecycleEvent {
   "frameId": "(F02E639D53ED7C8C4FA826D5C698814C)",
   "name": "commit",
   "timestamp": 185.889644
}
[5.186][DEBUG]: DEVTOOLS EVENT Page.frameNavigated {
   "frame": {
      "id": "(F02E639D53ED7C8C4FA826D5C698814C)",
      "loaderId": "51.1",
      "mimeType": "text/plain",
      "securityOrigin": "://",
      "url": "data:,"
   }
}
[5.186][DEBUG]: DEVTOOLS EVENT DOM.documentUpdated {

}
[5.186][DEBUG]: DEVTOOLS COMMAND DOM.getDocument (id=7) {

}
[5.186][DEBUG]: DEVTOOLS EVENT Runtime.executionContextCreated {
   "context": {
      "auxData": {
         "frameId": "(F02E639D53ED7C8C4FA826D5C698814C)",
         "isDefault": true
      },
      "id": 1,
      "name": "",
      "origin": "://"
   }
}
[5.189][DEBUG]: DEVTOOLS RESPONSE Page.enable (id=6) {

}
[5.196][DEBUG]: DEVTOOLS RESPONSE DOM.getDocument (id=7) {
   "root": {
      "backendNodeId": 5,
      "baseURL": "data:,",
      "childNodeCount": 1,
      "children": [ {
         "attributes": [  ],
         "backendNodeId": 6,
         "childNodeCount": 2,
         "children": [ {
            "attributes": [  ],
            "backendNodeId": 7,
            "childNodeCount": 0,
            "localName": "head",
            "nodeId": 7,
            "nodeName": "HEAD",
            "nodeType": 1,
            "nodeValue": "",
            "parentId": 6
         }, {
            "attributes": [  ],
            "backendNodeId": 8,
            "childNodeCount": 1,
            "localName": "body",
            "nodeId": 8,
            "nodeName": "BODY",
            "nodeType": 1,
            "nodeValue": "",
            "parentId": 6
         } ],
         "frameId": "(F02E639D53ED7C8C4FA826D5C698814C)",
         "localName": "html",
         "nodeId": 6,
         "nodeName": "HTML",
         "nodeType": 1,
         "nodeValue": "",
         "parentId": 5
      } ],
      "documentURL": "data:,",
      "localName": "",
      "nodeId": 5,
      "nodeName": "#document",
      "nodeType": 9,
      "nodeValue": "",
      "xmlVersion": ""
   }
}
[5.196][DEBUG]: DEVTOOLS COMMAND Runtime.enable (id=8) {

}
[5.205][DEBUG]: DEVTOOLS EVENT Page.loadEventFired {
   "timestamp": 185.935742
}
[5.205][DEBUG]: DEVTOOLS EVENT Page.lifecycleEvent {
   "frameId": "(F02E639D53ED7C8C4FA826D5C698814C)",
   "name": "load",
   "timestamp": 185.935742
}
[5.205][DEBUG]: DEVTOOLS EVENT Page.frameStoppedLoading {
   "frameId": "(F02E639D53ED7C8C4FA826D5C698814C)"
}
[5.205][DEBUG]: DEVTOOLS EVENT Page.domContentEventFired {
   "timestamp": 185.936978
}
[5.205][DEBUG]: DEVTOOLS EVENT Page.lifecycleEvent {
   "frameId": "(F02E639D53ED7C8C4FA826D5C698814C)",
   "name": "DOMContentLoaded",
   "timestamp": 185.936978
}
[5.205][DEBUG]: DEVTOOLS EVENT DOM.documentUpdated {

}
[5.205][DEBUG]: DEVTOOLS COMMAND DOM.getDocument (id=9) {

}
[5.237][DEBUG]: DEVTOOLS RESPONSE Runtime.enable (id=8) {

}
[5.238][DEBUG]: DEVTOOLS RESPONSE DOM.getDocument (id=9) {
   "root": {
      "backendNodeId": 5,
      "baseURL": "data:,",
      "childNodeCount": 1,
      "children": [ {
         "attributes": [  ],
         "backendNodeId": 6,
         "childNodeCount": 2,
         "children": [ {
            "attributes": [  ],
            "backendNodeId": 7,
            "childNodeCount": 0,
            "localName": "head",
            "nodeId": 11,
            "nodeName": "HEAD",
            "nodeType": 1,
            "nodeValue": "",
            "parentId": 10
         }, {
            "attributes": [  ],
            "backendNodeId": 8,
            "childNodeCount": 1,
            "localName": "body",
            "nodeId": 12,
            "nodeName": "BODY",
            "nodeType": 1,
            "nodeValue": "",
            "parentId": 10
         } ],
         "frameId": "(F02E639D53ED7C8C4FA826D5C698814C)",
         "localName": "html",
         "nodeId": 10,
         "nodeName": "HTML",
         "nodeType": 1,
         "nodeValue": "",
         "parentId": 9
      } ],
      "documentURL": "data:,",
      "localName": "",
      "nodeId": 9,
      "nodeName": "#document",
      "nodeType": 9,
      "nodeValue": "",
      "xmlVersion": ""
   }
}
[5.238][DEBUG]: DEVTOOLS COMMAND Runtime.evaluate (id=10) {
   "expression": "(function() { // Copyright (c) 2012 The Chromium Authors. All rights reserved.\n// Use of this source code is governed by a BSD-style license that can be\n// found in the LICENSE file.\n\n/**\n * Enum f...",
   "returnByValue": true
}
[5.248][DEBUG]: DEVTOOLS RESPONSE Runtime.evaluate (id=10) {
   "result": {
      "type": "object",
      "value": {
         "status": 0,
         "value": 1
      }
   }
}
[5.249][INFO]: RESPONSE InitSession {
   "acceptSslCerts": true,
   "applicationCacheEnabled": false,
   "browserConnectionEnabled": false,
   "browserName": "chrome",
   "chrome": {
      "chromedriverVersion": "2.33.506092 (733a02544d189eeb751fe0d7ddca79a0ee28cce4)",
      "userDataDir": "/tmp/.org.chromium.Chromium.sTzMpq"
   },
   "cssSelectorsEnabled": true,
   "databaseEnabled": false,
   "handlesAlerts": true,
   "hasTouchScreen": false,
   "javascriptEnabled": true,
   "locationContextEnabled": true,
   "mobileEmulationEnabled": false,
   "nativeEvents": true,
   "networkConnectionEnabled": false,
   "pageLoadStrategy": "normal",
   "platform": "Linux",
   "rotatable": false,
   "setWindowRect": true,
   "takesHeapSnapshot": true,
   "~~~": "..."
}
[5.279][INFO]: COMMAND SetTimeout {
   "script": 11000
}
[5.281][INFO]: RESPONSE SetTimeout unknown error: 'ms' must be a double
  (Session info: chrome=63.0.3239.84)
[5.300][INFO]: COMMAND SetTimeout {
   "ms": 11000,
   "type": "script"
}
[5.300][INFO]: RESPONSE SetTimeout
[5.522][INFO]: COMMAND SetTimeout {
   "pageLoad": 30000
}
[5.523][INFO]: RESPONSE SetTimeout unknown error: 'ms' must be a double
  (Session info: chrome=63.0.3239.84)
[5.527][INFO]: COMMAND SetTimeout {
   "ms": 30000,
   "type": "page load"
}
[5.527][INFO]: RESPONSE SetTimeout
[5.542][INFO]: COMMAND Navigate {
   "url": "data:/,"
}
[5.542][INFO]: Waiting for pending navigations...
[5.542][DEBUG]: DEVTOOLS COMMAND Runtime.evaluate (id=11) {
   "expression": "1"
}
[5.545][DEBUG]: DEVTOOLS RESPONSE Runtime.evaluate (id=11) {
   "result": {
      "description": "1",
      "type": "number",
      "value": 1
   }
}
[5.545][INFO]: Done waiting for pending navigations. Status: ok
[5.545][DEBUG]: DEVTOOLS COMMAND Page.navigate (id=12) {
   "url": "data:/,"
}
[5.548][DEBUG]: DEVTOOLS EVENT Page.frameStartedLoading {
   "frameId": "(F02E639D53ED7C8C4FA826D5C698814C)"
}
[5.554][DEBUG]: DEVTOOLS EVENT Runtime.executionContextDestroyed {
   "executionContextId": 1
}
[5.554][DEBUG]: DEVTOOLS EVENT Runtime.executionContextsCleared {

}
[5.554][DEBUG]: DEVTOOLS EVENT Page.lifecycleEvent {
   "frameId": "(F02E639D53ED7C8C4FA826D5C698814C)",
   "name": "commit",
   "timestamp": 186.285493
}
[5.554][DEBUG]: DEVTOOLS EVENT Page.frameNavigated {
   "frame": {
      "id": "(F02E639D53ED7C8C4FA826D5C698814C)",
      "loaderId": "51.2",
      "mimeType": "text/plain",
      "securityOrigin": "://",
      "url": "data:/,"
   }
}
[5.554][DEBUG]: DEVTOOLS EVENT Runtime.executionContextCreated {
   "context": {
      "auxData": {
         "frameId": "(F02E639D53ED7C8C4FA826D5C698814C)",
         "isDefault": true
      },
      "id": 3,
      "name": "",
      "origin": "://"
   }
}
[5.554][DEBUG]: DEVTOOLS EVENT DOM.documentUpdated {

}
[5.554][DEBUG]: DEVTOOLS COMMAND DOM.getDocument (id=13) {

}
[5.561][DEBUG]: DEVTOOLS RESPONSE Page.navigate (id=12) {
   "frameId": "(F02E639D53ED7C8C4FA826D5C698814C)"
}
[5.565][DEBUG]: DEVTOOLS EVENT Page.loadEventFired {
   "timestamp": 186.291025
}
[5.565][DEBUG]: DEVTOOLS EVENT Page.lifecycleEvent {
   "frameId": "(F02E639D53ED7C8C4FA826D5C698814C)",
   "name": "load",
   "timestamp": 186.291025
}
[5.565][DEBUG]: DEVTOOLS EVENT Page.frameStoppedLoading {
   "frameId": "(F02E639D53ED7C8C4FA826D5C698814C)"
}
[5.565][DEBUG]: DEVTOOLS EVENT Page.domContentEventFired {
   "timestamp": 186.291234
}
[5.565][DEBUG]: DEVTOOLS EVENT Page.lifecycleEvent {
   "frameId": "(F02E639D53ED7C8C4FA826D5C698814C)",
   "name": "DOMContentLoaded",
   "timestamp": 186.291234
}
[5.565][DEBUG]: DEVTOOLS EVENT DOM.documentUpdated {

}
[5.565][DEBUG]: DEVTOOLS COMMAND DOM.getDocument (id=14) {

}
[5.573][DEBUG]: DEVTOOLS RESPONSE DOM.getDocument (id=13) {
   "root": {
      "backendNodeId": 10,
      "baseURL": "data:/,",
      "childNodeCount": 1,
      "children": [ {
         "attributes": [  ],
         "backendNodeId": 11,
         "childNodeCount": 2,
         "children": [ {
            "attributes": [  ],
            "backendNodeId": 12,
            "childNodeCount": 0,
            "localName": "head",
            "nodeId": 15,
            "nodeName": "HEAD",
            "nodeType": 1,
            "nodeValue": "",
            "parentId": 14
         }, {
            "attributes": [  ],
            "backendNodeId": 13,
            "childNodeCount": 1,
            "localName": "body",
            "nodeId": 16,
            "nodeName": "BODY",
            "nodeType": 1,
            "nodeValue": "",
            "parentId": 14
         } ],
         "frameId": "(F02E639D53ED7C8C4FA826D5C698814C)",
         "localName": "html",
         "nodeId": 14,
         "nodeName": "HTML",
         "nodeType": 1,
         "nodeValue": "",
         "parentId": 13
      } ],
      "documentURL": "data:/,",
      "localName": "",
      "nodeId": 13,
      "nodeName": "#document",
      "nodeType": 9,
      "nodeValue": "",
      "xmlVersion": ""
   }
}
[5.573][DEBUG]: DEVTOOLS RESPONSE DOM.getDocument (id=14) {
   "root": {
      "backendNodeId": 10,
      "baseURL": "data:/,",
      "childNodeCount": 1,
      "children": [ {
         "attributes": [  ],
         "backendNodeId": 11,
         "childNodeCount": 2,
         "children": [ {
            "attributes": [  ],
            "backendNodeId": 12,
            "childNodeCount": 0,
            "localName": "head",
            "nodeId": 19,
            "nodeName": "HEAD",
            "nodeType": 1,
            "nodeValue": "",
            "parentId": 18
         }, {
            "attributes": [  ],
            "backendNodeId": 13,
            "childNodeCount": 1,
            "localName": "body",
            "nodeId": 20,
            "nodeName": "BODY",
            "nodeType": 1,
            "nodeValue": "",
            "parentId": 18
         } ],
         "frameId": "(F02E639D53ED7C8C4FA826D5C698814C)",
         "localName": "html",
         "nodeId": 18,
         "nodeName": "HTML",
         "nodeType": 1,
         "nodeValue": "",
         "parentId": 17
      } ],
      "documentURL": "data:/,",
      "localName": "",
      "nodeId": 17,
      "nodeName": "#document",
      "nodeType": 9,
      "nodeValue": "",
      "xmlVersion": ""
   }
}
[5.573][INFO]: Waiting for pending navigations...
[5.573][DEBUG]: DEVTOOLS COMMAND Runtime.evaluate (id=15) {
   "expression": "1"
}
[5.574][DEBUG]: DEVTOOLS RESPONSE Runtime.evaluate (id=15) {
   "result": {
      "description": "1",
      "type": "number",
      "value": 1
   }
}
[5.574][INFO]: Done waiting for pending navigations. Status: ok
[5.575][INFO]: RESPONSE Navigate
[5.589][INFO]: COMMAND ExecuteScript {
   "args": [ "protractor_sync-test-area", {
      "innerHtml": "\u003Cspan class=\"element-does-exist\">\u003C/span>"
   } ],
   "script": "return (function (id, _options) {\n        var existing = document.querySelector('#' + id);\n        if (existing) {\n            existing.parentNode.removeChild(existing);\n        }\n        var testA..."
}
[5.589][INFO]: Waiting for pending navigations...
[5.589][DEBUG]: DEVTOOLS COMMAND Runtime.evaluate (id=16) {
   "expression": "1"
}
[5.614][DEBUG]: DEVTOOLS RESPONSE Runtime.evaluate (id=16) {
   "result": {
      "description": "1",
      "type": "number",
      "value": 1
   }
}
[5.614][INFO]: Done waiting for pending navigations. Status: ok
[5.614][DEBUG]: DEVTOOLS COMMAND Runtime.evaluate (id=17) {
   "expression": "(function() { // Copyright (c) 2012 The Chromium Authors. All rights reserved.\n// Use of this source code is governed by a BSD-style license that can be\n// found in the LICENSE file.\n\n/**\n * Enum f...",
   "returnByValue": true
}
[5.628][DEBUG]: DEVTOOLS EVENT DOM.childNodeCountUpdated {
   "childNodeCount": 2,
   "nodeId": 20
}
[5.628][DEBUG]: DEVTOOLS RESPONSE Runtime.evaluate (id=17) {
   "result": {
      "type": "object",
      "value": {
         "status": 0,
         "value": null
      }
   }
}
[5.628][INFO]: Waiting for pending navigations...
[5.628][DEBUG]: DEVTOOLS COMMAND Runtime.evaluate (id=18) {
   "expression": "1"
}
[5.629][DEBUG]: DEVTOOLS RESPONSE Runtime.evaluate (id=18) {
   "result": {
      "description": "1",
      "type": "number",
      "value": 1
   }
}
[5.629][INFO]: Done waiting for pending navigations. Status: ok
[5.629][INFO]: RESPONSE ExecuteScript null
[5.644][INFO]: COMMAND FindElements {
   "using": "css selector",
   "value": "#protractor_sync-test-area"
}
[5.644][INFO]: Waiting for pending navigations...
[5.644][DEBUG]: DEVTOOLS COMMAND Runtime.evaluate (id=19) {
   "expression": "1"
}
[5.646][DEBUG]: DEVTOOLS RESPONSE Runtime.evaluate (id=19) {
   "result": {
      "description": "1",
      "type": "number",
      "value": 1
   }
}
[5.646][INFO]: Done waiting for pending navigations. Status: ok
[5.648][DEBUG]: DEVTOOLS COMMAND Runtime.evaluate (id=20) {
   "expression": "(function() { // Copyright (c) 2012 The Chromium Authors. All rights reserved.\n// Use of this source code is governed by a BSD-style license that can be\n// found in the LICENSE file.\n\n/**\n * Enum f...",
   "returnByValue": true
}
[5.664][DEBUG]: DEVTOOLS RESPONSE Runtime.evaluate (id=20) {
   "result": {
      "type": "object",
      "value": {
         "status": 0,
         "value": [ {
            "ELEMENT": "0.07316879444761781-1"
         } ]
      }
   }
}
[5.664][INFO]: Waiting for pending navigations...
[5.664][DEBUG]: DEVTOOLS COMMAND Runtime.evaluate (id=21) {
   "expression": "1"
}
[5.667][DEBUG]: DEVTOOLS RESPONSE Runtime.evaluate (id=21) {
   "result": {
      "description": "1",
      "type": "number",
      "value": 1
   }
}
[5.667][INFO]: Done waiting for pending navigations. Status: ok
[5.667][INFO]: RESPONSE FindElements [ {
   "ELEMENT": "0.07316879444761781-1"
} ]
[5.689][INFO]: COMMAND Screenshot {

}
[5.689][INFO]: Waiting for pending navigations...
[5.689][DEBUG]: DEVTOOLS COMMAND Runtime.evaluate (id=22) {
   "expression": "1"
}
[5.690][DEBUG]: DEVTOOLS RESPONSE Runtime.evaluate (id=22) {
   "result": {
      "description": "1",
      "type": "number",
      "value": 1
   }
}
[5.690][INFO]: Done waiting for pending navigations. Status: ok
[5.690][DEBUG]: DevTools request: http://localhost:12093/json/activate/(F02E639D53ED7C8C4FA826D5C698814C)
[5.691][DEBUG]: DevTools response: Target activated
[5.691][DEBUG]: DEVTOOLS COMMAND Page.captureScreenshot (id=23) {

}
[5.814][DEBUG]: DEVTOOLS RESPONSE Page.captureScreenshot (id=23) {
   "data": "iVBORw0KGgoAAAANSUhEUgAABVYAAAO+CAYAAADv/k7HAAAcJklEQVR4nOzYwQ3AIBDAsNL9dz5WIC+EZE+Qd9bMzAcAAAAAwLH/dgAAAAAAwGuMVQAAAACAyFgFAAAAAIiMVQAAAACAyFgFAAAAAIiMVQAAAACAyFgFAAAAAIiMVQAAAACAyFgFAAAAAIiMVQAAA..."
}
[5.814][INFO]: Waiting for pending navigations...
[5.814][DEBUG]: DEVTOOLS COMMAND Runtime.evaluate (id=24) {
   "expression": "1"
}
[5.824][DEBUG]: DEVTOOLS RESPONSE Runtime.evaluate (id=24) {
   "result": {
      "description": "1",
      "type": "number",
      "value": 1
   }
}
[5.824][INFO]: Done waiting for pending navigations. Status: ok
[5.824][INFO]: RESPONSE Screenshot "iVBORw0KGgoAAAANSUhEUgAABVYAAAO+CAYAAADv/k7HAAAcJklEQVR4nOzYwQ3AIBDAsNL9dz5WIC+EZE+Qd9bMzAcAAAAAwLH/dgAAAAAAwGuMVQAAAACAyFgFAAAAAIiMVQAAAACAyFgFAAAAAIiMVQAAAACAyFgFAAAAAIiMVQAAAACAyFgFAAAAAIiMVQAAA..."
[5.836][INFO]: COMMAND Quit {

}
[5.887][INFO]: RESPONSE Quit
[5.887][DEBUG]: Log type 'driver' lost 0 entries on destruction
[5.887][DEBUG]: Log type 'browser' lost 0 entries on destruction
