[1541437304.140][INFO]: COMMAND InitSession {
   "desiredCapabilities": {
      "browserName": "chrome",
      "chromeOptions": {
         "args": [ "--disable-gpu", "--single-process", "--no-sandbox", "--data-path=/tmp/data-path", "--homedir=/tmp/homedir", "--disk-cache-dir=/tmp", "--disk-cache-size=1", "--media-cache-size=1", "--allow-file-access-from-files", "--enable-logging", "--v=1", "--disable-web-security", "--disable-extensions", "--ignore-certificate-errors", "--disable-ntp-most-likely-favicons-from-server", "--disable-ntp-popular-sites", "--window-size=1366,1024", "--disable-infobars", "--disable-dev-shm-usage", "..." ],
         "binary": "/tmp/chrome-lambda/chrome",
         "prefs": {
            "credentials_enable_service": false,
            "profile": {
               "password_manager_enabled": false
            }
         }
      },
      "count": 1
   }
}
[1541437304.141][INFO]: Populating Preferences file: {
   "alternate_error_pages": {
      "enabled": false
   },
   "autofill": {
      "enabled": false
   },
   "browser": {
      "check_default_browser": false
   },
   "credentials_enable_service": false,
   "distribution": {
      "import_bookmarks": false,
      "import_history": false,
      "import_search_engine": false,
      "make_chrome_default_for_user": false,
      "skip_first_run_ui": true
   },
   "dns_prefetching": {
      "enabled": false
   },
   "profile": {
      "password_manager_enabled": false
   },
   "safebrowsing": {
      "enabled": false
   },
   "search": {
      "suggest_enabled": false
   },
   "translate": {
      "enabled": false
   }
}
[1541437304.141][INFO]: Populating Local State file: {
   "background_mode": {
      "enabled": false
   },
   "ssl": {
      "rev_checking": {
         "enabled": false
      }
   }
}
[1541437304.141][INFO]: Launching chrome: /tmp/chrome-lambda/chrome --allow-file-access-from-files --data-path=/tmp/data-path --disable-background-networking --disable-client-side-phishing-detection --disable-default-apps --disable-dev-shm-usage --disable-extensions --disable-extensions-except=/tmp/.org.chromium.Chromium.9KQUUN/internal --disable-gpu --disable-hang-monitor --disable-infobars --disable-ntp-most-likely-favicons-from-server --disable-ntp-popular-sites --disable-popup-blocking --disable-prompt-on-repost --disable-sync --disable-web-resources --disable-web-security --disk-cache-dir=/tmp --disk-cache-size=1 --enable-automation --enable-logging --enable-precise-memory-info --force-fieldtrials=SiteIsolationExtensions/Control --homedir=/tmp/homedir --ignore-certificate-errors --log-level=0 --media-cache-size=1 --metrics-recording-only --no-first-run --no-sandbox --password-store=basic --remote-debugging-port=0 --single-process --test-type=webdriver --use-mock-keychain --user-data-dir=/tmp/.org.chromium.Chromium.xvmdTz --v=1 --window-size=1366,1024 data:,
prctl(PR_SET_NO_NEW_PRIVS) failed
Xlib:  extension "RANDR" missing on display ":99".
Fontconfig warning: "/etc/fonts/conf.d/30-metric-aliases.conf", line 84: Having multiple <family> in <alias> isn't supported and may not work as expected
Fontconfig warning: "/etc/fonts/conf.d/30-metric-aliases.conf", line 84: Having multiple <family> in <alias> isn't supported and may not work as expected
Fontconfig warning: "/etc/fonts/conf.d/30-metric-aliases.conf", line 93: Having multiple <family> in <alias> isn't supported and may not work as expected
Fontconfig warning: "/etc/fonts/conf.d/30-metric-aliases.conf", line 93: Having multiple <family> in <alias> isn't supported and may not work as expected
Fontconfig warning: "/etc/fonts/conf.d/30-metric-aliases.conf", line 102: Having multiple <family> in <alias> isn't supported and may not work as expected
Fontconfig warning: "/etc/fonts/conf.d/30-metric-aliases.conf", line 102: Having multiple <family> in <alias> isn't supported and may not work as expected
Fontconfig warning: "/etc/fonts/conf.d/40-nonlatin.conf", line 33: Having multiple <family> in <alias> isn't supported and may not work as expected
Fontconfig warning: "/etc/fonts/conf.d/40-nonlatin.conf", line 33: Having multiple <family> in <alias> isn't supported and may not work as expected
Fontconfig warning: "/etc/fonts/conf.d/40-nonlatin.conf", line 33: Having multiple <family> in <alias> isn't supported and may not work as expected
Fontconfig warning: "/etc/fonts/conf.d/40-nonlatin.conf", line 33: Having multiple <family> in <alias> isn't supported and may not work as expected
Fontconfig warning: "/etc/fonts/conf.d/40-nonlatin.conf", line 33: Having multiple <family> in <alias> isn't supported and may not work as expected
Fontconfig warning: "/etc/fonts/conf.d/40-nonlatin.conf", line 33: Having multiple <family> in <alias> isn't supported and may not work as expected
Fontconfig warning: "/etc/fonts/conf.d/40-nonlatin.conf", line 33: Having multiple <family> in <alias> isn't supported and may not work as expected
Fontconfig warning: "/etc/fonts/conf.d/40-nonlatin.conf", line 33: Having multiple <family> in <alias> isn't supported and may not work as expected
Fontconfig warning: "/etc/fonts/conf.d/40-nonlatin.conf", line 33: Having multiple <family> in <alias> isn't supported and may not work as expected
Fontconfig warning: "/etc/fonts/conf.d/40-nonlatin.conf", line 33: Having multiple <family> in <alias> isn't supported and may not work as expected
Fontconfig warning: "/etc/fonts/conf.d/40-nonlatin.conf", line 33: Having multiple <family> in <alias> isn't supported and may not work as expected
Fontconfig warning: "/etc/fonts/conf.d/40-nonlatin.conf", line 33: Having multiple <family> in <alias> isn't supported and may not work as expected
Fontconfig warning: "/etc/fonts/conf.d/40-nonlatin.conf", line 33: Having multiple <family> in <alias> isn't supported and may not work as expected
Fontconfig warning: "/etc/fonts/conf.d/40-nonlatin.conf", line 33: Having multiple <family> in <alias> isn't supported and may not work as expected
Fontconfig warning: "/etc/fonts/conf.d/40-nonlatin.conf", line 33: Having multiple <family> in <alias> isn't supported and may not work as expected
Fontconfig warning: "/etc/fonts/conf.d/40-nonlatin.conf", line 33: Having multiple <family> in <alias> isn't supported and may not work as expected
Fontconfig warning: "/etc/fonts/conf.d/40-nonlatin.conf", line 33: Having multiple <family> in <alias> isn't supported and may not work as expected
Fontconfig warning: "/etc/fonts/conf.d/40-nonlatin.conf", line 33: Having multiple <family> in <alias> isn't supported and may not work as expected
Fontconfig warning: "/etc/fonts/conf.d/40-nonlatin.conf", line 59: Having multiple <family> in <alias> isn't supported and may not work as expected
Fontconfig warning: "/etc/fonts/conf.d/40-nonlatin.conf", line 59: Having multiple <family> in <alias> isn't supported and may not work as expected
Fontconfig warning: "/etc/fonts/conf.d/40-nonlatin.conf", line 59: Having multiple <family> in <alias> isn't supported and may not work as expected
Fontconfig warning: "/etc/fonts/conf.d/40-nonlatin.conf", line 59: Having multiple <family> in <alias> isn't supported and may not work as expected
Fontconfig warning: "/etc/fonts/conf.d/40-nonlatin.conf", line 59: Having multiple <family> in <alias> isn't supported and may not work as expected
Fontconfig warning: "/etc/fonts/conf.d/40-nonlatin.conf", line 59: Having multiple <family> in <alias> isn't supported and may not work as expected
Fontconfig warning: "/etc/fonts/conf.d/40-nonlatin.conf", line 59: Having multiple <family> in <alias> isn't supported and may not work as expected
Fontconfig warning: "/etc/fonts/conf.d/40-nonlatin.conf", line 59: Having multiple <family> in <alias> isn't supported and may not work as expected
Fontconfig warning: "/etc/fonts/conf.d/40-nonlatin.conf", line 59: Having multiple <family> in <alias> isn't supported and may not work as expected
Fontconfig warning: "/etc/fonts/conf.d/40-nonlatin.conf", line 59: Having multiple <family> in <alias> isn't supported and may not work as expected
Fontconfig warning: "/etc/fonts/conf.d/40-nonlatin.conf", line 59: Having multiple <family> in <alias> isn't supported and may not work as expected
Fontconfig warning: "/etc/fonts/conf.d/40-nonlatin.conf", line 59: Having multiple <family> in <alias> isn't supported and may not work as expected
Fontconfig warning: "/etc/fonts/conf.d/40-nonlatin.conf", line 59: Having multiple <family> in <alias> isn't supported and may not work as expected
Fontconfig warning: "/etc/fonts/conf.d/40-nonlatin.conf", line 59: Having multiple <family> in <alias> isn't supported and may not work as expected
Fontconfig warning: "/etc/fonts/conf.d/40-nonlatin.conf", line 59: Having multiple <family> in <alias> isn't supported and may not work as expected
Fontconfig warning: "/etc/fonts/conf.d/40-nonlatin.conf", line 59: Having multiple <family> in <alias> isn't supported and may not work as expected
Fontconfig warning: "/etc/fonts/conf.d/40-nonlatin.conf", line 59: Having multiple <family> in <alias> isn't supported and may not work as expected
Fontconfig warning: "/etc/fonts/conf.d/40-nonlatin.conf", line 59: Having multiple <family> in <alias> isn't supported and may not work as expected
Fontconfig warning: "/etc/fonts/conf.d/40-nonlatin.conf", line 59: Having multiple <family> in <alias> isn't supported and may not work as expected
Fontconfig warning: "/etc/fonts/conf.d/40-nonlatin.conf", line 68: Having multiple <family> in <alias> isn't supported and may not work as expected
Fontconfig warning: "/etc/fonts/conf.d/40-nonlatin.conf", line 68: Having multiple <family> in <alias> isn't supported and may not work as expected
Fontconfig warning: "/etc/fonts/conf.d/40-nonlatin.conf", line 79: Having multiple <family> in <alias> isn't supported and may not work as expected
Fontconfig warning: "/etc/fonts/conf.d/40-nonlatin.conf", line 79: Having multiple <family> in <alias> isn't supported and may not work as expected
Fontconfig warning: "/etc/fonts/conf.d/40-nonlatin.conf", line 79: Having multiple <family> in <alias> isn't supported and may not work as expected
Fontconfig warning: "/etc/fonts/conf.d/40-nonlatin.conf", line 88: Having multiple <family> in <alias> isn't supported and may not work as expected
Fontconfig warning: "/etc/fonts/conf.d/45-latin.conf", line 23: Having multiple <family> in <alias> isn't supported and may not work as expected
Fontconfig warning: "/etc/fonts/conf.d/45-latin.conf", line 23: Having multiple <family> in <alias> isn't supported and may not work as expected
Fontconfig warning: "/etc/fonts/conf.d/45-latin.conf", line 23: Having multiple <family> in <alias> isn't supported and may not work as expected
Fontconfig warning: "/etc/fonts/conf.d/45-latin.conf", line 23: Having multiple <family> in <alias> isn't supported and may not work as expected
Fontconfig warning: "/etc/fonts/conf.d/45-latin.conf", line 23: Having multiple <family> in <alias> isn't supported and may not work as expected
Fontconfig warning: "/etc/fonts/conf.d/45-latin.conf", line 23: Having multiple <family> in <alias> isn't supported and may not work as expected
Fontconfig warning: "/etc/fonts/conf.d/45-latin.conf", line 23: Having multiple <family> in <alias> isn't supported and may not work as expected
Fontconfig warning: "/etc/fonts/conf.d/45-latin.conf", line 23: Having multiple <family> in <alias> isn't supported and may not work as expected
Fontconfig warning: "/etc/fonts/conf.d/45-latin.conf", line 39: Having multiple <family> in <alias> isn't supported and may not work as expected
Fontconfig warning: "/etc/fonts/conf.d/45-latin.conf", line 39: Having multiple <family> in <alias> isn't supported and may not work as expected
Fontconfig warning: "/etc/fonts/conf.d/45-latin.conf", line 39: Having multiple <family> in <alias> isn't supported and may not work as expected
Fontconfig warning: "/etc/fonts/conf.d/45-latin.conf", line 39: Having multiple <family> in <alias> isn't supported and may not work as expected
Fontconfig warning: "/etc/fonts/conf.d/45-latin.conf", line 39: Having multiple <family> in <alias> isn't supported and may not work as expected
Fontconfig warning: "/etc/fonts/conf.d/45-latin.conf", line 39: Having multiple <family> in <alias> isn't supported and may not work as expected
Fontconfig warning: "/etc/fonts/conf.d/45-latin.conf", line 39: Having multiple <family> in <alias> isn't supported and may not work as expected
Fontconfig warning: "/etc/fonts/conf.d/45-latin.conf", line 39: Having multiple <family> in <alias> isn't supported and may not work as expected
Fontconfig warning: "/etc/fonts/conf.d/45-latin.conf", line 39: Having multiple <family> in <alias> isn't supported and may not work as expected
Fontconfig warning: "/etc/fonts/conf.d/45-latin.conf", line 56: Having multiple <family> in <alias> isn't supported and may not work as expected
Fontconfig warning: "/etc/fonts/conf.d/45-latin.conf", line 56: Having multiple <family> in <alias> isn't supported and may not work as expected
Fontconfig warning: "/etc/fonts/conf.d/45-latin.conf", line 56: Having multiple <family> in <alias> isn't supported and may not work as expected
Fontconfig warning: "/etc/fonts/conf.d/45-latin.conf", line 56: Having multiple <family> in <alias> isn't supported and may not work as expected
Fontconfig warning: "/etc/fonts/conf.d/45-latin.conf", line 56: Having multiple <family> in <alias> isn't supported and may not work as expected
Fontconfig warning: "/etc/fonts/conf.d/45-latin.conf", line 56: Having multiple <family> in <alias> isn't supported and may not work as expected
Fontconfig warning: "/etc/fonts/conf.d/45-latin.conf", line 56: Having multiple <family> in <alias> isn't supported and may not work as expected
Fontconfig warning: "/etc/fonts/conf.d/45-latin.conf", line 56: Having multiple <family> in <alias> isn't supported and may not work as expected
Fontconfig warning: "/etc/fonts/conf.d/45-latin.conf", line 56: Having multiple <family> in <alias> isn't supported and may not work as expected
Fontconfig warning: "/etc/fonts/conf.d/45-latin.conf", line 56: Having multiple <family> in <alias> isn't supported and may not work as expected
Fontconfig warning: "/etc/fonts/conf.d/45-latin.conf", line 66: Having multiple <family> in <alias> isn't supported and may not work as expected
Fontconfig warning: "/etc/fonts/conf.d/45-latin.conf", line 66: Having multiple <family> in <alias> isn't supported and may not work as expected
Fontconfig warning: "/etc/fonts/conf.d/45-latin.conf", line 66: Having multiple <family> in <alias> isn't supported and may not work as expected
Fontconfig warning: "/etc/fonts/conf.d/45-latin.conf", line 75: Having multiple <family> in <alias> isn't supported and may not work as expected
Fontconfig warning: "/etc/fonts/conf.d/45-latin.conf", line 75: Having multiple <family> in <alias> isn't supported and may not work as expected
Fontconfig warning: "/etc/fonts/fonts.conf", line 142: blank doesn't take any effect anymore. please remove it from your fonts.conf

(chrome:44): GLib-GIO-CRITICAL **: g_settings_schema_source_lookup: assertion 'source != NULL' failed

(chrome:44): GLib-GIO-CRITICAL **: g_settings_schema_source_lookup: assertion 'source != NULL' failed
[44:44:1105/170145.653281:ERROR:default_network_context_params.cc(60)] Cannot use V8 Proxy resolver in single process mode.
[44:56:1105/170145.653922:ERROR:bus.cc(394)] Failed to connect to the bus: Failed to connect to socket /var/run/dbus/system_bus_socket: No such file or directory
Xlib:  extension "RANDR" missing on display ":99".
[44:44:1105/170145.662968:ERROR:gpu_process_transport_factory.cc(1016)] Lost UI shared context.
[44:44:1105/170145.717893:ERROR:default_network_context_params.cc(60)] Cannot use V8 Proxy resolver in single process mode.

DevTools listening on ws://127.0.0.1:32923/devtools/browser/7d2042cb-662a-49c5-86b3-755213ff09cc
[1541437305.772][DEBUG]: DevTools request: http://localhost:32923/json/version
[1541437305.773][SEVERE]: CreatePlatformSocket() returned an error, errno=97: Address family not supported by protocol (97)
[1541437305.796][DEBUG]: DevTools response: {
   "Browser": "Chrome/68.0.3440.75",
   "Protocol-Version": "1.3",
   "User-Agent": "Mozilla/5.0 (X11; Linux x86_64) AppleWebKit/537.36 (KHTML, like Gecko) Chrome/68.0.3440.75 Safari/537.36",
   "V8-Version": "6.8.275.24",
   "WebKit-Version": "537.36 (@cf598d63a4f1b9e7cd14f2a8433276b196e3e07d)",
   "webSocketDebuggerUrl": "ws://localhost:32923/devtools/browser/7d2042cb-662a-49c5-86b3-755213ff09cc"
}

[1541437305.801][DEBUG]: DevTools request: http://localhost:32923/json
[1541437305.874][DEBUG]: DevTools response: [ {
   "description": "",
   "devtoolsFrontendUrl": "/devtools/inspector.html?ws=localhost:32923/devtools/page/D19E619F348709BEE7977141CD72A946",
   "id": "D19E619F348709BEE7977141CD72A946",
   "title": "Chrome Automation Extension",
   "type": "background_page",
   "url": "chrome-extension://aapnijgdinlhnhlmodcfapnahmbfebeb/_generated_background_page.html",
   "webSocketDebuggerUrl": "ws://localhost:32923/devtools/page/D19E619F348709BEE7977141CD72A946"
}, {
   "description": "",
   "devtoolsFrontendUrl": "/devtools/inspector.html?ws=localhost:32923/devtools/page/9A8D015DBADFEC51F7FB19EA487E3F68",
   "id": "9A8D015DBADFEC51F7FB19EA487E3F68",
   "title": "",
   "type": "page",
   "url": "data:,",
   "webSocketDebuggerUrl": "ws://localhost:32923/devtools/page/9A8D015DBADFEC51F7FB19EA487E3F68"
} ]

[1541437305.874][DEBUG]: DevTools request: http://localhost:32923/json
[1541437305.875][DEBUG]: DevTools response: [ {
   "description": "",
   "devtoolsFrontendUrl": "/devtools/inspector.html?ws=localhost:32923/devtools/page/D19E619F348709BEE7977141CD72A946",
   "id": "D19E619F348709BEE7977141CD72A946",
   "title": "Chrome Automation Extension",
   "type": "background_page",
   "url": "chrome-extension://aapnijgdinlhnhlmodcfapnahmbfebeb/_generated_background_page.html",
   "webSocketDebuggerUrl": "ws://localhost:32923/devtools/page/D19E619F348709BEE7977141CD72A946"
}, {
   "description": "",
   "devtoolsFrontendUrl": "/devtools/inspector.html?ws=localhost:32923/devtools/page/9A8D015DBADFEC51F7FB19EA487E3F68",
   "id": "9A8D015DBADFEC51F7FB19EA487E3F68",
   "title": "",
   "type": "page",
   "url": "data:,",
   "webSocketDebuggerUrl": "ws://localhost:32923/devtools/page/9A8D015DBADFEC51F7FB19EA487E3F68"
} ]

[1541437305.875][INFO]: resolved localhost to ["127.0.0.1"]
[1541437305.875][DEBUG]: DEVTOOLS COMMAND Log.enable (id=1) {

}
[1541437305.876][DEBUG]: DEVTOOLS COMMAND DOM.getDocument (id=2) {

}
[1541437305.876][DEBUG]: DEVTOOLS COMMAND Target.setAutoAttach (id=3) {
   "autoAttach": true,
   "waitForDebuggerOnStart": false
}
[1541437305.876][DEBUG]: DEVTOOLS COMMAND Page.enable (id=4) {

}
[1541437305.876][DEBUG]: DEVTOOLS COMMAND Page.enable (id=5) {

}
[1541437305.941][DEBUG]: DEVTOOLS RESPONSE Log.enable (id=1) {

}
[1541437305.942][DEBUG]: DEVTOOLS RESPONSE DOM.getDocument (id=2) {
   "root": {
      "backendNodeId": 1,
      "baseURL": "about:blank",
      "childNodeCount": 1,
      "children": [ {
         "attributes": [  ],
         "backendNodeId": 2,
         "childNodeCount": 2,
         "children": [ {
            "attributes": [  ],
            "backendNodeId": 3,
            "childNodeCount": 0,
            "localName": "head",
            "nodeId": 3,
            "nodeName": "HEAD",
            "nodeType": 1,
            "nodeValue": "",
            "parentId": 2
         }, {
            "attributes": [  ],
            "backendNodeId": 4,
            "childNodeCount": 0,
            "localName": "body",
            "nodeId": 4,
            "nodeName": "BODY",
            "nodeType": 1,
            "nodeValue": "",
            "parentId": 2
         } ],
         "frameId": "9A8D015DBADFEC51F7FB19EA487E3F68",
         "localName": "html",
         "nodeId": 2,
         "nodeName": "HTML",
         "nodeType": 1,
         "nodeValue": "",
         "parentId": 1
      } ],
      "documentURL": "",
      "localName": "",
      "nodeId": 1,
      "nodeName": "#document",
      "nodeType": 9,
      "nodeValue": "",
      "xmlVersion": ""
   }
}
[1541437305.942][DEBUG]: DEVTOOLS RESPONSE Target.setAutoAttach (id=3) {

}
[1541437305.942][DEBUG]: DEVTOOLS RESPONSE Page.enable (id=4) {

}
[1541437305.942][DEBUG]: DEVTOOLS RESPONSE Page.enable (id=5) {

}
[1541437305.942][DEBUG]: DEVTOOLS COMMAND Runtime.enable (id=6) {

}
[1541437306.017][DEBUG]: DEVTOOLS EVENT Page.frameNavigated {
   "frame": {
      "id": "9A8D015DBADFEC51F7FB19EA487E3F68",
      "loaderId": "86C56951195BE28556D888DC0855A535",
      "mimeType": "text/plain",
      "securityOrigin": "://",
      "url": "data:,"
   }
}
[1541437306.017][DEBUG]: DEVTOOLS EVENT DOM.documentUpdated {

}
[1541437306.017][DEBUG]: DEVTOOLS COMMAND DOM.getDocument (id=7) {

}
[1541437306.017][DEBUG]: DEVTOOLS EVENT Page.loadEventFired {
   "timestamp": 61.462094
}
[1541437306.017][DEBUG]: DEVTOOLS EVENT Page.frameStoppedLoading {
   "frameId": "9A8D015DBADFEC51F7FB19EA487E3F68"
}
[1541437306.017][DEBUG]: DEVTOOLS EVENT DOM.documentUpdated {

}
[1541437306.017][DEBUG]: DEVTOOLS COMMAND DOM.getDocument (id=8) {

}
[1541437306.018][DEBUG]: DEVTOOLS EVENT Page.domContentEventFired {
   "timestamp": 61.462777
}
[1541437306.032][DEBUG]: DEVTOOLS EVENT Runtime.executionContextCreated {
   "context": {
      "auxData": {
         "frameId": "9A8D015DBADFEC51F7FB19EA487E3F68",
         "isDefault": true
      },
      "id": 2,
      "name": "",
      "origin": "://"
   }
}
[1541437306.032][DEBUG]: DEVTOOLS RESPONSE Runtime.enable (id=6) {

}
[1541437306.043][DEBUG]: DEVTOOLS RESPONSE DOM.getDocument (id=7) {
   "root": {
      "backendNodeId": 5,
      "baseURL": "data:,",
      "childNodeCount": 1,
      "children": [ {
         "attributes": [  ],
         "backendNodeId": 6,
         "childNodeCount": 2,
         "children": [ {
            "attributes": [  ],
            "backendNodeId": 7,
            "childNodeCount": 0,
            "localName": "head",
            "nodeId": 7,
            "nodeName": "HEAD",
            "nodeType": 1,
            "nodeValue": "",
            "parentId": 6
         }, {
            "attributes": [  ],
            "backendNodeId": 8,
            "childNodeCount": 0,
            "localName": "body",
            "nodeId": 8,
            "nodeName": "BODY",
            "nodeType": 1,
            "nodeValue": "",
            "parentId": 6
         } ],
         "frameId": "9A8D015DBADFEC51F7FB19EA487E3F68",
         "localName": "html",
         "nodeId": 6,
         "nodeName": "HTML",
         "nodeType": 1,
         "nodeValue": "",
         "parentId": 5
      } ],
      "documentURL": "data:,",
      "localName": "",
      "nodeId": 5,
      "nodeName": "#document",
      "nodeType": 9,
      "nodeValue": "",
      "xmlVersion": ""
   }
}
[1541437306.044][DEBUG]: DEVTOOLS RESPONSE DOM.getDocument (id=8) {
   "root": {
      "backendNodeId": 5,
      "baseURL": "data:,",
      "childNodeCount": 1,
      "children": [ {
         "attributes": [  ],
         "backendNodeId": 6,
         "childNodeCount": 2,
         "children": [ {
            "attributes": [  ],
            "backendNodeId": 7,
            "childNodeCount": 0,
            "localName": "head",
            "nodeId": 11,
            "nodeName": "HEAD",
            "nodeType": 1,
            "nodeValue": "",
            "parentId": 10
         }, {
            "attributes": [  ],
            "backendNodeId": 8,
            "childNodeCount": 0,
            "localName": "body",
            "nodeId": 12,
            "nodeName": "BODY",
            "nodeType": 1,
            "nodeValue": "",
            "parentId": 10
         } ],
         "frameId": "9A8D015DBADFEC51F7FB19EA487E3F68",
         "localName": "html",
         "nodeId": 10,
         "nodeName": "HTML",
         "nodeType": 1,
         "nodeValue": "",
         "parentId": 9
      } ],
      "documentURL": "data:,",
      "localName": "",
      "nodeId": 9,
      "nodeName": "#document",
      "nodeType": 9,
      "nodeValue": "",
      "xmlVersion": ""
   }
}
[1541437306.044][DEBUG]: DEVTOOLS COMMAND Page.enable (id=9) {

}
[1541437306.045][DEBUG]: DEVTOOLS RESPONSE Page.enable (id=9) {

}
[1541437306.045][DEBUG]: DEVTOOLS COMMAND Runtime.enable (id=10) {

}
[1541437306.045][DEBUG]: DEVTOOLS RESPONSE Runtime.enable (id=10) {

}
[1541437306.046][DEBUG]: DEVTOOLS COMMAND Runtime.evaluate (id=11) {
   "expression": "(function() { // Copyright (c) 2012 The Chromium Authors. All rights reserved.\n// Use of this source code is governed by a BSD-style license that can be\n// found in the LICENSE file.\n\n/**\n * Enum f...",
   "returnByValue": true
}
[1541437306.052][DEBUG]: DEVTOOLS RESPONSE Runtime.evaluate (id=11) {
   "result": {
      "type": "object",
      "value": {
         "status": 0,
         "value": 1
      }
   }
}
[1541437306.052][INFO]: RESPONSE InitSession {
   "acceptInsecureCerts": false,
   "acceptSslCerts": false,
   "applicationCacheEnabled": false,
   "browserConnectionEnabled": false,
   "browserName": "chrome",
   "chrome": {
      "chromedriverVersion": "2.39.562737 (dba483cee6a5f15e2e2d73df16968ab10b38a2bf)",
      "userDataDir": "/tmp/.org.chromium.Chromium.xvmdTz"
   },
   "cssSelectorsEnabled": true,
   "databaseEnabled": false,
   "handlesAlerts": true,
   "hasTouchScreen": false,
   "javascriptEnabled": true,
   "locationContextEnabled": true,
   "mobileEmulationEnabled": false,
   "nativeEvents": true,
   "networkConnectionEnabled": false,
   "pageLoadStrategy": "normal",
   "platform": "Linux",
   "rotatable": false,
   "setWindowRect": true,
   "~~~": "..."
}
[1541437306.080][INFO]: COMMAND SetTimeout {
   "script": 11000
}
[1541437306.082][INFO]: RESPONSE SetTimeout unknown error: 'ms' must be a double
  (Session info: chrome=68.0.3440.75)
[1541437306.099][INFO]: COMMAND SetTimeout {
   "ms": 11000,
   "type": "script"
}
[1541437306.099][INFO]: RESPONSE SetTimeout
[1541437306.401][INFO]: COMMAND SetTimeout {
   "pageLoad": 30000
}
[1541437306.412][INFO]: RESPONSE SetTimeout unknown error: 'ms' must be a double
  (Session info: chrome=68.0.3440.75)
[1541437306.416][INFO]: COMMAND SetTimeout {
   "ms": 30000,
   "type": "page load"
}
[1541437306.416][INFO]: RESPONSE SetTimeout
[1541437306.438][INFO]: COMMAND Navigate {
   "url": "data:/,"
}
[1541437306.438][INFO]: Waiting for pending navigations...
[1541437306.438][DEBUG]: DEVTOOLS COMMAND Runtime.evaluate (id=12) {
   "expression": "1"
}
[1541437306.440][DEBUG]: DEVTOOLS RESPONSE Runtime.evaluate (id=12) {
   "result": {
      "description": "1",
      "type": "number",
      "value": 1
   }
}
[1541437306.440][INFO]: Done waiting for pending navigations. Status: ok
[1541437306.440][DEBUG]: DEVTOOLS COMMAND Page.navigate (id=13) {
   "url": "data:/,"
}
[1541437306.448][DEBUG]: DEVTOOLS RESPONSE Page.navigate (id=13) {
   "frameId": "9A8D015DBADFEC51F7FB19EA487E3F68",
   "loaderId": "1494E37531AB485B3FBB9EF6E742572C"
}
[1541437306.448][DEBUG]: DEVTOOLS COMMAND Runtime.evaluate (id=14) {
   "expression": "document.URL"
}
[1541437306.458][DEBUG]: DEVTOOLS EVENT Page.frameStartedLoading {
   "frameId": "9A8D015DBADFEC51F7FB19EA487E3F68"
}
[1541437306.477][DEBUG]: DEVTOOLS EVENT Runtime.executionContextDestroyed {
   "executionContextId": 2
}
[1541437306.477][DEBUG]: DEVTOOLS EVENT Runtime.executionContextsCleared {

}
[1541437306.477][DEBUG]: DEVTOOLS EVENT Page.frameNavigated {
   "frame": {
      "id": "9A8D015DBADFEC51F7FB19EA487E3F68",
      "loaderId": "1494E37531AB485B3FBB9EF6E742572C",
      "mimeType": "text/plain",
      "securityOrigin": "://",
      "url": "data:/,"
   }
}
[1541437306.477][DEBUG]: DEVTOOLS EVENT Runtime.executionContextCreated {
   "context": {
      "auxData": {
         "frameId": "9A8D015DBADFEC51F7FB19EA487E3F68",
         "isDefault": true
      },
      "id": 3,
      "name": "",
      "origin": "://"
   }
}
[1541437306.478][DEBUG]: DEVTOOLS EVENT DOM.documentUpdated {

}
[1541437306.478][DEBUG]: DEVTOOLS COMMAND DOM.getDocument (id=15) {

}
[1541437306.478][DEBUG]: DEVTOOLS EVENT Page.loadEventFired {
   "timestamp": 61.970289
}
[1541437306.478][DEBUG]: DEVTOOLS EVENT Page.frameStoppedLoading {
   "frameId": "9A8D015DBADFEC51F7FB19EA487E3F68"
}
[1541437306.478][DEBUG]: DEVTOOLS EVENT DOM.documentUpdated {

}
[1541437306.478][DEBUG]: DEVTOOLS COMMAND DOM.getDocument (id=16) {

}
[1541437306.478][DEBUG]: DEVTOOLS EVENT Page.domContentEventFired {
   "timestamp": 61.970731
}
[1541437306.478][DEBUG]: DEVTOOLS RESPONSE Runtime.evaluate (id=14) {
   "result": {
      "type": "string",
      "value": "data:/,"
   }
}
[1541437306.480][DEBUG]: DEVTOOLS RESPONSE DOM.getDocument (id=15) {
   "root": {
      "backendNodeId": 9,
      "baseURL": "data:/,",
      "childNodeCount": 1,
      "children": [ {
         "attributes": [  ],
         "backendNodeId": 10,
         "childNodeCount": 2,
         "children": [ {
            "attributes": [  ],
            "backendNodeId": 11,
            "childNodeCount": 0,
            "localName": "head",
            "nodeId": 15,
            "nodeName": "HEAD",
            "nodeType": 1,
            "nodeValue": "",
            "parentId": 14
         }, {
            "attributes": [  ],
            "backendNodeId": 12,
            "childNodeCount": 0,
            "localName": "body",
            "nodeId": 16,
            "nodeName": "BODY",
            "nodeType": 1,
            "nodeValue": "",
            "parentId": 14
         } ],
         "frameId": "9A8D015DBADFEC51F7FB19EA487E3F68",
         "localName": "html",
         "nodeId": 14,
         "nodeName": "HTML",
         "nodeType": 1,
         "nodeValue": "",
         "parentId": 13
      } ],
      "documentURL": "data:/,",
      "localName": "",
      "nodeId": 13,
      "nodeName": "#document",
      "nodeType": 9,
      "nodeValue": "",
      "xmlVersion": ""
   }
}
[1541437306.480][DEBUG]: DEVTOOLS RESPONSE DOM.getDocument (id=16) {
   "root": {
      "backendNodeId": 9,
      "baseURL": "data:/,",
      "childNodeCount": 1,
      "children": [ {
         "attributes": [  ],
         "backendNodeId": 10,
         "childNodeCount": 2,
         "children": [ {
            "attributes": [  ],
            "backendNodeId": 11,
            "childNodeCount": 0,
            "localName": "head",
            "nodeId": 19,
            "nodeName": "HEAD",
            "nodeType": 1,
            "nodeValue": "",
            "parentId": 18
         }, {
            "attributes": [  ],
            "backendNodeId": 12,
            "childNodeCount": 0,
            "localName": "body",
            "nodeId": 20,
            "nodeName": "BODY",
            "nodeType": 1,
            "nodeValue": "",
            "parentId": 18
         } ],
         "frameId": "9A8D015DBADFEC51F7FB19EA487E3F68",
         "localName": "html",
         "nodeId": 18,
         "nodeName": "HTML",
         "nodeType": 1,
         "nodeValue": "",
         "parentId": 17
      } ],
      "documentURL": "data:/,",
      "localName": "",
      "nodeId": 17,
      "nodeName": "#document",
      "nodeType": 9,
      "nodeValue": "",
      "xmlVersion": ""
   }
}
[1541437306.480][INFO]: Waiting for pending navigations...
[1541437306.480][DEBUG]: DEVTOOLS COMMAND Runtime.evaluate (id=17) {
   "expression": "1"
}
[1541437306.496][DEBUG]: DEVTOOLS RESPONSE Runtime.evaluate (id=17) {
   "result": {
      "description": "1",
      "type": "number",
      "value": 1
   }
}
[1541437306.496][INFO]: Done waiting for pending navigations. Status: ok
[1541437306.496][INFO]: RESPONSE Navigate
[1541437306.514][INFO]: COMMAND ExecuteScript {
   "args": [ "protractor_sync-test-area", {
      "innerHtml": "\u003Cspan class=\"element-does-exist\">\u003C/span>"
   } ],
   "script": "return (function (id, _options) {\n        var existing = document.querySelector('#' + id);\n        if (existing) {\n            existing.parentNode.removeChild(existing);\n        }\n        var testA..."
}
[1541437306.514][INFO]: Waiting for pending navigations...
[1541437306.514][DEBUG]: DEVTOOLS COMMAND Runtime.evaluate (id=18) {
   "expression": "1"
}
[1541437306.520][DEBUG]: DEVTOOLS RESPONSE Runtime.evaluate (id=18) {
   "result": {
      "description": "1",
      "type": "number",
      "value": 1
   }
}
[1541437306.520][INFO]: Done waiting for pending navigations. Status: ok
[1541437306.521][DEBUG]: DEVTOOLS COMMAND Runtime.evaluate (id=19) {
   "expression": "(function() { // Copyright (c) 2012 The Chromium Authors. All rights reserved.\n// Use of this source code is governed by a BSD-style license that can be\n// found in the LICENSE file.\n\n/**\n * Enum f...",
   "returnByValue": true
}
[1541437306.533][DEBUG]: DEVTOOLS EVENT DOM.childNodeCountUpdated {
   "childNodeCount": 1,
   "nodeId": 20
}
[1541437306.533][DEBUG]: DEVTOOLS RESPONSE Runtime.evaluate (id=19) {
   "result": {
      "type": "object",
      "value": {
         "status": 0
      }
   }
}
[1541437306.533][INFO]: Waiting for pending navigations...
[1541437306.533][DEBUG]: DEVTOOLS COMMAND Runtime.evaluate (id=20) {
   "expression": "1"
}
[1541437306.535][DEBUG]: DEVTOOLS RESPONSE Runtime.evaluate (id=20) {
   "result": {
      "description": "1",
      "type": "number",
      "value": 1
   }
}
[1541437306.535][INFO]: Done waiting for pending navigations. Status: ok
[1541437306.535][INFO]: RESPONSE ExecuteScript
[1541437306.554][INFO]: COMMAND FindElements {
   "using": "css selector",
   "value": "#protractor_sync-test-area"
}
[1541437306.554][INFO]: Waiting for pending navigations...
[1541437306.554][DEBUG]: DEVTOOLS COMMAND Runtime.evaluate (id=21) {
   "expression": "1"
}
[1541437306.555][DEBUG]: DEVTOOLS RESPONSE Runtime.evaluate (id=21) {
   "result": {
      "description": "1",
      "type": "number",
      "value": 1
   }
}
[1541437306.555][INFO]: Done waiting for pending navigations. Status: ok
[44:76:1105/170146.556771:ERROR:bus.cc(394)] Failed to connect to the bus: Address does not contain a colon
[1541437306.560][DEBUG]: DEVTOOLS COMMAND Runtime.evaluate (id=22) {
   "expression": "(function() { // Copyright (c) 2012 The Chromium Authors. All rights reserved.\n// Use of this source code is governed by a BSD-style license that can be\n// found in the LICENSE file.\n\n/**\n * Enum f...",
   "returnByValue": true
}
[1541437306.582][DEBUG]: DEVTOOLS RESPONSE Runtime.evaluate (id=22) {
   "result": {
      "type": "object",
      "value": {
         "status": 0,
         "value": [ {
            "ELEMENT": "0.26420126244734154-1"
         } ]
      }
   }
}
[1541437306.582][INFO]: Waiting for pending navigations...
[1541437306.582][DEBUG]: DEVTOOLS COMMAND Runtime.evaluate (id=23) {
   "expression": "1"
}
[1541437306.583][DEBUG]: DEVTOOLS RESPONSE Runtime.evaluate (id=23) {
   "result": {
      "description": "1",
      "type": "number",
      "value": 1
   }
}
[1541437306.583][INFO]: Done waiting for pending navigations. Status: ok
[1541437306.583][INFO]: RESPONSE FindElements [ {
   "ELEMENT": "0.26420126244734154-1"
} ]
[1541437306.677][INFO]: COMMAND Screenshot {

}
[1541437306.677][INFO]: Waiting for pending navigations...
[1541437306.677][DEBUG]: DEVTOOLS COMMAND Runtime.evaluate (id=24) {
   "expression": "1"
}
[1541437306.679][DEBUG]: DEVTOOLS RESPONSE Runtime.evaluate (id=24) {
   "result": {
      "description": "1",
      "type": "number",
      "value": 1
   }
}
[1541437306.679][INFO]: Done waiting for pending navigations. Status: ok
[1541437306.679][DEBUG]: DevTools request: http://localhost:32923/json/activate/9A8D015DBADFEC51F7FB19EA487E3F68
[1541437306.680][DEBUG]: DevTools response: Target activated
[1541437306.680][DEBUG]: DEVTOOLS COMMAND Page.captureScreenshot (id=25) {

}
[1541437306.958][DEBUG]: DEVTOOLS RESPONSE Page.captureScreenshot (id=25) {
   "data": "iVBORw0KGgoAAAANSUhEUgAABVYAAAO+CAYAAADv/k7HAAAcJklEQVR4nOzYwQ3AIBDAsNL9dz5WIC+EZE+Qd9bMzAcAAAAAwLH/dgAAAAAAwGuMVQAAAACAyFgFAAAAAIiMVQAAAACAyFgFAAAAAIiMVQAAAACAyFgFAAAAAIiMVQAAAACAyFgFAAAAAIiMVQAAA..."
}
[1541437306.958][INFO]: Waiting for pending navigations...
[1541437306.958][DEBUG]: DEVTOOLS COMMAND Runtime.evaluate (id=26) {
   "expression": "1"
}
[1541437306.961][DEBUG]: DEVTOOLS RESPONSE Runtime.evaluate (id=26) {
   "result": {
      "description": "1",
      "type": "number",
      "value": 1
   }
}
[1541437306.961][INFO]: Done waiting for pending navigations. Status: ok
[1541437306.961][INFO]: RESPONSE Screenshot "iVBORw0KGgoAAAANSUhEUgAABVYAAAO+CAYAAADv/k7HAAAcJklEQVR4nOzYwQ3AIBDAsNL9dz5WIC+EZE+Qd9bMzAcAAAAAwLH/dgAAAAAAwGuMVQAAAACAyFgFAAAAAIiMVQAAAACAyFgFAAAAAIiMVQAAAACAyFgFAAAAAIiMVQAAAACAyFgFAAAAAIiMVQAAA..."
[1541437306.999][INFO]: COMMAND Quit {

}
[1541437307.050][INFO]: RESPONSE Quit
[1541437307.050][DEBUG]: Log type 'driver' lost 0 entries on destruction
[1541437307.050][DEBUG]: Log type 'browser' lost 0 entries on destruction
