[1.029][INFO]: COMMAND InitSession {
   "desiredCapabilities": {
      "browserName": "chrome",
      "chromeOptions": {
         "args": [ "--disable-gpu", "--single-process", "--no-sandbox", "--data-path=/tmp/data-path", "--homedir=/tmp/homedir", "--disk-cache-dir=/tmp", "--disk-cache-size=1", "--media-cache-size=1", "--allow-file-access-from-files", "--enable-logging", "--v=1", "--disable-web-security", "--disable-extensions", "--ignore-certificate-errors", "--disable-ntp-most-likely-favicons-from-server", "--disable-ntp-popular-sites", "--window-size=1366,1024", "--disable-infobars", "--disable-dev-shm-usage", "..." ],
         "binary": "/tmp/chrome-lambda/chrome",
         "prefs": {
            "credentials_enable_service": false,
            "profile": {
               "password_manager_enabled": false
            }
         }
      },
      "count": 1
   }
}
[1.030][INFO]: Populating Preferences file: {
   "alternate_error_pages": {
      "enabled": false
   },
   "autofill": {
      "enabled": false
   },
   "browser": {
      "check_default_browser": false
   },
   "credentials_enable_service": false,
   "distribution": {
      "import_bookmarks": false,
      "import_history": false,
      "import_search_engine": false,
      "make_chrome_default_for_user": false,
      "show_welcome_page": false,
      "skip_first_run_ui": true
   },
   "dns_prefetching": {
      "enabled": false
   },
   "profile": {
      "password_manager_enabled": false
   },
   "safebrowsing": {
      "enabled": false
   },
   "search": {
      "suggest_enabled": false
   },
   "translate": {
      "enabled": false
   }
}
[1.030][INFO]: Populating Local State file: {
   "background_mode": {
      "enabled": false
   },
   "ssl": {
      "rev_checking": {
         "enabled": false
      }
   }
}
[1.030][INFO]: Launching chrome: /tmp/chrome-lambda/chrome --allow-file-access-from-files --data-path=/tmp/data-path --disable-background-networking --disable-browser-side-navigation --disable-client-side-phishing-detection --disable-default-apps --disable-dev-shm-usage --disable-extensions --disable-extensions-except=/tmp/.org.chromium.Chromium.CDM90V/internal --disable-gpu --disable-hang-monitor --disable-infobars --disable-ntp-most-likely-favicons-from-server --disable-ntp-popular-sites --disable-popup-blocking --disable-prompt-on-repost --disable-sync --disable-web-resources --disable-web-security --disk-cache-dir=/tmp --disk-cache-size=1 --enable-automation --enable-logging --enable-precise-memory-info --force-fieldtrials=SiteIsolationExtensions/Control --homedir=/tmp/homedir --ignore-certificate-errors --log-level=0 --media-cache-size=1 --metrics-recording-only --no-first-run --no-sandbox --password-store=basic --remote-debugging-port=12682 --safebrowsing-disable-auto-update --single-process --test-type=webdriver --use-mock-keychain --user-data-dir=/tmp/.org.chromium.Chromium.RRL4TO --v=1 --window-size=1366,1024 data:,
[1.030][DEBUG]: DevTools request: http://localhost:12682/json/version
prctl(PR_SET_NO_NEW_PRIVS) failed
Xlib:  extension "RANDR" missing on display ":99".
[44:56:1018/194508.125530:ERROR:bus.cc(395)] Failed to connect to the bus: Failed to connect to socket /var/run/dbus/system_bus_socket: No such file or directory
Xlib:  extension "RANDR" missing on display ":99".

DevTools listening on ws://127.0.0.1:12682/devtools/browser/c81e4c39-ff6c-4fa8-b380-fc59f2d95a61
[2.699][SEVERE]: CreatePlatformSocket() returned an error, errno=1: Operation not permitted (1)
[2.708][DEBUG]: DevTools response: {
   "Browser": "Chrome/63.0.3239.84",
   "Protocol-Version": "1.2",
   "User-Agent": "Mozilla/5.0 (X11; Linux x86_64) AppleWebKit/537.36 (KHTML, like Gecko) Chrome/63.0.3239.84 Safari/537.36",
   "V8-Version": "6.3.292.46",
   "WebKit-Version": "537.36 (@0f53a5abc7a405fbe9f1cfd3db38f2092c8a7816)",
   "webSocketDebuggerUrl": "ws://localhost:12682/devtools/browser/c81e4c39-ff6c-4fa8-b380-fc59f2d95a61"
}

[2.712][DEBUG]: DevTools request: http://localhost:12682/json
[2.712][DEBUG]: DevTools response: [ {
   "description": "",
   "devtoolsFrontendUrl": "/devtools/inspector.html?ws=localhost:12682/devtools/page/(66F324013A7AFCF3EA1127FE0DE93487)",
   "id": "(66F324013A7AFCF3EA1127FE0DE93487)",
   "title": "",
   "type": "page",
   "url": "data:,",
   "webSocketDebuggerUrl": "ws://localhost:12682/devtools/page/(66F324013A7AFCF3EA1127FE0DE93487)"
} ]

[2.712][DEBUG]: DevTools request: http://localhost:12682/json
[2.713][DEBUG]: DevTools response: [ {
   "description": "",
   "devtoolsFrontendUrl": "/devtools/inspector.html?ws=localhost:12682/devtools/page/(66F324013A7AFCF3EA1127FE0DE93487)",
   "id": "(66F324013A7AFCF3EA1127FE0DE93487)",
   "title": "",
   "type": "page",
   "url": "data:,",
   "webSocketDebuggerUrl": "ws://localhost:12682/devtools/page/(66F324013A7AFCF3EA1127FE0DE93487)"
} ]

[2.713][INFO]: resolved localhost to ["127.0.0.1"]
[2.713][DEBUG]: DEVTOOLS COMMAND Log.enable (id=1) {

}
[2.713][DEBUG]: DEVTOOLS COMMAND DOM.getDocument (id=2) {

}
[2.714][DEBUG]: DEVTOOLS COMMAND Runtime.enable (id=3) {

}
[2.714][DEBUG]: DEVTOOLS COMMAND Page.enable (id=4) {

}
[2.714][DEBUG]: DEVTOOLS COMMAND Page.enable (id=5) {

}
[44:74:1018/194509.178227:ERROR:io_thread.cc(730)] Cannot use V8 Proxy resolver in single process mode.
[44:74:1018/194509.188262:ERROR:io_thread.cc(730)] Cannot use V8 Proxy resolver in single process mode.
[2.763][DEBUG]: DEVTOOLS RESPONSE Log.enable (id=1) {

}
[2.763][DEBUG]: DEVTOOLS RESPONSE DOM.getDocument (id=2) {
   "root": {
      "backendNodeId": 1,
      "baseURL": "about:blank",
      "childNodeCount": 1,
      "children": [ {
         "attributes": [  ],
         "backendNodeId": 2,
         "childNodeCount": 2,
         "children": [ {
            "attributes": [  ],
            "backendNodeId": 3,
            "childNodeCount": 0,
            "localName": "head",
            "nodeId": 3,
            "nodeName": "HEAD",
            "nodeType": 1,
            "nodeValue": "",
            "parentId": 2
         }, {
            "attributes": [  ],
            "backendNodeId": 4,
            "childNodeCount": 0,
            "localName": "body",
            "nodeId": 4,
            "nodeName": "BODY",
            "nodeType": 1,
            "nodeValue": "",
            "parentId": 2
         } ],
         "frameId": "(66F324013A7AFCF3EA1127FE0DE93487)",
         "localName": "html",
         "nodeId": 2,
         "nodeName": "HTML",
         "nodeType": 1,
         "nodeValue": "",
         "parentId": 1
      } ],
      "documentURL": "",
      "localName": "",
      "nodeId": 1,
      "nodeName": "#document",
      "nodeType": 9,
      "nodeValue": "",
      "xmlVersion": ""
   }
}
[2.763][DEBUG]: DEVTOOLS RESPONSE Runtime.enable (id=3) {

}
[2.763][DEBUG]: DEVTOOLS RESPONSE Page.enable (id=4) {

}
[2.763][DEBUG]: DEVTOOLS RESPONSE Page.enable (id=5) {

}
[2.763][DEBUG]: DEVTOOLS COMMAND Page.enable (id=6) {

}
[2.797][DEBUG]: DEVTOOLS EVENT Page.lifecycleEvent {
   "frameId": "(66F324013A7AFCF3EA1127FE0DE93487)",
   "name": "commit",
   "timestamp": 189.525386
}
[2.797][DEBUG]: DEVTOOLS EVENT Page.frameNavigated {
   "frame": {
      "id": "(66F324013A7AFCF3EA1127FE0DE93487)",
      "loaderId": "44.1",
      "mimeType": "text/plain",
      "securityOrigin": "://",
      "url": "data:,"
   }
}
[2.797][DEBUG]: DEVTOOLS EVENT DOM.documentUpdated {

}
[2.797][DEBUG]: DEVTOOLS COMMAND DOM.getDocument (id=7) {

}
[2.797][DEBUG]: DEVTOOLS EVENT Runtime.executionContextCreated {
   "context": {
      "auxData": {
         "frameId": "(66F324013A7AFCF3EA1127FE0DE93487)",
         "isDefault": true
      },
      "id": 1,
      "name": "",
      "origin": "://"
   }
}
[2.798][DEBUG]: DEVTOOLS RESPONSE Page.enable (id=6) {

}
[2.801][DEBUG]: DEVTOOLS RESPONSE DOM.getDocument (id=7) {
   "root": {
      "backendNodeId": 5,
      "baseURL": "data:,",
      "childNodeCount": 1,
      "children": [ {
         "attributes": [  ],
         "backendNodeId": 6,
         "childNodeCount": 2,
         "children": [ {
            "attributes": [  ],
            "backendNodeId": 7,
            "childNodeCount": 0,
            "localName": "head",
            "nodeId": 7,
            "nodeName": "HEAD",
            "nodeType": 1,
            "nodeValue": "",
            "parentId": 6
         }, {
            "attributes": [  ],
            "backendNodeId": 8,
            "childNodeCount": 1,
            "localName": "body",
            "nodeId": 8,
            "nodeName": "BODY",
            "nodeType": 1,
            "nodeValue": "",
            "parentId": 6
         } ],
         "frameId": "(66F324013A7AFCF3EA1127FE0DE93487)",
         "localName": "html",
         "nodeId": 6,
         "nodeName": "HTML",
         "nodeType": 1,
         "nodeValue": "",
         "parentId": 5
      } ],
      "documentURL": "data:,",
      "localName": "",
      "nodeId": 5,
      "nodeName": "#document",
      "nodeType": 9,
      "nodeValue": "",
      "xmlVersion": ""
   }
}
[2.801][DEBUG]: DEVTOOLS COMMAND Runtime.enable (id=8) {

}
[2.816][DEBUG]: DEVTOOLS EVENT Page.loadEventFired {
   "timestamp": 189.555004
}
[2.816][DEBUG]: DEVTOOLS EVENT Page.lifecycleEvent {
   "frameId": "(66F324013A7AFCF3EA1127FE0DE93487)",
   "name": "load",
   "timestamp": 189.555004
}
[2.816][DEBUG]: DEVTOOLS EVENT Page.frameStoppedLoading {
   "frameId": "(66F324013A7AFCF3EA1127FE0DE93487)"
}
[2.816][DEBUG]: DEVTOOLS EVENT Page.domContentEventFired {
   "timestamp": 189.555771
}
[2.816][DEBUG]: DEVTOOLS EVENT Page.lifecycleEvent {
   "frameId": "(66F324013A7AFCF3EA1127FE0DE93487)",
   "name": "DOMContentLoaded",
   "timestamp": 189.555771
}
[2.816][DEBUG]: DEVTOOLS EVENT DOM.documentUpdated {

}
[2.817][DEBUG]: DEVTOOLS COMMAND DOM.getDocument (id=9) {

}
[2.835][DEBUG]: DEVTOOLS RESPONSE Runtime.enable (id=8) {

}
[2.847][DEBUG]: DEVTOOLS RESPONSE DOM.getDocument (id=9) {
   "root": {
      "backendNodeId": 5,
      "baseURL": "data:,",
      "childNodeCount": 1,
      "children": [ {
         "attributes": [  ],
         "backendNodeId": 6,
         "childNodeCount": 2,
         "children": [ {
            "attributes": [  ],
            "backendNodeId": 7,
            "childNodeCount": 0,
            "localName": "head",
            "nodeId": 11,
            "nodeName": "HEAD",
            "nodeType": 1,
            "nodeValue": "",
            "parentId": 10
         }, {
            "attributes": [  ],
            "backendNodeId": 8,
            "childNodeCount": 1,
            "localName": "body",
            "nodeId": 12,
            "nodeName": "BODY",
            "nodeType": 1,
            "nodeValue": "",
            "parentId": 10
         } ],
         "frameId": "(66F324013A7AFCF3EA1127FE0DE93487)",
         "localName": "html",
         "nodeId": 10,
         "nodeName": "HTML",
         "nodeType": 1,
         "nodeValue": "",
         "parentId": 9
      } ],
      "documentURL": "data:,",
      "localName": "",
      "nodeId": 9,
      "nodeName": "#document",
      "nodeType": 9,
      "nodeValue": "",
      "xmlVersion": ""
   }
}
[2.848][DEBUG]: DEVTOOLS COMMAND Runtime.evaluate (id=10) {
   "expression": "(function() { // Copyright (c) 2012 The Chromium Authors. All rights reserved.\n// Use of this source code is governed by a BSD-style license that can be\n// found in the LICENSE file.\n\n/**\n * Enum f...",
   "returnByValue": true
}
[2.854][DEBUG]: DEVTOOLS RESPONSE Runtime.evaluate (id=10) {
   "result": {
      "type": "object",
      "value": {
         "status": 0,
         "value": 1
      }
   }
}
[2.854][INFO]: RESPONSE InitSession {
   "acceptSslCerts": true,
   "applicationCacheEnabled": false,
   "browserConnectionEnabled": false,
   "browserName": "chrome",
   "chrome": {
      "chromedriverVersion": "2.33.506092 (733a02544d189eeb751fe0d7ddca79a0ee28cce4)",
      "userDataDir": "/tmp/.org.chromium.Chromium.RRL4TO"
   },
   "cssSelectorsEnabled": true,
   "databaseEnabled": false,
   "handlesAlerts": true,
   "hasTouchScreen": false,
   "javascriptEnabled": true,
   "locationContextEnabled": true,
   "mobileEmulationEnabled": false,
   "nativeEvents": true,
   "networkConnectionEnabled": false,
   "pageLoadStrategy": "normal",
   "platform": "Linux",
   "rotatable": false,
   "setWindowRect": true,
   "takesHeapSnapshot": true,
   "~~~": "..."
}
[2.874][INFO]: COMMAND SetTimeout {
   "script": 11000
}
[2.876][INFO]: RESPONSE SetTimeout unknown error: 'ms' must be a double
  (Session info: chrome=63.0.3239.84)
[2.900][INFO]: COMMAND SetTimeout {
   "ms": 11000,
   "type": "script"
}
[2.900][INFO]: RESPONSE SetTimeout
[3.082][INFO]: COMMAND SetTimeout {
   "pageLoad": 30000
}
[3.087][INFO]: RESPONSE SetTimeout unknown error: 'ms' must be a double
  (Session info: chrome=63.0.3239.84)
[3.091][INFO]: COMMAND SetTimeout {
   "ms": 30000,
   "type": "page load"
}
[3.091][INFO]: RESPONSE SetTimeout
[3.101][INFO]: COMMAND Navigate {
   "url": "data:/,"
}
[3.101][INFO]: Waiting for pending navigations...
[3.101][DEBUG]: DEVTOOLS COMMAND Runtime.evaluate (id=11) {
   "expression": "1"
}
[3.107][DEBUG]: DEVTOOLS RESPONSE Runtime.evaluate (id=11) {
   "result": {
      "description": "1",
      "type": "number",
      "value": 1
   }
}
[3.107][INFO]: Done waiting for pending navigations. Status: ok
[3.107][DEBUG]: DEVTOOLS COMMAND Page.navigate (id=12) {
   "url": "data:/,"
}
[3.109][DEBUG]: DEVTOOLS EVENT Page.frameStartedLoading {
   "frameId": "(66F324013A7AFCF3EA1127FE0DE93487)"
}
[3.119][DEBUG]: DEVTOOLS EVENT Runtime.executionContextDestroyed {
   "executionContextId": 1
}
[3.119][DEBUG]: DEVTOOLS EVENT Runtime.executionContextsCleared {

}
[3.119][DEBUG]: DEVTOOLS EVENT Page.lifecycleEvent {
   "frameId": "(66F324013A7AFCF3EA1127FE0DE93487)",
   "name": "commit",
   "timestamp": 189.861693
}
[3.119][DEBUG]: DEVTOOLS EVENT Page.frameNavigated {
   "frame": {
      "id": "(66F324013A7AFCF3EA1127FE0DE93487)",
      "loaderId": "44.2",
      "mimeType": "text/plain",
      "securityOrigin": "://",
      "url": "data:/,"
   }
}
[3.120][DEBUG]: DEVTOOLS EVENT Runtime.executionContextCreated {
   "context": {
      "auxData": {
         "frameId": "(66F324013A7AFCF3EA1127FE0DE93487)",
         "isDefault": true
      },
      "id": 3,
      "name": "",
      "origin": "://"
   }
}
[3.120][DEBUG]: DEVTOOLS EVENT DOM.documentUpdated {

}
[3.120][DEBUG]: DEVTOOLS COMMAND DOM.getDocument (id=13) {

}
[3.120][DEBUG]: DEVTOOLS RESPONSE Page.navigate (id=12) {
   "frameId": "(66F324013A7AFCF3EA1127FE0DE93487)"
}
[3.122][DEBUG]: DEVTOOLS RESPONSE DOM.getDocument (id=13) {
   "root": {
      "backendNodeId": 10,
      "baseURL": "data:/,",
      "childNodeCount": 1,
      "children": [ {
         "attributes": [  ],
         "backendNodeId": 11,
         "childNodeCount": 2,
         "children": [ {
            "attributes": [  ],
            "backendNodeId": 12,
            "childNodeCount": 0,
            "localName": "head",
            "nodeId": 15,
            "nodeName": "HEAD",
            "nodeType": 1,
            "nodeValue": "",
            "parentId": 14
         }, {
            "attributes": [  ],
            "backendNodeId": 13,
            "childNodeCount": 1,
            "localName": "body",
            "nodeId": 16,
            "nodeName": "BODY",
            "nodeType": 1,
            "nodeValue": "",
            "parentId": 14
         } ],
         "frameId": "(66F324013A7AFCF3EA1127FE0DE93487)",
         "localName": "html",
         "nodeId": 14,
         "nodeName": "HTML",
         "nodeType": 1,
         "nodeValue": "",
         "parentId": 13
      } ],
      "documentURL": "data:/,",
      "localName": "",
      "nodeId": 13,
      "nodeName": "#document",
      "nodeType": 9,
      "nodeValue": "",
      "xmlVersion": ""
   }
}
[3.122][INFO]: Waiting for pending navigations...
[3.122][DEBUG]: DEVTOOLS COMMAND Runtime.evaluate (id=14) {
   "expression": "1"
}
[3.149][DEBUG]: DEVTOOLS EVENT Page.loadEventFired {
   "timestamp": 189.875534
}
[3.149][DEBUG]: DEVTOOLS EVENT Page.lifecycleEvent {
   "frameId": "(66F324013A7AFCF3EA1127FE0DE93487)",
   "name": "load",
   "timestamp": 189.875534
}
[3.149][DEBUG]: DEVTOOLS EVENT Page.frameStoppedLoading {
   "frameId": "(66F324013A7AFCF3EA1127FE0DE93487)"
}
[3.149][DEBUG]: DEVTOOLS EVENT Page.domContentEventFired {
   "timestamp": 189.88396
}
[3.149][DEBUG]: DEVTOOLS EVENT Page.lifecycleEvent {
   "frameId": "(66F324013A7AFCF3EA1127FE0DE93487)",
   "name": "DOMContentLoaded",
   "timestamp": 189.88396
}
[3.150][DEBUG]: DEVTOOLS EVENT DOM.documentUpdated {

}
[3.150][DEBUG]: DEVTOOLS COMMAND DOM.getDocument (id=15) {

}
[3.150][DEBUG]: DEVTOOLS RESPONSE Runtime.evaluate (id=14) {
   "result": {
      "description": "1",
      "type": "number",
      "value": 1
   }
}
[3.181][DEBUG]: DEVTOOLS RESPONSE DOM.getDocument (id=15) {
   "root": {
      "backendNodeId": 10,
      "baseURL": "data:/,",
      "childNodeCount": 1,
      "children": [ {
         "attributes": [  ],
         "backendNodeId": 11,
         "childNodeCount": 2,
         "children": [ {
            "attributes": [  ],
            "backendNodeId": 12,
            "childNodeCount": 0,
            "localName": "head",
            "nodeId": 19,
            "nodeName": "HEAD",
            "nodeType": 1,
            "nodeValue": "",
            "parentId": 18
         }, {
            "attributes": [  ],
            "backendNodeId": 13,
            "childNodeCount": 1,
            "localName": "body",
            "nodeId": 20,
            "nodeName": "BODY",
            "nodeType": 1,
            "nodeValue": "",
            "parentId": 18
         } ],
         "frameId": "(66F324013A7AFCF3EA1127FE0DE93487)",
         "localName": "html",
         "nodeId": 18,
         "nodeName": "HTML",
         "nodeType": 1,
         "nodeValue": "",
         "parentId": 17
      } ],
      "documentURL": "data:/,",
      "localName": "",
      "nodeId": 17,
      "nodeName": "#document",
      "nodeType": 9,
      "nodeValue": "",
      "xmlVersion": ""
   }
}
[3.181][INFO]: Done waiting for pending navigations. Status: ok
[3.181][INFO]: RESPONSE Navigate
[3.193][INFO]: COMMAND ExecuteScript {
   "args": [ "protractor_sync-test-area", {
      "innerHtml": "\u003Cspan class=\"element-does-exist\">\u003C/span>"
   } ],
   "script": "return (function (id, _options) {\n        var existing = document.querySelector('#' + id);\n        if (existing) {\n            existing.parentNode.removeChild(existing);\n        }\n        var testA..."
}
[3.193][INFO]: Waiting for pending navigations...
[3.193][DEBUG]: DEVTOOLS COMMAND Runtime.evaluate (id=16) {
   "expression": "1"
}
[3.198][DEBUG]: DEVTOOLS RESPONSE Runtime.evaluate (id=16) {
   "result": {
      "description": "1",
      "type": "number",
      "value": 1
   }
}
[3.198][INFO]: Done waiting for pending navigations. Status: ok
[3.199][DEBUG]: DEVTOOLS COMMAND Runtime.evaluate (id=17) {
   "expression": "(function() { // Copyright (c) 2012 The Chromium Authors. All rights reserved.\n// Use of this source code is governed by a BSD-style license that can be\n// found in the LICENSE file.\n\n/**\n * Enum f...",
   "returnByValue": true
}
[3.201][DEBUG]: DEVTOOLS EVENT DOM.childNodeCountUpdated {
   "childNodeCount": 2,
   "nodeId": 20
}
[3.201][DEBUG]: DEVTOOLS RESPONSE Runtime.evaluate (id=17) {
   "result": {
      "type": "object",
      "value": {
         "status": 0,
         "value": null
      }
   }
}
[3.201][INFO]: Waiting for pending navigations...
[3.201][DEBUG]: DEVTOOLS COMMAND Runtime.evaluate (id=18) {
   "expression": "1"
}
[3.203][DEBUG]: DEVTOOLS RESPONSE Runtime.evaluate (id=18) {
   "result": {
      "description": "1",
      "type": "number",
      "value": 1
   }
}
[3.203][INFO]: Done waiting for pending navigations. Status: ok
[3.203][INFO]: RESPONSE ExecuteScript null
[3.210][INFO]: COMMAND FindElements {
   "using": "css selector",
   "value": "#protractor_sync-test-area"
}
[3.210][INFO]: Waiting for pending navigations...
[3.210][DEBUG]: DEVTOOLS COMMAND Runtime.evaluate (id=19) {
   "expression": "1"
}
[3.211][DEBUG]: DEVTOOLS RESPONSE Runtime.evaluate (id=19) {
   "result": {
      "description": "1",
      "type": "number",
      "value": 1
   }
}
[3.211][INFO]: Done waiting for pending navigations. Status: ok
[3.213][DEBUG]: DEVTOOLS COMMAND Runtime.evaluate (id=20) {
   "expression": "(function() { // Copyright (c) 2012 The Chromium Authors. All rights reserved.\n// Use of this source code is governed by a BSD-style license that can be\n// found in the LICENSE file.\n\n/**\n * Enum f...",
   "returnByValue": true
}
[3.231][DEBUG]: DEVTOOLS RESPONSE Runtime.evaluate (id=20) {
   "result": {
      "type": "object",
      "value": {
         "status": 0,
         "value": [ {
            "ELEMENT": "0.8016384439828796-1"
         } ]
      }
   }
}
[3.231][INFO]: Waiting for pending navigations...
[3.231][DEBUG]: DEVTOOLS COMMAND Runtime.evaluate (id=21) {
   "expression": "1"
}
[3.234][DEBUG]: DEVTOOLS RESPONSE Runtime.evaluate (id=21) {
   "result": {
      "description": "1",
      "type": "number",
      "value": 1
   }
}
[3.234][INFO]: Done waiting for pending navigations. Status: ok
[3.234][INFO]: RESPONSE FindElements [ {
   "ELEMENT": "0.8016384439828796-1"
} ]
[3.255][INFO]: COMMAND Screenshot {

}
[3.255][INFO]: Waiting for pending navigations...
[3.255][DEBUG]: DEVTOOLS COMMAND Runtime.evaluate (id=22) {
   "expression": "1"
}
[3.258][DEBUG]: DEVTOOLS RESPONSE Runtime.evaluate (id=22) {
   "result": {
      "description": "1",
      "type": "number",
      "value": 1
   }
}
[3.258][INFO]: Done waiting for pending navigations. Status: ok
[3.258][DEBUG]: DevTools request: http://localhost:12682/json/activate/(66F324013A7AFCF3EA1127FE0DE93487)
[3.258][DEBUG]: DevTools response: Target activated
[3.258][DEBUG]: DEVTOOLS COMMAND Page.captureScreenshot (id=23) {

}
[3.389][DEBUG]: DEVTOOLS RESPONSE Page.captureScreenshot (id=23) {
   "data": "iVBORw0KGgoAAAANSUhEUgAABVYAAAO+CAYAAADv/k7HAAAcJklEQVR4nOzYwQ3AIBDAsNL9dz5WIC+EZE+Qd9bMzAcAAAAAwLH/dgAAAAAAwGuMVQAAAACAyFgFAAAAAIiMVQAAAACAyFgFAAAAAIiMVQAAAACAyFgFAAAAAIiMVQAAAACAyFgFAAAAAIiMVQAAA..."
}
[3.389][INFO]: Waiting for pending navigations...
[3.389][DEBUG]: DEVTOOLS COMMAND Runtime.evaluate (id=24) {
   "expression": "1"
}
[3.399][DEBUG]: DEVTOOLS RESPONSE Runtime.evaluate (id=24) {
   "result": {
      "description": "1",
      "type": "number",
      "value": 1
   }
}
[3.399][INFO]: Done waiting for pending navigations. Status: ok
[3.399][INFO]: RESPONSE Screenshot "iVBORw0KGgoAAAANSUhEUgAABVYAAAO+CAYAAADv/k7HAAAcJklEQVR4nOzYwQ3AIBDAsNL9dz5WIC+EZE+Qd9bMzAcAAAAAwLH/dgAAAAAAwGuMVQAAAACAyFgFAAAAAIiMVQAAAACAyFgFAAAAAIiMVQAAAACAyFgFAAAAAIiMVQAAAACAyFgFAAAAAIiMVQAAA..."
[3.414][INFO]: COMMAND Quit {

}
[3.464][INFO]: RESPONSE Quit
[3.464][DEBUG]: Log type 'driver' lost 0 entries on destruction
[3.464][DEBUG]: Log type 'browser' lost 0 entries on destruction
