[51:51:1016/145153.376731:VERBOSE1:breakpad_linux.cc(1980)] Breakpad disabled
[51:56:1016/145153.603827:ERROR:bus.cc(395)] Failed to connect to the bus: Failed to connect to socket /var/run/dbus/system_bus_socket: No such file or directory
[51:51:1016/145153.618012:VERBOSE1:pref_proxy_config_tracker_impl.cc(154)] 0x1cf14ec1b580: set chrome proxy config service to 0x1cf14ecf4d80
[51:51:1016/145153.666655:VERBOSE1:pulse_stubs.cc(683)] dlopen(libpulse.so.0) failed, dlerror() says:
libpulse.so.0: cannot open shared object file: No such file or directory
[51:51:1016/145153.666693:VERBOSE1:pulse_util.cc(106)] Failed on loading the Pulse library and symbols
[51:51:1016/145153.683916:VERBOSE1:mutable_profile_oauth2_token_service_delegate.cc(162)] MutablePO2TS::MutablePO2TS
[51:51:1016/145153.683992:VERBOSE1:device_event_log_impl.cc(158)] [14:51:53.683] Bluetooth: EVENT: bluetooth_api.cc:68 BluetoothAPI: 0x1cf14ed15200
[51:51:1016/145153.684282:VERBOSE1:bluetooth_low_energy_event_router.cc(248)] Initializing BluetoothLowEnergyEventRouter.
[51:51:1016/145153.713762:VERBOSE1:pref_proxy_config_tracker_impl.cc(154)] 0x1cf14ee912c0: set chrome proxy config service to 0x1cf14ed8d000
[51:51:1016/145153.716024:VERBOSE1:extension_service.cc(1403)] AddComponentExtension Cloud Print
[51:51:1016/145153.716038:VERBOSE1:extension_service.cc(1405)] Component extension Cloud Print (mfehgcgbbipciphmccgaenjidiccnmng) installing/upgrading from '' to 0.1
[51:51:1016/145153.716433:VERBOSE1:extension_service.cc(1403)] AddComponentExtension Web Store
[51:51:1016/145153.716445:VERBOSE1:extension_service.cc(1405)] Component extension Web Store (ahfgeienlihckogmohjhadlkjgocpleb) installing/upgrading from '' to 0.2
[51:51:1016/145153.717477:VERBOSE1:extension_service.cc(1403)] AddComponentExtension Chromium PDF Viewer
[51:51:1016/145153.717491:VERBOSE1:extension_service.cc(1405)] Component extension Chromium PDF Viewer (mhjfbmdgcfjbbpaeojofohoefgiehjai) installing/upgrading from '' to 1
[51:51:1016/145153.733857:VERBOSE1:account_reconcilor.cc(88)] AccountReconcilor::AccountReconcilor
[51:51:1016/145153.733878:VERBOSE1:account_reconcilor.cc(99)] AccountReconcilor::Initialize
[51:61:1016/145153.741676:VERBOSE1:component_installer.cc(244)] StartRegistration for Signed Tree Heads
[51:63:1016/145153.741763:VERBOSE1:component_installer.cc(244)] StartRegistration for Origin Trials
[51:51:1016/145153.741793:VERBOSE1:file_type_policies_component_installer.cc(129)] Registering File Type Policies component.
[51:61:1016/145153.753723:VERBOSE1:component_installer.cc(244)] StartRegistration for File Type Policies
[51:62:1016/145153.754014:VERBOSE1:component_installer.cc(244)] StartRegistration for SSL Error Assistant
[51:51:1016/145153.942356:WARNING:password_store_factory.cc(241)] Using basic (unencrypted) store for password storage. See https://chromium.googlesource.com/chromium/src/+/master/docs/linux_password_storage.md for more information about password storage options.
[51:85:1016/145153.969708:WARNING:histograms.cc(40)] Started multiple compositor clients (Browser, Renderer) in one process. Some metrics will be disabled.
[51:51:1016/145154.216385:VERBOSE1:bluez_dbus_manager.cc(172)] Bluetooth not supported.
[51:51:1016/145154.218738:VERBOSE1:component_updater_service.cc(91)] CrxUpdateService starting up. First update attempt will take place in 360 seconds. Next update attempt will take place in 18000 seconds. 
[51:51:1016/145154.218764:VERBOSE1:component_installer.cc(378)] FinishRegistration for Signed Tree Heads
[51:51:1016/145154.218783:VERBOSE1:component_installer.cc(378)] FinishRegistration for Origin Trials
[51:51:1016/145154.218798:VERBOSE1:component_installer.cc(378)] FinishRegistration for File Type Policies
[51:51:1016/145154.218811:VERBOSE1:component_installer.cc(378)] FinishRegistration for SSL Error Assistant
[51:74:1016/145155.043320:VERBOSE1:multi_log_ct_verifier.cc(75)] Adding CT log: Google 'Aviator' log
[51:74:1016/145155.043348:VERBOSE1:multi_log_ct_verifier.cc(75)] Adding CT log: Google 'Icarus' log
[51:74:1016/145155.043355:VERBOSE1:multi_log_ct_verifier.cc(75)] Adding CT log: Google 'Pilot' log
[51:74:1016/145155.043369:VERBOSE1:multi_log_ct_verifier.cc(75)] Adding CT log: Google 'Rocketeer' log
[51:74:1016/145155.043375:VERBOSE1:multi_log_ct_verifier.cc(75)] Adding CT log: Google 'Skydiver' log
[51:74:1016/145155.043384:VERBOSE1:multi_log_ct_verifier.cc(75)] Adding CT log: DigiCert Log Server
[51:74:1016/145155.043391:VERBOSE1:multi_log_ct_verifier.cc(75)] Adding CT log: DigiCert Log Server 2
[51:74:1016/145155.043396:VERBOSE1:multi_log_ct_verifier.cc(75)] Adding CT log: Symantec log
[51:74:1016/145155.043402:VERBOSE1:multi_log_ct_verifier.cc(75)] Adding CT log: Symantec 'Vega' log
[51:74:1016/145155.043409:VERBOSE1:multi_log_ct_verifier.cc(75)] Adding CT log: Symantec 'Sirius' log
[51:74:1016/145155.043415:VERBOSE1:multi_log_ct_verifier.cc(75)] Adding CT log: WoSign log
[51:74:1016/145155.043420:VERBOSE1:multi_log_ct_verifier.cc(75)] Adding CT log: Venafi Gen2 CT log
[51:74:1016/145155.043425:VERBOSE1:multi_log_ct_verifier.cc(75)] Adding CT log: CNNIC CT log
[51:74:1016/145155.043431:VERBOSE1:multi_log_ct_verifier.cc(75)] Adding CT log: StartCom log
[51:74:1016/145155.043437:VERBOSE1:multi_log_ct_verifier.cc(75)] Adding CT log: Comodo 'Sabre' CT log
[51:74:1016/145155.043442:VERBOSE1:multi_log_ct_verifier.cc(75)] Adding CT log: Comodo 'Mammoth' CT log
[51:74:1016/145155.043448:VERBOSE1:multi_log_ct_verifier.cc(75)] Adding CT log: Izenpe log
[51:74:1016/145155.043453:VERBOSE1:multi_log_ct_verifier.cc(75)] Adding CT log: Venafi log
[51:74:1016/145155.043458:VERBOSE1:multi_log_ct_verifier.cc(75)] Adding CT log: Certly.IO log
[51:74:1016/145155.043466:ERROR:io_thread.cc(730)] Cannot use V8 Proxy resolver in single process mode.
[51:74:1016/145155.043607:VERBOSE1:proxy_service.cc(958)] PAC support disabled because there is no system implementation
[51:74:1016/145155.573248:ERROR:io_thread.cc(730)] Cannot use V8 Proxy resolver in single process mode.
[51:74:1016/145155.573276:VERBOSE1:multi_log_ct_verifier.cc(75)] Adding CT log: Google 'Aviator' log
[51:74:1016/145155.573283:VERBOSE1:multi_log_ct_verifier.cc(75)] Adding CT log: Google 'Icarus' log
[51:74:1016/145155.573288:VERBOSE1:multi_log_ct_verifier.cc(75)] Adding CT log: Google 'Pilot' log
[51:74:1016/145155.573296:VERBOSE1:multi_log_ct_verifier.cc(75)] Adding CT log: Google 'Rocketeer' log
[51:74:1016/145155.573301:VERBOSE1:multi_log_ct_verifier.cc(75)] Adding CT log: Google 'Skydiver' log
[51:74:1016/145155.573307:VERBOSE1:multi_log_ct_verifier.cc(75)] Adding CT log: DigiCert Log Server
[51:74:1016/145155.573313:VERBOSE1:multi_log_ct_verifier.cc(75)] Adding CT log: DigiCert Log Server 2
[51:74:1016/145155.573318:VERBOSE1:multi_log_ct_verifier.cc(75)] Adding CT log: Symantec log
[51:74:1016/145155.573324:VERBOSE1:multi_log_ct_verifier.cc(75)] Adding CT log: Symantec 'Vega' log
[51:74:1016/145155.573334:VERBOSE1:multi_log_ct_verifier.cc(75)] Adding CT log: Symantec 'Sirius' log
[51:74:1016/145155.573340:VERBOSE1:multi_log_ct_verifier.cc(75)] Adding CT log: WoSign log
[51:74:1016/145155.573346:VERBOSE1:multi_log_ct_verifier.cc(75)] Adding CT log: Venafi Gen2 CT log
[51:74:1016/145155.573351:VERBOSE1:multi_log_ct_verifier.cc(75)] Adding CT log: CNNIC CT log
[51:74:1016/145155.573358:VERBOSE1:multi_log_ct_verifier.cc(75)] Adding CT log: StartCom log
[51:74:1016/145155.573364:VERBOSE1:multi_log_ct_verifier.cc(75)] Adding CT log: Comodo 'Sabre' CT log
[51:74:1016/145155.573370:VERBOSE1:multi_log_ct_verifier.cc(75)] Adding CT log: Comodo 'Mammoth' CT log
[51:74:1016/145155.573375:VERBOSE1:multi_log_ct_verifier.cc(75)] Adding CT log: Izenpe log
[51:74:1016/145155.573381:VERBOSE1:multi_log_ct_verifier.cc(75)] Adding CT log: Venafi log
[51:74:1016/145155.573386:VERBOSE1:multi_log_ct_verifier.cc(75)] Adding CT log: Certly.IO log
[51:74:1016/145155.573494:VERBOSE1:proxy_service.cc(958)] PAC support disabled because there is no system implementation
[51:74:1016/145155.574493:VERBOSE1:network_delegate.cc(30)] NetworkDelegate::NotifyBeforeURLRequest: https://www.gstatic.com/chrome/intelligence/assist/ranker/models/translate/2017/03/translate_ranker_model_20170329.pb.bin
[51:74:1016/145155.574516:VERBOSE1:network_delegate.cc(30)] NetworkDelegate::NotifyBeforeURLRequest: https://www.gstatic.com/chrome/intelligence/assist/ranker/models/translate/2017/03/translate_ranker_model_20170329.pb.bin
[51:74:1016/145155.622732:VERBOSE1:network_delegate.cc(30)] NetworkDelegate::NotifyBeforeURLRequest: chrome-extension://aapnijgdinlhnhlmodcfapnahmbfebeb/_generated_background_page.html
[51:74:1016/145155.622749:VERBOSE1:network_delegate.cc(30)] NetworkDelegate::NotifyBeforeURLRequest: chrome-extension://aapnijgdinlhnhlmodcfapnahmbfebeb/_generated_background_page.html
[51:74:1016/145155.622758:VERBOSE1:network_delegate.cc(30)] NetworkDelegate::NotifyBeforeURLRequest: chrome-extension://aapnijgdinlhnhlmodcfapnahmbfebeb/_generated_background_page.html
[51:85:1016/145155.641780:VERBOSE1:LocalWindowProxy.cpp(236)] A context is created NOT from snapshot
[51:85:1016/145155.642308:VERBOSE1:script_context.cc(111)] Created context:
  extension id:           (none)
  frame:                  0x504911a1d18
  URL:                    
  context_type:           WEB_PAGE
  effective extension id: (none)
  effective context type: WEB_PAGE
[51:85:1016/145155.643978:VERBOSE1:script_context.cc(111)] Created context:
  extension id:           (none)
  frame:                  (nil)
  URL:                    
  context_type:           UNSPECIFIED
  effective extension id: (none)
  effective context type: UNSPECIFIED
[51:85:1016/145155.645300:VERBOSE1:dispatcher.cc(366)] Num tracked contexts: 1
[51:74:1016/145155.670709:VERBOSE1:network_delegate.cc(30)] NetworkDelegate::NotifyBeforeURLRequest: chrome-extension://aapnijgdinlhnhlmodcfapnahmbfebeb/background.js
[51:74:1016/145155.670728:VERBOSE1:network_delegate.cc(30)] NetworkDelegate::NotifyBeforeURLRequest: chrome-extension://aapnijgdinlhnhlmodcfapnahmbfebeb/background.js
[51:74:1016/145155.670736:VERBOSE1:network_delegate.cc(30)] NetworkDelegate::NotifyBeforeURLRequest: chrome-extension://aapnijgdinlhnhlmodcfapnahmbfebeb/background.js
[51:85:1016/145155.678816:VERBOSE1:LocalWindowProxy.cpp(236)] A context is created NOT from snapshot
[51:85:1016/145155.679095:VERBOSE1:script_context.cc(111)] Created context:
  extension id:           aapnijgdinlhnhlmodcfapnahmbfebeb
  frame:                  0x504911ae208
  URL:                    
  context_type:           BLESSED_EXTENSION
  effective extension id: aapnijgdinlhnhlmodcfapnahmbfebeb
  effective context type: BLESSED_EXTENSION
[51:85:1016/145155.679170:VERBOSE1:script_context.cc(111)] Created context:
  extension id:           (none)
  frame:                  (nil)
  URL:                    
  context_type:           UNSPECIFIED
  effective extension id: (none)
  effective context type: UNSPECIFIED
[51:85:1016/145155.706590:VERBOSE1:dispatcher.cc(366)] Num tracked contexts: 2
[51:85:1016/145155.708493:VERBOSE1:language_detection_util.cc(234)] Detected language: und
[51:85:1016/145156.018372:VERBOSE1:dispatcher.cc(498)] Num tracked contexts: 1
[51:85:1016/145156.021527:VERBOSE1:LocalWindowProxy.cpp(236)] A context is created NOT from snapshot
[51:85:1016/145156.021772:VERBOSE1:script_context.cc(111)] Created context:
  extension id:           (none)
  frame:                  0x504911a1d18
  URL:                    
  context_type:           WEB_PAGE
  effective extension id: (none)
  effective context type: WEB_PAGE
[51:85:1016/145156.021830:VERBOSE1:script_context.cc(111)] Created context:
  extension id:           (none)
  frame:                  (nil)
  URL:                    
  context_type:           UNSPECIFIED
  effective extension id: (none)
  effective context type: UNSPECIFIED
[51:85:1016/145156.022319:VERBOSE1:dispatcher.cc(366)] Num tracked contexts: 2
[51:85:1016/145156.022911:VERBOSE1:script_context.cc(120)] Destroyed context for extension
  extension id: 
  effective extension id: 
[51:85:1016/145156.022937:VERBOSE1:script_context.cc(120)] Destroyed context for extension
  extension id: 
  effective extension id: 
[51:85:1016/145156.038962:VERBOSE1:language_detection_util.cc(234)] Detected language: und
