[44:44:0830/010435.126359:VERBOSE1:breakpad_linux.cc(1980)] Breakpad disabled
[44:56:0830/010435.485315:ERROR:bus.cc(395)] Failed to connect to the bus: Failed to connect to socket /var/run/dbus/system_bus_socket: No such file or directory
[44:44:0830/010435.502409:VERBOSE1:pref_proxy_config_tracker_impl.cc(154)] 0x3f04f7a0e580: set chrome proxy config service to 0x3f04f7ae7000
[44:44:0830/010435.527721:VERBOSE1:pulse_stubs.cc(683)] dlopen(libpulse.so.0) failed, dlerror() says:
libpulse.so.0: cannot open shared object file: No such file or directory
[44:44:0830/010435.527760:VERBOSE1:pulse_util.cc(106)] Failed on loading the Pulse library and symbols
[44:44:0830/010435.544162:VERBOSE1:mutable_profile_oauth2_token_service_delegate.cc(162)] MutablePO2TS::MutablePO2TS
[44:44:0830/010435.544253:VERBOSE1:device_event_log_impl.cc(158)] [01:04:35.544] Bluetooth: EVENT: bluetooth_api.cc:68 BluetoothAPI: 0x3f04f7b68000
[44:44:0830/010435.552379:VERBOSE1:bluetooth_low_energy_event_router.cc(248)] Initializing BluetoothLowEnergyEventRouter.
[44:44:0830/010435.597225:VERBOSE1:pref_proxy_config_tracker_impl.cc(154)] 0x3f04f7c86000: set chrome proxy config service to 0x3f04f7b67300
[44:44:0830/010435.599602:VERBOSE1:extension_service.cc(1403)] AddComponentExtension Cloud Print
[44:44:0830/010435.599620:VERBOSE1:extension_service.cc(1405)] Component extension Cloud Print (mfehgcgbbipciphmccgaenjidiccnmng) installing/upgrading from '' to 0.1
[44:44:0830/010435.600149:VERBOSE1:extension_service.cc(1403)] AddComponentExtension Web Store
[44:44:0830/010435.600164:VERBOSE1:extension_service.cc(1405)] Component extension Web Store (ahfgeienlihckogmohjhadlkjgocpleb) installing/upgrading from '' to 0.2
[44:44:0830/010435.600620:VERBOSE1:extension_service.cc(1403)] AddComponentExtension Chromium PDF Viewer
[44:44:0830/010435.600637:VERBOSE1:extension_service.cc(1405)] Component extension Chromium PDF Viewer (mhjfbmdgcfjbbpaeojofohoefgiehjai) installing/upgrading from '' to 1
[44:44:0830/010435.630613:VERBOSE1:account_reconcilor.cc(88)] AccountReconcilor::AccountReconcilor
[44:44:0830/010435.630633:VERBOSE1:account_reconcilor.cc(99)] AccountReconcilor::Initialize
[44:62:0830/010435.662321:VERBOSE1:component_installer.cc(244)] StartRegistration for Signed Tree Heads
[44:62:0830/010435.662468:VERBOSE1:component_installer.cc(244)] StartRegistration for Origin Trials
[44:44:0830/010435.662568:VERBOSE1:file_type_policies_component_installer.cc(129)] Registering File Type Policies component.
[44:62:0830/010435.662610:VERBOSE1:component_installer.cc(244)] StartRegistration for File Type Policies
[44:62:0830/010435.662724:VERBOSE1:component_installer.cc(244)] StartRegistration for SSL Error Assistant
[44:44:0830/010435.720810:WARNING:password_store_factory.cc(241)] Using basic (unencrypted) store for password storage. See https://chromium.googlesource.com/chromium/src/+/master/docs/linux_password_storage.md for more information about password storage options.
[44:44:0830/010435.802743:VERBOSE1:bluez_dbus_manager.cc(172)] Bluetooth not supported.
[44:85:0830/010435.818874:WARNING:histograms.cc(40)] Started multiple compositor clients (Browser, Renderer) in one process. Some metrics will be disabled.
[44:44:0830/010435.824115:VERBOSE1:component_updater_service.cc(91)] CrxUpdateService starting up. First update attempt will take place in 360 seconds. Next update attempt will take place in 18000 seconds. 
[44:44:0830/010435.824143:VERBOSE1:component_installer.cc(378)] FinishRegistration for Signed Tree Heads
[44:44:0830/010435.824169:VERBOSE1:component_installer.cc(378)] FinishRegistration for Origin Trials
[44:44:0830/010435.824187:VERBOSE1:component_installer.cc(378)] FinishRegistration for File Type Policies
[44:44:0830/010435.824210:VERBOSE1:component_installer.cc(378)] FinishRegistration for SSL Error Assistant
[44:74:0830/010436.056423:VERBOSE1:multi_log_ct_verifier.cc(75)] Adding CT log: Google 'Aviator' log
[44:74:0830/010436.056498:VERBOSE1:multi_log_ct_verifier.cc(75)] Adding CT log: Google 'Icarus' log
[44:74:0830/010436.056511:VERBOSE1:multi_log_ct_verifier.cc(75)] Adding CT log: Google 'Pilot' log
[44:74:0830/010436.056527:VERBOSE1:multi_log_ct_verifier.cc(75)] Adding CT log: Google 'Rocketeer' log
[44:74:0830/010436.056535:VERBOSE1:multi_log_ct_verifier.cc(75)] Adding CT log: Google 'Skydiver' log
[44:74:0830/010436.056542:VERBOSE1:multi_log_ct_verifier.cc(75)] Adding CT log: DigiCert Log Server
[44:74:0830/010436.056549:VERBOSE1:multi_log_ct_verifier.cc(75)] Adding CT log: DigiCert Log Server 2
[44:74:0830/010436.056556:VERBOSE1:multi_log_ct_verifier.cc(75)] Adding CT log: Symantec log
[44:74:0830/010436.056562:VERBOSE1:multi_log_ct_verifier.cc(75)] Adding CT log: Symantec 'Vega' log
[44:74:0830/010436.056570:VERBOSE1:multi_log_ct_verifier.cc(75)] Adding CT log: Symantec 'Sirius' log
[44:74:0830/010436.056577:VERBOSE1:multi_log_ct_verifier.cc(75)] Adding CT log: WoSign log
[44:74:0830/010436.056584:VERBOSE1:multi_log_ct_verifier.cc(75)] Adding CT log: Venafi Gen2 CT log
[44:74:0830/010436.056593:VERBOSE1:multi_log_ct_verifier.cc(75)] Adding CT log: CNNIC CT log
[44:74:0830/010436.056599:VERBOSE1:multi_log_ct_verifier.cc(75)] Adding CT log: StartCom log
[44:74:0830/010436.056607:VERBOSE1:multi_log_ct_verifier.cc(75)] Adding CT log: Comodo 'Sabre' CT log
[44:74:0830/010436.056614:VERBOSE1:multi_log_ct_verifier.cc(75)] Adding CT log: Comodo 'Mammoth' CT log
[44:74:0830/010436.056621:VERBOSE1:multi_log_ct_verifier.cc(75)] Adding CT log: Izenpe log
[44:74:0830/010436.056627:VERBOSE1:multi_log_ct_verifier.cc(75)] Adding CT log: Venafi log
[44:74:0830/010436.056634:VERBOSE1:multi_log_ct_verifier.cc(75)] Adding CT log: Certly.IO log
[44:74:0830/010436.056645:ERROR:io_thread.cc(730)] Cannot use V8 Proxy resolver in single process mode.
[44:74:0830/010436.056819:VERBOSE1:proxy_service.cc(958)] PAC support disabled because there is no system implementation
[44:74:0830/010436.065180:ERROR:io_thread.cc(730)] Cannot use V8 Proxy resolver in single process mode.
[44:74:0830/010436.065214:VERBOSE1:multi_log_ct_verifier.cc(75)] Adding CT log: Google 'Aviator' log
[44:74:0830/010436.065224:VERBOSE1:multi_log_ct_verifier.cc(75)] Adding CT log: Google 'Icarus' log
[44:74:0830/010436.065232:VERBOSE1:multi_log_ct_verifier.cc(75)] Adding CT log: Google 'Pilot' log
[44:74:0830/010436.065240:VERBOSE1:multi_log_ct_verifier.cc(75)] Adding CT log: Google 'Rocketeer' log
[44:74:0830/010436.065247:VERBOSE1:multi_log_ct_verifier.cc(75)] Adding CT log: Google 'Skydiver' log
[44:74:0830/010436.065256:VERBOSE1:multi_log_ct_verifier.cc(75)] Adding CT log: DigiCert Log Server
[44:74:0830/010436.065263:VERBOSE1:multi_log_ct_verifier.cc(75)] Adding CT log: DigiCert Log Server 2
[44:74:0830/010436.065271:VERBOSE1:multi_log_ct_verifier.cc(75)] Adding CT log: Symantec log
[44:74:0830/010436.065279:VERBOSE1:multi_log_ct_verifier.cc(75)] Adding CT log: Symantec 'Vega' log
[44:74:0830/010436.065287:VERBOSE1:multi_log_ct_verifier.cc(75)] Adding CT log: Symantec 'Sirius' log
[44:74:0830/010436.065295:VERBOSE1:multi_log_ct_verifier.cc(75)] Adding CT log: WoSign log
[44:74:0830/010436.065303:VERBOSE1:multi_log_ct_verifier.cc(75)] Adding CT log: Venafi Gen2 CT log
[44:74:0830/010436.065311:VERBOSE1:multi_log_ct_verifier.cc(75)] Adding CT log: CNNIC CT log
[44:74:0830/010436.065318:VERBOSE1:multi_log_ct_verifier.cc(75)] Adding CT log: StartCom log
[44:74:0830/010436.065326:VERBOSE1:multi_log_ct_verifier.cc(75)] Adding CT log: Comodo 'Sabre' CT log
[44:74:0830/010436.065334:VERBOSE1:multi_log_ct_verifier.cc(75)] Adding CT log: Comodo 'Mammoth' CT log
[44:74:0830/010436.065342:VERBOSE1:multi_log_ct_verifier.cc(75)] Adding CT log: Izenpe log
[44:74:0830/010436.065350:VERBOSE1:multi_log_ct_verifier.cc(75)] Adding CT log: Venafi log
[44:74:0830/010436.065358:VERBOSE1:multi_log_ct_verifier.cc(75)] Adding CT log: Certly.IO log
[44:74:0830/010436.065483:VERBOSE1:proxy_service.cc(958)] PAC support disabled because there is no system implementation
[44:74:0830/010436.075200:VERBOSE1:network_delegate.cc(30)] NetworkDelegate::NotifyBeforeURLRequest: https://www.gstatic.com/chrome/intelligence/assist/ranker/models/translate/2017/03/translate_ranker_model_20170329.pb.bin
[44:74:0830/010436.075235:VERBOSE1:network_delegate.cc(30)] NetworkDelegate::NotifyBeforeURLRequest: https://www.gstatic.com/chrome/intelligence/assist/ranker/models/translate/2017/03/translate_ranker_model_20170329.pb.bin
[44:74:0830/010436.134143:VERBOSE1:network_delegate.cc(30)] NetworkDelegate::NotifyBeforeURLRequest: chrome-extension://aapnijgdinlhnhlmodcfapnahmbfebeb/_generated_background_page.html
[44:74:0830/010436.134166:VERBOSE1:network_delegate.cc(30)] NetworkDelegate::NotifyBeforeURLRequest: chrome-extension://aapnijgdinlhnhlmodcfapnahmbfebeb/_generated_background_page.html
[44:74:0830/010436.134178:VERBOSE1:network_delegate.cc(30)] NetworkDelegate::NotifyBeforeURLRequest: chrome-extension://aapnijgdinlhnhlmodcfapnahmbfebeb/_generated_background_page.html
[44:85:0830/010436.145036:VERBOSE1:LocalWindowProxy.cpp(236)] A context is created NOT from snapshot
[44:85:0830/010436.153739:VERBOSE1:script_context.cc(111)] Created context:
  extension id:           (none)
  frame:                  0x178d9d901d18
  URL:                    
  context_type:           WEB_PAGE
  effective extension id: (none)
  effective context type: WEB_PAGE
[44:85:0830/010436.154831:VERBOSE1:script_context.cc(111)] Created context:
  extension id:           (none)
  frame:                  (nil)
  URL:                    
  context_type:           UNSPECIFIED
  effective extension id: (none)
  effective context type: UNSPECIFIED
[44:85:0830/010436.157029:VERBOSE1:dispatcher.cc(366)] Num tracked contexts: 1
[44:74:0830/010436.180823:VERBOSE1:network_delegate.cc(30)] NetworkDelegate::NotifyBeforeURLRequest: chrome-extension://aapnijgdinlhnhlmodcfapnahmbfebeb/background.js
[44:74:0830/010436.180847:VERBOSE1:network_delegate.cc(30)] NetworkDelegate::NotifyBeforeURLRequest: chrome-extension://aapnijgdinlhnhlmodcfapnahmbfebeb/background.js
[44:74:0830/010436.180859:VERBOSE1:network_delegate.cc(30)] NetworkDelegate::NotifyBeforeURLRequest: chrome-extension://aapnijgdinlhnhlmodcfapnahmbfebeb/background.js
[44:85:0830/010436.183907:VERBOSE1:LocalWindowProxy.cpp(236)] A context is created NOT from snapshot
[44:85:0830/010436.184372:VERBOSE1:script_context.cc(111)] Created context:
  extension id:           aapnijgdinlhnhlmodcfapnahmbfebeb
  frame:                  0x178d9d90e920
  URL:                    
  context_type:           BLESSED_EXTENSION
  effective extension id: aapnijgdinlhnhlmodcfapnahmbfebeb
  effective context type: BLESSED_EXTENSION
[44:85:0830/010436.184465:VERBOSE1:script_context.cc(111)] Created context:
  extension id:           (none)
  frame:                  (nil)
  URL:                    
  context_type:           UNSPECIFIED
  effective extension id: (none)
  effective context type: UNSPECIFIED
[44:85:0830/010436.216087:VERBOSE1:dispatcher.cc(366)] Num tracked contexts: 2
[44:85:0830/010436.216775:VERBOSE1:language_detection_util.cc(234)] Detected language: und
[44:85:0830/010436.624589:VERBOSE1:dispatcher.cc(498)] Num tracked contexts: 1
[44:85:0830/010436.635987:VERBOSE1:LocalWindowProxy.cpp(236)] A context is created NOT from snapshot
[44:85:0830/010436.636336:VERBOSE1:script_context.cc(111)] Created context:
  extension id:           (none)
  frame:                  0x178d9d901d18
  URL:                    
  context_type:           WEB_PAGE
  effective extension id: (none)
  effective context type: WEB_PAGE
[44:85:0830/010436.636419:VERBOSE1:script_context.cc(111)] Created context:
  extension id:           (none)
  frame:                  (nil)
  URL:                    
  context_type:           UNSPECIFIED
  effective extension id: (none)
  effective context type: UNSPECIFIED
[44:85:0830/010436.637094:VERBOSE1:dispatcher.cc(366)] Num tracked contexts: 2
[44:85:0830/010436.650601:VERBOSE1:script_context.cc(120)] Destroyed context for extension
  extension id: 
  effective extension id: 
[44:85:0830/010436.650650:VERBOSE1:script_context.cc(120)] Destroyed context for extension
  extension id: 
  effective extension id: 
[44:85:0830/010436.675679:VERBOSE1:language_detection_util.cc(234)] Detected language: und
