[47:47:1102/212004.574163:VERBOSE1:breakpad_linux.cc(1977)] Breakpad disabled
[47:56:1102/212005.241536:ERROR:bus.cc(394)] Failed to connect to the bus: Failed to connect to socket /var/run/dbus/system_bus_socket: No such file or directory
[47:47:1102/212005.241680:VERBOSE1:webrtc_event_log_manager.cc(390)] WebRTC remote-bound event logging disabled.
[47:47:1102/212005.241787:VERBOSE1:pref_proxy_config_tracker_impl.cc(184)] 0x3d3a9fd12580: set chrome proxy config service to 0x3d3a9febe780
[47:47:1102/212005.241900:ERROR:default_network_context_params.cc(60)] Cannot use V8 Proxy resolver in single process mode.
[47:54:1102/212005.244430:VERBOSE1:multi_log_ct_verifier.cc(75)] Adding CT log: Google 'Argon2018' log
[47:54:1102/212005.244445:VERBOSE1:multi_log_ct_verifier.cc(75)] Adding CT log: Google 'Argon2019' log
[47:54:1102/212005.244452:VERBOSE1:multi_log_ct_verifier.cc(75)] Adding CT log: Google 'Argon2020' log
[47:54:1102/212005.244460:VERBOSE1:multi_log_ct_verifier.cc(75)] Adding CT log: Google 'Argon2021' log
[47:54:1102/212005.244467:VERBOSE1:multi_log_ct_verifier.cc(75)] Adding CT log: Google 'Aviator' log
[47:54:1102/212005.244474:VERBOSE1:multi_log_ct_verifier.cc(75)] Adding CT log: Google 'Icarus' log
[47:54:1102/212005.244481:VERBOSE1:multi_log_ct_verifier.cc(75)] Adding CT log: Google 'Pilot' log
[47:54:1102/212005.244488:VERBOSE1:multi_log_ct_verifier.cc(75)] Adding CT log: Google 'Rocketeer' log
[47:54:1102/212005.244495:VERBOSE1:multi_log_ct_verifier.cc(75)] Adding CT log: Google 'Skydiver' log
[47:54:1102/212005.244501:VERBOSE1:multi_log_ct_verifier.cc(75)] Adding CT log: Cloudflare 'Nimbus2018' Log
[47:54:1102/212005.244509:VERBOSE1:multi_log_ct_verifier.cc(75)] Adding CT log: Cloudflare 'Nimbus2019' Log
[47:54:1102/212005.244515:VERBOSE1:multi_log_ct_verifier.cc(75)] Adding CT log: Cloudflare 'Nimbus2020' Log
[47:54:1102/212005.244522:VERBOSE1:multi_log_ct_verifier.cc(75)] Adding CT log: Cloudflare 'Nimbus2021' Log
[47:54:1102/212005.244529:VERBOSE1:multi_log_ct_verifier.cc(75)] Adding CT log: DigiCert Log Server
[47:54:1102/212005.244536:VERBOSE1:multi_log_ct_verifier.cc(75)] Adding CT log: DigiCert Log Server 2
[47:54:1102/212005.244543:VERBOSE1:multi_log_ct_verifier.cc(75)] Adding CT log: DigiCert Yeti2018 Log
[47:54:1102/212005.244550:VERBOSE1:multi_log_ct_verifier.cc(75)] Adding CT log: DigiCert Yeti2019 Log
[47:54:1102/212005.244557:VERBOSE1:multi_log_ct_verifier.cc(75)] Adding CT log: DigiCert Yeti2020 Log
[47:54:1102/212005.244564:VERBOSE1:multi_log_ct_verifier.cc(75)] Adding CT log: DigiCert Yeti2021 Log
[47:54:1102/212005.244571:VERBOSE1:multi_log_ct_verifier.cc(75)] Adding CT log: DigiCert Yeti2022 Log
[47:54:1102/212005.244578:VERBOSE1:multi_log_ct_verifier.cc(75)] Adding CT log: Symantec log
[47:54:1102/212005.244584:VERBOSE1:multi_log_ct_verifier.cc(75)] Adding CT log: Symantec 'Vega' log
[47:54:1102/212005.244591:VERBOSE1:multi_log_ct_verifier.cc(75)] Adding CT log: Symantec 'Sirius' log
[47:54:1102/212005.244598:VERBOSE1:multi_log_ct_verifier.cc(75)] Adding CT log: Venafi Gen2 CT log
[47:54:1102/212005.244606:VERBOSE1:multi_log_ct_verifier.cc(75)] Adding CT log: CNNIC CT log
[47:54:1102/212005.244612:VERBOSE1:multi_log_ct_verifier.cc(75)] Adding CT log: Comodo 'Sabre' CT log
[47:54:1102/212005.244619:VERBOSE1:multi_log_ct_verifier.cc(75)] Adding CT log: Comodo 'Mammoth' CT log
[47:54:1102/212005.244630:VERBOSE1:multi_log_ct_verifier.cc(75)] Adding CT log: StartCom log
[47:54:1102/212005.244637:VERBOSE1:multi_log_ct_verifier.cc(75)] Adding CT log: WoSign log
[47:54:1102/212005.244644:VERBOSE1:multi_log_ct_verifier.cc(75)] Adding CT log: Izenpe log
[47:54:1102/212005.244651:VERBOSE1:multi_log_ct_verifier.cc(75)] Adding CT log: Venafi log
[47:54:1102/212005.244658:VERBOSE1:multi_log_ct_verifier.cc(75)] Adding CT log: Certly.IO log
[47:54:1102/212005.244725:VERBOSE1:proxy_resolution_service.cc(1022)] PAC support disabled because there is no system implementation
[47:47:1102/212005.253628:ERROR:gpu_process_transport_factory.cc(1016)] Lost UI shared context.
[47:47:1102/212005.257800:VERBOSE1:pulse_stubs.cc(683)] dlopen(libpulse.so.0) failed, dlerror() says:
libpulse.so.0: cannot open shared object file: No such file or directory
[47:47:1102/212005.257853:VERBOSE1:pulse_util.cc(105)] Failed on loading the Pulse library and symbols
[47:47:1102/212005.276868:VERBOSE1:mutable_profile_oauth2_token_service_delegate.cc(347)] MutablePO2TS::MutablePO2TS
[47:47:1102/212005.276971:VERBOSE1:device_event_log_impl.cc(161)] [21:20:05.276] Bluetooth: EVENT: bluetooth_api.cc:72 BluetoothAPI: 0x3d3a9fe2a000
[47:47:1102/212005.277321:VERBOSE1:bluetooth_low_energy_event_router.cc(248)] Initializing BluetoothLowEnergyEventRouter.
[47:47:1102/212005.279153:VERBOSE1:dns_sd_registry.cc(158)] RegisterDnsSdListener: _googlecast._tcp.local, registered: 0
[47:47:1102/212005.279181:VERBOSE1:service_discovery_device_lister.cc(40)] DeviceListerStart: service_type: _googlecast._tcp.local
[47:47:1102/212005.279201:VERBOSE1:dns_sd_device_lister.cc(46)] Started device lister for service type _googlecast._tcp.local
[47:47:1102/212005.279217:VERBOSE1:service_discovery_device_lister.cc(46)] DiscoverNewDevices: service_type: _googlecast._tcp.local
[47:47:1102/212005.279233:VERBOSE1:dns_sd_device_lister.cc(50)] Discovery new devices for service type _googlecast._tcp.local
[47:47:1102/212005.279249:VERBOSE1:dns_sd_registry.cc(249)] DispatchApiEvent: service_type: _googlecast._tcp.local
[47:47:1102/212005.314134:VERBOSE1:pref_proxy_config_tracker_impl.cc(184)] 0x3d3aa00aedc0: set chrome proxy config service to 0x3d3a9ffc7300
[47:47:1102/212005.314198:ERROR:default_network_context_params.cc(60)] Cannot use V8 Proxy resolver in single process mode.
[47:54:1102/212005.315201:VERBOSE1:multi_log_ct_verifier.cc(75)] Adding CT log: Google 'Argon2018' log
[47:54:1102/212005.315221:VERBOSE1:multi_log_ct_verifier.cc(75)] Adding CT log: Google 'Argon2019' log
[47:54:1102/212005.315237:VERBOSE1:multi_log_ct_verifier.cc(75)] Adding CT log: Google 'Argon2020' log
[47:54:1102/212005.315251:VERBOSE1:multi_log_ct_verifier.cc(75)] Adding CT log: Google 'Argon2021' log
[47:54:1102/212005.315265:VERBOSE1:multi_log_ct_verifier.cc(75)] Adding CT log: Google 'Aviator' log
[47:54:1102/212005.315279:VERBOSE1:multi_log_ct_verifier.cc(75)] Adding CT log: Google 'Icarus' log
[47:54:1102/212005.315292:VERBOSE1:multi_log_ct_verifier.cc(75)] Adding CT log: Google 'Pilot' log
[47:54:1102/212005.315306:VERBOSE1:multi_log_ct_verifier.cc(75)] Adding CT log: Google 'Rocketeer' log
[47:54:1102/212005.315319:VERBOSE1:multi_log_ct_verifier.cc(75)] Adding CT log: Google 'Skydiver' log
[47:54:1102/212005.315334:VERBOSE1:multi_log_ct_verifier.cc(75)] Adding CT log: Cloudflare 'Nimbus2018' Log
[47:54:1102/212005.315347:VERBOSE1:multi_log_ct_verifier.cc(75)] Adding CT log: Cloudflare 'Nimbus2019' Log
[47:54:1102/212005.315361:VERBOSE1:multi_log_ct_verifier.cc(75)] Adding CT log: Cloudflare 'Nimbus2020' Log
[47:54:1102/212005.315374:VERBOSE1:multi_log_ct_verifier.cc(75)] Adding CT log: Cloudflare 'Nimbus2021' Log
[47:54:1102/212005.315388:VERBOSE1:multi_log_ct_verifier.cc(75)] Adding CT log: DigiCert Log Server
[47:54:1102/212005.315402:VERBOSE1:multi_log_ct_verifier.cc(75)] Adding CT log: DigiCert Log Server 2
[47:54:1102/212005.315421:VERBOSE1:multi_log_ct_verifier.cc(75)] Adding CT log: DigiCert Yeti2018 Log
[47:54:1102/212005.315434:VERBOSE1:multi_log_ct_verifier.cc(75)] Adding CT log: DigiCert Yeti2019 Log
[47:54:1102/212005.315448:VERBOSE1:multi_log_ct_verifier.cc(75)] Adding CT log: DigiCert Yeti2020 Log
[47:54:1102/212005.315461:VERBOSE1:multi_log_ct_verifier.cc(75)] Adding CT log: DigiCert Yeti2021 Log
[47:54:1102/212005.315474:VERBOSE1:multi_log_ct_verifier.cc(75)] Adding CT log: DigiCert Yeti2022 Log
[47:54:1102/212005.315487:VERBOSE1:multi_log_ct_verifier.cc(75)] Adding CT log: Symantec log
[47:54:1102/212005.315502:VERBOSE1:multi_log_ct_verifier.cc(75)] Adding CT log: Symantec 'Vega' log
[47:54:1102/212005.315515:VERBOSE1:multi_log_ct_verifier.cc(75)] Adding CT log: Symantec 'Sirius' log
[47:54:1102/212005.315530:VERBOSE1:multi_log_ct_verifier.cc(75)] Adding CT log: Venafi Gen2 CT log
[47:54:1102/212005.315551:VERBOSE1:multi_log_ct_verifier.cc(75)] Adding CT log: CNNIC CT log
[47:54:1102/212005.315565:VERBOSE1:multi_log_ct_verifier.cc(75)] Adding CT log: Comodo 'Sabre' CT log
[47:54:1102/212005.315577:VERBOSE1:multi_log_ct_verifier.cc(75)] Adding CT log: Comodo 'Mammoth' CT log
[47:54:1102/212005.315590:VERBOSE1:multi_log_ct_verifier.cc(75)] Adding CT log: StartCom log
[47:54:1102/212005.315603:VERBOSE1:multi_log_ct_verifier.cc(75)] Adding CT log: WoSign log
[47:54:1102/212005.315616:VERBOSE1:multi_log_ct_verifier.cc(75)] Adding CT log: Izenpe log
[47:54:1102/212005.315629:VERBOSE1:multi_log_ct_verifier.cc(75)] Adding CT log: Venafi log
[47:54:1102/212005.315643:VERBOSE1:multi_log_ct_verifier.cc(75)] Adding CT log: Certly.IO log
[47:54:1102/212005.315673:VERBOSE1:proxy_resolution_service.cc(1022)] PAC support disabled because there is no system implementation
[47:47:1102/212005.317076:VERBOSE1:extension_service.cc(1254)] AddComponentExtension Cloud Print
[47:47:1102/212005.317090:VERBOSE1:extension_service.cc(1256)] Component extension Cloud Print (mfehgcgbbipciphmccgaenjidiccnmng) installing/upgrading from '' to 0.1
[47:47:1102/212005.317539:VERBOSE1:extension_service.cc(1254)] AddComponentExtension Web Store
[47:47:1102/212005.317553:VERBOSE1:extension_service.cc(1256)] Component extension Web Store (ahfgeienlihckogmohjhadlkjgocpleb) installing/upgrading from '' to 0.2
[47:47:1102/212005.317989:VERBOSE1:extension_service.cc(1254)] AddComponentExtension Chromium PDF Viewer
[47:47:1102/212005.318004:VERBOSE1:extension_service.cc(1256)] Component extension Chromium PDF Viewer (mhjfbmdgcfjbbpaeojofohoefgiehjai) installing/upgrading from '' to 1
[47:47:1102/212005.319487:VERBOSE1:account_reconcilor.cc(101)] AccountReconcilor::AccountReconcilor
[47:47:1102/212005.319508:VERBOSE1:account_reconcilor.cc(115)] AccountReconcilor::Initialize
[47:47:1102/212005.323011:VERBOSE1:file_type_policies_component_installer.cc(134)] Registering File Type Policies component.
[47:47:1102/212005.323713:WARNING:browser_main_loop.cc(271)] GLib-GObject: g_object_get_valist: object class 'GtkSettings' has no property named 'gtk-application-prefer-dark-theme'
[47:47:1102/212005.353650:WARNING:password_store_factory.cc(250)] Using basic (unencrypted) store for password storage. See https://chromium.googlesource.com/chromium/src/+/master/docs/linux_password_storage.md for more information about password storage options.
[47:81:1102/212005.378350:WARNING:histograms.cc(40)] Started multiple compositor clients (Browser, Renderer) in one process. Some metrics will be disabled.
[47:54:1102/212005.397100:VERBOSE1:network_delegate.cc(30)] NetworkDelegate::NotifyBeforeURLRequest: data:,
[47:54:1102/212005.397125:VERBOSE1:network_delegate.cc(30)] NetworkDelegate::NotifyBeforeURLRequest: data:,
[47:54:1102/212005.397145:VERBOSE1:network_delegate.cc(30)] NetworkDelegate::NotifyBeforeURLRequest: data:,
[47:47:1102/212005.422309:VERBOSE1:bluez_dbus_manager.cc(174)] Bluetooth not supported.
[47:47:1102/212005.422990:VERBOSE1:gaia_cookie_manager_service.cc(787)] GaiaCookieManagerService::ListAccounts
[47:54:1102/212005.434370:VERBOSE1:network_delegate.cc(30)] NetworkDelegate::NotifyBeforeURLRequest: https://accounts.google.com/ListAccounts?gpsia=1&source=durations_metrics,counter:0,load_time_ms:146&json=standard
[47:54:1102/212005.434436:VERBOSE1:network_delegate.cc(30)] NetworkDelegate::NotifyBeforeURLRequest: https://accounts.google.com/ListAccounts?gpsia=1&source=durations_metrics,counter:0,load_time_ms:146&json=standard
[47:54:1102/212005.434468:VERBOSE1:network_delegate.cc(30)] NetworkDelegate::NotifyBeforeURLRequest: https://accounts.google.com/ListAccounts?gpsia=1&source=durations_metrics,counter:0,load_time_ms:146&json=standard
[47:77:1102/212005.435562:ERROR:bus.cc(394)] Failed to connect to the bus: Address does not contain a colon
[47:54:1102/212005.435621:VERBOSE1:mdns_client_impl.cc(160)] Sockets ready:2
[47:54:1102/212005.457828:VERBOSE1:network_delegate.cc(30)] NetworkDelegate::NotifyBeforeURLRequest: chrome-extension://aapnijgdinlhnhlmodcfapnahmbfebeb/_generated_background_page.html
[47:54:1102/212005.457860:VERBOSE1:network_delegate.cc(30)] NetworkDelegate::NotifyBeforeURLRequest: chrome-extension://aapnijgdinlhnhlmodcfapnahmbfebeb/_generated_background_page.html
[47:54:1102/212005.457879:VERBOSE1:network_delegate.cc(30)] NetworkDelegate::NotifyBeforeURLRequest: chrome-extension://aapnijgdinlhnhlmodcfapnahmbfebeb/_generated_background_page.html
[47:83:1102/212005.476213:ERROR:gles2_command_buffer_stub.cc(129)] ContextResult::kFatalFailure: Failed to create default offscreen surface.
[47:62:1102/212005.494205:VERBOSE1:component_installer.cc(252)] StartRegistration for Subresource Filter Rules
[47:62:1102/212005.494474:VERBOSE1:component_installer.cc(252)] StartRegistration for CRLSet
[47:62:1102/212005.494611:VERBOSE1:component_installer.cc(252)] StartRegistration for Signed Tree Heads
[47:62:1102/212005.494750:VERBOSE1:component_installer.cc(252)] StartRegistration for Origin Trials
[47:62:1102/212005.494956:VERBOSE1:component_installer.cc(252)] StartRegistration for File Type Policies
[47:62:1102/212005.495104:VERBOSE1:component_installer.cc(252)] StartRegistration for SSL Error Assistant
[47:62:1102/212005.495254:VERBOSE1:component_installer.cc(252)] StartRegistration for MEI Preload
[47:47:1102/212005.499058:VERBOSE1:component_installer.cc(396)] FinishRegistration for Subresource Filter Rules
[47:47:1102/212005.499671:VERBOSE1:component_updater_service.cc(88)] CrxUpdateService starting up. First update attempt will take place in 360 seconds. Next update attempt will take place in 18000 seconds. 
[47:47:1102/212005.501146:VERBOSE1:component_installer.cc(396)] FinishRegistration for CRLSet
[47:47:1102/212005.501237:VERBOSE1:component_installer.cc(396)] FinishRegistration for Signed Tree Heads
[47:47:1102/212005.501268:VERBOSE1:component_installer.cc(396)] FinishRegistration for Origin Trials
[47:47:1102/212005.501391:VERBOSE1:component_installer.cc(396)] FinishRegistration for File Type Policies
[47:47:1102/212005.501420:VERBOSE1:component_installer.cc(396)] FinishRegistration for SSL Error Assistant
[47:47:1102/212005.501449:VERBOSE1:component_installer.cc(396)] FinishRegistration for MEI Preload
[47:54:1102/212005.519326:VERBOSE1:network_delegate.cc(30)] NetworkDelegate::NotifyBeforeURLRequest: https://www.gstatic.com/chrome/intelligence/assist/ranker/models/translate/translate_ranker_20180123.model
[47:54:1102/212005.519376:VERBOSE1:network_delegate.cc(30)] NetworkDelegate::NotifyBeforeURLRequest: https://www.gstatic.com/chrome/intelligence/assist/ranker/models/translate/translate_ranker_20180123.model
[47:81:1102/212005.562301:VERBOSE1:v8_context_snapshot.cc(139)] A context is created from snapshot for main world
[47:81:1102/212005.562462:VERBOSE1:script_context.cc(91)] Created context:
  extension id:           aapnijgdinlhnhlmodcfapnahmbfebeb
  frame:                  0x20b01ed91408
  URL:                    
  context_type:           BLESSED_EXTENSION
  effective extension id: aapnijgdinlhnhlmodcfapnahmbfebeb
  effective context type: BLESSED_EXTENSION
[47:81:1102/212005.563166:VERBOSE1:script_context.cc(91)] Created context:
  extension id:           (none)
  frame:                  (nil)
  URL:                    
  context_type:           UNSPECIFIED
  effective extension id: (none)
  effective context type: UNSPECIFIED
[47:54:1102/212005.596127:VERBOSE1:network_delegate.cc(30)] NetworkDelegate::NotifyBeforeURLRequest: chrome-extension://aapnijgdinlhnhlmodcfapnahmbfebeb/background.js
[47:54:1102/212005.596153:VERBOSE1:network_delegate.cc(30)] NetworkDelegate::NotifyBeforeURLRequest: chrome-extension://aapnijgdinlhnhlmodcfapnahmbfebeb/background.js
[47:54:1102/212005.596174:VERBOSE1:network_delegate.cc(30)] NetworkDelegate::NotifyBeforeURLRequest: chrome-extension://aapnijgdinlhnhlmodcfapnahmbfebeb/background.js
[47:65:1102/212005.614506:VERBOSE1:simple_index_file.cc(586)] Simple Cache Index is being restored from disk.
[47:81:1102/212005.696495:VERBOSE1:dispatcher.cc(360)] Num tracked contexts: 1
[47:81:1102/212005.700220:VERBOSE1:language_detection_util.cc(129)] Detected language: und
[47:81:1102/212005.740244:VERBOSE1:v8_context_snapshot.cc(139)] A context is created from snapshot for main world
[47:81:1102/212005.740384:VERBOSE1:script_context.cc(91)] Created context:
  extension id:           (none)
  frame:                  0x20b01ed81c28
  URL:                    
  context_type:           WEB_PAGE
  effective extension id: (none)
  effective context type: WEB_PAGE
[47:81:1102/212005.740572:VERBOSE1:script_context.cc(91)] Created context:
  extension id:           (none)
  frame:                  (nil)
  URL:                    
  context_type:           UNSPECIFIED
  effective extension id: (none)
  effective context type: UNSPECIFIED
[47:81:1102/212005.755564:VERBOSE1:dispatcher.cc(360)] Num tracked contexts: 2
[47:47:1102/212006.159691:VERBOSE1:gaia_cookie_manager_service.cc(650)] ListAccounts successful
[47:47:1102/212006.159724:VERBOSE1:gaia_cookie_manager_service.cc(796)] GaiaCookieManagerService::HandleNextRequest
[47:47:1102/212006.159749:VERBOSE1:gaia_cookie_manager_service.cc(812)] GaiaCookieManagerService::HandleNextRequest: no more
[47:81:1102/212006.325380:VERBOSE1:v8_context_snapshot.cc(139)] A context is created from snapshot for main world
[47:81:1102/212006.325474:VERBOSE1:script_context.cc(91)] Created context:
  extension id:           (none)
  frame:                  0x20b01ed9c3c0
  URL:                    
  context_type:           WEB_PAGE
  effective extension id: (none)
  effective context type: WEB_PAGE
[47:81:1102/212006.325551:VERBOSE1:script_context.cc(91)] Created context:
  extension id:           (none)
  frame:                  (nil)
  URL:                    
  context_type:           UNSPECIFIED
  effective extension id: (none)
  effective context type: UNSPECIFIED
[47:81:1102/212006.326963:VERBOSE1:dispatcher.cc(360)] Num tracked contexts: 3
[47:81:1102/212006.336273:VERBOSE1:dispatcher.cc(498)] Num tracked contexts: 2
[47:81:1102/212006.336959:VERBOSE1:script_context.cc(98)] Destroyed context for extension
  extension id: 
  effective extension id: 
[47:81:1102/212006.336992:VERBOSE1:script_context.cc(98)] Destroyed context for extension
  extension id: 
  effective extension id: 
[47:81:1102/212006.338887:VERBOSE1:thread_state.cc(1430)] [state:0x5602ba4abae0] CollectGarbage: time: 1.7ms stack: NoHeapPointersOnStack marking: AtomicMarking sweeping: LazySweeping reason: IdleGC
[47:54:1102/212006.353763:VERBOSE1:network_delegate.cc(30)] NetworkDelegate::NotifyBeforeURLRequest: data:/,
[47:54:1102/212006.353791:VERBOSE1:network_delegate.cc(30)] NetworkDelegate::NotifyBeforeURLRequest: data:/,
[47:54:1102/212006.353811:VERBOSE1:network_delegate.cc(30)] NetworkDelegate::NotifyBeforeURLRequest: data:/,
[47:81:1102/212006.358648:VERBOSE1:thread_state.cc(1024)] [state:0x5602ba4abae0] PostSweep: collection_rate: 35%
[47:81:1102/212006.360966:VERBOSE1:dispatcher.cc(498)] Num tracked contexts: 1
[47:81:1102/212006.375670:VERBOSE1:v8_context_snapshot.cc(139)] A context is created from snapshot for main world
[47:81:1102/212006.375805:VERBOSE1:script_context.cc(91)] Created context:
  extension id:           (none)
  frame:                  0x20b01ed81c28
  URL:                    
  context_type:           WEB_PAGE
  effective extension id: (none)
  effective context type: WEB_PAGE
[47:81:1102/212006.375939:VERBOSE1:script_context.cc(91)] Created context:
  extension id:           (none)
  frame:                  (nil)
  URL:                    
  context_type:           UNSPECIFIED
  effective extension id: (none)
  effective context type: UNSPECIFIED
[47:81:1102/212006.377140:VERBOSE1:dispatcher.cc(360)] Num tracked contexts: 2
[47:81:1102/212006.381557:VERBOSE1:script_context.cc(98)] Destroyed context for extension
  extension id: 
  effective extension id: 
[47:81:1102/212006.381612:VERBOSE1:script_context.cc(98)] Destroyed context for extension
  extension id: 
  effective extension id: 
[47:81:1102/212006.382065:VERBOSE1:language_detection_util.cc(129)] Detected language: und
