[44:44:1016/145150.125951:VERBOSE1:breakpad_linux.cc(1980)] Breakpad disabled
[44:56:1016/145150.342684:ERROR:bus.cc(395)] Failed to connect to the bus: Failed to connect to socket /var/run/dbus/system_bus_socket: No such file or directory
[44:44:1016/145150.373000:VERBOSE1:pref_proxy_config_tracker_impl.cc(154)] 0x334ea9e9a580: set chrome proxy config service to 0x334ea9f73000
[44:44:1016/145150.466526:VERBOSE1:pulse_stubs.cc(683)] dlopen(libpulse.so.0) failed, dlerror() says:
libpulse.so.0: cannot open shared object file: No such file or directory
[44:44:1016/145150.466552:VERBOSE1:pulse_util.cc(106)] Failed on loading the Pulse library and symbols
[44:44:1016/145150.523251:VERBOSE1:mutable_profile_oauth2_token_service_delegate.cc(162)] MutablePO2TS::MutablePO2TS
[44:44:1016/145150.523372:VERBOSE1:device_event_log_impl.cc(158)] [14:51:50.523] Bluetooth: EVENT: bluetooth_api.cc:68 BluetoothAPI: 0x334ea9f8c200
[44:44:1016/145150.523799:VERBOSE1:bluetooth_low_energy_event_router.cc(248)] Initializing BluetoothLowEnergyEventRouter.
[44:44:1016/145150.583708:VERBOSE1:pref_proxy_config_tracker_impl.cc(154)] 0x334eaa111840: set chrome proxy config service to 0x334eaa00c300
[44:44:1016/145150.586648:VERBOSE1:extension_service.cc(1403)] AddComponentExtension Cloud Print
[44:44:1016/145150.586671:VERBOSE1:extension_service.cc(1405)] Component extension Cloud Print (mfehgcgbbipciphmccgaenjidiccnmng) installing/upgrading from '' to 0.1
[44:44:1016/145150.587333:VERBOSE1:extension_service.cc(1403)] AddComponentExtension Web Store
[44:44:1016/145150.587353:VERBOSE1:extension_service.cc(1405)] Component extension Web Store (ahfgeienlihckogmohjhadlkjgocpleb) installing/upgrading from '' to 0.2
[44:44:1016/145150.587953:VERBOSE1:extension_service.cc(1403)] AddComponentExtension Chromium PDF Viewer
[44:44:1016/145150.587973:VERBOSE1:extension_service.cc(1405)] Component extension Chromium PDF Viewer (mhjfbmdgcfjbbpaeojofohoefgiehjai) installing/upgrading from '' to 1
[44:44:1016/145150.591122:VERBOSE1:account_reconcilor.cc(88)] AccountReconcilor::AccountReconcilor
[44:44:1016/145150.591138:VERBOSE1:account_reconcilor.cc(99)] AccountReconcilor::Initialize
[44:44:1016/145150.593846:VERBOSE1:file_type_policies_component_installer.cc(129)] Registering File Type Policies component.
[44:62:1016/145150.602831:VERBOSE1:component_installer.cc(244)] StartRegistration for Signed Tree Heads
[44:62:1016/145150.602986:VERBOSE1:component_installer.cc(244)] StartRegistration for Origin Trials
[44:62:1016/145150.603105:VERBOSE1:component_installer.cc(244)] StartRegistration for File Type Policies
[44:62:1016/145150.603222:VERBOSE1:component_installer.cc(244)] StartRegistration for SSL Error Assistant
[44:44:1016/145150.663632:WARNING:password_store_factory.cc(241)] Using basic (unencrypted) store for password storage. See https://chromium.googlesource.com/chromium/src/+/master/docs/linux_password_storage.md for more information about password storage options.
[44:44:1016/145150.709004:VERBOSE1:bluez_dbus_manager.cc(172)] Bluetooth not supported.
[44:44:1016/145150.711254:VERBOSE1:component_updater_service.cc(91)] CrxUpdateService starting up. First update attempt will take place in 360 seconds. Next update attempt will take place in 18000 seconds. 
[44:44:1016/145150.711284:VERBOSE1:component_installer.cc(378)] FinishRegistration for Signed Tree Heads
[44:44:1016/145150.711505:VERBOSE1:component_installer.cc(378)] FinishRegistration for Origin Trials
[44:44:1016/145150.711529:VERBOSE1:component_installer.cc(378)] FinishRegistration for File Type Policies
[44:44:1016/145150.711550:VERBOSE1:component_installer.cc(378)] FinishRegistration for SSL Error Assistant
[44:85:1016/145150.747848:WARNING:histograms.cc(40)] Started multiple compositor clients (Browser, Renderer) in one process. Some metrics will be disabled.
[44:74:1016/145150.874293:VERBOSE1:multi_log_ct_verifier.cc(75)] Adding CT log: Google 'Aviator' log
[44:74:1016/145150.874318:VERBOSE1:multi_log_ct_verifier.cc(75)] Adding CT log: Google 'Icarus' log
[44:74:1016/145150.874326:VERBOSE1:multi_log_ct_verifier.cc(75)] Adding CT log: Google 'Pilot' log
[44:74:1016/145150.874339:VERBOSE1:multi_log_ct_verifier.cc(75)] Adding CT log: Google 'Rocketeer' log
[44:74:1016/145150.874346:VERBOSE1:multi_log_ct_verifier.cc(75)] Adding CT log: Google 'Skydiver' log
[44:74:1016/145150.874353:VERBOSE1:multi_log_ct_verifier.cc(75)] Adding CT log: DigiCert Log Server
[44:74:1016/145150.874360:VERBOSE1:multi_log_ct_verifier.cc(75)] Adding CT log: DigiCert Log Server 2
[44:74:1016/145150.874369:VERBOSE1:multi_log_ct_verifier.cc(75)] Adding CT log: Symantec log
[44:74:1016/145150.874375:VERBOSE1:multi_log_ct_verifier.cc(75)] Adding CT log: Symantec 'Vega' log
[44:74:1016/145150.874382:VERBOSE1:multi_log_ct_verifier.cc(75)] Adding CT log: Symantec 'Sirius' log
[44:74:1016/145150.874389:VERBOSE1:multi_log_ct_verifier.cc(75)] Adding CT log: WoSign log
[44:74:1016/145150.874396:VERBOSE1:multi_log_ct_verifier.cc(75)] Adding CT log: Venafi Gen2 CT log
[44:74:1016/145150.874403:VERBOSE1:multi_log_ct_verifier.cc(75)] Adding CT log: CNNIC CT log
[44:74:1016/145150.874409:VERBOSE1:multi_log_ct_verifier.cc(75)] Adding CT log: StartCom log
[44:74:1016/145150.874416:VERBOSE1:multi_log_ct_verifier.cc(75)] Adding CT log: Comodo 'Sabre' CT log
[44:74:1016/145150.874422:VERBOSE1:multi_log_ct_verifier.cc(75)] Adding CT log: Comodo 'Mammoth' CT log
[44:74:1016/145150.874429:VERBOSE1:multi_log_ct_verifier.cc(75)] Adding CT log: Izenpe log
[44:74:1016/145150.874436:VERBOSE1:multi_log_ct_verifier.cc(75)] Adding CT log: Venafi log
[44:74:1016/145150.874442:VERBOSE1:multi_log_ct_verifier.cc(75)] Adding CT log: Certly.IO log
[44:74:1016/145150.874473:ERROR:io_thread.cc(730)] Cannot use V8 Proxy resolver in single process mode.
[44:74:1016/145150.874616:VERBOSE1:proxy_service.cc(958)] PAC support disabled because there is no system implementation
[44:74:1016/145150.882295:ERROR:io_thread.cc(730)] Cannot use V8 Proxy resolver in single process mode.
[44:74:1016/145150.882315:VERBOSE1:multi_log_ct_verifier.cc(75)] Adding CT log: Google 'Aviator' log
[44:74:1016/145150.882327:VERBOSE1:multi_log_ct_verifier.cc(75)] Adding CT log: Google 'Icarus' log
[44:74:1016/145150.882335:VERBOSE1:multi_log_ct_verifier.cc(75)] Adding CT log: Google 'Pilot' log
[44:74:1016/145150.882341:VERBOSE1:multi_log_ct_verifier.cc(75)] Adding CT log: Google 'Rocketeer' log
[44:74:1016/145150.882348:VERBOSE1:multi_log_ct_verifier.cc(75)] Adding CT log: Google 'Skydiver' log
[44:74:1016/145150.882354:VERBOSE1:multi_log_ct_verifier.cc(75)] Adding CT log: DigiCert Log Server
[44:74:1016/145150.882361:VERBOSE1:multi_log_ct_verifier.cc(75)] Adding CT log: DigiCert Log Server 2
[44:74:1016/145150.882367:VERBOSE1:multi_log_ct_verifier.cc(75)] Adding CT log: Symantec log
[44:74:1016/145150.882373:VERBOSE1:multi_log_ct_verifier.cc(75)] Adding CT log: Symantec 'Vega' log
[44:74:1016/145150.882380:VERBOSE1:multi_log_ct_verifier.cc(75)] Adding CT log: Symantec 'Sirius' log
[44:74:1016/145150.882386:VERBOSE1:multi_log_ct_verifier.cc(75)] Adding CT log: WoSign log
[44:74:1016/145150.882392:VERBOSE1:multi_log_ct_verifier.cc(75)] Adding CT log: Venafi Gen2 CT log
[44:74:1016/145150.882399:VERBOSE1:multi_log_ct_verifier.cc(75)] Adding CT log: CNNIC CT log
[44:74:1016/145150.882405:VERBOSE1:multi_log_ct_verifier.cc(75)] Adding CT log: StartCom log
[44:74:1016/145150.882411:VERBOSE1:multi_log_ct_verifier.cc(75)] Adding CT log: Comodo 'Sabre' CT log
[44:74:1016/145150.882418:VERBOSE1:multi_log_ct_verifier.cc(75)] Adding CT log: Comodo 'Mammoth' CT log
[44:74:1016/145150.882424:VERBOSE1:multi_log_ct_verifier.cc(75)] Adding CT log: Izenpe log
[44:74:1016/145150.882430:VERBOSE1:multi_log_ct_verifier.cc(75)] Adding CT log: Venafi log
[44:74:1016/145150.882436:VERBOSE1:multi_log_ct_verifier.cc(75)] Adding CT log: Certly.IO log
[44:74:1016/145150.882601:VERBOSE1:proxy_service.cc(958)] PAC support disabled because there is no system implementation
[44:74:1016/145150.884961:VERBOSE1:network_delegate.cc(30)] NetworkDelegate::NotifyBeforeURLRequest: https://www.gstatic.com/chrome/intelligence/assist/ranker/models/translate/2017/03/translate_ranker_model_20170329.pb.bin
[44:74:1016/145150.884992:VERBOSE1:network_delegate.cc(30)] NetworkDelegate::NotifyBeforeURLRequest: https://www.gstatic.com/chrome/intelligence/assist/ranker/models/translate/2017/03/translate_ranker_model_20170329.pb.bin
[44:74:1016/145150.948259:VERBOSE1:network_delegate.cc(30)] NetworkDelegate::NotifyBeforeURLRequest: chrome-extension://aapnijgdinlhnhlmodcfapnahmbfebeb/_generated_background_page.html
[44:74:1016/145150.948285:VERBOSE1:network_delegate.cc(30)] NetworkDelegate::NotifyBeforeURLRequest: chrome-extension://aapnijgdinlhnhlmodcfapnahmbfebeb/_generated_background_page.html
[44:74:1016/145150.948302:VERBOSE1:network_delegate.cc(30)] NetworkDelegate::NotifyBeforeURLRequest: chrome-extension://aapnijgdinlhnhlmodcfapnahmbfebeb/_generated_background_page.html
[44:85:1016/145150.968446:VERBOSE1:LocalWindowProxy.cpp(236)] A context is created NOT from snapshot
[44:85:1016/145150.969403:VERBOSE1:script_context.cc(111)] Created context:
  extension id:           (none)
  frame:                  0x20d8a2141d18
  URL:                    
  context_type:           WEB_PAGE
  effective extension id: (none)
  effective context type: WEB_PAGE
[44:85:1016/145150.970874:VERBOSE1:script_context.cc(111)] Created context:
  extension id:           (none)
  frame:                  (nil)
  URL:                    
  context_type:           UNSPECIFIED
  effective extension id: (none)
  effective context type: UNSPECIFIED
[44:85:1016/145150.971576:VERBOSE1:dispatcher.cc(366)] Num tracked contexts: 1
[44:74:1016/145150.984743:VERBOSE1:network_delegate.cc(30)] NetworkDelegate::NotifyBeforeURLRequest: chrome-extension://aapnijgdinlhnhlmodcfapnahmbfebeb/background.js
[44:74:1016/145150.984769:VERBOSE1:network_delegate.cc(30)] NetworkDelegate::NotifyBeforeURLRequest: chrome-extension://aapnijgdinlhnhlmodcfapnahmbfebeb/background.js
[44:74:1016/145150.984784:VERBOSE1:network_delegate.cc(30)] NetworkDelegate::NotifyBeforeURLRequest: chrome-extension://aapnijgdinlhnhlmodcfapnahmbfebeb/background.js
[44:85:1016/145150.986198:VERBOSE1:LocalWindowProxy.cpp(236)] A context is created NOT from snapshot
[44:85:1016/145150.986848:VERBOSE1:script_context.cc(111)] Created context:
  extension id:           aapnijgdinlhnhlmodcfapnahmbfebeb
  frame:                  0x20d8a214e920
  URL:                    
  context_type:           BLESSED_EXTENSION
  effective extension id: aapnijgdinlhnhlmodcfapnahmbfebeb
  effective context type: BLESSED_EXTENSION
[44:85:1016/145150.987101:VERBOSE1:script_context.cc(111)] Created context:
  extension id:           (none)
  frame:                  (nil)
  URL:                    
  context_type:           UNSPECIFIED
  effective extension id: (none)
  effective context type: UNSPECIFIED
[44:85:1016/145151.042792:VERBOSE1:dispatcher.cc(366)] Num tracked contexts: 2
[44:85:1016/145151.043769:VERBOSE1:language_detection_util.cc(234)] Detected language: und
[44:85:1016/145151.426232:VERBOSE1:dispatcher.cc(498)] Num tracked contexts: 1
[44:85:1016/145151.428868:VERBOSE1:LocalWindowProxy.cpp(236)] A context is created NOT from snapshot
[44:85:1016/145151.429134:VERBOSE1:script_context.cc(111)] Created context:
  extension id:           (none)
  frame:                  0x20d8a2141d18
  URL:                    
  context_type:           WEB_PAGE
  effective extension id: (none)
  effective context type: WEB_PAGE
[44:85:1016/145151.429207:VERBOSE1:script_context.cc(111)] Created context:
  extension id:           (none)
  frame:                  (nil)
  URL:                    
  context_type:           UNSPECIFIED
  effective extension id: (none)
  effective context type: UNSPECIFIED
[44:85:1016/145151.429716:VERBOSE1:dispatcher.cc(366)] Num tracked contexts: 2
[44:85:1016/145151.430362:VERBOSE1:script_context.cc(120)] Destroyed context for extension
  extension id: 
  effective extension id: 
[44:85:1016/145151.430388:VERBOSE1:script_context.cc(120)] Destroyed context for extension
  extension id: 
  effective extension id: 
[44:85:1016/145151.447261:VERBOSE1:language_detection_util.cc(234)] Detected language: und
[44:85:1016/145151.472903:VERBOSE1:LocalWindowProxy.cpp(236)] A context is created NOT from snapshot
[44:85:1016/145151.473151:VERBOSE1:script_context.cc(111)] Created context:
  extension id:           (none)
  frame:                  0x20d8a215a2c8
  URL:                    
  context_type:           WEB_PAGE
  effective extension id: (none)
  effective context type: WEB_PAGE
[44:85:1016/145151.473238:VERBOSE1:script_context.cc(111)] Created context:
  extension id:           (none)
  frame:                  (nil)
  URL:                    
  context_type:           UNSPECIFIED
  effective extension id: (none)
  effective context type: UNSPECIFIED
[44:85:1016/145151.473822:VERBOSE1:dispatcher.cc(366)] Num tracked contexts: 3
[44:85:1016/145151.485772:VERBOSE1:dispatcher.cc(498)] Num tracked contexts: 2
[44:85:1016/145151.486323:VERBOSE1:script_context.cc(120)] Destroyed context for extension
  extension id: 
  effective extension id: 
[44:85:1016/145151.486357:VERBOSE1:script_context.cc(120)] Destroyed context for extension
  extension id: 
  effective extension id: 
