[44:44:1105/170137.557919:VERBOSE1:breakpad_linux.cc(1977)] Breakpad disabled
[44:56:1105/170138.263395:ERROR:bus.cc(394)] Failed to connect to the bus: Failed to connect to socket /var/run/dbus/system_bus_socket: No such file or directory
[44:44:1105/170138.263461:VERBOSE1:webrtc_event_log_manager.cc(390)] WebRTC remote-bound event logging disabled.
[44:44:1105/170138.263576:VERBOSE1:pref_proxy_config_tracker_impl.cc(184)] 0x208fa764f580: set chrome proxy config service to 0x208fa77fb780
[44:44:1105/170138.263690:ERROR:default_network_context_params.cc(60)] Cannot use V8 Proxy resolver in single process mode.
[44:47:1105/170138.268974:VERBOSE1:multi_log_ct_verifier.cc(75)] Adding CT log: Google 'Argon2018' log
[44:47:1105/170138.268989:VERBOSE1:multi_log_ct_verifier.cc(75)] Adding CT log: Google 'Argon2019' log
[44:47:1105/170138.268997:VERBOSE1:multi_log_ct_verifier.cc(75)] Adding CT log: Google 'Argon2020' log
[44:47:1105/170138.269004:VERBOSE1:multi_log_ct_verifier.cc(75)] Adding CT log: Google 'Argon2021' log
[44:47:1105/170138.269010:VERBOSE1:multi_log_ct_verifier.cc(75)] Adding CT log: Google 'Aviator' log
[44:47:1105/170138.269017:VERBOSE1:multi_log_ct_verifier.cc(75)] Adding CT log: Google 'Icarus' log
[44:47:1105/170138.269023:VERBOSE1:multi_log_ct_verifier.cc(75)] Adding CT log: Google 'Pilot' log
[44:47:1105/170138.269030:VERBOSE1:multi_log_ct_verifier.cc(75)] Adding CT log: Google 'Rocketeer' log
[44:47:1105/170138.269036:VERBOSE1:multi_log_ct_verifier.cc(75)] Adding CT log: Google 'Skydiver' log
[44:47:1105/170138.269043:VERBOSE1:multi_log_ct_verifier.cc(75)] Adding CT log: Cloudflare 'Nimbus2018' Log
[44:47:1105/170138.269050:VERBOSE1:multi_log_ct_verifier.cc(75)] Adding CT log: Cloudflare 'Nimbus2019' Log
[44:47:1105/170138.269056:VERBOSE1:multi_log_ct_verifier.cc(75)] Adding CT log: Cloudflare 'Nimbus2020' Log
[44:47:1105/170138.269063:VERBOSE1:multi_log_ct_verifier.cc(75)] Adding CT log: Cloudflare 'Nimbus2021' Log
[44:47:1105/170138.269070:VERBOSE1:multi_log_ct_verifier.cc(75)] Adding CT log: DigiCert Log Server
[44:47:1105/170138.269076:VERBOSE1:multi_log_ct_verifier.cc(75)] Adding CT log: DigiCert Log Server 2
[44:47:1105/170138.269083:VERBOSE1:multi_log_ct_verifier.cc(75)] Adding CT log: DigiCert Yeti2018 Log
[44:47:1105/170138.269090:VERBOSE1:multi_log_ct_verifier.cc(75)] Adding CT log: DigiCert Yeti2019 Log
[44:47:1105/170138.269096:VERBOSE1:multi_log_ct_verifier.cc(75)] Adding CT log: DigiCert Yeti2020 Log
[44:47:1105/170138.269103:VERBOSE1:multi_log_ct_verifier.cc(75)] Adding CT log: DigiCert Yeti2021 Log
[44:47:1105/170138.269110:VERBOSE1:multi_log_ct_verifier.cc(75)] Adding CT log: DigiCert Yeti2022 Log
[44:47:1105/170138.269116:VERBOSE1:multi_log_ct_verifier.cc(75)] Adding CT log: Symantec log
[44:47:1105/170138.269123:VERBOSE1:multi_log_ct_verifier.cc(75)] Adding CT log: Symantec 'Vega' log
[44:47:1105/170138.269129:VERBOSE1:multi_log_ct_verifier.cc(75)] Adding CT log: Symantec 'Sirius' log
[44:47:1105/170138.269136:VERBOSE1:multi_log_ct_verifier.cc(75)] Adding CT log: Venafi Gen2 CT log
[44:47:1105/170138.269142:VERBOSE1:multi_log_ct_verifier.cc(75)] Adding CT log: CNNIC CT log
[44:47:1105/170138.269149:VERBOSE1:multi_log_ct_verifier.cc(75)] Adding CT log: Comodo 'Sabre' CT log
[44:47:1105/170138.269155:VERBOSE1:multi_log_ct_verifier.cc(75)] Adding CT log: Comodo 'Mammoth' CT log
[44:47:1105/170138.269167:VERBOSE1:multi_log_ct_verifier.cc(75)] Adding CT log: StartCom log
[44:47:1105/170138.269174:VERBOSE1:multi_log_ct_verifier.cc(75)] Adding CT log: WoSign log
[44:47:1105/170138.269180:VERBOSE1:multi_log_ct_verifier.cc(75)] Adding CT log: Izenpe log
[44:47:1105/170138.269187:VERBOSE1:multi_log_ct_verifier.cc(75)] Adding CT log: Venafi log
[44:47:1105/170138.269193:VERBOSE1:multi_log_ct_verifier.cc(75)] Adding CT log: Certly.IO log
[44:47:1105/170138.269252:VERBOSE1:proxy_resolution_service.cc(1022)] PAC support disabled because there is no system implementation
[44:44:1105/170138.269829:ERROR:gpu_process_transport_factory.cc(1016)] Lost UI shared context.
[44:44:1105/170138.285996:VERBOSE1:pulse_stubs.cc(683)] dlopen(libpulse.so.0) failed, dlerror() says:
libpulse.so.0: cannot open shared object file: No such file or directory
[44:44:1105/170138.286049:VERBOSE1:pulse_util.cc(105)] Failed on loading the Pulse library and symbols
[44:44:1105/170138.294295:VERBOSE1:mutable_profile_oauth2_token_service_delegate.cc(347)] MutablePO2TS::MutablePO2TS
[44:44:1105/170138.294364:VERBOSE1:device_event_log_impl.cc(161)] [17:01:38.294] Bluetooth: EVENT: bluetooth_api.cc:72 BluetoothAPI: 0x208fa7767000
[44:44:1105/170138.294557:VERBOSE1:bluetooth_low_energy_event_router.cc(248)] Initializing BluetoothLowEnergyEventRouter.
[44:44:1105/170138.295337:VERBOSE1:dns_sd_registry.cc(158)] RegisterDnsSdListener: _googlecast._tcp.local, registered: 0
[44:44:1105/170138.295357:VERBOSE1:service_discovery_device_lister.cc(40)] DeviceListerStart: service_type: _googlecast._tcp.local
[44:44:1105/170138.295367:VERBOSE1:dns_sd_device_lister.cc(46)] Started device lister for service type _googlecast._tcp.local
[44:44:1105/170138.295374:VERBOSE1:service_discovery_device_lister.cc(46)] DiscoverNewDevices: service_type: _googlecast._tcp.local
[44:44:1105/170138.295381:VERBOSE1:dns_sd_device_lister.cc(50)] Discovery new devices for service type _googlecast._tcp.local
[44:44:1105/170138.295387:VERBOSE1:dns_sd_registry.cc(249)] DispatchApiEvent: service_type: _googlecast._tcp.local
[44:44:1105/170138.328631:VERBOSE1:pref_proxy_config_tracker_impl.cc(184)] 0x208fa78b9840: set chrome proxy config service to 0x208fa78df000
[44:44:1105/170138.328690:ERROR:default_network_context_params.cc(60)] Cannot use V8 Proxy resolver in single process mode.
[44:47:1105/170138.330351:VERBOSE1:multi_log_ct_verifier.cc(75)] Adding CT log: Google 'Argon2018' log
[44:47:1105/170138.330374:VERBOSE1:multi_log_ct_verifier.cc(75)] Adding CT log: Google 'Argon2019' log
[44:47:1105/170138.330388:VERBOSE1:multi_log_ct_verifier.cc(75)] Adding CT log: Google 'Argon2020' log
[44:47:1105/170138.330401:VERBOSE1:multi_log_ct_verifier.cc(75)] Adding CT log: Google 'Argon2021' log
[44:47:1105/170138.330414:VERBOSE1:multi_log_ct_verifier.cc(75)] Adding CT log: Google 'Aviator' log
[44:47:1105/170138.330426:VERBOSE1:multi_log_ct_verifier.cc(75)] Adding CT log: Google 'Icarus' log
[44:47:1105/170138.330439:VERBOSE1:multi_log_ct_verifier.cc(75)] Adding CT log: Google 'Pilot' log
[44:47:1105/170138.330452:VERBOSE1:multi_log_ct_verifier.cc(75)] Adding CT log: Google 'Rocketeer' log
[44:47:1105/170138.330464:VERBOSE1:multi_log_ct_verifier.cc(75)] Adding CT log: Google 'Skydiver' log
[44:47:1105/170138.330478:VERBOSE1:multi_log_ct_verifier.cc(75)] Adding CT log: Cloudflare 'Nimbus2018' Log
[44:47:1105/170138.330492:VERBOSE1:multi_log_ct_verifier.cc(75)] Adding CT log: Cloudflare 'Nimbus2019' Log
[44:47:1105/170138.330505:VERBOSE1:multi_log_ct_verifier.cc(75)] Adding CT log: Cloudflare 'Nimbus2020' Log
[44:47:1105/170138.330518:VERBOSE1:multi_log_ct_verifier.cc(75)] Adding CT log: Cloudflare 'Nimbus2021' Log
[44:47:1105/170138.330532:VERBOSE1:multi_log_ct_verifier.cc(75)] Adding CT log: DigiCert Log Server
[44:47:1105/170138.330545:VERBOSE1:multi_log_ct_verifier.cc(75)] Adding CT log: DigiCert Log Server 2
[44:47:1105/170138.330558:VERBOSE1:multi_log_ct_verifier.cc(75)] Adding CT log: DigiCert Yeti2018 Log
[44:47:1105/170138.330572:VERBOSE1:multi_log_ct_verifier.cc(75)] Adding CT log: DigiCert Yeti2019 Log
[44:47:1105/170138.330584:VERBOSE1:multi_log_ct_verifier.cc(75)] Adding CT log: DigiCert Yeti2020 Log
[44:47:1105/170138.330596:VERBOSE1:multi_log_ct_verifier.cc(75)] Adding CT log: DigiCert Yeti2021 Log
[44:47:1105/170138.330609:VERBOSE1:multi_log_ct_verifier.cc(75)] Adding CT log: DigiCert Yeti2022 Log
[44:47:1105/170138.330622:VERBOSE1:multi_log_ct_verifier.cc(75)] Adding CT log: Symantec log
[44:47:1105/170138.330635:VERBOSE1:multi_log_ct_verifier.cc(75)] Adding CT log: Symantec 'Vega' log
[44:47:1105/170138.330647:VERBOSE1:multi_log_ct_verifier.cc(75)] Adding CT log: Symantec 'Sirius' log
[44:47:1105/170138.330660:VERBOSE1:multi_log_ct_verifier.cc(75)] Adding CT log: Venafi Gen2 CT log
[44:47:1105/170138.330679:VERBOSE1:multi_log_ct_verifier.cc(75)] Adding CT log: CNNIC CT log
[44:47:1105/170138.330692:VERBOSE1:multi_log_ct_verifier.cc(75)] Adding CT log: Comodo 'Sabre' CT log
[44:47:1105/170138.330705:VERBOSE1:multi_log_ct_verifier.cc(75)] Adding CT log: Comodo 'Mammoth' CT log
[44:47:1105/170138.330717:VERBOSE1:multi_log_ct_verifier.cc(75)] Adding CT log: StartCom log
[44:47:1105/170138.330730:VERBOSE1:multi_log_ct_verifier.cc(75)] Adding CT log: WoSign log
[44:47:1105/170138.330756:VERBOSE1:multi_log_ct_verifier.cc(75)] Adding CT log: Izenpe log
[44:47:1105/170138.330770:VERBOSE1:multi_log_ct_verifier.cc(75)] Adding CT log: Venafi log
[44:47:1105/170138.330783:VERBOSE1:multi_log_ct_verifier.cc(75)] Adding CT log: Certly.IO log
[44:47:1105/170138.330812:VERBOSE1:proxy_resolution_service.cc(1022)] PAC support disabled because there is no system implementation
[44:44:1105/170138.342158:VERBOSE1:extension_service.cc(1254)] AddComponentExtension Cloud Print
[44:44:1105/170138.342172:VERBOSE1:extension_service.cc(1256)] Component extension Cloud Print (mfehgcgbbipciphmccgaenjidiccnmng) installing/upgrading from '' to 0.1
[44:44:1105/170138.342624:VERBOSE1:extension_service.cc(1254)] AddComponentExtension Web Store
[44:44:1105/170138.342638:VERBOSE1:extension_service.cc(1256)] Component extension Web Store (ahfgeienlihckogmohjhadlkjgocpleb) installing/upgrading from '' to 0.2
[44:44:1105/170138.343047:VERBOSE1:extension_service.cc(1254)] AddComponentExtension Chromium PDF Viewer
[44:44:1105/170138.343060:VERBOSE1:extension_service.cc(1256)] Component extension Chromium PDF Viewer (mhjfbmdgcfjbbpaeojofohoefgiehjai) installing/upgrading from '' to 1
[44:44:1105/170138.344514:VERBOSE1:account_reconcilor.cc(101)] AccountReconcilor::AccountReconcilor
[44:44:1105/170138.344535:VERBOSE1:account_reconcilor.cc(115)] AccountReconcilor::Initialize
[44:44:1105/170138.348068:VERBOSE1:file_type_policies_component_installer.cc(134)] Registering File Type Policies component.
[44:44:1105/170138.348707:WARNING:browser_main_loop.cc(271)] GLib-GObject: g_object_get_valist: object class 'GtkSettings' has no property named 'gtk-application-prefer-dark-theme'
[44:44:1105/170138.364108:WARNING:password_store_factory.cc(250)] Using basic (unencrypted) store for password storage. See https://chromium.googlesource.com/chromium/src/+/master/docs/linux_password_storage.md for more information about password storage options.
[44:47:1105/170138.384755:VERBOSE1:network_delegate.cc(30)] NetworkDelegate::NotifyBeforeURLRequest: data:,
[44:47:1105/170138.384778:VERBOSE1:network_delegate.cc(30)] NetworkDelegate::NotifyBeforeURLRequest: data:,
[44:47:1105/170138.384800:VERBOSE1:network_delegate.cc(30)] NetworkDelegate::NotifyBeforeURLRequest: data:,
[44:44:1105/170138.408561:VERBOSE1:bluez_dbus_manager.cc(174)] Bluetooth not supported.
[44:44:1105/170138.409556:VERBOSE1:gaia_cookie_manager_service.cc(787)] GaiaCookieManagerService::ListAccounts
[44:47:1105/170138.422310:VERBOSE1:network_delegate.cc(30)] NetworkDelegate::NotifyBeforeURLRequest: https://accounts.google.com/ListAccounts?gpsia=1&source=durations_metrics,counter:0,load_time_ms:115&json=standard
[44:47:1105/170138.422334:VERBOSE1:network_delegate.cc(30)] NetworkDelegate::NotifyBeforeURLRequest: https://accounts.google.com/ListAccounts?gpsia=1&source=durations_metrics,counter:0,load_time_ms:115&json=standard
[44:47:1105/170138.422355:VERBOSE1:network_delegate.cc(30)] NetworkDelegate::NotifyBeforeURLRequest: https://accounts.google.com/ListAccounts?gpsia=1&source=durations_metrics,counter:0,load_time_ms:115&json=standard
[44:47:1105/170138.422997:VERBOSE1:mdns_client_impl.cc(160)] Sockets ready:2
[44:79:1105/170138.424320:WARNING:histograms.cc(40)] Started multiple compositor clients (Browser, Renderer) in one process. Some metrics will be disabled.
[44:47:1105/170138.450421:VERBOSE1:network_delegate.cc(30)] NetworkDelegate::NotifyBeforeURLRequest: chrome-extension://aapnijgdinlhnhlmodcfapnahmbfebeb/_generated_background_page.html
[44:47:1105/170138.450446:VERBOSE1:network_delegate.cc(30)] NetworkDelegate::NotifyBeforeURLRequest: chrome-extension://aapnijgdinlhnhlmodcfapnahmbfebeb/_generated_background_page.html
[44:47:1105/170138.450473:VERBOSE1:network_delegate.cc(30)] NetworkDelegate::NotifyBeforeURLRequest: chrome-extension://aapnijgdinlhnhlmodcfapnahmbfebeb/_generated_background_page.html
[44:76:1105/170138.483943:ERROR:bus.cc(394)] Failed to connect to the bus: Address does not contain a colon
[44:62:1105/170138.503845:VERBOSE1:component_installer.cc(252)] StartRegistration for Subresource Filter Rules
[44:62:1105/170138.504043:VERBOSE1:component_installer.cc(252)] StartRegistration for CRLSet
[44:62:1105/170138.504229:VERBOSE1:component_installer.cc(252)] StartRegistration for Signed Tree Heads
[44:62:1105/170138.505253:VERBOSE1:component_installer.cc(252)] StartRegistration for Origin Trials
[44:62:1105/170138.505401:VERBOSE1:component_installer.cc(252)] StartRegistration for File Type Policies
[44:62:1105/170138.505565:VERBOSE1:component_installer.cc(252)] StartRegistration for SSL Error Assistant
[44:62:1105/170138.505695:VERBOSE1:component_installer.cc(252)] StartRegistration for MEI Preload
[44:44:1105/170138.510031:VERBOSE1:component_installer.cc(396)] FinishRegistration for Subresource Filter Rules
[44:44:1105/170138.510073:VERBOSE1:component_updater_service.cc(88)] CrxUpdateService starting up. First update attempt will take place in 360 seconds. Next update attempt will take place in 18000 seconds. 
[44:44:1105/170138.510100:VERBOSE1:component_installer.cc(396)] FinishRegistration for CRLSet
[44:44:1105/170138.510328:VERBOSE1:component_installer.cc(396)] FinishRegistration for Signed Tree Heads
[44:44:1105/170138.510371:VERBOSE1:component_installer.cc(396)] FinishRegistration for Origin Trials
[44:44:1105/170138.510401:VERBOSE1:component_installer.cc(396)] FinishRegistration for File Type Policies
[44:44:1105/170138.510438:VERBOSE1:component_installer.cc(396)] FinishRegistration for SSL Error Assistant
[44:44:1105/170138.510482:VERBOSE1:component_installer.cc(396)] FinishRegistration for MEI Preload
[44:80:1105/170138.530193:ERROR:gles2_command_buffer_stub.cc(129)] ContextResult::kFatalFailure: Failed to create default offscreen surface.
[44:47:1105/170138.547954:VERBOSE1:network_delegate.cc(30)] NetworkDelegate::NotifyBeforeURLRequest: https://www.gstatic.com/chrome/intelligence/assist/ranker/models/translate/translate_ranker_20180123.model
[44:47:1105/170138.547983:VERBOSE1:network_delegate.cc(30)] NetworkDelegate::NotifyBeforeURLRequest: https://www.gstatic.com/chrome/intelligence/assist/ranker/models/translate/translate_ranker_20180123.model
[44:47:1105/170138.587323:VERBOSE1:network_delegate.cc(30)] NetworkDelegate::NotifyBeforeURLRequest: chrome-extension://aapnijgdinlhnhlmodcfapnahmbfebeb/background.js
[44:47:1105/170138.587511:VERBOSE1:network_delegate.cc(30)] NetworkDelegate::NotifyBeforeURLRequest: chrome-extension://aapnijgdinlhnhlmodcfapnahmbfebeb/background.js
[44:47:1105/170138.587530:VERBOSE1:network_delegate.cc(30)] NetworkDelegate::NotifyBeforeURLRequest: chrome-extension://aapnijgdinlhnhlmodcfapnahmbfebeb/background.js
[44:79:1105/170138.609061:VERBOSE1:v8_context_snapshot.cc(139)] A context is created from snapshot for main world
[44:79:1105/170138.609170:VERBOSE1:script_context.cc(91)] Created context:
  extension id:           aapnijgdinlhnhlmodcfapnahmbfebeb
  frame:                  0x25f2c1791408
  URL:                    
  context_type:           BLESSED_EXTENSION
  effective extension id: aapnijgdinlhnhlmodcfapnahmbfebeb
  effective context type: BLESSED_EXTENSION
[44:79:1105/170138.609924:VERBOSE1:script_context.cc(91)] Created context:
  extension id:           (none)
  frame:                  (nil)
  URL:                    
  context_type:           UNSPECIFIED
  effective extension id: (none)
  effective context type: UNSPECIFIED
[44:66:1105/170138.642949:VERBOSE1:simple_index_file.cc(586)] Simple Cache Index is being restored from disk.
[44:79:1105/170138.665002:VERBOSE1:dispatcher.cc(360)] Num tracked contexts: 1
[44:79:1105/170138.683352:VERBOSE1:language_detection_util.cc(129)] Detected language: und
[44:79:1105/170138.703760:VERBOSE1:v8_context_snapshot.cc(139)] A context is created from snapshot for main world
[44:79:1105/170138.703986:VERBOSE1:script_context.cc(91)] Created context:
  extension id:           (none)
  frame:                  0x25f2c1781c28
  URL:                    
  context_type:           WEB_PAGE
  effective extension id: (none)
  effective context type: WEB_PAGE
[44:79:1105/170138.704261:VERBOSE1:script_context.cc(91)] Created context:
  extension id:           (none)
  frame:                  (nil)
  URL:                    
  context_type:           UNSPECIFIED
  effective extension id: (none)
  effective context type: UNSPECIFIED
[44:79:1105/170138.706093:VERBOSE1:dispatcher.cc(360)] Num tracked contexts: 2
[44:79:1105/170139.343181:VERBOSE1:v8_context_snapshot.cc(139)] A context is created from snapshot for main world
[44:79:1105/170139.343400:VERBOSE1:script_context.cc(91)] Created context:
  extension id:           (none)
  frame:                  0x25f2c179c3c0
  URL:                    
  context_type:           WEB_PAGE
  effective extension id: (none)
  effective context type: WEB_PAGE
[44:79:1105/170139.343670:VERBOSE1:script_context.cc(91)] Created context:
  extension id:           (none)
  frame:                  (nil)
  URL:                    
  context_type:           UNSPECIFIED
  effective extension id: (none)
  effective context type: UNSPECIFIED
[44:79:1105/170139.344778:VERBOSE1:dispatcher.cc(360)] Num tracked contexts: 3
[44:79:1105/170139.384746:VERBOSE1:dispatcher.cc(498)] Num tracked contexts: 2
[44:79:1105/170139.385899:VERBOSE1:script_context.cc(98)] Destroyed context for extension
  extension id: 
  effective extension id: 
[44:79:1105/170139.385936:VERBOSE1:script_context.cc(98)] Destroyed context for extension
  extension id: 
  effective extension id: 
[44:47:1105/170139.404140:VERBOSE1:network_delegate.cc(30)] NetworkDelegate::NotifyBeforeURLRequest: data:/,
[44:47:1105/170139.404157:VERBOSE1:network_delegate.cc(30)] NetworkDelegate::NotifyBeforeURLRequest: data:/,
[44:47:1105/170139.404167:VERBOSE1:network_delegate.cc(30)] NetworkDelegate::NotifyBeforeURLRequest: data:/,
[44:44:1105/170139.406847:VERBOSE1:gaia_cookie_manager_service.cc(650)] ListAccounts successful
[44:44:1105/170139.406868:VERBOSE1:gaia_cookie_manager_service.cc(796)] GaiaCookieManagerService::HandleNextRequest
[44:44:1105/170139.406894:VERBOSE1:gaia_cookie_manager_service.cc(812)] GaiaCookieManagerService::HandleNextRequest: no more
[44:79:1105/170139.409796:VERBOSE1:dispatcher.cc(498)] Num tracked contexts: 1
[44:79:1105/170139.424242:VERBOSE1:v8_context_snapshot.cc(139)] A context is created from snapshot for main world
[44:79:1105/170139.424334:VERBOSE1:script_context.cc(91)] Created context:
  extension id:           (none)
  frame:                  0x25f2c1781c28
  URL:                    
  context_type:           WEB_PAGE
  effective extension id: (none)
  effective context type: WEB_PAGE
[44:79:1105/170139.424404:VERBOSE1:script_context.cc(91)] Created context:
  extension id:           (none)
  frame:                  (nil)
  URL:                    
  context_type:           UNSPECIFIED
  effective extension id: (none)
  effective context type: UNSPECIFIED
[44:79:1105/170139.425288:VERBOSE1:dispatcher.cc(360)] Num tracked contexts: 2
[44:79:1105/170139.428104:VERBOSE1:script_context.cc(98)] Destroyed context for extension
  extension id: 
  effective extension id: 
[44:79:1105/170139.428137:VERBOSE1:script_context.cc(98)] Destroyed context for extension
  extension id: 
  effective extension id: 
[44:79:1105/170139.428669:VERBOSE1:language_detection_util.cc(129)] Detected language: und
[44:79:1105/170139.466472:VERBOSE1:thread_state.cc(1430)] [state:0x55bfeb67aae0] CollectGarbage: time: 1.1ms stack: NoHeapPointersOnStack marking: AtomicMarking sweeping: LazySweeping reason: IdleGC
[44:79:1105/170139.482333:VERBOSE1:thread_state.cc(1024)] [state:0x55bfeb67aae0] PostSweep: collection_rate: 37%
