[1.624][INFO]: COMMAND InitSession {
   "desiredCapabilities": {
      "browserName": "chrome",
      "chromeOptions": {
         "args": [ "--disable-gpu", "--single-process", "--no-sandbox", "--data-path=/tmp/data-path", "--homedir=/tmp/homedir", "--disk-cache-dir=/tmp", "--disk-cache-size=1", "--media-cache-size=1", "--allow-file-access-from-files", "--enable-logging", "--v=1", "--disable-web-security", "--disable-extensions", "--ignore-certificate-errors", "--disable-ntp-most-likely-favicons-from-server", "--disable-ntp-popular-sites", "--window-size=1366,1024", "--disable-infobars", "--disable-dev-shm-usage", "..." ],
         "binary": "/tmp/chrome-lambda/chrome",
         "prefs": {
            "credentials_enable_service": false,
            "profile": {
               "password_manager_enabled": false
            }
         }
      },
      "count": 1
   }
}
[1.625][INFO]: Populating Preferences file: {
   "alternate_error_pages": {
      "enabled": false
   },
   "autofill": {
      "enabled": false
   },
   "browser": {
      "check_default_browser": false
   },
   "credentials_enable_service": false,
   "distribution": {
      "import_bookmarks": false,
      "import_history": false,
      "import_search_engine": false,
      "make_chrome_default_for_user": false,
      "show_welcome_page": false,
      "skip_first_run_ui": true
   },
   "dns_prefetching": {
      "enabled": false
   },
   "profile": {
      "password_manager_enabled": false
   },
   "safebrowsing": {
      "enabled": false
   },
   "search": {
      "suggest_enabled": false
   },
   "translate": {
      "enabled": false
   }
}
[1.625][INFO]: Populating Local State file: {
   "background_mode": {
      "enabled": false
   },
   "ssl": {
      "rev_checking": {
         "enabled": false
      }
   }
}
[1.626][INFO]: Launching chrome: /tmp/chrome-lambda/chrome --allow-file-access-from-files --data-path=/tmp/data-path --disable-background-networking --disable-browser-side-navigation --disable-client-side-phishing-detection --disable-default-apps --disable-dev-shm-usage --disable-extensions --disable-extensions-except=/tmp/.org.chromium.Chromium.WQUhzK/internal --disable-gpu --disable-hang-monitor --disable-infobars --disable-ntp-most-likely-favicons-from-server --disable-ntp-popular-sites --disable-popup-blocking --disable-prompt-on-repost --disable-sync --disable-web-resources --disable-web-security --disk-cache-dir=/tmp --disk-cache-size=1 --enable-automation --enable-logging --enable-precise-memory-info --force-fieldtrials=SiteIsolationExtensions/Control --homedir=/tmp/homedir --ignore-certificate-errors --log-level=0 --media-cache-size=1 --metrics-recording-only --no-first-run --no-sandbox --password-store=basic --remote-debugging-port=12624 --safebrowsing-disable-auto-update --single-process --test-type=webdriver --use-mock-keychain --user-data-dir=/tmp/.org.chromium.Chromium.3h440X --v=1 --window-size=1366,1024 data:,
[1.626][DEBUG]: DevTools request: http://localhost:12624/json/version
prctl(PR_SET_NO_NEW_PRIVS) failed
Xlib:  extension "RANDR" missing on display ":99".
[44:56:1016/145150.342684:ERROR:bus.cc(395)] Failed to connect to the bus: Failed to connect to socket /var/run/dbus/system_bus_socket: No such file or directory
Xlib:  extension "RANDR" missing on display ":99".
[2.320][SEVERE]: CreatePlatformSocket() returned an error, errno=1: Operation not permitted (1)
[2.321][DEBUG]: DevTools request failed

DevTools listening on ws://127.0.0.1:12624/devtools/browser/8d9afd2f-1e60-4173-862f-4ab78f13ea31
[2.379][DEBUG]: DevTools request: http://localhost:12624/json/version
[2.379][SEVERE]: CreatePlatformSocket() returned an error, errno=1: Operation not permitted (1)
[2.442][DEBUG]: DevTools response: {
   "Browser": "Chrome/63.0.3239.84",
   "Protocol-Version": "1.2",
   "User-Agent": "Mozilla/5.0 (X11; Linux x86_64) AppleWebKit/537.36 (KHTML, like Gecko) Chrome/63.0.3239.84 Safari/537.36",
   "V8-Version": "6.3.292.46",
   "WebKit-Version": "537.36 (@0f53a5abc7a405fbe9f1cfd3db38f2092c8a7816)",
   "webSocketDebuggerUrl": "ws://localhost:12624/devtools/browser/8d9afd2f-1e60-4173-862f-4ab78f13ea31"
}

[2.463][DEBUG]: DevTools request: http://localhost:12624/json
[2.479][DEBUG]: DevTools response: [ {
   "description": "",
   "devtoolsFrontendUrl": "/devtools/inspector.html?ws=localhost:12624/devtools/page/(34A108C2D548649CBF630140EC85910)",
   "id": "(34A108C2D548649CBF630140EC85910)",
   "title": "",
   "type": "page",
   "url": "data:,",
   "webSocketDebuggerUrl": "ws://localhost:12624/devtools/page/(34A108C2D548649CBF630140EC85910)"
} ]

[2.482][DEBUG]: DevTools request: http://localhost:12624/json
[2.505][DEBUG]: DevTools response: [ {
   "description": "",
   "devtoolsFrontendUrl": "/devtools/inspector.html?ws=localhost:12624/devtools/page/(34A108C2D548649CBF630140EC85910)",
   "id": "(34A108C2D548649CBF630140EC85910)",
   "title": "",
   "type": "page",
   "url": "data:,",
   "webSocketDebuggerUrl": "ws://localhost:12624/devtools/page/(34A108C2D548649CBF630140EC85910)"
} ]

[2.505][INFO]: resolved localhost to ["127.0.0.1"]
[2.521][DEBUG]: DEVTOOLS COMMAND Log.enable (id=1) {

}
[2.521][DEBUG]: DEVTOOLS COMMAND DOM.getDocument (id=2) {

}
[2.521][DEBUG]: DEVTOOLS COMMAND Runtime.enable (id=3) {

}
[2.521][DEBUG]: DEVTOOLS COMMAND Page.enable (id=4) {

}
[2.521][DEBUG]: DEVTOOLS COMMAND Page.enable (id=5) {

}
[44:74:1016/145150.874473:ERROR:io_thread.cc(730)] Cannot use V8 Proxy resolver in single process mode.
[44:74:1016/145150.882295:ERROR:io_thread.cc(730)] Cannot use V8 Proxy resolver in single process mode.
[2.661][DEBUG]: DEVTOOLS RESPONSE Log.enable (id=1) {

}
[2.661][DEBUG]: DEVTOOLS RESPONSE DOM.getDocument (id=2) {
   "root": {
      "backendNodeId": 1,
      "baseURL": "about:blank",
      "childNodeCount": 1,
      "children": [ {
         "attributes": [  ],
         "backendNodeId": 2,
         "childNodeCount": 2,
         "children": [ {
            "attributes": [  ],
            "backendNodeId": 3,
            "childNodeCount": 0,
            "localName": "head",
            "nodeId": 3,
            "nodeName": "HEAD",
            "nodeType": 1,
            "nodeValue": "",
            "parentId": 2
         }, {
            "attributes": [  ],
            "backendNodeId": 4,
            "childNodeCount": 0,
            "localName": "body",
            "nodeId": 4,
            "nodeName": "BODY",
            "nodeType": 1,
            "nodeValue": "",
            "parentId": 2
         } ],
         "frameId": "(34A108C2D548649CBF630140EC85910)",
         "localName": "html",
         "nodeId": 2,
         "nodeName": "HTML",
         "nodeType": 1,
         "nodeValue": "",
         "parentId": 1
      } ],
      "documentURL": "",
      "localName": "",
      "nodeId": 1,
      "nodeName": "#document",
      "nodeType": 9,
      "nodeValue": "",
      "xmlVersion": ""
   }
}
[2.661][DEBUG]: DEVTOOLS RESPONSE Runtime.enable (id=3) {

}
[2.661][DEBUG]: DEVTOOLS RESPONSE Page.enable (id=4) {

}
[2.661][DEBUG]: DEVTOOLS RESPONSE Page.enable (id=5) {

}
[2.661][DEBUG]: DEVTOOLS COMMAND Page.enable (id=6) {

}
[2.703][DEBUG]: DEVTOOLS EVENT Page.lifecycleEvent {
   "frameId": "(34A108C2D548649CBF630140EC85910)",
   "name": "commit",
   "timestamp": 154.345383
}
[2.703][DEBUG]: DEVTOOLS EVENT Page.frameNavigated {
   "frame": {
      "id": "(34A108C2D548649CBF630140EC85910)",
      "loaderId": "44.1",
      "mimeType": "text/plain",
      "securityOrigin": "://",
      "url": "data:,"
   }
}
[2.703][DEBUG]: DEVTOOLS EVENT DOM.documentUpdated {

}
[2.703][DEBUG]: DEVTOOLS COMMAND DOM.getDocument (id=7) {

}
[2.703][DEBUG]: DEVTOOLS EVENT Runtime.executionContextCreated {
   "context": {
      "auxData": {
         "frameId": "(34A108C2D548649CBF630140EC85910)",
         "isDefault": true
      },
      "id": 1,
      "name": "",
      "origin": "://"
   }
}
[2.703][DEBUG]: DEVTOOLS RESPONSE Page.enable (id=6) {

}
[2.723][DEBUG]: DEVTOOLS EVENT Page.loadEventFired {
   "timestamp": 154.371211
}
[2.723][DEBUG]: DEVTOOLS EVENT Page.lifecycleEvent {
   "frameId": "(34A108C2D548649CBF630140EC85910)",
   "name": "load",
   "timestamp": 154.371211
}
[2.723][DEBUG]: DEVTOOLS EVENT Page.frameStoppedLoading {
   "frameId": "(34A108C2D548649CBF630140EC85910)"
}
[2.723][DEBUG]: DEVTOOLS EVENT Page.domContentEventFired {
   "timestamp": 154.371649
}
[2.723][DEBUG]: DEVTOOLS EVENT Page.lifecycleEvent {
   "frameId": "(34A108C2D548649CBF630140EC85910)",
   "name": "DOMContentLoaded",
   "timestamp": 154.371649
}
[2.723][DEBUG]: DEVTOOLS EVENT DOM.documentUpdated {

}
[2.723][DEBUG]: DEVTOOLS COMMAND DOM.getDocument (id=8) {

}
[2.766][DEBUG]: DEVTOOLS RESPONSE DOM.getDocument (id=7) {
   "root": {
      "backendNodeId": 5,
      "baseURL": "data:,",
      "childNodeCount": 1,
      "children": [ {
         "attributes": [  ],
         "backendNodeId": 7,
         "childNodeCount": 2,
         "children": [ {
            "attributes": [  ],
            "backendNodeId": 8,
            "childNodeCount": 0,
            "localName": "head",
            "nodeId": 7,
            "nodeName": "HEAD",
            "nodeType": 1,
            "nodeValue": "",
            "parentId": 6
         }, {
            "attributes": [  ],
            "backendNodeId": 9,
            "childNodeCount": 1,
            "localName": "body",
            "nodeId": 8,
            "nodeName": "BODY",
            "nodeType": 1,
            "nodeValue": "",
            "parentId": 6
         } ],
         "frameId": "(34A108C2D548649CBF630140EC85910)",
         "localName": "html",
         "nodeId": 6,
         "nodeName": "HTML",
         "nodeType": 1,
         "nodeValue": "",
         "parentId": 5
      } ],
      "documentURL": "data:,",
      "localName": "",
      "nodeId": 5,
      "nodeName": "#document",
      "nodeType": 9,
      "nodeValue": "",
      "xmlVersion": ""
   }
}
[2.766][DEBUG]: DEVTOOLS RESPONSE DOM.getDocument (id=8) {
   "root": {
      "backendNodeId": 5,
      "baseURL": "data:,",
      "childNodeCount": 1,
      "children": [ {
         "attributes": [  ],
         "backendNodeId": 7,
         "childNodeCount": 2,
         "children": [ {
            "attributes": [  ],
            "backendNodeId": 8,
            "childNodeCount": 0,
            "localName": "head",
            "nodeId": 11,
            "nodeName": "HEAD",
            "nodeType": 1,
            "nodeValue": "",
            "parentId": 10
         }, {
            "attributes": [  ],
            "backendNodeId": 9,
            "childNodeCount": 1,
            "localName": "body",
            "nodeId": 12,
            "nodeName": "BODY",
            "nodeType": 1,
            "nodeValue": "",
            "parentId": 10
         } ],
         "frameId": "(34A108C2D548649CBF630140EC85910)",
         "localName": "html",
         "nodeId": 10,
         "nodeName": "HTML",
         "nodeType": 1,
         "nodeValue": "",
         "parentId": 9
      } ],
      "documentURL": "data:,",
      "localName": "",
      "nodeId": 9,
      "nodeName": "#document",
      "nodeType": 9,
      "nodeValue": "",
      "xmlVersion": ""
   }
}
[2.766][DEBUG]: DEVTOOLS COMMAND Runtime.enable (id=9) {

}
[2.766][DEBUG]: DEVTOOLS RESPONSE Runtime.enable (id=9) {

}
[2.767][DEBUG]: DEVTOOLS COMMAND Runtime.evaluate (id=10) {
   "expression": "(function() { // Copyright (c) 2012 The Chromium Authors. All rights reserved.\n// Use of this source code is governed by a BSD-style license that can be\n// found in the LICENSE file.\n\n/**\n * Enum f...",
   "returnByValue": true
}
[2.779][DEBUG]: DEVTOOLS RESPONSE Runtime.evaluate (id=10) {
   "result": {
      "type": "object",
      "value": {
         "status": 0,
         "value": 1
      }
   }
}
[2.779][INFO]: RESPONSE InitSession {
   "acceptSslCerts": true,
   "applicationCacheEnabled": false,
   "browserConnectionEnabled": false,
   "browserName": "chrome",
   "chrome": {
      "chromedriverVersion": "2.33.506092 (733a02544d189eeb751fe0d7ddca79a0ee28cce4)",
      "userDataDir": "/tmp/.org.chromium.Chromium.3h440X"
   },
   "cssSelectorsEnabled": true,
   "databaseEnabled": false,
   "handlesAlerts": true,
   "hasTouchScreen": false,
   "javascriptEnabled": true,
   "locationContextEnabled": true,
   "mobileEmulationEnabled": false,
   "nativeEvents": true,
   "networkConnectionEnabled": false,
   "pageLoadStrategy": "normal",
   "platform": "Linux",
   "rotatable": false,
   "setWindowRect": true,
   "takesHeapSnapshot": true,
   "~~~": "..."
}
[2.819][INFO]: COMMAND SetTimeout {
   "script": 11000
}
[2.821][INFO]: RESPONSE SetTimeout unknown error: 'ms' must be a double
  (Session info: chrome=63.0.3239.84)
[2.842][INFO]: COMMAND SetTimeout {
   "ms": 11000,
   "type": "script"
}
[2.842][INFO]: RESPONSE SetTimeout
[3.119][INFO]: COMMAND SetTimeout {
   "pageLoad": 30000
}
[3.120][INFO]: RESPONSE SetTimeout unknown error: 'ms' must be a double
  (Session info: chrome=63.0.3239.84)
[3.125][INFO]: COMMAND SetTimeout {
   "ms": 30000,
   "type": "page load"
}
[3.125][INFO]: RESPONSE SetTimeout
[3.139][INFO]: COMMAND Navigate {
   "url": "data:/,"
}
[3.139][INFO]: Waiting for pending navigations...
[3.139][DEBUG]: DEVTOOLS COMMAND Runtime.evaluate (id=11) {
   "expression": "1"
}
[3.141][DEBUG]: DEVTOOLS RESPONSE Runtime.evaluate (id=11) {
   "result": {
      "description": "1",
      "type": "number",
      "value": 1
   }
}
[3.141][INFO]: Done waiting for pending navigations. Status: ok
[3.141][DEBUG]: DEVTOOLS COMMAND Page.navigate (id=12) {
   "url": "data:/,"
}
[3.160][DEBUG]: DEVTOOLS EVENT Page.frameStartedLoading {
   "frameId": "(34A108C2D548649CBF630140EC85910)"
}
[3.162][DEBUG]: DEVTOOLS EVENT Runtime.executionContextDestroyed {
   "executionContextId": 1
}
[3.162][DEBUG]: DEVTOOLS EVENT Runtime.executionContextsCleared {

}
[3.162][DEBUG]: DEVTOOLS EVENT Page.lifecycleEvent {
   "frameId": "(34A108C2D548649CBF630140EC85910)",
   "name": "commit",
   "timestamp": 154.823901
}
[3.162][DEBUG]: DEVTOOLS EVENT Page.frameNavigated {
   "frame": {
      "id": "(34A108C2D548649CBF630140EC85910)",
      "loaderId": "44.2",
      "mimeType": "text/plain",
      "securityOrigin": "://",
      "url": "data:/,"
   }
}
[3.162][DEBUG]: DEVTOOLS EVENT Runtime.executionContextCreated {
   "context": {
      "auxData": {
         "frameId": "(34A108C2D548649CBF630140EC85910)",
         "isDefault": true
      },
      "id": 3,
      "name": "",
      "origin": "://"
   }
}
[3.162][DEBUG]: DEVTOOLS EVENT DOM.documentUpdated {

}
[3.162][DEBUG]: DEVTOOLS COMMAND DOM.getDocument (id=13) {

}
[3.166][DEBUG]: DEVTOOLS EVENT Page.loadEventFired {
   "timestamp": 154.828976
}
[3.166][DEBUG]: DEVTOOLS EVENT Page.lifecycleEvent {
   "frameId": "(34A108C2D548649CBF630140EC85910)",
   "name": "load",
   "timestamp": 154.828976
}
[3.166][DEBUG]: DEVTOOLS EVENT Page.frameStoppedLoading {
   "frameId": "(34A108C2D548649CBF630140EC85910)"
}
[3.166][DEBUG]: DEVTOOLS EVENT Page.domContentEventFired {
   "timestamp": 154.829263
}
[3.166][DEBUG]: DEVTOOLS EVENT Page.lifecycleEvent {
   "frameId": "(34A108C2D548649CBF630140EC85910)",
   "name": "DOMContentLoaded",
   "timestamp": 154.829263
}
[3.166][DEBUG]: DEVTOOLS EVENT DOM.documentUpdated {

}
[3.166][DEBUG]: DEVTOOLS COMMAND DOM.getDocument (id=14) {

}
[3.179][DEBUG]: DEVTOOLS RESPONSE Page.navigate (id=12) {
   "frameId": "(34A108C2D548649CBF630140EC85910)"
}
[3.179][DEBUG]: DEVTOOLS COMMAND Runtime.evaluate (id=15) {
   "expression": "document.URL"
}
[3.182][DEBUG]: DEVTOOLS RESPONSE DOM.getDocument (id=13) {
   "root": {
      "backendNodeId": 10,
      "baseURL": "data:/,",
      "childNodeCount": 1,
      "children": [ {
         "attributes": [  ],
         "backendNodeId": 11,
         "childNodeCount": 2,
         "children": [ {
            "attributes": [  ],
            "backendNodeId": 12,
            "childNodeCount": 0,
            "localName": "head",
            "nodeId": 15,
            "nodeName": "HEAD",
            "nodeType": 1,
            "nodeValue": "",
            "parentId": 14
         }, {
            "attributes": [  ],
            "backendNodeId": 13,
            "childNodeCount": 1,
            "localName": "body",
            "nodeId": 16,
            "nodeName": "BODY",
            "nodeType": 1,
            "nodeValue": "",
            "parentId": 14
         } ],
         "frameId": "(34A108C2D548649CBF630140EC85910)",
         "localName": "html",
         "nodeId": 14,
         "nodeName": "HTML",
         "nodeType": 1,
         "nodeValue": "",
         "parentId": 13
      } ],
      "documentURL": "data:/,",
      "localName": "",
      "nodeId": 13,
      "nodeName": "#document",
      "nodeType": 9,
      "nodeValue": "",
      "xmlVersion": ""
   }
}
[3.183][DEBUG]: DEVTOOLS RESPONSE DOM.getDocument (id=14) {
   "root": {
      "backendNodeId": 10,
      "baseURL": "data:/,",
      "childNodeCount": 1,
      "children": [ {
         "attributes": [  ],
         "backendNodeId": 11,
         "childNodeCount": 2,
         "children": [ {
            "attributes": [  ],
            "backendNodeId": 12,
            "childNodeCount": 0,
            "localName": "head",
            "nodeId": 19,
            "nodeName": "HEAD",
            "nodeType": 1,
            "nodeValue": "",
            "parentId": 18
         }, {
            "attributes": [  ],
            "backendNodeId": 13,
            "childNodeCount": 1,
            "localName": "body",
            "nodeId": 20,
            "nodeName": "BODY",
            "nodeType": 1,
            "nodeValue": "",
            "parentId": 18
         } ],
         "frameId": "(34A108C2D548649CBF630140EC85910)",
         "localName": "html",
         "nodeId": 18,
         "nodeName": "HTML",
         "nodeType": 1,
         "nodeValue": "",
         "parentId": 17
      } ],
      "documentURL": "data:/,",
      "localName": "",
      "nodeId": 17,
      "nodeName": "#document",
      "nodeType": 9,
      "nodeValue": "",
      "xmlVersion": ""
   }
}
[3.183][DEBUG]: DEVTOOLS RESPONSE Runtime.evaluate (id=15) {
   "result": {
      "type": "string",
      "value": "data:/,"
   }
}
[3.183][INFO]: Waiting for pending navigations...
[3.183][DEBUG]: DEVTOOLS COMMAND Runtime.evaluate (id=16) {
   "expression": "1"
}
[3.184][DEBUG]: DEVTOOLS RESPONSE Runtime.evaluate (id=16) {
   "result": {
      "description": "1",
      "type": "number",
      "value": 1
   }
}
[3.184][DEBUG]: DEVTOOLS COMMAND DOM.getDocument (id=17) {

}
[3.185][DEBUG]: DEVTOOLS RESPONSE DOM.getDocument (id=17) {
   "root": {
      "backendNodeId": 10,
      "baseURL": "data:/,",
      "childNodeCount": 1,
      "children": [ {
         "attributes": [  ],
         "backendNodeId": 11,
         "childNodeCount": 2,
         "children": [ {
            "attributes": [  ],
            "backendNodeId": 12,
            "childNodeCount": 0,
            "localName": "head",
            "nodeId": 23,
            "nodeName": "HEAD",
            "nodeType": 1,
            "nodeValue": "",
            "parentId": 22
         }, {
            "attributes": [  ],
            "backendNodeId": 13,
            "childNodeCount": 1,
            "localName": "body",
            "nodeId": 24,
            "nodeName": "BODY",
            "nodeType": 1,
            "nodeValue": "",
            "parentId": 22
         } ],
         "frameId": "(34A108C2D548649CBF630140EC85910)",
         "localName": "html",
         "nodeId": 22,
         "nodeName": "HTML",
         "nodeType": 1,
         "nodeValue": "",
         "parentId": 21
      } ],
      "documentURL": "data:/,",
      "localName": "",
      "nodeId": 21,
      "nodeName": "#document",
      "nodeType": 9,
      "nodeValue": "",
      "xmlVersion": ""
   }
}
[3.185][DEBUG]: DEVTOOLS COMMAND Runtime.evaluate (id=18) {
   "expression": "var isLoaded = document.readyState == 'complete' ||    document.readyState == 'interactive';if (isLoaded) {  var frame = document.createElement('iframe');  frame.name = 'chromedriver dummy frame'; ..."
}
[3.228][DEBUG]: DEVTOOLS EVENT DOM.childNodeCountUpdated {
   "childNodeCount": 2,
   "nodeId": 24
}
[3.228][DEBUG]: DEVTOOLS EVENT Page.frameAttached {
   "frameId": "(BEBE6A01D494C1352BDEE3A9DB1E0588)",
   "parentFrameId": "(34A108C2D548649CBF630140EC85910)",
   "stack": {
      "callFrames": [ {
         "columnNumber": 240,
         "functionName": "",
         "lineNumber": 0,
         "scriptId": "39",
         "url": ""
      } ]
   }
}
[3.228][DEBUG]: DEVTOOLS EVENT Page.lifecycleEvent {
   "frameId": "(BEBE6A01D494C1352BDEE3A9DB1E0588)",
   "name": "DOMContentLoaded",
   "timestamp": 154.868191
}
[3.228][DEBUG]: DEVTOOLS EVENT Page.frameStartedLoading {
   "frameId": "(BEBE6A01D494C1352BDEE3A9DB1E0588)"
}
[3.228][DEBUG]: DEVTOOLS EVENT Page.lifecycleEvent {
   "frameId": "(BEBE6A01D494C1352BDEE3A9DB1E0588)",
   "name": "commit",
   "timestamp": 154.8685
}
[3.228][DEBUG]: DEVTOOLS EVENT Page.frameNavigated {
   "frame": {
      "id": "(BEBE6A01D494C1352BDEE3A9DB1E0588)",
      "loaderId": "44.3",
      "mimeType": "text/html",
      "name": "chromedriver dummy frame",
      "parentId": "(34A108C2D548649CBF630140EC85910)",
      "securityOrigin": "://",
      "url": "about:blank"
   }
}
[3.228][DEBUG]: DEVTOOLS EVENT Runtime.executionContextCreated {
   "context": {
      "auxData": {
         "frameId": "(BEBE6A01D494C1352BDEE3A9DB1E0588)",
         "isDefault": true
      },
      "id": 4,
      "name": "",
      "origin": "://"
   }
}
[3.228][DEBUG]: DEVTOOLS EVENT Page.lifecycleEvent {
   "frameId": "(BEBE6A01D494C1352BDEE3A9DB1E0588)",
   "name": "load",
   "timestamp": 154.871798
}
[3.228][DEBUG]: DEVTOOLS EVENT Page.frameStoppedLoading {
   "frameId": "(BEBE6A01D494C1352BDEE3A9DB1E0588)"
}
[3.228][DEBUG]: DEVTOOLS EVENT Page.lifecycleEvent {
   "frameId": "(BEBE6A01D494C1352BDEE3A9DB1E0588)",
   "name": "DOMContentLoaded",
   "timestamp": 154.871878
}
[3.228][DEBUG]: DEVTOOLS RESPONSE Runtime.evaluate (id=18) {
   "result": {
      "description": "1",
      "type": "number",
      "value": 1
   }
}
[3.228][INFO]: Done waiting for pending navigations. Status: ok
[3.228][INFO]: RESPONSE Navigate
[3.279][INFO]: COMMAND ExecuteScript {
   "args": [ "protractor_sync-test-area", {
      "innerHtml": "\u003Cspan class=\"element-does-exist\">\u003C/span>"
   } ],
   "script": "return (function (id, _options) {\n        var existing = document.querySelector('#' + id);\n        if (existing) {\n            existing.parentNode.removeChild(existing);\n        }\n        var testA..."
}
[3.279][DEBUG]: DEVTOOLS EVENT DOM.childNodeCountUpdated {
   "childNodeCount": 1,
   "nodeId": 24
}
[3.279][DEBUG]: DEVTOOLS EVENT Runtime.executionContextDestroyed {
   "executionContextId": 4
}
[3.279][DEBUG]: DEVTOOLS EVENT Page.frameDetached {
   "frameId": "(BEBE6A01D494C1352BDEE3A9DB1E0588)"
}
[3.279][DEBUG]: DEVTOOLS EVENT Page.lifecycleEvent {
   "frameId": "(34A108C2D548649CBF630140EC85910)",
   "name": "firstPaint",
   "timestamp": 154.905747
}
[3.279][DEBUG]: DEVTOOLS EVENT Page.lifecycleEvent {
   "frameId": "(34A108C2D548649CBF630140EC85910)",
   "name": "firstMeaningfulPaintCandidate",
   "timestamp": 154.905751
}
[3.279][INFO]: Waiting for pending navigations...
[3.279][DEBUG]: DEVTOOLS COMMAND Runtime.evaluate (id=19) {
   "expression": "1"
}
[3.286][DEBUG]: DEVTOOLS RESPONSE Runtime.evaluate (id=19) {
   "result": {
      "description": "1",
      "type": "number",
      "value": 1
   }
}
[3.286][INFO]: Done waiting for pending navigations. Status: ok
[3.299][DEBUG]: DEVTOOLS COMMAND Runtime.evaluate (id=20) {
   "expression": "(function() { // Copyright (c) 2012 The Chromium Authors. All rights reserved.\n// Use of this source code is governed by a BSD-style license that can be\n// found in the LICENSE file.\n\n/**\n * Enum f...",
   "returnByValue": true
}
[3.307][DEBUG]: DEVTOOLS EVENT DOM.childNodeCountUpdated {
   "childNodeCount": 2,
   "nodeId": 24
}
[3.307][DEBUG]: DEVTOOLS RESPONSE Runtime.evaluate (id=20) {
   "result": {
      "type": "object",
      "value": {
         "status": 0,
         "value": null
      }
   }
}
[3.307][INFO]: Waiting for pending navigations...
[3.307][DEBUG]: DEVTOOLS COMMAND Runtime.evaluate (id=21) {
   "expression": "1"
}
[3.307][DEBUG]: DEVTOOLS RESPONSE Runtime.evaluate (id=21) {
   "result": {
      "description": "1",
      "type": "number",
      "value": 1
   }
}
[3.308][INFO]: Done waiting for pending navigations. Status: ok
[3.308][INFO]: RESPONSE ExecuteScript null
[3.340][INFO]: COMMAND FindElements {
   "using": "css selector",
   "value": "#protractor_sync-test-area"
}
[3.340][INFO]: Waiting for pending navigations...
[3.340][DEBUG]: DEVTOOLS COMMAND Runtime.evaluate (id=22) {
   "expression": "1"
}
[3.341][DEBUG]: DEVTOOLS RESPONSE Runtime.evaluate (id=22) {
   "result": {
      "description": "1",
      "type": "number",
      "value": 1
   }
}
[3.341][INFO]: Done waiting for pending navigations. Status: ok
[3.343][DEBUG]: DEVTOOLS COMMAND Runtime.evaluate (id=23) {
   "expression": "(function() { // Copyright (c) 2012 The Chromium Authors. All rights reserved.\n// Use of this source code is governed by a BSD-style license that can be\n// found in the LICENSE file.\n\n/**\n * Enum f...",
   "returnByValue": true
}
[3.362][DEBUG]: DEVTOOLS RESPONSE Runtime.evaluate (id=23) {
   "result": {
      "type": "object",
      "value": {
         "status": 0,
         "value": [ {
            "ELEMENT": "0.13519093681584837-1"
         } ]
      }
   }
}
[3.362][INFO]: Waiting for pending navigations...
[3.362][DEBUG]: DEVTOOLS COMMAND Runtime.evaluate (id=24) {
   "expression": "1"
}
[3.362][DEBUG]: DEVTOOLS RESPONSE Runtime.evaluate (id=24) {
   "result": {
      "description": "1",
      "type": "number",
      "value": 1
   }
}
[3.362][INFO]: Done waiting for pending navigations. Status: ok
[3.362][INFO]: RESPONSE FindElements [ {
   "ELEMENT": "0.13519093681584837-1"
} ]
[3.399][INFO]: COMMAND Quit {

}
[3.449][INFO]: RESPONSE Quit
[3.449][DEBUG]: Log type 'driver' lost 0 entries on destruction
[3.449][DEBUG]: Log type 'browser' lost 0 entries on destruction
