[51:51:1102/205612.871162:VERBOSE1:breakpad_linux.cc(1980)] Breakpad disabled
[51:56:1102/205612.931181:ERROR:bus.cc(395)] Failed to connect to the bus: Failed to connect to socket /var/run/dbus/system_bus_socket: No such file or directory
[51:51:1102/205614.034972:VERBOSE1:pref_proxy_config_tracker_impl.cc(154)] 0x25a555ffb580: set chrome proxy config service to 0x25a5560dcc00
[51:51:1102/205614.060865:VERBOSE1:pulse_stubs.cc(683)] dlopen(libpulse.so.0) failed, dlerror() says:
libpulse.so.0: cannot open shared object file: No such file or directory
[51:51:1102/205614.060908:VERBOSE1:pulse_util.cc(106)] Failed on loading the Pulse library and symbols
[51:74:1102/205614.078508:ERROR:nss_util.cc(650)] Error initializing NSS with a persistent database (sql:/tmp/homedir/.pki/nssdb): NSS error code: -8023
[51:74:1102/205614.078543:VERBOSE1:nss_util.cc(656)] Initializing NSS without a persistent database.
[51:74:1102/205614.078639:ERROR:nss_util.cc(154)] Error initializing NSS without a persistent database: NSS error code: -8023
[51:51:1102/205614.092634:VERBOSE1:mutable_profile_oauth2_token_service_delegate.cc(162)] MutablePO2TS::MutablePO2TS
[51:51:1102/205614.092716:VERBOSE1:device_event_log_impl.cc(158)] [20:56:14.092] Bluetooth: EVENT: bluetooth_api.cc:68 BluetoothAPI: 0x25a556162800
[51:51:1102/205614.093003:VERBOSE1:bluetooth_low_energy_event_router.cc(248)] Initializing BluetoothLowEnergyEventRouter.
[51:51:1102/205614.141507:VERBOSE1:pref_proxy_config_tracker_impl.cc(154)] 0x25a55626f2c0: set chrome proxy config service to 0x25a556197000
[51:51:1102/205614.150357:VERBOSE1:extension_service.cc(1403)] AddComponentExtension Cloud Print
[51:51:1102/205614.150373:VERBOSE1:extension_service.cc(1405)] Component extension Cloud Print (mfehgcgbbipciphmccgaenjidiccnmng) installing/upgrading from '' to 0.1
[51:51:1102/205614.150883:VERBOSE1:extension_service.cc(1403)] AddComponentExtension Web Store
[51:51:1102/205614.150919:VERBOSE1:extension_service.cc(1405)] Component extension Web Store (ahfgeienlihckogmohjhadlkjgocpleb) installing/upgrading from '' to 0.2
[51:51:1102/205614.151404:VERBOSE1:extension_service.cc(1403)] AddComponentExtension Chromium PDF Viewer
[51:51:1102/205614.151418:VERBOSE1:extension_service.cc(1405)] Component extension Chromium PDF Viewer (mhjfbmdgcfjbbpaeojofohoefgiehjai) installing/upgrading from '' to 1
[51:51:1102/205614.161440:VERBOSE1:account_reconcilor.cc(88)] AccountReconcilor::AccountReconcilor
[51:51:1102/205614.161455:VERBOSE1:account_reconcilor.cc(99)] AccountReconcilor::Initialize
[51:51:1102/205614.171410:VERBOSE1:file_type_policies_component_installer.cc(129)] Registering File Type Policies component.
[51:62:1102/205614.172078:VERBOSE1:component_installer.cc(244)] StartRegistration for Signed Tree Heads
[51:62:1102/205614.172194:VERBOSE1:component_installer.cc(244)] StartRegistration for Origin Trials
[51:62:1102/205614.172273:VERBOSE1:component_installer.cc(244)] StartRegistration for File Type Policies
[51:62:1102/205614.172367:VERBOSE1:component_installer.cc(244)] StartRegistration for SSL Error Assistant
[51:74:1102/205614.078654:FATAL:nss_util.cc(156)] nss_error=-8023, os_error=0
#0 0x5616c944da87 base::debug::StackTrace::StackTrace()
#1 0x5616c9464221 logging::LogMessage::~LogMessage()
#2 0x5616c9d19b43 base::LazyInstance<>::Get()
#3 0x5616c9b42bb5 net::CertDatabase::GetInstance()
#4 0x5616c9c817d8 net::ClientSocketFactory::GetDefaultFactory()
#5 0x5616c9b9aac8 net::DnsClient::CreateClient()
#6 0x5616c922e64a chrome_browser_net::DnsProbeService::SetSystemClientToCurrentConfig()
#7 0x5616c922e5b2 chrome_browser_net::DnsProbeService::DnsProbeService()
#8 0x5616c91f989d IOThread::Init()
#9 0x5616c82b795d content::BrowserProcessSubThread::Init()
#10 0x5616c94b3c07 base::Thread::ThreadMain()
#11 0x5616c94aeea3 base::(anonymous namespace)::ThreadFunc()
#12 0x7f6764d7bde5 start_thread
#13 0x7f675eec130d __clone

