[1.102][INFO]: COMMAND InitSession {
   "desiredCapabilities": {
      "browserName": "chrome",
      "chromeOptions": {
         "args": [ "--disable-gpu", "--single-process", "--no-sandbox", "--data-path=/tmp/data-path", "--homedir=/tmp/homedir", "--disk-cache-dir=/tmp", "--disk-cache-size=1", "--media-cache-size=1", "--allow-file-access-from-files", "--enable-logging", "--v=1", "--disable-web-security", "--disable-extensions", "--ignore-certificate-errors", "--disable-ntp-most-likely-favicons-from-server", "--disable-ntp-popular-sites", "--window-size=1366,1024", "--disable-infobars", "--disable-dev-shm-usage", "..." ],
         "binary": "/tmp/chrome-lambda/chrome",
         "prefs": {
            "credentials_enable_service": false,
            "profile": {
               "password_manager_enabled": false
            }
         }
      },
      "count": 1
   }
}
[1.102][INFO]: Populating Preferences file: {
   "alternate_error_pages": {
      "enabled": false
   },
   "autofill": {
      "enabled": false
   },
   "browser": {
      "check_default_browser": false
   },
   "credentials_enable_service": false,
   "distribution": {
      "import_bookmarks": false,
      "import_history": false,
      "import_search_engine": false,
      "make_chrome_default_for_user": false,
      "show_welcome_page": false,
      "skip_first_run_ui": true
   },
   "dns_prefetching": {
      "enabled": false
   },
   "profile": {
      "password_manager_enabled": false
   },
   "safebrowsing": {
      "enabled": false
   },
   "search": {
      "suggest_enabled": false
   },
   "translate": {
      "enabled": false
   }
}
[1.103][INFO]: Populating Local State file: {
   "background_mode": {
      "enabled": false
   },
   "ssl": {
      "rev_checking": {
         "enabled": false
      }
   }
}
[1.103][INFO]: Launching chrome: /tmp/chrome-lambda/chrome --allow-file-access-from-files --data-path=/tmp/data-path --disable-background-networking --disable-browser-side-navigation --disable-client-side-phishing-detection --disable-default-apps --disable-dev-shm-usage --disable-extensions --disable-extensions-except=/tmp/.org.chromium.Chromium.8m4XXX/internal --disable-gpu --disable-hang-monitor --disable-infobars --disable-ntp-most-likely-favicons-from-server --disable-ntp-popular-sites --disable-popup-blocking --disable-prompt-on-repost --disable-sync --disable-web-resources --disable-web-security --disk-cache-dir=/tmp --disk-cache-size=1 --enable-automation --enable-logging --enable-precise-memory-info --force-fieldtrials=SiteIsolationExtensions/Control --homedir=/tmp/homedir --ignore-certificate-errors --log-level=0 --media-cache-size=1 --metrics-recording-only --no-first-run --no-sandbox --password-store=basic --remote-debugging-port=12510 --safebrowsing-disable-auto-update --single-process --test-type=webdriver --use-mock-keychain --user-data-dir=/tmp/.org.chromium.Chromium.M8Frh7 --v=1 --window-size=1366,1024 data:,
[1.104][DEBUG]: DevTools request: http://localhost:12510/json/version
prctl(PR_SET_NO_NEW_PRIVS) failed
Xlib:  extension "RANDR" missing on display ":99".
[44:49:1018/194444.260747:ERROR:bus.cc(395)] Failed to connect to the bus: Failed to connect to socket /var/run/dbus/system_bus_socket: No such file or directory
Xlib:  extension "RANDR" missing on display ":99".

DevTools listening on ws://127.0.0.1:12510/devtools/browser/f29c0a35-f4b4-4812-b594-41648177aef7
[1.941][SEVERE]: CreatePlatformSocket() returned an error, errno=1: Operation not permitted (1)
[1.941][DEBUG]: DevTools response: {
   "Browser": "Chrome/63.0.3239.84",
   "Protocol-Version": "1.2",
   "User-Agent": "Mozilla/5.0 (X11; Linux x86_64) AppleWebKit/537.36 (KHTML, like Gecko) Chrome/63.0.3239.84 Safari/537.36",
   "V8-Version": "6.3.292.46",
   "WebKit-Version": "537.36 (@0f53a5abc7a405fbe9f1cfd3db38f2092c8a7816)",
   "webSocketDebuggerUrl": "ws://localhost:12510/devtools/browser/f29c0a35-f4b4-4812-b594-41648177aef7"
}

[1.962][DEBUG]: DevTools request: http://localhost:12510/json
[1.962][DEBUG]: DevTools response: [ {
   "description": "",
   "devtoolsFrontendUrl": "/devtools/inspector.html?ws=localhost:12510/devtools/page/(2EA1142B28B5C8D6866B10540F3D3F7)",
   "id": "(2EA1142B28B5C8D6866B10540F3D3F7)",
   "title": "",
   "type": "page",
   "url": "data:,",
   "webSocketDebuggerUrl": "ws://localhost:12510/devtools/page/(2EA1142B28B5C8D6866B10540F3D3F7)"
} ]

[1.962][DEBUG]: DevTools request: http://localhost:12510/json
[1.963][DEBUG]: DevTools response: [ {
   "description": "",
   "devtoolsFrontendUrl": "/devtools/inspector.html?ws=localhost:12510/devtools/page/(2EA1142B28B5C8D6866B10540F3D3F7)",
   "id": "(2EA1142B28B5C8D6866B10540F3D3F7)",
   "title": "",
   "type": "page",
   "url": "data:,",
   "webSocketDebuggerUrl": "ws://localhost:12510/devtools/page/(2EA1142B28B5C8D6866B10540F3D3F7)"
} ]

[1.963][INFO]: resolved localhost to ["127.0.0.1"]
[1.964][DEBUG]: DEVTOOLS COMMAND Log.enable (id=1) {

}
[1.964][DEBUG]: DEVTOOLS COMMAND DOM.getDocument (id=2) {

}
[1.964][DEBUG]: DEVTOOLS COMMAND Runtime.enable (id=3) {

}
[1.964][DEBUG]: DEVTOOLS COMMAND Page.enable (id=4) {

}
[1.964][DEBUG]: DEVTOOLS COMMAND Page.enable (id=5) {

}
[44:67:1018/194444.883520:ERROR:io_thread.cc(730)] Cannot use V8 Proxy resolver in single process mode.
[44:67:1018/194444.887964:ERROR:io_thread.cc(730)] Cannot use V8 Proxy resolver in single process mode.
[2.081][DEBUG]: DEVTOOLS RESPONSE Log.enable (id=1) {

}
[2.081][DEBUG]: DEVTOOLS RESPONSE DOM.getDocument (id=2) {
   "root": {
      "backendNodeId": 1,
      "baseURL": "about:blank",
      "childNodeCount": 1,
      "children": [ {
         "attributes": [  ],
         "backendNodeId": 2,
         "childNodeCount": 2,
         "children": [ {
            "attributes": [  ],
            "backendNodeId": 3,
            "childNodeCount": 0,
            "localName": "head",
            "nodeId": 3,
            "nodeName": "HEAD",
            "nodeType": 1,
            "nodeValue": "",
            "parentId": 2
         }, {
            "attributes": [  ],
            "backendNodeId": 4,
            "childNodeCount": 0,
            "localName": "body",
            "nodeId": 4,
            "nodeName": "BODY",
            "nodeType": 1,
            "nodeValue": "",
            "parentId": 2
         } ],
         "frameId": "(2EA1142B28B5C8D6866B10540F3D3F7)",
         "localName": "html",
         "nodeId": 2,
         "nodeName": "HTML",
         "nodeType": 1,
         "nodeValue": "",
         "parentId": 1
      } ],
      "documentURL": "",
      "localName": "",
      "nodeId": 1,
      "nodeName": "#document",
      "nodeType": 9,
      "nodeValue": "",
      "xmlVersion": ""
   }
}
[2.082][DEBUG]: DEVTOOLS RESPONSE Runtime.enable (id=3) {

}
[2.082][DEBUG]: DEVTOOLS RESPONSE Page.enable (id=4) {

}
[2.082][DEBUG]: DEVTOOLS RESPONSE Page.enable (id=5) {

}
[2.082][DEBUG]: DEVTOOLS COMMAND Page.enable (id=6) {

}
[2.120][DEBUG]: DEVTOOLS EVENT Page.lifecycleEvent {
   "frameId": "(2EA1142B28B5C8D6866B10540F3D3F7)",
   "name": "commit",
   "timestamp": 156.140324
}
[2.120][DEBUG]: DEVTOOLS EVENT Page.frameNavigated {
   "frame": {
      "id": "(2EA1142B28B5C8D6866B10540F3D3F7)",
      "loaderId": "44.1",
      "mimeType": "text/plain",
      "securityOrigin": "://",
      "url": "data:,"
   }
}
[2.120][DEBUG]: DEVTOOLS EVENT DOM.documentUpdated {

}
[2.120][DEBUG]: DEVTOOLS COMMAND DOM.getDocument (id=7) {

}
[2.120][DEBUG]: DEVTOOLS EVENT Runtime.executionContextCreated {
   "context": {
      "auxData": {
         "frameId": "(2EA1142B28B5C8D6866B10540F3D3F7)",
         "isDefault": true
      },
      "id": 1,
      "name": "",
      "origin": "://"
   }
}
[2.120][DEBUG]: DEVTOOLS RESPONSE Page.enable (id=6) {

}
[2.141][DEBUG]: DEVTOOLS EVENT Page.loadEventFired {
   "timestamp": 156.151986
}
[2.141][DEBUG]: DEVTOOLS EVENT Page.lifecycleEvent {
   "frameId": "(2EA1142B28B5C8D6866B10540F3D3F7)",
   "name": "load",
   "timestamp": 156.151986
}
[2.141][DEBUG]: DEVTOOLS EVENT Page.frameStoppedLoading {
   "frameId": "(2EA1142B28B5C8D6866B10540F3D3F7)"
}
[2.141][DEBUG]: DEVTOOLS EVENT Page.domContentEventFired {
   "timestamp": 156.161896
}
[2.141][DEBUG]: DEVTOOLS EVENT Page.lifecycleEvent {
   "frameId": "(2EA1142B28B5C8D6866B10540F3D3F7)",
   "name": "DOMContentLoaded",
   "timestamp": 156.161896
}
[2.141][DEBUG]: DEVTOOLS EVENT DOM.documentUpdated {

}
[2.141][DEBUG]: DEVTOOLS COMMAND DOM.getDocument (id=8) {

}
[2.179][DEBUG]: DEVTOOLS RESPONSE DOM.getDocument (id=7) {
   "root": {
      "backendNodeId": 5,
      "baseURL": "data:,",
      "childNodeCount": 1,
      "children": [ {
         "attributes": [  ],
         "backendNodeId": 7,
         "childNodeCount": 2,
         "children": [ {
            "attributes": [  ],
            "backendNodeId": 8,
            "childNodeCount": 0,
            "localName": "head",
            "nodeId": 7,
            "nodeName": "HEAD",
            "nodeType": 1,
            "nodeValue": "",
            "parentId": 6
         }, {
            "attributes": [  ],
            "backendNodeId": 9,
            "childNodeCount": 1,
            "localName": "body",
            "nodeId": 8,
            "nodeName": "BODY",
            "nodeType": 1,
            "nodeValue": "",
            "parentId": 6
         } ],
         "frameId": "(2EA1142B28B5C8D6866B10540F3D3F7)",
         "localName": "html",
         "nodeId": 6,
         "nodeName": "HTML",
         "nodeType": 1,
         "nodeValue": "",
         "parentId": 5
      } ],
      "documentURL": "data:,",
      "localName": "",
      "nodeId": 5,
      "nodeName": "#document",
      "nodeType": 9,
      "nodeValue": "",
      "xmlVersion": ""
   }
}
[2.179][DEBUG]: DEVTOOLS RESPONSE DOM.getDocument (id=8) {
   "root": {
      "backendNodeId": 5,
      "baseURL": "data:,",
      "childNodeCount": 1,
      "children": [ {
         "attributes": [  ],
         "backendNodeId": 7,
         "childNodeCount": 2,
         "children": [ {
            "attributes": [  ],
            "backendNodeId": 8,
            "childNodeCount": 0,
            "localName": "head",
            "nodeId": 11,
            "nodeName": "HEAD",
            "nodeType": 1,
            "nodeValue": "",
            "parentId": 10
         }, {
            "attributes": [  ],
            "backendNodeId": 9,
            "childNodeCount": 1,
            "localName": "body",
            "nodeId": 12,
            "nodeName": "BODY",
            "nodeType": 1,
            "nodeValue": "",
            "parentId": 10
         } ],
         "frameId": "(2EA1142B28B5C8D6866B10540F3D3F7)",
         "localName": "html",
         "nodeId": 10,
         "nodeName": "HTML",
         "nodeType": 1,
         "nodeValue": "",
         "parentId": 9
      } ],
      "documentURL": "data:,",
      "localName": "",
      "nodeId": 9,
      "nodeName": "#document",
      "nodeType": 9,
      "nodeValue": "",
      "xmlVersion": ""
   }
}
[2.179][DEBUG]: DEVTOOLS COMMAND Runtime.enable (id=9) {

}
[2.185][DEBUG]: DEVTOOLS RESPONSE Runtime.enable (id=9) {

}
[2.185][DEBUG]: DEVTOOLS COMMAND Runtime.evaluate (id=10) {
   "expression": "(function() { // Copyright (c) 2012 The Chromium Authors. All rights reserved.\n// Use of this source code is governed by a BSD-style license that can be\n// found in the LICENSE file.\n\n/**\n * Enum f...",
   "returnByValue": true
}
[2.189][DEBUG]: DEVTOOLS RESPONSE Runtime.evaluate (id=10) {
   "result": {
      "type": "object",
      "value": {
         "status": 0,
         "value": 1
      }
   }
}
[2.189][INFO]: RESPONSE InitSession {
   "acceptSslCerts": true,
   "applicationCacheEnabled": false,
   "browserConnectionEnabled": false,
   "browserName": "chrome",
   "chrome": {
      "chromedriverVersion": "2.33.506092 (733a02544d189eeb751fe0d7ddca79a0ee28cce4)",
      "userDataDir": "/tmp/.org.chromium.Chromium.M8Frh7"
   },
   "cssSelectorsEnabled": true,
   "databaseEnabled": false,
   "handlesAlerts": true,
   "hasTouchScreen": false,
   "javascriptEnabled": true,
   "locationContextEnabled": true,
   "mobileEmulationEnabled": false,
   "nativeEvents": true,
   "networkConnectionEnabled": false,
   "pageLoadStrategy": "normal",
   "platform": "Linux",
   "rotatable": false,
   "setWindowRect": true,
   "takesHeapSnapshot": true,
   "~~~": "..."
}
[2.220][INFO]: COMMAND SetTimeout {
   "script": 11000
}
[2.221][INFO]: RESPONSE SetTimeout unknown error: 'ms' must be a double
  (Session info: chrome=63.0.3239.84)
[2.242][INFO]: COMMAND SetTimeout {
   "ms": 11000,
   "type": "script"
}
[2.242][INFO]: RESPONSE SetTimeout
[2.520][INFO]: COMMAND SetTimeout {
   "pageLoad": 30000
}
[2.521][INFO]: RESPONSE SetTimeout unknown error: 'ms' must be a double
  (Session info: chrome=63.0.3239.84)
[2.525][INFO]: COMMAND SetTimeout {
   "ms": 30000,
   "type": "page load"
}
[2.525][INFO]: RESPONSE SetTimeout
[2.539][INFO]: COMMAND Navigate {
   "url": "data:/,"
}
[2.539][INFO]: Waiting for pending navigations...
[2.539][DEBUG]: DEVTOOLS COMMAND Runtime.evaluate (id=11) {
   "expression": "1"
}
[2.540][DEBUG]: DEVTOOLS RESPONSE Runtime.evaluate (id=11) {
   "result": {
      "description": "1",
      "type": "number",
      "value": 1
   }
}
[2.540][INFO]: Done waiting for pending navigations. Status: ok
[2.540][DEBUG]: DEVTOOLS COMMAND Page.navigate (id=12) {
   "url": "data:/,"
}
[2.545][DEBUG]: DEVTOOLS EVENT Page.frameStartedLoading {
   "frameId": "(2EA1142B28B5C8D6866B10540F3D3F7)"
}
[2.561][DEBUG]: DEVTOOLS EVENT Runtime.executionContextDestroyed {
   "executionContextId": 1
}
[2.561][DEBUG]: DEVTOOLS EVENT Runtime.executionContextsCleared {

}
[2.561][DEBUG]: DEVTOOLS EVENT Page.lifecycleEvent {
   "frameId": "(2EA1142B28B5C8D6866B10540F3D3F7)",
   "name": "commit",
   "timestamp": 156.584755
}
[2.561][DEBUG]: DEVTOOLS EVENT Page.frameNavigated {
   "frame": {
      "id": "(2EA1142B28B5C8D6866B10540F3D3F7)",
      "loaderId": "44.2",
      "mimeType": "text/plain",
      "securityOrigin": "://",
      "url": "data:/,"
   }
}
[2.561][DEBUG]: DEVTOOLS EVENT Runtime.executionContextCreated {
   "context": {
      "auxData": {
         "frameId": "(2EA1142B28B5C8D6866B10540F3D3F7)",
         "isDefault": true
      },
      "id": 3,
      "name": "",
      "origin": "://"
   }
}
[2.561][DEBUG]: DEVTOOLS EVENT DOM.documentUpdated {

}
[2.561][DEBUG]: DEVTOOLS COMMAND DOM.getDocument (id=13) {

}
[2.561][DEBUG]: DEVTOOLS RESPONSE Page.navigate (id=12) {
   "frameId": "(2EA1142B28B5C8D6866B10540F3D3F7)"
}
[2.563][DEBUG]: DEVTOOLS EVENT Page.loadEventFired {
   "timestamp": 156.589802
}
[2.563][DEBUG]: DEVTOOLS EVENT Page.lifecycleEvent {
   "frameId": "(2EA1142B28B5C8D6866B10540F3D3F7)",
   "name": "load",
   "timestamp": 156.589802
}
[2.563][DEBUG]: DEVTOOLS EVENT Page.frameStoppedLoading {
   "frameId": "(2EA1142B28B5C8D6866B10540F3D3F7)"
}
[2.563][DEBUG]: DEVTOOLS EVENT Page.domContentEventFired {
   "timestamp": 156.59006
}
[2.563][DEBUG]: DEVTOOLS EVENT Page.lifecycleEvent {
   "frameId": "(2EA1142B28B5C8D6866B10540F3D3F7)",
   "name": "DOMContentLoaded",
   "timestamp": 156.59006
}
[2.563][DEBUG]: DEVTOOLS EVENT DOM.documentUpdated {

}
[2.563][DEBUG]: DEVTOOLS COMMAND DOM.getDocument (id=14) {

}
[2.581][DEBUG]: DEVTOOLS RESPONSE DOM.getDocument (id=13) {
   "root": {
      "backendNodeId": 10,
      "baseURL": "data:/,",
      "childNodeCount": 1,
      "children": [ {
         "attributes": [  ],
         "backendNodeId": 11,
         "childNodeCount": 2,
         "children": [ {
            "attributes": [  ],
            "backendNodeId": 12,
            "childNodeCount": 0,
            "localName": "head",
            "nodeId": 15,
            "nodeName": "HEAD",
            "nodeType": 1,
            "nodeValue": "",
            "parentId": 14
         }, {
            "attributes": [  ],
            "backendNodeId": 13,
            "childNodeCount": 1,
            "localName": "body",
            "nodeId": 16,
            "nodeName": "BODY",
            "nodeType": 1,
            "nodeValue": "",
            "parentId": 14
         } ],
         "frameId": "(2EA1142B28B5C8D6866B10540F3D3F7)",
         "localName": "html",
         "nodeId": 14,
         "nodeName": "HTML",
         "nodeType": 1,
         "nodeValue": "",
         "parentId": 13
      } ],
      "documentURL": "data:/,",
      "localName": "",
      "nodeId": 13,
      "nodeName": "#document",
      "nodeType": 9,
      "nodeValue": "",
      "xmlVersion": ""
   }
}
[2.581][DEBUG]: DEVTOOLS RESPONSE DOM.getDocument (id=14) {
   "root": {
      "backendNodeId": 10,
      "baseURL": "data:/,",
      "childNodeCount": 1,
      "children": [ {
         "attributes": [  ],
         "backendNodeId": 11,
         "childNodeCount": 2,
         "children": [ {
            "attributes": [  ],
            "backendNodeId": 12,
            "childNodeCount": 0,
            "localName": "head",
            "nodeId": 19,
            "nodeName": "HEAD",
            "nodeType": 1,
            "nodeValue": "",
            "parentId": 18
         }, {
            "attributes": [  ],
            "backendNodeId": 13,
            "childNodeCount": 1,
            "localName": "body",
            "nodeId": 20,
            "nodeName": "BODY",
            "nodeType": 1,
            "nodeValue": "",
            "parentId": 18
         } ],
         "frameId": "(2EA1142B28B5C8D6866B10540F3D3F7)",
         "localName": "html",
         "nodeId": 18,
         "nodeName": "HTML",
         "nodeType": 1,
         "nodeValue": "",
         "parentId": 17
      } ],
      "documentURL": "data:/,",
      "localName": "",
      "nodeId": 17,
      "nodeName": "#document",
      "nodeType": 9,
      "nodeValue": "",
      "xmlVersion": ""
   }
}
[2.581][INFO]: Waiting for pending navigations...
[2.581][DEBUG]: DEVTOOLS COMMAND Runtime.evaluate (id=15) {
   "expression": "1"
}
[2.605][DEBUG]: DEVTOOLS RESPONSE Runtime.evaluate (id=15) {
   "result": {
      "description": "1",
      "type": "number",
      "value": 1
   }
}
[2.605][INFO]: Done waiting for pending navigations. Status: ok
[2.605][INFO]: RESPONSE Navigate
[2.625][INFO]: COMMAND ExecuteScript {
   "args": [ "protractor_sync-test-area", {
      "innerHtml": "\u003Cspan class=\"element-does-exist\">\u003C/span>"
   } ],
   "script": "return (function (id, _options) {\n        var existing = document.querySelector('#' + id);\n        if (existing) {\n            existing.parentNode.removeChild(existing);\n        }\n        var testA..."
}
[2.625][INFO]: Waiting for pending navigations...
[2.625][DEBUG]: DEVTOOLS COMMAND Runtime.evaluate (id=16) {
   "expression": "1"
}
[2.641][DEBUG]: DEVTOOLS RESPONSE Runtime.evaluate (id=16) {
   "result": {
      "description": "1",
      "type": "number",
      "value": 1
   }
}
[2.641][INFO]: Done waiting for pending navigations. Status: ok
[2.642][DEBUG]: DEVTOOLS COMMAND Runtime.evaluate (id=17) {
   "expression": "(function() { // Copyright (c) 2012 The Chromium Authors. All rights reserved.\n// Use of this source code is governed by a BSD-style license that can be\n// found in the LICENSE file.\n\n/**\n * Enum f...",
   "returnByValue": true
}
[2.657][DEBUG]: DEVTOOLS EVENT DOM.childNodeCountUpdated {
   "childNodeCount": 2,
   "nodeId": 20
}
[2.657][DEBUG]: DEVTOOLS RESPONSE Runtime.evaluate (id=17) {
   "result": {
      "type": "object",
      "value": {
         "status": 0,
         "value": null
      }
   }
}
[2.657][INFO]: Waiting for pending navigations...
[2.657][DEBUG]: DEVTOOLS COMMAND Runtime.evaluate (id=18) {
   "expression": "1"
}
[2.658][DEBUG]: DEVTOOLS RESPONSE Runtime.evaluate (id=18) {
   "result": {
      "description": "1",
      "type": "number",
      "value": 1
   }
}
[2.658][INFO]: Done waiting for pending navigations. Status: ok
[2.658][INFO]: RESPONSE ExecuteScript null
[2.664][INFO]: COMMAND FindElements {
   "using": "css selector",
   "value": "#protractor_sync-test-area"
}
[2.664][INFO]: Waiting for pending navigations...
[2.664][DEBUG]: DEVTOOLS COMMAND Runtime.evaluate (id=19) {
   "expression": "1"
}
[2.665][DEBUG]: DEVTOOLS RESPONSE Runtime.evaluate (id=19) {
   "result": {
      "description": "1",
      "type": "number",
      "value": 1
   }
}
[2.665][INFO]: Done waiting for pending navigations. Status: ok
[2.668][DEBUG]: DEVTOOLS COMMAND Runtime.evaluate (id=20) {
   "expression": "(function() { // Copyright (c) 2012 The Chromium Authors. All rights reserved.\n// Use of this source code is governed by a BSD-style license that can be\n// found in the LICENSE file.\n\n/**\n * Enum f...",
   "returnByValue": true
}
[2.697][DEBUG]: DEVTOOLS RESPONSE Runtime.evaluate (id=20) {
   "result": {
      "type": "object",
      "value": {
         "status": 0,
         "value": [ {
            "ELEMENT": "0.04339509333699798-1"
         } ]
      }
   }
}
[2.697][INFO]: Waiting for pending navigations...
[2.697][DEBUG]: DEVTOOLS COMMAND Runtime.evaluate (id=21) {
   "expression": "1"
}
[2.698][DEBUG]: DEVTOOLS RESPONSE Runtime.evaluate (id=21) {
   "result": {
      "description": "1",
      "type": "number",
      "value": 1
   }
}
[2.698][INFO]: Done waiting for pending navigations. Status: ok
[2.698][INFO]: RESPONSE FindElements [ {
   "ELEMENT": "0.04339509333699798-1"
} ]
[2.737][INFO]: COMMAND Quit {

}
[2.787][INFO]: RESPONSE Quit
[2.787][DEBUG]: Log type 'driver' lost 0 entries on destruction
[2.787][DEBUG]: Log type 'browser' lost 0 entries on destruction
