[148:148:1018/194440.662809:VERBOSE1:breakpad_linux.cc(1980)] Breakpad disabled
[148:157:1018/194440.706904:ERROR:bus.cc(395)] Failed to connect to the bus: Failed to connect to socket /var/run/dbus/system_bus_socket: No such file or directory
[148:148:1018/194440.767621:VERBOSE1:pref_proxy_config_tracker_impl.cc(154)] 0x2b8226a8c580: set chrome proxy config service to 0x2b8226b65d80
[148:148:1018/194440.783724:VERBOSE1:pulse_stubs.cc(683)] dlopen(libpulse.so.0) failed, dlerror() says:
libpulse.so.0: cannot open shared object file: No such file or directory
[148:148:1018/194440.783756:VERBOSE1:pulse_util.cc(106)] Failed on loading the Pulse library and symbols
[148:148:1018/194440.807921:VERBOSE1:mutable_profile_oauth2_token_service_delegate.cc(162)] MutablePO2TS::MutablePO2TS
[148:148:1018/194440.807992:VERBOSE1:device_event_log_impl.cc(158)] [19:44:40.807] Bluetooth: EVENT: bluetooth_api.cc:68 BluetoothAPI: 0x2b8226bf0200
[148:148:1018/194440.823220:VERBOSE1:bluetooth_low_energy_event_router.cc(248)] Initializing BluetoothLowEnergyEventRouter.
[148:148:1018/194440.852812:VERBOSE1:pref_proxy_config_tracker_impl.cc(154)] 0x2b8226cd7000: set chrome proxy config service to 0x2b8226c18180
[148:148:1018/194440.854139:VERBOSE1:extension_service.cc(1403)] AddComponentExtension Cloud Print
[148:148:1018/194440.854151:VERBOSE1:extension_service.cc(1405)] Component extension Cloud Print (mfehgcgbbipciphmccgaenjidiccnmng) installing/upgrading from '' to 0.1
[148:148:1018/194440.863118:VERBOSE1:extension_service.cc(1403)] AddComponentExtension Web Store
[148:148:1018/194440.863133:VERBOSE1:extension_service.cc(1405)] Component extension Web Store (ahfgeienlihckogmohjhadlkjgocpleb) installing/upgrading from '' to 0.2
[148:148:1018/194440.863667:VERBOSE1:extension_service.cc(1403)] AddComponentExtension Chromium PDF Viewer
[148:148:1018/194440.863682:VERBOSE1:extension_service.cc(1405)] Component extension Chromium PDF Viewer (mhjfbmdgcfjbbpaeojofohoefgiehjai) installing/upgrading from '' to 1
[148:148:1018/194440.866505:VERBOSE1:account_reconcilor.cc(88)] AccountReconcilor::AccountReconcilor
[148:148:1018/194440.866522:VERBOSE1:account_reconcilor.cc(99)] AccountReconcilor::Initialize
[148:164:1018/194440.884399:VERBOSE1:component_installer.cc(244)] StartRegistration for Signed Tree Heads
[148:164:1018/194440.884536:VERBOSE1:component_installer.cc(244)] StartRegistration for Origin Trials
[148:148:1018/194440.884641:VERBOSE1:file_type_policies_component_installer.cc(129)] Registering File Type Policies component.
[148:164:1018/194440.884685:VERBOSE1:component_installer.cc(244)] StartRegistration for File Type Policies
[148:164:1018/194440.884826:VERBOSE1:component_installer.cc(244)] StartRegistration for SSL Error Assistant
[148:148:1018/194440.931035:WARNING:password_store_factory.cc(241)] Using basic (unencrypted) store for password storage. See https://chromium.googlesource.com/chromium/src/+/master/docs/linux_password_storage.md for more information about password storage options.
[148:148:1018/194440.987474:VERBOSE1:bluez_dbus_manager.cc(172)] Bluetooth not supported.
[148:148:1018/194441.025336:VERBOSE1:component_updater_service.cc(91)] CrxUpdateService starting up. First update attempt will take place in 360 seconds. Next update attempt will take place in 18000 seconds. 
[148:148:1018/194441.025362:VERBOSE1:component_installer.cc(378)] FinishRegistration for Signed Tree Heads
[148:148:1018/194441.025389:VERBOSE1:component_installer.cc(378)] FinishRegistration for Origin Trials
[148:148:1018/194441.025409:VERBOSE1:component_installer.cc(378)] FinishRegistration for File Type Policies
[148:148:1018/194441.025431:VERBOSE1:component_installer.cc(378)] FinishRegistration for SSL Error Assistant
[148:186:1018/194441.103958:WARNING:histograms.cc(40)] Started multiple compositor clients (Browser, Renderer) in one process. Some metrics will be disabled.
[148:175:1018/194441.343637:VERBOSE1:multi_log_ct_verifier.cc(75)] Adding CT log: Google 'Aviator' log
[148:175:1018/194441.343658:VERBOSE1:multi_log_ct_verifier.cc(75)] Adding CT log: Google 'Icarus' log
[148:175:1018/194441.343673:VERBOSE1:multi_log_ct_verifier.cc(75)] Adding CT log: Google 'Pilot' log
[148:175:1018/194441.343682:VERBOSE1:multi_log_ct_verifier.cc(75)] Adding CT log: Google 'Rocketeer' log
[148:175:1018/194441.343690:VERBOSE1:multi_log_ct_verifier.cc(75)] Adding CT log: Google 'Skydiver' log
[148:175:1018/194441.343698:VERBOSE1:multi_log_ct_verifier.cc(75)] Adding CT log: DigiCert Log Server
[148:175:1018/194441.343706:VERBOSE1:multi_log_ct_verifier.cc(75)] Adding CT log: DigiCert Log Server 2
[148:175:1018/194441.343713:VERBOSE1:multi_log_ct_verifier.cc(75)] Adding CT log: Symantec log
[148:175:1018/194441.343721:VERBOSE1:multi_log_ct_verifier.cc(75)] Adding CT log: Symantec 'Vega' log
[148:175:1018/194441.343728:VERBOSE1:multi_log_ct_verifier.cc(75)] Adding CT log: Symantec 'Sirius' log
[148:175:1018/194441.343736:VERBOSE1:multi_log_ct_verifier.cc(75)] Adding CT log: WoSign log
[148:175:1018/194441.343744:VERBOSE1:multi_log_ct_verifier.cc(75)] Adding CT log: Venafi Gen2 CT log
[148:175:1018/194441.343750:VERBOSE1:multi_log_ct_verifier.cc(75)] Adding CT log: CNNIC CT log
[148:175:1018/194441.343755:VERBOSE1:multi_log_ct_verifier.cc(75)] Adding CT log: StartCom log
[148:175:1018/194441.343759:VERBOSE1:multi_log_ct_verifier.cc(75)] Adding CT log: Comodo 'Sabre' CT log
[148:175:1018/194441.343764:VERBOSE1:multi_log_ct_verifier.cc(75)] Adding CT log: Comodo 'Mammoth' CT log
[148:175:1018/194441.343769:VERBOSE1:multi_log_ct_verifier.cc(75)] Adding CT log: Izenpe log
[148:175:1018/194441.343773:VERBOSE1:multi_log_ct_verifier.cc(75)] Adding CT log: Venafi log
[148:175:1018/194441.343778:VERBOSE1:multi_log_ct_verifier.cc(75)] Adding CT log: Certly.IO log
[148:175:1018/194441.343786:ERROR:io_thread.cc(730)] Cannot use V8 Proxy resolver in single process mode.
[148:175:1018/194441.343899:VERBOSE1:proxy_service.cc(958)] PAC support disabled because there is no system implementation
[148:175:1018/194441.345123:ERROR:io_thread.cc(730)] Cannot use V8 Proxy resolver in single process mode.
[148:175:1018/194441.345140:VERBOSE1:multi_log_ct_verifier.cc(75)] Adding CT log: Google 'Aviator' log
[148:175:1018/194441.345148:VERBOSE1:multi_log_ct_verifier.cc(75)] Adding CT log: Google 'Icarus' log
[148:175:1018/194441.345155:VERBOSE1:multi_log_ct_verifier.cc(75)] Adding CT log: Google 'Pilot' log
[148:175:1018/194441.345161:VERBOSE1:multi_log_ct_verifier.cc(75)] Adding CT log: Google 'Rocketeer' log
[148:175:1018/194441.345168:VERBOSE1:multi_log_ct_verifier.cc(75)] Adding CT log: Google 'Skydiver' log
[148:175:1018/194441.345176:VERBOSE1:multi_log_ct_verifier.cc(75)] Adding CT log: DigiCert Log Server
[148:175:1018/194441.345184:VERBOSE1:multi_log_ct_verifier.cc(75)] Adding CT log: DigiCert Log Server 2
[148:175:1018/194441.345191:VERBOSE1:multi_log_ct_verifier.cc(75)] Adding CT log: Symantec log
[148:175:1018/194441.345199:VERBOSE1:multi_log_ct_verifier.cc(75)] Adding CT log: Symantec 'Vega' log
[148:175:1018/194441.345207:VERBOSE1:multi_log_ct_verifier.cc(75)] Adding CT log: Symantec 'Sirius' log
[148:175:1018/194441.345215:VERBOSE1:multi_log_ct_verifier.cc(75)] Adding CT log: WoSign log
[148:175:1018/194441.345222:VERBOSE1:multi_log_ct_verifier.cc(75)] Adding CT log: Venafi Gen2 CT log
[148:175:1018/194441.345230:VERBOSE1:multi_log_ct_verifier.cc(75)] Adding CT log: CNNIC CT log
[148:175:1018/194441.345237:VERBOSE1:multi_log_ct_verifier.cc(75)] Adding CT log: StartCom log
[148:175:1018/194441.345245:VERBOSE1:multi_log_ct_verifier.cc(75)] Adding CT log: Comodo 'Sabre' CT log
[148:175:1018/194441.345253:VERBOSE1:multi_log_ct_verifier.cc(75)] Adding CT log: Comodo 'Mammoth' CT log
[148:175:1018/194441.345260:VERBOSE1:multi_log_ct_verifier.cc(75)] Adding CT log: Izenpe log
[148:175:1018/194441.345268:VERBOSE1:multi_log_ct_verifier.cc(75)] Adding CT log: Venafi log
[148:175:1018/194441.345276:VERBOSE1:multi_log_ct_verifier.cc(75)] Adding CT log: Certly.IO log
[148:175:1018/194441.345374:VERBOSE1:proxy_service.cc(958)] PAC support disabled because there is no system implementation
[148:175:1018/194441.347066:VERBOSE1:network_delegate.cc(30)] NetworkDelegate::NotifyBeforeURLRequest: https://www.gstatic.com/chrome/intelligence/assist/ranker/models/translate/2017/03/translate_ranker_model_20170329.pb.bin
[148:175:1018/194441.347093:VERBOSE1:network_delegate.cc(30)] NetworkDelegate::NotifyBeforeURLRequest: https://www.gstatic.com/chrome/intelligence/assist/ranker/models/translate/2017/03/translate_ranker_model_20170329.pb.bin
[148:175:1018/194441.408172:VERBOSE1:network_delegate.cc(30)] NetworkDelegate::NotifyBeforeURLRequest: chrome-extension://aapnijgdinlhnhlmodcfapnahmbfebeb/_generated_background_page.html
[148:175:1018/194441.408185:VERBOSE1:network_delegate.cc(30)] NetworkDelegate::NotifyBeforeURLRequest: chrome-extension://aapnijgdinlhnhlmodcfapnahmbfebeb/_generated_background_page.html
[148:175:1018/194441.408192:VERBOSE1:network_delegate.cc(30)] NetworkDelegate::NotifyBeforeURLRequest: chrome-extension://aapnijgdinlhnhlmodcfapnahmbfebeb/_generated_background_page.html
[148:186:1018/194441.427824:VERBOSE1:LocalWindowProxy.cpp(236)] A context is created NOT from snapshot
[148:186:1018/194441.428418:VERBOSE1:script_context.cc(111)] Created context:
  extension id:           (none)
  frame:                  0x2eefdf181d18
  URL:                    
  context_type:           WEB_PAGE
  effective extension id: (none)
  effective context type: WEB_PAGE
[148:186:1018/194441.428914:VERBOSE1:script_context.cc(111)] Created context:
  extension id:           (none)
  frame:                  (nil)
  URL:                    
  context_type:           UNSPECIFIED
  effective extension id: (none)
  effective context type: UNSPECIFIED
[148:186:1018/194441.429388:VERBOSE1:dispatcher.cc(366)] Num tracked contexts: 1
[148:175:1018/194441.445132:VERBOSE1:network_delegate.cc(30)] NetworkDelegate::NotifyBeforeURLRequest: chrome-extension://aapnijgdinlhnhlmodcfapnahmbfebeb/background.js
[148:175:1018/194441.445150:VERBOSE1:network_delegate.cc(30)] NetworkDelegate::NotifyBeforeURLRequest: chrome-extension://aapnijgdinlhnhlmodcfapnahmbfebeb/background.js
[148:175:1018/194441.445161:VERBOSE1:network_delegate.cc(30)] NetworkDelegate::NotifyBeforeURLRequest: chrome-extension://aapnijgdinlhnhlmodcfapnahmbfebeb/background.js
[148:186:1018/194441.448756:VERBOSE1:LocalWindowProxy.cpp(236)] A context is created NOT from snapshot
[148:186:1018/194441.448957:VERBOSE1:script_context.cc(111)] Created context:
  extension id:           aapnijgdinlhnhlmodcfapnahmbfebeb
  frame:                  0x2eefdf18e920
  URL:                    
  context_type:           BLESSED_EXTENSION
  effective extension id: aapnijgdinlhnhlmodcfapnahmbfebeb
  effective context type: BLESSED_EXTENSION
[148:186:1018/194441.449010:VERBOSE1:script_context.cc(111)] Created context:
  extension id:           (none)
  frame:                  (nil)
  URL:                    
  context_type:           UNSPECIFIED
  effective extension id: (none)
  effective context type: UNSPECIFIED
[148:186:1018/194441.467054:VERBOSE1:dispatcher.cc(366)] Num tracked contexts: 2
[148:186:1018/194441.470155:VERBOSE1:language_detection_util.cc(234)] Detected language: und
[148:186:1018/194441.771656:VERBOSE1:dispatcher.cc(498)] Num tracked contexts: 1
[148:186:1018/194441.784862:VERBOSE1:LocalWindowProxy.cpp(236)] A context is created NOT from snapshot
[148:186:1018/194441.785058:VERBOSE1:script_context.cc(111)] Created context:
  extension id:           (none)
  frame:                  0x2eefdf181d18
  URL:                    
  context_type:           WEB_PAGE
  effective extension id: (none)
  effective context type: WEB_PAGE
[148:186:1018/194441.785104:VERBOSE1:script_context.cc(111)] Created context:
  extension id:           (none)
  frame:                  (nil)
  URL:                    
  context_type:           UNSPECIFIED
  effective extension id: (none)
  effective context type: UNSPECIFIED
[148:186:1018/194441.785498:VERBOSE1:dispatcher.cc(366)] Num tracked contexts: 2
[148:186:1018/194441.786426:VERBOSE1:script_context.cc(120)] Destroyed context for extension
  extension id: 
  effective extension id: 
[148:186:1018/194441.786489:VERBOSE1:script_context.cc(120)] Destroyed context for extension
  extension id: 
  effective extension id: 
[148:186:1018/194441.788563:VERBOSE1:language_detection_util.cc(234)] Detected language: und
[148:186:1018/194441.867382:VERBOSE1:LocalWindowProxy.cpp(236)] A context is created NOT from snapshot
[148:186:1018/194441.867760:VERBOSE1:script_context.cc(111)] Created context:
  extension id:           (none)
  frame:                  0x2eefdf19a2c8
  URL:                    
  context_type:           WEB_PAGE
  effective extension id: (none)
  effective context type: WEB_PAGE
[148:186:1018/194441.867833:VERBOSE1:script_context.cc(111)] Created context:
  extension id:           (none)
  frame:                  (nil)
  URL:                    
  context_type:           UNSPECIFIED
  effective extension id: (none)
  effective context type: UNSPECIFIED
[148:186:1018/194441.883512:VERBOSE1:dispatcher.cc(366)] Num tracked contexts: 3
[148:186:1018/194441.905265:VERBOSE1:dispatcher.cc(498)] Num tracked contexts: 2
[148:186:1018/194441.906888:VERBOSE1:script_context.cc(120)] Destroyed context for extension
  extension id: 
  effective extension id: 
[148:186:1018/194441.906917:VERBOSE1:script_context.cc(120)] Destroyed context for extension
  extension id: 
  effective extension id: 
