[44:44:1102/205612.094360:VERBOSE1:breakpad_linux.cc(1980)] Breakpad disabled
[44:49:1102/205612.235725:ERROR:bus.cc(395)] Failed to connect to the bus: Failed to connect to socket /var/run/dbus/system_bus_socket: No such file or directory
[44:44:1102/205612.280217:VERBOSE1:pref_proxy_config_tracker_impl.cc(154)] 0x1f8737261580: set chrome proxy config service to 0x1f873733ad80
[44:44:1102/205612.302708:VERBOSE1:pulse_stubs.cc(683)] dlopen(libpulse.so.0) failed, dlerror() says:
libpulse.so.0: cannot open shared object file: No such file or directory
[44:44:1102/205612.302753:VERBOSE1:pulse_util.cc(106)] Failed on loading the Pulse library and symbols
[44:67:1102/205612.326829:ERROR:nss_util.cc(650)] Error initializing NSS with a persistent database (sql:/tmp/homedir/.pki/nssdb): NSS error code: -8023
[44:67:1102/205612.326857:VERBOSE1:nss_util.cc(656)] Initializing NSS without a persistent database.
[44:67:1102/205612.326945:ERROR:nss_util.cc(154)] Error initializing NSS without a persistent database: NSS error code: -8023
[44:44:1102/205612.347105:VERBOSE1:mutable_profile_oauth2_token_service_delegate.cc(162)] MutablePO2TS::MutablePO2TS
[44:44:1102/205612.347176:VERBOSE1:device_event_log_impl.cc(158)] [20:56:12.347] Bluetooth: EVENT: bluetooth_api.cc:68 BluetoothAPI: 0x1f87373c6400
[44:44:1102/205612.347401:VERBOSE1:bluetooth_low_energy_event_router.cc(248)] Initializing BluetoothLowEnergyEventRouter.
[44:44:1102/205612.366130:VERBOSE1:pref_proxy_config_tracker_impl.cc(154)] 0x1f87374e52c0: set chrome proxy config service to 0x1f87373ab000
[44:44:1102/205612.368682:VERBOSE1:extension_service.cc(1403)] AddComponentExtension Cloud Print
[44:44:1102/205612.368699:VERBOSE1:extension_service.cc(1405)] Component extension Cloud Print (mfehgcgbbipciphmccgaenjidiccnmng) installing/upgrading from '' to 0.1
[44:44:1102/205612.382888:VERBOSE1:extension_service.cc(1403)] AddComponentExtension Web Store
[44:44:1102/205612.382905:VERBOSE1:extension_service.cc(1405)] Component extension Web Store (ahfgeienlihckogmohjhadlkjgocpleb) installing/upgrading from '' to 0.2
[44:44:1102/205612.383364:VERBOSE1:extension_service.cc(1403)] AddComponentExtension Chromium PDF Viewer
[44:44:1102/205612.383379:VERBOSE1:extension_service.cc(1405)] Component extension Chromium PDF Viewer (mhjfbmdgcfjbbpaeojofohoefgiehjai) installing/upgrading from '' to 1
[44:44:1102/205612.405856:VERBOSE1:account_reconcilor.cc(88)] AccountReconcilor::AccountReconcilor
[44:44:1102/205612.405871:VERBOSE1:account_reconcilor.cc(99)] AccountReconcilor::Initialize
[44:55:1102/205612.424463:VERBOSE1:component_installer.cc(244)] StartRegistration for Signed Tree Heads
[44:55:1102/205612.424617:VERBOSE1:component_installer.cc(244)] StartRegistration for Origin Trials
[44:44:1102/205612.424721:VERBOSE1:file_type_policies_component_installer.cc(129)] Registering File Type Policies component.
[44:55:1102/205612.424760:VERBOSE1:component_installer.cc(244)] StartRegistration for File Type Policies
[44:55:1102/205612.424879:VERBOSE1:component_installer.cc(244)] StartRegistration for SSL Error Assistant
[44:44:1102/205612.486721:WARNING:password_store_factory.cc(241)] Using basic (unencrypted) store for password storage. See https://chromium.googlesource.com/chromium/src/+/master/docs/linux_password_storage.md for more information about password storage options.
[44:44:1102/205612.565504:VERBOSE1:bluez_dbus_manager.cc(172)] Bluetooth not supported.
[44:44:1102/205612.568152:VERBOSE1:component_updater_service.cc(91)] CrxUpdateService starting up. First update attempt will take place in 360 seconds. Next update attempt will take place in 18000 seconds. 
[44:44:1102/205612.568186:VERBOSE1:component_installer.cc(378)] FinishRegistration for Signed Tree Heads
[44:44:1102/205612.568207:VERBOSE1:component_installer.cc(378)] FinishRegistration for Origin Trials
[44:44:1102/205612.568230:VERBOSE1:component_installer.cc(378)] FinishRegistration for File Type Policies
[44:44:1102/205612.568248:VERBOSE1:component_installer.cc(378)] FinishRegistration for SSL Error Assistant
[44:85:1102/205612.585431:WARNING:histograms.cc(40)] Started multiple compositor clients (Browser, Renderer) in one process. Some metrics will be disabled.
[44:67:1102/205612.326957:FATAL:nss_util.cc(156)] nss_error=-8023, os_error=0
#0 0x5585dd620a87 base::debug::StackTrace::StackTrace()
#1 0x5585dd637221 logging::LogMessage::~LogMessage()
#2 0x5585ddeecb43 base::LazyInstance<>::Get()
#3 0x5585ddd15bb5 net::CertDatabase::GetInstance()
#4 0x5585dde547d8 net::ClientSocketFactory::GetDefaultFactory()
#5 0x5585ddd6dac8 net::DnsClient::CreateClient()
#6 0x5585dd40164a chrome_browser_net::DnsProbeService::SetSystemClientToCurrentConfig()
#7 0x5585dd4015b2 chrome_browser_net::DnsProbeService::DnsProbeService()
#8 0x5585dd3cc89d IOThread::Init()
#9 0x5585dc48a95d content::BrowserProcessSubThread::Init()
#10 0x5585dd686c07 base::Thread::ThreadMain()
#11 0x5585dd681ea3 base::(anonymous namespace)::ThreadFunc()
#12 0x7f1a9458cde5 start_thread
#13 0x7f1a8e6d230d __clone

