[143:143:1018/203831.993691:VERBOSE1:breakpad_linux.cc(1980)] Breakpad disabled
[143:149:1018/203832.053995:ERROR:bus.cc(395)] Failed to connect to the bus: Failed to connect to socket /var/run/dbus/system_bus_socket: No such file or directory
[143:143:1018/203832.132283:VERBOSE1:pref_proxy_config_tracker_impl.cc(154)] 0x38174ebea580: set chrome proxy config service to 0x38174ecc3c00
[143:143:1018/203832.157923:VERBOSE1:pulse_stubs.cc(683)] dlopen(libpulse.so.0) failed, dlerror() says:
libpulse.so.0: cannot open shared object file: No such file or directory
[143:143:1018/203832.157983:VERBOSE1:pulse_util.cc(106)] Failed on loading the Pulse library and symbols
[143:143:1018/203832.194735:VERBOSE1:mutable_profile_oauth2_token_service_delegate.cc(162)] MutablePO2TS::MutablePO2TS
[143:143:1018/203832.194833:VERBOSE1:device_event_log_impl.cc(158)] [20:38:32.194] Bluetooth: EVENT: bluetooth_api.cc:68 BluetoothAPI: 0x38174ed40200
[143:143:1018/203832.195086:VERBOSE1:bluetooth_low_energy_event_router.cc(248)] Initializing BluetoothLowEnergyEventRouter.
[143:143:1018/203832.220381:VERBOSE1:pref_proxy_config_tracker_impl.cc(154)] 0x38174ee65000: set chrome proxy config service to 0x38174ed81000
[143:143:1018/203832.234189:VERBOSE1:extension_service.cc(1403)] AddComponentExtension Cloud Print
[143:143:1018/203832.234220:VERBOSE1:extension_service.cc(1405)] Component extension Cloud Print (mfehgcgbbipciphmccgaenjidiccnmng) installing/upgrading from '' to 0.1
[143:143:1018/203832.234892:VERBOSE1:extension_service.cc(1403)] AddComponentExtension Web Store
[143:143:1018/203832.234914:VERBOSE1:extension_service.cc(1405)] Component extension Web Store (ahfgeienlihckogmohjhadlkjgocpleb) installing/upgrading from '' to 0.2
[143:143:1018/203832.235507:VERBOSE1:extension_service.cc(1403)] AddComponentExtension Chromium PDF Viewer
[143:143:1018/203832.235526:VERBOSE1:extension_service.cc(1405)] Component extension Chromium PDF Viewer (mhjfbmdgcfjbbpaeojofohoefgiehjai) installing/upgrading from '' to 1
[143:143:1018/203832.280001:VERBOSE1:account_reconcilor.cc(88)] AccountReconcilor::AccountReconcilor
[143:143:1018/203832.280021:VERBOSE1:account_reconcilor.cc(99)] AccountReconcilor::Initialize
[143:154:1018/203832.317937:VERBOSE1:component_installer.cc(244)] StartRegistration for Signed Tree Heads
[143:154:1018/203832.318142:VERBOSE1:component_installer.cc(244)] StartRegistration for Origin Trials
[143:143:1018/203832.318274:VERBOSE1:file_type_policies_component_installer.cc(129)] Registering File Type Policies component.
[143:154:1018/203832.318327:VERBOSE1:component_installer.cc(244)] StartRegistration for File Type Policies
[143:154:1018/203832.318485:VERBOSE1:component_installer.cc(244)] StartRegistration for SSL Error Assistant
[143:143:1018/203832.376687:WARNING:password_store_factory.cc(241)] Using basic (unencrypted) store for password storage. See https://chromium.googlesource.com/chromium/src/+/master/docs/linux_password_storage.md for more information about password storage options.
[143:143:1018/203832.454790:VERBOSE1:bluez_dbus_manager.cc(172)] Bluetooth not supported.
[143:143:1018/203832.474728:VERBOSE1:component_updater_service.cc(91)] CrxUpdateService starting up. First update attempt will take place in 360 seconds. Next update attempt will take place in 18000 seconds. 
[143:143:1018/203832.474770:VERBOSE1:component_installer.cc(378)] FinishRegistration for Signed Tree Heads
[143:143:1018/203832.474800:VERBOSE1:component_installer.cc(378)] FinishRegistration for Origin Trials
[143:143:1018/203832.474836:VERBOSE1:component_installer.cc(378)] FinishRegistration for File Type Policies
[143:143:1018/203832.474863:VERBOSE1:component_installer.cc(378)] FinishRegistration for SSL Error Assistant
[143:184:1018/203832.519174:WARNING:histograms.cc(40)] Started multiple compositor clients (Browser, Renderer) in one process. Some metrics will be disabled.
[143:166:1018/203832.740984:VERBOSE1:multi_log_ct_verifier.cc(75)] Adding CT log: Google 'Aviator' log
[143:166:1018/203832.741019:VERBOSE1:multi_log_ct_verifier.cc(75)] Adding CT log: Google 'Icarus' log
[143:166:1018/203832.741048:VERBOSE1:multi_log_ct_verifier.cc(75)] Adding CT log: Google 'Pilot' log
[143:166:1018/203832.741062:VERBOSE1:multi_log_ct_verifier.cc(75)] Adding CT log: Google 'Rocketeer' log
[143:166:1018/203832.741074:VERBOSE1:multi_log_ct_verifier.cc(75)] Adding CT log: Google 'Skydiver' log
[143:166:1018/203832.741086:VERBOSE1:multi_log_ct_verifier.cc(75)] Adding CT log: DigiCert Log Server
[143:166:1018/203832.741098:VERBOSE1:multi_log_ct_verifier.cc(75)] Adding CT log: DigiCert Log Server 2
[143:166:1018/203832.741111:VERBOSE1:multi_log_ct_verifier.cc(75)] Adding CT log: Symantec log
[143:166:1018/203832.741119:VERBOSE1:multi_log_ct_verifier.cc(75)] Adding CT log: Symantec 'Vega' log
[143:166:1018/203832.741126:VERBOSE1:multi_log_ct_verifier.cc(75)] Adding CT log: Symantec 'Sirius' log
[143:166:1018/203832.741134:VERBOSE1:multi_log_ct_verifier.cc(75)] Adding CT log: WoSign log
[143:166:1018/203832.741140:VERBOSE1:multi_log_ct_verifier.cc(75)] Adding CT log: Venafi Gen2 CT log
[143:166:1018/203832.741147:VERBOSE1:multi_log_ct_verifier.cc(75)] Adding CT log: CNNIC CT log
[143:166:1018/203832.741154:VERBOSE1:multi_log_ct_verifier.cc(75)] Adding CT log: StartCom log
[143:166:1018/203832.741161:VERBOSE1:multi_log_ct_verifier.cc(75)] Adding CT log: Comodo 'Sabre' CT log
[143:166:1018/203832.741168:VERBOSE1:multi_log_ct_verifier.cc(75)] Adding CT log: Comodo 'Mammoth' CT log
[143:166:1018/203832.741175:VERBOSE1:multi_log_ct_verifier.cc(75)] Adding CT log: Izenpe log
[143:166:1018/203832.741182:VERBOSE1:multi_log_ct_verifier.cc(75)] Adding CT log: Venafi log
[143:166:1018/203832.741190:VERBOSE1:multi_log_ct_verifier.cc(75)] Adding CT log: Certly.IO log
[143:166:1018/203832.741201:ERROR:io_thread.cc(730)] Cannot use V8 Proxy resolver in single process mode.
[143:166:1018/203832.741335:VERBOSE1:proxy_service.cc(958)] PAC support disabled because there is no system implementation
[143:166:1018/203832.742634:ERROR:io_thread.cc(730)] Cannot use V8 Proxy resolver in single process mode.
[143:166:1018/203832.742660:VERBOSE1:multi_log_ct_verifier.cc(75)] Adding CT log: Google 'Aviator' log
[143:166:1018/203832.742673:VERBOSE1:multi_log_ct_verifier.cc(75)] Adding CT log: Google 'Icarus' log
[143:166:1018/203832.742686:VERBOSE1:multi_log_ct_verifier.cc(75)] Adding CT log: Google 'Pilot' log
[143:166:1018/203832.742699:VERBOSE1:multi_log_ct_verifier.cc(75)] Adding CT log: Google 'Rocketeer' log
[143:166:1018/203832.742710:VERBOSE1:multi_log_ct_verifier.cc(75)] Adding CT log: Google 'Skydiver' log
[143:166:1018/203832.742723:VERBOSE1:multi_log_ct_verifier.cc(75)] Adding CT log: DigiCert Log Server
[143:166:1018/203832.742736:VERBOSE1:multi_log_ct_verifier.cc(75)] Adding CT log: DigiCert Log Server 2
[143:166:1018/203832.742748:VERBOSE1:multi_log_ct_verifier.cc(75)] Adding CT log: Symantec log
[143:166:1018/203832.742761:VERBOSE1:multi_log_ct_verifier.cc(75)] Adding CT log: Symantec 'Vega' log
[143:166:1018/203832.742773:VERBOSE1:multi_log_ct_verifier.cc(75)] Adding CT log: Symantec 'Sirius' log
[143:166:1018/203832.742786:VERBOSE1:multi_log_ct_verifier.cc(75)] Adding CT log: WoSign log
[143:166:1018/203832.742808:VERBOSE1:multi_log_ct_verifier.cc(75)] Adding CT log: Venafi Gen2 CT log
[143:166:1018/203832.742834:VERBOSE1:multi_log_ct_verifier.cc(75)] Adding CT log: CNNIC CT log
[143:166:1018/203832.742846:VERBOSE1:multi_log_ct_verifier.cc(75)] Adding CT log: StartCom log
[143:166:1018/203832.742859:VERBOSE1:multi_log_ct_verifier.cc(75)] Adding CT log: Comodo 'Sabre' CT log
[143:166:1018/203832.742870:VERBOSE1:multi_log_ct_verifier.cc(75)] Adding CT log: Comodo 'Mammoth' CT log
[143:166:1018/203832.742882:VERBOSE1:multi_log_ct_verifier.cc(75)] Adding CT log: Izenpe log
[143:166:1018/203832.742895:VERBOSE1:multi_log_ct_verifier.cc(75)] Adding CT log: Venafi log
[143:166:1018/203832.742907:VERBOSE1:multi_log_ct_verifier.cc(75)] Adding CT log: Certly.IO log
[143:166:1018/203832.743038:VERBOSE1:proxy_service.cc(958)] PAC support disabled because there is no system implementation
[143:166:1018/203832.755445:VERBOSE1:network_delegate.cc(30)] NetworkDelegate::NotifyBeforeURLRequest: https://www.gstatic.com/chrome/intelligence/assist/ranker/models/translate/2017/03/translate_ranker_model_20170329.pb.bin
[143:166:1018/203832.755486:VERBOSE1:network_delegate.cc(30)] NetworkDelegate::NotifyBeforeURLRequest: https://www.gstatic.com/chrome/intelligence/assist/ranker/models/translate/2017/03/translate_ranker_model_20170329.pb.bin
[143:166:1018/203832.836536:VERBOSE1:network_delegate.cc(30)] NetworkDelegate::NotifyBeforeURLRequest: chrome-extension://aapnijgdinlhnhlmodcfapnahmbfebeb/_generated_background_page.html
[143:166:1018/203832.836665:VERBOSE1:network_delegate.cc(30)] NetworkDelegate::NotifyBeforeURLRequest: chrome-extension://aapnijgdinlhnhlmodcfapnahmbfebeb/_generated_background_page.html
[143:166:1018/203832.836687:VERBOSE1:network_delegate.cc(30)] NetworkDelegate::NotifyBeforeURLRequest: chrome-extension://aapnijgdinlhnhlmodcfapnahmbfebeb/_generated_background_page.html
[143:184:1018/203832.843134:VERBOSE1:LocalWindowProxy.cpp(236)] A context is created NOT from snapshot
[143:184:1018/203832.843619:VERBOSE1:script_context.cc(111)] Created context:
  extension id:           (none)
  frame:                  0x3bda98b21d18
  URL:                    
  context_type:           WEB_PAGE
  effective extension id: (none)
  effective context type: WEB_PAGE
[143:184:1018/203832.844230:VERBOSE1:script_context.cc(111)] Created context:
  extension id:           (none)
  frame:                  (nil)
  URL:                    
  context_type:           UNSPECIFIED
  effective extension id: (none)
  effective context type: UNSPECIFIED
[143:184:1018/203832.844794:VERBOSE1:dispatcher.cc(366)] Num tracked contexts: 1
[143:166:1018/203832.876938:VERBOSE1:network_delegate.cc(30)] NetworkDelegate::NotifyBeforeURLRequest: chrome-extension://aapnijgdinlhnhlmodcfapnahmbfebeb/background.js
[143:166:1018/203832.876966:VERBOSE1:network_delegate.cc(30)] NetworkDelegate::NotifyBeforeURLRequest: chrome-extension://aapnijgdinlhnhlmodcfapnahmbfebeb/background.js
[143:166:1018/203832.876984:VERBOSE1:network_delegate.cc(30)] NetworkDelegate::NotifyBeforeURLRequest: chrome-extension://aapnijgdinlhnhlmodcfapnahmbfebeb/background.js
[143:184:1018/203832.879960:VERBOSE1:LocalWindowProxy.cpp(236)] A context is created NOT from snapshot
[143:184:1018/203832.880397:VERBOSE1:script_context.cc(111)] Created context:
  extension id:           aapnijgdinlhnhlmodcfapnahmbfebeb
  frame:                  0x3bda98b2e920
  URL:                    
  context_type:           BLESSED_EXTENSION
  effective extension id: aapnijgdinlhnhlmodcfapnahmbfebeb
  effective context type: BLESSED_EXTENSION
[143:184:1018/203832.880530:VERBOSE1:script_context.cc(111)] Created context:
  extension id:           (none)
  frame:                  (nil)
  URL:                    
  context_type:           UNSPECIFIED
  effective extension id: (none)
  effective context type: UNSPECIFIED
[143:184:1018/203832.914077:VERBOSE1:dispatcher.cc(366)] Num tracked contexts: 2
[143:184:1018/203832.914615:VERBOSE1:language_detection_util.cc(234)] Detected language: und
[143:184:1018/203833.239767:VERBOSE1:dispatcher.cc(498)] Num tracked contexts: 1
[143:184:1018/203833.243098:VERBOSE1:LocalWindowProxy.cpp(236)] A context is created NOT from snapshot
[143:184:1018/203833.243347:VERBOSE1:script_context.cc(111)] Created context:
  extension id:           (none)
  frame:                  0x3bda98b21d18
  URL:                    
  context_type:           WEB_PAGE
  effective extension id: (none)
  effective context type: WEB_PAGE
[143:184:1018/203833.243414:VERBOSE1:script_context.cc(111)] Created context:
  extension id:           (none)
  frame:                  (nil)
  URL:                    
  context_type:           UNSPECIFIED
  effective extension id: (none)
  effective context type: UNSPECIFIED
[143:184:1018/203833.244005:VERBOSE1:dispatcher.cc(366)] Num tracked contexts: 2
[143:184:1018/203833.255280:VERBOSE1:script_context.cc(120)] Destroyed context for extension
  extension id: 
  effective extension id: 
[143:184:1018/203833.255345:VERBOSE1:script_context.cc(120)] Destroyed context for extension
  extension id: 
  effective extension id: 
[143:184:1018/203833.282921:VERBOSE1:language_detection_util.cc(234)] Detected language: und
