[145:145:1105/170134.646137:VERBOSE1:breakpad_linux.cc(1977)] Breakpad disabled
[145:145:1105/170135.264913:VERBOSE1:webrtc_event_log_manager.cc(390)] WebRTC remote-bound event logging disabled.
[145:145:1105/170135.265011:VERBOSE1:pref_proxy_config_tracker_impl.cc(184)] 0x1ed1fc246580: set chrome proxy config service to 0x1ed1fc3f2780
[145:145:1105/170135.265112:ERROR:default_network_context_params.cc(60)] Cannot use V8 Proxy resolver in single process mode.
[145:157:1105/170135.267816:ERROR:bus.cc(394)] Failed to connect to the bus: Failed to connect to socket /var/run/dbus/system_bus_socket: No such file or directory
[145:148:1105/170135.267871:VERBOSE1:multi_log_ct_verifier.cc(75)] Adding CT log: Google 'Argon2018' log
[145:148:1105/170135.267887:VERBOSE1:multi_log_ct_verifier.cc(75)] Adding CT log: Google 'Argon2019' log
[145:148:1105/170135.267897:VERBOSE1:multi_log_ct_verifier.cc(75)] Adding CT log: Google 'Argon2020' log
[145:148:1105/170135.267905:VERBOSE1:multi_log_ct_verifier.cc(75)] Adding CT log: Google 'Argon2021' log
[145:148:1105/170135.267913:VERBOSE1:multi_log_ct_verifier.cc(75)] Adding CT log: Google 'Aviator' log
[145:148:1105/170135.267921:VERBOSE1:multi_log_ct_verifier.cc(75)] Adding CT log: Google 'Icarus' log
[145:145:1105/170135.267918:ERROR:gpu_process_transport_factory.cc(1016)] Lost UI shared context.
[145:148:1105/170135.267929:VERBOSE1:multi_log_ct_verifier.cc(75)] Adding CT log: Google 'Pilot' log
[145:148:1105/170135.267937:VERBOSE1:multi_log_ct_verifier.cc(75)] Adding CT log: Google 'Rocketeer' log
[145:148:1105/170135.267945:VERBOSE1:multi_log_ct_verifier.cc(75)] Adding CT log: Google 'Skydiver' log
[145:148:1105/170135.267954:VERBOSE1:multi_log_ct_verifier.cc(75)] Adding CT log: Cloudflare 'Nimbus2018' Log
[145:148:1105/170135.267962:VERBOSE1:multi_log_ct_verifier.cc(75)] Adding CT log: Cloudflare 'Nimbus2019' Log
[145:148:1105/170135.267971:VERBOSE1:multi_log_ct_verifier.cc(75)] Adding CT log: Cloudflare 'Nimbus2020' Log
[145:148:1105/170135.267979:VERBOSE1:multi_log_ct_verifier.cc(75)] Adding CT log: Cloudflare 'Nimbus2021' Log
[145:148:1105/170135.267987:VERBOSE1:multi_log_ct_verifier.cc(75)] Adding CT log: DigiCert Log Server
[145:148:1105/170135.267994:VERBOSE1:multi_log_ct_verifier.cc(75)] Adding CT log: DigiCert Log Server 2
[145:148:1105/170135.268001:VERBOSE1:multi_log_ct_verifier.cc(75)] Adding CT log: DigiCert Yeti2018 Log
[145:148:1105/170135.268009:VERBOSE1:multi_log_ct_verifier.cc(75)] Adding CT log: DigiCert Yeti2019 Log
[145:148:1105/170135.268017:VERBOSE1:multi_log_ct_verifier.cc(75)] Adding CT log: DigiCert Yeti2020 Log
[145:148:1105/170135.268025:VERBOSE1:multi_log_ct_verifier.cc(75)] Adding CT log: DigiCert Yeti2021 Log
[145:148:1105/170135.268034:VERBOSE1:multi_log_ct_verifier.cc(75)] Adding CT log: DigiCert Yeti2022 Log
[145:148:1105/170135.268042:VERBOSE1:multi_log_ct_verifier.cc(75)] Adding CT log: Symantec log
[145:148:1105/170135.268050:VERBOSE1:multi_log_ct_verifier.cc(75)] Adding CT log: Symantec 'Vega' log
[145:148:1105/170135.268058:VERBOSE1:multi_log_ct_verifier.cc(75)] Adding CT log: Symantec 'Sirius' log
[145:148:1105/170135.268066:VERBOSE1:multi_log_ct_verifier.cc(75)] Adding CT log: Venafi Gen2 CT log
[145:148:1105/170135.268075:VERBOSE1:multi_log_ct_verifier.cc(75)] Adding CT log: CNNIC CT log
[145:148:1105/170135.268084:VERBOSE1:multi_log_ct_verifier.cc(75)] Adding CT log: Comodo 'Sabre' CT log
[145:148:1105/170135.268092:VERBOSE1:multi_log_ct_verifier.cc(75)] Adding CT log: Comodo 'Mammoth' CT log
[145:148:1105/170135.268100:VERBOSE1:multi_log_ct_verifier.cc(75)] Adding CT log: StartCom log
[145:148:1105/170135.268108:VERBOSE1:multi_log_ct_verifier.cc(75)] Adding CT log: WoSign log
[145:148:1105/170135.268116:VERBOSE1:multi_log_ct_verifier.cc(75)] Adding CT log: Izenpe log
[145:148:1105/170135.268124:VERBOSE1:multi_log_ct_verifier.cc(75)] Adding CT log: Venafi log
[145:148:1105/170135.268133:VERBOSE1:multi_log_ct_verifier.cc(75)] Adding CT log: Certly.IO log
[145:148:1105/170135.268197:VERBOSE1:proxy_resolution_service.cc(1022)] PAC support disabled because there is no system implementation
[145:145:1105/170135.279349:VERBOSE1:pulse_stubs.cc(683)] dlopen(libpulse.so.0) failed, dlerror() says:
libpulse.so.0: cannot open shared object file: No such file or directory
[145:145:1105/170135.279379:VERBOSE1:pulse_util.cc(105)] Failed on loading the Pulse library and symbols
[145:145:1105/170135.290719:VERBOSE1:mutable_profile_oauth2_token_service_delegate.cc(347)] MutablePO2TS::MutablePO2TS
[145:145:1105/170135.290788:VERBOSE1:device_event_log_impl.cc(161)] [17:01:35.290] Bluetooth: EVENT: bluetooth_api.cc:72 BluetoothAPI: 0x1ed1fc35e000
[145:145:1105/170135.290955:VERBOSE1:bluetooth_low_energy_event_router.cc(248)] Initializing BluetoothLowEnergyEventRouter.
[145:145:1105/170135.291653:VERBOSE1:dns_sd_registry.cc(158)] RegisterDnsSdListener: _googlecast._tcp.local, registered: 0
[145:145:1105/170135.291669:VERBOSE1:service_discovery_device_lister.cc(40)] DeviceListerStart: service_type: _googlecast._tcp.local
[145:145:1105/170135.291676:VERBOSE1:dns_sd_device_lister.cc(46)] Started device lister for service type _googlecast._tcp.local
[145:145:1105/170135.291681:VERBOSE1:service_discovery_device_lister.cc(46)] DiscoverNewDevices: service_type: _googlecast._tcp.local
[145:145:1105/170135.291685:VERBOSE1:dns_sd_device_lister.cc(50)] Discovery new devices for service type _googlecast._tcp.local
[145:145:1105/170135.291690:VERBOSE1:dns_sd_registry.cc(249)] DispatchApiEvent: service_type: _googlecast._tcp.local
[145:145:1105/170135.326722:VERBOSE1:pref_proxy_config_tracker_impl.cc(184)] 0x1ed1fc5e2dc0: set chrome proxy config service to 0x1ed1fc49d300
[145:145:1105/170135.326761:ERROR:default_network_context_params.cc(60)] Cannot use V8 Proxy resolver in single process mode.
[145:148:1105/170135.327892:VERBOSE1:multi_log_ct_verifier.cc(75)] Adding CT log: Google 'Argon2018' log
[145:148:1105/170135.327910:VERBOSE1:multi_log_ct_verifier.cc(75)] Adding CT log: Google 'Argon2019' log
[145:148:1105/170135.327919:VERBOSE1:multi_log_ct_verifier.cc(75)] Adding CT log: Google 'Argon2020' log
[145:148:1105/170135.327928:VERBOSE1:multi_log_ct_verifier.cc(75)] Adding CT log: Google 'Argon2021' log
[145:148:1105/170135.327936:VERBOSE1:multi_log_ct_verifier.cc(75)] Adding CT log: Google 'Aviator' log
[145:148:1105/170135.327945:VERBOSE1:multi_log_ct_verifier.cc(75)] Adding CT log: Google 'Icarus' log
[145:148:1105/170135.327953:VERBOSE1:multi_log_ct_verifier.cc(75)] Adding CT log: Google 'Pilot' log
[145:148:1105/170135.327960:VERBOSE1:multi_log_ct_verifier.cc(75)] Adding CT log: Google 'Rocketeer' log
[145:148:1105/170135.327968:VERBOSE1:multi_log_ct_verifier.cc(75)] Adding CT log: Google 'Skydiver' log
[145:148:1105/170135.327976:VERBOSE1:multi_log_ct_verifier.cc(75)] Adding CT log: Cloudflare 'Nimbus2018' Log
[145:148:1105/170135.327984:VERBOSE1:multi_log_ct_verifier.cc(75)] Adding CT log: Cloudflare 'Nimbus2019' Log
[145:148:1105/170135.327993:VERBOSE1:multi_log_ct_verifier.cc(75)] Adding CT log: Cloudflare 'Nimbus2020' Log
[145:148:1105/170135.328001:VERBOSE1:multi_log_ct_verifier.cc(75)] Adding CT log: Cloudflare 'Nimbus2021' Log
[145:148:1105/170135.328009:VERBOSE1:multi_log_ct_verifier.cc(75)] Adding CT log: DigiCert Log Server
[145:148:1105/170135.328016:VERBOSE1:multi_log_ct_verifier.cc(75)] Adding CT log: DigiCert Log Server 2
[145:148:1105/170135.328024:VERBOSE1:multi_log_ct_verifier.cc(75)] Adding CT log: DigiCert Yeti2018 Log
[145:148:1105/170135.328032:VERBOSE1:multi_log_ct_verifier.cc(75)] Adding CT log: DigiCert Yeti2019 Log
[145:148:1105/170135.328040:VERBOSE1:multi_log_ct_verifier.cc(75)] Adding CT log: DigiCert Yeti2020 Log
[145:148:1105/170135.328048:VERBOSE1:multi_log_ct_verifier.cc(75)] Adding CT log: DigiCert Yeti2021 Log
[145:148:1105/170135.328056:VERBOSE1:multi_log_ct_verifier.cc(75)] Adding CT log: DigiCert Yeti2022 Log
[145:148:1105/170135.328064:VERBOSE1:multi_log_ct_verifier.cc(75)] Adding CT log: Symantec log
[145:148:1105/170135.328073:VERBOSE1:multi_log_ct_verifier.cc(75)] Adding CT log: Symantec 'Vega' log
[145:148:1105/170135.328081:VERBOSE1:multi_log_ct_verifier.cc(75)] Adding CT log: Symantec 'Sirius' log
[145:148:1105/170135.328095:VERBOSE1:multi_log_ct_verifier.cc(75)] Adding CT log: Venafi Gen2 CT log
[145:148:1105/170135.328104:VERBOSE1:multi_log_ct_verifier.cc(75)] Adding CT log: CNNIC CT log
[145:148:1105/170135.328112:VERBOSE1:multi_log_ct_verifier.cc(75)] Adding CT log: Comodo 'Sabre' CT log
[145:148:1105/170135.328120:VERBOSE1:multi_log_ct_verifier.cc(75)] Adding CT log: Comodo 'Mammoth' CT log
[145:148:1105/170135.328128:VERBOSE1:multi_log_ct_verifier.cc(75)] Adding CT log: StartCom log
[145:148:1105/170135.328136:VERBOSE1:multi_log_ct_verifier.cc(75)] Adding CT log: WoSign log
[145:148:1105/170135.328145:VERBOSE1:multi_log_ct_verifier.cc(75)] Adding CT log: Izenpe log
[145:148:1105/170135.328153:VERBOSE1:multi_log_ct_verifier.cc(75)] Adding CT log: Venafi log
[145:148:1105/170135.328161:VERBOSE1:multi_log_ct_verifier.cc(75)] Adding CT log: Certly.IO log
[145:148:1105/170135.328184:VERBOSE1:proxy_resolution_service.cc(1022)] PAC support disabled because there is no system implementation
[145:145:1105/170135.329194:VERBOSE1:extension_service.cc(1254)] AddComponentExtension Cloud Print
[145:145:1105/170135.329207:VERBOSE1:extension_service.cc(1256)] Component extension Cloud Print (mfehgcgbbipciphmccgaenjidiccnmng) installing/upgrading from '' to 0.1
[145:145:1105/170135.329605:VERBOSE1:extension_service.cc(1254)] AddComponentExtension Web Store
[145:145:1105/170135.329617:VERBOSE1:extension_service.cc(1256)] Component extension Web Store (ahfgeienlihckogmohjhadlkjgocpleb) installing/upgrading from '' to 0.2
[145:145:1105/170135.329950:VERBOSE1:extension_service.cc(1254)] AddComponentExtension Chromium PDF Viewer
[145:145:1105/170135.329962:VERBOSE1:extension_service.cc(1256)] Component extension Chromium PDF Viewer (mhjfbmdgcfjbbpaeojofohoefgiehjai) installing/upgrading from '' to 1
[145:145:1105/170135.331292:VERBOSE1:account_reconcilor.cc(101)] AccountReconcilor::AccountReconcilor
[145:145:1105/170135.331305:VERBOSE1:account_reconcilor.cc(115)] AccountReconcilor::Initialize
[145:145:1105/170135.334129:VERBOSE1:file_type_policies_component_installer.cc(134)] Registering File Type Policies component.
[145:145:1105/170135.344292:WARNING:browser_main_loop.cc(271)] GLib-GObject: g_object_get_valist: object class 'GtkSettings' has no property named 'gtk-application-prefer-dark-theme'
[145:145:1105/170135.353928:WARNING:password_store_factory.cc(250)] Using basic (unencrypted) store for password storage. See https://chromium.googlesource.com/chromium/src/+/master/docs/linux_password_storage.md for more information about password storage options.
[145:148:1105/170135.369987:VERBOSE1:network_delegate.cc(30)] NetworkDelegate::NotifyBeforeURLRequest: data:,
[145:148:1105/170135.370004:VERBOSE1:network_delegate.cc(30)] NetworkDelegate::NotifyBeforeURLRequest: data:,
[145:148:1105/170135.370019:VERBOSE1:network_delegate.cc(30)] NetworkDelegate::NotifyBeforeURLRequest: data:,
[145:178:1105/170135.403836:ERROR:bus.cc(394)] Failed to connect to the bus: Address does not contain a colon
[145:145:1105/170135.404811:VERBOSE1:bluez_dbus_manager.cc(174)] Bluetooth not supported.
[145:145:1105/170135.405316:VERBOSE1:gaia_cookie_manager_service.cc(787)] GaiaCookieManagerService::ListAccounts
[145:148:1105/170135.405388:VERBOSE1:network_delegate.cc(30)] NetworkDelegate::NotifyBeforeURLRequest: https://accounts.google.com/ListAccounts?gpsia=1&source=durations_metrics,counter:0,load_time_ms:114&json=standard
[145:148:1105/170135.405404:VERBOSE1:network_delegate.cc(30)] NetworkDelegate::NotifyBeforeURLRequest: https://accounts.google.com/ListAccounts?gpsia=1&source=durations_metrics,counter:0,load_time_ms:114&json=standard
[145:148:1105/170135.405418:VERBOSE1:network_delegate.cc(30)] NetworkDelegate::NotifyBeforeURLRequest: https://accounts.google.com/ListAccounts?gpsia=1&source=durations_metrics,counter:0,load_time_ms:114&json=standard
[145:148:1105/170135.405912:VERBOSE1:mdns_client_impl.cc(160)] Sockets ready:2
[145:181:1105/170135.407319:WARNING:histograms.cc(40)] Started multiple compositor clients (Browser, Renderer) in one process. Some metrics will be disabled.
[145:148:1105/170135.447743:VERBOSE1:network_delegate.cc(30)] NetworkDelegate::NotifyBeforeURLRequest: chrome-extension://aapnijgdinlhnhlmodcfapnahmbfebeb/_generated_background_page.html
[145:148:1105/170135.447762:VERBOSE1:network_delegate.cc(30)] NetworkDelegate::NotifyBeforeURLRequest: chrome-extension://aapnijgdinlhnhlmodcfapnahmbfebeb/_generated_background_page.html
[145:148:1105/170135.447773:VERBOSE1:network_delegate.cc(30)] NetworkDelegate::NotifyBeforeURLRequest: chrome-extension://aapnijgdinlhnhlmodcfapnahmbfebeb/_generated_background_page.html
[145:182:1105/170135.484333:ERROR:gles2_command_buffer_stub.cc(129)] ContextResult::kFatalFailure: Failed to create default offscreen surface.
[145:148:1105/170135.508116:VERBOSE1:network_delegate.cc(30)] NetworkDelegate::NotifyBeforeURLRequest: chrome-extension://aapnijgdinlhnhlmodcfapnahmbfebeb/background.js
[145:148:1105/170135.508135:VERBOSE1:network_delegate.cc(30)] NetworkDelegate::NotifyBeforeURLRequest: chrome-extension://aapnijgdinlhnhlmodcfapnahmbfebeb/background.js
[145:148:1105/170135.508146:VERBOSE1:network_delegate.cc(30)] NetworkDelegate::NotifyBeforeURLRequest: chrome-extension://aapnijgdinlhnhlmodcfapnahmbfebeb/background.js
[145:181:1105/170135.525095:VERBOSE1:v8_context_snapshot.cc(139)] A context is created from snapshot for main world
[145:181:1105/170135.525200:VERBOSE1:script_context.cc(91)] Created context:
  extension id:           aapnijgdinlhnhlmodcfapnahmbfebeb
  frame:                  0x6d4e22f1408
  URL:                    
  context_type:           BLESSED_EXTENSION
  effective extension id: aapnijgdinlhnhlmodcfapnahmbfebeb
  effective context type: BLESSED_EXTENSION
[145:181:1105/170135.526012:VERBOSE1:script_context.cc(91)] Created context:
  extension id:           (none)
  frame:                  (nil)
  URL:                    
  context_type:           UNSPECIFIED
  effective extension id: (none)
  effective context type: UNSPECIFIED
[145:163:1105/170135.563849:VERBOSE1:component_installer.cc(252)] StartRegistration for Subresource Filter Rules
[145:163:1105/170135.564058:VERBOSE1:component_installer.cc(252)] StartRegistration for CRLSet
[145:163:1105/170135.564193:VERBOSE1:component_installer.cc(252)] StartRegistration for Signed Tree Heads
[145:163:1105/170135.564488:VERBOSE1:component_installer.cc(252)] StartRegistration for Origin Trials
[145:163:1105/170135.564612:VERBOSE1:component_installer.cc(252)] StartRegistration for File Type Policies
[145:163:1105/170135.564727:VERBOSE1:component_installer.cc(252)] StartRegistration for SSL Error Assistant
[145:145:1105/170135.564948:VERBOSE1:component_installer.cc(396)] FinishRegistration for Subresource Filter Rules
[145:145:1105/170135.564979:VERBOSE1:component_updater_service.cc(88)] CrxUpdateService starting up. First update attempt will take place in 360 seconds. Next update attempt will take place in 18000 seconds. 
[145:145:1105/170135.565007:VERBOSE1:component_installer.cc(396)] FinishRegistration for CRLSet
[145:145:1105/170135.565020:VERBOSE1:component_installer.cc(396)] FinishRegistration for Signed Tree Heads
[145:145:1105/170135.565032:VERBOSE1:component_installer.cc(396)] FinishRegistration for Origin Trials
[145:145:1105/170135.565042:VERBOSE1:component_installer.cc(396)] FinishRegistration for File Type Policies
[145:163:1105/170135.565442:VERBOSE1:component_installer.cc(252)] StartRegistration for MEI Preload
[145:145:1105/170135.566455:VERBOSE1:component_installer.cc(396)] FinishRegistration for SSL Error Assistant
[145:145:1105/170135.566488:VERBOSE1:component_installer.cc(396)] FinishRegistration for MEI Preload
[145:148:1105/170135.589086:VERBOSE1:network_delegate.cc(30)] NetworkDelegate::NotifyBeforeURLRequest: https://www.gstatic.com/chrome/intelligence/assist/ranker/models/translate/translate_ranker_20180123.model
[145:148:1105/170135.589233:VERBOSE1:network_delegate.cc(30)] NetworkDelegate::NotifyBeforeURLRequest: https://www.gstatic.com/chrome/intelligence/assist/ranker/models/translate/translate_ranker_20180123.model
[145:181:1105/170135.606876:VERBOSE1:dispatcher.cc(360)] Num tracked contexts: 1
[145:181:1105/170135.608805:VERBOSE1:language_detection_util.cc(129)] Detected language: und
[145:181:1105/170135.626169:VERBOSE1:v8_context_snapshot.cc(139)] A context is created from snapshot for main world
[145:181:1105/170135.626259:VERBOSE1:script_context.cc(91)] Created context:
  extension id:           (none)
  frame:                  0x6d4e22e1c28
  URL:                    
  context_type:           WEB_PAGE
  effective extension id: (none)
  effective context type: WEB_PAGE
[145:181:1105/170135.626331:VERBOSE1:script_context.cc(91)] Created context:
  extension id:           (none)
  frame:                  (nil)
  URL:                    
  context_type:           UNSPECIFIED
  effective extension id: (none)
  effective context type: UNSPECIFIED
[145:181:1105/170135.627637:VERBOSE1:dispatcher.cc(360)] Num tracked contexts: 2
[145:168:1105/170135.687837:VERBOSE1:simple_index_file.cc(586)] Simple Cache Index is being restored from disk.
[145:181:1105/170136.230423:VERBOSE1:v8_context_snapshot.cc(139)] A context is created from snapshot for main world
[145:181:1105/170136.230538:VERBOSE1:script_context.cc(91)] Created context:
  extension id:           (none)
  frame:                  0x6d4e22fc3c0
  URL:                    
  context_type:           WEB_PAGE
  effective extension id: (none)
  effective context type: WEB_PAGE
[145:181:1105/170136.230623:VERBOSE1:script_context.cc(91)] Created context:
  extension id:           (none)
  frame:                  (nil)
  URL:                    
  context_type:           UNSPECIFIED
  effective extension id: (none)
  effective context type: UNSPECIFIED
[145:181:1105/170136.243944:VERBOSE1:dispatcher.cc(360)] Num tracked contexts: 3
[145:181:1105/170136.271318:VERBOSE1:dispatcher.cc(498)] Num tracked contexts: 2
[145:181:1105/170136.271812:VERBOSE1:script_context.cc(98)] Destroyed context for extension
  extension id: 
  effective extension id: 
[145:181:1105/170136.271832:VERBOSE1:script_context.cc(98)] Destroyed context for extension
  extension id: 
  effective extension id: 
[145:148:1105/170136.285205:VERBOSE1:network_delegate.cc(30)] NetworkDelegate::NotifyBeforeURLRequest: data:/,
[145:148:1105/170136.285224:VERBOSE1:network_delegate.cc(30)] NetworkDelegate::NotifyBeforeURLRequest: data:/,
[145:148:1105/170136.285237:VERBOSE1:network_delegate.cc(30)] NetworkDelegate::NotifyBeforeURLRequest: data:/,
[145:181:1105/170136.304977:VERBOSE1:dispatcher.cc(498)] Num tracked contexts: 1
[145:181:1105/170136.324220:VERBOSE1:v8_context_snapshot.cc(139)] A context is created from snapshot for main world
[145:181:1105/170136.324308:VERBOSE1:script_context.cc(91)] Created context:
  extension id:           (none)
  frame:                  0x6d4e22e1c28
  URL:                    
  context_type:           WEB_PAGE
  effective extension id: (none)
  effective context type: WEB_PAGE
[145:181:1105/170136.324384:VERBOSE1:script_context.cc(91)] Created context:
  extension id:           (none)
  frame:                  (nil)
  URL:                    
  context_type:           UNSPECIFIED
  effective extension id: (none)
  effective context type: UNSPECIFIED
[145:181:1105/170136.325333:VERBOSE1:dispatcher.cc(360)] Num tracked contexts: 2
[145:181:1105/170136.327386:VERBOSE1:script_context.cc(98)] Destroyed context for extension
  extension id: 
  effective extension id: 
[145:181:1105/170136.327412:VERBOSE1:script_context.cc(98)] Destroyed context for extension
  extension id: 
  effective extension id: 
[145:181:1105/170136.328326:VERBOSE1:thread_state.cc(1430)] [state:0x5597bc447ae0] CollectGarbage: time: 0.81ms stack: NoHeapPointersOnStack marking: AtomicMarking sweeping: LazySweeping reason: IdleGC
[145:145:1105/170136.344407:VERBOSE1:gaia_cookie_manager_service.cc(650)] ListAccounts successful
[145:145:1105/170136.344430:VERBOSE1:gaia_cookie_manager_service.cc(796)] GaiaCookieManagerService::HandleNextRequest
[145:145:1105/170136.344446:VERBOSE1:gaia_cookie_manager_service.cc(812)] GaiaCookieManagerService::HandleNextRequest: no more
[145:181:1105/170136.344451:VERBOSE1:language_detection_util.cc(129)] Detected language: und
[145:181:1105/170136.345512:VERBOSE1:thread_state.cc(1024)] [state:0x5597bc447ae0] PostSweep: collection_rate: 37%
