[143:143:1102/212006.023169:VERBOSE1:breakpad_linux.cc(1977)] Breakpad disabled
[143:155:1102/212006.626612:ERROR:bus.cc(394)] Failed to connect to the bus: Failed to connect to socket /var/run/dbus/system_bus_socket: No such file or directory
[143:143:1102/212006.626665:VERBOSE1:webrtc_event_log_manager.cc(390)] WebRTC remote-bound event logging disabled.
[143:143:1102/212006.626784:VERBOSE1:pref_proxy_config_tracker_impl.cc(184)] 0x126be1775580: set chrome proxy config service to 0x126be1921780
[143:143:1102/212006.626912:ERROR:default_network_context_params.cc(60)] Cannot use V8 Proxy resolver in single process mode.
[143:146:1102/212006.629830:VERBOSE1:multi_log_ct_verifier.cc(75)] Adding CT log: Google 'Argon2018' log
[143:146:1102/212006.629846:VERBOSE1:multi_log_ct_verifier.cc(75)] Adding CT log: Google 'Argon2019' log
[143:146:1102/212006.629852:VERBOSE1:multi_log_ct_verifier.cc(75)] Adding CT log: Google 'Argon2020' log
[143:146:1102/212006.629858:VERBOSE1:multi_log_ct_verifier.cc(75)] Adding CT log: Google 'Argon2021' log
[143:146:1102/212006.629863:VERBOSE1:multi_log_ct_verifier.cc(75)] Adding CT log: Google 'Aviator' log
[143:146:1102/212006.629869:VERBOSE1:multi_log_ct_verifier.cc(75)] Adding CT log: Google 'Icarus' log
[143:146:1102/212006.632332:VERBOSE1:multi_log_ct_verifier.cc(75)] Adding CT log: Google 'Pilot' log
[143:146:1102/212006.632343:VERBOSE1:multi_log_ct_verifier.cc(75)] Adding CT log: Google 'Rocketeer' log
[143:146:1102/212006.632349:VERBOSE1:multi_log_ct_verifier.cc(75)] Adding CT log: Google 'Skydiver' log
[143:146:1102/212006.632359:VERBOSE1:multi_log_ct_verifier.cc(75)] Adding CT log: Cloudflare 'Nimbus2018' Log
[143:146:1102/212006.632365:VERBOSE1:multi_log_ct_verifier.cc(75)] Adding CT log: Cloudflare 'Nimbus2019' Log
[143:146:1102/212006.632371:VERBOSE1:multi_log_ct_verifier.cc(75)] Adding CT log: Cloudflare 'Nimbus2020' Log
[143:146:1102/212006.632377:VERBOSE1:multi_log_ct_verifier.cc(75)] Adding CT log: Cloudflare 'Nimbus2021' Log
[143:146:1102/212006.632382:VERBOSE1:multi_log_ct_verifier.cc(75)] Adding CT log: DigiCert Log Server
[143:146:1102/212006.632387:VERBOSE1:multi_log_ct_verifier.cc(75)] Adding CT log: DigiCert Log Server 2
[143:146:1102/212006.632393:VERBOSE1:multi_log_ct_verifier.cc(75)] Adding CT log: DigiCert Yeti2018 Log
[143:146:1102/212006.632398:VERBOSE1:multi_log_ct_verifier.cc(75)] Adding CT log: DigiCert Yeti2019 Log
[143:146:1102/212006.632403:VERBOSE1:multi_log_ct_verifier.cc(75)] Adding CT log: DigiCert Yeti2020 Log
[143:146:1102/212006.632409:VERBOSE1:multi_log_ct_verifier.cc(75)] Adding CT log: DigiCert Yeti2021 Log
[143:146:1102/212006.632414:VERBOSE1:multi_log_ct_verifier.cc(75)] Adding CT log: DigiCert Yeti2022 Log
[143:146:1102/212006.632419:VERBOSE1:multi_log_ct_verifier.cc(75)] Adding CT log: Symantec log
[143:146:1102/212006.632424:VERBOSE1:multi_log_ct_verifier.cc(75)] Adding CT log: Symantec 'Vega' log
[143:146:1102/212006.632429:VERBOSE1:multi_log_ct_verifier.cc(75)] Adding CT log: Symantec 'Sirius' log
[143:146:1102/212006.632434:VERBOSE1:multi_log_ct_verifier.cc(75)] Adding CT log: Venafi Gen2 CT log
[143:146:1102/212006.632440:VERBOSE1:multi_log_ct_verifier.cc(75)] Adding CT log: CNNIC CT log
[143:146:1102/212006.632445:VERBOSE1:multi_log_ct_verifier.cc(75)] Adding CT log: Comodo 'Sabre' CT log
[143:146:1102/212006.632450:VERBOSE1:multi_log_ct_verifier.cc(75)] Adding CT log: Comodo 'Mammoth' CT log
[143:146:1102/212006.632456:VERBOSE1:multi_log_ct_verifier.cc(75)] Adding CT log: StartCom log
[143:146:1102/212006.632461:VERBOSE1:multi_log_ct_verifier.cc(75)] Adding CT log: WoSign log
[143:146:1102/212006.632466:VERBOSE1:multi_log_ct_verifier.cc(75)] Adding CT log: Izenpe log
[143:146:1102/212006.632471:VERBOSE1:multi_log_ct_verifier.cc(75)] Adding CT log: Venafi log
[143:146:1102/212006.632477:VERBOSE1:multi_log_ct_verifier.cc(75)] Adding CT log: Certly.IO log
[143:146:1102/212006.632556:VERBOSE1:proxy_resolution_service.cc(1022)] PAC support disabled because there is no system implementation
[143:143:1102/212006.644334:ERROR:gpu_process_transport_factory.cc(1016)] Lost UI shared context.
[143:143:1102/212006.644682:VERBOSE1:pulse_stubs.cc(683)] dlopen(libpulse.so.0) failed, dlerror() says:
libpulse.so.0: cannot open shared object file: No such file or directory
[143:143:1102/212006.644721:VERBOSE1:pulse_util.cc(105)] Failed on loading the Pulse library and symbols
[143:143:1102/212006.653435:VERBOSE1:mutable_profile_oauth2_token_service_delegate.cc(347)] MutablePO2TS::MutablePO2TS
[143:143:1102/212006.653515:VERBOSE1:device_event_log_impl.cc(161)] [21:20:06.653] Bluetooth: EVENT: bluetooth_api.cc:72 BluetoothAPI: 0x126be188d000
[143:143:1102/212006.653706:VERBOSE1:bluetooth_low_energy_event_router.cc(248)] Initializing BluetoothLowEnergyEventRouter.
[143:143:1102/212006.654992:VERBOSE1:dns_sd_registry.cc(158)] RegisterDnsSdListener: _googlecast._tcp.local, registered: 0
[143:143:1102/212006.655008:VERBOSE1:service_discovery_device_lister.cc(40)] DeviceListerStart: service_type: _googlecast._tcp.local
[143:143:1102/212006.655019:VERBOSE1:dns_sd_device_lister.cc(46)] Started device lister for service type _googlecast._tcp.local
[143:143:1102/212006.655026:VERBOSE1:service_discovery_device_lister.cc(46)] DiscoverNewDevices: service_type: _googlecast._tcp.local
[143:143:1102/212006.655031:VERBOSE1:dns_sd_device_lister.cc(50)] Discovery new devices for service type _googlecast._tcp.local
[143:143:1102/212006.655042:VERBOSE1:dns_sd_registry.cc(249)] DispatchApiEvent: service_type: _googlecast._tcp.local
[143:143:1102/212006.674868:VERBOSE1:pref_proxy_config_tracker_impl.cc(184)] 0x126be19b9b80: set chrome proxy config service to 0x126be1961300
[143:143:1102/212006.674914:ERROR:default_network_context_params.cc(60)] Cannot use V8 Proxy resolver in single process mode.
[143:146:1102/212006.676583:VERBOSE1:multi_log_ct_verifier.cc(75)] Adding CT log: Google 'Argon2018' log
[143:146:1102/212006.676601:VERBOSE1:multi_log_ct_verifier.cc(75)] Adding CT log: Google 'Argon2019' log
[143:146:1102/212006.676607:VERBOSE1:multi_log_ct_verifier.cc(75)] Adding CT log: Google 'Argon2020' log
[143:146:1102/212006.676613:VERBOSE1:multi_log_ct_verifier.cc(75)] Adding CT log: Google 'Argon2021' log
[143:146:1102/212006.676618:VERBOSE1:multi_log_ct_verifier.cc(75)] Adding CT log: Google 'Aviator' log
[143:146:1102/212006.676623:VERBOSE1:multi_log_ct_verifier.cc(75)] Adding CT log: Google 'Icarus' log
[143:146:1102/212006.676629:VERBOSE1:multi_log_ct_verifier.cc(75)] Adding CT log: Google 'Pilot' log
[143:146:1102/212006.676634:VERBOSE1:multi_log_ct_verifier.cc(75)] Adding CT log: Google 'Rocketeer' log
[143:146:1102/212006.676639:VERBOSE1:multi_log_ct_verifier.cc(75)] Adding CT log: Google 'Skydiver' log
[143:146:1102/212006.676644:VERBOSE1:multi_log_ct_verifier.cc(75)] Adding CT log: Cloudflare 'Nimbus2018' Log
[143:146:1102/212006.676650:VERBOSE1:multi_log_ct_verifier.cc(75)] Adding CT log: Cloudflare 'Nimbus2019' Log
[143:146:1102/212006.676655:VERBOSE1:multi_log_ct_verifier.cc(75)] Adding CT log: Cloudflare 'Nimbus2020' Log
[143:146:1102/212006.676660:VERBOSE1:multi_log_ct_verifier.cc(75)] Adding CT log: Cloudflare 'Nimbus2021' Log
[143:146:1102/212006.676665:VERBOSE1:multi_log_ct_verifier.cc(75)] Adding CT log: DigiCert Log Server
[143:146:1102/212006.676670:VERBOSE1:multi_log_ct_verifier.cc(75)] Adding CT log: DigiCert Log Server 2
[143:146:1102/212006.676675:VERBOSE1:multi_log_ct_verifier.cc(75)] Adding CT log: DigiCert Yeti2018 Log
[143:146:1102/212006.676681:VERBOSE1:multi_log_ct_verifier.cc(75)] Adding CT log: DigiCert Yeti2019 Log
[143:146:1102/212006.676686:VERBOSE1:multi_log_ct_verifier.cc(75)] Adding CT log: DigiCert Yeti2020 Log
[143:146:1102/212006.676691:VERBOSE1:multi_log_ct_verifier.cc(75)] Adding CT log: DigiCert Yeti2021 Log
[143:146:1102/212006.676696:VERBOSE1:multi_log_ct_verifier.cc(75)] Adding CT log: DigiCert Yeti2022 Log
[143:146:1102/212006.676702:VERBOSE1:multi_log_ct_verifier.cc(75)] Adding CT log: Symantec log
[143:146:1102/212006.676707:VERBOSE1:multi_log_ct_verifier.cc(75)] Adding CT log: Symantec 'Vega' log
[143:146:1102/212006.676712:VERBOSE1:multi_log_ct_verifier.cc(75)] Adding CT log: Symantec 'Sirius' log
[143:146:1102/212006.676723:VERBOSE1:multi_log_ct_verifier.cc(75)] Adding CT log: Venafi Gen2 CT log
[143:146:1102/212006.676729:VERBOSE1:multi_log_ct_verifier.cc(75)] Adding CT log: CNNIC CT log
[143:146:1102/212006.676738:VERBOSE1:multi_log_ct_verifier.cc(75)] Adding CT log: Comodo 'Sabre' CT log
[143:146:1102/212006.676743:VERBOSE1:multi_log_ct_verifier.cc(75)] Adding CT log: Comodo 'Mammoth' CT log
[143:146:1102/212006.676749:VERBOSE1:multi_log_ct_verifier.cc(75)] Adding CT log: StartCom log
[143:146:1102/212006.676755:VERBOSE1:multi_log_ct_verifier.cc(75)] Adding CT log: WoSign log
[143:146:1102/212006.676760:VERBOSE1:multi_log_ct_verifier.cc(75)] Adding CT log: Izenpe log
[143:146:1102/212006.676765:VERBOSE1:multi_log_ct_verifier.cc(75)] Adding CT log: Venafi log
[143:146:1102/212006.676770:VERBOSE1:multi_log_ct_verifier.cc(75)] Adding CT log: Certly.IO log
[143:146:1102/212006.676786:VERBOSE1:proxy_resolution_service.cc(1022)] PAC support disabled because there is no system implementation
[143:143:1102/212006.677757:VERBOSE1:extension_service.cc(1254)] AddComponentExtension Cloud Print
[143:143:1102/212006.677771:VERBOSE1:extension_service.cc(1256)] Component extension Cloud Print (mfehgcgbbipciphmccgaenjidiccnmng) installing/upgrading from '' to 0.1
[143:143:1102/212006.678169:VERBOSE1:extension_service.cc(1254)] AddComponentExtension Web Store
[143:143:1102/212006.678181:VERBOSE1:extension_service.cc(1256)] Component extension Web Store (ahfgeienlihckogmohjhadlkjgocpleb) installing/upgrading from '' to 0.2
[143:143:1102/212006.678579:VERBOSE1:extension_service.cc(1254)] AddComponentExtension Chromium PDF Viewer
[143:143:1102/212006.678591:VERBOSE1:extension_service.cc(1256)] Component extension Chromium PDF Viewer (mhjfbmdgcfjbbpaeojofohoefgiehjai) installing/upgrading from '' to 1
[143:143:1102/212006.680038:VERBOSE1:account_reconcilor.cc(101)] AccountReconcilor::AccountReconcilor
[143:143:1102/212006.680052:VERBOSE1:account_reconcilor.cc(115)] AccountReconcilor::Initialize
[143:143:1102/212006.687071:VERBOSE1:file_type_policies_component_installer.cc(134)] Registering File Type Policies component.
[143:143:1102/212006.688316:WARNING:browser_main_loop.cc(271)] GLib-GObject: g_object_get_valist: object class 'GtkSettings' has no property named 'gtk-application-prefer-dark-theme'
[143:143:1102/212006.703131:WARNING:password_store_factory.cc(250)] Using basic (unencrypted) store for password storage. See https://chromium.googlesource.com/chromium/src/+/master/docs/linux_password_storage.md for more information about password storage options.
[143:146:1102/212006.722500:VERBOSE1:network_delegate.cc(30)] NetworkDelegate::NotifyBeforeURLRequest: data:,
[143:146:1102/212006.722528:VERBOSE1:network_delegate.cc(30)] NetworkDelegate::NotifyBeforeURLRequest: data:,
[143:146:1102/212006.722539:VERBOSE1:network_delegate.cc(30)] NetworkDelegate::NotifyBeforeURLRequest: data:,
[143:181:1102/212006.724629:WARNING:histograms.cc(40)] Started multiple compositor clients (Browser, Renderer) in one process. Some metrics will be disabled.
[143:143:1102/212006.746064:VERBOSE1:bluez_dbus_manager.cc(174)] Bluetooth not supported.
[143:146:1102/212006.753780:VERBOSE1:mdns_client_impl.cc(160)] Sockets ready:2
[143:143:1102/212006.753905:VERBOSE1:gaia_cookie_manager_service.cc(787)] GaiaCookieManagerService::ListAccounts
[143:146:1102/212006.753970:VERBOSE1:network_delegate.cc(30)] NetworkDelegate::NotifyBeforeURLRequest: https://accounts.google.com/ListAccounts?gpsia=1&source=durations_metrics,counter:0,load_time_ms:100&json=standard
[143:146:1102/212006.753980:VERBOSE1:network_delegate.cc(30)] NetworkDelegate::NotifyBeforeURLRequest: https://accounts.google.com/ListAccounts?gpsia=1&source=durations_metrics,counter:0,load_time_ms:100&json=standard
[143:146:1102/212006.753993:VERBOSE1:network_delegate.cc(30)] NetworkDelegate::NotifyBeforeURLRequest: https://accounts.google.com/ListAccounts?gpsia=1&source=durations_metrics,counter:0,load_time_ms:100&json=standard
[143:146:1102/212006.773743:VERBOSE1:network_delegate.cc(30)] NetworkDelegate::NotifyBeforeURLRequest: chrome-extension://aapnijgdinlhnhlmodcfapnahmbfebeb/_generated_background_page.html
[143:146:1102/212006.773799:VERBOSE1:network_delegate.cc(30)] NetworkDelegate::NotifyBeforeURLRequest: chrome-extension://aapnijgdinlhnhlmodcfapnahmbfebeb/_generated_background_page.html
[143:146:1102/212006.773809:VERBOSE1:network_delegate.cc(30)] NetworkDelegate::NotifyBeforeURLRequest: chrome-extension://aapnijgdinlhnhlmodcfapnahmbfebeb/_generated_background_page.html
[143:179:1102/212006.780024:ERROR:gles2_command_buffer_stub.cc(129)] ContextResult::kFatalFailure: Failed to create default offscreen surface.
[143:181:1102/212006.798171:VERBOSE1:language_detection_util.cc(129)] Detected language: und
[143:181:1102/212006.803703:VERBOSE1:v8_context_snapshot.cc(139)] A context is created from snapshot for main world
[143:181:1102/212006.803793:VERBOSE1:script_context.cc(91)] Created context:
  extension id:           aapnijgdinlhnhlmodcfapnahmbfebeb
  frame:                  0x396de5e71408
  URL:                    
  context_type:           BLESSED_EXTENSION
  effective extension id: aapnijgdinlhnhlmodcfapnahmbfebeb
  effective context type: BLESSED_EXTENSION
[143:181:1102/212006.812465:VERBOSE1:script_context.cc(91)] Created context:
  extension id:           (none)
  frame:                  (nil)
  URL:                    
  context_type:           UNSPECIFIED
  effective extension id: (none)
  effective context type: UNSPECIFIED
[143:146:1102/212006.812906:VERBOSE1:network_delegate.cc(30)] NetworkDelegate::NotifyBeforeURLRequest: chrome-extension://aapnijgdinlhnhlmodcfapnahmbfebeb/background.js
[143:146:1102/212006.812923:VERBOSE1:network_delegate.cc(30)] NetworkDelegate::NotifyBeforeURLRequest: chrome-extension://aapnijgdinlhnhlmodcfapnahmbfebeb/background.js
[143:146:1102/212006.812934:VERBOSE1:network_delegate.cc(30)] NetworkDelegate::NotifyBeforeURLRequest: chrome-extension://aapnijgdinlhnhlmodcfapnahmbfebeb/background.js
[143:181:1102/212006.836639:VERBOSE1:dispatcher.cc(360)] Num tracked contexts: 1
[143:181:1102/212006.839089:VERBOSE1:v8_context_snapshot.cc(139)] A context is created from snapshot for main world
[143:181:1102/212006.839171:VERBOSE1:script_context.cc(91)] Created context:
  extension id:           (none)
  frame:                  0x396de5e61c28
  URL:                    
  context_type:           WEB_PAGE
  effective extension id: (none)
  effective context type: WEB_PAGE
[143:181:1102/212006.839232:VERBOSE1:script_context.cc(91)] Created context:
  extension id:           (none)
  frame:                  (nil)
  URL:                    
  context_type:           UNSPECIFIED
  effective extension id: (none)
  effective context type: UNSPECIFIED
[143:181:1102/212006.839759:VERBOSE1:dispatcher.cc(360)] Num tracked contexts: 2
[143:176:1102/212006.941957:ERROR:bus.cc(394)] Failed to connect to the bus: Address does not contain a colon
[143:162:1102/212006.984805:VERBOSE1:component_installer.cc(252)] StartRegistration for Subresource Filter Rules
[143:162:1102/212006.984934:VERBOSE1:component_installer.cc(252)] StartRegistration for CRLSet
[143:143:1102/212006.984942:VERBOSE1:component_installer.cc(396)] FinishRegistration for Subresource Filter Rules
[143:143:1102/212006.984974:VERBOSE1:component_updater_service.cc(88)] CrxUpdateService starting up. First update attempt will take place in 360 seconds. Next update attempt will take place in 18000 seconds. 
[143:162:1102/212006.985030:VERBOSE1:component_installer.cc(252)] StartRegistration for Signed Tree Heads
[143:143:1102/212006.985042:VERBOSE1:component_installer.cc(396)] FinishRegistration for CRLSet
[143:162:1102/212006.985116:VERBOSE1:component_installer.cc(252)] StartRegistration for Origin Trials
[143:143:1102/212006.985127:VERBOSE1:component_installer.cc(396)] FinishRegistration for Signed Tree Heads
[143:162:1102/212006.985191:VERBOSE1:component_installer.cc(252)] StartRegistration for File Type Policies
[143:143:1102/212006.985202:VERBOSE1:component_installer.cc(396)] FinishRegistration for Origin Trials
[143:162:1102/212006.985266:VERBOSE1:component_installer.cc(252)] StartRegistration for SSL Error Assistant
[143:143:1102/212006.985278:VERBOSE1:component_installer.cc(396)] FinishRegistration for File Type Policies
[143:162:1102/212006.985341:VERBOSE1:component_installer.cc(252)] StartRegistration for MEI Preload
[143:143:1102/212006.985352:VERBOSE1:component_installer.cc(396)] FinishRegistration for SSL Error Assistant
[143:143:1102/212006.985427:VERBOSE1:component_installer.cc(396)] FinishRegistration for MEI Preload
[143:146:1102/212007.001316:VERBOSE1:network_delegate.cc(30)] NetworkDelegate::NotifyBeforeURLRequest: https://www.gstatic.com/chrome/intelligence/assist/ranker/models/translate/translate_ranker_20180123.model
[143:146:1102/212007.001387:VERBOSE1:network_delegate.cc(30)] NetworkDelegate::NotifyBeforeURLRequest: https://www.gstatic.com/chrome/intelligence/assist/ranker/models/translate/translate_ranker_20180123.model
[143:167:1102/212007.096954:VERBOSE1:simple_index_file.cc(586)] Simple Cache Index is being restored from disk.
[143:181:1102/212007.301637:VERBOSE1:v8_context_snapshot.cc(139)] A context is created from snapshot for main world
[143:181:1102/212007.301727:VERBOSE1:script_context.cc(91)] Created context:
  extension id:           (none)
  frame:                  0x396de5e7c3c0
  URL:                    
  context_type:           WEB_PAGE
  effective extension id: (none)
  effective context type: WEB_PAGE
[143:181:1102/212007.301781:VERBOSE1:script_context.cc(91)] Created context:
  extension id:           (none)
  frame:                  (nil)
  URL:                    
  context_type:           UNSPECIFIED
  effective extension id: (none)
  effective context type: UNSPECIFIED
[143:181:1102/212007.302295:VERBOSE1:dispatcher.cc(360)] Num tracked contexts: 3
[143:181:1102/212007.334465:VERBOSE1:dispatcher.cc(498)] Num tracked contexts: 2
[143:181:1102/212007.335531:VERBOSE1:script_context.cc(98)] Destroyed context for extension
  extension id: 
  effective extension id: 
[143:181:1102/212007.335848:VERBOSE1:script_context.cc(98)] Destroyed context for extension
  extension id: 
  effective extension id: 
[143:146:1102/212007.357126:VERBOSE1:network_delegate.cc(30)] NetworkDelegate::NotifyBeforeURLRequest: data:/,
[143:146:1102/212007.357147:VERBOSE1:network_delegate.cc(30)] NetworkDelegate::NotifyBeforeURLRequest: data:/,
[143:146:1102/212007.357157:VERBOSE1:network_delegate.cc(30)] NetworkDelegate::NotifyBeforeURLRequest: data:/,
[143:181:1102/212007.360849:VERBOSE1:dispatcher.cc(498)] Num tracked contexts: 1
[143:181:1102/212007.374248:VERBOSE1:v8_context_snapshot.cc(139)] A context is created from snapshot for main world
[143:181:1102/212007.374398:VERBOSE1:script_context.cc(91)] Created context:
  extension id:           (none)
  frame:                  0x396de5e61c28
  URL:                    
  context_type:           WEB_PAGE
  effective extension id: (none)
  effective context type: WEB_PAGE
[143:181:1102/212007.374462:VERBOSE1:script_context.cc(91)] Created context:
  extension id:           (none)
  frame:                  (nil)
  URL:                    
  context_type:           UNSPECIFIED
  effective extension id: (none)
  effective context type: UNSPECIFIED
[143:181:1102/212007.375124:VERBOSE1:dispatcher.cc(360)] Num tracked contexts: 2
[143:181:1102/212007.380734:VERBOSE1:script_context.cc(98)] Destroyed context for extension
  extension id: 
  effective extension id: 
[143:181:1102/212007.380768:VERBOSE1:script_context.cc(98)] Destroyed context for extension
  extension id: 
  effective extension id: 
[143:181:1102/212007.381194:VERBOSE1:language_detection_util.cc(129)] Detected language: und
[143:181:1102/212007.494351:VERBOSE1:thread_state.cc(1430)] [state:0x564e18cccae0] CollectGarbage: time: 1ms stack: NoHeapPointersOnStack marking: AtomicMarking sweeping: LazySweeping reason: IdleGC
[143:181:1102/212007.502967:VERBOSE1:thread_state.cc(1024)] [state:0x564e18cccae0] PostSweep: collection_rate: 37%
[143:143:1102/212007.555907:VERBOSE1:gaia_cookie_manager_service.cc(650)] ListAccounts successful
[143:143:1102/212007.555942:VERBOSE1:gaia_cookie_manager_service.cc(796)] GaiaCookieManagerService::HandleNextRequest
[143:143:1102/212007.555967:VERBOSE1:gaia_cookie_manager_service.cc(812)] GaiaCookieManagerService::HandleNextRequest: no more
