[145:145:1016/145147.274737:VERBOSE1:breakpad_linux.cc(1980)] Breakpad disabled
[145:154:1016/145147.470968:ERROR:bus.cc(395)] Failed to connect to the bus: Failed to connect to socket /var/run/dbus/system_bus_socket: No such file or directory
[145:145:1016/145147.480247:VERBOSE1:pref_proxy_config_tracker_impl.cc(154)] 0x1f3755ec7580: set chrome proxy config service to 0x1f3755fa0000
[145:145:1016/145147.510542:VERBOSE1:pulse_stubs.cc(683)] dlopen(libpulse.so.0) failed, dlerror() says:
libpulse.so.0: cannot open shared object file: No such file or directory
[145:145:1016/145147.510583:VERBOSE1:pulse_util.cc(106)] Failed on loading the Pulse library and symbols
[145:145:1016/145147.571085:VERBOSE1:mutable_profile_oauth2_token_service_delegate.cc(162)] MutablePO2TS::MutablePO2TS
[145:145:1016/145147.571223:VERBOSE1:device_event_log_impl.cc(158)] [14:51:47.571] Bluetooth: EVENT: bluetooth_api.cc:68 BluetoothAPI: 0x1f3756025000
[145:145:1016/145147.571790:VERBOSE1:bluetooth_low_energy_event_router.cc(248)] Initializing BluetoothLowEnergyEventRouter.
[145:145:1016/145147.577587:VERBOSE1:pref_proxy_config_tracker_impl.cc(154)] 0x1f37561592c0: set chrome proxy config service to 0x1f3756024180
[145:145:1016/145147.631375:VERBOSE1:extension_service.cc(1403)] AddComponentExtension Cloud Print
[145:145:1016/145147.631396:VERBOSE1:extension_service.cc(1405)] Component extension Cloud Print (mfehgcgbbipciphmccgaenjidiccnmng) installing/upgrading from '' to 0.1
[145:145:1016/145147.650737:VERBOSE1:extension_service.cc(1403)] AddComponentExtension Web Store
[145:145:1016/145147.650756:VERBOSE1:extension_service.cc(1405)] Component extension Web Store (ahfgeienlihckogmohjhadlkjgocpleb) installing/upgrading from '' to 0.2
[145:145:1016/145147.651263:VERBOSE1:extension_service.cc(1403)] AddComponentExtension Chromium PDF Viewer
[145:145:1016/145147.651279:VERBOSE1:extension_service.cc(1405)] Component extension Chromium PDF Viewer (mhjfbmdgcfjbbpaeojofohoefgiehjai) installing/upgrading from '' to 1
[145:145:1016/145147.655600:VERBOSE1:account_reconcilor.cc(88)] AccountReconcilor::AccountReconcilor
[145:145:1016/145147.655613:VERBOSE1:account_reconcilor.cc(99)] AccountReconcilor::Initialize
[145:145:1016/145147.657893:VERBOSE1:file_type_policies_component_installer.cc(129)] Registering File Type Policies component.
[145:160:1016/145147.670496:VERBOSE1:component_installer.cc(244)] StartRegistration for Signed Tree Heads
[145:160:1016/145147.670763:VERBOSE1:component_installer.cc(244)] StartRegistration for Origin Trials
[145:160:1016/145147.670886:VERBOSE1:component_installer.cc(244)] StartRegistration for File Type Policies
[145:160:1016/145147.671011:VERBOSE1:component_installer.cc(244)] StartRegistration for SSL Error Assistant
[145:145:1016/145147.732943:WARNING:password_store_factory.cc(241)] Using basic (unencrypted) store for password storage. See https://chromium.googlesource.com/chromium/src/+/master/docs/linux_password_storage.md for more information about password storage options.
[145:145:1016/145147.811623:VERBOSE1:bluez_dbus_manager.cc(172)] Bluetooth not supported.
[145:145:1016/145147.813689:VERBOSE1:component_updater_service.cc(91)] CrxUpdateService starting up. First update attempt will take place in 360 seconds. Next update attempt will take place in 18000 seconds. 
[145:145:1016/145147.813714:VERBOSE1:component_installer.cc(378)] FinishRegistration for Signed Tree Heads
[145:145:1016/145147.813740:VERBOSE1:component_installer.cc(378)] FinishRegistration for Origin Trials
[145:145:1016/145147.813758:VERBOSE1:component_installer.cc(378)] FinishRegistration for File Type Policies
[145:145:1016/145147.813780:VERBOSE1:component_installer.cc(378)] FinishRegistration for SSL Error Assistant
[145:183:1016/145147.871455:WARNING:histograms.cc(40)] Started multiple compositor clients (Browser, Renderer) in one process. Some metrics will be disabled.
[145:172:1016/145148.079170:VERBOSE1:multi_log_ct_verifier.cc(75)] Adding CT log: Google 'Aviator' log
[145:172:1016/145148.079194:VERBOSE1:multi_log_ct_verifier.cc(75)] Adding CT log: Google 'Icarus' log
[145:172:1016/145148.079210:VERBOSE1:multi_log_ct_verifier.cc(75)] Adding CT log: Google 'Pilot' log
[145:172:1016/145148.079217:VERBOSE1:multi_log_ct_verifier.cc(75)] Adding CT log: Google 'Rocketeer' log
[145:172:1016/145148.079225:VERBOSE1:multi_log_ct_verifier.cc(75)] Adding CT log: Google 'Skydiver' log
[145:172:1016/145148.079232:VERBOSE1:multi_log_ct_verifier.cc(75)] Adding CT log: DigiCert Log Server
[145:172:1016/145148.079241:VERBOSE1:multi_log_ct_verifier.cc(75)] Adding CT log: DigiCert Log Server 2
[145:172:1016/145148.079249:VERBOSE1:multi_log_ct_verifier.cc(75)] Adding CT log: Symantec log
[145:172:1016/145148.079257:VERBOSE1:multi_log_ct_verifier.cc(75)] Adding CT log: Symantec 'Vega' log
[145:172:1016/145148.079265:VERBOSE1:multi_log_ct_verifier.cc(75)] Adding CT log: Symantec 'Sirius' log
[145:172:1016/145148.079273:VERBOSE1:multi_log_ct_verifier.cc(75)] Adding CT log: WoSign log
[145:172:1016/145148.079280:VERBOSE1:multi_log_ct_verifier.cc(75)] Adding CT log: Venafi Gen2 CT log
[145:172:1016/145148.079287:VERBOSE1:multi_log_ct_verifier.cc(75)] Adding CT log: CNNIC CT log
[145:172:1016/145148.079295:VERBOSE1:multi_log_ct_verifier.cc(75)] Adding CT log: StartCom log
[145:172:1016/145148.079302:VERBOSE1:multi_log_ct_verifier.cc(75)] Adding CT log: Comodo 'Sabre' CT log
[145:172:1016/145148.079308:VERBOSE1:multi_log_ct_verifier.cc(75)] Adding CT log: Comodo 'Mammoth' CT log
[145:172:1016/145148.079313:VERBOSE1:multi_log_ct_verifier.cc(75)] Adding CT log: Izenpe log
[145:172:1016/145148.079317:VERBOSE1:multi_log_ct_verifier.cc(75)] Adding CT log: Venafi log
[145:172:1016/145148.079322:VERBOSE1:multi_log_ct_verifier.cc(75)] Adding CT log: Certly.IO log
[145:172:1016/145148.079331:ERROR:io_thread.cc(730)] Cannot use V8 Proxy resolver in single process mode.
[145:172:1016/145148.079444:VERBOSE1:proxy_service.cc(958)] PAC support disabled because there is no system implementation
[145:172:1016/145148.080697:ERROR:io_thread.cc(730)] Cannot use V8 Proxy resolver in single process mode.
[145:172:1016/145148.080718:VERBOSE1:multi_log_ct_verifier.cc(75)] Adding CT log: Google 'Aviator' log
[145:172:1016/145148.080727:VERBOSE1:multi_log_ct_verifier.cc(75)] Adding CT log: Google 'Icarus' log
[145:172:1016/145148.080734:VERBOSE1:multi_log_ct_verifier.cc(75)] Adding CT log: Google 'Pilot' log
[145:172:1016/145148.080742:VERBOSE1:multi_log_ct_verifier.cc(75)] Adding CT log: Google 'Rocketeer' log
[145:172:1016/145148.080750:VERBOSE1:multi_log_ct_verifier.cc(75)] Adding CT log: Google 'Skydiver' log
[145:172:1016/145148.080757:VERBOSE1:multi_log_ct_verifier.cc(75)] Adding CT log: DigiCert Log Server
[145:172:1016/145148.080777:VERBOSE1:multi_log_ct_verifier.cc(75)] Adding CT log: DigiCert Log Server 2
[145:172:1016/145148.080800:VERBOSE1:multi_log_ct_verifier.cc(75)] Adding CT log: Symantec log
[145:172:1016/145148.080807:VERBOSE1:multi_log_ct_verifier.cc(75)] Adding CT log: Symantec 'Vega' log
[145:172:1016/145148.080815:VERBOSE1:multi_log_ct_verifier.cc(75)] Adding CT log: Symantec 'Sirius' log
[145:172:1016/145148.080822:VERBOSE1:multi_log_ct_verifier.cc(75)] Adding CT log: WoSign log
[145:172:1016/145148.080830:VERBOSE1:multi_log_ct_verifier.cc(75)] Adding CT log: Venafi Gen2 CT log
[145:172:1016/145148.080838:VERBOSE1:multi_log_ct_verifier.cc(75)] Adding CT log: CNNIC CT log
[145:172:1016/145148.080846:VERBOSE1:multi_log_ct_verifier.cc(75)] Adding CT log: StartCom log
[145:172:1016/145148.080853:VERBOSE1:multi_log_ct_verifier.cc(75)] Adding CT log: Comodo 'Sabre' CT log
[145:172:1016/145148.080860:VERBOSE1:multi_log_ct_verifier.cc(75)] Adding CT log: Comodo 'Mammoth' CT log
[145:172:1016/145148.080868:VERBOSE1:multi_log_ct_verifier.cc(75)] Adding CT log: Izenpe log
[145:172:1016/145148.080875:VERBOSE1:multi_log_ct_verifier.cc(75)] Adding CT log: Venafi log
[145:172:1016/145148.080882:VERBOSE1:multi_log_ct_verifier.cc(75)] Adding CT log: Certly.IO log
[145:172:1016/145148.081050:VERBOSE1:proxy_service.cc(958)] PAC support disabled because there is no system implementation
[145:172:1016/145148.081897:VERBOSE1:network_delegate.cc(30)] NetworkDelegate::NotifyBeforeURLRequest: https://www.gstatic.com/chrome/intelligence/assist/ranker/models/translate/2017/03/translate_ranker_model_20170329.pb.bin
[145:172:1016/145148.081919:VERBOSE1:network_delegate.cc(30)] NetworkDelegate::NotifyBeforeURLRequest: https://www.gstatic.com/chrome/intelligence/assist/ranker/models/translate/2017/03/translate_ranker_model_20170329.pb.bin
[145:172:1016/145148.193960:VERBOSE1:network_delegate.cc(30)] NetworkDelegate::NotifyBeforeURLRequest: chrome-extension://aapnijgdinlhnhlmodcfapnahmbfebeb/_generated_background_page.html
[145:172:1016/145148.193982:VERBOSE1:network_delegate.cc(30)] NetworkDelegate::NotifyBeforeURLRequest: chrome-extension://aapnijgdinlhnhlmodcfapnahmbfebeb/_generated_background_page.html
[145:172:1016/145148.193995:VERBOSE1:network_delegate.cc(30)] NetworkDelegate::NotifyBeforeURLRequest: chrome-extension://aapnijgdinlhnhlmodcfapnahmbfebeb/_generated_background_page.html
[145:183:1016/145148.214060:VERBOSE1:LocalWindowProxy.cpp(236)] A context is created NOT from snapshot
[145:183:1016/145148.214771:VERBOSE1:script_context.cc(111)] Created context:
  extension id:           (none)
  frame:                  0x18ad6a121d18
  URL:                    
  context_type:           WEB_PAGE
  effective extension id: (none)
  effective context type: WEB_PAGE
[145:183:1016/145148.215623:VERBOSE1:script_context.cc(111)] Created context:
  extension id:           (none)
  frame:                  (nil)
  URL:                    
  context_type:           UNSPECIFIED
  effective extension id: (none)
  effective context type: UNSPECIFIED
[145:183:1016/145148.216356:VERBOSE1:dispatcher.cc(366)] Num tracked contexts: 1
[145:183:1016/145148.231175:VERBOSE1:language_detection_util.cc(234)] Detected language: und
[145:183:1016/145148.238054:VERBOSE1:LocalWindowProxy.cpp(236)] A context is created NOT from snapshot
[145:183:1016/145148.238321:VERBOSE1:script_context.cc(111)] Created context:
  extension id:           aapnijgdinlhnhlmodcfapnahmbfebeb
  frame:                  0x18ad6a12e920
  URL:                    
  context_type:           BLESSED_EXTENSION
  effective extension id: aapnijgdinlhnhlmodcfapnahmbfebeb
  effective context type: BLESSED_EXTENSION
[145:183:1016/145148.238381:VERBOSE1:script_context.cc(111)] Created context:
  extension id:           (none)
  frame:                  (nil)
  URL:                    
  context_type:           UNSPECIFIED
  effective extension id: (none)
  effective context type: UNSPECIFIED
[145:172:1016/145148.252005:VERBOSE1:network_delegate.cc(30)] NetworkDelegate::NotifyBeforeURLRequest: chrome-extension://aapnijgdinlhnhlmodcfapnahmbfebeb/background.js
[145:172:1016/145148.252025:VERBOSE1:network_delegate.cc(30)] NetworkDelegate::NotifyBeforeURLRequest: chrome-extension://aapnijgdinlhnhlmodcfapnahmbfebeb/background.js
[145:172:1016/145148.252035:VERBOSE1:network_delegate.cc(30)] NetworkDelegate::NotifyBeforeURLRequest: chrome-extension://aapnijgdinlhnhlmodcfapnahmbfebeb/background.js
[145:183:1016/145148.273002:VERBOSE1:dispatcher.cc(366)] Num tracked contexts: 2
[145:183:1016/145148.559694:VERBOSE1:dispatcher.cc(498)] Num tracked contexts: 1
[145:183:1016/145148.572316:VERBOSE1:LocalWindowProxy.cpp(236)] A context is created NOT from snapshot
[145:183:1016/145148.572745:VERBOSE1:script_context.cc(111)] Created context:
  extension id:           (none)
  frame:                  0x18ad6a121d18
  URL:                    
  context_type:           WEB_PAGE
  effective extension id: (none)
  effective context type: WEB_PAGE
[145:183:1016/145148.572818:VERBOSE1:script_context.cc(111)] Created context:
  extension id:           (none)
  frame:                  (nil)
  URL:                    
  context_type:           UNSPECIFIED
  effective extension id: (none)
  effective context type: UNSPECIFIED
[145:183:1016/145148.573728:VERBOSE1:dispatcher.cc(366)] Num tracked contexts: 2
[145:183:1016/145148.575335:VERBOSE1:script_context.cc(120)] Destroyed context for extension
  extension id: 
  effective extension id: 
[145:183:1016/145148.575378:VERBOSE1:script_context.cc(120)] Destroyed context for extension
  extension id: 
  effective extension id: 
[145:183:1016/145148.577731:VERBOSE1:language_detection_util.cc(234)] Detected language: und
