[0.650][INFO]: COMMAND InitSession {
   "desiredCapabilities": {
      "browserName": "chrome",
      "chromeOptions": {
         "args": [ "--disable-gpu", "--single-process", "--no-sandbox", "--data-path=/tmp/data-path", "--homedir=/tmp/homedir", "--disk-cache-dir=/tmp", "--disk-cache-size=1", "--media-cache-size=1", "--allow-file-access-from-files", "--enable-logging", "--v=1", "--disable-web-security", "--disable-extensions", "--ignore-certificate-errors", "--disable-ntp-most-likely-favicons-from-server", "--disable-ntp-popular-sites", "--window-size=1366,1024", "--disable-infobars", "--disable-dev-shm-usage", "..." ],
         "binary": "/tmp/chrome-lambda/chrome",
         "prefs": {
            "credentials_enable_service": false,
            "profile": {
               "password_manager_enabled": false
            }
         }
      },
      "count": 1
   }
}
[2.149][INFO]: Populating Preferences file: {
   "alternate_error_pages": {
      "enabled": false
   },
   "autofill": {
      "enabled": false
   },
   "browser": {
      "check_default_browser": false
   },
   "credentials_enable_service": false,
   "distribution": {
      "import_bookmarks": false,
      "import_history": false,
      "import_search_engine": false,
      "make_chrome_default_for_user": false,
      "show_welcome_page": false,
      "skip_first_run_ui": true
   },
   "dns_prefetching": {
      "enabled": false
   },
   "profile": {
      "password_manager_enabled": false
   },
   "safebrowsing": {
      "enabled": false
   },
   "search": {
      "suggest_enabled": false
   },
   "translate": {
      "enabled": false
   }
}
[2.149][INFO]: Populating Local State file: {
   "background_mode": {
      "enabled": false
   },
   "ssl": {
      "rev_checking": {
         "enabled": false
      }
   }
}
[2.150][INFO]: Launching chrome: /tmp/chrome-lambda/chrome --allow-file-access-from-files --data-path=/tmp/data-path --disable-background-networking --disable-browser-side-navigation --disable-client-side-phishing-detection --disable-default-apps --disable-dev-shm-usage --disable-extensions --disable-extensions-except=/tmp/.org.chromium.Chromium.KTGoWc/internal --disable-gpu --disable-hang-monitor --disable-infobars --disable-ntp-most-likely-favicons-from-server --disable-ntp-popular-sites --disable-popup-blocking --disable-prompt-on-repost --disable-sync --disable-web-resources --disable-web-security --disk-cache-dir=/tmp --disk-cache-size=1 --enable-automation --enable-logging --enable-precise-memory-info --force-fieldtrials=SiteIsolationExtensions/Control --homedir=/tmp/homedir --ignore-certificate-errors --log-level=0 --media-cache-size=1 --metrics-recording-only --no-first-run --no-sandbox --password-store=basic --remote-debugging-port=12718 --safebrowsing-disable-auto-update --single-process --test-type=webdriver --use-mock-keychain --user-data-dir=/tmp/.org.chromium.Chromium.j7foRx --v=1 --window-size=1366,1024 data:,
[2.169][DEBUG]: DevTools request: http://localhost:12718/json/version
prctl(PR_SET_NO_NEW_PRIVS) failed
Xlib:  extension "RANDR" missing on display ":99".
[145:154:1016/145147.470968:ERROR:bus.cc(395)] Failed to connect to the bus: Failed to connect to socket /var/run/dbus/system_bus_socket: No such file or directory
Xlib:  extension "RANDR" missing on display ":99".

DevTools listening on ws://127.0.0.1:12718/devtools/browser/9c33eccd-f74c-4fef-b635-aec2738950ed
[2.955][SEVERE]: CreatePlatformSocket() returned an error, errno=1: Operation not permitted (1)
[2.969][DEBUG]: DevTools response: {
   "Browser": "Chrome/63.0.3239.84",
   "Protocol-Version": "1.2",
   "User-Agent": "Mozilla/5.0 (X11; Linux x86_64) AppleWebKit/537.36 (KHTML, like Gecko) Chrome/63.0.3239.84 Safari/537.36",
   "V8-Version": "6.3.292.46",
   "WebKit-Version": "537.36 (@0f53a5abc7a405fbe9f1cfd3db38f2092c8a7816)",
   "webSocketDebuggerUrl": "ws://localhost:12718/devtools/browser/9c33eccd-f74c-4fef-b635-aec2738950ed"
}

[2.972][DEBUG]: DevTools request: http://localhost:12718/json
[2.973][DEBUG]: DevTools response: [ {
   "description": "",
   "devtoolsFrontendUrl": "/devtools/inspector.html?ws=localhost:12718/devtools/page/(6C4641545D98824EF86CA50BBB6199AC)",
   "id": "(6C4641545D98824EF86CA50BBB6199AC)",
   "title": "",
   "type": "page",
   "url": "data:,",
   "webSocketDebuggerUrl": "ws://localhost:12718/devtools/page/(6C4641545D98824EF86CA50BBB6199AC)"
} ]

[2.973][DEBUG]: DevTools request: http://localhost:12718/json
[2.973][DEBUG]: DevTools response: [ {
   "description": "",
   "devtoolsFrontendUrl": "/devtools/inspector.html?ws=localhost:12718/devtools/page/(6C4641545D98824EF86CA50BBB6199AC)",
   "id": "(6C4641545D98824EF86CA50BBB6199AC)",
   "title": "",
   "type": "page",
   "url": "data:,",
   "webSocketDebuggerUrl": "ws://localhost:12718/devtools/page/(6C4641545D98824EF86CA50BBB6199AC)"
} ]

[2.974][INFO]: resolved localhost to ["127.0.0.1"]
[2.974][DEBUG]: DEVTOOLS COMMAND Log.enable (id=1) {

}
[2.974][DEBUG]: DEVTOOLS COMMAND DOM.getDocument (id=2) {

}
[2.975][DEBUG]: DEVTOOLS COMMAND Runtime.enable (id=3) {

}
[2.975][DEBUG]: DEVTOOLS COMMAND Page.enable (id=4) {

}
[2.975][DEBUG]: DEVTOOLS COMMAND Page.enable (id=5) {

}
[145:172:1016/145148.079331:ERROR:io_thread.cc(730)] Cannot use V8 Proxy resolver in single process mode.
[145:172:1016/145148.080697:ERROR:io_thread.cc(730)] Cannot use V8 Proxy resolver in single process mode.
[3.115][DEBUG]: DEVTOOLS RESPONSE Log.enable (id=1) {

}
[3.115][DEBUG]: DEVTOOLS RESPONSE DOM.getDocument (id=2) {
   "root": {
      "backendNodeId": 1,
      "baseURL": "about:blank",
      "childNodeCount": 1,
      "children": [ {
         "attributes": [  ],
         "backendNodeId": 2,
         "childNodeCount": 2,
         "children": [ {
            "attributes": [  ],
            "backendNodeId": 3,
            "childNodeCount": 0,
            "localName": "head",
            "nodeId": 3,
            "nodeName": "HEAD",
            "nodeType": 1,
            "nodeValue": "",
            "parentId": 2
         }, {
            "attributes": [  ],
            "backendNodeId": 4,
            "childNodeCount": 0,
            "localName": "body",
            "nodeId": 4,
            "nodeName": "BODY",
            "nodeType": 1,
            "nodeValue": "",
            "parentId": 2
         } ],
         "frameId": "(6C4641545D98824EF86CA50BBB6199AC)",
         "localName": "html",
         "nodeId": 2,
         "nodeName": "HTML",
         "nodeType": 1,
         "nodeValue": "",
         "parentId": 1
      } ],
      "documentURL": "",
      "localName": "",
      "nodeId": 1,
      "nodeName": "#document",
      "nodeType": 9,
      "nodeValue": "",
      "xmlVersion": ""
   }
}
[3.115][DEBUG]: DEVTOOLS RESPONSE Runtime.enable (id=3) {

}
[3.129][DEBUG]: DEVTOOLS RESPONSE Page.enable (id=4) {

}
[3.129][DEBUG]: DEVTOOLS RESPONSE Page.enable (id=5) {

}
[3.129][DEBUG]: DEVTOOLS COMMAND Page.enable (id=6) {

}
[3.171][DEBUG]: DEVTOOLS EVENT Page.lifecycleEvent {
   "frameId": "(6C4641545D98824EF86CA50BBB6199AC)",
   "name": "commit",
   "timestamp": 205.963759
}
[3.171][DEBUG]: DEVTOOLS EVENT Page.frameNavigated {
   "frame": {
      "id": "(6C4641545D98824EF86CA50BBB6199AC)",
      "loaderId": "145.1",
      "mimeType": "text/plain",
      "securityOrigin": "://",
      "url": "data:,"
   }
}
[3.171][DEBUG]: DEVTOOLS EVENT DOM.documentUpdated {

}
[3.171][DEBUG]: DEVTOOLS COMMAND DOM.getDocument (id=7) {

}
[3.172][DEBUG]: DEVTOOLS EVENT Runtime.executionContextCreated {
   "context": {
      "auxData": {
         "frameId": "(6C4641545D98824EF86CA50BBB6199AC)",
         "isDefault": true
      },
      "id": 1,
      "name": "",
      "origin": "://"
   }
}
[3.172][DEBUG]: DEVTOOLS RESPONSE Page.enable (id=6) {

}
[3.175][DEBUG]: DEVTOOLS EVENT Page.loadEventFired {
   "timestamp": 205.987105
}
[3.175][DEBUG]: DEVTOOLS EVENT Page.lifecycleEvent {
   "frameId": "(6C4641545D98824EF86CA50BBB6199AC)",
   "name": "load",
   "timestamp": 205.987105
}
[3.175][DEBUG]: DEVTOOLS EVENT Page.frameStoppedLoading {
   "frameId": "(6C4641545D98824EF86CA50BBB6199AC)"
}
[3.175][DEBUG]: DEVTOOLS EVENT Page.domContentEventFired {
   "timestamp": 205.987438
}
[3.175][DEBUG]: DEVTOOLS EVENT Page.lifecycleEvent {
   "frameId": "(6C4641545D98824EF86CA50BBB6199AC)",
   "name": "DOMContentLoaded",
   "timestamp": 205.987438
}
[3.175][DEBUG]: DEVTOOLS EVENT DOM.documentUpdated {

}
[3.175][DEBUG]: DEVTOOLS COMMAND DOM.getDocument (id=8) {

}
[3.216][DEBUG]: DEVTOOLS RESPONSE DOM.getDocument (id=7) {
   "root": {
      "backendNodeId": 5,
      "baseURL": "data:,",
      "childNodeCount": 1,
      "children": [ {
         "attributes": [  ],
         "backendNodeId": 6,
         "childNodeCount": 2,
         "children": [ {
            "attributes": [  ],
            "backendNodeId": 7,
            "childNodeCount": 0,
            "localName": "head",
            "nodeId": 7,
            "nodeName": "HEAD",
            "nodeType": 1,
            "nodeValue": "",
            "parentId": 6
         }, {
            "attributes": [  ],
            "backendNodeId": 8,
            "childNodeCount": 1,
            "localName": "body",
            "nodeId": 8,
            "nodeName": "BODY",
            "nodeType": 1,
            "nodeValue": "",
            "parentId": 6
         } ],
         "frameId": "(6C4641545D98824EF86CA50BBB6199AC)",
         "localName": "html",
         "nodeId": 6,
         "nodeName": "HTML",
         "nodeType": 1,
         "nodeValue": "",
         "parentId": 5
      } ],
      "documentURL": "data:,",
      "localName": "",
      "nodeId": 5,
      "nodeName": "#document",
      "nodeType": 9,
      "nodeValue": "",
      "xmlVersion": ""
   }
}
[3.216][DEBUG]: DEVTOOLS RESPONSE DOM.getDocument (id=8) {
   "root": {
      "backendNodeId": 5,
      "baseURL": "data:,",
      "childNodeCount": 1,
      "children": [ {
         "attributes": [  ],
         "backendNodeId": 6,
         "childNodeCount": 2,
         "children": [ {
            "attributes": [  ],
            "backendNodeId": 7,
            "childNodeCount": 0,
            "localName": "head",
            "nodeId": 11,
            "nodeName": "HEAD",
            "nodeType": 1,
            "nodeValue": "",
            "parentId": 10
         }, {
            "attributes": [  ],
            "backendNodeId": 8,
            "childNodeCount": 1,
            "localName": "body",
            "nodeId": 12,
            "nodeName": "BODY",
            "nodeType": 1,
            "nodeValue": "",
            "parentId": 10
         } ],
         "frameId": "(6C4641545D98824EF86CA50BBB6199AC)",
         "localName": "html",
         "nodeId": 10,
         "nodeName": "HTML",
         "nodeType": 1,
         "nodeValue": "",
         "parentId": 9
      } ],
      "documentURL": "data:,",
      "localName": "",
      "nodeId": 9,
      "nodeName": "#document",
      "nodeType": 9,
      "nodeValue": "",
      "xmlVersion": ""
   }
}
[3.216][DEBUG]: DEVTOOLS COMMAND Runtime.enable (id=9) {

}
[3.229][DEBUG]: DEVTOOLS RESPONSE Runtime.enable (id=9) {

}
[3.229][DEBUG]: DEVTOOLS COMMAND Runtime.evaluate (id=10) {
   "expression": "(function() { // Copyright (c) 2012 The Chromium Authors. All rights reserved.\n// Use of this source code is governed by a BSD-style license that can be\n// found in the LICENSE file.\n\n/**\n * Enum f...",
   "returnByValue": true
}
[3.232][DEBUG]: DEVTOOLS RESPONSE Runtime.evaluate (id=10) {
   "result": {
      "type": "object",
      "value": {
         "status": 0,
         "value": 1
      }
   }
}
[3.232][INFO]: RESPONSE InitSession {
   "acceptSslCerts": true,
   "applicationCacheEnabled": false,
   "browserConnectionEnabled": false,
   "browserName": "chrome",
   "chrome": {
      "chromedriverVersion": "2.33.506092 (733a02544d189eeb751fe0d7ddca79a0ee28cce4)",
      "userDataDir": "/tmp/.org.chromium.Chromium.j7foRx"
   },
   "cssSelectorsEnabled": true,
   "databaseEnabled": false,
   "handlesAlerts": true,
   "hasTouchScreen": false,
   "javascriptEnabled": true,
   "locationContextEnabled": true,
   "mobileEmulationEnabled": false,
   "nativeEvents": true,
   "networkConnectionEnabled": false,
   "pageLoadStrategy": "normal",
   "platform": "Linux",
   "rotatable": false,
   "setWindowRect": true,
   "takesHeapSnapshot": true,
   "~~~": "..."
}
[3.250][INFO]: COMMAND SetTimeout {
   "script": 11000
}
[3.251][INFO]: RESPONSE SetTimeout unknown error: 'ms' must be a double
  (Session info: chrome=63.0.3239.84)
[3.274][INFO]: COMMAND SetTimeout {
   "ms": 11000,
   "type": "script"
}
[3.274][INFO]: RESPONSE SetTimeout
[3.475][INFO]: COMMAND SetTimeout {
   "pageLoad": 30000
}
[3.476][INFO]: RESPONSE SetTimeout unknown error: 'ms' must be a double
  (Session info: chrome=63.0.3239.84)
[3.489][INFO]: COMMAND SetTimeout {
   "ms": 30000,
   "type": "page load"
}
[3.489][INFO]: RESPONSE SetTimeout
[3.495][INFO]: COMMAND Navigate {
   "url": "data:/,"
}
[3.495][INFO]: Waiting for pending navigations...
[3.495][DEBUG]: DEVTOOLS COMMAND Runtime.evaluate (id=11) {
   "expression": "1"
}
[3.496][DEBUG]: DEVTOOLS RESPONSE Runtime.evaluate (id=11) {
   "result": {
      "description": "1",
      "type": "number",
      "value": 1
   }
}
[3.496][INFO]: Done waiting for pending navigations. Status: ok
[3.496][DEBUG]: DEVTOOLS COMMAND Page.navigate (id=12) {
   "url": "data:/,"
}
[3.510][DEBUG]: DEVTOOLS EVENT Page.frameStartedLoading {
   "frameId": "(6C4641545D98824EF86CA50BBB6199AC)"
}
[3.515][DEBUG]: DEVTOOLS EVENT Runtime.executionContextDestroyed {
   "executionContextId": 1
}
[3.515][DEBUG]: DEVTOOLS EVENT Runtime.executionContextsCleared {

}
[3.515][DEBUG]: DEVTOOLS EVENT Page.lifecycleEvent {
   "frameId": "(6C4641545D98824EF86CA50BBB6199AC)",
   "name": "commit",
   "timestamp": 206.329505
}
[3.515][DEBUG]: DEVTOOLS EVENT Page.frameNavigated {
   "frame": {
      "id": "(6C4641545D98824EF86CA50BBB6199AC)",
      "loaderId": "145.2",
      "mimeType": "text/plain",
      "securityOrigin": "://",
      "url": "data:/,"
   }
}
[3.515][DEBUG]: DEVTOOLS EVENT Runtime.executionContextCreated {
   "context": {
      "auxData": {
         "frameId": "(6C4641545D98824EF86CA50BBB6199AC)",
         "isDefault": true
      },
      "id": 3,
      "name": "",
      "origin": "://"
   }
}
[3.515][DEBUG]: DEVTOOLS EVENT DOM.documentUpdated {

}
[3.515][DEBUG]: DEVTOOLS COMMAND DOM.getDocument (id=13) {

}
[3.515][DEBUG]: DEVTOOLS RESPONSE Page.navigate (id=12) {
   "frameId": "(6C4641545D98824EF86CA50BBB6199AC)"
}
[3.530][DEBUG]: DEVTOOLS EVENT Page.loadEventFired {
   "timestamp": 206.345986
}
[3.530][DEBUG]: DEVTOOLS EVENT Page.lifecycleEvent {
   "frameId": "(6C4641545D98824EF86CA50BBB6199AC)",
   "name": "load",
   "timestamp": 206.345986
}
[3.530][DEBUG]: DEVTOOLS EVENT Page.frameStoppedLoading {
   "frameId": "(6C4641545D98824EF86CA50BBB6199AC)"
}
[3.530][DEBUG]: DEVTOOLS EVENT Page.domContentEventFired {
   "timestamp": 206.34707
}
[3.530][DEBUG]: DEVTOOLS EVENT Page.lifecycleEvent {
   "frameId": "(6C4641545D98824EF86CA50BBB6199AC)",
   "name": "DOMContentLoaded",
   "timestamp": 206.34707
}
[3.530][DEBUG]: DEVTOOLS EVENT DOM.documentUpdated {

}
[3.530][DEBUG]: DEVTOOLS COMMAND DOM.getDocument (id=14) {

}
[3.530][DEBUG]: DEVTOOLS RESPONSE DOM.getDocument (id=13) {
   "root": {
      "backendNodeId": 10,
      "baseURL": "data:/,",
      "childNodeCount": 1,
      "children": [ {
         "attributes": [  ],
         "backendNodeId": 11,
         "childNodeCount": 2,
         "children": [ {
            "attributes": [  ],
            "backendNodeId": 12,
            "childNodeCount": 0,
            "localName": "head",
            "nodeId": 15,
            "nodeName": "HEAD",
            "nodeType": 1,
            "nodeValue": "",
            "parentId": 14
         }, {
            "attributes": [  ],
            "backendNodeId": 13,
            "childNodeCount": 1,
            "localName": "body",
            "nodeId": 16,
            "nodeName": "BODY",
            "nodeType": 1,
            "nodeValue": "",
            "parentId": 14
         } ],
         "frameId": "(6C4641545D98824EF86CA50BBB6199AC)",
         "localName": "html",
         "nodeId": 14,
         "nodeName": "HTML",
         "nodeType": 1,
         "nodeValue": "",
         "parentId": 13
      } ],
      "documentURL": "data:/,",
      "localName": "",
      "nodeId": 13,
      "nodeName": "#document",
      "nodeType": 9,
      "nodeValue": "",
      "xmlVersion": ""
   }
}
[3.531][DEBUG]: DEVTOOLS RESPONSE DOM.getDocument (id=14) {
   "root": {
      "backendNodeId": 10,
      "baseURL": "data:/,",
      "childNodeCount": 1,
      "children": [ {
         "attributes": [  ],
         "backendNodeId": 11,
         "childNodeCount": 2,
         "children": [ {
            "attributes": [  ],
            "backendNodeId": 12,
            "childNodeCount": 0,
            "localName": "head",
            "nodeId": 19,
            "nodeName": "HEAD",
            "nodeType": 1,
            "nodeValue": "",
            "parentId": 18
         }, {
            "attributes": [  ],
            "backendNodeId": 13,
            "childNodeCount": 1,
            "localName": "body",
            "nodeId": 20,
            "nodeName": "BODY",
            "nodeType": 1,
            "nodeValue": "",
            "parentId": 18
         } ],
         "frameId": "(6C4641545D98824EF86CA50BBB6199AC)",
         "localName": "html",
         "nodeId": 18,
         "nodeName": "HTML",
         "nodeType": 1,
         "nodeValue": "",
         "parentId": 17
      } ],
      "documentURL": "data:/,",
      "localName": "",
      "nodeId": 17,
      "nodeName": "#document",
      "nodeType": 9,
      "nodeValue": "",
      "xmlVersion": ""
   }
}
[3.531][INFO]: Waiting for pending navigations...
[3.531][DEBUG]: DEVTOOLS COMMAND Runtime.evaluate (id=15) {
   "expression": "1"
}
[3.556][DEBUG]: DEVTOOLS RESPONSE Runtime.evaluate (id=15) {
   "result": {
      "description": "1",
      "type": "number",
      "value": 1
   }
}
[3.556][INFO]: Done waiting for pending navigations. Status: ok
[3.556][INFO]: RESPONSE Navigate
[3.593][INFO]: COMMAND ExecuteScript {
   "args": [ "protractor_sync-test-area", {
      "innerHtml": "\u003Cspan class=\"element-does-exist\">\u003C/span>"
   } ],
   "script": "return (function (id, _options) {\n        var existing = document.querySelector('#' + id);\n        if (existing) {\n            existing.parentNode.removeChild(existing);\n        }\n        var testA..."
}
[3.593][INFO]: Waiting for pending navigations...
[3.593][DEBUG]: DEVTOOLS COMMAND Runtime.evaluate (id=16) {
   "expression": "1"
}
[3.593][DEBUG]: DEVTOOLS RESPONSE Runtime.evaluate (id=16) {
   "result": {
      "description": "1",
      "type": "number",
      "value": 1
   }
}
[3.593][INFO]: Done waiting for pending navigations. Status: ok
[3.594][DEBUG]: DEVTOOLS COMMAND Runtime.evaluate (id=17) {
   "expression": "(function() { // Copyright (c) 2012 The Chromium Authors. All rights reserved.\n// Use of this source code is governed by a BSD-style license that can be\n// found in the LICENSE file.\n\n/**\n * Enum f...",
   "returnByValue": true
}
[3.609][DEBUG]: DEVTOOLS EVENT DOM.childNodeCountUpdated {
   "childNodeCount": 2,
   "nodeId": 20
}
[3.609][DEBUG]: DEVTOOLS RESPONSE Runtime.evaluate (id=17) {
   "result": {
      "type": "object",
      "value": {
         "status": 0,
         "value": null
      }
   }
}
[3.609][INFO]: Waiting for pending navigations...
[3.609][DEBUG]: DEVTOOLS COMMAND Runtime.evaluate (id=18) {
   "expression": "1"
}
[3.610][DEBUG]: DEVTOOLS RESPONSE Runtime.evaluate (id=18) {
   "result": {
      "description": "1",
      "type": "number",
      "value": 1
   }
}
[3.610][INFO]: Done waiting for pending navigations. Status: ok
[3.610][INFO]: RESPONSE ExecuteScript null
[3.614][INFO]: COMMAND FindElements {
   "using": "css selector",
   "value": "#protractor_sync-test-area"
}
[3.614][INFO]: Waiting for pending navigations...
[3.614][DEBUG]: DEVTOOLS COMMAND Runtime.evaluate (id=19) {
   "expression": "1"
}
[3.615][DEBUG]: DEVTOOLS RESPONSE Runtime.evaluate (id=19) {
   "result": {
      "description": "1",
      "type": "number",
      "value": 1
   }
}
[3.615][INFO]: Done waiting for pending navigations. Status: ok
[3.616][DEBUG]: DEVTOOLS COMMAND Runtime.evaluate (id=20) {
   "expression": "(function() { // Copyright (c) 2012 The Chromium Authors. All rights reserved.\n// Use of this source code is governed by a BSD-style license that can be\n// found in the LICENSE file.\n\n/**\n * Enum f...",
   "returnByValue": true
}
[3.633][DEBUG]: DEVTOOLS RESPONSE Runtime.evaluate (id=20) {
   "result": {
      "type": "object",
      "value": {
         "status": 0,
         "value": [ {
            "ELEMENT": "0.9781024257218425-1"
         } ]
      }
   }
}
[3.633][INFO]: Waiting for pending navigations...
[3.633][DEBUG]: DEVTOOLS COMMAND Runtime.evaluate (id=21) {
   "expression": "1"
}
[3.633][DEBUG]: DEVTOOLS RESPONSE Runtime.evaluate (id=21) {
   "result": {
      "description": "1",
      "type": "number",
      "value": 1
   }
}
[3.633][INFO]: Done waiting for pending navigations. Status: ok
[3.633][INFO]: RESPONSE FindElements [ {
   "ELEMENT": "0.9781024257218425-1"
} ]
[3.656][INFO]: COMMAND Quit {

}
[3.707][INFO]: RESPONSE Quit
[3.707][DEBUG]: Log type 'driver' lost 0 entries on destruction
[3.707][DEBUG]: Log type 'browser' lost 0 entries on destruction
