[44:44:0830/010435.049290:VERBOSE1:breakpad_linux.cc(1980)] Breakpad disabled
[44:49:0830/010435.189550:ERROR:bus.cc(395)] Failed to connect to the bus: Failed to connect to socket /var/run/dbus/system_bus_socket: No such file or directory
[44:44:0830/010435.221982:VERBOSE1:pref_proxy_config_tracker_impl.cc(154)] 0x2f12969bc580: set chrome proxy config service to 0x2f1296a95000
[44:44:0830/010435.337651:VERBOSE1:pulse_stubs.cc(683)] dlopen(libpulse.so.0) failed, dlerror() says:
libpulse.so.0: cannot open shared object file: No such file or directory
[44:44:0830/010435.337696:VERBOSE1:pulse_util.cc(106)] Failed on loading the Pulse library and symbols
[44:44:0830/010435.365501:VERBOSE1:mutable_profile_oauth2_token_service_delegate.cc(162)] MutablePO2TS::MutablePO2TS
[44:44:0830/010435.365582:VERBOSE1:device_event_log_impl.cc(158)] [01:04:35.365] Bluetooth: EVENT: bluetooth_api.cc:68 BluetoothAPI: 0x2f1296aae200
[44:44:0830/010435.366007:VERBOSE1:bluetooth_low_energy_event_router.cc(248)] Initializing BluetoothLowEnergyEventRouter.
[44:44:0830/010435.400805:VERBOSE1:pref_proxy_config_tracker_impl.cc(154)] 0x2f1296c3e000: set chrome proxy config service to 0x2f1296b29300
[44:44:0830/010435.403291:VERBOSE1:extension_service.cc(1403)] AddComponentExtension Cloud Print
[44:44:0830/010435.403307:VERBOSE1:extension_service.cc(1405)] Component extension Cloud Print (mfehgcgbbipciphmccgaenjidiccnmng) installing/upgrading from '' to 0.1
[44:44:0830/010435.403713:VERBOSE1:extension_service.cc(1403)] AddComponentExtension Web Store
[44:44:0830/010435.403725:VERBOSE1:extension_service.cc(1405)] Component extension Web Store (ahfgeienlihckogmohjhadlkjgocpleb) installing/upgrading from '' to 0.2
[44:44:0830/010435.404071:VERBOSE1:extension_service.cc(1403)] AddComponentExtension Chromium PDF Viewer
[44:44:0830/010435.404083:VERBOSE1:extension_service.cc(1405)] Component extension Chromium PDF Viewer (mhjfbmdgcfjbbpaeojofohoefgiehjai) installing/upgrading from '' to 1
[44:44:0830/010435.425334:VERBOSE1:account_reconcilor.cc(88)] AccountReconcilor::AccountReconcilor
[44:44:0830/010435.425350:VERBOSE1:account_reconcilor.cc(99)] AccountReconcilor::Initialize
[44:44:0830/010435.430759:VERBOSE1:file_type_policies_component_installer.cc(129)] Registering File Type Policies component.
[44:55:0830/010435.433897:VERBOSE1:component_installer.cc(244)] StartRegistration for Signed Tree Heads
[44:55:0830/010435.434080:VERBOSE1:component_installer.cc(244)] StartRegistration for File Type Policies
[44:55:0830/010435.434168:VERBOSE1:component_installer.cc(244)] StartRegistration for SSL Error Assistant
[44:56:0830/010435.433932:VERBOSE1:component_installer.cc(244)] StartRegistration for Origin Trials
[44:44:0830/010435.480898:WARNING:password_store_factory.cc(241)] Using basic (unencrypted) store for password storage. See https://chromium.googlesource.com/chromium/src/+/master/docs/linux_password_storage.md for more information about password storage options.
[44:85:0830/010435.535120:WARNING:histograms.cc(40)] Started multiple compositor clients (Browser, Renderer) in one process. Some metrics will be disabled.
[44:44:0830/010435.535685:VERBOSE1:bluez_dbus_manager.cc(172)] Bluetooth not supported.
[44:44:0830/010435.538573:VERBOSE1:component_updater_service.cc(91)] CrxUpdateService starting up. First update attempt will take place in 360 seconds. Next update attempt will take place in 18000 seconds. 
[44:44:0830/010435.538600:VERBOSE1:component_installer.cc(378)] FinishRegistration for Signed Tree Heads
[44:44:0830/010435.538617:VERBOSE1:component_installer.cc(378)] FinishRegistration for File Type Policies
[44:44:0830/010435.538634:VERBOSE1:component_installer.cc(378)] FinishRegistration for SSL Error Assistant
[44:44:0830/010435.538655:VERBOSE1:component_installer.cc(378)] FinishRegistration for Origin Trials
[44:67:0830/010435.663571:VERBOSE1:multi_log_ct_verifier.cc(75)] Adding CT log: Google 'Aviator' log
[44:67:0830/010435.663598:VERBOSE1:multi_log_ct_verifier.cc(75)] Adding CT log: Google 'Icarus' log
[44:67:0830/010435.663605:VERBOSE1:multi_log_ct_verifier.cc(75)] Adding CT log: Google 'Pilot' log
[44:67:0830/010435.663619:VERBOSE1:multi_log_ct_verifier.cc(75)] Adding CT log: Google 'Rocketeer' log
[44:67:0830/010435.663624:VERBOSE1:multi_log_ct_verifier.cc(75)] Adding CT log: Google 'Skydiver' log
[44:67:0830/010435.663630:VERBOSE1:multi_log_ct_verifier.cc(75)] Adding CT log: DigiCert Log Server
[44:67:0830/010435.663635:VERBOSE1:multi_log_ct_verifier.cc(75)] Adding CT log: DigiCert Log Server 2
[44:67:0830/010435.663640:VERBOSE1:multi_log_ct_verifier.cc(75)] Adding CT log: Symantec log
[44:67:0830/010435.663646:VERBOSE1:multi_log_ct_verifier.cc(75)] Adding CT log: Symantec 'Vega' log
[44:67:0830/010435.663651:VERBOSE1:multi_log_ct_verifier.cc(75)] Adding CT log: Symantec 'Sirius' log
[44:67:0830/010435.663656:VERBOSE1:multi_log_ct_verifier.cc(75)] Adding CT log: WoSign log
[44:67:0830/010435.663662:VERBOSE1:multi_log_ct_verifier.cc(75)] Adding CT log: Venafi Gen2 CT log
[44:67:0830/010435.663669:VERBOSE1:multi_log_ct_verifier.cc(75)] Adding CT log: CNNIC CT log
[44:67:0830/010435.663674:VERBOSE1:multi_log_ct_verifier.cc(75)] Adding CT log: StartCom log
[44:67:0830/010435.663679:VERBOSE1:multi_log_ct_verifier.cc(75)] Adding CT log: Comodo 'Sabre' CT log
[44:67:0830/010435.663685:VERBOSE1:multi_log_ct_verifier.cc(75)] Adding CT log: Comodo 'Mammoth' CT log
[44:67:0830/010435.663690:VERBOSE1:multi_log_ct_verifier.cc(75)] Adding CT log: Izenpe log
[44:67:0830/010435.663696:VERBOSE1:multi_log_ct_verifier.cc(75)] Adding CT log: Venafi log
[44:67:0830/010435.663701:VERBOSE1:multi_log_ct_verifier.cc(75)] Adding CT log: Certly.IO log
[44:67:0830/010435.663709:ERROR:io_thread.cc(730)] Cannot use V8 Proxy resolver in single process mode.
[44:67:0830/010435.663853:VERBOSE1:proxy_service.cc(958)] PAC support disabled because there is no system implementation
[44:67:0830/010435.667330:ERROR:io_thread.cc(730)] Cannot use V8 Proxy resolver in single process mode.
[44:67:0830/010435.667350:VERBOSE1:multi_log_ct_verifier.cc(75)] Adding CT log: Google 'Aviator' log
[44:67:0830/010435.667357:VERBOSE1:multi_log_ct_verifier.cc(75)] Adding CT log: Google 'Icarus' log
[44:67:0830/010435.667362:VERBOSE1:multi_log_ct_verifier.cc(75)] Adding CT log: Google 'Pilot' log
[44:67:0830/010435.667367:VERBOSE1:multi_log_ct_verifier.cc(75)] Adding CT log: Google 'Rocketeer' log
[44:67:0830/010435.667373:VERBOSE1:multi_log_ct_verifier.cc(75)] Adding CT log: Google 'Skydiver' log
[44:67:0830/010435.667378:VERBOSE1:multi_log_ct_verifier.cc(75)] Adding CT log: DigiCert Log Server
[44:67:0830/010435.667383:VERBOSE1:multi_log_ct_verifier.cc(75)] Adding CT log: DigiCert Log Server 2
[44:67:0830/010435.667388:VERBOSE1:multi_log_ct_verifier.cc(75)] Adding CT log: Symantec log
[44:67:0830/010435.667393:VERBOSE1:multi_log_ct_verifier.cc(75)] Adding CT log: Symantec 'Vega' log
[44:67:0830/010435.667399:VERBOSE1:multi_log_ct_verifier.cc(75)] Adding CT log: Symantec 'Sirius' log
[44:67:0830/010435.667404:VERBOSE1:multi_log_ct_verifier.cc(75)] Adding CT log: WoSign log
[44:67:0830/010435.667409:VERBOSE1:multi_log_ct_verifier.cc(75)] Adding CT log: Venafi Gen2 CT log
[44:67:0830/010435.667414:VERBOSE1:multi_log_ct_verifier.cc(75)] Adding CT log: CNNIC CT log
[44:67:0830/010435.667418:VERBOSE1:multi_log_ct_verifier.cc(75)] Adding CT log: StartCom log
[44:67:0830/010435.667423:VERBOSE1:multi_log_ct_verifier.cc(75)] Adding CT log: Comodo 'Sabre' CT log
[44:67:0830/010435.667428:VERBOSE1:multi_log_ct_verifier.cc(75)] Adding CT log: Comodo 'Mammoth' CT log
[44:67:0830/010435.667433:VERBOSE1:multi_log_ct_verifier.cc(75)] Adding CT log: Izenpe log
[44:67:0830/010435.667438:VERBOSE1:multi_log_ct_verifier.cc(75)] Adding CT log: Venafi log
[44:67:0830/010435.667443:VERBOSE1:multi_log_ct_verifier.cc(75)] Adding CT log: Certly.IO log
[44:67:0830/010435.673837:VERBOSE1:proxy_service.cc(958)] PAC support disabled because there is no system implementation
[44:67:0830/010435.675692:VERBOSE1:network_delegate.cc(30)] NetworkDelegate::NotifyBeforeURLRequest: https://www.gstatic.com/chrome/intelligence/assist/ranker/models/translate/2017/03/translate_ranker_model_20170329.pb.bin
[44:67:0830/010435.675715:VERBOSE1:network_delegate.cc(30)] NetworkDelegate::NotifyBeforeURLRequest: https://www.gstatic.com/chrome/intelligence/assist/ranker/models/translate/2017/03/translate_ranker_model_20170329.pb.bin
[44:67:0830/010435.721073:VERBOSE1:network_delegate.cc(30)] NetworkDelegate::NotifyBeforeURLRequest: chrome-extension://aapnijgdinlhnhlmodcfapnahmbfebeb/_generated_background_page.html
[44:67:0830/010435.721093:VERBOSE1:network_delegate.cc(30)] NetworkDelegate::NotifyBeforeURLRequest: chrome-extension://aapnijgdinlhnhlmodcfapnahmbfebeb/_generated_background_page.html
[44:67:0830/010435.721101:VERBOSE1:network_delegate.cc(30)] NetworkDelegate::NotifyBeforeURLRequest: chrome-extension://aapnijgdinlhnhlmodcfapnahmbfebeb/_generated_background_page.html
[44:85:0830/010435.738407:VERBOSE1:LocalWindowProxy.cpp(236)] A context is created NOT from snapshot
[44:85:0830/010435.739808:VERBOSE1:script_context.cc(111)] Created context:
  extension id:           (none)
  frame:                  0x3238a18c1d18
  URL:                    
  context_type:           WEB_PAGE
  effective extension id: (none)
  effective context type: WEB_PAGE
[44:85:0830/010435.741289:VERBOSE1:script_context.cc(111)] Created context:
  extension id:           (none)
  frame:                  (nil)
  URL:                    
  context_type:           UNSPECIFIED
  effective extension id: (none)
  effective context type: UNSPECIFIED
[44:85:0830/010435.741879:VERBOSE1:dispatcher.cc(366)] Num tracked contexts: 1
[44:67:0830/010435.755261:VERBOSE1:network_delegate.cc(30)] NetworkDelegate::NotifyBeforeURLRequest: chrome-extension://aapnijgdinlhnhlmodcfapnahmbfebeb/background.js
[44:67:0830/010435.755284:VERBOSE1:network_delegate.cc(30)] NetworkDelegate::NotifyBeforeURLRequest: chrome-extension://aapnijgdinlhnhlmodcfapnahmbfebeb/background.js
[44:67:0830/010435.755294:VERBOSE1:network_delegate.cc(30)] NetworkDelegate::NotifyBeforeURLRequest: chrome-extension://aapnijgdinlhnhlmodcfapnahmbfebeb/background.js
[44:85:0830/010435.755441:VERBOSE1:LocalWindowProxy.cpp(236)] A context is created NOT from snapshot
[44:85:0830/010435.755950:VERBOSE1:script_context.cc(111)] Created context:
  extension id:           aapnijgdinlhnhlmodcfapnahmbfebeb
  frame:                  0x3238a18ce920
  URL:                    
  context_type:           BLESSED_EXTENSION
  effective extension id: aapnijgdinlhnhlmodcfapnahmbfebeb
  effective context type: BLESSED_EXTENSION
[44:85:0830/010435.756031:VERBOSE1:script_context.cc(111)] Created context:
  extension id:           (none)
  frame:                  (nil)
  URL:                    
  context_type:           UNSPECIFIED
  effective extension id: (none)
  effective context type: UNSPECIFIED
[44:85:0830/010435.775716:VERBOSE1:dispatcher.cc(366)] Num tracked contexts: 2
[44:85:0830/010435.776857:VERBOSE1:language_detection_util.cc(234)] Detected language: und
