[44:44:1105/170145.346500:VERBOSE1:breakpad_linux.cc(1977)] Breakpad disabled
[44:44:1105/170146.255249:VERBOSE1:webrtc_event_log_manager.cc(390)] WebRTC remote-bound event logging disabled.
[44:44:1105/170146.255358:VERBOSE1:pref_proxy_config_tracker_impl.cc(184)] 0x62074a7c580: set chrome proxy config service to 0x62074c28780
[44:44:1105/170146.255530:ERROR:default_network_context_params.cc(60)] Cannot use V8 Proxy resolver in single process mode.
[44:56:1105/170146.255903:ERROR:bus.cc(394)] Failed to connect to the bus: Failed to connect to socket /var/run/dbus/system_bus_socket: No such file or directory
[44:47:1105/170146.258897:VERBOSE1:multi_log_ct_verifier.cc(75)] Adding CT log: Google 'Argon2018' log
[44:47:1105/170146.258912:VERBOSE1:multi_log_ct_verifier.cc(75)] Adding CT log: Google 'Argon2019' log
[44:47:1105/170146.258918:VERBOSE1:multi_log_ct_verifier.cc(75)] Adding CT log: Google 'Argon2020' log
[44:47:1105/170146.258924:VERBOSE1:multi_log_ct_verifier.cc(75)] Adding CT log: Google 'Argon2021' log
[44:47:1105/170146.258930:VERBOSE1:multi_log_ct_verifier.cc(75)] Adding CT log: Google 'Aviator' log
[44:47:1105/170146.258935:VERBOSE1:multi_log_ct_verifier.cc(75)] Adding CT log: Google 'Icarus' log
[44:47:1105/170146.258940:VERBOSE1:multi_log_ct_verifier.cc(75)] Adding CT log: Google 'Pilot' log
[44:47:1105/170146.258946:VERBOSE1:multi_log_ct_verifier.cc(75)] Adding CT log: Google 'Rocketeer' log
[44:47:1105/170146.258951:VERBOSE1:multi_log_ct_verifier.cc(75)] Adding CT log: Google 'Skydiver' log
[44:47:1105/170146.258956:VERBOSE1:multi_log_ct_verifier.cc(75)] Adding CT log: Cloudflare 'Nimbus2018' Log
[44:47:1105/170146.258962:VERBOSE1:multi_log_ct_verifier.cc(75)] Adding CT log: Cloudflare 'Nimbus2019' Log
[44:47:1105/170146.258968:VERBOSE1:multi_log_ct_verifier.cc(75)] Adding CT log: Cloudflare 'Nimbus2020' Log
[44:47:1105/170146.258973:VERBOSE1:multi_log_ct_verifier.cc(75)] Adding CT log: Cloudflare 'Nimbus2021' Log
[44:47:1105/170146.258978:VERBOSE1:multi_log_ct_verifier.cc(75)] Adding CT log: DigiCert Log Server
[44:47:1105/170146.258984:VERBOSE1:multi_log_ct_verifier.cc(75)] Adding CT log: DigiCert Log Server 2
[44:47:1105/170146.258989:VERBOSE1:multi_log_ct_verifier.cc(75)] Adding CT log: DigiCert Yeti2018 Log
[44:47:1105/170146.258994:VERBOSE1:multi_log_ct_verifier.cc(75)] Adding CT log: DigiCert Yeti2019 Log
[44:47:1105/170146.259000:VERBOSE1:multi_log_ct_verifier.cc(75)] Adding CT log: DigiCert Yeti2020 Log
[44:47:1105/170146.259005:VERBOSE1:multi_log_ct_verifier.cc(75)] Adding CT log: DigiCert Yeti2021 Log
[44:47:1105/170146.259010:VERBOSE1:multi_log_ct_verifier.cc(75)] Adding CT log: DigiCert Yeti2022 Log
[44:47:1105/170146.259015:VERBOSE1:multi_log_ct_verifier.cc(75)] Adding CT log: Symantec log
[44:47:1105/170146.259020:VERBOSE1:multi_log_ct_verifier.cc(75)] Adding CT log: Symantec 'Vega' log
[44:47:1105/170146.259026:VERBOSE1:multi_log_ct_verifier.cc(75)] Adding CT log: Symantec 'Sirius' log
[44:47:1105/170146.259031:VERBOSE1:multi_log_ct_verifier.cc(75)] Adding CT log: Venafi Gen2 CT log
[44:47:1105/170146.259036:VERBOSE1:multi_log_ct_verifier.cc(75)] Adding CT log: CNNIC CT log
[44:47:1105/170146.259042:VERBOSE1:multi_log_ct_verifier.cc(75)] Adding CT log: Comodo 'Sabre' CT log
[44:47:1105/170146.259047:VERBOSE1:multi_log_ct_verifier.cc(75)] Adding CT log: Comodo 'Mammoth' CT log
[44:47:1105/170146.259052:VERBOSE1:multi_log_ct_verifier.cc(75)] Adding CT log: StartCom log
[44:47:1105/170146.259061:VERBOSE1:multi_log_ct_verifier.cc(75)] Adding CT log: WoSign log
[44:47:1105/170146.259067:VERBOSE1:multi_log_ct_verifier.cc(75)] Adding CT log: Izenpe log
[44:47:1105/170146.259072:VERBOSE1:multi_log_ct_verifier.cc(75)] Adding CT log: Venafi log
[44:47:1105/170146.259077:VERBOSE1:multi_log_ct_verifier.cc(75)] Adding CT log: Certly.IO log
[44:47:1105/170146.259140:VERBOSE1:proxy_resolution_service.cc(1022)] PAC support disabled because there is no system implementation
[44:44:1105/170146.262580:ERROR:gpu_process_transport_factory.cc(1016)] Lost UI shared context.
[44:44:1105/170146.262773:VERBOSE1:pulse_stubs.cc(683)] dlopen(libpulse.so.0) failed, dlerror() says:
libpulse.so.0: cannot open shared object file: No such file or directory
[44:44:1105/170146.262820:VERBOSE1:pulse_util.cc(105)] Failed on loading the Pulse library and symbols
[44:44:1105/170146.294735:VERBOSE1:mutable_profile_oauth2_token_service_delegate.cc(347)] MutablePO2TS::MutablePO2TS
[44:44:1105/170146.294803:VERBOSE1:device_event_log_impl.cc(161)] [17:01:46.294] Bluetooth: EVENT: bluetooth_api.cc:72 BluetoothAPI: 0x62074b94000
[44:44:1105/170146.295002:VERBOSE1:bluetooth_low_energy_event_router.cc(248)] Initializing BluetoothLowEnergyEventRouter.
[44:44:1105/170146.296276:VERBOSE1:dns_sd_registry.cc(158)] RegisterDnsSdListener: _googlecast._tcp.local, registered: 0
[44:44:1105/170146.296292:VERBOSE1:service_discovery_device_lister.cc(40)] DeviceListerStart: service_type: _googlecast._tcp.local
[44:44:1105/170146.296300:VERBOSE1:dns_sd_device_lister.cc(46)] Started device lister for service type _googlecast._tcp.local
[44:44:1105/170146.296306:VERBOSE1:service_discovery_device_lister.cc(46)] DiscoverNewDevices: service_type: _googlecast._tcp.local
[44:44:1105/170146.296312:VERBOSE1:dns_sd_device_lister.cc(50)] Discovery new devices for service type _googlecast._tcp.local
[44:44:1105/170146.296318:VERBOSE1:dns_sd_registry.cc(249)] DispatchApiEvent: service_type: _googlecast._tcp.local
[44:44:1105/170146.320180:VERBOSE1:pref_proxy_config_tracker_impl.cc(184)] 0x62074e37840: set chrome proxy config service to 0x62074dbea80
[44:44:1105/170146.320221:ERROR:default_network_context_params.cc(60)] Cannot use V8 Proxy resolver in single process mode.
[44:47:1105/170146.322044:VERBOSE1:multi_log_ct_verifier.cc(75)] Adding CT log: Google 'Argon2018' log
[44:47:1105/170146.322060:VERBOSE1:multi_log_ct_verifier.cc(75)] Adding CT log: Google 'Argon2019' log
[44:47:1105/170146.322066:VERBOSE1:multi_log_ct_verifier.cc(75)] Adding CT log: Google 'Argon2020' log
[44:47:1105/170146.322072:VERBOSE1:multi_log_ct_verifier.cc(75)] Adding CT log: Google 'Argon2021' log
[44:47:1105/170146.322078:VERBOSE1:multi_log_ct_verifier.cc(75)] Adding CT log: Google 'Aviator' log
[44:47:1105/170146.322083:VERBOSE1:multi_log_ct_verifier.cc(75)] Adding CT log: Google 'Icarus' log
[44:47:1105/170146.322088:VERBOSE1:multi_log_ct_verifier.cc(75)] Adding CT log: Google 'Pilot' log
[44:47:1105/170146.322094:VERBOSE1:multi_log_ct_verifier.cc(75)] Adding CT log: Google 'Rocketeer' log
[44:47:1105/170146.322101:VERBOSE1:multi_log_ct_verifier.cc(75)] Adding CT log: Google 'Skydiver' log
[44:47:1105/170146.322106:VERBOSE1:multi_log_ct_verifier.cc(75)] Adding CT log: Cloudflare 'Nimbus2018' Log
[44:47:1105/170146.322112:VERBOSE1:multi_log_ct_verifier.cc(75)] Adding CT log: Cloudflare 'Nimbus2019' Log
[44:47:1105/170146.322117:VERBOSE1:multi_log_ct_verifier.cc(75)] Adding CT log: Cloudflare 'Nimbus2020' Log
[44:47:1105/170146.322123:VERBOSE1:multi_log_ct_verifier.cc(75)] Adding CT log: Cloudflare 'Nimbus2021' Log
[44:47:1105/170146.322128:VERBOSE1:multi_log_ct_verifier.cc(75)] Adding CT log: DigiCert Log Server
[44:47:1105/170146.322133:VERBOSE1:multi_log_ct_verifier.cc(75)] Adding CT log: DigiCert Log Server 2
[44:47:1105/170146.322139:VERBOSE1:multi_log_ct_verifier.cc(75)] Adding CT log: DigiCert Yeti2018 Log
[44:47:1105/170146.322144:VERBOSE1:multi_log_ct_verifier.cc(75)] Adding CT log: DigiCert Yeti2019 Log
[44:47:1105/170146.322150:VERBOSE1:multi_log_ct_verifier.cc(75)] Adding CT log: DigiCert Yeti2020 Log
[44:47:1105/170146.322155:VERBOSE1:multi_log_ct_verifier.cc(75)] Adding CT log: DigiCert Yeti2021 Log
[44:47:1105/170146.322160:VERBOSE1:multi_log_ct_verifier.cc(75)] Adding CT log: DigiCert Yeti2022 Log
[44:47:1105/170146.322165:VERBOSE1:multi_log_ct_verifier.cc(75)] Adding CT log: Symantec log
[44:47:1105/170146.322170:VERBOSE1:multi_log_ct_verifier.cc(75)] Adding CT log: Symantec 'Vega' log
[44:47:1105/170146.322176:VERBOSE1:multi_log_ct_verifier.cc(75)] Adding CT log: Symantec 'Sirius' log
[44:47:1105/170146.322181:VERBOSE1:multi_log_ct_verifier.cc(75)] Adding CT log: Venafi Gen2 CT log
[44:47:1105/170146.322186:VERBOSE1:multi_log_ct_verifier.cc(75)] Adding CT log: CNNIC CT log
[44:47:1105/170146.322196:VERBOSE1:multi_log_ct_verifier.cc(75)] Adding CT log: Comodo 'Sabre' CT log
[44:47:1105/170146.322201:VERBOSE1:multi_log_ct_verifier.cc(75)] Adding CT log: Comodo 'Mammoth' CT log
[44:47:1105/170146.322206:VERBOSE1:multi_log_ct_verifier.cc(75)] Adding CT log: StartCom log
[44:47:1105/170146.322211:VERBOSE1:multi_log_ct_verifier.cc(75)] Adding CT log: WoSign log
[44:47:1105/170146.322221:VERBOSE1:multi_log_ct_verifier.cc(75)] Adding CT log: Izenpe log
[44:47:1105/170146.322226:VERBOSE1:multi_log_ct_verifier.cc(75)] Adding CT log: Venafi log
[44:47:1105/170146.322231:VERBOSE1:multi_log_ct_verifier.cc(75)] Adding CT log: Certly.IO log
[44:44:1105/170146.322237:VERBOSE1:extension_service.cc(1254)] AddComponentExtension Cloud Print
[44:47:1105/170146.322250:VERBOSE1:proxy_resolution_service.cc(1022)] PAC support disabled because there is no system implementation
[44:44:1105/170146.322252:VERBOSE1:extension_service.cc(1256)] Component extension Cloud Print (mfehgcgbbipciphmccgaenjidiccnmng) installing/upgrading from '' to 0.1
[44:44:1105/170146.322919:VERBOSE1:extension_service.cc(1254)] AddComponentExtension Web Store
[44:44:1105/170146.322932:VERBOSE1:extension_service.cc(1256)] Component extension Web Store (ahfgeienlihckogmohjhadlkjgocpleb) installing/upgrading from '' to 0.2
[44:44:1105/170146.323295:VERBOSE1:extension_service.cc(1254)] AddComponentExtension Chromium PDF Viewer
[44:44:1105/170146.323347:VERBOSE1:extension_service.cc(1256)] Component extension Chromium PDF Viewer (mhjfbmdgcfjbbpaeojofohoefgiehjai) installing/upgrading from '' to 1
[44:44:1105/170146.324973:VERBOSE1:account_reconcilor.cc(101)] AccountReconcilor::AccountReconcilor
[44:44:1105/170146.324986:VERBOSE1:account_reconcilor.cc(115)] AccountReconcilor::Initialize
[44:44:1105/170146.329114:VERBOSE1:file_type_policies_component_installer.cc(134)] Registering File Type Policies component.
[44:44:1105/170146.330617:WARNING:browser_main_loop.cc(271)] GLib-GObject: g_object_get_valist: object class 'GtkSettings' has no property named 'gtk-application-prefer-dark-theme'
[44:78:1105/170146.352252:ERROR:bus.cc(394)] Failed to connect to the bus: Address does not contain a colon
[44:44:1105/170146.356124:WARNING:password_store_factory.cc(250)] Using basic (unencrypted) store for password storage. See https://chromium.googlesource.com/chromium/src/+/master/docs/linux_password_storage.md for more information about password storage options.
[44:47:1105/170146.366507:VERBOSE1:network_delegate.cc(30)] NetworkDelegate::NotifyBeforeURLRequest: data:,
[44:47:1105/170146.366525:VERBOSE1:network_delegate.cc(30)] NetworkDelegate::NotifyBeforeURLRequest: data:,
[44:47:1105/170146.366545:VERBOSE1:network_delegate.cc(30)] NetworkDelegate::NotifyBeforeURLRequest: data:,
[44:44:1105/170146.373450:VERBOSE1:bluez_dbus_manager.cc(174)] Bluetooth not supported.
[44:44:1105/170146.373988:VERBOSE1:gaia_cookie_manager_service.cc(787)] GaiaCookieManagerService::ListAccounts
[44:47:1105/170146.381477:VERBOSE1:network_delegate.cc(30)] NetworkDelegate::NotifyBeforeURLRequest: https://accounts.google.com/ListAccounts?gpsia=1&source=durations_metrics,counter:0,load_time_ms:79&json=standard
[44:47:1105/170146.381497:VERBOSE1:network_delegate.cc(30)] NetworkDelegate::NotifyBeforeURLRequest: https://accounts.google.com/ListAccounts?gpsia=1&source=durations_metrics,counter:0,load_time_ms:79&json=standard
[44:47:1105/170146.381508:VERBOSE1:network_delegate.cc(30)] NetworkDelegate::NotifyBeforeURLRequest: https://accounts.google.com/ListAccounts?gpsia=1&source=durations_metrics,counter:0,load_time_ms:79&json=standard
[44:47:1105/170146.382533:VERBOSE1:mdns_client_impl.cc(160)] Sockets ready:2
[44:47:1105/170146.388128:VERBOSE1:network_delegate.cc(30)] NetworkDelegate::NotifyBeforeURLRequest: chrome-extension://aapnijgdinlhnhlmodcfapnahmbfebeb/_generated_background_page.html
[44:47:1105/170146.388145:VERBOSE1:network_delegate.cc(30)] NetworkDelegate::NotifyBeforeURLRequest: chrome-extension://aapnijgdinlhnhlmodcfapnahmbfebeb/_generated_background_page.html
[44:47:1105/170146.388160:VERBOSE1:network_delegate.cc(30)] NetworkDelegate::NotifyBeforeURLRequest: chrome-extension://aapnijgdinlhnhlmodcfapnahmbfebeb/_generated_background_page.html
[44:63:1105/170146.410939:VERBOSE1:component_installer.cc(252)] StartRegistration for Subresource Filter Rules
[44:63:1105/170146.411050:VERBOSE1:component_installer.cc(252)] StartRegistration for CRLSet
[44:63:1105/170146.411110:VERBOSE1:component_installer.cc(252)] StartRegistration for Signed Tree Heads
[44:63:1105/170146.411167:VERBOSE1:component_installer.cc(252)] StartRegistration for Origin Trials
[44:63:1105/170146.411221:VERBOSE1:component_installer.cc(252)] StartRegistration for File Type Policies
[44:63:1105/170146.411272:VERBOSE1:component_installer.cc(252)] StartRegistration for SSL Error Assistant
[44:44:1105/170146.411334:VERBOSE1:component_installer.cc(396)] FinishRegistration for Subresource Filter Rules
[44:44:1105/170146.411364:VERBOSE1:component_updater_service.cc(88)] CrxUpdateService starting up. First update attempt will take place in 360 seconds. Next update attempt will take place in 18000 seconds. 
[44:44:1105/170146.411377:VERBOSE1:component_installer.cc(396)] FinishRegistration for CRLSet
[44:44:1105/170146.411395:VERBOSE1:component_installer.cc(396)] FinishRegistration for Signed Tree Heads
[44:44:1105/170146.411406:VERBOSE1:component_installer.cc(396)] FinishRegistration for Origin Trials
[44:44:1105/170146.411420:VERBOSE1:component_installer.cc(396)] FinishRegistration for File Type Policies
[44:63:1105/170146.412418:VERBOSE1:component_installer.cc(252)] StartRegistration for MEI Preload
[44:44:1105/170146.412426:VERBOSE1:component_installer.cc(396)] FinishRegistration for SSL Error Assistant
[44:44:1105/170146.412512:VERBOSE1:component_installer.cc(396)] FinishRegistration for MEI Preload
[44:83:1105/170146.414325:WARNING:histograms.cc(40)] Started multiple compositor clients (Browser, Renderer) in one process. Some metrics will be disabled.
[44:47:1105/170146.424639:VERBOSE1:network_delegate.cc(30)] NetworkDelegate::NotifyBeforeURLRequest: https://www.gstatic.com/chrome/intelligence/assist/ranker/models/translate/translate_ranker_20180123.model
[44:47:1105/170146.424660:VERBOSE1:network_delegate.cc(30)] NetworkDelegate::NotifyBeforeURLRequest: https://www.gstatic.com/chrome/intelligence/assist/ranker/models/translate/translate_ranker_20180123.model
[44:66:1105/170146.484945:VERBOSE1:simple_index_file.cc(586)] Simple Cache Index is being restored from disk.
[44:83:1105/170146.486782:VERBOSE1:v8_context_snapshot.cc(139)] A context is created from snapshot for main world
[44:83:1105/170146.486880:VERBOSE1:script_context.cc(91)] Created context:
  extension id:           (none)
  frame:                  0x27da64341c28
  URL:                    
  context_type:           WEB_PAGE
  effective extension id: (none)
  effective context type: WEB_PAGE
[44:83:1105/170146.491161:VERBOSE1:script_context.cc(91)] Created context:
  extension id:           (none)
  frame:                  (nil)
  URL:                    
  context_type:           UNSPECIFIED
  effective extension id: (none)
  effective context type: UNSPECIFIED
[44:83:1105/170146.492111:VERBOSE1:dispatcher.cc(360)] Num tracked contexts: 1
[44:83:1105/170146.504642:VERBOSE1:language_detection_util.cc(129)] Detected language: und
[44:47:1105/170146.508921:VERBOSE1:network_delegate.cc(30)] NetworkDelegate::NotifyBeforeURLRequest: chrome-extension://aapnijgdinlhnhlmodcfapnahmbfebeb/background.js
[44:47:1105/170146.508942:VERBOSE1:network_delegate.cc(30)] NetworkDelegate::NotifyBeforeURLRequest: chrome-extension://aapnijgdinlhnhlmodcfapnahmbfebeb/background.js
[44:47:1105/170146.508951:VERBOSE1:network_delegate.cc(30)] NetworkDelegate::NotifyBeforeURLRequest: chrome-extension://aapnijgdinlhnhlmodcfapnahmbfebeb/background.js
[44:83:1105/170146.514020:VERBOSE1:v8_context_snapshot.cc(139)] A context is created from snapshot for main world
[44:83:1105/170146.514128:VERBOSE1:script_context.cc(91)] Created context:
  extension id:           aapnijgdinlhnhlmodcfapnahmbfebeb
  frame:                  0x27da64351408
  URL:                    
  context_type:           BLESSED_EXTENSION
  effective extension id: aapnijgdinlhnhlmodcfapnahmbfebeb
  effective context type: BLESSED_EXTENSION
[44:83:1105/170146.514205:VERBOSE1:script_context.cc(91)] Created context:
  extension id:           (none)
  frame:                  (nil)
  URL:                    
  context_type:           UNSPECIFIED
  effective extension id: (none)
  effective context type: UNSPECIFIED
[44:83:1105/170146.563401:VERBOSE1:dispatcher.cc(360)] Num tracked contexts: 2
[44:44:1105/170146.946739:VERBOSE1:gaia_cookie_manager_service.cc(650)] ListAccounts successful
[44:44:1105/170146.946763:VERBOSE1:gaia_cookie_manager_service.cc(796)] GaiaCookieManagerService::HandleNextRequest
[44:44:1105/170146.946785:VERBOSE1:gaia_cookie_manager_service.cc(812)] GaiaCookieManagerService::HandleNextRequest: no more
