[44:44:1018/194450.015263:VERBOSE1:breakpad_linux.cc(1980)] Breakpad disabled
[44:49:1018/194450.158663:ERROR:bus.cc(395)] Failed to connect to the bus: Failed to connect to socket /var/run/dbus/system_bus_socket: No such file or directory
[44:44:1018/194450.890590:VERBOSE1:pref_proxy_config_tracker_impl.cc(154)] 0x10b52a8d7580: set chrome proxy config service to 0x10b52a9b0d80
[44:44:1018/194450.902821:VERBOSE1:pulse_stubs.cc(683)] dlopen(libpulse.so.0) failed, dlerror() says:
libpulse.so.0: cannot open shared object file: No such file or directory
[44:44:1018/194450.902898:VERBOSE1:pulse_util.cc(106)] Failed on loading the Pulse library and symbols
[44:44:1018/194450.965757:VERBOSE1:mutable_profile_oauth2_token_service_delegate.cc(162)] MutablePO2TS::MutablePO2TS
[44:44:1018/194450.965827:VERBOSE1:device_event_log_impl.cc(158)] [19:44:50.965] Bluetooth: EVENT: bluetooth_api.cc:68 BluetoothAPI: 0x10b52aa1e000
[44:44:1018/194450.966070:VERBOSE1:bluetooth_low_energy_event_router.cc(248)] Initializing BluetoothLowEnergyEventRouter.
[44:44:1018/194451.005271:VERBOSE1:pref_proxy_config_tracker_impl.cc(154)] 0x10b52ab3e840: set chrome proxy config service to 0x10b52aa7c000
[44:44:1018/194451.007969:VERBOSE1:extension_service.cc(1403)] AddComponentExtension Cloud Print
[44:44:1018/194451.007989:VERBOSE1:extension_service.cc(1405)] Component extension Cloud Print (mfehgcgbbipciphmccgaenjidiccnmng) installing/upgrading from '' to 0.1
[44:44:1018/194451.008625:VERBOSE1:extension_service.cc(1403)] AddComponentExtension Web Store
[44:44:1018/194451.008645:VERBOSE1:extension_service.cc(1405)] Component extension Web Store (ahfgeienlihckogmohjhadlkjgocpleb) installing/upgrading from '' to 0.2
[44:44:1018/194451.017429:VERBOSE1:extension_service.cc(1403)] AddComponentExtension Chromium PDF Viewer
[44:44:1018/194451.017456:VERBOSE1:extension_service.cc(1405)] Component extension Chromium PDF Viewer (mhjfbmdgcfjbbpaeojofohoefgiehjai) installing/upgrading from '' to 1
[44:44:1018/194451.019709:VERBOSE1:account_reconcilor.cc(88)] AccountReconcilor::AccountReconcilor
[44:44:1018/194451.019729:VERBOSE1:account_reconcilor.cc(99)] AccountReconcilor::Initialize
[44:44:1018/194451.025195:VERBOSE1:file_type_policies_component_installer.cc(129)] Registering File Type Policies component.
[44:61:1018/194451.036850:VERBOSE1:component_installer.cc(244)] StartRegistration for Signed Tree Heads
[44:61:1018/194451.037013:VERBOSE1:component_installer.cc(244)] StartRegistration for Origin Trials
[44:61:1018/194451.037142:VERBOSE1:component_installer.cc(244)] StartRegistration for File Type Policies
[44:61:1018/194451.037269:VERBOSE1:component_installer.cc(244)] StartRegistration for SSL Error Assistant
[44:44:1018/194451.119446:WARNING:password_store_factory.cc(241)] Using basic (unencrypted) store for password storage. See https://chromium.googlesource.com/chromium/src/+/master/docs/linux_password_storage.md for more information about password storage options.
[44:44:1018/194451.203996:VERBOSE1:bluez_dbus_manager.cc(172)] Bluetooth not supported.
[44:44:1018/194451.217771:VERBOSE1:component_updater_service.cc(91)] CrxUpdateService starting up. First update attempt will take place in 360 seconds. Next update attempt will take place in 18000 seconds. 
[44:44:1018/194451.217804:VERBOSE1:component_installer.cc(378)] FinishRegistration for Signed Tree Heads
[44:44:1018/194451.217841:VERBOSE1:component_installer.cc(378)] FinishRegistration for Origin Trials
[44:44:1018/194451.217867:VERBOSE1:component_installer.cc(378)] FinishRegistration for File Type Policies
[44:44:1018/194451.217901:VERBOSE1:component_installer.cc(378)] FinishRegistration for SSL Error Assistant
[44:86:1018/194451.237390:WARNING:histograms.cc(40)] Started multiple compositor clients (Browser, Renderer) in one process. Some metrics will be disabled.
[44:74:1018/194451.504620:VERBOSE1:multi_log_ct_verifier.cc(75)] Adding CT log: Google 'Aviator' log
[44:74:1018/194451.504649:VERBOSE1:multi_log_ct_verifier.cc(75)] Adding CT log: Google 'Icarus' log
[44:74:1018/194451.504657:VERBOSE1:multi_log_ct_verifier.cc(75)] Adding CT log: Google 'Pilot' log
[44:74:1018/194451.504675:VERBOSE1:multi_log_ct_verifier.cc(75)] Adding CT log: Google 'Rocketeer' log
[44:74:1018/194451.504683:VERBOSE1:multi_log_ct_verifier.cc(75)] Adding CT log: Google 'Skydiver' log
[44:74:1018/194451.504689:VERBOSE1:multi_log_ct_verifier.cc(75)] Adding CT log: DigiCert Log Server
[44:74:1018/194451.504697:VERBOSE1:multi_log_ct_verifier.cc(75)] Adding CT log: DigiCert Log Server 2
[44:74:1018/194451.504704:VERBOSE1:multi_log_ct_verifier.cc(75)] Adding CT log: Symantec log
[44:74:1018/194451.504711:VERBOSE1:multi_log_ct_verifier.cc(75)] Adding CT log: Symantec 'Vega' log
[44:74:1018/194451.504718:VERBOSE1:multi_log_ct_verifier.cc(75)] Adding CT log: Symantec 'Sirius' log
[44:74:1018/194451.504750:VERBOSE1:multi_log_ct_verifier.cc(75)] Adding CT log: WoSign log
[44:74:1018/194451.504762:VERBOSE1:multi_log_ct_verifier.cc(75)] Adding CT log: Venafi Gen2 CT log
[44:74:1018/194451.504769:VERBOSE1:multi_log_ct_verifier.cc(75)] Adding CT log: CNNIC CT log
[44:74:1018/194451.504776:VERBOSE1:multi_log_ct_verifier.cc(75)] Adding CT log: StartCom log
[44:74:1018/194451.504782:VERBOSE1:multi_log_ct_verifier.cc(75)] Adding CT log: Comodo 'Sabre' CT log
[44:74:1018/194451.504789:VERBOSE1:multi_log_ct_verifier.cc(75)] Adding CT log: Comodo 'Mammoth' CT log
[44:74:1018/194451.504796:VERBOSE1:multi_log_ct_verifier.cc(75)] Adding CT log: Izenpe log
[44:74:1018/194451.504802:VERBOSE1:multi_log_ct_verifier.cc(75)] Adding CT log: Venafi log
[44:74:1018/194451.504809:VERBOSE1:multi_log_ct_verifier.cc(75)] Adding CT log: Certly.IO log
[44:74:1018/194451.504820:ERROR:io_thread.cc(730)] Cannot use V8 Proxy resolver in single process mode.
[44:74:1018/194451.504951:VERBOSE1:proxy_service.cc(958)] PAC support disabled because there is no system implementation
[44:74:1018/194451.506086:ERROR:io_thread.cc(730)] Cannot use V8 Proxy resolver in single process mode.
[44:74:1018/194451.506103:VERBOSE1:multi_log_ct_verifier.cc(75)] Adding CT log: Google 'Aviator' log
[44:74:1018/194451.506111:VERBOSE1:multi_log_ct_verifier.cc(75)] Adding CT log: Google 'Icarus' log
[44:74:1018/194451.506117:VERBOSE1:multi_log_ct_verifier.cc(75)] Adding CT log: Google 'Pilot' log
[44:74:1018/194451.506124:VERBOSE1:multi_log_ct_verifier.cc(75)] Adding CT log: Google 'Rocketeer' log
[44:74:1018/194451.506131:VERBOSE1:multi_log_ct_verifier.cc(75)] Adding CT log: Google 'Skydiver' log
[44:74:1018/194451.506138:VERBOSE1:multi_log_ct_verifier.cc(75)] Adding CT log: DigiCert Log Server
[44:74:1018/194451.506144:VERBOSE1:multi_log_ct_verifier.cc(75)] Adding CT log: DigiCert Log Server 2
[44:74:1018/194451.506151:VERBOSE1:multi_log_ct_verifier.cc(75)] Adding CT log: Symantec log
[44:74:1018/194451.506157:VERBOSE1:multi_log_ct_verifier.cc(75)] Adding CT log: Symantec 'Vega' log
[44:74:1018/194451.506164:VERBOSE1:multi_log_ct_verifier.cc(75)] Adding CT log: Symantec 'Sirius' log
[44:74:1018/194451.506170:VERBOSE1:multi_log_ct_verifier.cc(75)] Adding CT log: WoSign log
[44:74:1018/194451.506177:VERBOSE1:multi_log_ct_verifier.cc(75)] Adding CT log: Venafi Gen2 CT log
[44:74:1018/194451.506183:VERBOSE1:multi_log_ct_verifier.cc(75)] Adding CT log: CNNIC CT log
[44:74:1018/194451.506189:VERBOSE1:multi_log_ct_verifier.cc(75)] Adding CT log: StartCom log
[44:74:1018/194451.506196:VERBOSE1:multi_log_ct_verifier.cc(75)] Adding CT log: Comodo 'Sabre' CT log
[44:74:1018/194451.506202:VERBOSE1:multi_log_ct_verifier.cc(75)] Adding CT log: Comodo 'Mammoth' CT log
[44:74:1018/194451.506209:VERBOSE1:multi_log_ct_verifier.cc(75)] Adding CT log: Izenpe log
[44:74:1018/194451.506215:VERBOSE1:multi_log_ct_verifier.cc(75)] Adding CT log: Venafi log
[44:74:1018/194451.506222:VERBOSE1:multi_log_ct_verifier.cc(75)] Adding CT log: Certly.IO log
[44:74:1018/194451.506321:VERBOSE1:proxy_service.cc(958)] PAC support disabled because there is no system implementation
[44:74:1018/194451.507156:VERBOSE1:network_delegate.cc(30)] NetworkDelegate::NotifyBeforeURLRequest: https://www.gstatic.com/chrome/intelligence/assist/ranker/models/translate/2017/03/translate_ranker_model_20170329.pb.bin
[44:74:1018/194451.507178:VERBOSE1:network_delegate.cc(30)] NetworkDelegate::NotifyBeforeURLRequest: https://www.gstatic.com/chrome/intelligence/assist/ranker/models/translate/2017/03/translate_ranker_model_20170329.pb.bin
[44:74:1018/194451.616886:VERBOSE1:network_delegate.cc(30)] NetworkDelegate::NotifyBeforeURLRequest: chrome-extension://aapnijgdinlhnhlmodcfapnahmbfebeb/_generated_background_page.html
[44:74:1018/194451.616914:VERBOSE1:network_delegate.cc(30)] NetworkDelegate::NotifyBeforeURLRequest: chrome-extension://aapnijgdinlhnhlmodcfapnahmbfebeb/_generated_background_page.html
[44:74:1018/194451.616930:VERBOSE1:network_delegate.cc(30)] NetworkDelegate::NotifyBeforeURLRequest: chrome-extension://aapnijgdinlhnhlmodcfapnahmbfebeb/_generated_background_page.html
[44:86:1018/194451.638574:VERBOSE1:LocalWindowProxy.cpp(236)] A context is created NOT from snapshot
[44:86:1018/194451.639543:VERBOSE1:script_context.cc(111)] Created context:
  extension id:           (none)
  frame:                  0x287f52e01d18
  URL:                    
  context_type:           WEB_PAGE
  effective extension id: (none)
  effective context type: WEB_PAGE
[44:86:1018/194451.640581:VERBOSE1:script_context.cc(111)] Created context:
  extension id:           (none)
  frame:                  (nil)
  URL:                    
  context_type:           UNSPECIFIED
  effective extension id: (none)
  effective context type: UNSPECIFIED
[44:86:1018/194451.641270:VERBOSE1:dispatcher.cc(366)] Num tracked contexts: 1
[44:86:1018/194451.659015:VERBOSE1:language_detection_util.cc(234)] Detected language: und
[44:74:1018/194451.659934:VERBOSE1:network_delegate.cc(30)] NetworkDelegate::NotifyBeforeURLRequest: chrome-extension://aapnijgdinlhnhlmodcfapnahmbfebeb/background.js
[44:74:1018/194451.659958:VERBOSE1:network_delegate.cc(30)] NetworkDelegate::NotifyBeforeURLRequest: chrome-extension://aapnijgdinlhnhlmodcfapnahmbfebeb/background.js
[44:74:1018/194451.659976:VERBOSE1:network_delegate.cc(30)] NetworkDelegate::NotifyBeforeURLRequest: chrome-extension://aapnijgdinlhnhlmodcfapnahmbfebeb/background.js
[44:86:1018/194451.677875:VERBOSE1:LocalWindowProxy.cpp(236)] A context is created NOT from snapshot
[44:86:1018/194451.678351:VERBOSE1:script_context.cc(111)] Created context:
  extension id:           aapnijgdinlhnhlmodcfapnahmbfebeb
  frame:                  0x287f52e0e208
  URL:                    
  context_type:           BLESSED_EXTENSION
  effective extension id: aapnijgdinlhnhlmodcfapnahmbfebeb
  effective context type: BLESSED_EXTENSION
[44:86:1018/194451.678484:VERBOSE1:script_context.cc(111)] Created context:
  extension id:           (none)
  frame:                  (nil)
  URL:                    
  context_type:           UNSPECIFIED
  effective extension id: (none)
  effective context type: UNSPECIFIED
[44:86:1018/194451.704172:VERBOSE1:dispatcher.cc(366)] Num tracked contexts: 2
