[0.618][INFO]: COMMAND InitSession {
   "desiredCapabilities": {
      "browserName": "chrome",
      "chromeOptions": {
         "args": [ "--disable-gpu", "--single-process", "--no-sandbox", "--data-path=/tmp/data-path", "--homedir=/tmp/homedir", "--disk-cache-dir=/tmp", "--disk-cache-size=1", "--media-cache-size=1", "--allow-file-access-from-files", "--enable-logging", "--v=1", "--disable-web-security", "--disable-extensions", "--ignore-certificate-errors", "--disable-ntp-most-likely-favicons-from-server", "--disable-ntp-popular-sites", "--window-size=1366,1024", "--disable-infobars", "--disable-dev-shm-usage", "..." ],
         "binary": "/tmp/chrome-lambda/chrome",
         "prefs": {
            "credentials_enable_service": false,
            "profile": {
               "password_manager_enabled": false
            }
         }
      },
      "count": 1
   }
}
[0.619][INFO]: Populating Preferences file: {
   "alternate_error_pages": {
      "enabled": false
   },
   "autofill": {
      "enabled": false
   },
   "browser": {
      "check_default_browser": false
   },
   "credentials_enable_service": false,
   "distribution": {
      "import_bookmarks": false,
      "import_history": false,
      "import_search_engine": false,
      "make_chrome_default_for_user": false,
      "show_welcome_page": false,
      "skip_first_run_ui": true
   },
   "dns_prefetching": {
      "enabled": false
   },
   "profile": {
      "password_manager_enabled": false
   },
   "safebrowsing": {
      "enabled": false
   },
   "search": {
      "suggest_enabled": false
   },
   "translate": {
      "enabled": false
   }
}
[0.619][INFO]: Populating Local State file: {
   "background_mode": {
      "enabled": false
   },
   "ssl": {
      "rev_checking": {
         "enabled": false
      }
   }
}
[0.620][INFO]: Launching chrome: /tmp/chrome-lambda/chrome --allow-file-access-from-files --data-path=/tmp/data-path --disable-background-networking --disable-browser-side-navigation --disable-client-side-phishing-detection --disable-default-apps --disable-dev-shm-usage --disable-extensions --disable-extensions-except=/tmp/.org.chromium.Chromium.lIGHFN/internal --disable-gpu --disable-hang-monitor --disable-infobars --disable-ntp-most-likely-favicons-from-server --disable-ntp-popular-sites --disable-popup-blocking --disable-prompt-on-repost --disable-sync --disable-web-resources --disable-web-security --disk-cache-dir=/tmp --disk-cache-size=1 --enable-automation --enable-logging --enable-precise-memory-info --force-fieldtrials=SiteIsolationExtensions/Control --homedir=/tmp/homedir --ignore-certificate-errors --log-level=0 --media-cache-size=1 --metrics-recording-only --no-first-run --no-sandbox --password-store=basic --remote-debugging-port=12583 --safebrowsing-disable-auto-update --single-process --test-type=webdriver --use-mock-keychain --user-data-dir=/tmp/.org.chromium.Chromium.YQnPbH --v=1 --window-size=1366,1024 data:,
[0.620][DEBUG]: DevTools request: http://localhost:12583/json/version
[0.638][SEVERE]: Error initializing NSS with a persistent database (sql:/tmp/homedir/.pki/nssdb): NSS error code: -8023
[0.638][SEVERE]: Error initializing NSS without a persistent database: NSS error code: -8023
[0.640][SEVERE]: nss_error=-8023, os_error=0
#0 0x000000506057 <unknown>
#1 0x00000050d1c1 <unknown>
#2 0x00000073fc23 <unknown>
#3 0x000000677945 <unknown>
#4 0x00000059dc96 <unknown>
#5 0x00000058374c <unknown>
#6 0x00000057a327 <unknown>
#7 0x00000046cda4 <unknown>
#8 0x00000065d89a <unknown>
#9 0x00000065b87b <unknown>
#10 0x0000005473c7 <unknown>
#11 0x00000050eb24 <unknown>
#12 0x00000050f1a1 <unknown>
#13 0x000000511079 <unknown>
#14 0x00000051b9f5 <unknown>
#15 0x000000533cea <unknown>
#16 0x00000052f7b3 <unknown>
#17 0x7f83bb1a0de5 start_thread
#18 0x7f83b914230d __clone

[0.641][SEVERE]: CreatePlatformSocket() returned an error, errno=97: Address family not supported by protocol (97)
[0.655][DEBUG]: DevTools request failed
prctl(PR_SET_NO_NEW_PRIVS) failed
Xlib:  extension "RANDR" missing on display ":99".
[143:148:1102/205606.456161:ERROR:bus.cc(395)] Failed to connect to the bus: Failed to connect to socket /var/run/dbus/system_bus_socket: No such file or directory
[0.705][DEBUG]: DevTools request: http://localhost:12583/json/version
[0.705][SEVERE]: CreatePlatformSocket() returned an error, errno=97: Address family not supported by protocol (97)
[0.705][DEBUG]: DevTools request failed
Xlib:  extension "RANDR" missing on display ":99".
[143:166:1102/205606.523953:ERROR:nss_util.cc(650)] Error initializing NSS with a persistent database (sql:/tmp/homedir/.pki/nssdb): NSS error code: -8023
[143:166:1102/205606.524088:ERROR:nss_util.cc(154)] Error initializing NSS without a persistent database: NSS error code: -8023
[0.756][DEBUG]: DevTools request: http://localhost:12583/json/version
[0.756][SEVERE]: CreatePlatformSocket() returned an error, errno=97: Address family not supported by protocol (97)
[0.756][DEBUG]: DevTools request failed
[0.806][DEBUG]: DevTools request: http://localhost:12583/json/version
[0.806][SEVERE]: CreatePlatformSocket() returned an error, errno=97: Address family not supported by protocol (97)
[0.806][DEBUG]: DevTools request failed

DevTools listening on ws://127.0.0.1:12583/devtools/browser/c44a6f5f-3fe7-4e1f-a987-76df9560bb01
[0.858][DEBUG]: DevTools request: http://localhost:12583/json/version
[0.858][SEVERE]: CreatePlatformSocket() returned an error, errno=97: Address family not supported by protocol (97)
[0.920][DEBUG]: DevTools response: {
   "Browser": "Chrome/63.0.3239.84",
   "Protocol-Version": "1.2",
   "User-Agent": "Mozilla/5.0 (X11; Linux x86_64) AppleWebKit/537.36 (KHTML, like Gecko) Chrome/63.0.3239.84 Safari/537.36",
   "V8-Version": "6.3.292.46",
   "WebKit-Version": "537.36 (@0f53a5abc7a405fbe9f1cfd3db38f2092c8a7816)",
   "webSocketDebuggerUrl": "ws://localhost:12583/devtools/browser/c44a6f5f-3fe7-4e1f-a987-76df9560bb01"
}

[0.936][DEBUG]: DevTools request: http://localhost:12583/json
[143:166:1102/205606.528717:FATAL:nss_util.cc(156)] nss_error=-8023, os_error=0
#0 0x55ca4be24a87 base::debug::StackTrace::StackTrace()
#1 0x55ca4be3b221 logging::LogMessage::~LogMessage()
#2 0x55ca4c6f0b43 base::LazyInstance<>::Get()
#3 0x55ca4c519bb5 net::CertDatabase::GetInstance()
#4 0x55ca4c6587d8 net::ClientSocketFactory::GetDefaultFactory()
#5 0x55ca4c571ac8 net::DnsClient::CreateClient()
#6 0x55ca4bc0564a chrome_browser_net::DnsProbeService::SetSystemClientToCurrentConfig()
#7 0x55ca4bc055b2 chrome_browser_net::DnsProbeService::DnsProbeService()
#8 0x55ca4bbd089d IOThread::Init()
#9 0x55ca4ac8e95d content::BrowserProcessSubThread::Init()
#10 0x55ca4be8ac07 base::Thread::ThreadMain()
#11 0x55ca4be85ea3 base::(anonymous namespace)::ThreadFunc()
#12 0x7ffbf56f6de5 start_thread
#13 0x7ffbef83c30d __clone

Received signal 6
#0 0x55ca4be24a87 [0.957][DEBUG]: DevTools response: [ {
   "description": "",
   "devtoolsFrontendUrl": "/devtools/inspector.html?ws=localhost:12583/devtools/page/(35996DDA59868171F731FB7B82F090E6)",
   "id": "(35996DDA59868171F731FB7B82F090E6)",
   "title": "",
   "type": "page",
   "url": "data:,",
   "webSocketDebuggerUrl": "ws://localhost:12583/devtools/page/(35996DDA59868171F731FB7B82F090E6)"
} ]

[0.957][DEBUG]: DevTools request: http://localhost:12583/json
base::debug::StackTrace::StackTrace()
#1 0x55ca4be245ef base::debug::(anonymous namespace)::StackDumpSignalHandler()
#2 0x7ffbf56fe5a0 [0.960][DEBUG]: DevTools response: [ {
   "description": "",
   "devtoolsFrontendUrl": "/devtools/inspector.html?ws=localhost:12583/devtools/page/(35996DDA59868171F731FB7B82F090E6)",
   "id": "(35996DDA59868171F731FB7B82F090E6)",
   "title": "",
   "type": "page",
   "url": "data:,",
   "webSocketDebuggerUrl": "ws://localhost:12583/devtools/page/(35996DDA59868171F731FB7B82F090E6)"
} ]

<unknown>
#3 0x7ffbef7791f7 __GI_raise
#4 0x7ffbef77a8e8 [0.961][INFO]: resolved localhost to ["127.0.0.1"]
__GI_abort
#5 0x55ca4be23632 [0.961][DEBUG]: DEVTOOLS COMMAND Log.enable (id=1) {

}
[0.961][DEBUG]: DEVTOOLS COMMAND DOM.getDocument (id=2) {

}
[0.976][DEBUG]: DEVTOOLS COMMAND Runtime.enable (id=3) {

}
[0.976][DEBUG]: DEVTOOLS COMMAND Page.enable (id=4) {

}
[0.976][DEBUG]: DEVTOOLS COMMAND Page.enable (id=5) {

}
base::debug::BreakDebugger()
#6 0x55ca4be3b60a logging::LogMessage::~LogMessage()
#7 0x55ca4c6f0b43 base::LazyInstance<>::Get()
#8 0x55ca4c519bb5 net::CertDatabase::GetInstance()
#9 0x55ca4c6587d8 net::ClientSocketFactory::GetDefaultFactory()
#10 0x55ca4c571ac8 net::DnsClient::CreateClient()
#11 0x55ca4bc0564a chrome_browser_net::DnsProbeService::SetSystemClientToCurrentConfig()
#12 0x55ca4bc055b2 chrome_browser_net::DnsProbeService::DnsProbeService()
#13 0x55ca4bbd089d IOThread::Init()
#14 0x55ca4ac8e95d content::BrowserProcessSubThread::Init()
#15 0x55ca4be8ac07 base::Thread::ThreadMain()
#16 0x55ca4be85ea3 base::(anonymous namespace)::ThreadFunc()
#17 0x7ffbf56f6de5 start_thread
#18 0x7ffbef83c30d __clone
  r8: 00007ffbd7e43280  r9: 0000000000000000 r10: 0000000000000008 r11: 0000000000000202
 r12: 00007ffbd7e43720 r13: 000000000000004f r14: 00007ffbd7e43718 r15: 00007ffbd7e43710
  di: 000000000000008f  si: 00000000000000a6  bp: 00007ffbd7e43280  bx: 00007ffbd7e43280
  dx: 0000000000000006  ax: 0000000000000000  cx: 00007ffbef7791f7  sp: 00007ffbd7e430d8
  ip: 00007ffbef7791f7 efl: 0000000000000202 cgf: 002b000000000033 erf: 0000000000000000
 trp: 0000000000000000 msk: 0000000000000000 cr2: 0000000000000000
[end of stack trace]
Calling _exit(1). Core file will not be generated.
[1.140][SEVERE]: Unable to receive message from renderer
[1.207][INFO]: RESPONSE InitSession session not created exception
from disconnected: Unable to receive message from renderer
  (Session info: chrome=63.0.3239.84)
[1.207][DEBUG]: Log type 'driver' lost 1 entries on destruction
[1.207][DEBUG]: Log type 'browser' lost 0 entries on destruction
