[1.249][INFO]: COMMAND InitSession {
   "desiredCapabilities": {
      "browserName": "chrome",
      "chromeOptions": {
         "args": [ "--disable-gpu", "--single-process", "--no-sandbox", "--data-path=/tmp/data-path", "--homedir=/tmp/homedir", "--disk-cache-dir=/tmp", "--disk-cache-size=1", "--media-cache-size=1", "--allow-file-access-from-files", "--enable-logging", "--v=1", "--disable-web-security", "--disable-extensions", "--ignore-certificate-errors", "--disable-ntp-most-likely-favicons-from-server", "--disable-ntp-popular-sites", "--window-size=1366,1024", "--disable-infobars", "--disable-dev-shm-usage", "..." ],
         "binary": "/tmp/chrome-lambda/chrome",
         "prefs": {
            "credentials_enable_service": false,
            "profile": {
               "password_manager_enabled": false
            }
         }
      },
      "count": 1
   }
}
[1.249][INFO]: Populating Preferences file: {
   "alternate_error_pages": {
      "enabled": false
   },
   "autofill": {
      "enabled": false
   },
   "browser": {
      "check_default_browser": false
   },
   "credentials_enable_service": false,
   "distribution": {
      "import_bookmarks": false,
      "import_history": false,
      "import_search_engine": false,
      "make_chrome_default_for_user": false,
      "show_welcome_page": false,
      "skip_first_run_ui": true
   },
   "dns_prefetching": {
      "enabled": false
   },
   "profile": {
      "password_manager_enabled": false
   },
   "safebrowsing": {
      "enabled": false
   },
   "search": {
      "suggest_enabled": false
   },
   "translate": {
      "enabled": false
   }
}
[1.249][INFO]: Populating Local State file: {
   "background_mode": {
      "enabled": false
   },
   "ssl": {
      "rev_checking": {
         "enabled": false
      }
   }
}
[1.250][INFO]: Launching chrome: /tmp/chrome-lambda/chrome --allow-file-access-from-files --data-path=/tmp/data-path --disable-background-networking --disable-browser-side-navigation --disable-client-side-phishing-detection --disable-default-apps --disable-dev-shm-usage --disable-extensions --disable-extensions-except=/tmp/.org.chromium.Chromium.84KfJB/internal --disable-gpu --disable-hang-monitor --disable-infobars --disable-ntp-most-likely-favicons-from-server --disable-ntp-popular-sites --disable-popup-blocking --disable-prompt-on-repost --disable-sync --disable-web-resources --disable-web-security --disk-cache-dir=/tmp --disk-cache-size=1 --enable-automation --enable-logging --enable-precise-memory-info --force-fieldtrials=SiteIsolationExtensions/Control --homedir=/tmp/homedir --ignore-certificate-errors --log-level=0 --media-cache-size=1 --metrics-recording-only --no-first-run --no-sandbox --password-store=basic --remote-debugging-port=12774 --safebrowsing-disable-auto-update --single-process --test-type=webdriver --use-mock-keychain --user-data-dir=/tmp/.org.chromium.Chromium.7YLEfW --v=1 --window-size=1366,1024 data:,
[1.250][DEBUG]: DevTools request: http://localhost:12774/json/version
prctl(PR_SET_NO_NEW_PRIVS) failed
Xlib:  extension "RANDR" missing on display ":99".
[44:49:1018/194450.158663:ERROR:bus.cc(395)] Failed to connect to the bus: Failed to connect to socket /var/run/dbus/system_bus_socket: No such file or directory
Xlib:  extension "RANDR" missing on display ":99".

DevTools listening on ws://127.0.0.1:12774/devtools/browser/6d1bb7a7-d0fd-4a17-bd05-49450edda6e7
[44:74:1018/194451.504820:ERROR:io_thread.cc(730)] Cannot use V8 Proxy resolver in single process mode.
[44:74:1018/194451.506086:ERROR:io_thread.cc(730)] Cannot use V8 Proxy resolver in single process mode.
[2.829][SEVERE]: CreatePlatformSocket() returned an error, errno=1: Operation not permitted (1)
[2.831][DEBUG]: DevTools response: {
   "Browser": "Chrome/63.0.3239.84",
   "Protocol-Version": "1.2",
   "User-Agent": "Mozilla/5.0 (X11; Linux x86_64) AppleWebKit/537.36 (KHTML, like Gecko) Chrome/63.0.3239.84 Safari/537.36",
   "V8-Version": "6.3.292.46",
   "WebKit-Version": "537.36 (@0f53a5abc7a405fbe9f1cfd3db38f2092c8a7816)",
   "webSocketDebuggerUrl": "ws://localhost:12774/devtools/browser/6d1bb7a7-d0fd-4a17-bd05-49450edda6e7"
}

[2.846][DEBUG]: DevTools request: http://localhost:12774/json
[2.847][DEBUG]: DevTools response: [ {
   "description": "",
   "devtoolsFrontendUrl": "/devtools/inspector.html?ws=localhost:12774/devtools/page/(2230505B771CA595BC20D1552FFADEEA)",
   "id": "(2230505B771CA595BC20D1552FFADEEA)",
   "title": "Chrome Automation Extension",
   "type": "background_page",
   "url": "chrome-extension://aapnijgdinlhnhlmodcfapnahmbfebeb/_generated_background_page.html",
   "webSocketDebuggerUrl": "ws://localhost:12774/devtools/page/(2230505B771CA595BC20D1552FFADEEA)"
}, {
   "description": "",
   "devtoolsFrontendUrl": "/devtools/inspector.html?ws=localhost:12774/devtools/page/(E6C5563DA57B9D7E7DC2C8AB4166813C)",
   "id": "(E6C5563DA57B9D7E7DC2C8AB4166813C)",
   "title": "",
   "type": "page",
   "url": "data:,",
   "webSocketDebuggerUrl": "ws://localhost:12774/devtools/page/(E6C5563DA57B9D7E7DC2C8AB4166813C)"
} ]

[2.847][DEBUG]: DevTools request: http://localhost:12774/json
[2.847][DEBUG]: DevTools response: [ {
   "description": "",
   "devtoolsFrontendUrl": "/devtools/inspector.html?ws=localhost:12774/devtools/page/(2230505B771CA595BC20D1552FFADEEA)",
   "id": "(2230505B771CA595BC20D1552FFADEEA)",
   "title": "Chrome Automation Extension",
   "type": "background_page",
   "url": "chrome-extension://aapnijgdinlhnhlmodcfapnahmbfebeb/_generated_background_page.html",
   "webSocketDebuggerUrl": "ws://localhost:12774/devtools/page/(2230505B771CA595BC20D1552FFADEEA)"
}, {
   "description": "",
   "devtoolsFrontendUrl": "/devtools/inspector.html?ws=localhost:12774/devtools/page/(E6C5563DA57B9D7E7DC2C8AB4166813C)",
   "id": "(E6C5563DA57B9D7E7DC2C8AB4166813C)",
   "title": "",
   "type": "page",
   "url": "data:,",
   "webSocketDebuggerUrl": "ws://localhost:12774/devtools/page/(E6C5563DA57B9D7E7DC2C8AB4166813C)"
} ]

[2.852][INFO]: resolved localhost to ["127.0.0.1"]
[2.865][DEBUG]: DEVTOOLS COMMAND Log.enable (id=1) {

}
[2.865][DEBUG]: DEVTOOLS COMMAND DOM.getDocument (id=2) {

}
[2.865][DEBUG]: DEVTOOLS COMMAND Runtime.enable (id=3) {

}
[2.865][DEBUG]: DEVTOOLS COMMAND Page.enable (id=4) {

}
[2.865][DEBUG]: DEVTOOLS COMMAND Page.enable (id=5) {

}
[2.890][DEBUG]: DEVTOOLS RESPONSE Log.enable (id=1) {

}
[2.891][DEBUG]: DEVTOOLS RESPONSE DOM.getDocument (id=2) {
   "root": {
      "backendNodeId": 2,
      "baseURL": "data:,",
      "childNodeCount": 1,
      "children": [ {
         "attributes": [  ],
         "backendNodeId": 3,
         "childNodeCount": 2,
         "children": [ {
            "attributes": [  ],
            "backendNodeId": 4,
            "childNodeCount": 0,
            "localName": "head",
            "nodeId": 3,
            "nodeName": "HEAD",
            "nodeType": 1,
            "nodeValue": "",
            "parentId": 2
         }, {
            "attributes": [  ],
            "backendNodeId": 5,
            "childNodeCount": 1,
            "localName": "body",
            "nodeId": 4,
            "nodeName": "BODY",
            "nodeType": 1,
            "nodeValue": "",
            "parentId": 2
         } ],
         "frameId": "(E6C5563DA57B9D7E7DC2C8AB4166813C)",
         "localName": "html",
         "nodeId": 2,
         "nodeName": "HTML",
         "nodeType": 1,
         "nodeValue": "",
         "parentId": 1
      } ],
      "documentURL": "data:,",
      "localName": "",
      "nodeId": 1,
      "nodeName": "#document",
      "nodeType": 9,
      "nodeValue": "",
      "xmlVersion": ""
   }
}
[2.909][DEBUG]: DEVTOOLS EVENT Runtime.executionContextCreated {
   "context": {
      "auxData": {
         "frameId": "(E6C5563DA57B9D7E7DC2C8AB4166813C)",
         "isDefault": true
      },
      "id": 1,
      "name": "",
      "origin": "://"
   }
}
[2.910][DEBUG]: DEVTOOLS RESPONSE Runtime.enable (id=3) {

}
[2.910][DEBUG]: DEVTOOLS RESPONSE Page.enable (id=4) {

}
[2.911][DEBUG]: DEVTOOLS RESPONSE Page.enable (id=5) {

}
[2.911][DEBUG]: DEVTOOLS COMMAND Page.enable (id=6) {

}
[2.947][DEBUG]: DEVTOOLS EVENT Page.loadEventFired {
   "timestamp": 213.480642
}
[2.947][DEBUG]: DEVTOOLS EVENT Page.lifecycleEvent {
   "frameId": "(E6C5563DA57B9D7E7DC2C8AB4166813C)",
   "name": "load",
   "timestamp": 213.480642
}
[2.948][DEBUG]: DEVTOOLS EVENT Page.frameStoppedLoading {
   "frameId": "(E6C5563DA57B9D7E7DC2C8AB4166813C)"
}
[2.948][DEBUG]: DEVTOOLS EVENT Page.domContentEventFired {
   "timestamp": 213.48128
}
[2.948][DEBUG]: DEVTOOLS EVENT Page.lifecycleEvent {
   "frameId": "(E6C5563DA57B9D7E7DC2C8AB4166813C)",
   "name": "DOMContentLoaded",
   "timestamp": 213.48128
}
[2.948][DEBUG]: DEVTOOLS EVENT DOM.documentUpdated {

}
[2.948][DEBUG]: DEVTOOLS COMMAND DOM.getDocument (id=7) {

}
[2.948][DEBUG]: DEVTOOLS RESPONSE Page.enable (id=6) {

}
[2.989][DEBUG]: DEVTOOLS RESPONSE DOM.getDocument (id=7) {
   "root": {
      "backendNodeId": 2,
      "baseURL": "data:,",
      "childNodeCount": 1,
      "children": [ {
         "attributes": [  ],
         "backendNodeId": 3,
         "childNodeCount": 2,
         "children": [ {
            "attributes": [  ],
            "backendNodeId": 4,
            "childNodeCount": 0,
            "localName": "head",
            "nodeId": 7,
            "nodeName": "HEAD",
            "nodeType": 1,
            "nodeValue": "",
            "parentId": 6
         }, {
            "attributes": [  ],
            "backendNodeId": 5,
            "childNodeCount": 1,
            "localName": "body",
            "nodeId": 8,
            "nodeName": "BODY",
            "nodeType": 1,
            "nodeValue": "",
            "parentId": 6
         } ],
         "frameId": "(E6C5563DA57B9D7E7DC2C8AB4166813C)",
         "localName": "html",
         "nodeId": 6,
         "nodeName": "HTML",
         "nodeType": 1,
         "nodeValue": "",
         "parentId": 5
      } ],
      "documentURL": "data:,",
      "localName": "",
      "nodeId": 5,
      "nodeName": "#document",
      "nodeType": 9,
      "nodeValue": "",
      "xmlVersion": ""
   }
}
[2.989][DEBUG]: DEVTOOLS COMMAND Runtime.enable (id=8) {

}
[2.990][DEBUG]: DEVTOOLS RESPONSE Runtime.enable (id=8) {

}
[2.991][DEBUG]: DEVTOOLS COMMAND Runtime.evaluate (id=9) {
   "expression": "(function() { // Copyright (c) 2012 The Chromium Authors. All rights reserved.\n// Use of this source code is governed by a BSD-style license that can be\n// found in the LICENSE file.\n\n/**\n * Enum f...",
   "returnByValue": true
}
[3.005][DEBUG]: DEVTOOLS RESPONSE Runtime.evaluate (id=9) {
   "result": {
      "type": "object",
      "value": {
         "status": 0,
         "value": 1
      }
   }
}
[3.005][INFO]: RESPONSE InitSession {
   "acceptSslCerts": true,
   "applicationCacheEnabled": false,
   "browserConnectionEnabled": false,
   "browserName": "chrome",
   "chrome": {
      "chromedriverVersion": "2.33.506092 (733a02544d189eeb751fe0d7ddca79a0ee28cce4)",
      "userDataDir": "/tmp/.org.chromium.Chromium.7YLEfW"
   },
   "cssSelectorsEnabled": true,
   "databaseEnabled": false,
   "handlesAlerts": true,
   "hasTouchScreen": false,
   "javascriptEnabled": true,
   "locationContextEnabled": true,
   "mobileEmulationEnabled": false,
   "nativeEvents": true,
   "networkConnectionEnabled": false,
   "pageLoadStrategy": "normal",
   "platform": "Linux",
   "rotatable": false,
   "setWindowRect": true,
   "takesHeapSnapshot": true,
   "~~~": "..."
}
[3.028][INFO]: COMMAND SetTimeout {
   "script": 11000
}
[3.029][INFO]: RESPONSE SetTimeout unknown error: 'ms' must be a double
  (Session info: chrome=63.0.3239.84)
[3.050][INFO]: COMMAND SetTimeout {
   "ms": 11000,
   "type": "script"
}
[3.050][INFO]: RESPONSE SetTimeout
[3.287][INFO]: COMMAND SetTimeout {
   "pageLoad": 30000
}
[3.289][INFO]: RESPONSE SetTimeout unknown error: 'ms' must be a double
  (Session info: chrome=63.0.3239.84)
[3.310][INFO]: COMMAND Quit {

}
[3.363][INFO]: RESPONSE Quit
[3.363][DEBUG]: Log type 'driver' lost 0 entries on destruction
[3.363][DEBUG]: Log type 'browser' lost 0 entries on destruction
