[143:143:1102/205606.428092:VERBOSE1:breakpad_linux.cc(1980)] Breakpad disabled
[143:148:1102/205606.456161:ERROR:bus.cc(395)] Failed to connect to the bus: Failed to connect to socket /var/run/dbus/system_bus_socket: No such file or directory
[143:143:1102/205606.498262:VERBOSE1:pref_proxy_config_tracker_impl.cc(154)] 0x165dc3cc0580: set chrome proxy config service to 0x165dc3d99c00
[143:143:1102/205606.514304:VERBOSE1:pulse_stubs.cc(683)] dlopen(libpulse.so.0) failed, dlerror() says:
libpulse.so.0: cannot open shared object file: No such file or directory
[143:143:1102/205606.514335:VERBOSE1:pulse_util.cc(106)] Failed on loading the Pulse library and symbols
[143:166:1102/205606.523953:ERROR:nss_util.cc(650)] Error initializing NSS with a persistent database (sql:/tmp/homedir/.pki/nssdb): NSS error code: -8023
[143:166:1102/205606.523990:VERBOSE1:nss_util.cc(656)] Initializing NSS without a persistent database.
[143:166:1102/205606.524088:ERROR:nss_util.cc(154)] Error initializing NSS without a persistent database: NSS error code: -8023
[143:143:1102/205606.525938:VERBOSE1:mutable_profile_oauth2_token_service_delegate.cc(162)] MutablePO2TS::MutablePO2TS
[143:143:1102/205606.526116:VERBOSE1:device_event_log_impl.cc(158)] [20:56:06.526] Bluetooth: EVENT: bluetooth_api.cc:68 BluetoothAPI: 0x165dc3e22400
[143:143:1102/205606.526369:VERBOSE1:bluetooth_low_energy_event_router.cc(248)] Initializing BluetoothLowEnergyEventRouter.
[143:143:1102/205606.547472:VERBOSE1:pref_proxy_config_tracker_impl.cc(154)] 0x165dc3f152c0: set chrome proxy config service to 0x165dc3e3b000
[143:143:1102/205606.549564:VERBOSE1:extension_service.cc(1403)] AddComponentExtension Cloud Print
[143:143:1102/205606.549580:VERBOSE1:extension_service.cc(1405)] Component extension Cloud Print (mfehgcgbbipciphmccgaenjidiccnmng) installing/upgrading from '' to 0.1
[143:143:1102/205606.550178:VERBOSE1:extension_service.cc(1403)] AddComponentExtension Web Store
[143:143:1102/205606.550192:VERBOSE1:extension_service.cc(1405)] Component extension Web Store (ahfgeienlihckogmohjhadlkjgocpleb) installing/upgrading from '' to 0.2
[143:143:1102/205606.550641:VERBOSE1:extension_service.cc(1403)] AddComponentExtension Chromium PDF Viewer
[143:143:1102/205606.550655:VERBOSE1:extension_service.cc(1405)] Component extension Chromium PDF Viewer (mhjfbmdgcfjbbpaeojofohoefgiehjai) installing/upgrading from '' to 1
[143:143:1102/205606.568518:VERBOSE1:account_reconcilor.cc(88)] AccountReconcilor::AccountReconcilor
[143:143:1102/205606.568534:VERBOSE1:account_reconcilor.cc(99)] AccountReconcilor::Initialize
[143:155:1102/205606.571971:VERBOSE1:component_installer.cc(244)] StartRegistration for Signed Tree Heads
[143:143:1102/205606.572089:VERBOSE1:file_type_policies_component_installer.cc(129)] Registering File Type Policies component.
[143:154:1102/205606.586099:VERBOSE1:component_installer.cc(244)] StartRegistration for Origin Trials
[143:154:1102/205606.586220:VERBOSE1:component_installer.cc(244)] StartRegistration for File Type Policies
[143:155:1102/205606.586298:VERBOSE1:component_installer.cc(244)] StartRegistration for SSL Error Assistant
[143:143:1102/205606.610238:WARNING:password_store_factory.cc(241)] Using basic (unencrypted) store for password storage. See https://chromium.googlesource.com/chromium/src/+/master/docs/linux_password_storage.md for more information about password storage options.
[143:143:1102/205606.669311:VERBOSE1:bluez_dbus_manager.cc(172)] Bluetooth not supported.
[143:143:1102/205606.687966:VERBOSE1:component_updater_service.cc(91)] CrxUpdateService starting up. First update attempt will take place in 360 seconds. Next update attempt will take place in 18000 seconds. 
[143:177:1102/205606.688395:WARNING:histograms.cc(40)] Started multiple compositor clients (Browser, Renderer) in one process. Some metrics will be disabled.
[143:143:1102/205606.689650:VERBOSE1:component_installer.cc(378)] FinishRegistration for Signed Tree Heads
[143:143:1102/205606.689673:VERBOSE1:component_installer.cc(378)] FinishRegistration for Origin Trials
[143:143:1102/205606.689693:VERBOSE1:component_installer.cc(378)] FinishRegistration for File Type Policies
[143:143:1102/205606.689713:VERBOSE1:component_installer.cc(378)] FinishRegistration for SSL Error Assistant
[143:166:1102/205606.528717:FATAL:nss_util.cc(156)] nss_error=-8023, os_error=0
#0 0x55ca4be24a87 base::debug::StackTrace::StackTrace()
#1 0x55ca4be3b221 logging::LogMessage::~LogMessage()
#2 0x55ca4c6f0b43 base::LazyInstance<>::Get()
#3 0x55ca4c519bb5 net::CertDatabase::GetInstance()
#4 0x55ca4c6587d8 net::ClientSocketFactory::GetDefaultFactory()
#5 0x55ca4c571ac8 net::DnsClient::CreateClient()
#6 0x55ca4bc0564a chrome_browser_net::DnsProbeService::SetSystemClientToCurrentConfig()
#7 0x55ca4bc055b2 chrome_browser_net::DnsProbeService::DnsProbeService()
#8 0x55ca4bbd089d IOThread::Init()
#9 0x55ca4ac8e95d content::BrowserProcessSubThread::Init()
#10 0x55ca4be8ac07 base::Thread::ThreadMain()
#11 0x55ca4be85ea3 base::(anonymous namespace)::ThreadFunc()
#12 0x7ffbf56f6de5 start_thread
#13 0x7ffbef83c30d __clone

