[47:47:1018/203842.795259:VERBOSE1:breakpad_linux.cc(1980)] Breakpad disabled
[47:56:1018/203842.864582:ERROR:bus.cc(395)] Failed to connect to the bus: Failed to connect to socket /var/run/dbus/system_bus_socket: No such file or directory
[47:47:1018/203842.990427:VERBOSE1:pref_proxy_config_tracker_impl.cc(154)] 0x3bc172422580: set chrome proxy config service to 0x3bc1724fbc00
[47:47:1018/203843.009425:VERBOSE1:pulse_stubs.cc(683)] dlopen(libpulse.so.0) failed, dlerror() says:
libpulse.so.0: cannot open shared object file: No such file or directory
[47:47:1018/203843.009471:VERBOSE1:pulse_util.cc(106)] Failed on loading the Pulse library and symbols
[47:47:1018/203843.039700:VERBOSE1:mutable_profile_oauth2_token_service_delegate.cc(162)] MutablePO2TS::MutablePO2TS
[47:47:1018/203843.044862:VERBOSE1:device_event_log_impl.cc(158)] [20:38:43.044] Bluetooth: EVENT: bluetooth_api.cc:68 BluetoothAPI: 0x3bc172580400
[47:47:1018/203843.047202:VERBOSE1:bluetooth_low_energy_event_router.cc(248)] Initializing BluetoothLowEnergyEventRouter.
[47:47:1018/203843.089736:VERBOSE1:pref_proxy_config_tracker_impl.cc(154)] 0x3bc172698000: set chrome proxy config service to 0x3bc17257b180
[47:47:1018/203843.112851:VERBOSE1:extension_service.cc(1403)] AddComponentExtension Cloud Print
[47:47:1018/203843.112875:VERBOSE1:extension_service.cc(1405)] Component extension Cloud Print (mfehgcgbbipciphmccgaenjidiccnmng) installing/upgrading from '' to 0.1
[47:47:1018/203843.113576:VERBOSE1:extension_service.cc(1403)] AddComponentExtension Web Store
[47:47:1018/203843.113599:VERBOSE1:extension_service.cc(1405)] Component extension Web Store (ahfgeienlihckogmohjhadlkjgocpleb) installing/upgrading from '' to 0.2
[47:47:1018/203843.114251:VERBOSE1:extension_service.cc(1403)] AddComponentExtension Chromium PDF Viewer
[47:47:1018/203843.114272:VERBOSE1:extension_service.cc(1405)] Component extension Chromium PDF Viewer (mhjfbmdgcfjbbpaeojofohoefgiehjai) installing/upgrading from '' to 1
[47:47:1018/203843.140522:VERBOSE1:account_reconcilor.cc(88)] AccountReconcilor::AccountReconcilor
[47:47:1018/203843.140546:VERBOSE1:account_reconcilor.cc(99)] AccountReconcilor::Initialize
[47:47:1018/203843.143575:VERBOSE1:file_type_policies_component_installer.cc(129)] Registering File Type Policies component.
[47:61:1018/203843.155424:VERBOSE1:component_installer.cc(244)] StartRegistration for Signed Tree Heads
[47:61:1018/203843.155579:VERBOSE1:component_installer.cc(244)] StartRegistration for Origin Trials
[47:61:1018/203843.155677:VERBOSE1:component_installer.cc(244)] StartRegistration for File Type Policies
[47:61:1018/203843.155774:VERBOSE1:component_installer.cc(244)] StartRegistration for SSL Error Assistant
[47:47:1018/203843.205745:WARNING:password_store_factory.cc(241)] Using basic (unencrypted) store for password storage. See https://chromium.googlesource.com/chromium/src/+/master/docs/linux_password_storage.md for more information about password storage options.
[47:85:1018/203843.282335:WARNING:histograms.cc(40)] Started multiple compositor clients (Browser, Renderer) in one process. Some metrics will be disabled.
[47:47:1018/203843.308658:VERBOSE1:bluez_dbus_manager.cc(172)] Bluetooth not supported.
[47:47:1018/203843.315003:VERBOSE1:component_updater_service.cc(91)] CrxUpdateService starting up. First update attempt will take place in 360 seconds. Next update attempt will take place in 18000 seconds. 
[47:47:1018/203843.315032:VERBOSE1:component_installer.cc(378)] FinishRegistration for Signed Tree Heads
[47:47:1018/203843.315065:VERBOSE1:component_installer.cc(378)] FinishRegistration for Origin Trials
[47:47:1018/203843.315086:VERBOSE1:component_installer.cc(378)] FinishRegistration for File Type Policies
[47:47:1018/203843.315117:VERBOSE1:component_installer.cc(378)] FinishRegistration for SSL Error Assistant
[47:74:1018/203843.563175:VERBOSE1:multi_log_ct_verifier.cc(75)] Adding CT log: Google 'Aviator' log
[47:74:1018/203843.563195:VERBOSE1:multi_log_ct_verifier.cc(75)] Adding CT log: Google 'Icarus' log
[47:74:1018/203843.563203:VERBOSE1:multi_log_ct_verifier.cc(75)] Adding CT log: Google 'Pilot' log
[47:74:1018/203843.563217:VERBOSE1:multi_log_ct_verifier.cc(75)] Adding CT log: Google 'Rocketeer' log
[47:74:1018/203843.563224:VERBOSE1:multi_log_ct_verifier.cc(75)] Adding CT log: Google 'Skydiver' log
[47:74:1018/203843.563231:VERBOSE1:multi_log_ct_verifier.cc(75)] Adding CT log: DigiCert Log Server
[47:74:1018/203843.563238:VERBOSE1:multi_log_ct_verifier.cc(75)] Adding CT log: DigiCert Log Server 2
[47:74:1018/203843.563245:VERBOSE1:multi_log_ct_verifier.cc(75)] Adding CT log: Symantec log
[47:74:1018/203843.563252:VERBOSE1:multi_log_ct_verifier.cc(75)] Adding CT log: Symantec 'Vega' log
[47:74:1018/203843.563259:VERBOSE1:multi_log_ct_verifier.cc(75)] Adding CT log: Symantec 'Sirius' log
[47:74:1018/203843.563267:VERBOSE1:multi_log_ct_verifier.cc(75)] Adding CT log: WoSign log
[47:74:1018/203843.563274:VERBOSE1:multi_log_ct_verifier.cc(75)] Adding CT log: Venafi Gen2 CT log
[47:74:1018/203843.563281:VERBOSE1:multi_log_ct_verifier.cc(75)] Adding CT log: CNNIC CT log
[47:74:1018/203843.563288:VERBOSE1:multi_log_ct_verifier.cc(75)] Adding CT log: StartCom log
[47:74:1018/203843.563294:VERBOSE1:multi_log_ct_verifier.cc(75)] Adding CT log: Comodo 'Sabre' CT log
[47:74:1018/203843.563301:VERBOSE1:multi_log_ct_verifier.cc(75)] Adding CT log: Comodo 'Mammoth' CT log
[47:74:1018/203843.563308:VERBOSE1:multi_log_ct_verifier.cc(75)] Adding CT log: Izenpe log
[47:74:1018/203843.563314:VERBOSE1:multi_log_ct_verifier.cc(75)] Adding CT log: Venafi log
[47:74:1018/203843.563321:VERBOSE1:multi_log_ct_verifier.cc(75)] Adding CT log: Certly.IO log
[47:74:1018/203843.563331:ERROR:io_thread.cc(730)] Cannot use V8 Proxy resolver in single process mode.
[47:74:1018/203843.563465:VERBOSE1:proxy_service.cc(958)] PAC support disabled because there is no system implementation
[47:74:1018/203843.572724:ERROR:io_thread.cc(730)] Cannot use V8 Proxy resolver in single process mode.
[47:74:1018/203843.572759:VERBOSE1:multi_log_ct_verifier.cc(75)] Adding CT log: Google 'Aviator' log
[47:74:1018/203843.572773:VERBOSE1:multi_log_ct_verifier.cc(75)] Adding CT log: Google 'Icarus' log
[47:74:1018/203843.572785:VERBOSE1:multi_log_ct_verifier.cc(75)] Adding CT log: Google 'Pilot' log
[47:74:1018/203843.572796:VERBOSE1:multi_log_ct_verifier.cc(75)] Adding CT log: Google 'Rocketeer' log
[47:74:1018/203843.572808:VERBOSE1:multi_log_ct_verifier.cc(75)] Adding CT log: Google 'Skydiver' log
[47:74:1018/203843.572819:VERBOSE1:multi_log_ct_verifier.cc(75)] Adding CT log: DigiCert Log Server
[47:74:1018/203843.572831:VERBOSE1:multi_log_ct_verifier.cc(75)] Adding CT log: DigiCert Log Server 2
[47:74:1018/203843.572843:VERBOSE1:multi_log_ct_verifier.cc(75)] Adding CT log: Symantec log
[47:74:1018/203843.572855:VERBOSE1:multi_log_ct_verifier.cc(75)] Adding CT log: Symantec 'Vega' log
[47:74:1018/203843.572867:VERBOSE1:multi_log_ct_verifier.cc(75)] Adding CT log: Symantec 'Sirius' log
[47:74:1018/203843.572879:VERBOSE1:multi_log_ct_verifier.cc(75)] Adding CT log: WoSign log
[47:74:1018/203843.572890:VERBOSE1:multi_log_ct_verifier.cc(75)] Adding CT log: Venafi Gen2 CT log
[47:74:1018/203843.572902:VERBOSE1:multi_log_ct_verifier.cc(75)] Adding CT log: CNNIC CT log
[47:74:1018/203843.572914:VERBOSE1:multi_log_ct_verifier.cc(75)] Adding CT log: StartCom log
[47:74:1018/203843.572926:VERBOSE1:multi_log_ct_verifier.cc(75)] Adding CT log: Comodo 'Sabre' CT log
[47:74:1018/203843.572988:VERBOSE1:multi_log_ct_verifier.cc(75)] Adding CT log: Comodo 'Mammoth' CT log
[47:74:1018/203843.573005:VERBOSE1:multi_log_ct_verifier.cc(75)] Adding CT log: Izenpe log
[47:74:1018/203843.573017:VERBOSE1:multi_log_ct_verifier.cc(75)] Adding CT log: Venafi log
[47:74:1018/203843.573029:VERBOSE1:multi_log_ct_verifier.cc(75)] Adding CT log: Certly.IO log
[47:74:1018/203843.573152:VERBOSE1:proxy_service.cc(958)] PAC support disabled because there is no system implementation
[47:74:1018/203843.575190:VERBOSE1:network_delegate.cc(30)] NetworkDelegate::NotifyBeforeURLRequest: https://www.gstatic.com/chrome/intelligence/assist/ranker/models/translate/2017/03/translate_ranker_model_20170329.pb.bin
[47:74:1018/203843.575223:VERBOSE1:network_delegate.cc(30)] NetworkDelegate::NotifyBeforeURLRequest: https://www.gstatic.com/chrome/intelligence/assist/ranker/models/translate/2017/03/translate_ranker_model_20170329.pb.bin
[47:74:1018/203843.676298:VERBOSE1:network_delegate.cc(30)] NetworkDelegate::NotifyBeforeURLRequest: chrome-extension://aapnijgdinlhnhlmodcfapnahmbfebeb/_generated_background_page.html
[47:74:1018/203843.676325:VERBOSE1:network_delegate.cc(30)] NetworkDelegate::NotifyBeforeURLRequest: chrome-extension://aapnijgdinlhnhlmodcfapnahmbfebeb/_generated_background_page.html
[47:74:1018/203843.676342:VERBOSE1:network_delegate.cc(30)] NetworkDelegate::NotifyBeforeURLRequest: chrome-extension://aapnijgdinlhnhlmodcfapnahmbfebeb/_generated_background_page.html
[47:85:1018/203843.698402:VERBOSE1:LocalWindowProxy.cpp(236)] A context is created NOT from snapshot
[47:85:1018/203843.698965:VERBOSE1:script_context.cc(111)] Created context:
  extension id:           (none)
  frame:                  0x18d0f06a1d18
  URL:                    
  context_type:           WEB_PAGE
  effective extension id: (none)
  effective context type: WEB_PAGE
[47:85:1018/203843.699586:VERBOSE1:script_context.cc(111)] Created context:
  extension id:           (none)
  frame:                  (nil)
  URL:                    
  context_type:           UNSPECIFIED
  effective extension id: (none)
  effective context type: UNSPECIFIED
[47:85:1018/203843.700279:VERBOSE1:dispatcher.cc(366)] Num tracked contexts: 1
[47:74:1018/203843.713580:VERBOSE1:network_delegate.cc(30)] NetworkDelegate::NotifyBeforeURLRequest: chrome-extension://aapnijgdinlhnhlmodcfapnahmbfebeb/background.js
[47:74:1018/203843.713605:VERBOSE1:network_delegate.cc(30)] NetworkDelegate::NotifyBeforeURLRequest: chrome-extension://aapnijgdinlhnhlmodcfapnahmbfebeb/background.js
[47:74:1018/203843.713621:VERBOSE1:network_delegate.cc(30)] NetworkDelegate::NotifyBeforeURLRequest: chrome-extension://aapnijgdinlhnhlmodcfapnahmbfebeb/background.js
[47:85:1018/203843.715674:VERBOSE1:LocalWindowProxy.cpp(236)] A context is created NOT from snapshot
[47:85:1018/203843.716078:VERBOSE1:script_context.cc(111)] Created context:
  extension id:           aapnijgdinlhnhlmodcfapnahmbfebeb
  frame:                  0x18d0f06ae920
  URL:                    
  context_type:           BLESSED_EXTENSION
  effective extension id: aapnijgdinlhnhlmodcfapnahmbfebeb
  effective context type: BLESSED_EXTENSION
[47:85:1018/203843.716201:VERBOSE1:script_context.cc(111)] Created context:
  extension id:           (none)
  frame:                  (nil)
  URL:                    
  context_type:           UNSPECIFIED
  effective extension id: (none)
  effective context type: UNSPECIFIED
[47:85:1018/203843.744095:VERBOSE1:dispatcher.cc(366)] Num tracked contexts: 2
[47:85:1018/203843.753228:VERBOSE1:language_detection_util.cc(234)] Detected language: und
