[44:44:1016/145156.854636:VERBOSE1:breakpad_linux.cc(1980)] Breakpad disabled
[44:56:1016/145157.213921:ERROR:bus.cc(395)] Failed to connect to the bus: Failed to connect to socket /var/run/dbus/system_bus_socket: No such file or directory
[44:44:1016/145157.257984:VERBOSE1:pref_proxy_config_tracker_impl.cc(154)] 0x2746ce3cc580: set chrome proxy config service to 0x2746ce4a5c00
[44:44:1016/145157.290899:VERBOSE1:pulse_stubs.cc(683)] dlopen(libpulse.so.0) failed, dlerror() says:
libpulse.so.0: cannot open shared object file: No such file or directory
[44:44:1016/145157.290932:VERBOSE1:pulse_util.cc(106)] Failed on loading the Pulse library and symbols
[44:44:1016/145157.321011:VERBOSE1:mutable_profile_oauth2_token_service_delegate.cc(162)] MutablePO2TS::MutablePO2TS
[44:44:1016/145157.321153:VERBOSE1:device_event_log_impl.cc(158)] [14:51:57.321] Bluetooth: EVENT: bluetooth_api.cc:68 BluetoothAPI: 0x2746ce522200
[44:44:1016/145157.331287:VERBOSE1:bluetooth_low_energy_event_router.cc(248)] Initializing BluetoothLowEnergyEventRouter.
[44:44:1016/145157.381886:VERBOSE1:pref_proxy_config_tracker_impl.cc(154)] 0x2746ce6382c0: set chrome proxy config service to 0x2746ce542000
[44:44:1016/145157.385440:VERBOSE1:extension_service.cc(1403)] AddComponentExtension Cloud Print
[44:44:1016/145157.385461:VERBOSE1:extension_service.cc(1405)] Component extension Cloud Print (mfehgcgbbipciphmccgaenjidiccnmng) installing/upgrading from '' to 0.1
[44:44:1016/145157.386106:VERBOSE1:extension_service.cc(1403)] AddComponentExtension Web Store
[44:44:1016/145157.386124:VERBOSE1:extension_service.cc(1405)] Component extension Web Store (ahfgeienlihckogmohjhadlkjgocpleb) installing/upgrading from '' to 0.2
[44:44:1016/145157.386726:VERBOSE1:extension_service.cc(1403)] AddComponentExtension Chromium PDF Viewer
[44:44:1016/145157.386745:VERBOSE1:extension_service.cc(1405)] Component extension Chromium PDF Viewer (mhjfbmdgcfjbbpaeojofohoefgiehjai) installing/upgrading from '' to 1
[44:44:1016/145157.414112:VERBOSE1:account_reconcilor.cc(88)] AccountReconcilor::AccountReconcilor
[44:44:1016/145157.414134:VERBOSE1:account_reconcilor.cc(99)] AccountReconcilor::Initialize
[44:62:1016/145157.434809:VERBOSE1:component_installer.cc(244)] StartRegistration for Signed Tree Heads
[44:62:1016/145157.435254:VERBOSE1:component_installer.cc(244)] StartRegistration for Origin Trials
[44:44:1016/145157.435367:VERBOSE1:file_type_policies_component_installer.cc(129)] Registering File Type Policies component.
[44:62:1016/145157.435418:VERBOSE1:component_installer.cc(244)] StartRegistration for File Type Policies
[44:62:1016/145157.435553:VERBOSE1:component_installer.cc(244)] StartRegistration for SSL Error Assistant
[44:44:1016/145157.513821:WARNING:password_store_factory.cc(241)] Using basic (unencrypted) store for password storage. See https://chromium.googlesource.com/chromium/src/+/master/docs/linux_password_storage.md for more information about password storage options.
[44:44:1016/145157.595216:VERBOSE1:bluez_dbus_manager.cc(172)] Bluetooth not supported.
[44:85:1016/145157.598379:WARNING:histograms.cc(40)] Started multiple compositor clients (Browser, Renderer) in one process. Some metrics will be disabled.
[44:44:1016/145157.602748:VERBOSE1:component_updater_service.cc(91)] CrxUpdateService starting up. First update attempt will take place in 360 seconds. Next update attempt will take place in 18000 seconds. 
[44:44:1016/145157.602794:VERBOSE1:component_installer.cc(378)] FinishRegistration for Signed Tree Heads
[44:44:1016/145157.602830:VERBOSE1:component_installer.cc(378)] FinishRegistration for Origin Trials
[44:44:1016/145157.605745:VERBOSE1:component_installer.cc(378)] FinishRegistration for File Type Policies
[44:44:1016/145157.606166:VERBOSE1:component_installer.cc(378)] FinishRegistration for SSL Error Assistant
[44:74:1016/145157.784315:VERBOSE1:multi_log_ct_verifier.cc(75)] Adding CT log: Google 'Aviator' log
[44:74:1016/145157.784339:VERBOSE1:multi_log_ct_verifier.cc(75)] Adding CT log: Google 'Icarus' log
[44:74:1016/145157.784352:VERBOSE1:multi_log_ct_verifier.cc(75)] Adding CT log: Google 'Pilot' log
[44:74:1016/145157.784376:VERBOSE1:multi_log_ct_verifier.cc(75)] Adding CT log: Google 'Rocketeer' log
[44:74:1016/145157.784389:VERBOSE1:multi_log_ct_verifier.cc(75)] Adding CT log: Google 'Skydiver' log
[44:74:1016/145157.784402:VERBOSE1:multi_log_ct_verifier.cc(75)] Adding CT log: DigiCert Log Server
[44:74:1016/145157.784414:VERBOSE1:multi_log_ct_verifier.cc(75)] Adding CT log: DigiCert Log Server 2
[44:74:1016/145157.784428:VERBOSE1:multi_log_ct_verifier.cc(75)] Adding CT log: Symantec log
[44:74:1016/145157.784436:VERBOSE1:multi_log_ct_verifier.cc(75)] Adding CT log: Symantec 'Vega' log
[44:74:1016/145157.784443:VERBOSE1:multi_log_ct_verifier.cc(75)] Adding CT log: Symantec 'Sirius' log
[44:74:1016/145157.784450:VERBOSE1:multi_log_ct_verifier.cc(75)] Adding CT log: WoSign log
[44:74:1016/145157.784456:VERBOSE1:multi_log_ct_verifier.cc(75)] Adding CT log: Venafi Gen2 CT log
[44:74:1016/145157.784463:VERBOSE1:multi_log_ct_verifier.cc(75)] Adding CT log: CNNIC CT log
[44:74:1016/145157.784471:VERBOSE1:multi_log_ct_verifier.cc(75)] Adding CT log: StartCom log
[44:74:1016/145157.784477:VERBOSE1:multi_log_ct_verifier.cc(75)] Adding CT log: Comodo 'Sabre' CT log
[44:74:1016/145157.784484:VERBOSE1:multi_log_ct_verifier.cc(75)] Adding CT log: Comodo 'Mammoth' CT log
[44:74:1016/145157.784491:VERBOSE1:multi_log_ct_verifier.cc(75)] Adding CT log: Izenpe log
[44:74:1016/145157.784497:VERBOSE1:multi_log_ct_verifier.cc(75)] Adding CT log: Venafi log
[44:74:1016/145157.784504:VERBOSE1:multi_log_ct_verifier.cc(75)] Adding CT log: Certly.IO log
[44:74:1016/145157.784514:ERROR:io_thread.cc(730)] Cannot use V8 Proxy resolver in single process mode.
[44:74:1016/145157.784643:VERBOSE1:proxy_service.cc(958)] PAC support disabled because there is no system implementation
[44:74:1016/145157.791730:ERROR:io_thread.cc(730)] Cannot use V8 Proxy resolver in single process mode.
[44:74:1016/145157.791764:VERBOSE1:multi_log_ct_verifier.cc(75)] Adding CT log: Google 'Aviator' log
[44:74:1016/145157.791778:VERBOSE1:multi_log_ct_verifier.cc(75)] Adding CT log: Google 'Icarus' log
[44:74:1016/145157.791790:VERBOSE1:multi_log_ct_verifier.cc(75)] Adding CT log: Google 'Pilot' log
[44:74:1016/145157.791802:VERBOSE1:multi_log_ct_verifier.cc(75)] Adding CT log: Google 'Rocketeer' log
[44:74:1016/145157.791815:VERBOSE1:multi_log_ct_verifier.cc(75)] Adding CT log: Google 'Skydiver' log
[44:74:1016/145157.791827:VERBOSE1:multi_log_ct_verifier.cc(75)] Adding CT log: DigiCert Log Server
[44:74:1016/145157.791839:VERBOSE1:multi_log_ct_verifier.cc(75)] Adding CT log: DigiCert Log Server 2
[44:74:1016/145157.791852:VERBOSE1:multi_log_ct_verifier.cc(75)] Adding CT log: Symantec log
[44:74:1016/145157.791865:VERBOSE1:multi_log_ct_verifier.cc(75)] Adding CT log: Symantec 'Vega' log
[44:74:1016/145157.791877:VERBOSE1:multi_log_ct_verifier.cc(75)] Adding CT log: Symantec 'Sirius' log
[44:74:1016/145157.791890:VERBOSE1:multi_log_ct_verifier.cc(75)] Adding CT log: WoSign log
[44:74:1016/145157.791903:VERBOSE1:multi_log_ct_verifier.cc(75)] Adding CT log: Venafi Gen2 CT log
[44:74:1016/145157.791915:VERBOSE1:multi_log_ct_verifier.cc(75)] Adding CT log: CNNIC CT log
[44:74:1016/145157.791929:VERBOSE1:multi_log_ct_verifier.cc(75)] Adding CT log: StartCom log
[44:74:1016/145157.791942:VERBOSE1:multi_log_ct_verifier.cc(75)] Adding CT log: Comodo 'Sabre' CT log
[44:74:1016/145157.791954:VERBOSE1:multi_log_ct_verifier.cc(75)] Adding CT log: Comodo 'Mammoth' CT log
[44:74:1016/145157.791966:VERBOSE1:multi_log_ct_verifier.cc(75)] Adding CT log: Izenpe log
[44:74:1016/145157.791978:VERBOSE1:multi_log_ct_verifier.cc(75)] Adding CT log: Venafi log
[44:74:1016/145157.791990:VERBOSE1:multi_log_ct_verifier.cc(75)] Adding CT log: Certly.IO log
[44:74:1016/145157.792967:VERBOSE1:proxy_service.cc(958)] PAC support disabled because there is no system implementation
[44:74:1016/145157.796035:VERBOSE1:network_delegate.cc(30)] NetworkDelegate::NotifyBeforeURLRequest: https://www.gstatic.com/chrome/intelligence/assist/ranker/models/translate/2017/03/translate_ranker_model_20170329.pb.bin
[44:74:1016/145157.796213:VERBOSE1:network_delegate.cc(30)] NetworkDelegate::NotifyBeforeURLRequest: https://www.gstatic.com/chrome/intelligence/assist/ranker/models/translate/2017/03/translate_ranker_model_20170329.pb.bin
[44:74:1016/145157.872632:VERBOSE1:network_delegate.cc(30)] NetworkDelegate::NotifyBeforeURLRequest: chrome-extension://aapnijgdinlhnhlmodcfapnahmbfebeb/_generated_background_page.html
[44:74:1016/145157.872663:VERBOSE1:network_delegate.cc(30)] NetworkDelegate::NotifyBeforeURLRequest: chrome-extension://aapnijgdinlhnhlmodcfapnahmbfebeb/_generated_background_page.html
[44:74:1016/145157.872680:VERBOSE1:network_delegate.cc(30)] NetworkDelegate::NotifyBeforeURLRequest: chrome-extension://aapnijgdinlhnhlmodcfapnahmbfebeb/_generated_background_page.html
[44:85:1016/145157.914300:VERBOSE1:LocalWindowProxy.cpp(236)] A context is created NOT from snapshot
[44:85:1016/145157.917479:VERBOSE1:script_context.cc(111)] Created context:
  extension id:           (none)
  frame:                  0x812c2341d18
  URL:                    
  context_type:           WEB_PAGE
  effective extension id: (none)
  effective context type: WEB_PAGE
[44:85:1016/145157.921164:VERBOSE1:script_context.cc(111)] Created context:
  extension id:           (none)
  frame:                  (nil)
  URL:                    
  context_type:           UNSPECIFIED
  effective extension id: (none)
  effective context type: UNSPECIFIED
[44:85:1016/145157.922229:VERBOSE1:dispatcher.cc(366)] Num tracked contexts: 1
[44:74:1016/145157.945453:VERBOSE1:network_delegate.cc(30)] NetworkDelegate::NotifyBeforeURLRequest: chrome-extension://aapnijgdinlhnhlmodcfapnahmbfebeb/background.js
[44:74:1016/145157.945472:VERBOSE1:network_delegate.cc(30)] NetworkDelegate::NotifyBeforeURLRequest: chrome-extension://aapnijgdinlhnhlmodcfapnahmbfebeb/background.js
[44:74:1016/145157.945482:VERBOSE1:network_delegate.cc(30)] NetworkDelegate::NotifyBeforeURLRequest: chrome-extension://aapnijgdinlhnhlmodcfapnahmbfebeb/background.js
[44:85:1016/145157.961301:VERBOSE1:LocalWindowProxy.cpp(236)] A context is created NOT from snapshot
[44:85:1016/145157.961796:VERBOSE1:script_context.cc(111)] Created context:
  extension id:           aapnijgdinlhnhlmodcfapnahmbfebeb
  frame:                  0x812c234e920
  URL:                    
  context_type:           BLESSED_EXTENSION
  effective extension id: aapnijgdinlhnhlmodcfapnahmbfebeb
  effective context type: BLESSED_EXTENSION
[44:85:1016/145157.961930:VERBOSE1:script_context.cc(111)] Created context:
  extension id:           (none)
  frame:                  (nil)
  URL:                    
  context_type:           UNSPECIFIED
  effective extension id: (none)
  effective context type: UNSPECIFIED
[44:85:1016/145157.999737:VERBOSE1:dispatcher.cc(366)] Num tracked contexts: 2
[44:85:1016/145158.012754:VERBOSE1:language_detection_util.cc(234)] Detected language: und
